Precompiling packages...
    QaoaXorsat Being precompiled by another process (pid: 0, pidfile: /home/stephenjordan_google_com/.julia/compiled/v1.12/QaoaXorsat/qgVWo_H0iNu.ji.pidfile)
  61491.4 ms  ✓ QaoaXorsat
  1 dependency successfully precompiled in 67 seconds. 52 already precompiled.
preserved run_id=20260401T022606-k4-d5-p11-15-r2-i320-s1234
preserved directory=/home/stephenjordan_google_com/qaoa-xorsat/scripts/../.project/results/optimization/runs/20260401T022606-k4-d5-p11-15-r2-i320-s1234
resuming from: /home/stephenjordan_google_com/qaoa-xorsat/.project/results/optimization/runs/20260331T232833-k4-d5-p1-15-r2-i320-s1234
warm-start from p=10: c̃=0.855868795843
[ Info: JIT warmup...
[ Info: JIT warmup complete, starting sweep
  p=11 start 1: 3 evals, 31.5s elapsed, c̃=0.5254287443, g_norm=2.49e-01
  p=11 start 1: 5 evals, 63.0s elapsed, c̃=0.7377912260, g_norm=7.66e-01
  p=11 start 1: 7 evals, 94.4s elapsed, c̃=0.8581652606, g_norm=1.79e-01
  p=11 start 1: 9 evals, 126.1s elapsed, c̃=0.8584359881, g_norm=3.58e-02
  p=11 start 1: 11 evals, 156.8s elapsed, c̃=0.8594114821, g_norm=2.47e-02
  p=11 start 1: 13 evals, 187.4s elapsed, c̃=0.8591180199, g_norm=2.77e-02
  p=11 start 1: 15 evals, 218.1s elapsed, c̃=0.8589948381, g_norm=3.03e-02
  p=11 start 1: 17 evals, 249.5s elapsed, c̃=0.8595138817, g_norm=2.44e-02
  p=11 start 1: 19 evals, 280.7s elapsed, c̃=0.8584879583, g_norm=2.47e-02
  p=11 start 1: 21 evals, 312.3s elapsed, c̃=0.8594855901, g_norm=2.67e-02
  p=11 start 1: 23 evals, 343.9s elapsed, c̃=0.8592746902, g_norm=2.24e-02
  p=11 start 1: 25 evals, 375.3s elapsed, c̃=0.8588166371, g_norm=2.25e-02
  p=11 start 1: 27 evals, 407.3s elapsed, c̃=0.8591940674, g_norm=2.03e-02
  p=11 start 1: 29 evals, 438.8s elapsed, c̃=0.8588161423, g_norm=2.46e-02
  p=11 start 1: 31 evals, 470.5s elapsed, c̃=0.8594420395, g_norm=2.31e-02
  p=11 start 1: 33 evals, 501.9s elapsed, c̃=0.8587705609, g_norm=2.30e-02
  p=11 start 1: 35 evals, 532.8s elapsed, c̃=0.8588306587, g_norm=2.08e-02
  p=11 start 1: 37 evals, 563.8s elapsed, c̃=0.8591897948, g_norm=2.39e-02
  p=11 start 1: 39 evals, 594.6s elapsed, c̃=0.8590303804, g_norm=2.12e-02
  p=11 start 1: 41 evals, 625.5s elapsed, c̃=0.8592574888, g_norm=2.42e-02
  p=11 start 1: 43 evals, 657.5s elapsed, c̃=0.8593010407, g_norm=2.42e-02
  p=11 start 1: 45 evals, 688.8s elapsed, c̃=0.8586784110, g_norm=2.60e-02
  p=11 start 1: 47 evals, 719.9s elapsed, c̃=0.8598473086, g_norm=2.40e-02
  p=11 start 1: 49 evals, 751.2s elapsed, c̃=0.8588433713, g_norm=2.35e-02
  p=11 start 1: 51 evals, 782.8s elapsed, c̃=0.8590733937, g_norm=2.53e-02
  p=11 start 1: 53 evals, 814.0s elapsed, c̃=0.8588602164, g_norm=2.50e-02
  p=11 start 1: 55 evals, 844.5s elapsed, c̃=0.8594564066, g_norm=2.61e-02
  p=11 start 1: 57 evals, 875.6s elapsed, c̃=0.8595273963, g_norm=2.59e-02
  p=11 start 1: 59 evals, 908.1s elapsed, c̃=0.8592001542, g_norm=2.15e-02
  p=11 start 1: 61 evals, 941.4s elapsed, c̃=0.8593222245, g_norm=2.69e-02
  p=11 start 1: 63 evals, 973.0s elapsed, c̃=0.8591928346, g_norm=1.91e-02
  p=11 start 1: 65 evals, 1004.3s elapsed, c̃=0.8588869571, g_norm=4.27e-02
  p=11 start 1: 67 evals, 1036.4s elapsed, c̃=0.8599126930, g_norm=2.37e-02
  p=11 start 1: 69 evals, 1067.9s elapsed, c̃=0.8504440806, g_norm=4.35e-01
  p=11 start 1: 71 evals, 1099.4s elapsed, c̃=0.8597048782, g_norm=5.10e-02
  p=11 start 1: 73 evals, 1130.4s elapsed, c̃=0.8596776037, g_norm=5.40e-02
  p=11 start 1: 75 evals, 1162.1s elapsed, c̃=0.8600818826, g_norm=4.40e-02
  p=11 start 1: 77 evals, 1193.6s elapsed, c̃=0.8596817121, g_norm=3.75e-02
  p=11 start 1: 79 evals, 1225.4s elapsed, c̃=0.8594359603, g_norm=3.68e-02
  p=11 start 1: 81 evals, 1256.8s elapsed, c̃=0.8595249168, g_norm=3.83e-02
  p=11 start 1: 83 evals, 1288.4s elapsed, c̃=0.8598798321, g_norm=4.40e-02
  p=11 start 1: 85 evals, 1320.2s elapsed, c̃=0.8599503029, g_norm=4.75e-02
  p=11 start 1: 87 evals, 1351.0s elapsed, c̃=0.8595371224, g_norm=4.83e-02
  p=11 start 1: 89 evals, 1382.1s elapsed, c̃=0.8599126095, g_norm=3.92e-02
  p=11 start 1: 91 evals, 1413.8s elapsed, c̃=0.8597222125, g_norm=3.89e-02
  p=11 start 1: 93 evals, 1445.6s elapsed, c̃=0.8589429463, g_norm=3.74e-02
  p=11 start 1: 95 evals, 1477.0s elapsed, c̃=0.8596780370, g_norm=5.05e-02
  p=11 start 1: 97 evals, 1508.3s elapsed, c̃=0.8598606235, g_norm=5.81e-02
  p=11 start 1: 99 evals, 1540.6s elapsed, c̃=0.8594503225, g_norm=3.73e-02
  p=11 start 1: 101 evals, 1572.2s elapsed, c̃=0.8595093711, g_norm=4.05e-02
  p=11 start 1: 103 evals, 1604.1s elapsed, c̃=0.8598737922, g_norm=3.51e-02
  p=11 start 1: 105 evals, 1634.5s elapsed, c̃=0.8598714710, g_norm=5.07e-02
  p=11 start 1: 107 evals, 1665.3s elapsed, c̃=0.8595333603, g_norm=4.12e-02
  p=11 start 1: 109 evals, 1696.3s elapsed, c̃=0.8593677408, g_norm=3.59e-02
  p=11 start 1: 111 evals, 1727.4s elapsed, c̃=0.8596588751, g_norm=4.17e-02
  p=11 start 1: 113 evals, 1758.3s elapsed, c̃=0.8599926358, g_norm=4.74e-02
  p=11 start 1: 115 evals, 1789.6s elapsed, c̃=0.8594454070, g_norm=3.53e-02
  p=11 start 1: 117 evals, 1821.2s elapsed, c̃=0.8596963365, g_norm=4.03e-02
  p=11 start 1: 119 evals, 1852.6s elapsed, c̃=0.8597531273, g_norm=4.65e-02
  p=11 start 1: 121 evals, 1883.2s elapsed, c̃=0.8596729586, g_norm=5.35e-02
  p=11 start 1: 123 evals, 1914.5s elapsed, c̃=0.8596729586, g_norm=5.35e-02
  p=11 start 1: 125 evals, 1945.4s elapsed, c̃=0.8597917665, g_norm=2.92e-02
  p=11 start 1: 127 evals, 1976.5s elapsed, c̃=0.8591439664, g_norm=8.33e-02
  p=11 start 1: 129 evals, 2007.6s elapsed, c̃=0.8608788251, g_norm=3.16e-02
  p=11 start 1: 131 evals, 2039.1s elapsed, c̃=0.8603797318, g_norm=4.03e-02
  p=11 start 1: 133 evals, 2070.4s elapsed, c̃=0.8597821539, g_norm=2.66e-02
  p=11 start 1: 135 evals, 2101.4s elapsed, c̃=0.8607181703, g_norm=3.00e-02
  p=11 start 1: 137 evals, 2133.3s elapsed, c̃=0.8603422137, g_norm=2.86e-02
  p=11 start 1: 139 evals, 2165.1s elapsed, c̃=0.8603459398, g_norm=2.59e-02
  p=11 start 1: 141 evals, 2196.2s elapsed, c̃=0.8605504081, g_norm=2.74e-02
  p=11 start 1: 143 evals, 2227.4s elapsed, c̃=0.8599692455, g_norm=2.93e-02
  p=11 start 1: 145 evals, 2259.3s elapsed, c̃=0.8604470424, g_norm=2.92e-02
  p=11 start 1: 147 evals, 2289.6s elapsed, c̃=0.8598955783, g_norm=2.91e-02
  p=11 start 1: 149 evals, 2320.1s elapsed, c̃=0.8605483658, g_norm=2.88e-02
  p=11 start 1: 151 evals, 2351.6s elapsed, c̃=0.8602969709, g_norm=2.66e-02
  p=11 start 1: 153 evals, 2383.3s elapsed, c̃=0.8604878215, g_norm=2.62e-02
  p=11 start 1: 155 evals, 2414.5s elapsed, c̃=0.8603436503, g_norm=2.68e-02
  p=11 start 1: 157 evals, 2446.2s elapsed, c̃=0.8599188418, g_norm=2.54e-02
  p=11 start 1: 159 evals, 2477.9s elapsed, c̃=0.8601955100, g_norm=3.02e-02
  p=11 start 1: 161 evals, 2509.0s elapsed, c̃=0.8603081796, g_norm=2.85e-02
  p=11 start 1: 163 evals, 2540.4s elapsed, c̃=0.8600241296, g_norm=2.93e-02
  p=11 start 1: 165 evals, 2571.0s elapsed, c̃=0.8607303155, g_norm=2.59e-02
  p=11 start 1: 167 evals, 2602.3s elapsed, c̃=0.8603992552, g_norm=2.79e-02
  p=11 start 1: 169 evals, 2633.7s elapsed, c̃=0.8598475029, g_norm=2.59e-02
  p=11 start 1: 171 evals, 2664.9s elapsed, c̃=0.8597887369, g_norm=2.60e-02
  p=11 start 1: 173 evals, 2695.9s elapsed, c̃=0.8607116790, g_norm=2.63e-02
  p=11 start 1: 175 evals, 2727.7s elapsed, c̃=0.8603098237, g_norm=2.49e-02
  p=11 start 1: 177 evals, 2758.6s elapsed, c̃=0.8601625735, g_norm=2.90e-02
  p=11 start 1: 179 evals, 2789.9s elapsed, c̃=0.8599818246, g_norm=2.95e-02
  p=11 start 1: 181 evals, 2822.1s elapsed, c̃=0.8600024340, g_norm=2.78e-02
  p=11 start 1: 183 evals, 2853.5s elapsed, c̃=0.8606365745, g_norm=3.07e-02
  p=11 start 1: 185 evals, 2884.3s elapsed, c̃=0.8607466060, g_norm=2.24e-02
  p=11 start 1: 187 evals, 2915.2s elapsed, c̃=0.8607875126, g_norm=4.53e-02
  p=11 start 1: 189 evals, 2946.4s elapsed, c̃=0.8606699855, g_norm=3.61e-02
  p=11 start 1: 191 evals, 2977.8s elapsed, c̃=0.8606668046, g_norm=3.53e-02
  p=11 start 1: 193 evals, 3009.1s elapsed, c̃=0.8608467915, g_norm=3.93e-02
  p=11 start 1: 195 evals, 3040.7s elapsed, c̃=0.8608315825, g_norm=3.75e-02
  p=11 start 1: 197 evals, 3071.9s elapsed, c̃=0.8609982933, g_norm=3.69e-02
  p=11 start 1: 199 evals, 3103.9s elapsed, c̃=0.8610007752, g_norm=3.50e-02
  p=11 start 1: 201 evals, 3135.8s elapsed, c̃=0.8607442381, g_norm=4.29e-02
  p=11 start 1: 203 evals, 3166.8s elapsed, c̃=0.8611077028, g_norm=3.51e-02
  p=11 start 1: 205 evals, 3198.5s elapsed, c̃=0.8611551281, g_norm=2.38e-02
  p=11 start 1: 207 evals, 3230.1s elapsed, c̃=0.8600847802, g_norm=2.78e-02
  p=11 start 1: 209 evals, 3262.1s elapsed, c̃=0.8605760755, g_norm=2.16e-02
  p=11 start 1: 211 evals, 3293.3s elapsed, c̃=0.8611870046, g_norm=5.04e-02
  p=11 start 1: 213 evals, 3324.0s elapsed, c̃=0.8605714131, g_norm=4.57e-02
  p=11 start 1: 215 evals, 3354.7s elapsed, c̃=0.8606806196, g_norm=4.02e-02
  p=11 start 1: 217 evals, 3386.3s elapsed, c̃=0.8610114766, g_norm=3.07e-02
  p=11 start 1: 219 evals, 3418.2s elapsed, c̃=0.8609988401, g_norm=4.13e-02
  p=11 start 1: 221 evals, 3449.5s elapsed, c̃=0.8605695743, g_norm=3.94e-02
  p=11 start 1: 223 evals, 3481.3s elapsed, c̃=0.8607710938, g_norm=2.45e-02
  p=11 start 1: 225 evals, 3513.5s elapsed, c̃=0.8605749085, g_norm=2.45e-02
  p=11 start 1: 227 evals, 3545.7s elapsed, c̃=0.8608134833, g_norm=2.80e-02
  p=11 start 1: 229 evals, 3576.6s elapsed, c̃=0.8603333881, g_norm=4.12e-02
  p=11 start 1: 231 evals, 3607.6s elapsed, c̃=0.8603868876, g_norm=2.62e-02
  p=11 start 1: 233 evals, 3639.0s elapsed, c̃=0.8604155588, g_norm=3.21e-02
  p=11 start 1: 235 evals, 3670.6s elapsed, c̃=0.8610207978, g_norm=4.20e-02
  p=11 start 1: 237 evals, 3702.7s elapsed, c̃=0.8603646822, g_norm=4.03e-02
  p=11 start 1: 239 evals, 3733.9s elapsed, c̃=0.8608509867, g_norm=4.05e-02
  p=11 start 1: 241 evals, 3764.8s elapsed, c̃=0.8606808336, g_norm=2.52e-02
  p=11 start 1: 243 evals, 3796.4s elapsed, c̃=0.8606853127, g_norm=3.66e-02
  p=11 start 1: 245 evals, 3828.0s elapsed, c̃=0.8610441869, g_norm=3.21e-02
  p=11 start 1: 247 evals, 3859.4s elapsed, c̃=0.8603281506, g_norm=3.83e-02
  p=11 start 1: 249 evals, 3890.5s elapsed, c̃=0.8606213437, g_norm=3.47e-02
  p=11 start 1: 251 evals, 3921.5s elapsed, c̃=0.8606899257, g_norm=3.73e-02
  p=11 start 1: 253 evals, 3952.5s elapsed, c̃=0.8601164731, g_norm=2.50e-02
  p=11 start 1: 255 evals, 3984.8s elapsed, c̃=0.8602326680, g_norm=3.85e-02
  p=11 start 1: 257 evals, 4016.3s elapsed, c̃=0.8615011635, g_norm=3.86e-02
  p=11 start 1: 259 evals, 4048.6s elapsed, c̃=0.8605356241, g_norm=4.67e-02
  p=11 start 1: 261 evals, 4080.0s elapsed, c̃=0.8612845777, g_norm=3.89e-02
  p=11 start 1: 263 evals, 4111.3s elapsed, c̃=0.8606582058, g_norm=3.07e-02
  p=11 start 1: 265 evals, 4142.8s elapsed, c̃=0.8601802948, g_norm=2.20e-02
  p=11 start 1: 267 evals, 4174.6s elapsed, c̃=0.8604484155, g_norm=3.31e-02
  p=11 start 1: 269 evals, 4206.1s elapsed, c̃=0.8610165455, g_norm=3.78e-02
  p=11 start 1: 271 evals, 4237.5s elapsed, c̃=0.8606068857, g_norm=2.83e-02
  p=11 start 1: 273 evals, 4269.2s elapsed, c̃=0.8604722413, g_norm=2.00e-02
  p=11 start 1: 275 evals, 4301.8s elapsed, c̃=0.8605583596, g_norm=2.64e-02
  p=11 start 1: 277 evals, 4333.5s elapsed, c̃=0.8600085756, g_norm=3.63e-02
  p=11 start 1: 279 evals, 4364.6s elapsed, c̃=0.8610147943, g_norm=2.21e-02
  p=11 start 1: 281 evals, 4396.7s elapsed, c̃=0.8604339828, g_norm=2.84e-02
  p=11 start 1: 283 evals, 4428.8s elapsed, c̃=0.8609406919, g_norm=3.44e-02
  p=11 start 1: 285 evals, 4460.4s elapsed, c̃=0.8606542835, g_norm=2.81e-02
  p=11 start 1: 287 evals, 4491.4s elapsed, c̃=0.8607409062, g_norm=2.83e-02
  p=11 start 1: 289 evals, 4522.7s elapsed, c̃=0.8607433032, g_norm=4.01e-02
  p=11 start 1: 291 evals, 4554.0s elapsed, c̃=0.8607433032, g_norm=4.01e-02
  p=11 start 1: 293 evals, 4585.8s elapsed, c̃=0.8607433032, g_norm=4.01e-02
  p=11 start 1: 295 evals, 4617.4s elapsed, c̃=0.8601697185, g_norm=2.98e-02
  p=11 start 1: 297 evals, 4648.3s elapsed, c̃=0.8612758029, g_norm=1.65e-02
  p=11 start 1: 299 evals, 4679.7s elapsed, c̃=0.8607988619, g_norm=1.34e-02
  p=11 start 1: 301 evals, 4711.5s elapsed, c̃=0.8606064210, g_norm=1.55e-02
  p=11 start 1: 303 evals, 4743.0s elapsed, c̃=0.8605938063, g_norm=1.59e-02
  p=11 start 1: 305 evals, 4774.5s elapsed, c̃=0.8611754354, g_norm=1.15e-02
  p=11 start 1: 307 evals, 4807.3s elapsed, c̃=0.8614799986, g_norm=2.43e-02
  p=11 start 1: 309 evals, 4839.3s elapsed, c̃=0.8612274117, g_norm=1.78e-02
  p=11 start 1: 311 evals, 4870.8s elapsed, c̃=0.8609947029, g_norm=1.95e-02
  p=11 start 1: 313 evals, 4901.9s elapsed, c̃=0.8607818235, g_norm=1.62e-02
  p=11 start 1: 315 evals, 4933.7s elapsed, c̃=0.8599265548, g_norm=2.52e-02
  p=11 start 1: 317 evals, 4964.3s elapsed, c̃=0.8604824394, g_norm=2.25e-02
  p=11 start 1: 319 evals, 4995.8s elapsed, c̃=0.8612633670, g_norm=1.90e-02
  p=11 start 1: 321 evals, 5027.3s elapsed, c̃=0.8600345342, g_norm=1.38e-02
  p=11 start 1: 323 evals, 5059.3s elapsed, c̃=0.8608461358, g_norm=1.44e-02
  p=11 start 1: 325 evals, 5091.3s elapsed, c̃=0.8605750657, g_norm=2.08e-02
  p=11 start 1: 327 evals, 5122.9s elapsed, c̃=0.8605634029, g_norm=1.74e-02
  p=11 start 1: 329 evals, 5154.7s elapsed, c̃=0.8603953615, g_norm=1.89e-02
  p=11 start 1: 331 evals, 5185.8s elapsed, c̃=0.8605884825, g_norm=2.18e-02
  p=11 start 1: 333 evals, 5217.3s elapsed, c̃=0.8605805798, g_norm=1.36e-02
  p=11 start 1: 335 evals, 5248.2s elapsed, c̃=0.8610473581, g_norm=1.64e-02
  p=11 start 1: 337 evals, 5280.7s elapsed, c̃=0.8606408228, g_norm=1.49e-02
  p=11 start 1: 339 evals, 5312.1s elapsed, c̃=0.8605790825, g_norm=1.39e-02
  p=11 start 1: 341 evals, 5343.6s elapsed, c̃=0.8606619123, g_norm=1.44e-02
  p=11 start 1: 343 evals, 5375.0s elapsed, c̃=0.8613705573, g_norm=1.38e-02
  p=11 start 1: 345 evals, 5406.0s elapsed, c̃=0.8612666381, g_norm=2.27e-02
  p=11 start 1: 347 evals, 5437.9s elapsed, c̃=0.8612666381, g_norm=2.27e-02
  p=11 start 1: 349 evals, 5470.2s elapsed, c̃=0.8612666381, g_norm=2.27e-02
  p=11 start 1: 351 evals, 5502.3s elapsed, c̃=0.8612666381, g_norm=2.27e-02
  p=11 start 1: 353 evals, 5533.6s elapsed, c̃=0.8612666381, g_norm=2.27e-02
  p=11 start 1: 355 evals, 5565.5s elapsed, c̃=0.8612666381, g_norm=2.27e-02
  p=11 start 1: 357 evals, 5596.7s elapsed, c̃=0.7293387821, g_norm=4.88e-01
  p=11 start 1: 359 evals, 5628.2s elapsed, c̃=0.8608129975, g_norm=1.57e-02
  p=11 start 1: 361 evals, 5660.1s elapsed, c̃=0.8606817698, g_norm=2.43e-02
  p=11 start 1: 363 evals, 5691.4s elapsed, c̃=0.8610085433, g_norm=2.22e-02
  p=11 start 1: 365 evals, 5722.8s elapsed, c̃=0.8607015307, g_norm=1.78e-02
  p=11 start 1: 367 evals, 5755.0s elapsed, c̃=0.8605997509, g_norm=2.47e-02
  p=11 start 1: 369 evals, 5786.5s elapsed, c̃=0.8608978165, g_norm=1.51e-02
  p=11 start 1: 371 evals, 5818.8s elapsed, c̃=0.8604886053, g_norm=1.84e-02
  p=11 start 1: 373 evals, 5849.5s elapsed, c̃=0.8615889894, g_norm=2.79e-02
  p=11 start 1: 375 evals, 5880.5s elapsed, c̃=0.8607813124, g_norm=1.64e-02
  p=11 start 1: 377 evals, 5911.6s elapsed, c̃=0.8606116051, g_norm=1.95e-02
  p=11 start 1: 379 evals, 5942.5s elapsed, c̃=0.8604457490, g_norm=1.91e-02
  p=11 start 1: 381 evals, 5973.8s elapsed, c̃=0.8605910223, g_norm=1.79e-02
  p=11 start 1: 383 evals, 6005.1s elapsed, c̃=0.8607259265, g_norm=2.12e-02
  p=11 start 1: 385 evals, 6036.5s elapsed, c̃=0.8604420489, g_norm=1.92e-02
  p=11 start 1: 387 evals, 6067.7s elapsed, c̃=0.8607432813, g_norm=1.28e-02
  p=11 start 1: 389 evals, 6099.6s elapsed, c̃=0.8610489056, g_norm=1.38e-02
  p=11 start 1: 391 evals, 6130.6s elapsed, c̃=0.8608493470, g_norm=1.44e-02
  p=11 start 1: 393 evals, 6162.3s elapsed, c̃=0.8604527199, g_norm=1.81e-02
  p=11 start 1: 395 evals, 6193.9s elapsed, c̃=0.8607841836, g_norm=2.05e-02
  p=11 start 1: 397 evals, 6225.6s elapsed, c̃=0.8609518008, g_norm=2.26e-02
  p=11 start 1: 399 evals, 6257.2s elapsed, c̃=0.8610163925, g_norm=1.91e-02
  p=11 start 1: 401 evals, 6288.2s elapsed, c̃=0.8611041792, g_norm=2.00e-02
  p=11 start 1: 403 evals, 6320.2s elapsed, c̃=0.8609487547, g_norm=1.87e-02
  p=11 start 1: 405 evals, 6351.5s elapsed, c̃=0.8614411723, g_norm=2.14e-02
  p=11 start 1: 407 evals, 6383.4s elapsed, c̃=0.8611509594, g_norm=2.22e-02
  p=11 start 1: 409 evals, 6415.8s elapsed, c̃=0.8612121548, g_norm=1.60e-02
  p=11 start 1: 411 evals, 6447.8s elapsed, c̃=0.8612328582, g_norm=1.56e-02
  p=11 start 1: 413 evals, 6479.2s elapsed, c̃=0.8614411723, g_norm=2.14e-02
  p=11 start 1: 415 evals, 6510.9s elapsed, c̃=0.8614411723, g_norm=2.14e-02
  p=11 start 1: 417 evals, 6542.4s elapsed, c̃=0.8604819054, g_norm=1.79e-02
  p=11 start 1: 419 evals, 6573.1s elapsed, c̃=0.8598212500, g_norm=2.13e-02
  p=11 start 1: 421 evals, 6604.5s elapsed, c̃=0.8613706491, g_norm=1.91e-02
  p=11 start 1: 423 evals, 6635.0s elapsed, c̃=0.8609524661, g_norm=2.30e-02
  p=11 start 1: 425 evals, 6666.2s elapsed, c̃=0.8613527007, g_norm=1.30e-02
  p=11 start 1: 427 evals, 6697.6s elapsed, c̃=0.8606315812, g_norm=1.23e-02
  p=11 start 1: 429 evals, 6728.2s elapsed, c̃=0.8604616726, g_norm=1.69e-02
  p=11 start 1: 431 evals, 6759.9s elapsed, c̃=0.8608189083, g_norm=2.61e-02
  p=11 start 1: 433 evals, 6792.1s elapsed, c̃=0.8605202704, g_norm=1.38e-02
  p=11 start 1: 435 evals, 6824.1s elapsed, c̃=0.8606051332, g_norm=1.65e-02
  p=11 start 1: 437 evals, 6855.5s elapsed, c̃=0.8605458629, g_norm=1.62e-02
  p=11 start 1: 439 evals, 6887.1s elapsed, c̃=0.8610409178, g_norm=1.47e-02
  p=11 start 1: 441 evals, 6917.9s elapsed, c̃=0.8612378314, g_norm=1.47e-02
  p=11 start 1: 443 evals, 6949.2s elapsed, c̃=0.8605465577, g_norm=1.67e-02
  p=11 start 1: 445 evals, 6981.1s elapsed, c̃=0.8612608322, g_norm=1.51e-02
  p=11 start 1: 447 evals, 7012.2s elapsed, c̃=0.8608968824, g_norm=1.52e-02
  p=11 start 1: 449 evals, 7043.6s elapsed, c̃=0.8614182125, g_norm=1.52e-02
  p=11 start 1: 451 evals, 7075.6s elapsed, c̃=0.8602751265, g_norm=2.56e-02
  p=11 start 1: 453 evals, 7108.1s elapsed, c̃=0.8609639149, g_norm=1.58e-02
  p=11 start 1: 455 evals, 7139.0s elapsed, c̃=0.8606675708, g_norm=2.71e-02
  p=11 start 1: 457 evals, 7170.0s elapsed, c̃=0.8603655784, g_norm=3.03e-02
  p=11 start 1: 459 evals, 7201.4s elapsed, c̃=0.8605311377, g_norm=1.95e-02
  p=11 start 1: 461 evals, 7233.0s elapsed, c̃=0.8614686479, g_norm=2.11e-02
  p=11 start 1: 463 evals, 7264.6s elapsed, c̃=0.8608042530, g_norm=2.76e-02
  p=11 start 1: 465 evals, 7296.0s elapsed, c̃=0.8610689730, g_norm=1.92e-02
  p=11 start 1: 467 evals, 7327.2s elapsed, c̃=0.8610559346, g_norm=1.70e-02
  p=11 start 1: 469 evals, 7358.3s elapsed, c̃=0.8611841725, g_norm=1.61e-02
  p=11 start 1: 471 evals, 7390.4s elapsed, c̃=0.8613267937, g_norm=1.79e-02
  p=11 start 1: 473 evals, 7421.9s elapsed, c̃=0.8613267937, g_norm=1.79e-02
  p=11 start 1: 475 evals, 7453.2s elapsed, c̃=0.8614730876, g_norm=2.01e-02
  p=11 start 1: 477 evals, 7484.8s elapsed, c̃=0.8614730876, g_norm=2.01e-02
  p=11 start 1: 479 evals, 7515.5s elapsed, c̃=0.8614730876, g_norm=2.01e-02
  p=11 start 1: 481 evals, 7547.7s elapsed, c̃=0.8614730876, g_norm=2.01e-02
  p=11 start 1: 483 evals, 7579.6s elapsed, c̃=0.8614730876, g_norm=2.01e-02
  p=11 start 1: 485 evals, 7610.2s elapsed, c̃=0.8614730876, g_norm=2.01e-02
  p=11 start 1: 487 evals, 7642.5s elapsed, c̃=0.8614730876, g_norm=2.01e-02
  p=11 start 1: 489 evals, 7674.1s elapsed, c̃=0.8614730876, g_norm=2.01e-02
  p=11 start 1: 491 evals, 7705.9s elapsed, c̃=0.8605276388, g_norm=1.40e-02
  p=11 start 1: 493 evals, 7736.6s elapsed, c̃=0.8601076326, g_norm=1.76e-02
  p=11 start 1: 495 evals, 7768.5s elapsed, c̃=0.8609133796, g_norm=1.86e-02
  p=11 start 1: 497 evals, 7800.0s elapsed, c̃=0.8609869874, g_norm=1.37e-02
  p=11 start 1: 499 evals, 7831.1s elapsed, c̃=0.8607534668, g_norm=1.29e-02
  p=11 start 1: 501 evals, 7862.6s elapsed, c̃=0.8604338718, g_norm=1.48e-02
  p=11 start 1: 503 evals, 7893.4s elapsed, c̃=0.8608632595, g_norm=2.10e-02
  p=11 start 1: 505 evals, 7924.2s elapsed, c̃=0.8610367482, g_norm=1.61e-02
  p=11 start 1: 507 evals, 7955.5s elapsed, c̃=0.8605559309, g_norm=1.63e-02
  p=11 start 1: 509 evals, 7986.5s elapsed, c̃=0.8612621216, g_norm=1.70e-02
  p=11 start 1: 511 evals, 8018.0s elapsed, c̃=0.8602500782, g_norm=1.75e-02
  p=11 start 1: 513 evals, 8049.6s elapsed, c̃=0.8607513609, g_norm=1.57e-02
  p=11 start 1: 515 evals, 8080.2s elapsed, c̃=0.8609708874, g_norm=1.65e-02
  p=11 start 1: 517 evals, 8111.1s elapsed, c̃=0.8605343671, g_norm=2.57e-02
  p=11 start 1: 519 evals, 8142.9s elapsed, c̃=0.8605232983, g_norm=1.45e-02
  p=11 start 1: 521 evals, 8174.7s elapsed, c̃=0.8608004411, g_norm=1.51e-02
  p=11 start 1: 523 evals, 8206.5s elapsed, c̃=0.8602940531, g_norm=1.41e-02
  p=11 start 1: 525 evals, 8238.1s elapsed, c̃=0.8607458653, g_norm=1.87e-02
  p=11 start 1: 527 evals, 8269.2s elapsed, c̃=0.8607103009, g_norm=1.52e-02
  p=11 start 1: 529 evals, 8300.3s elapsed, c̃=0.8610828105, g_norm=1.96e-02
  p=11 start 1: 531 evals, 8331.4s elapsed, c̃=0.8607667184, g_norm=1.92e-02
  p=11 start 1: 533 evals, 8362.5s elapsed, c̃=0.8604578522, g_norm=2.15e-02
  p=11 start 1: 535 evals, 8393.6s elapsed, c̃=0.8609507475, g_norm=1.44e-02
  p=11 start 1: 537 evals, 8424.6s elapsed, c̃=0.8611248312, g_norm=2.36e-02
  p=11 start 1: 539 evals, 8456.6s elapsed, c̃=0.8613807710, g_norm=1.63e-02
  p=11 start 1: 541 evals, 8488.4s elapsed, c̃=0.8614250177, g_norm=1.78e-02
  p=11 start 1: 543 evals, 8520.3s elapsed, c̃=0.8614250177, g_norm=1.78e-02
  p=11 start 1: 545 evals, 8551.6s elapsed, c̃=0.8614250177, g_norm=1.78e-02
  p=11 start 1: 547 evals, 8582.8s elapsed, c̃=0.8614250177, g_norm=1.78e-02
  p=11 start 1: 549 evals, 8614.1s elapsed, c̃=0.8614250177, g_norm=1.78e-02
  p=11 start 1: 551 evals, 8646.1s elapsed, c̃=0.8614250177, g_norm=1.78e-02
  p=11 start 1: 553 evals, 8677.7s elapsed, c̃=0.8614250177, g_norm=1.78e-02
  p=11 start 1: 555 evals, 8708.2s elapsed, c̃=0.8614250177, g_norm=1.78e-02
  p=11 start 1: 557 evals, 8739.8s elapsed, c̃=0.8614250177, g_norm=1.78e-02
  p=11 start 1: 559 evals, 8771.6s elapsed, c̃=0.8614250177, g_norm=1.78e-02
  p=11 start 1: 561 evals, 8802.7s elapsed, c̃=0.8614250177, g_norm=1.78e-02
  p=11 start 1: 563 evals, 8833.7s elapsed, c̃=0.8614250177, g_norm=1.78e-02
  p=11 start 1: 565 evals, 8864.9s elapsed, c̃=0.8614250177, g_norm=1.78e-02
  p=11 start 1: 567 evals, 8897.1s elapsed, c̃=0.8614250177, g_norm=1.78e-02
  p=11 start 1: 569 evals, 8927.6s elapsed, c̃=0.8614250177, g_norm=1.78e-02
  p=11 start 1: 571 evals, 8958.9s elapsed, c̃=0.8609192546, g_norm=1.41e-02
  p=11 start 1: 573 evals, 8989.7s elapsed, c̃=0.8612710103, g_norm=1.42e-02
  p=11 start 1: 575 evals, 9020.7s elapsed, c̃=0.8611289159, g_norm=1.24e-02
  p=11 start 1: 577 evals, 9052.5s elapsed, c̃=0.8608603278, g_norm=1.26e-02
  p=11 start 1: 579 evals, 9083.4s elapsed, c̃=0.8600385222, g_norm=2.02e-02
  p=11 start 1: 581 evals, 9114.7s elapsed, c̃=0.8606941853, g_norm=2.34e-02
  p=11 start 1: 583 evals, 9146.3s elapsed, c̃=0.8607614181, g_norm=1.80e-02
  p=11 start 1: 585 evals, 9177.9s elapsed, c̃=0.8610656536, g_norm=2.08e-02
  p=11 start 1: 587 evals, 9208.9s elapsed, c̃=0.8606537368, g_norm=2.25e-02
  p=11 start 1: 589 evals, 9240.6s elapsed, c̃=0.8602729908, g_norm=1.70e-02
  p=11 start 1: 591 evals, 9272.0s elapsed, c̃=0.8610705402, g_norm=2.26e-02
  p=11 start 1: 593 evals, 9303.5s elapsed, c̃=0.8605383331, g_norm=1.55e-02
  p=11 start 1: 595 evals, 9334.9s elapsed, c̃=0.8609275367, g_norm=1.78e-02
  p=11 start 1: 597 evals, 9366.0s elapsed, c̃=0.8611145203, g_norm=1.98e-02
  p=11 start 1: 599 evals, 9397.4s elapsed, c̃=0.8611913496, g_norm=1.47e-02
  p=11 start 1: 601 evals, 9428.8s elapsed, c̃=0.8605330831, g_norm=1.34e-02
  p=11 start 1: 603 evals, 9459.8s elapsed, c̃=0.8613652331, g_norm=1.73e-02
  p=11 start 1: 605 evals, 9491.7s elapsed, c̃=0.8604971779, g_norm=1.54e-02
  p=11 start 1: 607 evals, 9523.5s elapsed, c̃=0.8603479267, g_norm=1.78e-02
  p=11 start 1: 609 evals, 9554.8s elapsed, c̃=0.8607648732, g_norm=1.13e-02
  p=11 start 1: 611 evals, 9585.8s elapsed, c̃=0.8609263245, g_norm=1.43e-02
  p=11 start 1: 613 evals, 9616.8s elapsed, c̃=0.8611647928, g_norm=1.86e-02
  p=11 start 1: 615 evals, 9649.0s elapsed, c̃=0.8613969124, g_norm=3.04e-02
  p=11 start 1: 617 evals, 9680.9s elapsed, c̃=0.8614070685, g_norm=1.49e-02
  p=11 start 1: 619 evals, 9712.8s elapsed, c̃=0.8614070685, g_norm=1.49e-02
  p=11 start 1: 621 evals, 9744.0s elapsed, c̃=0.8614070685, g_norm=1.49e-02
  p=11 start 1: 623 evals, 9775.3s elapsed, c̃=0.8614070685, g_norm=1.49e-02
  p=11 start 1: 625 evals, 9806.4s elapsed, c̃=0.8614070685, g_norm=1.49e-02
  p=11 start 1: 627 evals, 9837.4s elapsed, c̃=0.8614070685, g_norm=1.49e-02
  p=11 start 1: 629 evals, 9868.4s elapsed, c̃=0.8614070685, g_norm=1.49e-02
  p=11 start 1: 631 evals, 9899.0s elapsed, c̃=0.8614070685, g_norm=1.49e-02
  p=11 start 1: 633 evals, 9930.5s elapsed, c̃=0.8614070685, g_norm=1.49e-02
  p=11 start 1: 635 evals, 9961.9s elapsed, c̃=0.8614070685, g_norm=1.49e-02
  p=11 start 1: 637 evals, 9993.0s elapsed, c̃=0.8614070685, g_norm=1.49e-02
  p=11 start 1: 639 evals, 10024.8s elapsed, c̃=0.8614070685, g_norm=1.49e-02
  p=11 start 1: 641 evals, 10056.3s elapsed, c̃=0.8614070685, g_norm=1.49e-02
  p=11 start 1: 643 evals, 10087.3s elapsed, c̃=0.8614070685, g_norm=1.49e-02
  p=11 start 1: 645 evals, 10118.6s elapsed, c̃=0.8614070685, g_norm=1.49e-02
  p=11 start 1: 647 evals, 10149.5s elapsed, c̃=0.8614070685, g_norm=1.49e-02
  p=11 start 1: 649 evals, 10181.2s elapsed, c̃=0.8614070685, g_norm=1.49e-02
  p=11 start 1: 651 evals, 10212.2s elapsed, c̃=0.8614070685, g_norm=1.49e-02
  p=12 start 1: 2 evals, 67.1s elapsed, c̃=0.8590916321, g_norm=3.22e-01
  p=12 start 1: 3 evals, 138.5s elapsed, c̃=0.5126128376, g_norm=1.06e-01
  p=12 start 1: 4 evals, 209.0s elapsed, c̃=0.5314964971, g_norm=2.28e-01
  p=12 start 1: 5 evals, 277.9s elapsed, c̃=0.7025809146, g_norm=6.68e-01
  p=12 start 1: 6 evals, 348.6s elapsed, c̃=0.8459623619, g_norm=5.01e-01
  p=12 start 1: 7 evals, 419.3s elapsed, c̃=0.8670711619, g_norm=1.84e-01
  p=12 start 1: 8 evals, 488.6s elapsed, c̃=0.8618325481, g_norm=2.80e-01
  p=12 start 1: 9 evals, 558.1s elapsed, c̃=0.8533278213, g_norm=2.31e-01
  p=12 start 1: 10 evals, 628.9s elapsed, c̃=0.8648478352, g_norm=2.85e-01
  p=12 start 1: 11 evals, 697.9s elapsed, c̃=0.8609557230, g_norm=2.00e-01
  p=12 start 1: 12 evals, 770.2s elapsed, c̃=0.8591436224, g_norm=2.45e-01
  p=12 start 1: 13 evals, 841.3s elapsed, c̃=0.8629042262, g_norm=1.35e-01
  p=12 start 1: 14 evals, 912.0s elapsed, c̃=0.8591531348, g_norm=1.48e-01
  p=12 start 1: 15 evals, 981.2s elapsed, c̃=0.8637932086, g_norm=3.63e-01
  p=12 start 1: 16 evals, 1050.2s elapsed, c̃=0.8644618390, g_norm=2.71e-01
  p=12 start 1: 17 evals, 1121.1s elapsed, c̃=0.8566778742, g_norm=3.40e-01
  p=12 start 1: 18 evals, 1191.9s elapsed, c̃=0.8598165168, g_norm=2.81e-01
  p=12 start 1: 19 evals, 1261.2s elapsed, c̃=0.8657029026, g_norm=3.16e-01
  p=12 start 1: 20 evals, 1330.4s elapsed, c̃=0.8567995397, g_norm=2.18e-01
  p=12 start 1: 21 evals, 1399.2s elapsed, c̃=0.8598045927, g_norm=2.22e-01
  p=12 start 1: 22 evals, 1470.3s elapsed, c̃=0.8640576692, g_norm=1.95e-01
  p=12 start 1: 23 evals, 1540.9s elapsed, c̃=0.8597132368, g_norm=1.70e-01
  p=12 start 1: 24 evals, 1611.7s elapsed, c̃=0.8642876876, g_norm=2.53e-01
  p=12 start 1: 25 evals, 1682.5s elapsed, c̃=0.8597785004, g_norm=2.04e-01
  p=12 start 1: 26 evals, 1751.4s elapsed, c̃=0.8626127602, g_norm=2.96e-01
  p=12 start 1: 27 evals, 1820.8s elapsed, c̃=0.8614320813, g_norm=1.90e-01
  p=12 start 1: 28 evals, 1889.8s elapsed, c̃=0.8652178945, g_norm=1.45e-01
  p=12 start 1: 29 evals, 1960.7s elapsed, c̃=0.8576204727, g_norm=2.82e-01
  p=12 start 1: 30 evals, 2031.3s elapsed, c̃=0.8598030462, g_norm=2.05e-01
  p=12 start 1: 31 evals, 2100.3s elapsed, c̃=0.8587039664, g_norm=3.02e-01
  p=12 start 1: 32 evals, 2169.5s elapsed, c̃=0.8675795188, g_norm=2.24e-01
  p=12 start 1: 33 evals, 2238.8s elapsed, c̃=0.8695668872, g_norm=3.75e-01
  p=12 start 1: 34 evals, 2309.0s elapsed, c̃=0.8629229054, g_norm=1.91e-01
  p=12 start 1: 35 evals, 2378.3s elapsed, c̃=0.8651552067, g_norm=1.82e-01
  p=12 start 1: 36 evals, 2447.6s elapsed, c̃=0.8589807166, g_norm=2.33e-01
  p=12 start 1: 37 evals, 2518.5s elapsed, c̃=0.8677059701, g_norm=2.82e-01
  p=12 start 1: 38 evals, 2587.8s elapsed, c̃=0.8634018710, g_norm=2.64e-01
  p=12 start 1: 39 evals, 2656.8s elapsed, c̃=0.8541587501, g_norm=1.49e-01
  p=12 start 1: 40 evals, 2727.5s elapsed, c̃=0.8618022596, g_norm=2.34e-01
  p=12 start 1: 41 evals, 2798.3s elapsed, c̃=0.8609330797, g_norm=1.44e-01
  p=12 start 1: 42 evals, 2869.4s elapsed, c̃=0.8636947367, g_norm=3.28e-01
  p=12 start 1: 43 evals, 2940.2s elapsed, c̃=0.8567937691, g_norm=3.86e-01
  p=12 start 1: 44 evals, 3010.2s elapsed, c̃=0.8560817553, g_norm=2.91e-01
  p=12 start 1: 45 evals, 3079.3s elapsed, c̃=0.8732264554, g_norm=4.73e-01
  p=12 start 1: 46 evals, 3150.4s elapsed, c̃=0.8624116696, g_norm=2.35e-01
  p=12 start 1: 47 evals, 3225.0s elapsed, c̃=0.8636521789, g_norm=1.86e-01
  p=12 start 1: 48 evals, 3298.2s elapsed, c̃=0.8683435023, g_norm=3.46e-01
  p=12 start 1: 49 evals, 3370.1s elapsed, c̃=0.8670998041, g_norm=3.55e-01
  p=12 start 1: 50 evals, 3441.5s elapsed, c̃=0.8618228491, g_norm=1.76e-01
  p=12 start 1: 51 evals, 3515.8s elapsed, c̃=0.8603961051, g_norm=3.95e-01
  p=12 start 1: 52 evals, 3590.5s elapsed, c̃=0.8583359440, g_norm=1.27e-01
  p=12 start 1: 53 evals, 3661.9s elapsed, c̃=0.8653838696, g_norm=2.42e-01
  p=12 start 1: 54 evals, 3735.5s elapsed, c̃=0.8564574898, g_norm=1.12e-01
  p=12 start 1: 55 evals, 3809.2s elapsed, c̃=0.8634049535, g_norm=3.66e-01
  p=12 start 1: 56 evals, 3881.6s elapsed, c̃=0.8577218018, g_norm=1.52e-01
  p=12 start 1: 57 evals, 3953.2s elapsed, c̃=0.8692018639, g_norm=2.94e-01
  p=12 start 1: 58 evals, 4025.4s elapsed, c̃=0.8651542408, g_norm=1.69e-01
  p=12 start 1: 59 evals, 4097.2s elapsed, c̃=0.8576837686, g_norm=1.29e-01
  p=12 start 1: 60 evals, 4168.8s elapsed, c̃=0.8599849667, g_norm=3.85e-01
  p=12 start 1: 61 evals, 4240.2s elapsed, c̃=0.8659397751, g_norm=2.70e-01
  p=12 start 1: 62 evals, 4312.3s elapsed, c̃=0.8659722394, g_norm=3.14e-01
  p=12 start 1: 63 evals, 4384.5s elapsed, c̃=0.8605834073, g_norm=1.31e-01
  p=12 start 1: 64 evals, 4455.9s elapsed, c̃=0.8662749188, g_norm=2.88e-01
  p=12 start 1: 65 evals, 4527.9s elapsed, c̃=0.8667267566, g_norm=1.01e-01
  p=12 start 1: 66 evals, 4600.8s elapsed, c̃=0.8549460361, g_norm=3.32e-01
  p=12 start 1: 67 evals, 4672.2s elapsed, c̃=0.8652435962, g_norm=1.74e-01
  p=12 start 1: 68 evals, 4743.7s elapsed, c̃=0.8561442810, g_norm=1.50e-01
  p=12 start 1: 69 evals, 4815.4s elapsed, c̃=0.8670331645, g_norm=3.17e-01
  p=12 start 1: 70 evals, 4887.6s elapsed, c̃=0.8536775141, g_norm=1.78e-01
  p=12 start 1: 71 evals, 4959.3s elapsed, c̃=0.8593093381, g_norm=2.66e-01
  p=12 start 1: 72 evals, 5030.9s elapsed, c̃=0.8696791327, g_norm=2.28e-01
  p=12 start 1: 73 evals, 5102.5s elapsed, c̃=0.8614329146, g_norm=1.97e-01
  p=12 start 1: 74 evals, 5175.1s elapsed, c̃=0.8657502158, g_norm=1.38e-01
  p=12 start 1: 75 evals, 5246.6s elapsed, c̃=0.8643997355, g_norm=2.44e-01
  p=12 start 1: 76 evals, 5321.2s elapsed, c̃=0.8617816030, g_norm=1.36e-01
  p=12 start 1: 77 evals, 5392.6s elapsed, c̃=0.8611086237, g_norm=1.34e-01
  p=12 start 1: 78 evals, 5466.9s elapsed, c̃=0.8568758835, g_norm=2.06e-01
  p=12 start 1: 79 evals, 5538.3s elapsed, c̃=0.8645711381, g_norm=2.97e-01
  p=12 start 1: 80 evals, 5609.8s elapsed, c̃=0.8697738712, g_norm=2.67e-01
  p=12 start 1: 81 evals, 5682.7s elapsed, c̃=0.8605368618, g_norm=3.48e-01
  p=12 start 1: 82 evals, 5760.0s elapsed, c̃=0.8688113701, g_norm=1.30e-01
  p=12 start 1: 83 evals, 5830.9s elapsed, c̃=0.8580684086, g_norm=3.81e-01
  p=12 start 1: 84 evals, 5903.2s elapsed, c̃=0.8619039018, g_norm=2.63e-01
  p=12 start 1: 85 evals, 5977.5s elapsed, c̃=0.8653240147, g_norm=1.74e-01
  p=12 start 1: 86 evals, 6049.8s elapsed, c̃=0.8661590348, g_norm=1.31e-01
  p=12 start 1: 87 evals, 6133.0s elapsed, c̃=0.8665552838, g_norm=4.19e-01
  p=12 start 1: 88 evals, 6204.4s elapsed, c̃=0.8666805232, g_norm=3.79e-01
  p=12 start 1: 89 evals, 6276.2s elapsed, c̃=0.8663252951, g_norm=1.84e-01
  p=12 start 1: 90 evals, 6348.5s elapsed, c̃=0.8688113701, g_norm=1.30e-01
  p=12 start 1: 91 evals, 6423.9s elapsed, c̃=0.8663252951, g_norm=1.84e-01
  p=12 start 1: 92 evals, 6499.9s elapsed, c̃=0.8688113701, g_norm=1.30e-01
  p=12 start 1: 93 evals, 6573.0s elapsed, c̃=0.8568723870, g_norm=4.46e-01
  p=12 start 1: 94 evals, 6646.5s elapsed, c̃=0.8550977340, g_norm=1.65e-01
  p=12 start 1: 95 evals, 6723.6s elapsed, c̃=0.8669023712, g_norm=1.21e-01
  p=12 start 1: 96 evals, 6795.0s elapsed, c̃=0.8599455132, g_norm=2.68e-01
  p=12 start 1: 97 evals, 6866.8s elapsed, c̃=0.8621986963, g_norm=2.52e-01
  p=12 start 1: 98 evals, 6937.2s elapsed, c̃=0.8619850672, g_norm=2.48e-01
  p=12 start 1: 99 evals, 7008.8s elapsed, c̃=0.8658912915, g_norm=2.79e-01
  p=12 start 1: 100 evals, 7080.2s elapsed, c̃=0.8593802942, g_norm=2.35e-01
  p=12 start 1: 101 evals, 7156.0s elapsed, c̃=0.8624802300, g_norm=1.67e-01
  p=12 start 1: 102 evals, 7231.5s elapsed, c̃=0.8630132594, g_norm=2.69e-01
  p=12 start 1: 103 evals, 7307.3s elapsed, c̃=0.8641599513, g_norm=1.99e-01
  p=12 start 1: 104 evals, 7381.0s elapsed, c̃=0.8643530756, g_norm=3.53e-01
  p=12 start 1: 105 evals, 7462.0s elapsed, c̃=0.8581996188, g_norm=4.18e-01
  p=12 start 1: 106 evals, 7533.9s elapsed, c̃=0.8637377115, g_norm=1.64e-01
  p=12 start 1: 107 evals, 7605.5s elapsed, c̃=0.8572405728, g_norm=2.57e-01
  p=12 start 1: 108 evals, 7677.1s elapsed, c̃=0.8636070107, g_norm=3.57e-01
  p=12 start 1: 109 evals, 7749.2s elapsed, c̃=0.8668641811, g_norm=4.38e-01
  p=12 start 1: 110 evals, 7821.1s elapsed, c̃=0.8620891762, g_norm=1.43e-01
  p=12 start 1: 111 evals, 7892.8s elapsed, c̃=0.8599346541, g_norm=2.54e-01
  p=12 start 1: 112 evals, 7964.2s elapsed, c̃=0.8666974989, g_norm=3.12e-01
  p=12 start 1: 113 evals, 8035.3s elapsed, c̃=0.8554296034, g_norm=1.81e-01
  p=12 start 1: 114 evals, 8109.9s elapsed, c̃=0.8567375279, g_norm=2.14e-01
  p=12 start 1: 115 evals, 8180.7s elapsed, c̃=0.8633605359, g_norm=1.24e-01
  p=12 start 1: 116 evals, 8251.9s elapsed, c̃=0.8590427515, g_norm=3.31e-01
  p=12 start 1: 117 evals, 8323.2s elapsed, c̃=0.8567690345, g_norm=2.30e-01
  p=12 start 1: 118 evals, 8394.8s elapsed, c̃=0.8665548471, g_norm=3.83e-01
  p=12 start 1: 119 evals, 8467.6s elapsed, c̃=0.8499689990, g_norm=3.84e-01
  p=12 start 1: 120 evals, 8538.4s elapsed, c̃=0.8603654552, g_norm=2.61e-01
  p=12 start 1: 121 evals, 8609.5s elapsed, c̃=0.8647644688, g_norm=4.24e-01
  p=12 start 1: 122 evals, 8681.9s elapsed, c̃=0.8627677141, g_norm=2.68e-01
  p=12 start 1: 123 evals, 8753.5s elapsed, c̃=0.8612705272, g_norm=3.52e-01
  p=12 start 1: 124 evals, 8829.2s elapsed, c̃=0.8652248452, g_norm=5.03e-01
  p=12 start 1: 125 evals, 8904.9s elapsed, c̃=0.8595536523, g_norm=2.58e-01
  p=12 start 1: 126 evals, 8977.2s elapsed, c̃=0.8599912929, g_norm=1.66e-01
  p=12 start 1: 127 evals, 9048.5s elapsed, c̃=0.8627843838, g_norm=2.78e-01
  p=12 start 1: 128 evals, 9120.2s elapsed, c̃=0.8573885911, g_norm=2.86e-01
  p=12 start 1: 129 evals, 9195.4s elapsed, c̃=0.8598447864, g_norm=3.01e-01
  p=12 start 1: 130 evals, 9268.2s elapsed, c̃=0.8627353431, g_norm=4.21e-01
  p=12 start 1: 131 evals, 9340.5s elapsed, c̃=0.8541142929, g_norm=2.86e-01
  p=12 start 1: 132 evals, 9412.5s elapsed, c̃=0.8683658557, g_norm=3.55e-01
  p=12 start 1: 133 evals, 9484.4s elapsed, c̃=0.8626899774, g_norm=2.20e-01
  p=12 start 1: 134 evals, 9555.3s elapsed, c̃=0.8603166853, g_norm=1.84e-01
  p=12 start 1: 135 evals, 9628.3s elapsed, c̃=0.8616974590, g_norm=1.69e-01
  p=12 start 1: 136 evals, 9701.2s elapsed, c̃=0.8674666971, g_norm=3.79e-01
  p=12 start 1: 137 evals, 9772.8s elapsed, c̃=0.8659915772, g_norm=3.18e-01
  p=12 start 1: 138 evals, 9844.1s elapsed, c̃=0.8670114512, g_norm=2.51e-01
  p=12 start 1: 139 evals, 9915.8s elapsed, c̃=0.8674173064, g_norm=2.06e-01
  p=12 start 1: 140 evals, 9987.7s elapsed, c̃=0.8676558877, g_norm=3.51e-01
  p=12 start 1: 141 evals, 10059.8s elapsed, c̃=0.8688113701, g_norm=1.30e-01
  p=12 start 1: 142 evals, 10132.9s elapsed, c̃=0.8676558877, g_norm=3.51e-01
  p=12 start 1: 143 evals, 10204.6s elapsed, c̃=0.8688113701, g_norm=1.30e-01
  p=12 start 1: 144 evals, 10279.8s elapsed, c̃=0.8676558877, g_norm=3.51e-01
  p=12 start 1: 145 evals, 10351.6s elapsed, c̃=0.8688113701, g_norm=1.30e-01
  p=12 start 1: 146 evals, 10423.9s elapsed, c̃=0.8676558877, g_norm=3.51e-01
  p=12 start 1: 147 evals, 10497.3s elapsed, c̃=0.8688113701, g_norm=1.30e-01
  p=12 start 1: 148 evals, 10567.0s elapsed, c̃=0.8676558877, g_norm=3.51e-01
  p=12 start 1: 149 evals, 10639.0s elapsed, c̃=0.8688113701, g_norm=1.30e-01
  p=12 start 1: 150 evals, 10710.2s elapsed, c̃=0.8676558877, g_norm=3.51e-01
  p=12 start 1: 151 evals, 10782.3s elapsed, c̃=0.8688113701, g_norm=1.30e-01
  p=12 start 1: 152 evals, 10852.5s elapsed, c̃=0.8676558877, g_norm=3.51e-01
  p=12 start 1: 153 evals, 10924.3s elapsed, c̃=0.8688113701, g_norm=1.30e-01
  p=12 start 1: 154 evals, 10995.1s elapsed, c̃=0.8676558877, g_norm=3.51e-01
  p=12 start 1: 155 evals, 11066.9s elapsed, c̃=0.8688113701, g_norm=1.30e-01
  p=12 start 1: 156 evals, 11137.8s elapsed, c̃=0.8676558877, g_norm=3.51e-01
  p=12 start 1: 157 evals, 11209.4s elapsed, c̃=0.8688113701, g_norm=1.30e-01
  p=12 start 1: 158 evals, 11282.7s elapsed, c̃=0.8676558877, g_norm=3.51e-01
  p=12 start 1: 159 evals, 11361.5s elapsed, c̃=0.8688113701, g_norm=1.30e-01
  p=12 start 1: 160 evals, 11432.4s elapsed, c̃=0.8676558877, g_norm=3.51e-01
  p=12 start 1: 161 evals, 11504.6s elapsed, c̃=0.8688113701, g_norm=1.30e-01
  p=12 start 1: 162 evals, 11578.6s elapsed, c̃=0.8676558877, g_norm=3.51e-01
  p=13 start 1: 2 evals, 351.0s elapsed, c̃=0.9116251745, g_norm=7.80e+00
  p=13 start 1: 3 evals, 722.2s elapsed, c̃=0.4999999931, g_norm=3.45e-06
  p=13 start 1: 4 evals, 1084.6s elapsed, c̃=0.5027662577, g_norm=1.73e-02
  p=13 start 1: 5 evals, 1448.7s elapsed, c̃=0.5032199721, g_norm=2.77e-02
  p=13 start 1: 6 evals, 1814.3s elapsed, c̃=0.5087310572, g_norm=8.65e-02
  p=13 start 1: 7 evals, 2172.5s elapsed, c̃=0.5132298166, g_norm=2.08e-01
  p=13 start 1: 8 evals, 2541.1s elapsed, c̃=0.5136855972, g_norm=2.16e-01
  p=13 start 1: 9 evals, 2867.2s elapsed, c̃=0.5596236348, g_norm=6.66e-01
  p=13 start 1: 10 evals, 3231.8s elapsed, c̃=0.5814396078, g_norm=4.83e-01
  p=13 start 1: 11 evals, 3600.8s elapsed, c̃=0.6484073055, g_norm=6.73e-01
  p=13 start 1: 12 evals, 3946.4s elapsed, c̃=0.7395442479, g_norm=1.96e+00
  p=13 start 1: 13 evals, 4325.4s elapsed, c̃=0.7691769981, g_norm=2.44e+00
  p=13 start 1: 14 evals, 4684.1s elapsed, c̃=0.8641048531, g_norm=5.43e+00
  p=13 start 1: 15 evals, 5044.2s elapsed, c̃=0.8080265756, g_norm=1.69e+00
  p=13 start 1: 16 evals, 5402.0s elapsed, c̃=0.8736100602, g_norm=3.06e+00
  p=13 start 1: 17 evals, 5779.6s elapsed, c̃=0.8705634038, g_norm=1.54e+00
  p=13 start 1: 18 evals, 6135.4s elapsed, c̃=0.8888608220, g_norm=6.24e+00
  p=13 start 1: 19 evals, 6486.4s elapsed, c̃=0.8946759029, g_norm=3.07e+00
  p=13 start 1: 20 evals, 6846.8s elapsed, c̃=0.7960840001, g_norm=1.79e+00
  p=13 start 1: 21 evals, 7205.0s elapsed, c̃=0.9554539636, g_norm=4.92e+00
  p=13 start 1: 22 evals, 7570.7s elapsed, c̃=0.8793610906, g_norm=2.87e+00
  p=13 start 1: 23 evals, 7935.4s elapsed, c̃=0.9902253361, g_norm=2.18e+00
  p=13 start 1: 24 evals, 8281.3s elapsed, c̃=0.8229601358, g_norm=3.44e+00
  p=13 start 1: 25 evals, 8638.0s elapsed, c̃=0.9231925574, g_norm=2.87e+00
  p=13 start 1: 26 evals, 9003.5s elapsed, c̃=0.9076509730, g_norm=3.09e+00
  p=13 start 1: 27 evals, 9342.0s elapsed, c̃=1.0042210815, g_norm=5.69e+00
  p=13 start 1: 28 evals, 9724.2s elapsed, c̃=0.8092480327, g_norm=2.79e+00
  p=13 start 1: 29 evals, 10064.8s elapsed, c̃=0.8304054614, g_norm=2.35e+00
  p=13 start 1: 30 evals, 10423.7s elapsed, c̃=0.8458516523, g_norm=1.14e+00
  p=13 start 1: 31 evals, 10780.4s elapsed, c̃=0.9568917032, g_norm=2.20e+00
  p=13 start 1: 32 evals, 11138.0s elapsed, c̃=0.9229909336, g_norm=5.19e+00
  p=13 start 1: 33 evals, 11522.1s elapsed, c̃=0.9009684675, g_norm=3.43e+00
  p=13 start 1: 34 evals, 11920.2s elapsed, c̃=0.7887979109, g_norm=1.48e+00
  p=13 start 1: 35 evals, 12281.1s elapsed, c̃=0.8881513676, g_norm=4.12e+00
  p=13 start 1: 36 evals, 12648.9s elapsed, c̃=0.7988491547, g_norm=2.06e+00
  p=13 start 1: 37 evals, 13021.5s elapsed, c̃=0.8965632369, g_norm=3.90e+00
  p=13 start 1: 38 evals, 13378.5s elapsed, c̃=0.8590489218, g_norm=2.44e+00
  p=13 start 1: 39 evals, 13741.1s elapsed, c̃=0.8175238771, g_norm=1.96e+00
  p=13 start 1: 40 evals, 14100.0s elapsed, c̃=0.8930126352, g_norm=2.88e+00
  p=13 start 1: 41 evals, 14464.3s elapsed, c̃=0.7438809568, g_norm=2.22e+00
  p=13 start 1: 42 evals, 14824.1s elapsed, c̃=0.8396639378, g_norm=1.74e+00
  p=13 start 1: 43 evals, 15188.5s elapsed, c̃=0.8278436133, g_norm=1.98e+00
  p=13 start 1: 44 evals, 15515.6s elapsed, c̃=0.8741215837, g_norm=3.30e+00
  p=13 start 1: 45 evals, 15879.6s elapsed, c̃=0.9447317257, g_norm=4.91e+00
  p=13 start 1: 46 evals, 16247.3s elapsed, c̃=0.8714582029, g_norm=2.27e+00
  p=13 start 1: 47 evals, 16609.2s elapsed, c̃=0.8750924498, g_norm=4.09e+00
  p=13 start 1: 48 evals, 16968.5s elapsed, c̃=0.7909441271, g_norm=1.41e+00
  p=13 start 1: 49 evals, 17335.9s elapsed, c̃=0.8602178051, g_norm=3.03e+00
  p=13 start 1: 50 evals, 17700.9s elapsed, c̃=0.9308780892, g_norm=6.98e+00
ERROR: LoadError: TaskFailedException

    nested task error: AssertionError: isfinite(phi_d) && isfinite(gphi)
    Stacktrace:
      [1] bisect!(ϕdϕ::LineSearches.var"#ϕdϕ#make_ϕdϕ##0"{Optim.ManifoldObjective{Optim.Flat, NLSolversBase.OnceDifferentiable{Float64, Vector{Float64}, Float64, Vector{Float64}}}, Vector{Float64}, Vector{Float64}, Vector{Float64}}, alphas::Vector{Float64}, values::Vector{Float64}, slopes::Vector{Float64}, ia::Int64, ib::Int64, phi_lim::Float64, display::Int64)
        @ LineSearches ~/.julia/packages/LineSearches/lihz0/src/hagerzhang.jl:511
      [2] update!(ϕdϕ::Function, alphas::Vector{Float64}, values::Vector{Float64}, slopes::Vector{Float64}, ia::Int64, ib::Int64, ic::Int64, phi_lim::Float64, display::Int64)
        @ LineSearches ~/.julia/packages/LineSearches/lihz0/src/hagerzhang.jl:483
      [3] secant2!(ϕdϕ::LineSearches.var"#ϕdϕ#make_ϕdϕ##0"{Optim.ManifoldObjective{Optim.Flat, NLSolversBase.OnceDifferentiable{Float64, Vector{Float64}, Float64, Vector{Float64}}}, Vector{Float64}, Vector{Float64}, Vector{Float64}}, alphas::Vector{Float64}, values::Vector{Float64}, slopes::Vector{Float64}, ia::Int64, ib::Int64, phi_lim::Float64, delta::Float64, sigma::Float64, display::Int64)
        @ LineSearches ~/.julia/packages/LineSearches/lihz0/src/hagerzhang.jl:391
      [4] (::LineSearches.HagerZhang{Float64, Base.RefValue{Bool}})(ϕ::Function, ϕdϕ::LineSearches.var"#ϕdϕ#make_ϕdϕ##0"{Optim.ManifoldObjective{Optim.Flat, NLSolversBase.OnceDifferentiable{Float64, Vector{Float64}, Float64, Vector{Float64}}}, Vector{Float64}, Vector{Float64}, Vector{Float64}}, c::Float64, phi_0::Float64, dphi_0::Float64)
        @ LineSearches ~/.julia/packages/LineSearches/lihz0/src/hagerzhang.jl:277
      [5] perform_linesearch!(state::Optim.LBFGSState{Vector{Float64}, Vector{Vector{Float64}}, Vector{Vector{Float64}}, Float64, Vector{Float64}}, method::Optim.LBFGS{Nothing, LineSearches.InitialStatic{Float64}, LineSearches.HagerZhang{Float64, Base.RefValue{Bool}}, Returns{Nothing}}, d::Optim.ManifoldObjective{Optim.Flat, NLSolversBase.OnceDifferentiable{Float64, Vector{Float64}, Float64, Vector{Float64}}})
        @ Optim ~/.julia/packages/Optim/DtV5C/src/utilities/perform_linesearch.jl:38
      [6] update_state!(d::NLSolversBase.OnceDifferentiable{Float64, Vector{Float64}, Float64, Vector{Float64}}, state::Optim.LBFGSState{Vector{Float64}, Vector{Vector{Float64}}, Vector{Vector{Float64}}, Float64, Vector{Float64}}, method::Optim.LBFGS{Nothing, LineSearches.InitialStatic{Float64}, LineSearches.HagerZhang{Float64, Base.RefValue{Bool}}, Returns{Nothing}})
        @ Optim ~/.julia/packages/Optim/DtV5C/src/multivariate/solvers/first_order/l_bfgs.jl:225
      [7] optimize(d::NLSolversBase.OnceDifferentiable{Float64, Vector{Float64}, Float64, Vector{Float64}}, initial_x::Vector{Float64}, method::Optim.LBFGS{Nothing, LineSearches.InitialStatic{Float64}, LineSearches.HagerZhang{Float64, Base.RefValue{Bool}}, Returns{Nothing}}, options::Optim.Options{Float64, QaoaXorsat.var"#plateau_callback#66"{Int64, Base.RefValue{Int64}, Vector{Float64}, Vector{QaoaXorsat.OptimizationTraceEntry}, Float64, typeof(chunk_callback)}}, state::Optim.LBFGSState{Vector{Float64}, Vector{Vector{Float64}}, Vector{Vector{Float64}}, Float64, Vector{Float64}})
        @ Optim ~/.julia/packages/Optim/DtV5C/src/multivariate/optimize/optimize.jl:79
      [8] optimize(d::NLSolversBase.OnceDifferentiable{Float64, Vector{Float64}, Float64, Vector{Float64}}, initial_x::Vector{Float64}, method::Optim.LBFGS{Nothing, LineSearches.InitialStatic{Float64}, LineSearches.HagerZhang{Float64, Base.RefValue{Bool}}, Returns{Nothing}}, options::Optim.Options{Float64, QaoaXorsat.var"#plateau_callback#66"{Int64, Base.RefValue{Int64}, Vector{Float64}, Vector{QaoaXorsat.OptimizationTraceEntry}, Float64, typeof(chunk_callback)}})
        @ Optim ~/.julia/packages/Optim/DtV5C/src/multivariate/optimize/optimize.jl:45
      [9] macro expansion
        @ ~/qaoa-xorsat/src/optimization.jl:409 [inlined]
     [10] (::QaoaXorsat.var"#58#59"{QaoaXorsat.var"#60#61"{Int64, Int64, Symbol, Float64, typeof(progress_callback), typeof(chunk_callback), TreeParams, Vector{Tuple{QAOAAngles, Float64, QaoaXorsat.AngleOptimizationStartResult}}, Vector{QaoaXorsat.AngleOptimizationStartSpec}, Base.OneTo{Int64}}})(tid::Int64; onethread::Bool)
        @ QaoaXorsat ./threadingconstructs.jl:276
     [11] #58
        @ ./threadingconstructs.jl:243 [inlined]
     [12] (::Base.Threads.var"#threading_run##0#threading_run##1"{QaoaXorsat.var"#58#59"{QaoaXorsat.var"#60#61"{Int64, Int64, Symbol, Float64, typeof(progress_callback), typeof(chunk_callback), TreeParams, Vector{Tuple{QAOAAngles, Float64, QaoaXorsat.AngleOptimizationStartResult}}, Vector{QaoaXorsat.AngleOptimizationStartSpec}, Base.OneTo{Int64}}}, Int64})()
        @ Base.Threads ./threadingconstructs.jl:177
Stacktrace:
 [1] threading_run(fun::QaoaXorsat.var"#58#59"{QaoaXorsat.var"#60#61"{Int64, Int64, Symbol, Float64, typeof(progress_callback), typeof(chunk_callback), TreeParams, Vector{Tuple{QAOAAngles, Float64, QaoaXorsat.AngleOptimizationStartResult}}, Vector{QaoaXorsat.AngleOptimizationStartSpec}, Base.OneTo{Int64}}}, static::Bool)
   @ Base.Threads ./threadingconstructs.jl:196
 [2] macro expansion
   @ ./threadingconstructs.jl:213 [inlined]
 [3] optimize_angles(params::TreeParams; clause_sign::Int64, restarts::Int64, maxiters::Int64, initial_guesses::Vector{QAOAAngles{Float64}}, initial_guess_kind::Symbol, autodiff::Symbol, rng::MersenneTwister, g_abstol::Float64, on_evaluation::typeof(progress_callback), on_chunk::typeof(chunk_callback))
   @ QaoaXorsat ~/qaoa-xorsat/src/optimization.jl:277
 [4] optimize_depth_sequence(k::Int64, D::Int64, p_values::Vector{Int64}; clause_sign::Int64, restarts::Int64, maxiters::Int64, autodiff::Symbol, rng::MersenneTwister, on_result::typeof(result_callback), on_evaluation::Function, on_chunk::Function, warm_start::QAOAAngles{Float64})
   @ QaoaXorsat ~/qaoa-xorsat/src/optimization.jl:554
 [5] top-level scope
   @ ~/qaoa-xorsat/scripts/optimize_qaoa.jl:597
 [6] include(mod::Module, _path::String)
   @ Base ./Base.jl:306
 [7] exec_options(opts::Base.JLOptions)
   @ Base ./client.jl:317
 [8] _start()
   @ Base ./client.jl:550
in expression starting at /home/stephenjordan_google_com/qaoa-xorsat/scripts/optimize_qaoa.jl:597
