preserved run_id=20260408T041948-k4-d6-p12-15-r2-i1280-s1234
preserved directory=/home/stephenjordan_google_com/qaoa-xorsat/scripts/../.project/results/optimization/runs/20260408T041948-k4-d6-p12-15-r2-i1280-s1234
resuming from: /home/stephenjordan_google_com/qaoa-xorsat/scripts/../experiments/warmstart/ws-k4d6
warm-start from p=11: c̃=0.835707409410
[ Info: JIT warmup...
[ Info: JIT warmup complete, starting sweep
  p=12 start 1: 2 evals, 77.1s elapsed, c̃=0.9081035833, g_norm=2.06e+00
  p=12 start 1: 3 evals, 159.1s elapsed, c̃=0.5000002842, g_norm=6.23e-06
  p=12 start 1: 4 evals, 237.8s elapsed, c̃=0.5022971415, g_norm=2.69e-02
  p=12 start 1: 5 evals, 317.8s elapsed, c̃=0.5024659354, g_norm=3.73e-02
  p=12 start 1: 6 evals, 395.3s elapsed, c̃=0.5038428785, g_norm=5.35e-02
  p=12 start 1: 7 evals, 478.1s elapsed, c̃=0.5643497215, g_norm=6.74e-01
  p=12 start 1: 8 evals, 557.1s elapsed, c̃=0.5740673891, g_norm=4.45e-01
  p=12 start 1: 9 evals, 637.8s elapsed, c̃=0.6843773950, g_norm=2.68e+00
  p=12 start 1: 10 evals, 715.6s elapsed, c̃=0.7134531663, g_norm=1.64e+00
  p=12 start 1: 11 evals, 793.2s elapsed, c̃=0.7874876057, g_norm=1.47e+00
  p=12 start 1: 12 evals, 876.0s elapsed, c̃=0.8146121786, g_norm=1.16e+00
  p=12 start 1: 13 evals, 953.3s elapsed, c̃=0.8546720970, g_norm=2.31e+00
  p=12 start 1: 14 evals, 1035.0s elapsed, c̃=0.7679100769, g_norm=1.56e+00
  p=12 start 1: 15 evals, 1114.3s elapsed, c̃=0.7926476485, g_norm=6.58e-01
  p=12 start 1: 16 evals, 1193.5s elapsed, c̃=0.8144065311, g_norm=1.55e+00
  p=12 start 1: 17 evals, 1277.1s elapsed, c̃=0.7877413028, g_norm=1.06e+00
  p=12 start 1: 18 evals, 1365.0s elapsed, c̃=0.8432861166, g_norm=1.75e+00
  p=12 start 1: 19 evals, 1442.9s elapsed, c̃=0.8233834930, g_norm=1.72e+00
  p=12 start 1: 20 evals, 1522.9s elapsed, c̃=0.7857534672, g_norm=2.00e+00
  p=12 start 1: 21 evals, 1600.5s elapsed, c̃=0.8164463009, g_norm=2.07e+00
  p=12 start 1: 22 evals, 1695.6s elapsed, c̃=0.8450767768, g_norm=3.02e+00
  p=12 start 1: 23 evals, 1781.0s elapsed, c̃=0.8116035916, g_norm=7.91e-01
  p=12 start 1: 24 evals, 1859.3s elapsed, c̃=0.8280052810, g_norm=2.39e+00
  p=12 start 1: 25 evals, 1941.9s elapsed, c̃=0.8342472374, g_norm=2.27e+00
  p=12 start 1: 26 evals, 2019.5s elapsed, c̃=0.8227819717, g_norm=1.78e+00
  p=12 start 1: 27 evals, 2097.8s elapsed, c̃=0.8631609156, g_norm=3.35e+00
  p=12 start 1: 28 evals, 2175.4s elapsed, c̃=0.8295452216, g_norm=1.56e+00
  p=12 start 1: 29 evals, 2253.4s elapsed, c̃=0.7820616850, g_norm=2.33e+00
  p=12 start 1: 30 evals, 2330.9s elapsed, c̃=0.8418328517, g_norm=1.93e+00
  p=12 start 1: 31 evals, 2407.9s elapsed, c̃=0.8045791553, g_norm=8.99e-01
  p=12 start 1: 32 evals, 2485.3s elapsed, c̃=0.7578550387, g_norm=7.81e-01
  p=12 start 1: 33 evals, 2566.3s elapsed, c̃=0.8904594658, g_norm=2.58e+00
  p=12 start 1: 34 evals, 2646.4s elapsed, c̃=0.8650877024, g_norm=2.07e+00
  p=12 start 1: 35 evals, 2726.0s elapsed, c̃=0.8374559760, g_norm=1.84e+00
  p=12 start 1: 36 evals, 2809.7s elapsed, c̃=0.7932239020, g_norm=9.70e-01
  p=12 start 1: 37 evals, 2887.9s elapsed, c̃=0.9289854281, g_norm=2.29e+00
  p=12 start 1: 38 evals, 2966.2s elapsed, c̃=0.7581387632, g_norm=8.79e-01
  p=12 start 1: 39 evals, 3045.3s elapsed, c̃=0.8329276754, g_norm=1.62e+00
  p=12 start 1: 40 evals, 3123.4s elapsed, c̃=0.8698082026, g_norm=3.85e+00
  p=12 start 1: 41 evals, 3202.4s elapsed, c̃=0.7995331930, g_norm=1.55e+00
  p=12 start 1: 42 evals, 3281.9s elapsed, c̃=0.8307456020, g_norm=2.26e+00
  p=12 start 1: 43 evals, 3362.3s elapsed, c̃=0.8625644956, g_norm=2.10e+00
  p=12 start 1: 44 evals, 3449.7s elapsed, c̃=0.8096828668, g_norm=3.36e+00
  p=12 start 1: 45 evals, 3529.4s elapsed, c̃=0.8204116583, g_norm=1.72e+00
  p=12 start 1: 46 evals, 3607.9s elapsed, c̃=0.7617433072, g_norm=6.18e-01
  p=12 start 1: 47 evals, 3688.7s elapsed, c̃=0.8273836582, g_norm=1.91e+00
  p=12 start 1: 48 evals, 3768.2s elapsed, c̃=0.7896807065, g_norm=1.34e+00
  p=12 start 1: 49 evals, 3845.7s elapsed, c̃=0.7870537484, g_norm=2.68e+00
  p=12 start 1: 50 evals, 3930.9s elapsed, c̃=0.8218324169, g_norm=1.75e+00
  p=12 start 1: 51 evals, 4011.2s elapsed, c̃=0.7528606070, g_norm=2.21e+00
  p=12 start 1: 52 evals, 4091.0s elapsed, c̃=0.8567940563, g_norm=4.24e+00
  p=12 start 1: 53 evals, 4168.8s elapsed, c̃=0.8298565298, g_norm=1.65e+00
  p=12 start 1: 54 evals, 4246.7s elapsed, c̃=0.7767901238, g_norm=1.90e+00
  p=12 start 1: 55 evals, 4323.4s elapsed, c̃=0.8441580983, g_norm=2.45e+00
  p=12 start 1: 56 evals, 4401.3s elapsed, c̃=0.8739207337, g_norm=4.42e+00
  p=12 start 1: 57 evals, 4484.7s elapsed, c̃=0.7746698732, g_norm=1.60e+00
  p=12 start 1: 58 evals, 4564.4s elapsed, c̃=0.7918854353, g_norm=1.34e+00
  p=12 start 1: 59 evals, 4643.4s elapsed, c̃=0.8046919919, g_norm=7.30e-01
  p=12 start 1: 60 evals, 4723.5s elapsed, c̃=0.7820382264, g_norm=7.66e-01
  p=12 start 1: 61 evals, 4801.4s elapsed, c̃=0.8264286762, g_norm=2.72e+00
  p=12 start 1: 62 evals, 4880.7s elapsed, c̃=0.8921600841, g_norm=4.21e+00
  p=12 start 1: 63 evals, 4960.4s elapsed, c̃=0.8153197474, g_norm=1.48e+00
  p=12 start 1: 64 evals, 5039.6s elapsed, c̃=0.7813548220, g_norm=7.86e-01
  p=12 start 1: 65 evals, 5119.5s elapsed, c̃=0.8375078091, g_norm=2.87e+00
  p=12 start 1: 66 evals, 5198.7s elapsed, c̃=0.7927996513, g_norm=1.68e+00
  p=12 start 1: 67 evals, 5277.4s elapsed, c̃=0.8628408458, g_norm=2.82e+00
  p=12 start 1: 68 evals, 5355.9s elapsed, c̃=0.7680950708, g_norm=6.42e-01
  p=12 start 1: 69 evals, 5439.6s elapsed, c̃=0.7697794359, g_norm=8.65e-01
  p=12 start 1: 70 evals, 5517.8s elapsed, c̃=0.7956896418, g_norm=1.41e+00
  p=12 start 1: 71 evals, 5595.9s elapsed, c̃=0.8421614655, g_norm=3.24e+00
  p=12 start 1: 72 evals, 5676.0s elapsed, c̃=0.9429140633, g_norm=2.07e+00
  p=12 start 1: 73 evals, 5760.0s elapsed, c̃=0.8385897976, g_norm=2.69e+00
  p=12 start 1: 74 evals, 5839.5s elapsed, c̃=0.8469150058, g_norm=3.77e+00
  p=12 start 1: 75 evals, 5917.6s elapsed, c̃=0.9260451370, g_norm=2.38e+00
  p=12 start 1: 76 evals, 5999.2s elapsed, c̃=0.8274367138, g_norm=1.48e+00
  p=12 start 1: 77 evals, 6077.4s elapsed, c̃=0.8016395404, g_norm=3.27e+00
  p=12 start 1: 78 evals, 6161.1s elapsed, c̃=0.9172173839, g_norm=2.53e+00
  p=12 start 1: 79 evals, 6244.1s elapsed, c̃=0.9249959932, g_norm=1.85e+00
  p=12 start 1: 80 evals, 6323.8s elapsed, c̃=0.9101275940, g_norm=3.36e+00
  p=12 start 1: 81 evals, 6407.1s elapsed, c̃=0.9377535742, g_norm=1.71e+00
  p=12 start 1: 82 evals, 6490.3s elapsed, c̃=0.9429140633, g_norm=2.07e+00
  p=12 start 1: 83 evals, 6570.1s elapsed, c̃=0.9377535742, g_norm=1.71e+00
  p=12 start 1: 84 evals, 6648.7s elapsed, c̃=0.9429140633, g_norm=2.07e+00
  p=12 start 1: 85 evals, 6728.1s elapsed, c̃=0.9377535742, g_norm=1.71e+00
  p=12 start 1: 86 evals, 6810.7s elapsed, c̃=0.9429140633, g_norm=2.07e+00
  p=12 start 1: 87 evals, 6890.4s elapsed, c̃=0.9377535742, g_norm=1.71e+00
  p=12 start 1: 88 evals, 6968.4s elapsed, c̃=0.9429140633, g_norm=2.07e+00
  p=12 start 1: 89 evals, 7044.8s elapsed, c̃=0.9377535742, g_norm=1.71e+00
  p=12 start 1: 90 evals, 7121.5s elapsed, c̃=0.9429140633, g_norm=2.07e+00
  p=12 start 1: 91 evals, 7203.2s elapsed, c̃=0.9377535742, g_norm=1.71e+00
  p=12 start 1: 92 evals, 7282.3s elapsed, c̃=0.9429140633, g_norm=2.07e+00
  p=12 start 1: 93 evals, 7360.4s elapsed, c̃=0.9377535742, g_norm=1.71e+00
  p=12 start 1: 94 evals, 7438.0s elapsed, c̃=0.9429140633, g_norm=2.07e+00
  p=12 start 1: 95 evals, 7516.0s elapsed, c̃=0.9377535742, g_norm=1.71e+00
  p=12 start 1: 96 evals, 7594.4s elapsed, c̃=0.9429140633, g_norm=2.07e+00
  p=12 start 1: 97 evals, 7678.4s elapsed, c̃=0.9377535742, g_norm=1.71e+00
  p=12 start 1: 98 evals, 7757.5s elapsed, c̃=0.9429140633, g_norm=2.07e+00
  p=12 start 1: 99 evals, 7835.8s elapsed, c̃=0.9377535742, g_norm=1.71e+00
  p=12 start 1: 100 evals, 7914.4s elapsed, c̃=0.9429140633, g_norm=2.07e+00
  p=12 start 1: 101 evals, 7999.0s elapsed, c̃=0.9377535742, g_norm=1.71e+00
  p=12 start 1: 102 evals, 8078.2s elapsed, c̃=0.9429140633, g_norm=2.07e+00
  p=12 start 1: 103 evals, 8157.6s elapsed, c̃=0.9377535742, g_norm=1.71e+00
  p=13 start 1: 2 evals, 387.4s elapsed
  p=13 start 1: 3 evals, 773.0s elapsed, c̃=0.4999999906, g_norm=1.56e-05
  p=13 start 1: 4 evals, 1162.5s elapsed, c̃=0.4867927648, g_norm=2.18e+01
  p=13 start 1: 5 evals, 1551.8s elapsed, c̃=0.8410843385, g_norm=4.84e+01
  p=13 start 1: 6 evals, 1941.1s elapsed, c̃=0.5000113507, g_norm=2.80e-03
  p=13 start 1: 7 evals, 2326.2s elapsed, c̃=0.4999866376, g_norm=7.29e-03
  p=13 start 1: 8 evals, 2714.6s elapsed, c̃=0.4999989761, g_norm=8.08e-05
  p=13 start 1: 9 evals, 3115.7s elapsed, c̃=0.4999995117, g_norm=2.46e-04
  p=13 start 1: 10 evals, 3513.2s elapsed, c̃=0.4990729220, g_norm=1.58e-01
  p=13 start 1: 11 evals, 3871.9s elapsed, c̃=0.4999265184, g_norm=1.01e-02
  p=13 start 1: 12 evals, 4277.1s elapsed, c̃=0.4999947049, g_norm=1.53e-03
  p=13 start 1: 13 evals, 4674.0s elapsed, c̃=0.5002302203, g_norm=4.15e-02
  p=13 start 1: 14 evals, 5065.7s elapsed, c̃=0.5002116293, g_norm=3.00e-02
  p=13 start 1: 15 evals, 5460.9s elapsed, c̃=0.4999975276, g_norm=7.79e-04
  p=13 start 1: 16 evals, 5853.8s elapsed, c̃=0.4996730958, g_norm=1.12e-01
  p=13 start 1: 17 evals, 6223.7s elapsed, c̃=0.4999981858, g_norm=1.80e-02
  p=13 start 1: 18 evals, 6614.4s elapsed, c̃=0.5000641220, g_norm=1.20e-02
  p=13 start 1: 19 evals, 7007.1s elapsed, c̃=0.4998972876, g_norm=2.81e-02
  p=13 start 1: 20 evals, 7378.8s elapsed, c̃=0.4999966029, g_norm=3.47e-04
  p=13 start 1: 21 evals, 7768.7s elapsed, c̃=0.4999983729, g_norm=4.04e-03
  p=13 start 1: 22 evals, 8155.4s elapsed, c̃=0.4999990544, g_norm=3.16e-04
  p=13 start 1: 23 evals, 8539.2s elapsed, c̃=0.5000681873, g_norm=1.06e-01
  p=13 start 1: 24 evals, 8925.5s elapsed, c̃=0.4999997931, g_norm=5.58e-05
  p=13 start 1: 25 evals, 9310.5s elapsed, c̃=0.4974686262, g_norm=4.91e-01
  p=13 start 1: 26 evals, 9699.5s elapsed, c̃=0.4999540506, g_norm=5.40e-02
  p=13 start 1: 27 evals, 10089.8s elapsed, c̃=0.4999822002, g_norm=4.57e-03
  p=13 start 1: 28 evals, 10480.9s elapsed, c̃=0.5000299118, g_norm=2.94e-03
  p=13 start 1: 29 evals, 10878.5s elapsed, c̃=0.4999993819, g_norm=8.65e-04
  p=13 start 1: 30 evals, 11273.6s elapsed, c̃=0.4999962244, g_norm=3.36e-03
  p=13 start 1: 31 evals, 11669.4s elapsed, c̃=0.5000389599, g_norm=1.36e-02
  p=13 start 1: 32 evals, 12059.3s elapsed, c̃=0.4999991667, g_norm=2.51e-04
  p=13 start 1: 33 evals, 12456.3s elapsed, c̃=0.4999943046, g_norm=1.19e-03
  p=13 start 1: 34 evals, 12822.5s elapsed, c̃=0.4999993458, g_norm=3.88e-03
  p=13 start 1: 35 evals, 13246.4s elapsed, c̃=0.5000088355, g_norm=1.52e-03
  p=13 start 1: 36 evals, 13615.5s elapsed, c̃=0.4999988356, g_norm=4.45e-04
  p=13 start 1: 37 evals, 14018.6s elapsed, c̃=0.4999703419, g_norm=6.04e-03
  p=13 start 1: 38 evals, 14386.1s elapsed, c̃=0.4999968708, g_norm=4.83e-02
  p=13 start 1: 39 evals, 14779.5s elapsed, c̃=0.5000012418, g_norm=7.22e-03
  p=13 start 1: 40 evals, 15167.1s elapsed, c̃=0.4952803953, g_norm=3.93e-01
  p=13 start 1: 41 evals, 15554.5s elapsed, c̃=0.4999975115, g_norm=2.35e-04
  p=13 start 1: 42 evals, 15939.4s elapsed, c̃=0.4999981896, g_norm=3.25e-04
  p=13 start 1: 43 evals, 16326.0s elapsed, c̃=0.4999889712, g_norm=4.44e-03
  p=13 start 1: 44 evals, 16733.3s elapsed, c̃=0.4998667120, g_norm=1.18e-02
  p=13 start 1: 45 evals, 17130.0s elapsed, c̃=0.4999991077, g_norm=3.67e-04
  p=13 start 1: 46 evals, 17490.3s elapsed, c̃=0.4998871670, g_norm=1.67e-02
  p=13 start 1: 47 evals, 17881.5s elapsed, c̃=0.5000000506, g_norm=1.78e-04
  p=13 start 1: 48 evals, 18269.1s elapsed, c̃=0.5000236802, g_norm=3.74e-03
  p=13 start 1: 49 evals, 18662.0s elapsed, c̃=0.5000021642, g_norm=2.44e-04
  p=13 start 1: 50 evals, 19054.0s elapsed, c̃=0.5007095565, g_norm=1.04e-01
  p=13 start 1: 51 evals, 19447.5s elapsed, c̃=0.4999812118, g_norm=2.81e-03
  p=13 start 1: 52 evals, 19839.8s elapsed, c̃=0.4999961138, g_norm=1.39e-03
  p=13 start 1: 53 evals, 20236.0s elapsed, c̃=0.5000172735, g_norm=3.26e-03
  p=13 start 1: 54 evals, 20628.5s elapsed, c̃=0.5000123719, g_norm=1.54e-03
  p=13 start 1: 55 evals, 21017.5s elapsed, c̃=0.5000098696, g_norm=2.34e-03
  p=13 start 1: 56 evals, 21411.6s elapsed, c̃=0.4999812236, g_norm=7.01e-03
  p=13 start 1: 57 evals, 21819.3s elapsed, c̃=0.4999033907, g_norm=1.58e-01
  p=13 start 1: 58 evals, 22195.5s elapsed, c̃=0.5038779758, g_norm=5.23e+00
  p=13 start 1: 59 evals, 22614.3s elapsed, c̃=0.4999033907, g_norm=1.58e-01
  p=13 start 1: 60 evals, 22998.4s elapsed, c̃=0.5006473736, g_norm=2.38e+00
  p=13 start 1: 61 evals, 23391.2s elapsed, c̃=0.4958120674, g_norm=8.63e-01
  p=13 start 1: 62 evals, 23780.4s elapsed, c̃=0.4912754511, g_norm=1.33e+00
  p=13 start 1: 63 evals, 24164.6s elapsed, c̃=0.4993452610, g_norm=1.95e-01
  p=13 start 1: 64 evals, 24555.9s elapsed, c̃=0.4877452084, g_norm=2.20e+00
  p=13 start 1: 65 evals, 24944.2s elapsed, c̃=0.4978072897, g_norm=2.17e+00
  p=13 start 1: 66 evals, 25329.3s elapsed, c̃=0.5038779758, g_norm=5.23e+00
  p=13 start 1: 67 evals, 25713.6s elapsed, c̃=0.4978072897, g_norm=2.17e+00
  p=13 start 1: 68 evals, 26102.2s elapsed, c̃=0.5038779758, g_norm=5.23e+00
  p=13 start 1: 69 evals, 26489.4s elapsed, c̃=0.4978072897, g_norm=2.17e+00
  p=13 start 1: 70 evals, 26878.3s elapsed, c̃=0.5038779758, g_norm=5.23e+00
  p=13 start 1: 71 evals, 27275.7s elapsed, c̃=0.4978072897, g_norm=2.17e+00
  p=13 start 1: 72 evals, 27672.0s elapsed, c̃=0.5038779758, g_norm=5.23e+00
  p=13 start 1: 73 evals, 28031.4s elapsed, c̃=0.4978072897, g_norm=2.17e+00
  p=13 start 1: 74 evals, 28427.4s elapsed, c̃=0.5038779758, g_norm=5.23e+00
  p=13 start 1: 75 evals, 28812.4s elapsed, c̃=0.4978072897, g_norm=2.17e+00
  p=13 start 1: 76 evals, 29195.7s elapsed, c̃=0.5038779758, g_norm=5.23e+00
  p=13 start 1: 77 evals, 29600.1s elapsed, c̃=0.4978072897, g_norm=2.17e+00
  p=13 start 1: 78 evals, 29982.4s elapsed, c̃=0.5038779758, g_norm=5.23e+00
  p=13 start 1: 79 evals, 30386.2s elapsed, c̃=0.4978072897, g_norm=2.17e+00
  p=13 start 1: 80 evals, 30748.3s elapsed, c̃=0.5038779758, g_norm=5.23e+00
  p=13 start 1: 81 evals, 31145.2s elapsed, c̃=0.4978072897, g_norm=2.17e+00
  p=13 start 1: 82 evals, 31533.3s elapsed, c̃=0.5038779758, g_norm=5.23e+00
  p=13 start 1: 83 evals, 31920.3s elapsed, c̃=0.4978072897, g_norm=2.17e+00
  p=13 start 1: 84 evals, 32303.2s elapsed, c̃=0.4988494716, g_norm=4.39e-01
  p=13 start 1: 85 evals, 32692.6s elapsed, c̃=0.5000011964, g_norm=3.70e-04
  p=13 start 1: 86 evals, 33096.5s elapsed, c̃=0.4999931483, g_norm=6.59e-03
  p=13 start 1: 87 evals, 33488.7s elapsed, c̃=0.5000092830, g_norm=2.33e-03
slurmstepd: error: *** JOB 1098089 ON swift-c3dnodeset-7 CANCELLED AT 2026-04-08T17:41:11 ***
