Precompiling packages...
    QaoaXorsat Being precompiled by another process (pid: 0, pidfile: /home/stephenjordan_google_com/.julia/compiled/v1.12/QaoaXorsat/qgVWo_H0iNu.ji.pidfile)
  31351.8 ms  ✓ QaoaXorsat
  1 dependency successfully precompiled in 36 seconds. 52 already precompiled.
preserved run_id=20260401T022535-k3-d7-p9-15-r2-i320-s1234
preserved directory=/home/stephenjordan_google_com/qaoa-xorsat/scripts/../.project/results/optimization/runs/20260401T022535-k3-d7-p9-15-r2-i320-s1234
resuming from: /home/stephenjordan_google_com/qaoa-xorsat/.project/results/optimization/runs/20260331T232833-k3-d7-p1-15-r2-i320-s1234
warm-start from p=8: c̃=0.755518998198
[ Info: JIT warmup...
[ Info: JIT warmup complete, starting sweep
  p=9 start 2: 31 evals, 30.0s elapsed, c̃=0.5276247817, g_norm=3.41e-01
  p=9 start 1: 31 evals, 30.2s elapsed, c̃=0.7637051191, g_norm=1.57e-03
  p=9 start 2: 62 evals, 60.5s elapsed, c̃=0.6704476731, g_norm=1.83e-01
  p=9 start 1: 63 evals, 61.2s elapsed, c̃=0.7637092193, g_norm=8.86e-04
  p=9 start 1: 94 evals, 91.4s elapsed, c̃=0.7637117057, g_norm=3.41e-04
  p=9 start 2: 93 evals, 91.4s elapsed, c̃=0.7138845920, g_norm=2.75e-02
  p=9 start 2: 124 evals, 122.2s elapsed, c̃=0.7197505266, g_norm=9.52e-02
  p=9 start 1: 125 evals, 122.2s elapsed, c̃=0.7637093684, g_norm=3.49e-04
  p=9 start 2: 155 evals, 153.1s elapsed, c̃=0.7211264577, g_norm=7.36e-02
  p=9 start 1: 156 evals, 153.1s elapsed, c̃=0.7637102456, g_norm=2.75e-04
  p=9 start 1: 187 evals, 183.8s elapsed, c̃=0.7637134842, g_norm=2.77e-04
  p=9 start 2: 186 evals, 183.8s elapsed, c̃=0.7231828980, g_norm=3.88e-03
  p=9 start 2: 217 evals, 214.4s elapsed, c̃=0.7235594411, g_norm=1.53e-02
  p=9 start 1: 218 evals, 214.4s elapsed, c̃=0.7637132544, g_norm=3.44e-04
  p=9 start 1: 249 evals, 244.4s elapsed, c̃=0.7637127707, g_norm=6.64e-04
  p=9 start 2: 248 evals, 245.1s elapsed, c̃=0.7244172471, g_norm=6.56e-03
  p=9 start 1: 280 evals, 275.1s elapsed, c̃=0.7637101752, g_norm=3.14e-04
  p=9 start 2: 279 evals, 275.1s elapsed, c̃=0.7244454348, g_norm=5.35e-04
  p=9 start 2: 310 evals, 305.1s elapsed, c̃=0.7244453922, g_norm=4.98e-04
  p=9 start 1: 312 evals, 305.9s elapsed, c̃=0.7637095708, g_norm=2.63e-04
  p=9 start 2: 341 evals, 335.6s elapsed, c̃=0.7244446308, g_norm=2.40e-04
  p=9 start 1: 343 evals, 336.6s elapsed, c̃=0.7637118751, g_norm=2.60e-04
  p=9 start 2: 372 evals, 366.5s elapsed, c̃=0.7244458780, g_norm=2.39e-04
  p=9 start 1: 374 evals, 367.6s elapsed, c̃=0.7637118738, g_norm=2.65e-04
  p=9 start 2: 403 evals, 396.6s elapsed, c̃=0.7244441685, g_norm=1.75e-04
  p=9 start 1: 405 evals, 397.9s elapsed, c̃=0.7637122221, g_norm=2.31e-04
  p=9 start 2: 434 evals, 426.6s elapsed, c̃=0.7244442748, g_norm=1.20e-04
  p=9 start 1: 436 evals, 427.9s elapsed, c̃=0.7637123070, g_norm=1.74e-04
  p=9 start 2: 466 evals, 457.1s elapsed, c̃=0.7244450305, g_norm=1.54e-04
  p=9 start 1: 468 evals, 458.7s elapsed, c̃=0.7637107075, g_norm=1.36e-04
  p=9 start 2: 498 evals, 487.8s elapsed, c̃=0.7244444761, g_norm=1.66e-04
  p=9 start 1: 499 evals, 488.8s elapsed, c̃=0.7637122231, g_norm=8.36e-05
  p=9 start 2: 529 evals, 518.1s elapsed, c̃=0.7244448594, g_norm=1.95e-04
  p=9 start 1: 530 evals, 519.1s elapsed, c̃=0.7637113064, g_norm=1.21e-04
  p=9 start 2: 560 evals, 548.5s elapsed, c̃=0.7244435871, g_norm=8.16e-05
  p=9 start 1: 561 evals, 549.8s elapsed, c̃=0.7637110215, g_norm=1.89e-04
  p=9 start 2: 592 evals, 579.2s elapsed, c̃=0.7244447689, g_norm=7.53e-05
  p=9 start 1: 592 evals, 580.3s elapsed, c̃=0.7637122322, g_norm=9.02e-05
  p=9 start 2: 623 evals, 609.3s elapsed, c̃=0.7244459977, g_norm=9.68e-05
  p=9 start 1: 623 evals, 610.4s elapsed, c̃=0.7637124984, g_norm=1.54e-04
  p=9 start 2: 654 evals, 639.9s elapsed, c̃=0.7244441917, g_norm=1.07e-04
  p=9 start 1: 654 evals, 640.9s elapsed, c̃=0.7637106890, g_norm=1.07e-04
  p=9 start 2: 685 evals, 670.3s elapsed, c̃=0.7244452702, g_norm=7.36e-05
  p=9 start 1: 686 evals, 671.8s elapsed, c̃=0.7637103035, g_norm=1.54e-04
  p=9 start 2: 717 evals, 701.0s elapsed, c̃=0.7244446954, g_norm=1.30e-04
  p=9 start 1: 718 evals, 702.4s elapsed, c̃=0.7637124554, g_norm=9.70e-05
  p=9 start 2: 749 evals, 732.0s elapsed, c̃=0.7244444353, g_norm=1.15e-04
  p=9 start 1: 750 evals, 732.9s elapsed, c̃=0.7637103736, g_norm=1.30e-04
  p=9 start 2: 780 evals, 762.2s elapsed, c̃=0.7244438256, g_norm=2.05e-04
  p=9 start 1: 782 evals, 763.7s elapsed, c̃=0.7637118517, g_norm=1.36e-04
  p=9 start 2: 812 evals, 792.5s elapsed, c̃=0.7244465848, g_norm=2.05e-04
  p=9 start 1: 814 evals, 794.4s elapsed, c̃=0.7637098679, g_norm=1.57e-04
  p=9 start 2: 843 evals, 822.5s elapsed, c̃=0.7244439575, g_norm=2.05e-04
  p=9 start 1: 845 evals, 824.6s elapsed, c̃=0.7637118905, g_norm=2.26e-04
  p=9 start 2: 874 evals, 852.8s elapsed, c̃=0.7244462201, g_norm=2.03e-04
  p=9 start 1: 876 evals, 854.8s elapsed, c̃=0.7637106296, g_norm=2.22e-04
  p=9 start 2: 906 evals, 883.7s elapsed, c̃=0.7244446678, g_norm=1.95e-04
  p=9 start 1: 908 evals, 885.4s elapsed, c̃=0.7637109709, g_norm=1.59e-04
  p=9 start 2: 937 evals, 914.3s elapsed, c̃=0.7244431617, g_norm=1.03e-04
  p=9 start 1: 939 evals, 915.7s elapsed, c̃=0.7637128206, g_norm=9.99e-05
  p=9 start 2: 968 evals, 944.7s elapsed, c̃=0.7244461743, g_norm=1.31e-04
  p=9 start 1: 970 evals, 945.9s elapsed, c̃=0.7637122635, g_norm=1.21e-04
  p=9 start 2: 999 evals, 975.1s elapsed, c̃=0.7244465498, g_norm=9.38e-05
  p=9 start 1: 1001 evals, 976.5s elapsed, c̃=0.7637088909, g_norm=1.67e-04
  p=9 start 2: 1030 evals, 1005.9s elapsed, c̃=0.7244455902, g_norm=8.11e-05
  p=9 start 1: 1031 evals, 1006.8s elapsed, c̃=0.7637082796, g_norm=2.06e-04
  p=9 start 2: 1061 evals, 1036.3s elapsed, c̃=0.7244462041, g_norm=6.42e-05
  p=9 start 1: 1063 evals, 1037.3s elapsed, c̃=0.7637122709, g_norm=1.77e-04
  p=9 start 2: 1092 evals, 1066.4s elapsed, c̃=0.7244449511, g_norm=6.07e-05
  p=9 start 1: 1095 evals, 1067.3s elapsed, c̃=0.7637106052, g_norm=1.26e-04
  p=9 start 2: 1124 evals, 1097.0s elapsed, c̃=0.7244465808, g_norm=6.41e-05
  p=9 start 1: 1127 evals, 1097.6s elapsed, c̃=0.7637083588, g_norm=2.19e-04
  p=9 start 2: 1156 evals, 1127.3s elapsed, c̃=0.7244476356, g_norm=6.52e-05
  p=9 start 1: 1159 evals, 1127.7s elapsed, c̃=0.7637115619, g_norm=1.48e-04
  p=9 start 1: 1197 evals, 1158.2s elapsed, c̃=0.7637122398, g_norm=1.49e-04
  p=9 start 1: 1236 evals, 1188.4s elapsed, c̃=0.7637110006, g_norm=1.29e-04
  p=9 start 1: 1275 evals, 1218.6s elapsed, c̃=0.7637105359, g_norm=1.50e-04
  p=9 start 1: 1315 evals, 1249.2s elapsed, c̃=0.7637126129, g_norm=2.13e-04
  p=9 start 1: 1356 evals, 1279.9s elapsed, c̃=0.7637118273, g_norm=1.34e-04
  p=9 start 1: 1397 evals, 1310.4s elapsed, c̃=0.7637130338, g_norm=1.22e-04
  p=9 start 1: 1437 evals, 1340.6s elapsed, c̃=0.7637121642, g_norm=1.62e-04
  p=9 start 1: 1478 evals, 1370.8s elapsed, c̃=0.7637117776, g_norm=1.16e-04
  p=9 start 1: 1518 evals, 1401.4s elapsed, c̃=0.7637110864, g_norm=2.01e-04
  p=9 start 1: 1558 evals, 1432.0s elapsed, c̃=0.7637098084, g_norm=1.46e-04
  p=9 start 1: 1597 evals, 1462.3s elapsed, c̃=0.7637094531, g_norm=1.69e-04
  p=9 start 1: 1636 evals, 1492.6s elapsed, c̃=0.7637121326, g_norm=2.39e-04
  p=9 start 1: 1676 evals, 1523.3s elapsed, c̃=0.7637104907, g_norm=1.83e-04
  p=9 start 1: 1716 evals, 1554.0s elapsed, c̃=0.7637122475, g_norm=1.52e-04
  p=9 start 1: 1757 evals, 1584.7s elapsed, c̃=0.7637114318, g_norm=1.67e-04
  p=9 start 1: 1798 evals, 1615.3s elapsed, c̃=0.7637143133, g_norm=1.40e-04
  p=9 start 1: 1838 evals, 1646.0s elapsed, c̃=0.7637112310, g_norm=1.45e-04
  p=9 start 1: 1877 evals, 1676.1s elapsed, c̃=0.7637126827, g_norm=2.13e-04
  p=9 start 1: 1917 evals, 1706.6s elapsed, c̃=0.7637135067, g_norm=1.15e-04
  p=9 start 1: 1957 evals, 1736.7s elapsed, c̃=0.7637097343, g_norm=1.32e-04
  p=9 start 1: 1997 evals, 1767.4s elapsed, c̃=0.7637126381, g_norm=1.35e-04
  p=9 start 1: 2037 evals, 1797.9s elapsed, c̃=0.7637112361, g_norm=1.46e-04
  p=9 start 1: 2077 evals, 1828.6s elapsed, c̃=0.7637130624, g_norm=1.08e-04
  p=9 start 1: 2117 evals, 1859.0s elapsed, c̃=0.7637132248, g_norm=1.36e-04
  p=9 start 1: 2157 evals, 1889.7s elapsed, c̃=0.7637111770, g_norm=1.84e-04
  p=9 start 1: 2196 evals, 1920.4s elapsed, c̃=0.7637112550, g_norm=1.99e-04
  p=9 start 1: 2235 evals, 1950.5s elapsed, c̃=0.7637132651, g_norm=1.60e-04
  p=9 start 1: 2275 evals, 1980.7s elapsed, c̃=0.7637117913, g_norm=1.86e-04
  p=9 start 1: 2315 evals, 2011.0s elapsed, c̃=0.7637119831, g_norm=1.35e-04
  p=9 start 1: 2354 evals, 2041.1s elapsed, c̃=0.7637125167, g_norm=1.35e-04
  p=9 start 1: 2394 evals, 2071.3s elapsed, c̃=0.7637126578, g_norm=1.52e-04
  p=9 start 1: 2434 evals, 2101.9s elapsed, c̃=0.7637097951, g_norm=1.72e-04
  p=9 start 1: 2474 evals, 2132.4s elapsed, c̃=0.7637111400, g_norm=1.44e-04
  p=9 start 1: 2514 evals, 2162.9s elapsed, c̃=0.7637107072, g_norm=8.25e-05
  p=9 start 1: 2554 evals, 2193.2s elapsed, c̃=0.7637115227, g_norm=9.31e-05
  p=9 start 1: 2593 evals, 2223.3s elapsed, c̃=0.7637112660, g_norm=1.42e-04
  p=9 start 1: 2633 evals, 2253.5s elapsed, c̃=0.7637116947, g_norm=7.88e-05
  p=9 start 1: 2673 evals, 2283.9s elapsed, c̃=0.7637120111, g_norm=1.87e-04
  p=9 start 1: 2713 evals, 2314.1s elapsed, c̃=0.7637114190, g_norm=8.55e-05
  p=9 start 1: 2753 evals, 2344.6s elapsed, c̃=0.7637101815, g_norm=1.20e-04
  p=9 start 1: 2793 evals, 2375.0s elapsed, c̃=0.7637113862, g_norm=1.19e-04
  p=9 start 1: 2832 evals, 2405.0s elapsed, c̃=0.7637135505, g_norm=1.34e-04
  p=9 start 1: 2872 evals, 2435.6s elapsed, c̃=0.7637110087, g_norm=1.04e-04
  p=9 start 1: 2912 evals, 2465.9s elapsed, c̃=0.7637113341, g_norm=1.28e-04
  p=9 start 1: 2952 evals, 2496.3s elapsed, c̃=0.7637119747, g_norm=1.94e-04
  p=9 start 1: 2992 evals, 2526.5s elapsed, c̃=0.7637138330, g_norm=6.18e-05
  p=9 start 1: 3032 evals, 2557.1s elapsed, c̃=0.7637118114, g_norm=1.36e-04
  p=9 start 1: 3072 evals, 2587.8s elapsed, c̃=0.7637112266, g_norm=1.20e-04
  p=9 start 1: 3112 evals, 2618.0s elapsed, c̃=0.7637110305, g_norm=1.76e-04
  p=9 start 1: 3152 evals, 2648.1s elapsed, c̃=0.7637132515, g_norm=1.38e-04
  p=9 start 1: 3192 evals, 2678.4s elapsed, c̃=0.7637140431, g_norm=1.64e-04
  p=9 start 1: 3232 evals, 2708.5s elapsed, c̃=0.7637106813, g_norm=8.81e-05
  p=9 start 1: 3272 evals, 2739.0s elapsed, c̃=0.7637105270, g_norm=1.32e-04
  p=9 start 1: 3312 evals, 2769.6s elapsed, c̃=0.7637130138, g_norm=4.81e-05
  p=9 start 1: 3352 evals, 2800.0s elapsed, c̃=0.7637109873, g_norm=1.31e-04
  p=9 start 1: 3392 evals, 2830.2s elapsed, c̃=0.7637122055, g_norm=1.42e-04
  p=9 start 1: 3431 evals, 2860.2s elapsed, c̃=0.7637119551, g_norm=8.86e-05
  p=9 start 1: 3471 evals, 2890.9s elapsed, c̃=0.7637105622, g_norm=2.25e-04
  p=9 start 1: 3511 evals, 2921.1s elapsed, c̃=0.7637112441, g_norm=1.35e-04
  p=9 start 1: 3551 evals, 2951.3s elapsed, c̃=0.7637119934, g_norm=1.35e-04
  p=9 start 1: 3591 evals, 2982.0s elapsed, c̃=0.7637115850, g_norm=1.30e-04
  p=9 start 1: 3631 evals, 3012.5s elapsed, c̃=0.7637120207, g_norm=1.12e-04
  p=9 start 1: 3671 evals, 3042.8s elapsed, c̃=0.7637126168, g_norm=1.13e-04
  p=9 start 1: 3712 evals, 3073.4s elapsed, c̃=0.7637089121, g_norm=1.04e-04
  p=9 start 1: 3753 evals, 3103.7s elapsed, c̃=0.7637139049, g_norm=1.67e-04
  p=9 start 1: 3793 evals, 3134.2s elapsed, c̃=0.7637113396, g_norm=1.19e-04
  p=9 start 1: 3833 evals, 3164.7s elapsed, c̃=0.7637112226, g_norm=7.47e-05
  p=9 start 1: 3873 evals, 3194.7s elapsed, c̃=0.7637134669, g_norm=8.65e-05
  p=9 start 1: 3912 evals, 3224.8s elapsed, c̃=0.7637099376, g_norm=1.86e-04
  p=9 start 1: 3952 evals, 3255.0s elapsed, c̃=0.7637110296, g_norm=1.25e-04
  p=9 start 1: 3992 evals, 3285.3s elapsed, c̃=0.7637125852, g_norm=1.67e-04
  p=9 start 1: 4032 evals, 3315.7s elapsed, c̃=0.7637132992, g_norm=1.16e-04
  p=9 start 1: 4072 evals, 3345.9s elapsed, c̃=0.7637117285, g_norm=1.01e-04
  p=9 start 1: 4112 evals, 3376.4s elapsed, c̃=0.7637117679, g_norm=1.11e-04
  p=9 start 1: 4152 evals, 3406.8s elapsed, c̃=0.7637132157, g_norm=1.11e-04
  p=9 start 1: 4192 evals, 3437.3s elapsed, c̃=0.7637118906, g_norm=4.80e-05
  p=9 start 1: 4232 evals, 3467.9s elapsed, c̃=0.7637124045, g_norm=4.55e-05
  p=9 start 1: 4271 evals, 3498.4s elapsed, c̃=0.7637125787, g_norm=1.61e-04
  p=9 start 1: 4311 evals, 3528.5s elapsed, c̃=0.7637102186, g_norm=3.36e-05
  p=9 start 1: 4352 evals, 3558.9s elapsed, c̃=0.7637114791, g_norm=1.14e-04
  p=9 start 1: 4392 evals, 3589.5s elapsed, c̃=0.7637104292, g_norm=5.63e-05
  p=9 start 1: 4432 evals, 3619.9s elapsed, c̃=0.7637108343, g_norm=8.69e-05
  p=9 start 1: 4472 evals, 3650.2s elapsed, c̃=0.7637109470, g_norm=1.52e-04
  p=9 start 1: 4512 evals, 3680.3s elapsed, c̃=0.7637116271, g_norm=1.24e-04
  p=9 start 1: 4552 evals, 3711.0s elapsed, c̃=0.7637124507, g_norm=1.35e-04
  p=9 start 1: 4592 evals, 3741.2s elapsed, c̃=0.7637119567, g_norm=1.32e-04
  p=9 start 1: 4634 evals, 3771.9s elapsed, c̃=0.7637134730, g_norm=1.43e-04
  p=9 start 1: 4674 evals, 3802.3s elapsed, c̃=0.7637103382, g_norm=1.17e-04
  p=9 start 1: 4714 evals, 3832.6s elapsed, c̃=0.7637132504, g_norm=1.03e-04
  p=9 start 1: 4754 evals, 3862.7s elapsed, c̃=0.7637133463, g_norm=9.12e-05
  p=9 start 1: 4795 evals, 3893.4s elapsed, c̃=0.7637109924, g_norm=7.78e-05
  p=9 start 1: 4835 evals, 3923.6s elapsed, c̃=0.7637106917, g_norm=1.16e-04
  p=9 start 1: 4875 evals, 3953.7s elapsed, c̃=0.7637098713, g_norm=1.35e-04
  p=9 start 1: 4914 evals, 3983.8s elapsed, c̃=0.7637114501, g_norm=7.86e-05
  p=9 start 1: 4953 evals, 4014.1s elapsed, c̃=0.7637109207, g_norm=5.39e-05
  p=9 start 1: 4993 evals, 4044.6s elapsed, c̃=0.7637143136, g_norm=1.06e-04
  p=9 start 1: 5033 evals, 4074.8s elapsed, c̃=0.7637124636, g_norm=9.81e-05
  p=9 start 1: 5073 evals, 4105.1s elapsed, c̃=0.7637113960, g_norm=1.22e-04
  p=9 start 1: 5112 evals, 4135.1s elapsed, c̃=0.7637113691, g_norm=1.29e-04
  p=9 start 1: 5152 evals, 4165.7s elapsed, c̃=0.7637109203, g_norm=1.22e-04
  p=9 start 1: 5192 evals, 4195.9s elapsed, c̃=0.7637100890, g_norm=6.23e-05
  p=9 start 1: 5232 evals, 4226.0s elapsed, c̃=0.7637136582, g_norm=5.13e-05
  p=9 start 1: 5272 evals, 4256.3s elapsed, c̃=0.7637121463, g_norm=9.71e-05
  p=9 start 1: 5312 evals, 4286.9s elapsed, c̃=0.7637113353, g_norm=1.02e-04
  p=9 start 1: 5353 evals, 4317.5s elapsed, c̃=0.7637124040, g_norm=1.08e-04
  p=9 start 1: 5393 evals, 4348.2s elapsed, c̃=0.7637097968, g_norm=6.33e-05
  p=9 start 1: 5433 evals, 4378.6s elapsed, c̃=0.7637099117, g_norm=1.99e-04
  p=9 start 1: 5473 evals, 4408.9s elapsed, c̃=0.7602907805, g_norm=1.15e-01
  p=9 start 1: 5513 evals, 4439.4s elapsed, c̃=0.7637101915, g_norm=1.56e-04
  p=9 start 1: 5553 evals, 4469.7s elapsed, c̃=0.7637106328, g_norm=1.23e-04
  p=9 start 1: 5593 evals, 4500.0s elapsed, c̃=0.7637113309, g_norm=5.64e-05
  p=9 start 1: 5632 evals, 4530.4s elapsed, c̃=0.7637133361, g_norm=6.95e-05
  p=9 start 1: 5672 evals, 4561.0s elapsed, c̃=0.7637136148, g_norm=5.40e-05
  p=9 start 1: 5712 evals, 4591.1s elapsed, c̃=0.7637103882, g_norm=8.48e-05
  p=9 start 1: 5753 evals, 4621.7s elapsed, c̃=0.7637112447, g_norm=7.52e-05
  p=9 start 1: 5793 evals, 4652.1s elapsed, c̃=0.7637124936, g_norm=7.11e-05
  p=9 start 1: 5834 evals, 4682.8s elapsed, c̃=0.7637107258, g_norm=6.74e-05
  p=9 start 1: 5874 evals, 4712.9s elapsed, c̃=0.7637117206, g_norm=8.34e-05
  p=9 start 1: 5915 evals, 4743.5s elapsed, c̃=0.7637126122, g_norm=3.12e-05
  p=9 start 1: 5956 evals, 4774.2s elapsed, c̃=0.7637123910, g_norm=4.83e-05
  p=9 start 1: 5996 evals, 4804.5s elapsed, c̃=0.7637136057, g_norm=6.72e-05
  p=9 start 1: 6036 evals, 4834.5s elapsed, c̃=0.7637123729, g_norm=4.91e-05
  p=9 start 1: 6075 evals, 4864.6s elapsed, c̃=0.7637126208, g_norm=5.28e-05
  p=9 start 1: 6116 evals, 4895.2s elapsed, c̃=0.7637103563, g_norm=4.70e-05
  p=9 start 1: 6155 evals, 4925.3s elapsed, c̃=0.7637120735, g_norm=2.15e-05
  p=9 start 1: 6195 evals, 4955.4s elapsed, c̃=0.7637096984, g_norm=4.52e-05
  p=9 start 1: 6234 evals, 4985.7s elapsed, c̃=0.7637136697, g_norm=6.07e-05
  p=9 start 1: 6275 evals, 5016.4s elapsed, c̃=0.7637114535, g_norm=5.06e-05
  p=9 start 1: 6316 evals, 5046.6s elapsed, c̃=0.7637111484, g_norm=5.47e-05
  p=9 start 1: 6356 evals, 5077.2s elapsed, c̃=0.7637106385, g_norm=9.25e-05
  p=9 start 1: 40 evals, 30.2s elapsed, c̃=0.7637107857, g_norm=1.07e-04
  p=9 start 1: 80 evals, 60.5s elapsed, c̃=0.7637127117, g_norm=3.56e-05
  p=9 start 1: 120 evals, 90.8s elapsed, c̃=0.7637119606, g_norm=6.02e-05
  p=9 start 1: 160 evals, 121.4s elapsed, c̃=0.7637124124, g_norm=5.85e-05
  p=9 start 1: 201 evals, 151.8s elapsed, c̃=0.7637112455, g_norm=9.68e-05
  p=9 start 1: 241 evals, 182.0s elapsed, c̃=0.7637118938, g_norm=3.61e-05
  p=9 start 1: 281 evals, 212.3s elapsed, c̃=0.7637113384, g_norm=5.22e-05
  p=9 start 1: 321 evals, 242.8s elapsed, c̃=0.7637123675, g_norm=4.88e-05
  p=9 start 1: 361 evals, 273.5s elapsed, c̃=0.7637137229, g_norm=2.33e-05
  p=9 start 1: 401 evals, 304.2s elapsed, c̃=0.7637111118, g_norm=9.45e-05
  p=9 start 1: 441 evals, 334.6s elapsed, c̃=0.7637089777, g_norm=4.52e-05
  p=9 start 1: 481 evals, 364.9s elapsed, c̃=0.7637119067, g_norm=7.25e-05
  p=9 start 1: 521 evals, 395.1s elapsed, c̃=0.7637108242, g_norm=1.04e-04
  p=9 start 1: 562 evals, 425.3s elapsed, c̃=0.7637109546, g_norm=6.72e-05
  p=9 start 1: 602 evals, 455.5s elapsed, c̃=0.7637125047, g_norm=5.41e-05
  p=9 start 1: 642 evals, 485.6s elapsed, c̃=0.7637115455, g_norm=4.57e-05
  p=9 start 1: 682 evals, 516.2s elapsed, c̃=0.7637124489, g_norm=2.28e-05
  p=9 start 1: 722 evals, 546.6s elapsed, c̃=0.7637112880, g_norm=1.28e-04
  p=9 start 1: 763 evals, 577.1s elapsed, c̃=0.7637121331, g_norm=7.49e-05
  p=10 start 1: 8 evals, 33.1s elapsed, c̃=0.7688174808, g_norm=2.08e-02
  p=10 start 2: 8 evals, 33.2s elapsed, c̃=0.5000053283, g_norm=8.57e-05
  p=10 start 1: 15 evals, 63.9s elapsed, c̃=0.7700971513, g_norm=1.92e-02
  p=10 start 2: 15 evals, 64.0s elapsed, c̃=0.5000044030, g_norm=7.62e-05
  p=10 start 1: 22 evals, 94.8s elapsed, c̃=0.7702198352, g_norm=3.13e-02
  p=10 start 2: 22 evals, 94.8s elapsed, c̃=0.5000767952, g_norm=1.17e-03
  p=10 start 2: 29 evals, 125.7s elapsed, c̃=0.5000006303, g_norm=9.61e-06
  p=10 start 1: 29 evals, 125.9s elapsed, c̃=0.7697565904, g_norm=4.80e-02
  p=10 start 1: 36 evals, 157.0s elapsed, c̃=0.7705398801, g_norm=2.14e-03
  p=10 start 2: 36 evals, 157.1s elapsed, c̃=0.5000071955, g_norm=1.33e-04
  p=10 start 1: 43 evals, 188.5s elapsed, c̃=0.7705094444, g_norm=2.11e-03
  p=10 start 2: 43 evals, 188.7s elapsed, c̃=0.5001394439, g_norm=1.18e-03
  p=10 start 2: 50 evals, 220.1s elapsed, c̃=0.5005791146, g_norm=4.09e-03
  p=10 start 1: 50 evals, 220.2s elapsed, c̃=0.7705680961, g_norm=2.12e-03
  p=10 start 2: 57 evals, 251.4s elapsed, c̃=0.5000035847, g_norm=8.63e-05
  p=10 start 1: 57 evals, 251.5s elapsed, c̃=0.7705393231, g_norm=2.01e-03
  p=10 start 2: 64 evals, 282.5s elapsed, c̃=0.4999616004, g_norm=8.29e-04
  p=10 start 1: 64 evals, 282.6s elapsed, c̃=0.7705463674, g_norm=2.45e-03
  p=10 start 1: 71 evals, 313.6s elapsed, c̃=0.7705409169, g_norm=2.09e-03
  p=10 start 2: 71 evals, 313.8s elapsed, c̃=0.4967143411, g_norm=1.91e-02
  p=10 start 2: 78 evals, 344.6s elapsed, c̃=0.4995820294, g_norm=7.78e-03
  p=10 start 1: 78 evals, 344.7s elapsed, c̃=0.7705458806, g_norm=2.08e-03
  p=10 start 1: 85 evals, 376.1s elapsed, c̃=0.7705249896, g_norm=1.98e-03
  p=10 start 2: 85 evals, 376.2s elapsed, c̃=0.5091230615, g_norm=1.07e-01
  p=10 start 2: 92 evals, 407.2s elapsed, c̃=0.5005175964, g_norm=1.32e-02
  p=10 start 1: 92 evals, 407.3s elapsed, c̃=0.7705272097, g_norm=1.39e-03
  p=10 start 1: 99 evals, 438.5s elapsed, c̃=0.7705209862, g_norm=9.77e-04
  p=10 start 2: 99 evals, 438.7s elapsed, c̃=0.5363746895, g_norm=2.60e-01
  p=10 start 2: 106 evals, 470.3s elapsed, c̃=0.5966524787, g_norm=5.97e-01
  p=10 start 1: 106 evals, 470.3s elapsed, c̃=0.7705474083, g_norm=1.18e-03
  p=10 start 1: 113 evals, 501.8s elapsed, c̃=0.7705581157, g_norm=1.22e-03
  p=10 start 2: 113 evals, 502.0s elapsed, c̃=0.6566411425, g_norm=1.65e-01
  p=10 start 1: 120 evals, 533.5s elapsed, c̃=0.7705677147, g_norm=1.41e-03
  p=10 start 2: 120 evals, 533.5s elapsed, c̃=0.6840049964, g_norm=1.47e-01
  p=10 start 1: 127 evals, 565.0s elapsed, c̃=0.7705737102, g_norm=1.05e-03
  p=10 start 2: 127 evals, 565.2s elapsed, c̃=0.6898031114, g_norm=1.19e-01
  p=10 start 2: 134 evals, 596.8s elapsed, c̃=0.6995600125, g_norm=9.62e-02
  p=10 start 1: 134 evals, 596.8s elapsed, c̃=0.7705821519, g_norm=1.29e-03
  p=10 start 1: 141 evals, 628.4s elapsed, c̃=0.7705682924, g_norm=1.02e-03
  p=10 start 2: 141 evals, 628.5s elapsed, c̃=0.7001084461, g_norm=4.50e-02
  p=10 start 1: 148 evals, 660.2s elapsed, c̃=0.7705544966, g_norm=1.33e-03
  p=10 start 2: 148 evals, 660.2s elapsed, c̃=0.7013525713, g_norm=1.68e-02
  p=10 start 2: 155 evals, 692.2s elapsed, c̃=0.7018029722, g_norm=2.78e-02
  p=10 start 1: 155 evals, 692.3s elapsed, c̃=0.7705709867, g_norm=9.20e-04
  p=10 start 2: 162 evals, 724.0s elapsed, c̃=0.7033967847, g_norm=6.54e-02
  p=10 start 1: 162 evals, 724.1s elapsed, c̃=0.7705392646, g_norm=1.12e-03
  p=10 start 1: 169 evals, 755.9s elapsed, c̃=0.7705813393, g_norm=9.84e-04
  p=10 start 2: 169 evals, 756.0s elapsed, c̃=0.7080025524, g_norm=4.98e-02
  p=10 start 1: 176 evals, 787.6s elapsed, c̃=0.7705386350, g_norm=1.67e-03
  p=10 start 2: 176 evals, 787.7s elapsed, c̃=0.5966601438, g_norm=4.58e-01
  p=10 start 2: 183 evals, 819.9s elapsed, c̃=0.7213637799, g_norm=2.37e-02
  p=10 start 1: 183 evals, 820.0s elapsed, c̃=0.7705609548, g_norm=1.10e-03
  p=10 start 1: 190 evals, 851.8s elapsed, c̃=0.7705705113, g_norm=9.33e-04
  p=10 start 2: 190 evals, 852.3s elapsed, c̃=0.7222710513, g_norm=6.29e-02
  p=10 start 1: 197 evals, 883.7s elapsed, c̃=0.7705379370, g_norm=1.27e-03
  p=10 start 2: 197 evals, 883.8s elapsed, c̃=0.7147451287, g_norm=1.40e-01
  p=10 start 2: 204 evals, 915.2s elapsed, c̃=0.7246574242, g_norm=6.81e-02
  p=10 start 1: 204 evals, 915.3s elapsed, c̃=0.7705732878, g_norm=1.02e-03
  p=10 start 1: 211 evals, 946.5s elapsed, c̃=0.7705765322, g_norm=1.09e-03
  p=10 start 2: 211 evals, 946.7s elapsed, c̃=0.7268680308, g_norm=3.51e-02
  p=10 start 1: 218 evals, 978.3s elapsed, c̃=0.7705399020, g_norm=9.17e-04
  p=10 start 2: 218 evals, 978.4s elapsed, c̃=0.7275649712, g_norm=2.72e-02
  p=10 start 1: 225 evals, 1009.7s elapsed, c̃=0.7705478559, g_norm=1.16e-03
  p=10 start 2: 225 evals, 1010.3s elapsed, c̃=0.7276346107, g_norm=3.51e-02
  p=10 start 1: 232 evals, 1041.9s elapsed, c̃=0.7705436383, g_norm=9.69e-04
  p=10 start 2: 232 evals, 1042.0s elapsed, c̃=0.7280811959, g_norm=4.67e-03
  p=10 start 2: 239 evals, 1073.3s elapsed, c̃=0.7280785568, g_norm=4.46e-03
  p=10 start 1: 239 evals, 1073.5s elapsed, c̃=0.7705453837, g_norm=1.17e-03
  p=10 start 2: 246 evals, 1105.3s elapsed, c̃=0.7280771403, g_norm=4.52e-03
  p=10 start 1: 246 evals, 1105.4s elapsed, c̃=0.7705454975, g_norm=9.05e-04
  p=10 start 1: 253 evals, 1137.0s elapsed, c̃=0.7705632651, g_norm=1.34e-03
  p=10 start 2: 253 evals, 1137.1s elapsed, c̃=0.7280742861, g_norm=4.57e-03
  p=10 start 2: 260 evals, 1169.0s elapsed, c̃=0.7281000733, g_norm=4.42e-03
  p=10 start 1: 260 evals, 1169.3s elapsed, c̃=0.7705686128, g_norm=1.35e-03
  p=10 start 2: 267 evals, 1201.1s elapsed, c̃=0.7280647645, g_norm=4.52e-03
  p=10 start 1: 267 evals, 1201.1s elapsed, c̃=0.7705562554, g_norm=1.51e-03
  p=10 start 2: 274 evals, 1233.1s elapsed, c̃=0.7280693325, g_norm=4.45e-03
  p=10 start 1: 274 evals, 1233.4s elapsed, c̃=0.7705476335, g_norm=1.16e-03
  p=10 start 1: 281 evals, 1265.1s elapsed, c̃=0.7705430568, g_norm=1.32e-03
  p=10 start 2: 281 evals, 1265.2s elapsed, c̃=0.7278718537, g_norm=1.45e-02
  p=10 start 1: 288 evals, 1296.6s elapsed, c̃=0.7705610112, g_norm=9.53e-04
  p=10 start 2: 288 evals, 1296.8s elapsed, c̃=0.7281772952, g_norm=3.35e-03
  p=10 start 1: 295 evals, 1328.0s elapsed, c̃=0.7705325452, g_norm=1.34e-03
  p=10 start 2: 295 evals, 1328.0s elapsed, c̃=0.7281872123, g_norm=3.64e-03
  p=10 start 1: 302 evals, 1359.3s elapsed, c̃=0.7705528031, g_norm=1.05e-03
  p=10 start 2: 302 evals, 1359.5s elapsed, c̃=0.7281660009, g_norm=3.64e-03
  p=10 start 1: 309 evals, 1391.0s elapsed, c̃=0.7705586952, g_norm=1.89e-03
  p=10 start 2: 309 evals, 1391.0s elapsed, c̃=0.7281875615, g_norm=3.62e-03
  p=10 start 2: 316 evals, 1422.7s elapsed, c̃=0.7281606114, g_norm=3.63e-03
  p=10 start 1: 316 evals, 1422.9s elapsed, c̃=0.7705687777, g_norm=2.11e-03
  p=10 start 1: 323 evals, 1454.4s elapsed, c̃=0.7705568736, g_norm=1.73e-03
  p=10 start 2: 323 evals, 1454.6s elapsed, c̃=0.7281763946, g_norm=3.63e-03
  p=10 start 2: 330 evals, 1486.0s elapsed, c̃=0.7281927524, g_norm=3.64e-03
  p=10 start 1: 330 evals, 1486.1s elapsed, c̃=0.7705530129, g_norm=1.85e-03
  p=10 start 1: 337 evals, 1518.0s elapsed, c̃=0.7705329203, g_norm=9.58e-04
  p=10 start 2: 337 evals, 1518.1s elapsed, c̃=0.7281918452, g_norm=3.67e-03
  p=10 start 1: 344 evals, 1549.8s elapsed, c̃=0.7705478695, g_norm=1.68e-03
  p=10 start 2: 344 evals, 1550.1s elapsed, c̃=0.7282011044, g_norm=3.68e-03
  p=10 start 1: 351 evals, 1581.4s elapsed, c̃=0.7705320789, g_norm=9.00e-04
  p=10 start 2: 351 evals, 1582.0s elapsed, c̃=0.7278786497, g_norm=4.10e-02
  p=10 start 1: 358 evals, 1613.4s elapsed, c̃=0.7705666747, g_norm=1.28e-03
  p=10 start 2: 358 evals, 1613.5s elapsed, c̃=0.7282550918, g_norm=4.82e-03
  p=10 start 1: 365 evals, 1645.6s elapsed, c̃=0.7705246232, g_norm=1.29e-03
  p=10 start 2: 365 evals, 1645.8s elapsed, c̃=0.7282712144, g_norm=4.84e-03
  p=10 start 1: 372 evals, 1677.4s elapsed, c̃=0.7705485872, g_norm=9.78e-04
  p=10 start 2: 372 evals, 1677.8s elapsed, c̃=0.7282740301, g_norm=4.83e-03
  p=10 start 2: 379 evals, 1709.3s elapsed, c̃=0.7282408998, g_norm=4.83e-03
  p=10 start 1: 379 evals, 1709.4s elapsed, c̃=0.7705418947, g_norm=1.41e-03
  p=10 start 2: 386 evals, 1740.8s elapsed, c̃=0.7282770943, g_norm=4.81e-03
  p=10 start 1: 386 evals, 1740.9s elapsed, c̃=0.7705494349, g_norm=1.36e-03
  p=10 start 2: 393 evals, 1772.6s elapsed, c̃=0.7282655082, g_norm=4.85e-03
  p=10 start 1: 393 evals, 1772.8s elapsed, c̃=0.7705888511, g_norm=1.16e-03
  p=10 start 1: 400 evals, 1804.4s elapsed, c̃=0.7705668828, g_norm=1.49e-03
  p=10 start 2: 400 evals, 1804.8s elapsed, c̃=0.7282835519, g_norm=4.83e-03
  p=10 start 1: 407 evals, 1836.3s elapsed, c̃=0.7705888511, g_norm=1.16e-03
  p=10 start 2: 407 evals, 1836.6s elapsed, c̃=0.7282884751, g_norm=4.82e-03
  p=10 start 2: 414 evals, 1868.0s elapsed, c̃=0.7282853073, g_norm=4.81e-03
  p=10 start 1: 414 evals, 1868.1s elapsed, c̃=0.7705678446, g_norm=9.54e-04
  p=10 start 1: 421 evals, 1899.7s elapsed, c̃=0.7705369926, g_norm=1.58e-03
  p=10 start 2: 421 evals, 1899.9s elapsed, c̃=0.7282884751, g_norm=4.82e-03
  p=10 start 1: 428 evals, 1931.1s elapsed, c̃=0.7705554114, g_norm=1.02e-03
  p=10 start 2: 428 evals, 1931.2s elapsed, c̃=0.7282853073, g_norm=4.81e-03
  p=10 start 1: 436 evals, 1963.3s elapsed, c̃=0.7705491428, g_norm=1.16e-03
  p=10 start 1: 445 evals, 1995.1s elapsed, c̃=0.7705439636, g_norm=1.34e-03
  p=10 start 1: 454 evals, 2026.8s elapsed, c̃=0.7705889050, g_norm=9.74e-04
  p=10 start 1: 463 evals, 2058.4s elapsed, c̃=0.7705832380, g_norm=9.84e-04
  p=10 start 1: 472 evals, 2089.8s elapsed, c̃=0.7705889050, g_norm=9.74e-04
  p=10 start 1: 481 evals, 2121.8s elapsed, c̃=0.7705652996, g_norm=1.08e-03
  p=10 start 1: 490 evals, 2153.4s elapsed, c̃=0.7705735529, g_norm=8.81e-04
  p=10 start 1: 499 evals, 2184.7s elapsed, c̃=0.7705416908, g_norm=1.19e-03
  p=10 start 1: 508 evals, 2216.4s elapsed, c̃=0.7705349454, g_norm=1.12e-03
  p=10 start 1: 517 evals, 2248.0s elapsed, c̃=0.7705727033, g_norm=9.29e-04
  p=10 start 1: 526 evals, 2280.2s elapsed, c̃=0.7705850294, g_norm=9.11e-04
  p=10 start 1: 535 evals, 2312.2s elapsed, c̃=0.7705886867, g_norm=9.51e-04
  p=10 start 1: 544 evals, 2344.2s elapsed, c̃=0.7705850294, g_norm=9.11e-04
  p=10 start 1: 553 evals, 2376.0s elapsed, c̃=0.7705680139, g_norm=1.34e-03
  p=10 start 1: 562 evals, 2407.7s elapsed, c̃=0.7705434187, g_norm=1.52e-03
  p=10 start 1: 571 evals, 2439.3s elapsed, c̃=0.7705647447, g_norm=9.76e-04
  p=10 start 1: 580 evals, 2470.7s elapsed, c̃=0.7705612283, g_norm=8.78e-04
  p=10 start 1: 589 evals, 2502.6s elapsed, c̃=0.7705679666, g_norm=1.61e-03
  p=10 start 1: 598 evals, 2534.0s elapsed, c̃=0.7705892345, g_norm=1.18e-03
  p=10 start 1: 607 evals, 2565.3s elapsed, c̃=0.7705836968, g_norm=1.27e-03
  p=10 start 1: 616 evals, 2597.0s elapsed, c̃=0.7705701027, g_norm=1.11e-03
  p=10 start 1: 625 evals, 2628.9s elapsed, c̃=0.7705444189, g_norm=1.70e-03
  p=10 start 1: 634 evals, 2661.1s elapsed, c̃=0.7705422797, g_norm=8.59e-04
  p=10 start 1: 643 evals, 2692.7s elapsed, c̃=0.7705400488, g_norm=1.20e-03
  p=10 start 1: 652 evals, 2724.2s elapsed, c̃=0.7705796122, g_norm=1.19e-03
  p=10 start 1: 661 evals, 2755.8s elapsed, c̃=0.7705897280, g_norm=1.30e-03
  p=10 start 1: 670 evals, 2787.5s elapsed, c̃=0.7705611972, g_norm=1.12e-03
  p=10 start 1: 679 evals, 2819.2s elapsed, c̃=0.7705333390, g_norm=1.04e-03
  p=10 start 1: 688 evals, 2850.9s elapsed, c̃=0.7705561772, g_norm=1.10e-03
  p=10 start 1: 697 evals, 2883.0s elapsed, c̃=0.7705718995, g_norm=9.93e-04
  p=10 start 1: 706 evals, 2914.8s elapsed, c̃=0.7705760108, g_norm=1.02e-03
  p=10 start 1: 715 evals, 2946.3s elapsed, c̃=0.7705897280, g_norm=1.30e-03
  p=10 start 1: 724 evals, 2977.8s elapsed, c̃=0.7705760108, g_norm=1.02e-03
  p=11 start 1: 3 evals, 31.6s elapsed, c̃=0.6661367458, g_norm=5.67e-01
  p=11 start 1: 5 evals, 62.3s elapsed, c̃=0.7746699925, g_norm=2.08e-02
  p=11 start 1: 7 evals, 94.4s elapsed, c̃=0.7744821690, g_norm=1.77e-02
  p=11 start 1: 9 evals, 126.1s elapsed, c̃=0.7749777479, g_norm=2.63e-02
  p=11 start 1: 11 evals, 157.9s elapsed, c̃=0.7744313688, g_norm=3.03e-02
  p=11 start 1: 13 evals, 189.2s elapsed, c̃=0.7750247914, g_norm=4.78e-02
  p=11 start 1: 15 evals, 220.8s elapsed, c̃=0.7751545363, g_norm=2.45e-02
  p=11 start 1: 17 evals, 252.7s elapsed, c̃=0.7756752560, g_norm=2.97e-02
  p=11 start 1: 19 evals, 284.5s elapsed, c̃=0.7756536293, g_norm=2.13e-02
  p=11 start 1: 21 evals, 316.2s elapsed, c̃=0.7757044917, g_norm=2.42e-02
  p=11 start 1: 23 evals, 347.8s elapsed, c̃=0.7757127318, g_norm=2.23e-02
  p=11 start 1: 25 evals, 379.0s elapsed, c̃=0.7758366329, g_norm=2.26e-02
  p=11 start 1: 27 evals, 410.4s elapsed, c̃=0.7754311554, g_norm=2.10e-02
  p=11 start 1: 29 evals, 442.0s elapsed, c̃=0.7760172176, g_norm=2.75e-02
  p=11 start 1: 31 evals, 472.6s elapsed, c̃=0.7754201970, g_norm=2.15e-02
  p=11 start 1: 33 evals, 503.6s elapsed, c̃=0.7756101812, g_norm=2.44e-02
  p=11 start 1: 35 evals, 534.6s elapsed, c̃=0.7757503763, g_norm=2.27e-02
  p=11 start 1: 37 evals, 566.1s elapsed, c̃=0.7754899709, g_norm=2.63e-02
  p=11 start 1: 39 evals, 597.2s elapsed, c̃=0.7756355441, g_norm=1.94e-02
  p=11 start 1: 41 evals, 628.4s elapsed, c̃=0.7754568367, g_norm=2.11e-02
  p=11 start 1: 43 evals, 659.8s elapsed, c̃=0.7756092476, g_norm=2.18e-02
  p=11 start 1: 45 evals, 692.1s elapsed, c̃=0.7756697450, g_norm=1.75e-02
  p=11 start 1: 47 evals, 722.9s elapsed, c̃=0.7757988858, g_norm=2.20e-02
  p=11 start 1: 49 evals, 753.9s elapsed, c̃=0.7757044812, g_norm=2.07e-02
  p=11 start 1: 51 evals, 785.0s elapsed, c̃=0.7761146005, g_norm=2.38e-02
  p=11 start 1: 53 evals, 816.4s elapsed, c̃=0.7759124753, g_norm=2.61e-02
  p=11 start 1: 55 evals, 848.3s elapsed, c̃=0.7754997189, g_norm=2.24e-02
  p=11 start 1: 57 evals, 879.4s elapsed, c̃=0.7758413514, g_norm=2.42e-02
  p=11 start 1: 59 evals, 911.9s elapsed, c̃=0.7755876838, g_norm=2.06e-02
  p=11 start 1: 61 evals, 943.1s elapsed, c̃=0.7753972284, g_norm=2.33e-02
  p=11 start 1: 63 evals, 975.5s elapsed, c̃=0.7754125756, g_norm=2.35e-02
  p=11 start 1: 65 evals, 1006.7s elapsed, c̃=0.7753577011, g_norm=2.15e-02
  p=11 start 1: 67 evals, 1037.8s elapsed, c̃=0.7755089047, g_norm=2.04e-02
  p=11 start 1: 69 evals, 1069.1s elapsed, c̃=0.7757365758, g_norm=2.23e-02
  p=11 start 1: 71 evals, 1101.3s elapsed, c̃=0.7761095796, g_norm=2.52e-02
  p=11 start 1: 73 evals, 1132.7s elapsed, c̃=0.7757634545, g_norm=1.86e-02
  p=11 start 1: 75 evals, 1164.2s elapsed, c̃=0.7758617165, g_norm=1.55e-02
  p=11 start 1: 77 evals, 1195.6s elapsed, c̃=0.7757783077, g_norm=2.07e-02
  p=11 start 1: 79 evals, 1226.9s elapsed, c̃=0.7754911057, g_norm=1.82e-02
  p=11 start 1: 81 evals, 1258.4s elapsed, c̃=0.7757858525, g_norm=2.18e-02
  p=11 start 1: 83 evals, 1290.0s elapsed, c̃=0.7760280145, g_norm=2.47e-02
  p=11 start 1: 85 evals, 1321.6s elapsed, c̃=0.7758235849, g_norm=2.25e-02
  p=11 start 1: 87 evals, 1352.8s elapsed, c̃=0.7760300997, g_norm=1.96e-02
  p=11 start 1: 89 evals, 1383.6s elapsed, c̃=0.7760411461, g_norm=1.98e-02
  p=11 start 1: 91 evals, 1414.6s elapsed, c̃=0.7754221833, g_norm=2.62e-02
  p=11 start 1: 93 evals, 1446.5s elapsed, c̃=0.7757615697, g_norm=2.48e-02
  p=11 start 1: 95 evals, 1478.3s elapsed, c̃=0.7759538604, g_norm=2.09e-02
  p=11 start 1: 97 evals, 1509.6s elapsed, c̃=0.7756642185, g_norm=2.43e-02
  p=11 start 1: 99 evals, 1540.3s elapsed, c̃=0.7758859688, g_norm=2.63e-02
  p=11 start 1: 101 evals, 1572.2s elapsed, c̃=0.7759076095, g_norm=2.05e-02
  p=11 start 1: 103 evals, 1604.0s elapsed, c̃=0.7758000390, g_norm=2.33e-02
  p=11 start 1: 105 evals, 1635.9s elapsed, c̃=0.7758003574, g_norm=2.27e-02
  p=11 start 1: 107 evals, 1667.7s elapsed, c̃=0.7756645468, g_norm=1.90e-02
  p=11 start 1: 109 evals, 1698.9s elapsed, c̃=0.7755688991, g_norm=2.06e-02
  p=11 start 1: 111 evals, 1730.8s elapsed, c̃=0.7754323847, g_norm=2.58e-02
  p=11 start 1: 113 evals, 1761.8s elapsed, c̃=0.7759285083, g_norm=2.31e-02
  p=11 start 1: 115 evals, 1793.6s elapsed, c̃=0.7754566121, g_norm=2.51e-02
  p=11 start 1: 117 evals, 1825.2s elapsed, c̃=0.7759004955, g_norm=2.63e-02
  p=11 start 1: 119 evals, 1856.6s elapsed, c̃=0.7758128397, g_norm=2.14e-02
  p=11 start 1: 121 evals, 1888.4s elapsed, c̃=0.7761008797, g_norm=2.22e-02
  p=11 start 1: 123 evals, 1919.9s elapsed, c̃=0.7761709776, g_norm=1.84e-02
  p=11 start 1: 125 evals, 1950.6s elapsed, c̃=0.7761709776, g_norm=1.84e-02
  p=11 start 1: 127 evals, 1981.6s elapsed, c̃=0.7761709776, g_norm=1.84e-02
  p=11 start 1: 129 evals, 2013.1s elapsed, c̃=0.7761709776, g_norm=1.84e-02
  p=11 start 1: 131 evals, 2045.0s elapsed, c̃=0.7761709776, g_norm=1.84e-02
  p=11 start 1: 133 evals, 2076.8s elapsed, c̃=0.7761709776, g_norm=1.84e-02
  p=11 start 1: 135 evals, 2108.0s elapsed, c̃=0.7761709776, g_norm=1.84e-02
  p=11 start 1: 137 evals, 2139.7s elapsed, c̃=0.7761709776, g_norm=1.84e-02
  p=11 start 1: 139 evals, 2171.1s elapsed, c̃=0.7761709776, g_norm=1.84e-02
  p=11 start 1: 141 evals, 2202.5s elapsed, c̃=0.7761709776, g_norm=1.84e-02
  p=11 start 1: 143 evals, 2233.7s elapsed, c̃=0.7761709776, g_norm=1.84e-02
  p=11 start 1: 145 evals, 2266.0s elapsed, c̃=0.7761709776, g_norm=1.84e-02
  p=11 start 1: 147 evals, 2298.1s elapsed, c̃=0.7761709776, g_norm=1.84e-02
  p=11 start 1: 149 evals, 2329.7s elapsed, c̃=0.7761709776, g_norm=1.84e-02
  p=11 start 1: 151 evals, 2361.2s elapsed, c̃=0.7761709776, g_norm=1.84e-02
  p=12 start 1: 2 evals, 68.0s elapsed, c̃=0.7752872338, g_norm=1.55e-01
  p=12 start 1: 3 evals, 136.7s elapsed, c̃=0.6556991033, g_norm=4.04e-01
  p=12 start 1: 4 evals, 206.7s elapsed, c̃=0.7690243397, g_norm=1.90e-01
  p=12 start 1: 5 evals, 275.2s elapsed, c̃=0.7792627574, g_norm=1.40e-01
  p=12 start 1: 6 evals, 346.0s elapsed, c̃=0.7802865675, g_norm=1.48e-01
  p=12 start 1: 7 evals, 416.2s elapsed, c̃=0.7777720540, g_norm=1.25e-01
  p=12 start 1: 8 evals, 486.4s elapsed, c̃=0.7791294253, g_norm=1.07e-01
  p=12 start 1: 9 evals, 556.4s elapsed, c̃=0.7815192606, g_norm=1.27e-01
  p=12 start 1: 10 evals, 626.7s elapsed, c̃=0.7785403586, g_norm=1.25e-01
  p=12 start 1: 11 evals, 695.5s elapsed, c̃=0.7731555702, g_norm=1.10e-01
  p=12 start 1: 12 evals, 765.5s elapsed, c̃=0.7715085621, g_norm=1.30e-01
  p=12 start 1: 13 evals, 834.1s elapsed, c̃=0.7771704234, g_norm=1.18e-01
  p=12 start 1: 14 evals, 902.7s elapsed, c̃=0.7783587498, g_norm=1.23e-01
  p=12 start 1: 15 evals, 971.1s elapsed, c̃=0.7770912167, g_norm=1.21e-01
  p=12 start 1: 16 evals, 1039.3s elapsed, c̃=0.7727667109, g_norm=1.24e-01
  p=12 start 1: 17 evals, 1107.7s elapsed, c̃=0.7778843375, g_norm=1.55e-01
  p=12 start 1: 18 evals, 1176.1s elapsed, c̃=0.7751917618, g_norm=1.28e-01
  p=12 start 1: 19 evals, 1246.5s elapsed, c̃=0.7724251904, g_norm=1.14e-01
  p=12 start 1: 20 evals, 1314.6s elapsed, c̃=0.7721740029, g_norm=1.46e-01
  p=12 start 1: 21 evals, 1384.2s elapsed, c̃=0.7787238130, g_norm=1.18e-01
  p=12 start 1: 22 evals, 1454.5s elapsed, c̃=0.7724495768, g_norm=1.22e-01
  p=12 start 1: 23 evals, 1524.3s elapsed, c̃=0.7771294465, g_norm=1.39e-01
  p=12 start 1: 24 evals, 1592.7s elapsed, c̃=0.7720822267, g_norm=1.08e-01
  p=12 start 1: 25 evals, 1661.2s elapsed, c̃=0.7694390354, g_norm=1.26e-01
  p=12 start 1: 26 evals, 1729.9s elapsed, c̃=0.7788534357, g_norm=1.27e-01
  p=12 start 1: 27 evals, 1800.1s elapsed, c̃=0.7761012254, g_norm=1.36e-01
  p=12 start 1: 28 evals, 1869.8s elapsed, c̃=0.7739291318, g_norm=1.29e-01
  p=12 start 1: 29 evals, 1940.1s elapsed, c̃=0.7770136968, g_norm=1.28e-01
  p=12 start 1: 30 evals, 2008.5s elapsed, c̃=0.7756198391, g_norm=1.12e-01
  p=12 start 1: 31 evals, 2077.1s elapsed, c̃=0.7746587260, g_norm=1.32e-01
  p=12 start 1: 32 evals, 2147.0s elapsed, c̃=0.7726729075, g_norm=1.13e-01
  p=12 start 1: 33 evals, 2216.7s elapsed, c̃=0.7738366833, g_norm=1.16e-01
  p=12 start 1: 34 evals, 2286.5s elapsed, c̃=0.7769998970, g_norm=1.25e-01
  p=12 start 1: 35 evals, 2356.4s elapsed, c̃=0.7789881567, g_norm=1.36e-01
  p=12 start 1: 36 evals, 2426.7s elapsed, c̃=0.7746635542, g_norm=1.32e-01
  p=12 start 1: 37 evals, 2497.0s elapsed, c̃=0.7755655290, g_norm=1.22e-01
  p=12 start 1: 38 evals, 2566.6s elapsed, c̃=0.7766160025, g_norm=1.41e-01
  p=12 start 1: 39 evals, 2636.5s elapsed, c̃=0.7697660301, g_norm=1.23e-01
  p=12 start 1: 40 evals, 2707.0s elapsed, c̃=0.7748662313, g_norm=1.19e-01
  p=12 start 1: 41 evals, 2775.4s elapsed, c̃=0.7760676600, g_norm=1.23e-01
  p=12 start 1: 42 evals, 2845.1s elapsed, c̃=0.7727757037, g_norm=1.25e-01
  p=12 start 1: 43 evals, 2913.4s elapsed, c̃=0.7776543962, g_norm=1.27e-01
  p=12 start 1: 44 evals, 2983.6s elapsed, c̃=0.7779996900, g_norm=1.07e-01
  p=12 start 1: 45 evals, 3053.5s elapsed, c̃=0.7744638893, g_norm=1.29e-01
  p=12 start 1: 46 evals, 3122.1s elapsed, c̃=0.7740054853, g_norm=1.06e-01
  p=12 start 1: 47 evals, 3190.7s elapsed, c̃=0.7769588854, g_norm=1.17e-01
  p=12 start 1: 48 evals, 3259.1s elapsed, c̃=0.7732998458, g_norm=1.36e-01
  p=12 start 1: 49 evals, 3329.4s elapsed, c̃=0.7750043509, g_norm=1.32e-01
  p=12 start 1: 50 evals, 3399.7s elapsed, c̃=0.7787121313, g_norm=1.26e-01
  p=12 start 1: 51 evals, 3468.4s elapsed, c̃=0.7764263319, g_norm=1.17e-01
  p=12 start 1: 52 evals, 3536.8s elapsed, c̃=0.7771650722, g_norm=1.27e-01
  p=12 start 1: 53 evals, 3605.5s elapsed, c̃=0.7785110788, g_norm=1.19e-01
  p=12 start 1: 54 evals, 3675.7s elapsed, c̃=0.7809298874, g_norm=1.22e-01
  p=12 start 1: 55 evals, 3746.0s elapsed, c̃=0.7797674636, g_norm=1.31e-01
  p=12 start 1: 56 evals, 3814.9s elapsed, c̃=0.7811080461, g_norm=1.19e-01
  p=12 start 1: 57 evals, 3885.3s elapsed, c̃=0.7825409284, g_norm=1.28e-01
  p=12 start 1: 58 evals, 3955.2s elapsed, c̃=0.7801222669, g_norm=1.16e-01
  p=12 start 1: 59 evals, 4025.5s elapsed, c̃=0.7825409284, g_norm=1.28e-01
  p=12 start 1: 60 evals, 4096.1s elapsed, c̃=0.7801222669, g_norm=1.16e-01
  p=12 start 1: 61 evals, 4165.9s elapsed, c̃=0.7825409284, g_norm=1.28e-01
  p=12 start 1: 62 evals, 4234.9s elapsed, c̃=0.7739468308, g_norm=5.19e-02
  p=12 start 1: 63 evals, 4305.5s elapsed, c̃=0.7805098707, g_norm=1.27e-01
  p=12 start 1: 64 evals, 4375.8s elapsed, c̃=0.7726252764, g_norm=9.97e-02
  p=12 start 1: 65 evals, 4446.0s elapsed, c̃=0.7704141873, g_norm=1.12e-01
  p=12 start 1: 66 evals, 4515.5s elapsed, c̃=0.7752517779, g_norm=1.17e-01
  p=12 start 1: 67 evals, 4585.4s elapsed, c̃=0.7790455988, g_norm=1.18e-01
  p=12 start 1: 68 evals, 4655.5s elapsed, c̃=0.7773943778, g_norm=1.22e-01
  p=12 start 1: 69 evals, 4723.7s elapsed, c̃=0.7774135236, g_norm=1.32e-01
  p=12 start 1: 70 evals, 4793.9s elapsed, c̃=0.7708599802, g_norm=1.06e-01
  p=12 start 1: 71 evals, 4862.5s elapsed, c̃=0.7746743180, g_norm=1.13e-01
  p=12 start 1: 72 evals, 4931.8s elapsed, c̃=0.7735254490, g_norm=1.24e-01
  p=12 start 1: 73 evals, 5001.0s elapsed, c̃=0.7751942214, g_norm=1.15e-01
  p=12 start 1: 74 evals, 5069.9s elapsed, c̃=0.7782727149, g_norm=1.32e-01
  p=12 start 1: 75 evals, 5140.1s elapsed, c̃=0.7740732255, g_norm=1.20e-01
  p=12 start 1: 76 evals, 5210.4s elapsed, c̃=0.7734099111, g_norm=1.18e-01
  p=12 start 1: 77 evals, 5279.2s elapsed, c̃=0.7749288846, g_norm=1.35e-01
  p=12 start 1: 78 evals, 5349.3s elapsed, c̃=0.7746983763, g_norm=1.39e-01
  p=12 start 1: 79 evals, 5419.4s elapsed, c̃=0.7780299207, g_norm=1.31e-01
  p=12 start 1: 80 evals, 5489.7s elapsed, c̃=0.7782170255, g_norm=1.16e-01
  p=12 start 1: 81 evals, 5560.1s elapsed, c̃=0.7789046759, g_norm=1.36e-01
  p=12 start 1: 82 evals, 5629.1s elapsed, c̃=0.7753771307, g_norm=1.27e-01
  p=12 start 1: 83 evals, 5698.0s elapsed, c̃=0.7749452200, g_norm=1.26e-01
  p=12 start 1: 84 evals, 5768.2s elapsed, c̃=0.7822552637, g_norm=1.20e-01
  p=12 start 1: 85 evals, 5839.0s elapsed, c̃=0.7743187160, g_norm=1.10e-01
  p=12 start 1: 86 evals, 5909.3s elapsed, c̃=0.7767799766, g_norm=1.18e-01
  p=12 start 1: 87 evals, 5978.4s elapsed, c̃=0.7753477494, g_norm=1.23e-01
  p=12 start 1: 88 evals, 6048.0s elapsed, c̃=0.7769444198, g_norm=1.23e-01
  p=12 start 1: 89 evals, 6118.6s elapsed, c̃=0.7722309043, g_norm=1.29e-01
  p=12 start 1: 90 evals, 6187.4s elapsed, c̃=0.7745491572, g_norm=1.14e-01
  p=12 start 1: 91 evals, 6256.3s elapsed, c̃=0.7790405345, g_norm=1.24e-01
  p=12 start 1: 92 evals, 6326.5s elapsed, c̃=0.7756797669, g_norm=1.35e-01
  p=12 start 1: 93 evals, 6396.4s elapsed, c̃=0.7754233708, g_norm=1.36e-01
  p=12 start 1: 94 evals, 6466.5s elapsed, c̃=0.7748621141, g_norm=1.36e-01
  p=12 start 1: 95 evals, 6536.8s elapsed, c̃=0.7767194103, g_norm=1.16e-01
  p=12 start 1: 96 evals, 6606.7s elapsed, c̃=0.7757442155, g_norm=1.16e-01
  p=12 start 1: 97 evals, 6676.9s elapsed, c̃=0.7745462848, g_norm=1.36e-01
  p=12 start 1: 98 evals, 6745.6s elapsed, c̃=0.7731594788, g_norm=1.25e-01
  p=12 start 1: 99 evals, 6816.1s elapsed, c̃=0.7774139432, g_norm=1.32e-01
  p=12 start 1: 100 evals, 6884.9s elapsed, c̃=0.7723962440, g_norm=1.33e-01
  p=12 start 1: 101 evals, 6953.6s elapsed, c̃=0.7752336030, g_norm=1.30e-01
  p=12 start 1: 102 evals, 7022.6s elapsed, c̃=0.7724549631, g_norm=1.42e-01
  p=12 start 1: 103 evals, 7093.3s elapsed, c̃=0.7744406630, g_norm=1.35e-01
  p=12 start 1: 104 evals, 7163.4s elapsed, c̃=0.7745273593, g_norm=1.22e-01
  p=12 start 1: 105 evals, 7232.1s elapsed, c̃=0.7809744901, g_norm=1.13e-01
  p=12 start 1: 106 evals, 7300.9s elapsed, c̃=0.7786514249, g_norm=1.32e-01
  p=12 start 1: 107 evals, 7371.1s elapsed, c̃=0.7781111544, g_norm=1.06e-01
  p=12 start 1: 108 evals, 7441.1s elapsed, c̃=0.7787769955, g_norm=1.24e-01
  p=12 start 1: 109 evals, 7509.7s elapsed, c̃=0.7798618295, g_norm=1.13e-01
  p=12 start 1: 110 evals, 7578.6s elapsed, c̃=0.7799766570, g_norm=1.31e-01
  p=12 start 1: 111 evals, 7647.0s elapsed, c̃=0.7806695119, g_norm=1.21e-01
  p=12 start 1: 112 evals, 7717.7s elapsed, c̃=0.7817497123, g_norm=1.24e-01
  p=12 start 1: 113 evals, 7786.5s elapsed, c̃=0.7816775507, g_norm=1.29e-01
  p=12 start 1: 114 evals, 7856.5s elapsed, c̃=0.7825409284, g_norm=1.28e-01
  p=12 start 1: 115 evals, 7927.1s elapsed, c̃=0.7825221961, g_norm=1.24e-01
  p=12 start 1: 116 evals, 7997.3s elapsed, c̃=0.7825409284, g_norm=1.28e-01
  p=12 start 1: 117 evals, 8067.7s elapsed, c̃=0.7825221961, g_norm=1.24e-01
  p=12 start 1: 118 evals, 8137.7s elapsed, c̃=0.7825409284, g_norm=1.28e-01
  p=12 start 1: 119 evals, 8206.4s elapsed, c̃=0.7825221961, g_norm=1.24e-01
  p=12 start 1: 120 evals, 8275.3s elapsed, c̃=0.7825409284, g_norm=1.28e-01
  p=12 start 1: 121 evals, 8344.3s elapsed, c̃=0.7825221961, g_norm=1.24e-01
  p=12 start 1: 122 evals, 8414.3s elapsed, c̃=0.7825409284, g_norm=1.28e-01
  p=12 start 1: 123 evals, 8484.5s elapsed, c̃=0.7825221961, g_norm=1.24e-01
  p=12 start 1: 124 evals, 8554.7s elapsed, c̃=0.7825409284, g_norm=1.28e-01
  p=12 start 1: 125 evals, 8625.1s elapsed, c̃=0.7825221961, g_norm=1.24e-01
  p=12 start 1: 126 evals, 8695.4s elapsed, c̃=0.7825409284, g_norm=1.28e-01
  p=12 start 1: 127 evals, 8764.6s elapsed, c̃=0.7825221961, g_norm=1.24e-01
  p=12 start 1: 128 evals, 8834.8s elapsed, c̃=0.7825409284, g_norm=1.28e-01
  p=12 start 1: 129 evals, 8905.6s elapsed, c̃=0.7825221961, g_norm=1.24e-01
  p=12 start 1: 130 evals, 8975.9s elapsed, c̃=0.7825409284, g_norm=1.28e-01
  p=12 start 1: 131 evals, 9044.4s elapsed, c̃=0.7825221961, g_norm=1.24e-01
  p=12 start 1: 132 evals, 9113.2s elapsed, c̃=0.7825409284, g_norm=1.28e-01
  p=12 start 1: 133 evals, 9182.0s elapsed, c̃=0.7825221961, g_norm=1.24e-01
  p=12 start 1: 134 evals, 9251.9s elapsed, c̃=0.7825409284, g_norm=1.28e-01
  p=12 start 1: 135 evals, 9321.9s elapsed, c̃=0.7825221961, g_norm=1.24e-01
  p=12 start 1: 136 evals, 9391.8s elapsed, c̃=0.7825409284, g_norm=1.28e-01
  p=12 start 1: 137 evals, 9460.8s elapsed, c̃=0.7825221961, g_norm=1.24e-01
  p=12 start 1: 138 evals, 9531.1s elapsed, c̃=0.7825409284, g_norm=1.28e-01
  p=12 start 1: 139 evals, 9601.4s elapsed, c̃=0.7825221961, g_norm=1.24e-01
  p=12 start 1: 140 evals, 9670.1s elapsed, c̃=0.7825409284, g_norm=1.28e-01
  p=12 start 1: 141 evals, 9740.4s elapsed, c̃=0.7825221961, g_norm=1.24e-01
  p=12 start 1: 142 evals, 9810.6s elapsed, c̃=0.7825409284, g_norm=1.28e-01
  p=12 start 1: 143 evals, 9879.4s elapsed, c̃=0.7825221961, g_norm=1.24e-01
  p=12 start 1: 144 evals, 9950.0s elapsed, c̃=0.7825409284, g_norm=1.28e-01
  p=12 start 1: 145 evals, 10020.2s elapsed, c̃=0.7825221961, g_norm=1.24e-01
  p=12 start 1: 146 evals, 10090.4s elapsed, c̃=0.7825409284, g_norm=1.28e-01
  p=12 start 1: 147 evals, 10160.5s elapsed, c̃=0.7825221961, g_norm=1.24e-01
  p=13 start 1: 2 evals, 315.1s elapsed, c̃=0.8480962707, g_norm=1.51e+00
  p=13 start 1: 3 evals, 638.3s elapsed, c̃=0.5015897804, g_norm=1.91e-02
  p=13 start 1: 4 evals, 962.4s elapsed, c̃=0.5008451971, g_norm=1.69e-02
  p=13 start 1: 5 evals, 1295.1s elapsed, c̃=0.5008162936, g_norm=1.56e-02
  p=13 start 1: 6 evals, 1656.7s elapsed, c̃=0.5010009659, g_norm=2.39e-02
  p=13 start 1: 7 evals, 2011.1s elapsed, c̃=0.5779418222, g_norm=3.75e-01
  p=13 start 1: 8 evals, 2368.4s elapsed, c̃=0.5872138510, g_norm=6.05e-01
  p=13 start 1: 9 evals, 2726.3s elapsed, c̃=0.7438515984, g_norm=1.90e+00
  p=13 start 1: 10 evals, 3090.0s elapsed, c̃=0.7295806200, g_norm=1.38e+00
  p=13 start 1: 11 evals, 3450.1s elapsed, c̃=0.7780968405, g_norm=2.16e+00
  p=13 start 1: 12 evals, 3816.0s elapsed, c̃=0.7633875207, g_norm=1.69e+00
  p=13 start 1: 13 evals, 4175.3s elapsed, c̃=0.7470919029, g_norm=9.76e-01
  p=13 start 1: 14 evals, 4534.9s elapsed, c̃=0.7831149245, g_norm=2.40e+00
  p=13 start 1: 15 evals, 4893.9s elapsed, c̃=0.7322276434, g_norm=6.54e-01
  p=13 start 1: 16 evals, 5249.9s elapsed, c̃=0.7861282276, g_norm=2.37e+00
  p=13 start 1: 17 evals, 5612.7s elapsed, c̃=0.8070194461, g_norm=1.56e+00
  p=13 start 1: 18 evals, 5943.1s elapsed, c̃=0.7451122167, g_norm=2.09e+00
  p=13 start 1: 19 evals, 6313.9s elapsed, c̃=0.7781281990, g_norm=1.49e+00
  p=13 start 1: 20 evals, 6691.5s elapsed, c̃=0.7839043189, g_norm=1.94e+00
  p=13 start 1: 21 evals, 7065.4s elapsed, c̃=0.7742427462, g_norm=1.37e+00
  p=13 start 1: 22 evals, 7420.1s elapsed, c̃=0.7898301648, g_norm=1.61e+00
  p=13 start 1: 23 evals, 7772.3s elapsed, c̃=0.7805252742, g_norm=3.23e+00
  p=13 start 1: 24 evals, 8135.3s elapsed, c̃=0.7759831268, g_norm=1.43e+00
  p=13 start 1: 25 evals, 8477.2s elapsed, c̃=0.7675613075, g_norm=2.39e+00
  p=13 start 1: 26 evals, 8830.4s elapsed, c̃=0.7785152103, g_norm=1.43e+00
  p=13 start 1: 27 evals, 9181.9s elapsed, c̃=0.7843896730, g_norm=1.66e+00
  p=13 start 1: 28 evals, 9537.3s elapsed, c̃=0.8068213634, g_norm=1.41e+00
  p=13 start 1: 29 evals, 9893.9s elapsed, c̃=0.7364297356, g_norm=1.05e+00
  p=13 start 1: 30 evals, 10255.1s elapsed, c̃=0.7591920576, g_norm=6.87e-01
  p=13 start 1: 31 evals, 10611.7s elapsed, c̃=0.7554799731, g_norm=2.48e+00
  p=13 start 1: 32 evals, 10966.0s elapsed, c̃=0.7594244149, g_norm=1.39e+00
  p=13 start 1: 33 evals, 11335.8s elapsed, c̃=0.8328195904, g_norm=2.20e+00
  p=13 start 1: 34 evals, 11691.1s elapsed, c̃=0.7674459471, g_norm=2.18e+00
  p=13 start 1: 35 evals, 12053.0s elapsed, c̃=0.7726740751, g_norm=2.09e+00
  p=13 start 1: 36 evals, 12404.9s elapsed, c̃=0.7862126978, g_norm=2.40e+00
  p=13 start 1: 37 evals, 12769.5s elapsed, c̃=0.8072980966, g_norm=2.20e+00
  p=13 start 1: 38 evals, 13177.5s elapsed, c̃=0.7952628020, g_norm=2.39e+00
  p=13 start 1: 39 evals, 13532.1s elapsed, c̃=0.7475833232, g_norm=2.60e+00
  p=13 start 1: 40 evals, 13888.8s elapsed, c̃=0.7706564345, g_norm=2.45e+00
  p=13 start 1: 41 evals, 14244.0s elapsed, c̃=0.7978228794, g_norm=1.81e+00
  p=13 start 1: 42 evals, 14632.1s elapsed, c̃=0.7619195666, g_norm=1.68e+00
  p=13 start 1: 43 evals, 14983.1s elapsed, c̃=0.7731761090, g_norm=1.69e+00
  p=13 start 1: 44 evals, 15333.4s elapsed, c̃=0.7461991096, g_norm=2.15e+00
  p=13 start 1: 45 evals, 15690.0s elapsed, c̃=0.8265388387, g_norm=2.03e+00
  p=13 start 1: 46 evals, 16037.5s elapsed, c̃=0.7513390745, g_norm=1.10e+00
  p=13 start 1: 47 evals, 16391.0s elapsed, c̃=0.7869451584, g_norm=2.55e+00
  p=13 start 1: 48 evals, 16736.7s elapsed, c̃=0.7726531957, g_norm=1.81e+00
  p=13 start 1: 49 evals, 17099.9s elapsed, c̃=0.7767275599, g_norm=1.50e+00
  p=13 start 1: 50 evals, 17432.5s elapsed, c̃=0.7929093565, g_norm=3.65e+00
  p=13 start 1: 51 evals, 17766.2s elapsed, c̃=0.7520849200, g_norm=2.34e+00
  p=13 start 1: 52 evals, 18122.4s elapsed, c̃=0.8443675190, g_norm=1.60e+00
  p=13 start 1: 53 evals, 18449.4s elapsed, c̃=0.8619059107, g_norm=1.70e+00
  p=13 start 1: 54 evals, 18799.0s elapsed, c̃=0.7446412810, g_norm=9.90e-01
  p=13 start 1: 55 evals, 19148.4s elapsed, c̃=0.7649490777, g_norm=1.39e+00
  p=13 start 1: 56 evals, 19497.7s elapsed, c̃=0.7737079243, g_norm=1.63e+00
  p=13 start 1: 57 evals, 19846.2s elapsed, c̃=0.7615234390, g_norm=1.98e+00
  p=13 start 1: 58 evals, 20192.9s elapsed, c̃=0.7731220409, g_norm=1.31e+00
  p=13 start 1: 59 evals, 20549.1s elapsed, c̃=0.7461105455, g_norm=1.06e+00
  p=13 start 1: 60 evals, 20923.0s elapsed, c̃=0.8096005076, g_norm=1.90e+00
  p=13 start 1: 61 evals, 21286.4s elapsed, c̃=0.7992300698, g_norm=2.93e+00
  p=13 start 1: 62 evals, 21629.9s elapsed, c̃=0.8373836858, g_norm=3.04e+00
  p=13 start 1: 63 evals, 21998.3s elapsed, c̃=0.7917431584, g_norm=2.93e+00
  p=13 start 1: 64 evals, 22349.5s elapsed, c̃=0.8170758462, g_norm=4.24e+00
  p=13 start 1: 65 evals, 22713.5s elapsed, c̃=0.8317130278, g_norm=1.67e+00
  p=13 start 1: 66 evals, 23067.8s elapsed, c̃=0.8243055390, g_norm=1.55e+00
  p=13 start 1: 67 evals, 23428.2s elapsed, c̃=0.8294723692, g_norm=1.67e+00
  p=13 start 1: 68 evals, 23783.6s elapsed, c̃=0.8233964083, g_norm=1.82e+00
  p=13 start 1: 69 evals, 24145.9s elapsed, c̃=0.8413403086, g_norm=1.76e+00
  p=13 start 1: 70 evals, 24504.3s elapsed, c̃=0.8545706831, g_norm=2.41e+00
  p=13 start 1: 71 evals, 24862.7s elapsed, c̃=0.8413403086, g_norm=1.76e+00
  p=13 start 1: 72 evals, 25214.4s elapsed, c̃=0.8551459960, g_norm=2.36e+00
  p=13 start 1: 73 evals, 25578.8s elapsed, c̃=0.8413403086, g_norm=1.76e+00
  p=13 start 1: 74 evals, 25931.3s elapsed, c̃=0.8416375512, g_norm=2.53e+00
  p=13 start 1: 75 evals, 26287.6s elapsed, c̃=0.8448450455, g_norm=1.94e+00
  p=13 start 1: 76 evals, 26643.3s elapsed, c̃=0.8551459960, g_norm=2.36e+00
  p=13 start 1: 77 evals, 27009.8s elapsed, c̃=0.8448450455, g_norm=1.94e+00
  p=13 start 1: 78 evals, 27364.5s elapsed, c̃=0.8551459960, g_norm=2.36e+00
  p=13 start 1: 79 evals, 27719.1s elapsed, c̃=0.8448450455, g_norm=1.94e+00
  p=13 start 1: 80 evals, 28077.7s elapsed, c̃=0.8551459960, g_norm=2.36e+00
  p=13 start 1: 81 evals, 28439.0s elapsed, c̃=0.8448450455, g_norm=1.94e+00
  p=13 start 1: 82 evals, 28792.4s elapsed, c̃=0.8551459960, g_norm=2.36e+00
  p=13 start 1: 83 evals, 29143.8s elapsed, c̃=0.8448450455, g_norm=1.94e+00
  p=13 start 1: 84 evals, 29502.3s elapsed, c̃=0.8551459960, g_norm=2.36e+00
  p=13 start 1: 85 evals, 29870.6s elapsed, c̃=0.8448450455, g_norm=1.94e+00
  p=13 start 1: 86 evals, 30222.3s elapsed, c̃=0.8551459960, g_norm=2.36e+00
  p=13 start 1: 87 evals, 30589.0s elapsed, c̃=0.8448450455, g_norm=1.94e+00
  p=13 start 1: 88 evals, 30948.3s elapsed, c̃=0.8551459960, g_norm=2.36e+00
  p=13 start 1: 89 evals, 31296.4s elapsed, c̃=0.8448450455, g_norm=1.94e+00
  p=13 start 1: 90 evals, 31650.1s elapsed, c̃=0.8551459960, g_norm=2.36e+00
  p=13 start 1: 91 evals, 32009.9s elapsed, c̃=0.8448450455, g_norm=1.94e+00
  p=13 start 1: 92 evals, 32365.9s elapsed, c̃=0.8551459960, g_norm=2.36e+00
  p=13 start 1: 93 evals, 32723.1s elapsed, c̃=0.8448450455, g_norm=1.94e+00
  p=13 start 1: 94 evals, 33080.5s elapsed, c̃=0.8551459960, g_norm=2.36e+00
  p=13 start 1: 95 evals, 33441.3s elapsed, c̃=0.8448450455, g_norm=1.94e+00
  p=13 start 1: 96 evals, 33800.8s elapsed, c̃=0.8551459960, g_norm=2.36e+00
  p=13 start 1: 97 evals, 34167.9s elapsed, c̃=0.8448450455, g_norm=1.94e+00
  p=13 start 1: 98 evals, 34492.7s elapsed, c̃=0.8551459960, g_norm=2.36e+00
  p=13 start 1: 99 evals, 34860.3s elapsed, c̃=0.8534242741, g_norm=1.68e+00
  p=13 start 1: 100 evals, 35239.6s elapsed, c̃=0.8162002242, g_norm=1.82e+00
  p=13 start 1: 101 evals, 35595.5s elapsed, c̃=0.8475825026, g_norm=1.37e+00
  p=13 start 1: 102 evals, 35967.4s elapsed, c̃=0.8551459960, g_norm=2.36e+00
  p=13 start 1: 103 evals, 36320.5s elapsed, c̃=0.8556408719, g_norm=1.72e+00
  p=13 start 1: 104 evals, 36673.8s elapsed, c̃=0.8475825026, g_norm=1.37e+00
  p=13 start 1: 105 evals, 37036.6s elapsed, c̃=0.8556408719, g_norm=1.72e+00
  p=13 start 1: 106 evals, 37389.6s elapsed, c̃=0.8475825026, g_norm=1.37e+00
  p=13 start 1: 107 evals, 37746.4s elapsed, c̃=0.8556408719, g_norm=1.72e+00
  p=13 start 1: 108 evals, 38100.4s elapsed, c̃=0.8475825026, g_norm=1.37e+00
  p=13 start 1: 109 evals, 38457.9s elapsed, c̃=0.8556408719, g_norm=1.72e+00
  p=13 start 1: 110 evals, 38825.2s elapsed, c̃=0.8475825026, g_norm=1.37e+00
  p=13 start 1: 111 evals, 39154.1s elapsed, c̃=0.8556408719, g_norm=1.72e+00
  p=13 start 1: 112 evals, 39503.7s elapsed, c̃=0.8475825026, g_norm=1.37e+00
  p=13 start 1: 113 evals, 39860.6s elapsed, c̃=0.8556408719, g_norm=1.72e+00
  p=13 start 1: 114 evals, 40216.4s elapsed, c̃=0.8475825026, g_norm=1.37e+00
  p=13 start 1: 115 evals, 40576.0s elapsed, c̃=0.8556408719, g_norm=1.72e+00
  p=13 start 1: 116 evals, 40954.0s elapsed, c̃=0.8475825026, g_norm=1.37e+00
  p=13 start 1: 117 evals, 41295.7s elapsed, c̃=0.8556408719, g_norm=1.72e+00
  p=13 start 1: 118 evals, 41654.6s elapsed, c̃=0.8475825026, g_norm=1.37e+00
  p=13 start 1: 119 evals, 42011.3s elapsed, c̃=0.8556408719, g_norm=1.72e+00
  p=13 start 1: 120 evals, 42365.0s elapsed, c̃=0.8475825026, g_norm=1.37e+00
  p=13 start 1: 121 evals, 42750.8s elapsed, c̃=0.8556408719, g_norm=1.72e+00
  p=13 start 1: 122 evals, 43115.7s elapsed, c̃=0.8475825026, g_norm=1.37e+00
  p=13 start 1: 123 evals, 43477.2s elapsed, c̃=0.8556408719, g_norm=1.72e+00
  p=13 start 1: 124 evals, 43847.6s elapsed, c̃=0.8475825026, g_norm=1.37e+00
  p=13 start 1: 125 evals, 44206.5s elapsed, c̃=0.8556408719, g_norm=1.72e+00
  p=13 start 1: 126 evals, 44571.4s elapsed, c̃=0.8475825026, g_norm=1.37e+00
  p=13 start 1: 127 evals, 44924.7s elapsed, c̃=0.8556408719, g_norm=1.72e+00
  p=13 start 1: 128 evals, 45291.7s elapsed, c̃=0.8203497989, g_norm=2.92e+00
  p=13 start 1: 129 evals, 45675.7s elapsed, c̃=0.8309011421, g_norm=1.91e+00
  p=13 start 1: 130 evals, 46032.7s elapsed, c̃=0.8517101119, g_norm=1.12e+00
  p=13 start 1: 131 evals, 46389.2s elapsed, c̃=0.8556408719, g_norm=1.72e+00
  p=13 start 1: 132 evals, 46742.9s elapsed, c̃=0.8580364363, g_norm=2.23e+00
  p=13 start 1: 133 evals, 47105.6s elapsed, c̃=0.8556408719, g_norm=1.72e+00
  p=13 start 1: 134 evals, 47475.2s elapsed, c̃=0.8580364363, g_norm=2.23e+00
  p=13 start 1: 135 evals, 47824.6s elapsed, c̃=0.8323741438, g_norm=3.25e+00
  p=13 start 1: 136 evals, 48180.6s elapsed, c̃=0.8387453324, g_norm=2.66e+00
  p=13 start 1: 137 evals, 48536.1s elapsed, c̃=0.8569753174, g_norm=2.42e+00
  p=13 start 1: 138 evals, 48885.1s elapsed, c̃=0.8580364363, g_norm=2.23e+00
  p=13 start 1: 139 evals, 49246.5s elapsed, c̃=0.8569753174, g_norm=2.42e+00
  p=13 start 1: 140 evals, 49596.3s elapsed, c̃=0.8580364363, g_norm=2.23e+00
  p=13 start 1: 141 evals, 49963.3s elapsed, c̃=0.8569753174, g_norm=2.42e+00
  p=13 start 1: 142 evals, 50287.8s elapsed, c̃=0.8580364363, g_norm=2.23e+00
  p=13 start 1: 143 evals, 50614.5s elapsed, c̃=0.8569753174, g_norm=2.42e+00
  p=13 start 1: 144 evals, 50970.2s elapsed, c̃=0.8580364363, g_norm=2.23e+00
  p=13 start 1: 145 evals, 51323.8s elapsed, c̃=0.8569753174, g_norm=2.42e+00
  p=13 start 1: 146 evals, 51681.0s elapsed, c̃=0.8580364363, g_norm=2.23e+00
  p=13 start 1: 147 evals, 52038.0s elapsed, c̃=0.8569753174, g_norm=2.42e+00
  p=13 start 1: 148 evals, 52397.8s elapsed, c̃=0.8580364363, g_norm=2.23e+00
  p=13 start 1: 149 evals, 52752.8s elapsed, c̃=0.8569753174, g_norm=2.42e+00
  p=13 start 1: 150 evals, 53112.9s elapsed, c̃=0.8580364363, g_norm=2.23e+00
  p=13 start 1: 151 evals, 53472.2s elapsed, c̃=0.8569753174, g_norm=2.42e+00
  p=13 start 1: 152 evals, 53836.3s elapsed, c̃=0.8580364363, g_norm=2.23e+00
  p=13 start 1: 153 evals, 54227.3s elapsed, c̃=0.8569753174, g_norm=2.42e+00
  p=13 start 1: 154 evals, 54623.8s elapsed, c̃=0.8580364363, g_norm=2.23e+00
  p=13 start 1: 155 evals, 54993.4s elapsed, c̃=0.8569753174, g_norm=2.42e+00
  p=13 start 1: 156 evals, 55368.0s elapsed, c̃=0.8580364363, g_norm=2.23e+00
  p=13 start 1: 157 evals, 55720.6s elapsed, c̃=0.8569753174, g_norm=2.42e+00
  p=13 start 1: 158 evals, 56077.5s elapsed, c̃=0.8580364363, g_norm=2.23e+00
  p=13 start 1: 159 evals, 56431.1s elapsed, c̃=0.8569753174, g_norm=2.42e+00
  p=13 start 1: 160 evals, 56790.4s elapsed, c̃=0.8580364363, g_norm=2.23e+00
  p=13 start 1: 161 evals, 57149.3s elapsed, c̃=0.8569753174, g_norm=2.42e+00
  p=13 start 1: 162 evals, 57504.0s elapsed, c̃=0.8580364363, g_norm=2.23e+00
  p=13 start 1: 163 evals, 57859.3s elapsed, c̃=0.8569753174, g_norm=2.42e+00
  p=13 start 1: 164 evals, 58221.4s elapsed, c̃=0.8580364363, g_norm=2.23e+00
  p=13 start 1: 165 evals, 58547.8s elapsed, c̃=0.8569753174, g_norm=2.42e+00
  p=13 start 1: 166 evals, 58902.9s elapsed, c̃=0.8580364363, g_norm=2.23e+00
  p=13 start 1: 167 evals, 59260.6s elapsed, c̃=0.8569753174, g_norm=2.42e+00
  p=13 start 1: 168 evals, 59611.5s elapsed, c̃=0.8580364363, g_norm=2.23e+00
  p=13 start 1: 169 evals, 59964.7s elapsed, c̃=0.8569753174, g_norm=2.42e+00
  p=13 start 1: 170 evals, 60322.0s elapsed, c̃=0.8580364363, g_norm=2.23e+00
  p=13 start 1: 171 evals, 60647.0s elapsed, c̃=0.8569753174, g_norm=2.42e+00
  p=13 start 1: 172 evals, 61024.2s elapsed, c̃=0.8580364363, g_norm=2.23e+00
  p=13 start 1: 173 evals, 61388.6s elapsed, c̃=0.8569753174, g_norm=2.42e+00
  p=13 start 1: 174 evals, 61710.9s elapsed, c̃=0.8580364363, g_norm=2.23e+00
  p=13 start 1: 175 evals, 62066.1s elapsed, c̃=0.8569753174, g_norm=2.42e+00
  p=13 start 1: 176 evals, 62427.7s elapsed, c̃=0.8580364363, g_norm=2.23e+00
  p=13 start 1: 177 evals, 62783.6s elapsed, c̃=0.8569753174, g_norm=2.42e+00
  p=13 start 1: 178 evals, 63138.8s elapsed, c̃=0.8580364363, g_norm=2.23e+00
  p=13 start 1: 179 evals, 63490.6s elapsed, c̃=0.8569753174, g_norm=2.42e+00
  p=13 start 1: 180 evals, 63841.9s elapsed, c̃=0.8580364363, g_norm=2.23e+00
  p=13 start 1: 181 evals, 64213.2s elapsed, c̃=0.8569753174, g_norm=2.42e+00
  p=13 start 1: 182 evals, 64571.1s elapsed, c̃=0.8580364363, g_norm=2.23e+00
  p=13 start 1: 183 evals, 64938.0s elapsed, c̃=0.8569753174, g_norm=2.42e+00
