Precompiling packages...
    QaoaXorsat Being precompiled by another process (pid: 0, pidfile: /home/stephenjordan_google_com/.julia/compiled/v1.12/QaoaXorsat/qgVWo_H0iNu.ji.pidfile)
  91614.7 ms  ✓ QaoaXorsat
  1 dependency successfully precompiled in 97 seconds. 52 already precompiled.
preserved run_id=20260401T022636-k4-d7-p11-15-r2-i320-s1234
preserved directory=/home/stephenjordan_google_com/qaoa-xorsat/scripts/../.project/results/optimization/runs/20260401T022636-k4-d7-p11-15-r2-i320-s1234
resuming from: /home/stephenjordan_google_com/qaoa-xorsat/.project/results/optimization/runs/20260331T232833-k4-d7-p1-15-r2-i320-s1234
warm-start from p=10: c̃=0.804449769314
[ Info: JIT warmup...
[ Info: JIT warmup complete, starting sweep
  p=11 start 1: 3 evals, 30.1s elapsed, c̃=0.5128202089, g_norm=8.01e-02
  p=11 start 1: 5 evals, 60.5s elapsed, c̃=0.6175362496, g_norm=3.11e-01
  p=11 start 1: 8 evals, 105.0s elapsed, c̃=0.7894725505, g_norm=4.43e-01
  p=11 start 1: 10 evals, 135.4s elapsed, c̃=0.7809761489, g_norm=3.07e-01
  p=11 start 1: 12 evals, 166.2s elapsed, c̃=0.8036705586, g_norm=3.59e-01
  p=11 start 1: 14 evals, 196.3s elapsed, c̃=0.8396923710, g_norm=1.04e+00
  p=11 start 1: 16 evals, 226.7s elapsed, c̃=0.8002146225, g_norm=3.93e-01
  p=11 start 1: 18 evals, 257.7s elapsed, c̃=0.8092981727, g_norm=4.59e-01
  p=11 start 1: 20 evals, 288.6s elapsed, c̃=0.8159248102, g_norm=6.19e-01
  p=11 start 1: 22 evals, 319.7s elapsed, c̃=0.8260540296, g_norm=7.95e-01
  p=11 start 1: 24 evals, 350.8s elapsed, c̃=0.7791624926, g_norm=2.87e-01
  p=11 start 1: 26 evals, 381.4s elapsed, c̃=0.8255687525, g_norm=9.94e-01
  p=11 start 1: 28 evals, 412.1s elapsed, c̃=0.7956208036, g_norm=3.03e-01
  p=11 start 1: 30 evals, 442.3s elapsed, c̃=0.8150478215, g_norm=3.81e-01
  p=11 start 1: 32 evals, 473.0s elapsed, c̃=0.7592956361, g_norm=2.07e-01
  p=11 start 1: 34 evals, 503.7s elapsed, c̃=0.7804081254, g_norm=2.31e-01
  p=11 start 1: 36 evals, 534.6s elapsed, c̃=0.8061390932, g_norm=4.20e-01
  p=11 start 1: 38 evals, 565.8s elapsed, c̃=0.8022604760, g_norm=3.34e-01
  p=11 start 1: 40 evals, 596.3s elapsed, c̃=0.8483867124, g_norm=8.16e-01
  p=11 start 1: 42 evals, 627.9s elapsed, c̃=0.8041215328, g_norm=5.98e-01
  p=11 start 1: 44 evals, 658.5s elapsed, c̃=0.8368154005, g_norm=1.23e+00
  p=11 start 1: 46 evals, 690.0s elapsed, c̃=0.8060217983, g_norm=4.75e-01
  p=11 start 1: 48 evals, 720.5s elapsed, c̃=0.7856726999, g_norm=2.31e-01
  p=11 start 1: 50 evals, 751.7s elapsed, c̃=0.7918067285, g_norm=4.02e-01
  p=11 start 1: 52 evals, 783.0s elapsed, c̃=0.8157980986, g_norm=5.02e-01
  p=11 start 1: 54 evals, 814.6s elapsed, c̃=0.8144463871, g_norm=8.34e-01
  p=11 start 1: 56 evals, 845.9s elapsed, c̃=0.7788148942, g_norm=5.06e-01
  p=11 start 1: 58 evals, 877.2s elapsed, c̃=0.7946292316, g_norm=4.20e-01
  p=11 start 1: 60 evals, 908.3s elapsed, c̃=0.7776467442, g_norm=3.28e-01
  p=11 start 1: 62 evals, 939.5s elapsed, c̃=0.8145485009, g_norm=1.24e+00
  p=11 start 1: 64 evals, 971.1s elapsed, c̃=0.8016722387, g_norm=2.81e-01
  p=11 start 1: 66 evals, 1002.0s elapsed, c̃=0.8207031365, g_norm=1.37e+00
  p=11 start 1: 68 evals, 1032.9s elapsed, c̃=0.8090648423, g_norm=3.32e-01
  p=11 start 1: 70 evals, 1063.9s elapsed, c̃=0.7647718946, g_norm=4.62e-01
  p=11 start 1: 72 evals, 1094.4s elapsed, c̃=0.7910281441, g_norm=6.60e-01
  p=11 start 1: 74 evals, 1125.6s elapsed, c̃=0.8200129412, g_norm=4.49e-01
  p=11 start 1: 76 evals, 1156.6s elapsed, c̃=0.8090053362, g_norm=9.20e-01
  p=11 start 1: 78 evals, 1187.8s elapsed, c̃=0.8434671639, g_norm=9.71e-01
  p=11 start 1: 80 evals, 1218.4s elapsed, c̃=0.8001320945, g_norm=4.12e-01
  p=11 start 1: 82 evals, 1249.7s elapsed, c̃=0.7673446722, g_norm=2.71e-01
  p=11 start 1: 84 evals, 1280.9s elapsed, c̃=0.7550772450, g_norm=3.56e-01
  p=11 start 1: 86 evals, 1311.7s elapsed, c̃=0.8032179475, g_norm=3.09e-01
  p=11 start 1: 88 evals, 1343.2s elapsed, c̃=0.8226466954, g_norm=7.58e-01
  p=11 start 1: 90 evals, 1374.8s elapsed, c̃=0.7800919982, g_norm=4.20e-01
  p=11 start 1: 92 evals, 1405.7s elapsed, c̃=0.8038767463, g_norm=6.19e-01
  p=11 start 1: 94 evals, 1436.9s elapsed, c̃=0.7897029202, g_norm=2.31e-01
  p=11 start 1: 96 evals, 1468.2s elapsed, c̃=0.7961035573, g_norm=1.94e-01
  p=11 start 1: 98 evals, 1499.1s elapsed, c̃=0.8090279125, g_norm=2.23e-01
  p=11 start 1: 100 evals, 1529.9s elapsed, c̃=0.8002143315, g_norm=4.06e-01
  p=11 start 1: 102 evals, 1561.6s elapsed, c̃=0.7666152127, g_norm=2.05e-01
  p=11 start 1: 104 evals, 1593.1s elapsed, c̃=0.7821187298, g_norm=2.62e-01
  p=11 start 1: 106 evals, 1624.3s elapsed, c̃=0.7710185482, g_norm=2.95e-01
  p=11 start 1: 108 evals, 1655.2s elapsed, c̃=0.7999361570, g_norm=2.03e-01
  p=11 start 1: 110 evals, 1686.1s elapsed, c̃=0.8152126590, g_norm=7.54e-01
  p=11 start 1: 112 evals, 1716.9s elapsed, c̃=0.8048634062, g_norm=6.97e-01
  p=11 start 1: 114 evals, 1748.0s elapsed, c̃=0.7992722179, g_norm=2.60e-01
  p=11 start 1: 116 evals, 1779.2s elapsed, c̃=0.7915850844, g_norm=2.88e-01
  p=11 start 1: 118 evals, 1810.3s elapsed, c̃=0.7646015428, g_norm=2.11e-01
  p=11 start 1: 120 evals, 1842.2s elapsed, c̃=0.8319962019, g_norm=1.19e+00
  p=11 start 1: 122 evals, 1873.6s elapsed, c̃=0.8303928032, g_norm=7.99e-01
  p=11 start 1: 124 evals, 1904.5s elapsed, c̃=0.8333131310, g_norm=1.20e+00
  p=11 start 1: 126 evals, 1935.4s elapsed, c̃=0.8105108450, g_norm=6.66e-01
  p=11 start 1: 128 evals, 1966.5s elapsed, c̃=0.8265831824, g_norm=8.22e-01
  p=11 start 1: 130 evals, 1998.1s elapsed, c̃=0.8128871935, g_norm=4.55e-01
  p=11 start 1: 132 evals, 2029.4s elapsed, c̃=0.8108077876, g_norm=6.74e-01
  p=11 start 1: 134 evals, 2061.0s elapsed, c̃=0.8547896367, g_norm=1.09e+00
  p=11 start 1: 136 evals, 2092.5s elapsed, c̃=0.7635785972, g_norm=2.48e-01
  p=11 start 1: 138 evals, 2123.3s elapsed, c̃=0.8044088292, g_norm=4.12e-01
  p=11 start 1: 140 evals, 2154.6s elapsed, c̃=0.8063114503, g_norm=5.80e-01
  p=11 start 1: 142 evals, 2185.0s elapsed, c̃=0.8027826816, g_norm=6.58e-01
  p=11 start 1: 144 evals, 2215.8s elapsed, c̃=0.8268076488, g_norm=7.71e-01
  p=11 start 1: 146 evals, 2246.0s elapsed, c̃=0.7712571485, g_norm=2.77e-01
  p=11 start 1: 148 evals, 2276.4s elapsed, c̃=0.8144900784, g_norm=5.70e-01
  p=11 start 1: 150 evals, 2308.0s elapsed, c̃=0.7830027305, g_norm=2.42e-01
  p=11 start 1: 152 evals, 2339.7s elapsed, c̃=0.8042976316, g_norm=6.31e-01
  p=11 start 1: 154 evals, 2370.8s elapsed, c̃=0.8446979870, g_norm=1.05e+00
  p=11 start 1: 156 evals, 2401.8s elapsed, c̃=0.8004129989, g_norm=2.95e-01
  p=11 start 1: 158 evals, 2432.3s elapsed, c̃=0.8050474282, g_norm=4.26e-01
  p=11 start 1: 160 evals, 2463.5s elapsed, c̃=0.7939364447, g_norm=3.77e-01
  p=11 start 1: 162 evals, 2494.8s elapsed, c̃=0.7974253349, g_norm=2.25e-01
  p=11 start 1: 164 evals, 2525.1s elapsed, c̃=0.7998009955, g_norm=2.57e-01
  p=11 start 1: 166 evals, 2556.1s elapsed, c̃=0.7929128346, g_norm=2.48e-01
  p=11 start 1: 168 evals, 2586.5s elapsed, c̃=0.8331698340, g_norm=1.34e+00
  p=11 start 1: 170 evals, 2617.8s elapsed, c̃=0.8304981404, g_norm=7.71e-01
  p=11 start 1: 172 evals, 2648.6s elapsed, c̃=0.8516861754, g_norm=1.11e+00
  p=11 start 1: 174 evals, 2679.1s elapsed, c̃=0.8485797352, g_norm=7.19e-01
  p=11 start 1: 176 evals, 2709.5s elapsed, c̃=0.8485797352, g_norm=7.19e-01
  p=11 start 1: 178 evals, 2740.3s elapsed, c̃=0.8485797352, g_norm=7.19e-01
  p=11 start 1: 180 evals, 2770.9s elapsed, c̃=0.8485797352, g_norm=7.19e-01
  p=11 start 1: 182 evals, 2802.3s elapsed, c̃=0.8485797352, g_norm=7.19e-01
  p=11 start 1: 184 evals, 2833.3s elapsed, c̃=0.8485797352, g_norm=7.19e-01
  p=11 start 1: 186 evals, 2864.8s elapsed, c̃=0.8485797352, g_norm=7.19e-01
  p=11 start 1: 188 evals, 2895.6s elapsed, c̃=0.8485797352, g_norm=7.19e-01
  p=11 start 1: 190 evals, 2926.7s elapsed, c̃=0.8485797352, g_norm=7.19e-01
  p=11 start 1: 192 evals, 2958.0s elapsed, c̃=0.8485797352, g_norm=7.19e-01
  p=11 start 1: 194 evals, 2989.5s elapsed, c̃=0.8485797352, g_norm=7.19e-01
  p=11 start 1: 196 evals, 3020.3s elapsed, c̃=0.8485797352, g_norm=7.19e-01
  p=11 start 1: 198 evals, 3051.0s elapsed, c̃=0.8485797352, g_norm=7.19e-01
  p=11 start 1: 200 evals, 3081.8s elapsed, c̃=0.8485797352, g_norm=7.19e-01
  p=11 start 1: 202 evals, 3113.0s elapsed, c̃=0.8197223055, g_norm=9.00e-01
  p=11 start 1: 204 evals, 3144.2s elapsed, c̃=0.8191090924, g_norm=3.98e-01
  p=11 start 1: 206 evals, 3175.4s elapsed, c̃=0.7629696885, g_norm=3.32e-01
  p=11 start 1: 208 evals, 3206.5s elapsed, c̃=0.8162488344, g_norm=8.89e-01
  p=11 start 1: 210 evals, 3237.3s elapsed, c̃=0.8197733923, g_norm=6.05e-01
  p=11 start 1: 212 evals, 3268.7s elapsed, c̃=0.7797013600, g_norm=2.23e-01
  p=11 start 1: 214 evals, 3300.0s elapsed, c̃=0.7491544386, g_norm=1.99e-01
  p=11 start 1: 216 evals, 3331.0s elapsed, c̃=0.8091385342, g_norm=2.81e-01
  p=11 start 1: 218 evals, 3362.2s elapsed, c̃=0.8002037105, g_norm=3.36e-01
  p=11 start 1: 220 evals, 3392.8s elapsed, c̃=0.7828897110, g_norm=2.97e-01
  p=11 start 1: 222 evals, 3424.2s elapsed, c̃=0.7854971979, g_norm=2.78e-01
  p=11 start 1: 224 evals, 3455.2s elapsed, c̃=0.7426397219, g_norm=3.09e-01
  p=11 start 1: 226 evals, 3485.7s elapsed, c̃=0.7823189710, g_norm=2.34e-01
  p=11 start 1: 228 evals, 3517.4s elapsed, c̃=0.8422420175, g_norm=5.88e-01
  p=11 start 1: 230 evals, 3549.1s elapsed, c̃=0.8245200612, g_norm=5.70e-01
  p=11 start 1: 232 evals, 3579.7s elapsed, c̃=0.8256252537, g_norm=1.13e+00
  p=11 start 1: 234 evals, 3611.2s elapsed, c̃=0.8226655901, g_norm=7.54e-01
  p=11 start 1: 236 evals, 3642.0s elapsed, c̃=0.7997943209, g_norm=2.93e-01
  p=11 start 1: 238 evals, 3673.2s elapsed, c̃=0.7878649061, g_norm=3.30e-01
  p=11 start 1: 240 evals, 3703.6s elapsed, c̃=0.7929868899, g_norm=2.36e-01
  p=11 start 1: 242 evals, 3735.3s elapsed, c̃=0.8472633016, g_norm=8.03e-01
  p=11 start 1: 244 evals, 3766.5s elapsed, c̃=0.8564920256, g_norm=7.58e-01
  p=11 start 1: 246 evals, 3797.2s elapsed, c̃=0.8442909677, g_norm=8.52e-01
  p=11 start 1: 248 evals, 3827.5s elapsed, c̃=0.8564920256, g_norm=7.58e-01
  p=11 start 1: 250 evals, 3858.4s elapsed, c̃=0.8564920256, g_norm=7.58e-01
  p=11 start 1: 252 evals, 3889.9s elapsed, c̃=0.8564920256, g_norm=7.58e-01
  p=11 start 1: 254 evals, 3921.3s elapsed, c̃=0.8564920256, g_norm=7.58e-01
  p=11 start 1: 256 evals, 3952.2s elapsed, c̃=0.8564920256, g_norm=7.58e-01
  p=11 start 1: 258 evals, 3983.1s elapsed, c̃=0.8564920256, g_norm=7.58e-01
  p=11 start 1: 260 evals, 4014.6s elapsed, c̃=0.8564920256, g_norm=7.58e-01
  p=11 start 1: 262 evals, 4046.0s elapsed, c̃=0.8564920256, g_norm=7.58e-01
  p=11 start 1: 264 evals, 4077.3s elapsed, c̃=0.8564920256, g_norm=7.58e-01
  p=11 start 1: 266 evals, 4108.8s elapsed, c̃=0.8564920256, g_norm=7.58e-01
  p=11 start 1: 268 evals, 4139.5s elapsed, c̃=0.8564920256, g_norm=7.58e-01
  p=11 start 1: 270 evals, 4171.0s elapsed, c̃=0.8564920256, g_norm=7.58e-01
  p=11 start 1: 272 evals, 4202.2s elapsed, c̃=0.8564920256, g_norm=7.58e-01
  p=11 start 1: 274 evals, 4233.1s elapsed, c̃=0.8564920256, g_norm=7.58e-01
  p=11 start 1: 276 evals, 4264.4s elapsed, c̃=0.8564920256, g_norm=7.58e-01
  p=12 start 1: 2 evals, 68.4s elapsed, c̃=0.8536767085, g_norm=1.82e+02
  p=12 start 1: 3 evals, 139.3s elapsed, c̃=0.4999816175, g_norm=1.67e-03
  p=12 start 1: 4 evals, 208.3s elapsed, c̃=0.5000090341, g_norm=8.75e-04
  p=12 start 1: 5 evals, 277.4s elapsed, c̃=0.5000010988, g_norm=1.65e-04
  p=12 start 1: 6 evals, 348.0s elapsed, c̃=0.5000006526, g_norm=1.76e-04
  p=12 start 1: 7 evals, 418.7s elapsed, c̃=0.5000001648, g_norm=1.06e-05
  p=12 start 1: 8 evals, 487.6s elapsed, c̃=0.4999999998, g_norm=5.39e-08
  p=12 start 1: 9 evals, 556.5s elapsed, c̃=0.4999999999, g_norm=9.66e-08
  p=12 start 1: 10 evals, 626.0s elapsed, c̃=0.5000000008, g_norm=1.13e-07
  p=12 start 1: 11 evals, 695.3s elapsed, c̃=0.5000000000, g_norm=5.88e-11
  p=12 start 1: 12 evals, 764.4s elapsed, c̃=0.5000021835, g_norm=7.32e-05
  p=12 start 1: 13 evals, 835.1s elapsed, c̃=0.4990871812, g_norm=7.06e-02
  p=12 start 1: 14 evals, 905.8s elapsed, c̃=0.4999466473, g_norm=1.19e-02
  p=12 start 1: 15 evals, 974.7s elapsed, c̃=0.3727371795, g_norm=3.02e+00
  p=12 start 1: 16 evals, 1045.3s elapsed, c̃=0.4835954863, g_norm=5.25e-01
  p=12 start 1: 17 evals, 1116.0s elapsed, c̃=0.5295731824, g_norm=1.20e+00
  p=12 start 1: 18 evals, 1184.8s elapsed, c̃=0.5323758067, g_norm=6.66e+00
  p=12 start 1: 19 evals, 1255.6s elapsed, c̃=0.7117539380, g_norm=7.79e+00
  p=12 start 1: 20 evals, 1326.1s elapsed, c̃=0.5522036411, g_norm=6.61e+00
ERROR: LoadError: TaskFailedException

    nested task error: AssertionError: isfinite(phi_d) && isfinite(gphi)
    Stacktrace:
      [1] bisect!(ϕdϕ::LineSearches.var"#ϕdϕ#make_ϕdϕ##0"{Optim.ManifoldObjective{Optim.Flat, NLSolversBase.OnceDifferentiable{Float64, Vector{Float64}, Float64, Vector{Float64}}}, Vector{Float64}, Vector{Float64}, Vector{Float64}}, alphas::Vector{Float64}, values::Vector{Float64}, slopes::Vector{Float64}, ia::Int64, ib::Int64, phi_lim::Float64, display::Int64)
        @ LineSearches ~/.julia/packages/LineSearches/lihz0/src/hagerzhang.jl:511
      [2] update!(ϕdϕ::Function, alphas::Vector{Float64}, values::Vector{Float64}, slopes::Vector{Float64}, ia::Int64, ib::Int64, ic::Int64, phi_lim::Float64, display::Int64)
        @ LineSearches ~/.julia/packages/LineSearches/lihz0/src/hagerzhang.jl:483
      [3] secant2!(ϕdϕ::LineSearches.var"#ϕdϕ#make_ϕdϕ##0"{Optim.ManifoldObjective{Optim.Flat, NLSolversBase.OnceDifferentiable{Float64, Vector{Float64}, Float64, Vector{Float64}}}, Vector{Float64}, Vector{Float64}, Vector{Float64}}, alphas::Vector{Float64}, values::Vector{Float64}, slopes::Vector{Float64}, ia::Int64, ib::Int64, phi_lim::Float64, delta::Float64, sigma::Float64, display::Int64)
        @ LineSearches ~/.julia/packages/LineSearches/lihz0/src/hagerzhang.jl:391
      [4] (::LineSearches.HagerZhang{Float64, Base.RefValue{Bool}})(ϕ::Function, ϕdϕ::LineSearches.var"#ϕdϕ#make_ϕdϕ##0"{Optim.ManifoldObjective{Optim.Flat, NLSolversBase.OnceDifferentiable{Float64, Vector{Float64}, Float64, Vector{Float64}}}, Vector{Float64}, Vector{Float64}, Vector{Float64}}, c::Float64, phi_0::Float64, dphi_0::Float64)
        @ LineSearches ~/.julia/packages/LineSearches/lihz0/src/hagerzhang.jl:277
      [5] perform_linesearch!(state::Optim.LBFGSState{Vector{Float64}, Vector{Vector{Float64}}, Vector{Vector{Float64}}, Float64, Vector{Float64}}, method::Optim.LBFGS{Nothing, LineSearches.InitialStatic{Float64}, LineSearches.HagerZhang{Float64, Base.RefValue{Bool}}, Returns{Nothing}}, d::Optim.ManifoldObjective{Optim.Flat, NLSolversBase.OnceDifferentiable{Float64, Vector{Float64}, Float64, Vector{Float64}}})
        @ Optim ~/.julia/packages/Optim/DtV5C/src/utilities/perform_linesearch.jl:38
      [6] update_state!(d::NLSolversBase.OnceDifferentiable{Float64, Vector{Float64}, Float64, Vector{Float64}}, state::Optim.LBFGSState{Vector{Float64}, Vector{Vector{Float64}}, Vector{Vector{Float64}}, Float64, Vector{Float64}}, method::Optim.LBFGS{Nothing, LineSearches.InitialStatic{Float64}, LineSearches.HagerZhang{Float64, Base.RefValue{Bool}}, Returns{Nothing}})
        @ Optim ~/.julia/packages/Optim/DtV5C/src/multivariate/solvers/first_order/l_bfgs.jl:225
      [7] optimize(d::NLSolversBase.OnceDifferentiable{Float64, Vector{Float64}, Float64, Vector{Float64}}, initial_x::Vector{Float64}, method::Optim.LBFGS{Nothing, LineSearches.InitialStatic{Float64}, LineSearches.HagerZhang{Float64, Base.RefValue{Bool}}, Returns{Nothing}}, options::Optim.Options{Float64, QaoaXorsat.var"#plateau_callback#66"{Int64, Base.RefValue{Int64}, Vector{Float64}, Vector{QaoaXorsat.OptimizationTraceEntry}, Float64, typeof(chunk_callback)}}, state::Optim.LBFGSState{Vector{Float64}, Vector{Vector{Float64}}, Vector{Vector{Float64}}, Float64, Vector{Float64}})
        @ Optim ~/.julia/packages/Optim/DtV5C/src/multivariate/optimize/optimize.jl:79
      [8] optimize(d::NLSolversBase.OnceDifferentiable{Float64, Vector{Float64}, Float64, Vector{Float64}}, initial_x::Vector{Float64}, method::Optim.LBFGS{Nothing, LineSearches.InitialStatic{Float64}, LineSearches.HagerZhang{Float64, Base.RefValue{Bool}}, Returns{Nothing}}, options::Optim.Options{Float64, QaoaXorsat.var"#plateau_callback#66"{Int64, Base.RefValue{Int64}, Vector{Float64}, Vector{QaoaXorsat.OptimizationTraceEntry}, Float64, typeof(chunk_callback)}})
        @ Optim ~/.julia/packages/Optim/DtV5C/src/multivariate/optimize/optimize.jl:45
      [9] macro expansion
        @ ~/qaoa-xorsat/src/optimization.jl:409 [inlined]
     [10] (::QaoaXorsat.var"#58#59"{QaoaXorsat.var"#60#61"{Int64, Int64, Symbol, Float64, typeof(progress_callback), typeof(chunk_callback), TreeParams, Vector{Tuple{QAOAAngles, Float64, QaoaXorsat.AngleOptimizationStartResult}}, Vector{QaoaXorsat.AngleOptimizationStartSpec}, Base.OneTo{Int64}}})(tid::Int64; onethread::Bool)
        @ QaoaXorsat ./threadingconstructs.jl:276
     [11] #58
        @ ./threadingconstructs.jl:243 [inlined]
     [12] (::Base.Threads.var"#threading_run##0#threading_run##1"{QaoaXorsat.var"#58#59"{QaoaXorsat.var"#60#61"{Int64, Int64, Symbol, Float64, typeof(progress_callback), typeof(chunk_callback), TreeParams, Vector{Tuple{QAOAAngles, Float64, QaoaXorsat.AngleOptimizationStartResult}}, Vector{QaoaXorsat.AngleOptimizationStartSpec}, Base.OneTo{Int64}}}, Int64})()
        @ Base.Threads ./threadingconstructs.jl:177
Stacktrace:
 [1] threading_run(fun::QaoaXorsat.var"#58#59"{QaoaXorsat.var"#60#61"{Int64, Int64, Symbol, Float64, typeof(progress_callback), typeof(chunk_callback), TreeParams, Vector{Tuple{QAOAAngles, Float64, QaoaXorsat.AngleOptimizationStartResult}}, Vector{QaoaXorsat.AngleOptimizationStartSpec}, Base.OneTo{Int64}}}, static::Bool)
   @ Base.Threads ./threadingconstructs.jl:196
 [2] macro expansion
   @ ./threadingconstructs.jl:213 [inlined]
 [3] optimize_angles(params::TreeParams; clause_sign::Int64, restarts::Int64, maxiters::Int64, initial_guesses::Vector{QAOAAngles{Float64}}, initial_guess_kind::Symbol, autodiff::Symbol, rng::MersenneTwister, g_abstol::Float64, on_evaluation::typeof(progress_callback), on_chunk::typeof(chunk_callback))
   @ QaoaXorsat ~/qaoa-xorsat/src/optimization.jl:277
 [4] optimize_depth_sequence(k::Int64, D::Int64, p_values::Vector{Int64}; clause_sign::Int64, restarts::Int64, maxiters::Int64, autodiff::Symbol, rng::MersenneTwister, on_result::typeof(result_callback), on_evaluation::Function, on_chunk::Function, warm_start::QAOAAngles{Float64})
   @ QaoaXorsat ~/qaoa-xorsat/src/optimization.jl:554
 [5] top-level scope
   @ ~/qaoa-xorsat/scripts/optimize_qaoa.jl:597
 [6] include(mod::Module, _path::String)
   @ Base ./Base.jl:306
 [7] exec_options(opts::Base.JLOptions)
   @ Base ./client.jl:317
 [8] _start()
   @ Base ./client.jl:550
in expression starting at /home/stephenjordan_google_com/qaoa-xorsat/scripts/optimize_qaoa.jl:597
