Precompiling packages...
    QaoaXorsat Being precompiled by another process (pid: 0, pidfile: /home/stephenjordan_google_com/.julia/compiled/v1.12/QaoaXorsat/qgVWo_H0iNu.ji.pidfile)
  11175.6 ms  ✓ QaoaXorsat
  1 dependency successfully precompiled in 16 seconds. 52 already precompiled.
preserved run_id=20260401T022515-k6-d7-p10-15-r2-i320-s1234
preserved directory=/home/stephenjordan_google_com/qaoa-xorsat/scripts/../.project/results/optimization/runs/20260401T022515-k6-d7-p10-15-r2-i320-s1234
resuming from: /home/stephenjordan_google_com/qaoa-xorsat/.project/results/optimization/runs/20260331T233021-k6-d7-p1-15-r2-i320-s1234
warm-start from p=9: c̃=0.846686598714
[ Info: JIT warmup...
[ Info: JIT warmup complete, starting sweep
  p=10 start 2: 9 evals, 32.5s elapsed, c̃=0.5000011392, g_norm=8.65e-05
  p=10 start 2: 18 evals, 64.0s elapsed, c̃=0.5000604299, g_norm=2.42e-03
  p=10 start 2: 27 evals, 94.8s elapsed, c̃=0.5000232934, g_norm=1.04e-03
  p=10 start 2: 36 evals, 126.1s elapsed, c̃=0.5000370432, g_norm=1.18e-03
  p=10 start 2: 45 evals, 157.4s elapsed, c̃=0.5000978256, g_norm=2.32e-03
  p=10 start 2: 54 evals, 188.9s elapsed, c̃=0.5002118710, g_norm=6.43e-03
  p=10 start 2: 63 evals, 220.3s elapsed, c̃=0.5002292234, g_norm=4.50e-03
  p=10 start 2: 72 evals, 252.1s elapsed, c̃=0.5008911213, g_norm=3.93e-02
  p=10 start 2: 81 evals, 284.0s elapsed, c̃=0.5001209598, g_norm=5.54e-03
  p=10 start 2: 90 evals, 315.9s elapsed, c̃=0.5025648370, g_norm=1.52e-01
  p=10 start 2: 99 evals, 347.7s elapsed, c̃=0.5002464750, g_norm=1.17e-02
  p=10 start 2: 108 evals, 379.5s elapsed, c̃=0.5002174165, g_norm=8.75e-03
  p=10 start 2: 117 evals, 411.4s elapsed, c̃=0.5002996016, g_norm=4.81e-03
  p=10 start 2: 126 evals, 443.2s elapsed, c̃=0.5002667779, g_norm=2.06e-02
  p=10 start 2: 135 evals, 475.3s elapsed, c̃=0.5001132206, g_norm=4.00e-03
  p=10 start 2: 144 evals, 507.3s elapsed, c̃=0.5001147337, g_norm=2.48e-03
  p=10 start 2: 153 evals, 539.2s elapsed, c̃=0.5002123285, g_norm=8.99e-03
  p=10 start 2: 162 evals, 570.7s elapsed, c̃=0.5016551312, g_norm=1.27e-01
  p=10 start 2: 171 evals, 602.2s elapsed, c̃=0.5001493366, g_norm=4.01e-03
  p=10 start 2: 180 evals, 634.0s elapsed, c̃=0.5001578181, g_norm=3.62e-03
  p=10 start 2: 189 evals, 666.0s elapsed, c̃=0.5007282789, g_norm=4.58e-02
  p=10 start 2: 198 evals, 698.0s elapsed, c̃=0.5002867331, g_norm=6.55e-03
  p=10 start 2: 207 evals, 729.7s elapsed, c̃=0.5008436217, g_norm=1.79e-02
  p=10 start 2: 216 evals, 761.8s elapsed, c̃=0.5001375750, g_norm=5.74e-03
  p=10 start 2: 225 evals, 793.3s elapsed, c̃=0.5002781504, g_norm=6.33e-03
  p=10 start 2: 234 evals, 825.1s elapsed, c̃=0.5002957434, g_norm=6.67e-03
  p=10 start 2: 243 evals, 857.1s elapsed, c̃=0.5002871483, g_norm=7.03e-03
  p=10 start 2: 252 evals, 889.2s elapsed, c̃=0.5004415327, g_norm=1.51e-02
  p=10 start 2: 261 evals, 921.5s elapsed, c̃=0.5013272584, g_norm=5.73e-02
  p=10 start 2: 270 evals, 954.0s elapsed, c̃=0.5027518800, g_norm=8.15e-02
  p=10 start 2: 279 evals, 986.1s elapsed, c̃=0.5013272584, g_norm=5.73e-02
