Precompiling packages...
    DifferentiationInterface → DifferentiationInterfaceForwardDiffExt Being precompiled by another machine (hostname: swift-c3dnodeset-5, pid: 440565, pidfile: /home/stephenjordan_google_com/.julia/compiled/v1.12/DifferentiationInterfaceForwardDiffExt/DTVAk_H0iNu.ji.pidfile)
              ✗ DifferentiationInterface → DifferentiationInterfaceForwardDiffExt
Info Given QaoaXorsat was explicitly requested, output will be shown live [0K
[0KERROR: LoadError: ArgumentError: Package ForwardDiff [f6369f11-7733-5829-9624-2563aa707210] is required but does not seem to be installed:
[0K - Run `Pkg.instantiate()` to install all recorded dependencies.
[0K
[0KStacktrace:
[0K  [1] __require_prelocked(pkg::Base.PkgId, env::String)
[0K    @ Base ./loading.jl:2615
[0K  [2] _require_prelocked(uuidkey::Base.PkgId, env::String)
[0K    @ Base ./loading.jl:2493
[0K  [3] macro expansion
[0K    @ ./loading.jl:2421 [inlined]
[0K  [4] macro expansion
[0K    @ ./lock.jl:376 [inlined]
[0K  [5] __require(into::Module, mod::Symbol)
[0K    @ Base ./loading.jl:2386
[0K  [6] require(into::Module, mod::Symbol)
[0K    @ Base ./loading.jl:2362
[0K  [7] include(mapexpr::Function, mod::Module, _path::String)
[0K    @ Base ./Base.jl:307
[0K  [8] top-level scope
[0K    @ ~/qaoa-xorsat/src/QaoaXorsat.jl:39
[0K  [9] include(mod::Module, _path::String)
[0K    @ Base ./Base.jl:306
[0K [10] include_package_for_output(pkg::Base.PkgId, input::String, depot_path::Vector{String}, dl_load_path::Vector{String}, load_path::Vector{String}, concrete_deps::Vector{Pair{Base.PkgId, UInt128}}, source::Nothing)
[0K    @ Base ./loading.jl:3024
[0K [11] top-level scope
[0K    @ stdin:5
[0K [12] eval(m::Module, e::Any)
[0K    @ Core ./boot.jl:489
[0K [13] include_string(mapexpr::typeof(identity), mod::Module, code::String, filename::String)
[0K    @ Base ./loading.jl:2870
[0K [14] include_string
[0K    @ ./loading.jl:2880 [inlined]
[0K [15] exec_options(opts::Base.JLOptions)
[0K    @ Base ./client.jl:315
[0K [16] _start()
[0K    @ Base ./client.jl:550
[0Kin expression starting at /home/stephenjordan_google_com/qaoa-xorsat/src/optimization.jl:3
[0Kin expression starting at /home/stephenjordan_google_com/qaoa-xorsat/src/QaoaXorsat.jl:1
[0Kin expression starting at stdin:5
              ✗ QaoaXorsat
  0 dependencies successfully precompiled in 77 seconds. 49 already precompiled.

ERROR: LoadError: The following 2 direct dependencies failed to precompile:

ForwardDiff 

Error: Missing source file for Base.PkgId(Base.UUID("f6369f11-7733-5829-9624-2563aa707210"), "ForwardDiff")
QaoaXorsat 

Failed to precompile QaoaXorsat [f8a3c5e7-1b2d-4e6a-9c0f-3d8b7a5e2f14] to "/home/stephenjordan_google_com/.julia/compiled/v1.12/QaoaXorsat/jl_8A460J".
ERROR: LoadError: ArgumentError: Package ForwardDiff [f6369f11-7733-5829-9624-2563aa707210] is required but does not seem to be installed:
 - Run `Pkg.instantiate()` to install all recorded dependencies.

Stacktrace:
  [1] __require_prelocked(pkg::Base.PkgId, env::String)
    @ Base ./loading.jl:2615
  [2] _require_prelocked(uuidkey::Base.PkgId, env::String)
    @ Base ./loading.jl:2493
  [3] macro expansion
    @ ./loading.jl:2421 [inlined]
  [4] macro expansion
    @ ./lock.jl:376 [inlined]
  [5] __require(into::Module, mod::Symbol)
    @ Base ./loading.jl:2386
  [6] require(into::Module, mod::Symbol)
    @ Base ./loading.jl:2362
  [7] include(mapexpr::Function, mod::Module, _path::String)
    @ Base ./Base.jl:307
  [8] top-level scope
    @ ~/qaoa-xorsat/src/QaoaXorsat.jl:39
  [9] include(mod::Module, _path::String)
    @ Base ./Base.jl:306
 [10] include_package_for_output(pkg::Base.PkgId, input::String, depot_path::Vector{String}, dl_load_path::Vector{String}, load_path::Vector{String}, concrete_deps::Vector{Pair{Base.PkgId, UInt128}}, source::Nothing)
    @ Base ./loading.jl:3024
 [11] top-level scope
    @ stdin:5
 [12] eval(m::Module, e::Any)
    @ Core ./boot.jl:489
 [13] include_string(mapexpr::typeof(identity), mod::Module, code::String, filename::String)
    @ Base ./loading.jl:2870
 [14] include_string
    @ ./loading.jl:2880 [inlined]
 [15] exec_options(opts::Base.JLOptions)
    @ Base ./client.jl:315
 [16] _start()
    @ Base ./client.jl:550
in expression starting at /home/stephenjordan_google_com/qaoa-xorsat/src/optimization.jl:3
in expression starting at /home/stephenjordan_google_com/qaoa-xorsat/src/QaoaXorsat.jl:1
in expression starting at stdin:5
in expression starting at /home/stephenjordan_google_com/qaoa-xorsat/scripts/swarm_chain_d64.jl:10
