preserved run_id=20260403T033822-k3-d8-p13-15-r2-i320-s1234
preserved directory=/home/stephenjordan_google_com/qaoa-xorsat/scripts/../.project/results/optimization/runs/20260403T033822-k3-d8-p13-15-r2-i320-s1234
resuming from: /home/stephenjordan_google_com/qaoa-xorsat/.project/results/optimization/runs/20260401T022656-k3-d8-p11-15-r2-i320-s1234
warm-start from p=12: c̃=0.801349079025
[ Info: JIT warmup...
[ Info: JIT warmup complete, starting sweep
  p=13 start 1: 2 evals, 377.6s elapsed, c̃=0.5834193678, g_norm=1.12e+01
  p=13 start 1: 3 evals, 773.0s elapsed, c̃=0.4999753252, g_norm=8.34e-04
  p=13 start 1: 4 evals, 1138.8s elapsed, c̃=0.5000175738, g_norm=4.10e-04
  p=13 start 1: 5 evals, 1534.1s elapsed, c̃=0.5000072111, g_norm=3.65e-04
  p=13 start 1: 6 evals, 1908.6s elapsed, c̃=0.5000078479, g_norm=2.31e-04
  p=13 start 1: 7 evals, 2323.7s elapsed, c̃=0.5028059845, g_norm=9.96e-02
  p=13 start 1: 8 evals, 2718.7s elapsed, c̃=0.5027521129, g_norm=1.45e-01
  p=13 start 1: 9 evals, 3096.4s elapsed, c̃=0.5227878587, g_norm=7.86e-01
  p=13 start 1: 10 evals, 3470.8s elapsed, c̃=0.5150088194, g_norm=5.51e-01
  p=13 start 1: 11 evals, 3848.2s elapsed, c̃=0.5193583702, g_norm=1.08e+00
  p=13 start 1: 12 evals, 4228.0s elapsed, c̃=0.5488222085, g_norm=3.61e+00
  p=13 start 1: 13 evals, 4610.1s elapsed, c̃=0.5489628040, g_norm=5.71e+00
  p=13 start 1: 14 evals, 5007.6s elapsed, c̃=0.5680683125, g_norm=5.91e+00
  p=13 start 1: 15 evals, 5378.1s elapsed, c̃=0.5429805862, g_norm=6.36e+00
  p=13 start 1: 16 evals, 5753.5s elapsed, c̃=0.5639042025, g_norm=7.81e+00
  p=13 start 1: 17 evals, 6176.7s elapsed, c̃=0.5368264372, g_norm=1.72e+00
  p=13 start 1: 18 evals, 6550.1s elapsed, c̃=0.5485914173, g_norm=7.25e+00
  p=13 start 1: 19 evals, 6933.7s elapsed, c̃=0.5574763487, g_norm=7.21e+00
  p=13 start 1: 20 evals, 7319.6s elapsed, c̃=0.5792470109, g_norm=3.25e+00
  p=13 start 1: 21 evals, 7701.3s elapsed, c̃=0.5378001984, g_norm=1.88e+00
  p=13 start 1: 22 evals, 8079.3s elapsed, c̃=0.5141246426, g_norm=3.00e+00
  p=13 start 1: 23 evals, 8452.0s elapsed, c̃=0.5716762964, g_norm=2.74e+00
  p=13 start 1: 24 evals, 8830.0s elapsed, c̃=0.5264633229, g_norm=1.82e+00
  p=13 start 1: 25 evals, 9253.8s elapsed, c̃=0.5494629657, g_norm=6.01e+00
  p=13 start 1: 26 evals, 9654.3s elapsed, c̃=0.5328243070, g_norm=4.73e+00
  p=13 start 1: 27 evals, 10039.1s elapsed, c̃=0.6054162715, g_norm=2.74e+01
  p=13 start 1: 28 evals, 10418.4s elapsed, c̃=0.5266867089, g_norm=2.30e+00
  p=13 start 1: 29 evals, 10801.9s elapsed, c̃=0.5531385171, g_norm=6.85e+00
  p=13 start 1: 30 evals, 11177.4s elapsed, c̃=0.5483693908, g_norm=1.62e+00
  p=13 start 1: 31 evals, 11540.6s elapsed, c̃=0.5823677626, g_norm=3.84e+00
  p=13 start 1: 32 evals, 11936.8s elapsed, c̃=0.5655686741, g_norm=8.33e+00
  p=13 start 1: 33 evals, 12319.2s elapsed, c̃=0.5819803708, g_norm=3.97e+00
  p=13 start 1: 34 evals, 12698.7s elapsed, c̃=0.5519849684, g_norm=2.37e+00
  p=13 start 1: 35 evals, 13080.4s elapsed, c̃=0.5466897519, g_norm=4.47e+00
  p=13 start 1: 36 evals, 13459.4s elapsed, c̃=0.5740709016, g_norm=7.99e+00
  p=13 start 1: 37 evals, 13839.7s elapsed, c̃=0.5359951594, g_norm=1.29e+01
  p=13 start 1: 38 evals, 14225.5s elapsed, c̃=0.5378511196, g_norm=2.01e+00
  p=13 start 1: 39 evals, 14609.5s elapsed, c̃=0.5772491094, g_norm=1.72e+01
  p=13 start 1: 40 evals, 14991.9s elapsed, c̃=0.5249580630, g_norm=5.73e+00
  p=13 start 1: 41 evals, 15394.5s elapsed, c̃=0.5633681423, g_norm=3.89e+01
  p=13 start 1: 42 evals, 15792.8s elapsed, c̃=0.5714838466, g_norm=4.27e+00
  p=13 start 1: 43 evals, 16158.3s elapsed, c̃=0.5224237492, g_norm=2.95e+00
  p=13 start 1: 44 evals, 16527.0s elapsed, c̃=0.5508548375, g_norm=3.20e+00
  p=13 start 1: 45 evals, 16902.3s elapsed, c̃=0.5731882360, g_norm=6.57e+00
  p=13 start 1: 46 evals, 17276.6s elapsed, c̃=0.6108455546, g_norm=7.62e+00
  p=13 start 1: 47 evals, 17656.7s elapsed, c̃=0.5737714129, g_norm=8.82e+00
  p=13 start 1: 48 evals, 18038.5s elapsed, c̃=0.5272728354, g_norm=2.03e+00
  p=13 start 1: 49 evals, 18428.5s elapsed, c̃=0.5330596585, g_norm=3.07e+00
  p=13 start 1: 50 evals, 18811.7s elapsed, c̃=0.5408047010, g_norm=4.04e+00
  p=13 start 1: 51 evals, 19185.8s elapsed, c̃=0.5951679436, g_norm=7.06e+00
  p=13 start 1: 52 evals, 19550.3s elapsed, c̃=0.5205182764, g_norm=1.84e+00
  p=13 start 1: 53 evals, 19917.4s elapsed, c̃=0.5333482190, g_norm=3.86e+00
  p=13 start 1: 54 evals, 20299.9s elapsed, c̃=0.5407774495, g_norm=1.83e+00
  p=13 start 1: 55 evals, 20679.3s elapsed, c̃=0.5203119944, g_norm=1.30e+00
  p=13 start 1: 56 evals, 21050.4s elapsed, c̃=0.6582188460, g_norm=1.44e+01
  p=13 start 1: 57 evals, 21423.6s elapsed, c̃=0.5812458475, g_norm=6.17e+00
  p=13 start 1: 58 evals, 21804.5s elapsed, c̃=0.5310582625, g_norm=1.96e+00
  p=13 start 1: 59 evals, 22186.8s elapsed, c̃=0.5383992877, g_norm=4.42e+00
  p=13 start 1: 60 evals, 22571.6s elapsed, c̃=0.5537456577, g_norm=3.85e+00
  p=13 start 1: 61 evals, 22967.6s elapsed, c̃=0.5261167509, g_norm=1.50e+00
  p=13 start 1: 62 evals, 23349.5s elapsed, c̃=0.5395406687, g_norm=4.01e+00
  p=13 start 1: 63 evals, 23739.1s elapsed, c̃=0.6097715901, g_norm=6.30e+00
  p=13 start 1: 64 evals, 24122.7s elapsed, c̃=0.5860933587, g_norm=5.53e+00
  p=13 start 1: 65 evals, 24507.3s elapsed, c̃=0.5604557865, g_norm=3.57e+00
  p=13 start 1: 66 evals, 24883.9s elapsed, c̃=0.5926206443, g_norm=1.00e+01
  p=13 start 1: 67 evals, 25278.1s elapsed, c̃=0.5330206454, g_norm=3.37e+00
  p=13 start 1: 68 evals, 25663.6s elapsed, c̃=0.5378476656, g_norm=3.48e+00
  p=13 start 1: 69 evals, 26052.9s elapsed, c̃=0.5314576366, g_norm=2.40e+00
  p=13 start 1: 70 evals, 26430.0s elapsed, c̃=0.5664849787, g_norm=4.07e+00
  p=13 start 1: 71 evals, 26806.1s elapsed, c̃=0.5859994582, g_norm=6.04e+00
  p=13 start 1: 72 evals, 27183.0s elapsed, c̃=0.5230583008, g_norm=2.77e+00
  p=13 start 1: 73 evals, 27566.7s elapsed, c̃=0.5658400481, g_norm=7.52e+00
  p=13 start 1: 74 evals, 27951.4s elapsed, c̃=0.5844589375, g_norm=9.28e+00
  p=13 start 1: 75 evals, 28327.7s elapsed, c̃=0.5170469964, g_norm=1.34e+00
  p=13 start 1: 76 evals, 28725.4s elapsed, c̃=0.5370294393, g_norm=3.60e+00
  p=13 start 1: 77 evals, 29082.9s elapsed, c̃=0.5534417679, g_norm=3.06e+00
  p=13 start 1: 78 evals, 29459.2s elapsed, c̃=0.5406772363, g_norm=4.64e+00
  p=13 start 1: 79 evals, 29840.3s elapsed, c̃=0.5168238893, g_norm=4.31e+00
  p=13 start 1: 80 evals, 30213.7s elapsed, c̃=0.6068998716, g_norm=8.58e+00
  p=13 start 1: 81 evals, 30601.4s elapsed, c̃=0.5315092638, g_norm=9.31e+00
  p=13 start 1: 82 evals, 30981.9s elapsed, c̃=0.5616525319, g_norm=2.50e+00
  p=13 start 1: 83 evals, 31375.7s elapsed, c̃=0.5386613990, g_norm=1.71e+00
  p=13 start 1: 84 evals, 31759.3s elapsed, c̃=0.5629540571, g_norm=7.48e+00
  p=13 start 1: 85 evals, 32142.6s elapsed, c̃=0.5432189149, g_norm=2.70e+00
  p=13 start 1: 86 evals, 32539.4s elapsed, c̃=0.5310277632, g_norm=3.47e+00
  p=13 start 1: 87 evals, 32900.1s elapsed, c̃=0.5744554937, g_norm=4.69e+00
  p=13 start 1: 88 evals, 33269.4s elapsed, c̃=0.5513410102, g_norm=7.14e+00
  p=13 start 1: 89 evals, 33652.2s elapsed, c̃=0.5814215376, g_norm=6.15e+00
  p=13 start 1: 90 evals, 34026.7s elapsed, c̃=0.5185226144, g_norm=1.31e+00
  p=13 start 1: 91 evals, 34412.9s elapsed, c̃=0.5755837092, g_norm=2.99e+01
  p=13 start 1: 92 evals, 34800.2s elapsed, c̃=0.5707245578, g_norm=4.92e+00
  p=13 start 1: 93 evals, 35181.9s elapsed, c̃=0.5286171166, g_norm=1.07e+00
  p=13 start 1: 94 evals, 35564.1s elapsed, c̃=0.5384889832, g_norm=7.58e+00
  p=13 start 1: 95 evals, 35941.7s elapsed, c̃=0.5383396943, g_norm=2.27e+00
  p=13 start 1: 96 evals, 36307.3s elapsed, c̃=0.5252943327, g_norm=1.39e+00
  p=13 start 1: 97 evals, 36696.2s elapsed, c̃=0.5232493576, g_norm=2.78e+00
  p=13 start 1: 98 evals, 37088.7s elapsed, c̃=0.5264853582, g_norm=1.37e+00
  p=13 start 1: 99 evals, 37481.0s elapsed, c̃=0.5357591267, g_norm=1.83e+00
  p=13 start 1: 100 evals, 37882.7s elapsed, c̃=0.6029270652, g_norm=6.07e+00
  p=13 start 1: 101 evals, 38276.7s elapsed, c̃=0.5951942933, g_norm=8.00e+00
  p=13 start 1: 102 evals, 38658.8s elapsed, c̃=0.5753042541, g_norm=5.12e+00
  p=13 start 1: 103 evals, 39041.4s elapsed, c̃=0.5623728826, g_norm=3.11e+00
  p=13 start 1: 104 evals, 39422.0s elapsed, c̃=0.5559131832, g_norm=3.54e+00
  p=13 start 1: 105 evals, 39802.9s elapsed, c̃=0.6036286355, g_norm=4.10e+00
  p=13 start 1: 106 evals, 40185.7s elapsed, c̃=0.6108455546, g_norm=7.62e+00
  p=13 start 1: 107 evals, 40564.6s elapsed, c̃=0.5871102343, g_norm=6.96e+00
  p=13 start 1: 108 evals, 40949.7s elapsed, c̃=0.5901826658, g_norm=5.46e+00
  p=13 start 1: 109 evals, 41336.5s elapsed, c̃=0.5788787492, g_norm=7.53e+00
  p=13 start 1: 110 evals, 41726.9s elapsed, c̃=0.6108455546, g_norm=7.62e+00
  p=13 start 1: 111 evals, 42100.4s elapsed, c̃=0.5788787492, g_norm=7.53e+00
  p=13 start 1: 112 evals, 42495.5s elapsed, c̃=0.6108455546, g_norm=7.62e+00
  p=13 start 1: 113 evals, 42881.1s elapsed, c̃=0.5788787492, g_norm=7.53e+00
  p=13 start 1: 114 evals, 43263.0s elapsed, c̃=0.6108455546, g_norm=7.62e+00
  p=13 start 1: 115 evals, 43644.1s elapsed, c̃=0.5788787492, g_norm=7.53e+00
  p=13 start 1: 116 evals, 44032.1s elapsed, c̃=0.6108455546, g_norm=7.62e+00
  p=13 start 1: 117 evals, 44402.6s elapsed, c̃=0.5788787492, g_norm=7.53e+00
  p=13 start 1: 118 evals, 44781.0s elapsed, c̃=0.6108455546, g_norm=7.62e+00
  p=13 start 1: 119 evals, 45166.8s elapsed, c̃=0.5788787492, g_norm=7.53e+00
  p=13 start 1: 120 evals, 45561.0s elapsed, c̃=0.6108455546, g_norm=7.62e+00
  p=13 start 1: 121 evals, 45970.9s elapsed, c̃=0.5788787492, g_norm=7.53e+00
  p=13 start 1: 122 evals, 46364.6s elapsed, c̃=0.6108455546, g_norm=7.62e+00
  p=13 start 1: 123 evals, 46765.3s elapsed, c̃=0.5788787492, g_norm=7.53e+00
  p=13 start 1: 124 evals, 47130.6s elapsed, c̃=0.6108455546, g_norm=7.62e+00
  p=13 start 1: 125 evals, 47502.4s elapsed, c̃=0.5788787492, g_norm=7.53e+00
  p=13 start 1: 126 evals, 47888.1s elapsed, c̃=0.6108455546, g_norm=7.62e+00
  p=13 start 1: 127 evals, 48267.0s elapsed, c̃=0.5788787492, g_norm=7.53e+00
  p=13 start 1: 128 evals, 48641.9s elapsed, c̃=0.6108455546, g_norm=7.62e+00
  p=13 start 1: 129 evals, 49021.2s elapsed, c̃=0.5788787492, g_norm=7.53e+00
  p=13 start 1: 130 evals, 49395.5s elapsed, c̃=0.6108455546, g_norm=7.62e+00
  p=13 start 1: 131 evals, 49790.7s elapsed, c̃=0.5788787492, g_norm=7.53e+00
