preserved run_id=20260403T034418-k4-d7-p12-15-r2-i320-s1234
preserved directory=/home/stephenjordan_google_com/qaoa-xorsat/scripts/../.project/results/optimization/runs/20260403T034418-k4-d7-p12-15-r2-i320-s1234
resuming from: /home/stephenjordan_google_com/qaoa-xorsat/.project/results/optimization/runs/20260401T022636-k4-d7-p11-15-r2-i320-s1234
warm-start from p=11: c̃=0.856492025593
[ Info: JIT warmup...
[ Info: JIT warmup complete, starting sweep
  p=12 start 1: 2 evals, 79.2s elapsed, c̃=0.5154086490, g_norm=1.40e+00
  p=12 start 1: 3 evals, 156.9s elapsed, c̃=0.5000000016, g_norm=1.07e-07
  p=12 start 1: 4 evals, 236.0s elapsed, c̃=0.5000000013, g_norm=4.59e-08
  p=12 start 1: 5 evals, 320.4s elapsed, c̃=0.4991428764, g_norm=7.72e-02
  p=12 start 1: 6 evals, 397.6s elapsed, c̃=0.4991133810, g_norm=1.98e-02
  p=12 start 1: 7 evals, 475.4s elapsed, c̃=0.5033253763, g_norm=1.52e-01
  p=12 start 1: 8 evals, 556.3s elapsed, c̃=0.5080348909, g_norm=6.15e-01
  p=12 start 1: 9 evals, 637.9s elapsed, c̃=0.5164204725, g_norm=9.34e-01
  p=12 start 1: 10 evals, 715.4s elapsed, c̃=0.5195485789, g_norm=7.44e-01
  p=12 start 1: 11 evals, 794.6s elapsed, c̃=0.5209133704, g_norm=2.84e+00
  p=12 start 1: 12 evals, 878.5s elapsed, c̃=0.5383256378, g_norm=2.28e+00
  p=12 start 1: 13 evals, 957.2s elapsed, c̃=0.5333499062, g_norm=5.24e-01
  p=12 start 1: 14 evals, 1041.1s elapsed, c̃=0.5199232977, g_norm=7.42e-01
  p=12 start 1: 15 evals, 1124.5s elapsed, c̃=0.5061554753, g_norm=4.03e-01
  p=12 start 1: 16 evals, 1203.3s elapsed, c̃=0.5087693461, g_norm=4.32e-01
  p=12 start 1: 17 evals, 1281.5s elapsed, c̃=0.5133420951, g_norm=8.09e-01
  p=12 start 1: 18 evals, 1361.3s elapsed, c̃=0.5230368641, g_norm=7.72e+00
  p=12 start 1: 19 evals, 1444.7s elapsed, c̃=0.5767063561, g_norm=5.14e+00
  p=12 start 1: 20 evals, 1523.5s elapsed, c̃=0.5109251794, g_norm=3.69e-01
  p=12 start 1: 21 evals, 1602.9s elapsed, c̃=0.5143054676, g_norm=1.90e+00
  p=12 start 1: 22 evals, 1682.7s elapsed, c̃=0.5237969401, g_norm=1.30e+00
  p=12 start 1: 23 evals, 1760.9s elapsed, c̃=0.5326830017, g_norm=9.48e-01
  p=12 start 1: 24 evals, 1840.5s elapsed, c̃=0.5272996210, g_norm=2.43e+00
  p=12 start 1: 25 evals, 1926.5s elapsed, c̃=0.5057695349, g_norm=3.05e-01
  p=12 start 1: 26 evals, 2006.0s elapsed, c̃=0.5019788922, g_norm=8.38e-01
  p=12 start 1: 27 evals, 2084.2s elapsed, c̃=0.4986806689, g_norm=2.45e+00
  p=12 start 1: 28 evals, 2161.9s elapsed, c̃=0.5163115009, g_norm=3.02e-01
  p=12 start 1: 29 evals, 2245.6s elapsed, c̃=0.5313342392, g_norm=1.12e+00
  p=12 start 1: 30 evals, 2326.1s elapsed, c̃=0.5222433663, g_norm=1.01e+00
  p=12 start 1: 31 evals, 2405.8s elapsed, c̃=0.5156949031, g_norm=4.94e+00
  p=12 start 1: 32 evals, 2484.1s elapsed, c̃=0.5431095060, g_norm=1.50e+00
  p=12 start 1: 33 evals, 2562.1s elapsed, c̃=0.5084045684, g_norm=7.26e-01
  p=12 start 1: 34 evals, 2639.7s elapsed, c̃=0.5277166206, g_norm=1.57e+00
  p=12 start 1: 35 evals, 2723.4s elapsed, c̃=0.5057404663, g_norm=5.45e-01
  p=12 start 1: 36 evals, 2803.0s elapsed, c̃=0.5058201919, g_norm=1.30e+00
  p=12 start 1: 37 evals, 2884.9s elapsed, c̃=0.5104083804, g_norm=3.85e-01
  p=12 start 1: 38 evals, 2964.0s elapsed, c̃=0.5188604409, g_norm=1.32e+00
  p=12 start 1: 39 evals, 3042.5s elapsed, c̃=0.5477209633, g_norm=2.80e+00
  p=12 start 1: 40 evals, 3122.5s elapsed, c̃=0.5069716927, g_norm=2.03e-01
  p=12 start 1: 41 evals, 3201.2s elapsed, c̃=0.5208058222, g_norm=3.94e+00
  p=12 start 1: 42 evals, 3279.9s elapsed, c̃=0.5089245376, g_norm=4.50e-01
  p=12 start 1: 43 evals, 3357.5s elapsed, c̃=0.5079461572, g_norm=2.81e-01
  p=12 start 1: 44 evals, 3435.9s elapsed, c̃=0.4988815026, g_norm=1.44e+00
  p=12 start 1: 45 evals, 3514.1s elapsed, c̃=0.5065843392, g_norm=3.03e+00
  p=12 start 1: 46 evals, 3593.1s elapsed, c̃=0.5049284124, g_norm=2.28e-01
  p=12 start 1: 47 evals, 3674.6s elapsed, c̃=0.5104612499, g_norm=1.75e+00
  p=12 start 1: 48 evals, 3761.4s elapsed, c̃=0.5242985884, g_norm=9.42e-01
  p=12 start 1: 49 evals, 3840.5s elapsed, c̃=0.5012054525, g_norm=5.53e-01
  p=12 start 1: 50 evals, 3921.5s elapsed, c̃=0.5059509211, g_norm=4.92e-01
  p=12 start 1: 51 evals, 4002.5s elapsed, c̃=0.5282472186, g_norm=8.35e-01
  p=12 start 1: 52 evals, 4088.7s elapsed, c̃=0.5021034063, g_norm=4.02e-01
  p=12 start 1: 53 evals, 4170.2s elapsed, c̃=0.4975160974, g_norm=2.68e-01
  p=12 start 1: 54 evals, 4249.0s elapsed, c̃=0.5367863297, g_norm=2.40e+00
  p=12 start 1: 55 evals, 4331.8s elapsed, c̃=0.5105567787, g_norm=3.95e-01
  p=12 start 1: 56 evals, 4412.7s elapsed, c̃=0.5258387475, g_norm=2.42e+00
  p=12 start 1: 57 evals, 4495.7s elapsed, c̃=0.4871010386, g_norm=1.92e+00
  p=12 start 1: 58 evals, 4575.2s elapsed, c̃=0.5079439943, g_norm=5.76e-01
  p=12 start 1: 59 evals, 4653.5s elapsed, c̃=0.5136084243, g_norm=6.29e-01
  p=12 start 1: 60 evals, 4731.2s elapsed, c̃=0.5152843467, g_norm=3.84e-01
  p=12 start 1: 61 evals, 4810.5s elapsed, c̃=0.5068873331, g_norm=9.20e-01
  p=12 start 1: 62 evals, 4888.9s elapsed, c̃=0.5333261532, g_norm=2.25e+00
  p=12 start 1: 63 evals, 4971.3s elapsed, c̃=0.5160116505, g_norm=8.79e-01
  p=12 start 1: 64 evals, 5049.6s elapsed, c̃=0.5221858230, g_norm=3.32e+00
  p=12 start 1: 65 evals, 5129.9s elapsed, c̃=0.5223992471, g_norm=7.62e-01
  p=12 start 1: 66 evals, 5207.9s elapsed, c̃=0.5231340284, g_norm=8.67e-01
  p=12 start 1: 67 evals, 5291.5s elapsed, c̃=0.5178791944, g_norm=8.36e-01
  p=12 start 1: 68 evals, 5370.3s elapsed, c̃=0.5108210581, g_norm=9.82e-01
  p=12 start 1: 69 evals, 5449.0s elapsed, c̃=0.5107880077, g_norm=1.45e+00
  p=12 start 1: 70 evals, 5529.8s elapsed, c̃=0.5019438848, g_norm=6.59e-01
  p=12 start 1: 71 evals, 5611.4s elapsed, c̃=0.5081654023, g_norm=2.67e-01
  p=12 start 1: 72 evals, 5690.0s elapsed, c̃=0.5395937220, g_norm=1.41e+00
  p=12 start 1: 73 evals, 5769.7s elapsed, c̃=0.5193937187, g_norm=8.47e-01
  p=12 start 1: 74 evals, 5852.4s elapsed, c̃=0.5196503347, g_norm=1.17e+00
  p=12 start 1: 75 evals, 5931.0s elapsed, c̃=0.5072348893, g_norm=3.51e-01
  p=12 start 1: 76 evals, 6010.5s elapsed, c̃=0.5122314322, g_norm=3.40e+00
  p=12 start 1: 77 evals, 6092.4s elapsed, c̃=0.5073332431, g_norm=1.31e-01
  p=12 start 1: 78 evals, 6171.8s elapsed, c̃=0.5013277054, g_norm=2.89e-01
  p=12 start 1: 79 evals, 6250.2s elapsed, c̃=0.5027441894, g_norm=3.68e-01
  p=12 start 1: 80 evals, 6334.5s elapsed, c̃=0.5332731955, g_norm=9.59e-01
  p=12 start 1: 81 evals, 6413.3s elapsed, c̃=0.5087830338, g_norm=3.96e-01
  p=12 start 1: 82 evals, 6493.0s elapsed, c̃=0.5291801975, g_norm=1.95e+00
  p=12 start 1: 83 evals, 6571.6s elapsed, c̃=0.5060384348, g_norm=7.58e-01
  p=12 start 1: 84 evals, 6652.7s elapsed, c̃=0.4960506588, g_norm=6.24e-01
  p=12 start 1: 85 evals, 6733.3s elapsed, c̃=0.5126689359, g_norm=5.78e-01
  p=12 start 1: 86 evals, 6811.2s elapsed, c̃=0.5059191813, g_norm=1.46e-01
  p=12 start 1: 87 evals, 6888.8s elapsed, c̃=0.5027878088, g_norm=3.15e-01
  p=12 start 1: 88 evals, 6969.5s elapsed, c̃=0.5017340512, g_norm=5.13e-01
  p=12 start 1: 89 evals, 7051.7s elapsed, c̃=0.5065819091, g_norm=3.31e-01
  p=12 start 1: 90 evals, 7130.4s elapsed, c̃=0.5041099639, g_norm=4.43e-01
  p=12 start 1: 91 evals, 7212.6s elapsed, c̃=0.5274260874, g_norm=3.45e+00
  p=12 start 1: 92 evals, 7296.0s elapsed, c̃=0.5042191933, g_norm=1.46e-01
  p=12 start 1: 93 evals, 7379.0s elapsed, c̃=0.4967003621, g_norm=3.96e-01
  p=12 start 1: 94 evals, 7457.1s elapsed, c̃=0.5099770388, g_norm=5.35e-01
  p=12 start 1: 95 evals, 7535.8s elapsed, c̃=0.5016723863, g_norm=9.67e-02
  p=12 start 1: 96 evals, 7613.6s elapsed, c̃=0.5268384495, g_norm=9.26e-01
  p=12 start 1: 97 evals, 7691.5s elapsed, c̃=0.5316426467, g_norm=1.02e+00
  p=12 start 1: 98 evals, 7771.9s elapsed, c̃=0.4991578860, g_norm=1.72e-01
  p=12 start 1: 99 evals, 7851.3s elapsed, c̃=0.5656438652, g_norm=6.66e+00
  p=12 start 1: 100 evals, 7929.4s elapsed, c̃=0.5021288408, g_norm=4.33e-01
  p=12 start 1: 101 evals, 8010.5s elapsed, c̃=0.5003392580, g_norm=5.45e-01
  p=12 start 1: 102 evals, 8094.2s elapsed, c̃=0.5070540466, g_norm=2.12e-01
  p=12 start 1: 103 evals, 8174.4s elapsed, c̃=0.5073581582, g_norm=2.84e-01
  p=12 start 1: 104 evals, 8253.7s elapsed, c̃=0.4984626059, g_norm=1.57e-01
  p=12 start 1: 105 evals, 8332.8s elapsed, c̃=0.5114903871, g_norm=4.55e-01
  p=12 start 1: 106 evals, 8411.7s elapsed, c̃=0.5226209949, g_norm=1.07e+00
  p=12 start 1: 107 evals, 8489.7s elapsed, c̃=0.5127312883, g_norm=1.81e+00
  p=12 start 1: 108 evals, 8569.4s elapsed, c̃=0.4913979461, g_norm=8.51e-01
  p=12 start 1: 109 evals, 8651.0s elapsed, c̃=0.4924723412, g_norm=1.75e+00
  p=12 start 1: 110 evals, 8730.0s elapsed, c̃=0.4963286293, g_norm=6.50e-01
  p=12 start 1: 111 evals, 8808.0s elapsed, c̃=0.5257870022, g_norm=1.62e+00
  p=12 start 1: 112 evals, 8889.6s elapsed, c̃=0.5160095447, g_norm=4.46e-01
  p=12 start 1: 113 evals, 8966.8s elapsed, c̃=0.4822933316, g_norm=2.61e+00
  p=12 start 1: 114 evals, 9048.0s elapsed, c̃=0.5825580234, g_norm=4.27e+00
  p=12 start 1: 115 evals, 9127.6s elapsed, c̃=0.5150114926, g_norm=7.88e-01
  p=12 start 1: 116 evals, 9208.8s elapsed, c̃=0.5103592891, g_norm=4.09e-01
  p=12 start 1: 117 evals, 9286.1s elapsed, c̃=0.5388240387, g_norm=8.83e-01
  p=12 start 1: 118 evals, 9366.1s elapsed, c̃=0.5190001120, g_norm=8.12e-01
  p=12 start 1: 119 evals, 9442.3s elapsed, c̃=0.5446528521, g_norm=1.74e+00
  p=12 start 1: 120 evals, 9522.7s elapsed, c̃=0.5318948594, g_norm=1.22e+00
  p=12 start 1: 121 evals, 9598.6s elapsed, c̃=0.5372795714, g_norm=1.65e+00
  p=12 start 1: 122 evals, 9675.9s elapsed, c̃=0.5218553826, g_norm=7.07e-01
  p=12 start 1: 123 evals, 9753.8s elapsed, c̃=0.5327349037, g_norm=1.49e+00
  p=12 start 1: 124 evals, 9831.5s elapsed, c̃=0.5286218448, g_norm=7.87e-01
  p=12 start 1: 125 evals, 9908.4s elapsed, c̃=0.5057338014, g_norm=9.48e-01
  p=12 start 1: 126 evals, 9984.8s elapsed, c̃=0.5299137911, g_norm=3.57e-01
  p=12 start 1: 127 evals, 10062.6s elapsed, c̃=0.5123932707, g_norm=3.62e-01
  p=12 start 1: 128 evals, 10146.3s elapsed, c̃=0.5005712371, g_norm=7.29e-01
  p=12 start 1: 129 evals, 10224.5s elapsed, c̃=0.5098487868, g_norm=5.84e-01
  p=12 start 1: 130 evals, 10306.5s elapsed, c̃=0.5051208810, g_norm=6.43e-01
  p=12 start 1: 131 evals, 10384.5s elapsed, c̃=0.5095564871, g_norm=8.37e-01
  p=12 start 1: 132 evals, 10464.1s elapsed, c̃=0.5384642936, g_norm=1.50e+00
  p=12 start 1: 133 evals, 10545.0s elapsed, c̃=0.5157242909, g_norm=3.89e-01
  p=12 start 1: 134 evals, 10624.0s elapsed, c̃=0.5016797635, g_norm=2.04e+00
  p=12 start 1: 135 evals, 10702.5s elapsed, c̃=0.5102450938, g_norm=6.11e-01
  p=12 start 1: 136 evals, 10780.9s elapsed, c̃=0.5856228525, g_norm=2.25e+00
  p=12 start 1: 137 evals, 10860.0s elapsed, c̃=0.5011344125, g_norm=8.73e-01
  p=12 start 1: 138 evals, 10938.9s elapsed, c̃=0.5462352965, g_norm=4.44e+00
  p=12 start 1: 139 evals, 11021.2s elapsed, c̃=0.5225683027, g_norm=1.99e+00
  p=12 start 1: 140 evals, 11105.3s elapsed, c̃=0.5156321972, g_norm=1.22e+00
  p=12 start 1: 141 evals, 11188.3s elapsed, c̃=0.5066088088, g_norm=1.57e-01
  p=12 start 1: 142 evals, 11270.1s elapsed, c̃=0.5197789252, g_norm=8.09e-01
  p=12 start 1: 143 evals, 11348.7s elapsed, c̃=0.4979367615, g_norm=7.53e-01
  p=12 start 1: 144 evals, 11431.1s elapsed, c̃=0.5239868421, g_norm=6.11e-01
  p=12 start 1: 145 evals, 11512.5s elapsed, c̃=0.5078906036, g_norm=8.96e-01
  p=12 start 1: 146 evals, 11592.7s elapsed, c̃=0.5053691807, g_norm=3.65e-01
  p=12 start 1: 147 evals, 11674.3s elapsed, c̃=0.5018867449, g_norm=2.49e-01
  p=12 start 1: 148 evals, 11755.2s elapsed, c̃=0.5401771759, g_norm=1.52e+00
  p=12 start 1: 149 evals, 11834.5s elapsed, c̃=0.5157646409, g_norm=8.20e-01
  p=12 start 1: 150 evals, 11913.5s elapsed, c̃=0.5084113853, g_norm=1.38e+00
  p=12 start 1: 151 evals, 11993.4s elapsed, c̃=0.5019849781, g_norm=5.70e-01
  p=12 start 1: 152 evals, 12074.9s elapsed, c̃=0.5207584581, g_norm=9.59e-01
  p=12 start 1: 153 evals, 12152.4s elapsed, c̃=0.5013348312, g_norm=2.40e-01
  p=12 start 1: 154 evals, 12231.4s elapsed, c̃=0.5038118842, g_norm=2.82e-01
  p=12 start 1: 155 evals, 12313.4s elapsed, c̃=0.5137952552, g_norm=3.71e+00
  p=12 start 1: 156 evals, 12396.4s elapsed, c̃=0.5268107950, g_norm=7.00e-01
  p=12 start 1: 157 evals, 12474.7s elapsed, c̃=0.5208602169, g_norm=1.77e+00
  p=12 start 1: 158 evals, 12555.5s elapsed, c̃=0.5392701155, g_norm=2.88e+00
  p=12 start 1: 159 evals, 12635.1s elapsed, c̃=0.5218771017, g_norm=1.03e+00
  p=12 start 1: 160 evals, 12722.5s elapsed, c̃=0.5313183757, g_norm=2.48e+00
  p=12 start 1: 161 evals, 12805.2s elapsed, c̃=0.5058607788, g_norm=2.60e-01
  p=12 start 1: 162 evals, 12885.1s elapsed, c̃=0.5121882396, g_norm=2.40e+00
  p=12 start 1: 163 evals, 12965.8s elapsed, c̃=0.5077785759, g_norm=5.28e-01
  p=12 start 1: 164 evals, 13049.4s elapsed, c̃=0.5026286148, g_norm=1.81e-01
  p=12 start 1: 165 evals, 13133.0s elapsed, c̃=0.5070220405, g_norm=2.98e+00
  p=12 start 1: 166 evals, 13210.9s elapsed, c̃=0.5119427397, g_norm=7.75e-01
  p=12 start 1: 167 evals, 13291.5s elapsed, c̃=0.5248612521, g_norm=1.65e+00
  p=12 start 1: 168 evals, 13373.0s elapsed, c̃=0.5248001551, g_norm=6.29e-01
  p=12 start 1: 169 evals, 13452.6s elapsed, c̃=0.5246164045, g_norm=6.60e-01
  p=12 start 1: 170 evals, 13534.0s elapsed, c̃=0.5068107945, g_norm=4.12e-01
  p=12 start 1: 171 evals, 13613.8s elapsed, c̃=0.5227990674, g_norm=1.03e+00
  p=12 start 1: 172 evals, 13698.4s elapsed, c̃=0.5144163535, g_norm=1.28e+00
  p=12 start 1: 173 evals, 13776.2s elapsed, c̃=0.5060007835, g_norm=4.23e+00
  p=12 start 1: 174 evals, 13855.0s elapsed, c̃=0.5140853083, g_norm=5.57e-01
  p=12 start 1: 175 evals, 13933.9s elapsed, c̃=0.5218114127, g_norm=1.66e+00
  p=12 start 1: 176 evals, 14013.7s elapsed, c̃=0.5856228525, g_norm=2.25e+00
  p=12 start 1: 177 evals, 14096.8s elapsed, c̃=0.5325330872, g_norm=9.97e-01
  p=12 start 1: 178 evals, 14176.5s elapsed, c̃=0.5740314326, g_norm=2.76e+00
  p=12 start 1: 179 evals, 14255.2s elapsed, c̃=0.5922535128, g_norm=3.41e+00
  p=12 start 1: 180 evals, 14334.4s elapsed, c̃=0.5740314326, g_norm=2.76e+00
  p=12 start 1: 181 evals, 14418.7s elapsed, c̃=0.5922535128, g_norm=3.41e+00
  p=12 start 1: 182 evals, 14496.7s elapsed, c̃=0.5740314326, g_norm=2.76e+00
  p=12 start 1: 183 evals, 14578.7s elapsed, c̃=0.5922535128, g_norm=3.41e+00
  p=12 start 1: 184 evals, 14662.6s elapsed, c̃=0.5740314326, g_norm=2.76e+00
  p=12 start 1: 185 evals, 14746.6s elapsed, c̃=0.5922535128, g_norm=3.41e+00
  p=12 start 1: 186 evals, 14826.7s elapsed, c̃=0.5740314326, g_norm=2.76e+00
  p=12 start 1: 187 evals, 14907.3s elapsed, c̃=0.5922535128, g_norm=3.41e+00
  p=12 start 1: 188 evals, 14986.5s elapsed, c̃=0.5740314326, g_norm=2.76e+00
  p=12 start 1: 189 evals, 15066.5s elapsed, c̃=0.5922535128, g_norm=3.41e+00
  p=12 start 1: 190 evals, 15144.8s elapsed, c̃=0.5740314326, g_norm=2.76e+00
  p=12 start 1: 191 evals, 15225.9s elapsed, c̃=0.5922535128, g_norm=3.41e+00
  p=12 start 1: 192 evals, 15310.2s elapsed, c̃=0.5740314326, g_norm=2.76e+00
  p=12 start 1: 193 evals, 15392.9s elapsed, c̃=0.5922535128, g_norm=3.41e+00
  p=12 start 1: 194 evals, 15471.4s elapsed, c̃=0.5740314326, g_norm=2.76e+00
  p=12 start 1: 195 evals, 15555.4s elapsed, c̃=0.5922535128, g_norm=3.41e+00
  p=12 start 1: 196 evals, 15636.9s elapsed, c̃=0.5740314326, g_norm=2.76e+00
  p=12 start 1: 197 evals, 15716.2s elapsed, c̃=0.5922535128, g_norm=3.41e+00
  p=12 start 1: 198 evals, 15797.3s elapsed, c̃=0.5740314326, g_norm=2.76e+00
  p=12 start 1: 199 evals, 15875.9s elapsed, c̃=0.5922535128, g_norm=3.41e+00
  p=12 start 1: 200 evals, 15956.1s elapsed, c̃=0.5740314326, g_norm=2.76e+00
  p=12 start 1: 201 evals, 16040.1s elapsed, c̃=0.5922535128, g_norm=3.41e+00
  p=12 start 1: 202 evals, 16119.8s elapsed, c̃=0.5740314326, g_norm=2.76e+00
  p=12 start 1: 203 evals, 16201.2s elapsed, c̃=0.5922535128, g_norm=3.41e+00
  p=12 start 1: 204 evals, 16283.7s elapsed, c̃=0.5740314326, g_norm=2.76e+00
  p=12 start 1: 205 evals, 16363.3s elapsed, c̃=0.5035702053, g_norm=4.48e-01
  p=12 start 1: 206 evals, 16444.4s elapsed, c̃=0.5225144600, g_norm=2.67e+00
  p=12 start 1: 207 evals, 16524.4s elapsed, c̃=0.5247783731, g_norm=1.93e+00
  p=12 start 1: 208 evals, 16603.7s elapsed, c̃=0.5138491998, g_norm=1.23e+00
  p=12 start 1: 209 evals, 16683.7s elapsed, c̃=0.5202905994, g_norm=8.16e-01
  p=12 start 1: 210 evals, 16762.1s elapsed, c̃=0.5089452178, g_norm=6.90e-01
  p=12 start 1: 211 evals, 16846.1s elapsed, c̃=0.5441259484, g_norm=5.61e+00
  p=12 start 1: 212 evals, 16929.4s elapsed, c̃=0.5035138521, g_norm=1.58e-01
  p=12 start 1: 213 evals, 17012.4s elapsed, c̃=0.5102511959, g_norm=5.86e-01
  p=12 start 1: 214 evals, 17093.0s elapsed, c̃=0.5185013813, g_norm=9.16e-01
  p=12 start 1: 215 evals, 17171.6s elapsed, c̃=0.5185906391, g_norm=9.32e-01
  p=12 start 1: 216 evals, 17249.0s elapsed, c̃=0.5094965497, g_norm=5.56e-01
  p=12 start 1: 217 evals, 17325.9s elapsed, c̃=0.5179252045, g_norm=1.42e+00
  p=12 start 1: 218 evals, 17403.7s elapsed, c̃=0.5795161949, g_norm=4.62e+00
  p=12 start 1: 219 evals, 17485.7s elapsed, c̃=0.5038093975, g_norm=9.41e-01
  p=12 start 1: 220 evals, 17569.7s elapsed, c̃=0.5301879221, g_norm=1.51e+00
  p=12 start 1: 221 evals, 17652.3s elapsed, c̃=0.5334864501, g_norm=1.73e+00
  p=12 start 1: 222 evals, 17731.6s elapsed, c̃=0.5045271785, g_norm=1.82e+00
  p=12 start 1: 223 evals, 17809.8s elapsed, c̃=0.5245268728, g_norm=8.09e-01
  p=12 start 1: 224 evals, 17887.4s elapsed, c̃=0.5356248741, g_norm=9.03e+00
  p=12 start 1: 225 evals, 17965.6s elapsed, c̃=0.5207500175, g_norm=8.89e-01
  p=12 start 1: 226 evals, 18044.0s elapsed, c̃=0.5072129604, g_norm=1.04e+00
  p=12 start 1: 227 evals, 18123.0s elapsed, c̃=0.5103226783, g_norm=6.61e-01
  p=12 start 1: 228 evals, 18202.3s elapsed, c̃=0.5014047769, g_norm=3.35e-01
  p=12 start 1: 229 evals, 18281.6s elapsed, c̃=0.5100757371, g_norm=8.77e-01
  p=12 start 1: 230 evals, 18360.2s elapsed, c̃=0.5159174543, g_norm=1.27e+00
  p=12 start 1: 231 evals, 18438.2s elapsed, c̃=0.5076966415, g_norm=5.06e-01
  p=12 start 1: 232 evals, 18516.9s elapsed, c̃=0.5143046957, g_norm=8.60e-01
  p=12 start 1: 233 evals, 18596.4s elapsed, c̃=0.5236122077, g_norm=1.64e+00
  p=12 start 1: 234 evals, 18679.9s elapsed, c̃=0.5286514577, g_norm=7.32e-01
  p=12 start 1: 235 evals, 18760.3s elapsed, c̃=0.5089073304, g_norm=6.55e-01
  p=12 start 1: 236 evals, 18838.7s elapsed, c̃=0.5532563270, g_norm=6.39e+00
  p=12 start 1: 237 evals, 18922.3s elapsed, c̃=0.4882587115, g_norm=8.50e-01
  p=12 start 1: 238 evals, 19000.9s elapsed, c̃=0.5035185595, g_norm=3.17e+00
  p=12 start 1: 239 evals, 19081.2s elapsed, c̃=0.5146992784, g_norm=3.38e-01
  p=12 start 1: 240 evals, 19159.1s elapsed, c̃=0.5358531798, g_norm=2.17e+00
  p=12 start 1: 241 evals, 19238.4s elapsed, c̃=0.5501387668, g_norm=1.94e+00
  p=12 start 1: 242 evals, 19318.5s elapsed, c̃=0.5572236178, g_norm=2.79e+00
  p=12 start 1: 243 evals, 19397.2s elapsed, c̃=0.4760700311, g_norm=3.21e+00
  p=12 start 1: 244 evals, 19478.0s elapsed, c̃=0.5169215125, g_norm=3.14e-01
  p=12 start 1: 245 evals, 19556.5s elapsed, c̃=0.5352210509, g_norm=1.22e+00
  p=12 start 1: 246 evals, 19636.7s elapsed, c̃=0.5222968834, g_norm=1.29e+00
  p=12 start 1: 247 evals, 19719.2s elapsed, c̃=0.5307559808, g_norm=8.40e-01
  p=12 start 1: 248 evals, 19800.5s elapsed, c̃=0.5380876354, g_norm=1.96e+00
  p=12 start 1: 249 evals, 19880.1s elapsed, c̃=0.5795161949, g_norm=4.62e+00
  p=12 start 1: 250 evals, 19962.7s elapsed, c̃=0.5380876354, g_norm=1.96e+00
  p=12 start 1: 251 evals, 20042.0s elapsed, c̃=0.5670073271, g_norm=3.58e+00
  p=12 start 1: 252 evals, 20121.5s elapsed, c̃=0.5795161949, g_norm=4.62e+00
  p=12 start 1: 253 evals, 20200.8s elapsed, c̃=0.5670073271, g_norm=3.58e+00
  p=12 start 1: 254 evals, 20279.9s elapsed, c̃=0.5795161949, g_norm=4.62e+00
  p=12 start 1: 255 evals, 20359.4s elapsed, c̃=0.5670073271, g_norm=3.58e+00
  p=12 start 1: 256 evals, 20439.2s elapsed, c̃=0.5795161949, g_norm=4.62e+00
  p=12 start 1: 257 evals, 20517.8s elapsed, c̃=0.5670073271, g_norm=3.58e+00
  p=12 start 1: 258 evals, 20596.8s elapsed, c̃=0.5795161949, g_norm=4.62e+00
  p=12 start 1: 259 evals, 20674.8s elapsed, c̃=0.5670073271, g_norm=3.58e+00
  p=12 start 1: 260 evals, 20759.7s elapsed, c̃=0.5795161949, g_norm=4.62e+00
  p=12 start 1: 261 evals, 20838.5s elapsed, c̃=0.5670073271, g_norm=3.58e+00
  p=12 start 1: 262 evals, 20918.7s elapsed, c̃=0.5795161949, g_norm=4.62e+00
  p=12 start 1: 263 evals, 20996.5s elapsed, c̃=0.5059771744, g_norm=2.76e+00
  p=12 start 1: 264 evals, 21081.2s elapsed, c̃=0.5291075882, g_norm=2.98e+00
  p=12 start 1: 265 evals, 21163.8s elapsed, c̃=0.4992322686, g_norm=5.94e-01
  p=12 start 1: 266 evals, 21242.1s elapsed, c̃=0.5121104154, g_norm=1.45e+00
  p=12 start 1: 267 evals, 21323.8s elapsed, c̃=0.5093035439, g_norm=1.68e+00
  p=12 start 1: 268 evals, 21403.0s elapsed, c̃=0.5034625215, g_norm=1.44e-01
  p=12 start 1: 269 evals, 21485.6s elapsed, c̃=0.5073964315, g_norm=4.03e-01
  p=12 start 1: 270 evals, 21567.3s elapsed, c̃=0.5099339082, g_norm=3.93e-01
  p=12 start 1: 271 evals, 21648.2s elapsed, c̃=0.5025150965, g_norm=1.92e-01
  p=12 start 1: 272 evals, 21728.1s elapsed, c̃=0.5174981261, g_norm=8.96e-01
  p=12 start 1: 273 evals, 21807.9s elapsed, c̃=0.5357776261, g_norm=2.95e+00
  p=12 start 1: 274 evals, 21890.2s elapsed, c̃=0.5075904523, g_norm=6.86e-01
  p=12 start 1: 275 evals, 21969.5s elapsed, c̃=0.5093102716, g_norm=7.09e-01
  p=12 start 1: 276 evals, 22048.0s elapsed, c̃=0.5050788619, g_norm=4.21e-01
  p=12 start 1: 277 evals, 22128.5s elapsed, c̃=0.5149930908, g_norm=6.06e-01
  p=12 start 1: 278 evals, 22207.5s elapsed, c̃=0.5152766093, g_norm=1.65e+00
  p=12 start 1: 279 evals, 22291.4s elapsed, c̃=0.5177574042, g_norm=2.00e+00
  p=12 start 1: 280 evals, 22367.8s elapsed, c̃=0.5143517699, g_norm=6.11e+00
  p=12 start 1: 281 evals, 22444.4s elapsed, c̃=0.5016899949, g_norm=4.13e-01
  p=12 start 1: 282 evals, 22520.5s elapsed, c̃=0.5062539271, g_norm=2.72e-01
  p=12 start 1: 283 evals, 22596.6s elapsed, c̃=0.5143140614, g_norm=1.14e+00
  p=12 start 1: 284 evals, 22673.0s elapsed, c̃=0.5079367181, g_norm=3.93e-01
  p=12 start 1: 285 evals, 22750.7s elapsed, c̃=0.5217957783, g_norm=1.24e+00
  p=12 start 1: 286 evals, 22826.9s elapsed, c̃=0.5031803567, g_norm=4.38e-01
  p=12 start 1: 287 evals, 22902.9s elapsed, c̃=0.5184988084, g_norm=8.03e-01
  p=12 start 1: 288 evals, 22978.7s elapsed, c̃=0.5088470680, g_norm=1.43e+00
  p=12 start 1: 289 evals, 23056.5s elapsed, c̃=0.5183753354, g_norm=1.19e+00
  p=12 start 1: 290 evals, 23134.0s elapsed, c̃=0.5160977473, g_norm=1.83e+00
  p=12 start 1: 291 evals, 23210.1s elapsed, c̃=0.5080845977, g_norm=5.65e-01
  p=12 start 1: 292 evals, 23285.9s elapsed, c̃=0.5056005807, g_norm=3.59e-01
  p=12 start 1: 293 evals, 23365.1s elapsed, c̃=0.5082994987, g_norm=2.71e-01
  p=12 start 1: 294 evals, 23442.8s elapsed, c̃=0.5084927441, g_norm=3.33e+00
  p=12 start 1: 295 evals, 23526.1s elapsed, c̃=0.5142097434, g_norm=3.32e-01
  p=12 start 1: 296 evals, 23610.2s elapsed, c̃=0.5261268527, g_norm=8.35e+00
  p=12 start 1: 297 evals, 23693.6s elapsed, c̃=0.5052879250, g_norm=7.39e-01
  p=12 start 1: 298 evals, 23771.5s elapsed, c̃=0.5402767048, g_norm=1.45e+00
  p=12 start 1: 299 evals, 23849.3s elapsed, c̃=0.5306710976, g_norm=1.67e+00
  p=12 start 1: 300 evals, 23927.6s elapsed, c̃=0.5670073271, g_norm=3.58e+00
  p=12 start 1: 301 evals, 24005.6s elapsed, c̃=0.5795161949, g_norm=4.62e+00
  p=12 start 1: 302 evals, 24084.0s elapsed, c̃=0.5670073271, g_norm=3.58e+00
  p=12 start 1: 303 evals, 24162.0s elapsed, c̃=0.5795161949, g_norm=4.62e+00
  p=12 start 1: 304 evals, 24241.0s elapsed, c̃=0.5670073271, g_norm=3.58e+00
  p=12 start 1: 305 evals, 24319.6s elapsed, c̃=0.5795161949, g_norm=4.62e+00
  p=12 start 1: 306 evals, 24397.7s elapsed, c̃=0.5670073271, g_norm=3.58e+00
  p=12 start 1: 307 evals, 24481.1s elapsed, c̃=0.5795161949, g_norm=4.62e+00
  p=12 start 1: 308 evals, 24559.2s elapsed, c̃=0.5670073271, g_norm=3.58e+00
  p=12 start 1: 309 evals, 24637.3s elapsed, c̃=0.5795161949, g_norm=4.62e+00
  p=12 start 1: 310 evals, 24723.0s elapsed, c̃=0.5670073271, g_norm=3.58e+00
  p=12 start 1: 311 evals, 24801.7s elapsed, c̃=0.5795161949, g_norm=4.62e+00
  p=12 start 1: 312 evals, 24879.4s elapsed, c̃=0.5670073271, g_norm=3.58e+00
  p=12 start 1: 313 evals, 24958.5s elapsed, c̃=0.5795161949, g_norm=4.62e+00
  p=12 start 1: 314 evals, 25041.2s elapsed, c̃=0.5670073271, g_norm=3.58e+00
  p=12 start 1: 315 evals, 25121.0s elapsed, c̃=0.5795161949, g_norm=4.62e+00
  p=12 start 1: 316 evals, 25201.4s elapsed, c̃=0.5670073271, g_norm=3.58e+00
  p=12 start 1: 317 evals, 25279.1s elapsed, c̃=0.5795161949, g_norm=4.62e+00
  p=12 start 1: 318 evals, 25357.8s elapsed, c̃=0.5670073271, g_norm=3.58e+00
  p=12 start 1: 319 evals, 25436.9s elapsed, c̃=0.5795161949, g_norm=4.62e+00
  p=12 start 1: 320 evals, 25522.9s elapsed, c̃=0.5670073271, g_norm=3.58e+00
  p=12 start 1: 321 evals, 25601.2s elapsed, c̃=0.5795161949, g_norm=4.62e+00
  p=12 start 1: 322 evals, 25679.6s elapsed, c̃=0.5670073271, g_norm=3.58e+00
  p=12 start 1: 323 evals, 25760.6s elapsed, c̃=0.5795161949, g_norm=4.62e+00
  p=12 start 1: 324 evals, 25841.6s elapsed, c̃=0.5670073271, g_norm=3.58e+00
/var/spool/slurmd/job992639/slurm_script: line 52: 11359 Killed                  julia --project=. -t "$THREADS" scripts/optimize_qaoa.jl "$CONFIG"
slurmstepd: error: Detected 1 oom_kill event in StepId=992639.batch. Some of the step tasks have been OOM Killed.
