[2026-03-31T23:28:30] Task 4: k=3, D=7, p=1–15
[2026-03-31T23:28:30] Command: julia --project=. -t 28 scripts/optimize_qaoa.jl 3 7 1 15 2 320 1234 true adjoint
[2026-03-31T23:28:30] Threads: 28, RAM available: 2835 GB
preserved run_id=20260331T232833-k3-d7-p1-15-r2-i320-s1234
preserved directory=/home/stephenjordan_google_com/qaoa-xorsat/scripts/../.project/results/optimization/runs/20260331T232833-k3-d7-p1-15-r2-i320-s1234
┌ Warning: Assignment to `best_checkpoint_value` in soft scope is ambiguous because a global variable by the same name exists: `best_checkpoint_value` will be treated as a new local. Disambiguate by using `local best_checkpoint_value` to suppress this warning or `global best_checkpoint_value` to assign to the existing global variable.
└ @ ~/qaoa-xorsat/scripts/optimize_qaoa.jl:496
[ Info: JIT warmup...
[ Info: JIT warmup complete, starting sweep
  p=8 start 3: 151 evals, 30.0s elapsed, c̃=0.7265083118, g_norm=5.80e-05
  p=8 start 2: 148 evals, 30.1s elapsed, c̃=0.7235042140, g_norm=1.15e-01
  p=8 start 3: 323 evals, 60.2s elapsed, c̃=0.7477871412, g_norm=4.00e-04
  p=8 start 2: 321 evals, 60.2s elapsed, c̃=0.7366735331, g_norm=1.49e-04
  p=8 start 2: 520 evals, 90.3s elapsed, c̃=0.7390404993, g_norm=3.16e-03
  p=9 start 3: 32 evals, 30.0s elapsed, c̃=0.5050627710, g_norm=1.55e-01
  p=9 start 2: 32 evals, 30.1s elapsed, c̃=0.6612725541, g_norm=2.91e-01
  p=9 start 1: 32 evals, 30.3s elapsed, c̃=0.7636776411, g_norm=6.69e-03
  p=9 start 3: 64 evals, 60.8s elapsed, c̃=0.6930746936, g_norm=6.06e-02
  p=9 start 2: 64 evals, 60.9s elapsed, c̃=0.7115937239, g_norm=2.66e-01
  p=9 start 1: 64 evals, 60.9s elapsed, c̃=0.7637095897, g_norm=8.85e-04
  p=9 start 2: 95 evals, 90.9s elapsed, c̃=0.7372928219, g_norm=1.09e-01
  p=9 start 3: 95 evals, 90.9s elapsed, c̃=0.7038636991, g_norm=8.89e-03
  p=9 start 1: 95 evals, 91.0s elapsed, c̃=0.7637116632, g_norm=1.54e-03
  p=9 start 1: 126 evals, 121.3s elapsed, c̃=0.7637085233, g_norm=2.72e-04
  p=9 start 3: 126 evals, 121.3s elapsed, c̃=0.7041584295, g_norm=1.62e-03
  p=9 start 2: 126 evals, 121.4s elapsed, c̃=0.7422638563, g_norm=3.40e-02
  p=9 start 3: 157 evals, 151.7s elapsed, c̃=0.7041587456, g_norm=1.52e-03
  p=9 start 1: 157 evals, 151.7s elapsed, c̃=0.7637096276, g_norm=3.25e-04
  p=9 start 2: 157 evals, 151.8s elapsed, c̃=0.7448291851, g_norm=6.51e-03
  p=9 start 3: 188 evals, 182.0s elapsed, c̃=0.7042007984, g_norm=3.55e-03
  p=9 start 2: 188 evals, 182.0s elapsed, c̃=0.7456819226, g_norm=1.78e-02
  p=9 start 1: 188 evals, 182.0s elapsed, c̃=0.7637118469, g_norm=3.09e-04
  p=9 start 2: 219 evals, 212.2s elapsed, c̃=0.7458052698, g_norm=4.06e-04
  p=9 start 1: 220 evals, 213.0s elapsed, c̃=0.7637107010, g_norm=3.41e-04
  p=9 start 3: 220 evals, 213.0s elapsed, c̃=0.7042842764, g_norm=5.62e-04
  p=9 start 2: 251 evals, 242.9s elapsed, c̃=0.7458055467, g_norm=4.56e-04
  p=9 start 3: 251 evals, 243.0s elapsed, c̃=0.7042834318, g_norm=4.78e-04
  p=9 start 1: 252 evals, 243.9s elapsed, c̃=0.7637108031, g_norm=2.04e-04
  p=9 start 3: 283 evals, 273.6s elapsed, c̃=0.7042845247, g_norm=3.90e-04
  p=9 start 2: 283 evals, 273.6s elapsed, c̃=0.7457970154, g_norm=4.36e-03
  p=9 start 1: 284 evals, 274.6s elapsed, c̃=0.7637109339, g_norm=1.93e-04
  p=9 start 3: 314 evals, 303.8s elapsed, c̃=0.7042842225, g_norm=3.85e-04
  p=9 start 2: 315 evals, 304.4s elapsed, c̃=0.7458057643, g_norm=8.56e-04
  p=9 start 1: 316 evals, 305.3s elapsed, c̃=0.7637120028, g_norm=2.80e-04
  p=9 start 3: 345 evals, 334.2s elapsed, c̃=0.7042840436, g_norm=5.02e-04
  p=9 start 2: 346 evals, 334.9s elapsed, c̃=0.7458105493, g_norm=1.61e-03
  p=9 start 1: 347 evals, 335.6s elapsed, c̃=0.7637119578, g_norm=4.78e-04
  p=9 start 3: 377 evals, 364.9s elapsed, c̃=0.7042833808, g_norm=2.10e-03
  p=9 start 2: 377 evals, 365.0s elapsed, c̃=0.7458171005, g_norm=1.29e-03
  p=9 start 1: 378 evals, 366.0s elapsed, c̃=0.7637109943, g_norm=2.34e-04
  p=9 start 3: 408 evals, 395.2s elapsed, c̃=0.7042875457, g_norm=4.60e-04
  p=9 start 2: 408 evals, 395.5s elapsed, c̃=0.7458156195, g_norm=1.28e-03
  p=9 start 1: 409 evals, 396.5s elapsed, c̃=0.7637123795, g_norm=2.40e-04
  p=9 start 3: 439 evals, 425.7s elapsed, c̃=0.7042892374, g_norm=1.41e-03
  p=9 start 2: 439 evals, 426.0s elapsed, c̃=0.7458684059, g_norm=8.11e-04
  p=9 start 1: 440 evals, 426.9s elapsed, c̃=0.7637117637, g_norm=1.36e-04
  p=9 start 3: 470 evals, 455.9s elapsed, c̃=0.7043647535, g_norm=1.28e-03
  p=9 start 2: 470 evals, 456.2s elapsed, c̃=0.7458696687, g_norm=8.10e-04
  p=9 start 1: 471 evals, 457.2s elapsed, c̃=0.7637151451, g_norm=1.38e-04
  p=9 start 3: 501 evals, 486.1s elapsed, c̃=0.7043688321, g_norm=9.55e-04
  p=9 start 2: 501 evals, 486.5s elapsed, c̃=0.7458711883, g_norm=5.85e-04
  p=9 start 1: 503 evals, 488.1s elapsed, c̃=0.7637123462, g_norm=8.95e-05
  p=9 start 3: 532 evals, 516.4s elapsed, c̃=0.7043714495, g_norm=9.63e-04
  p=9 start 2: 533 evals, 517.3s elapsed, c̃=0.7458713658, g_norm=5.82e-04
  p=9 start 1: 534 evals, 518.3s elapsed, c̃=0.7637113064, g_norm=1.21e-04
  p=9 start 3: 563 evals, 546.4s elapsed, c̃=0.7043712548, g_norm=4.57e-04
  p=9 start 2: 564 evals, 547.4s elapsed, c̃=0.7458712563, g_norm=4.54e-04
  p=9 start 1: 566 evals, 549.2s elapsed, c̃=0.7637114508, g_norm=1.83e-04
  p=9 start 3: 594 evals, 576.6s elapsed, c̃=0.7043714641, g_norm=2.31e-04
  p=9 start 2: 595 evals, 577.9s elapsed, c̃=0.7458704334, g_norm=5.40e-04
  p=9 start 1: 597 evals, 579.2s elapsed, c̃=0.7637133003, g_norm=1.31e-04
  p=9 start 3: 625 evals, 607.3s elapsed, c̃=0.7043704064, g_norm=2.25e-04
  p=9 start 2: 626 evals, 608.3s elapsed, c̃=0.7458702852, g_norm=3.24e-04
  p=9 start 1: 628 evals, 609.3s elapsed, c̃=0.7637112280, g_norm=1.24e-04
  p=9 start 3: 656 evals, 637.6s elapsed, c̃=0.7043708394, g_norm=4.45e-04
  p=9 start 2: 657 evals, 638.5s elapsed, c̃=0.7458711165, g_norm=2.68e-04
  p=9 start 1: 659 evals, 639.5s elapsed, c̃=0.7637124779, g_norm=1.28e-04
  p=9 start 3: 687 evals, 668.3s elapsed, c̃=0.7043720609, g_norm=4.47e-04
  p=9 start 2: 688 evals, 669.1s elapsed, c̃=0.7458711559, g_norm=2.73e-04
  p=9 start 1: 690 evals, 670.1s elapsed, c̃=0.7637114525, g_norm=6.60e-05
  p=9 start 3: 718 evals, 698.6s elapsed, c̃=0.7043724565, g_norm=4.67e-04
  p=9 start 2: 719 evals, 699.5s elapsed, c̃=0.7458724181, g_norm=2.58e-04
  p=9 start 1: 721 evals, 700.5s elapsed, c̃=0.7637113529, g_norm=1.40e-04
  p=9 start 3: 750 evals, 729.4s elapsed, c̃=0.7043715476, g_norm=3.28e-04
  p=9 start 2: 751 evals, 730.5s elapsed, c̃=0.7458718557, g_norm=2.21e-04
  p=9 start 1: 753 evals, 731.5s elapsed, c̃=0.7637123182, g_norm=2.41e-04
  p=9 start 3: 781 evals, 759.5s elapsed, c̃=0.7043727529, g_norm=2.13e-04
  p=9 start 2: 782 evals, 760.9s elapsed, c̃=0.7458712769, g_norm=2.14e-04
  p=9 start 1: 784 evals, 761.5s elapsed, c̃=0.7637115686, g_norm=1.72e-04
  p=9 start 3: 812 evals, 789.7s elapsed, c̃=0.7043722465, g_norm=2.08e-04
  p=9 start 2: 813 evals, 791.1s elapsed, c̃=0.7458708854, g_norm=1.70e-04
  p=9 start 1: 815 evals, 792.1s elapsed, c̃=0.7637113734, g_norm=1.23e-04
  p=9 start 3: 844 evals, 820.5s elapsed, c̃=0.7043731447, g_norm=2.69e-04
  p=9 start 2: 844 evals, 821.4s elapsed, c̃=0.7458729490, g_norm=1.81e-04
  p=9 start 1: 847 evals, 823.0s elapsed, c̃=0.7637102249, g_norm=2.50e-04
  p=9 start 3: 876 evals, 851.4s elapsed, c̃=0.7043729022, g_norm=2.67e-04
  p=9 start 2: 876 evals, 852.3s elapsed, c̃=0.7458717252, g_norm=1.67e-04
  p=9 start 1: 878 evals, 853.3s elapsed, c̃=0.7637114993, g_norm=7.08e-05
  p=9 start 3: 907 evals, 882.1s elapsed, c̃=0.7043724235, g_norm=2.37e-04
  p=9 start 2: 907 evals, 882.7s elapsed, c̃=0.7458696996, g_norm=1.68e-04
  p=9 start 1: 909 evals, 883.4s elapsed, c̃=0.7637125727, g_norm=1.24e-04
  p=9 start 3: 938 evals, 912.6s elapsed, c̃=0.7043727340, g_norm=2.39e-04
  p=9 start 1: 940 evals, 913.5s elapsed, c̃=0.7637131457, g_norm=1.46e-04
  p=9 start 2: 939 evals, 913.5s elapsed, c̃=0.7458709703, g_norm=3.35e-04
  p=9 start 3: 969 evals, 942.7s elapsed, c̃=0.7043707568, g_norm=7.46e-05
  p=9 start 1: 971 evals, 943.6s elapsed, c̃=0.7637084992, g_norm=1.11e-04
  p=9 start 2: 970 evals, 944.3s elapsed, c̃=0.7458724005, g_norm=2.99e-04
  p=9 start 3: 1000 evals, 973.6s elapsed, c̃=0.7043723916, g_norm=3.27e-04
  p=9 start 1: 1002 evals, 974.3s elapsed, c̃=0.7637109216, g_norm=1.24e-04
  p=9 start 2: 1001 evals, 974.9s elapsed, c̃=0.7458724398, g_norm=2.90e-04
  p=9 start 3: 1032 evals, 1004.4s elapsed, c̃=0.7043739039, g_norm=2.19e-04
  p=9 start 1: 1033 evals, 1004.4s elapsed, c̃=0.7637110945, g_norm=1.79e-04
  p=9 start 2: 1033 evals, 1005.6s elapsed, c̃=0.7458721942, g_norm=2.83e-04
  p=9 start 1: 1064 evals, 1034.5s elapsed, c̃=0.7637111291, g_norm=1.75e-04
  p=9 start 3: 1063 evals, 1035.0s elapsed, c̃=0.7043736808, g_norm=2.16e-04
  p=9 start 2: 1065 evals, 1036.5s elapsed, c̃=0.7458719160, g_norm=3.03e-04
  p=9 start 1: 1095 evals, 1064.5s elapsed, c̃=0.7637106052, g_norm=1.26e-04
  p=9 start 3: 1094 evals, 1065.2s elapsed, c̃=0.7043714174, g_norm=7.71e-05
  p=9 start 2: 1097 evals, 1067.4s elapsed, c̃=0.7458701852, g_norm=1.76e-04
  p=9 start 1: 1127 evals, 1095.1s elapsed, c̃=0.7637083588, g_norm=2.19e-04
  p=9 start 3: 1126 evals, 1096.0s elapsed, c̃=0.7043730197, g_norm=2.62e-04
  p=9 start 2: 1128 evals, 1098.0s elapsed, c̃=0.7458716356, g_norm=1.49e-04
  p=9 start 1: 1158 evals, 1125.5s elapsed, c̃=0.7637112991, g_norm=1.56e-04
  p=9 start 3: 1157 evals, 1126.2s elapsed, c̃=0.7043724928, g_norm=1.65e-04
  p=9 start 2: 1159 evals, 1128.4s elapsed, c̃=0.7458719324, g_norm=2.26e-04
  p=9 start 3: 1188 evals, 1156.5s elapsed, c̃=0.7043721680, g_norm=1.36e-04
  p=9 start 1: 1190 evals, 1156.5s elapsed, c̃=0.7637119367, g_norm=2.14e-04
  p=9 start 2: 1191 evals, 1159.5s elapsed, c̃=0.7458697605, g_norm=1.95e-04
  p=9 start 3: 1219 evals, 1186.7s elapsed, c̃=0.7043729614, g_norm=5.13e-05
  p=9 start 1: 1221 evals, 1186.7s elapsed, c̃=0.7637118177, g_norm=1.60e-04
  p=9 start 2: 1222 evals, 1189.5s elapsed, c̃=0.7458712211, g_norm=1.96e-04
  p=9 start 3: 1250 evals, 1216.8s elapsed, c̃=0.7043736242, g_norm=8.38e-05
  p=9 start 1: 1252 evals, 1217.1s elapsed, c̃=0.7637109226, g_norm=2.20e-04
  p=9 start 2: 1253 evals, 1220.1s elapsed, c̃=0.7458705473, g_norm=1.30e-04
  p=9 start 3: 1281 evals, 1247.1s elapsed, c̃=0.7043728249, g_norm=8.34e-05
  p=9 start 1: 1284 evals, 1248.0s elapsed, c̃=0.7637105359, g_norm=1.50e-04
  p=9 start 2: 1284 evals, 1250.3s elapsed, c̃=0.7458714357, g_norm=1.18e-04
  p=9 start 3: 1312 evals, 1277.5s elapsed, c̃=0.7043735710, g_norm=2.24e-04
  p=9 start 1: 1315 evals, 1278.6s elapsed, c̃=0.7637126129, g_norm=2.13e-04
  p=9 start 2: 1315 evals, 1280.8s elapsed, c̃=0.7458709361, g_norm=1.32e-04
  p=9 start 3: 1343 evals, 1308.3s elapsed, c̃=0.7043724005, g_norm=2.27e-04
  p=9 start 1: 1346 evals, 1309.3s elapsed, c̃=0.7637129096, g_norm=1.58e-04
  p=9 start 2: 1346 evals, 1311.3s elapsed, c̃=0.7458733755, g_norm=3.33e-04
  p=9 start 3: 1374 evals, 1338.6s elapsed, c̃=0.7043713410, g_norm=2.95e-04
  p=9 start 1: 1377 evals, 1339.7s elapsed, c̃=0.7637113610, g_norm=1.73e-04
  p=9 start 2: 1377 evals, 1341.6s elapsed, c̃=0.7458740090, g_norm=3.50e-04
  p=9 start 3: 1405 evals, 1368.8s elapsed, c̃=0.7043724971, g_norm=2.90e-04
  p=9 start 1: 1408 evals, 1369.9s elapsed, c̃=0.7637123960, g_norm=1.12e-04
  p=9 start 2: 1409 evals, 1372.4s elapsed, c̃=0.7458702894, g_norm=2.36e-04
  p=9 start 3: 1436 evals, 1399.1s elapsed, c̃=0.7043741717, g_norm=2.93e-04
  p=9 start 1: 1439 evals, 1400.0s elapsed, c̃=0.7637103985, g_norm=1.41e-04
  p=9 start 2: 1440 evals, 1402.9s elapsed, c̃=0.7458717869, g_norm=2.07e-04
  p=9 start 3: 1468 evals, 1429.7s elapsed, c̃=0.7043734102, g_norm=2.13e-04
  p=9 start 1: 1471 evals, 1430.5s elapsed, c̃=0.7637099738, g_norm=1.40e-04
  p=9 start 2: 1472 evals, 1433.7s elapsed, c̃=0.7458721271, g_norm=4.71e-04
  p=9 start 3: 1499 evals, 1460.0s elapsed, c̃=0.7043724842, g_norm=2.11e-04
  p=9 start 1: 1502 evals, 1460.6s elapsed, c̃=0.7637122193, g_norm=1.38e-04
  p=9 start 2: 1503 evals, 1463.8s elapsed, c̃=0.7458707428, g_norm=4.74e-04
  p=9 start 3: 1530 evals, 1490.2s elapsed, c̃=0.7043730688, g_norm=2.56e-04
  p=9 start 1: 1533 evals, 1490.9s elapsed, c̃=0.7637128560, g_norm=9.35e-05
  p=9 start 2: 1534 evals, 1494.1s elapsed, c̃=0.7458699049, g_norm=6.19e-04
  p=9 start 3: 1561 evals, 1520.3s elapsed, c̃=0.7043725339, g_norm=1.96e-04
  p=9 start 1: 1564 evals, 1520.9s elapsed, c̃=0.7637122655, g_norm=3.08e-04
  p=9 start 2: 1565 evals, 1524.3s elapsed, c̃=0.7458709803, g_norm=1.99e-04
  p=9 start 3: 1592 evals, 1551.0s elapsed, c̃=0.7043730784, g_norm=9.37e-04
  p=9 start 1: 1595 evals, 1551.4s elapsed, c̃=0.7637118231, g_norm=2.59e-04
  p=9 start 2: 1596 evals, 1554.4s elapsed, c̃=0.7458718972, g_norm=1.92e-04
  p=9 start 3: 1623 evals, 1581.5s elapsed, c̃=0.7043740709, g_norm=2.09e-04
  p=9 start 1: 1626 evals, 1581.6s elapsed, c̃=0.7637106835, g_norm=1.64e-04
  p=9 start 2: 1627 evals, 1584.4s elapsed, c̃=0.7458728378, g_norm=2.42e-04
  p=9 start 1: 1657 evals, 1611.9s elapsed, c̃=0.7637129559, g_norm=1.76e-04
  p=9 start 3: 1654 evals, 1612.0s elapsed, c̃=0.7043725216, g_norm=2.11e-04
  p=9 start 2: 1658 evals, 1615.0s elapsed, c̃=0.7458724990, g_norm=2.47e-04
  p=9 start 1: 1688 evals, 1642.2s elapsed, c̃=0.7637137068, g_norm=1.45e-04
  p=9 start 3: 1685 evals, 1642.8s elapsed, c̃=0.7043726375, g_norm=3.00e-04
  p=9 start 2: 1689 evals, 1645.1s elapsed, c̃=0.7458720872, g_norm=7.37e-05
  p=9 start 1: 1720 evals, 1673.0s elapsed, c̃=0.7637131971, g_norm=1.53e-04
  p=9 start 3: 1717 evals, 1673.7s elapsed, c̃=0.7043724124, g_norm=7.39e-04
  p=9 start 2: 1721 evals, 1676.0s elapsed, c̃=0.7458712967, g_norm=1.07e-04
  p=9 start 1: 1751 evals, 1703.1s elapsed, c̃=0.7637107975, g_norm=1.79e-04
  p=9 start 3: 1749 evals, 1704.6s elapsed, c̃=0.7043741106, g_norm=2.92e-04
  p=9 start 2: 1753 evals, 1706.9s elapsed, c̃=0.7458716787, g_norm=1.09e-04
  p=9 start 1: 1782 evals, 1733.1s elapsed, c̃=0.7637118456, g_norm=1.61e-04
  p=9 start 3: 1781 evals, 1735.4s elapsed, c̃=0.7043746458, g_norm=6.16e-04
  p=9 start 2: 1785 evals, 1737.7s elapsed, c̃=0.7458745871, g_norm=1.02e-04
  p=9 start 1: 1813 evals, 1763.5s elapsed, c̃=0.7637126760, g_norm=1.53e-04
  p=9 start 3: 1812 evals, 1765.8s elapsed, c̃=0.7043735649, g_norm=7.67e-04
  p=9 start 2: 1816 evals, 1767.9s elapsed, c̃=0.7458720823, g_norm=1.01e-04
  p=9 start 1: 1844 evals, 1793.6s elapsed, c̃=0.7637110132, g_norm=1.67e-04
  p=9 start 3: 1843 evals, 1796.2s elapsed, c̃=0.7043753675, g_norm=3.86e-04
  p=9 start 2: 1847 evals, 1797.9s elapsed, c̃=0.7458726160, g_norm=8.67e-05
  p=9 start 1: 1875 evals, 1823.9s elapsed, c̃=0.7637126827, g_norm=2.13e-04
  p=9 start 3: 1874 evals, 1826.5s elapsed, c̃=0.7043743929, g_norm=3.81e-04
  p=9 start 2: 1878 evals, 1828.4s elapsed, c̃=0.7458733071, g_norm=1.12e-04
  p=9 start 1: 1906 evals, 1854.2s elapsed, c̃=0.7637114070, g_norm=1.30e-04
  p=9 start 3: 1905 evals, 1856.9s elapsed, c̃=0.7043755522, g_norm=4.28e-04
  p=9 start 2: 1910 evals, 1859.1s elapsed, c̃=0.7458706317, g_norm=9.75e-05
  p=9 start 1: 1937 evals, 1884.4s elapsed, c̃=0.7637131434, g_norm=1.53e-04
  p=9 start 3: 1936 evals, 1886.9s elapsed, c̃=0.7043747656, g_norm=4.30e-04
  p=9 start 2: 1941 evals, 1889.3s elapsed, c̃=0.7458708689, g_norm=1.44e-04
  p=9 start 1: 1968 evals, 1914.4s elapsed, c̃=0.7637121519, g_norm=1.44e-04
  p=9 start 3: 1967 evals, 1917.4s elapsed, c̃=0.7043743222, g_norm=2.80e-04
  p=9 start 2: 1972 evals, 1919.4s elapsed, c̃=0.7458723547, g_norm=1.41e-04
  p=9 start 1: 1999 evals, 1944.7s elapsed, c̃=0.7637109902, g_norm=1.56e-04
  p=9 start 3: 1998 evals, 1947.8s elapsed, c̃=0.7043744687, g_norm=2.78e-04
  p=9 start 2: 2003 evals, 1949.6s elapsed, c̃=0.7458725777, g_norm=1.69e-04
  p=9 start 1: 2030 evals, 1975.2s elapsed, c̃=0.7637096624, g_norm=1.09e-04
  p=9 start 3: 2029 evals, 1978.1s elapsed, c̃=0.7043739975, g_norm=2.25e-04
  p=9 start 2: 2034 evals, 1979.8s elapsed, c̃=0.7458734360, g_norm=1.69e-04
  p=9 start 1: 2061 evals, 2005.7s elapsed, c̃=0.7637107002, g_norm=1.01e-04
  p=9 start 3: 2061 evals, 2008.8s elapsed, c̃=0.7043738684, g_norm=2.04e-04
  p=9 start 2: 2065 evals, 2010.1s elapsed, c̃=0.7458718719, g_norm=1.59e-04
  p=9 start 1: 2092 evals, 2036.0s elapsed, c̃=0.7637096125, g_norm=1.12e-04
  p=9 start 3: 2092 evals, 2038.9s elapsed, c̃=0.7043754200, g_norm=2.13e-04
  p=9 start 2: 2096 evals, 2040.5s elapsed, c̃=0.7458726411, g_norm=1.44e-04
  p=9 start 1: 2124 evals, 2067.0s elapsed, c̃=0.7637128711, g_norm=1.63e-04
  p=9 start 3: 2123 evals, 2069.4s elapsed, c̃=0.7043745385, g_norm=2.15e-04
  p=9 start 2: 2127 evals, 2071.1s elapsed, c̃=0.7458742395, g_norm=1.50e-04
  p=9 start 1: 2155 evals, 2097.2s elapsed, c̃=0.7637112604, g_norm=2.02e-04
  p=9 start 3: 2154 evals, 2100.1s elapsed, c̃=0.7043733770, g_norm=2.36e-04
  p=9 start 2: 2158 evals, 2101.9s elapsed, c̃=0.7458724650, g_norm=1.96e-04
  p=9 start 1: 2186 evals, 2127.5s elapsed, c̃=0.7637140800, g_norm=1.75e-04
  p=9 start 3: 2185 evals, 2130.5s elapsed, c̃=0.7043751120, g_norm=2.34e-04
  p=9 start 2: 2189 evals, 2132.8s elapsed, c̃=0.7458748413, g_norm=1.99e-04
  p=9 start 1: 2217 evals, 2158.2s elapsed, c̃=0.7637109777, g_norm=2.06e-04
  p=9 start 3: 2216 evals, 2161.1s elapsed, c̃=0.7043741726, g_norm=2.27e-04
  p=9 start 2: 2220 evals, 2163.0s elapsed, c̃=0.7458747517, g_norm=1.53e-04
  p=9 start 1: 2248 evals, 2189.0s elapsed, c̃=0.7637113827, g_norm=1.48e-04
  p=9 start 3: 2247 evals, 2191.7s elapsed, c̃=0.7043746383, g_norm=2.28e-04
  p=9 start 2: 2251 evals, 2193.7s elapsed, c̃=0.7458742337, g_norm=1.84e-04
  p=9 start 1: 2279 evals, 2219.5s elapsed, c̃=0.7637125899, g_norm=1.65e-04
  p=9 start 3: 2278 evals, 2222.3s elapsed, c̃=0.7043746803, g_norm=3.19e-04
  p=9 start 2: 2282 evals, 2224.3s elapsed, c̃=0.7458716206, g_norm=1.92e-04
  p=9 start 1: 2310 evals, 2249.6s elapsed, c̃=0.7637113927, g_norm=1.58e-04
  p=9 start 3: 2309 evals, 2252.6s elapsed, c̃=0.7043734249, g_norm=1.79e-03
  p=9 start 2: 2313 evals, 2254.5s elapsed, c̃=0.7458747977, g_norm=1.96e-04
  p=9 start 1: 2341 evals, 2279.8s elapsed, c̃=0.7637130805, g_norm=1.04e-04
  p=9 start 3: 2340 evals, 2282.9s elapsed, c̃=0.7043735867, g_norm=3.84e-04
  p=9 start 2: 2344 evals, 2284.8s elapsed, c̃=0.7458725927, g_norm=1.77e-04
  p=9 start 1: 2372 evals, 2309.9s elapsed, c̃=0.7637124168, g_norm=1.35e-04
  p=9 start 3: 2371 evals, 2313.3s elapsed, c̃=0.7043755780, g_norm=6.00e-04
  p=9 start 2: 2375 evals, 2315.2s elapsed, c̃=0.7458742147, g_norm=1.69e-04
  p=9 start 1: 2403 evals, 2340.2s elapsed, c̃=0.7637128048, g_norm=1.09e-04
  p=9 start 3: 2402 evals, 2343.7s elapsed, c̃=0.7043736153, g_norm=5.29e-04
  p=9 start 2: 2406 evals, 2345.6s elapsed, c̃=0.7458709212, g_norm=1.95e-04
  p=9 start 1: 2434 evals, 2371.0s elapsed, c̃=0.7637097951, g_norm=1.72e-04
  p=9 start 3: 2433 evals, 2373.9s elapsed, c̃=0.7043769268, g_norm=4.45e-04
  p=9 start 2: 2437 evals, 2376.6s elapsed, c̃=0.7458744274, g_norm=1.61e-04
  p=9 start 1: 2466 evals, 2401.9s elapsed, c̃=0.7637117394, g_norm=1.34e-04
  p=9 start 3: 2464 evals, 2404.3s elapsed, c̃=0.7043761911, g_norm=4.39e-04
  p=9 start 2: 2468 evals, 2407.0s elapsed, c̃=0.7458718229, g_norm=1.11e-04
  p=9 start 1: 2497 evals, 2432.0s elapsed, c̃=0.7637112510, g_norm=2.32e-05
  p=9 start 3: 2496 evals, 2435.1s elapsed, c̃=0.7043811721, g_norm=1.13e-03
  p=9 start 2: 2499 evals, 2437.0s elapsed, c̃=0.7458732713, g_norm=4.42e-05
  p=9 start 1: 2528 evals, 2462.5s elapsed, c̃=0.7637121948, g_norm=1.94e-04
  p=9 start 3: 2527 evals, 2465.2s elapsed, c̃=0.7043822776, g_norm=1.42e-03
  p=9 start 2: 2530 evals, 2467.2s elapsed, c̃=0.7458714266, g_norm=5.89e-05
  p=9 start 1: 2559 evals, 2492.5s elapsed, c̃=0.7637098533, g_norm=1.40e-04
  p=9 start 3: 2558 evals, 2495.8s elapsed, c̃=0.7043873877, g_norm=2.27e-03
  p=9 start 2: 2561 evals, 2497.2s elapsed, c̃=0.7458728482, g_norm=6.91e-05
  p=9 start 1: 2590 evals, 2522.8s elapsed, c̃=0.7637120449, g_norm=1.23e-04
  p=9 start 3: 2589 evals, 2525.9s elapsed, c̃=0.7043935723, g_norm=5.40e-04
  p=9 start 2: 2592 evals, 2527.2s elapsed, c̃=0.7458725288, g_norm=8.52e-05
  p=9 start 1: 2621 evals, 2553.3s elapsed, c̃=0.7637124976, g_norm=1.46e-04
  p=9 start 3: 2620 evals, 2556.2s elapsed, c̃=0.7043951870, g_norm=5.66e-04
  p=9 start 2: 2624 evals, 2558.1s elapsed, c̃=0.7458720376, g_norm=4.91e-05
  p=9 start 1: 2652 evals, 2583.9s elapsed, c̃=0.7637102279, g_norm=1.82e-04
  p=9 start 3: 2651 evals, 2587.0s elapsed, c̃=0.7043936149, g_norm=2.18e-04
  p=9 start 2: 2655 evals, 2588.3s elapsed, c̃=0.7458720549, g_norm=8.52e-05
  p=9 start 1: 2683 evals, 2614.0s elapsed, c̃=0.7637113021, g_norm=1.10e-04
  p=9 start 3: 2682 evals, 2617.4s elapsed, c̃=0.7043944742, g_norm=2.18e-04
  p=9 start 2: 2686 evals, 2618.9s elapsed, c̃=0.7458717568, g_norm=4.87e-05
  p=9 start 1: 2714 evals, 2644.1s elapsed, c̃=0.7637120883, g_norm=1.57e-04
  p=9 start 3: 2713 evals, 2647.6s elapsed, c̃=0.7043956152, g_norm=3.08e-04
  p=9 start 2: 2718 evals, 2649.7s elapsed, c̃=0.7458709033, g_norm=3.58e-05
  p=9 start 1: 2745 evals, 2674.3s elapsed, c̃=0.7637102757, g_norm=9.82e-05
  p=9 start 3: 2745 evals, 2678.4s elapsed, c̃=0.7043944785, g_norm=3.06e-04
  p=9 start 2: 2749 evals, 2680.0s elapsed, c̃=0.7458731255, g_norm=4.75e-05
  p=9 start 1: 2776 evals, 2704.5s elapsed, c̃=0.7637119874, g_norm=1.88e-04
  p=9 start 3: 2776 evals, 2709.0s elapsed, c̃=0.7043950082, g_norm=4.06e-04
  p=9 start 2: 2780 evals, 2710.3s elapsed, c̃=0.7458744358, g_norm=4.90e-05
  p=9 start 1: 2808 evals, 2735.6s elapsed, c̃=0.7637112540, g_norm=7.03e-05
  p=9 start 3: 2807 evals, 2739.1s elapsed, c̃=0.7043945754, g_norm=3.80e-04
  p=9 start 2: 2811 evals, 2740.6s elapsed, c̃=0.7458722121, g_norm=5.10e-05
  p=9 start 1: 2839 evals, 2765.7s elapsed, c̃=0.7637097287, g_norm=1.47e-04
  p=9 start 3: 2838 evals, 2769.2s elapsed, c̃=0.7043949863, g_norm=3.76e-04
  p=9 start 2: 2842 evals, 2771.0s elapsed, c̃=0.7458733568, g_norm=2.65e-05
  p=9 start 1: 2871 evals, 2796.6s elapsed, c̃=0.7637110763, g_norm=1.66e-04
  p=9 start 3: 2869 evals, 2799.5s elapsed, c̃=0.7043954396, g_norm=7.79e-04
  p=9 start 2: 2873 evals, 2801.4s elapsed, c̃=0.7458712817, g_norm=2.85e-05
  p=9 start 1: 2902 evals, 2826.8s elapsed, c̃=0.7637095145, g_norm=1.30e-04
  p=9 start 3: 2901 evals, 2830.3s elapsed, c̃=0.7043948880, g_norm=7.75e-04
  p=9 start 2: 2904 evals, 2831.7s elapsed, c̃=0.7458733081, g_norm=6.83e-05
  p=9 start 1: 2933 evals, 2857.3s elapsed, c̃=0.7637115118, g_norm=1.85e-04
  p=9 start 3: 2932 evals, 2860.4s elapsed, c̃=0.7043958336, g_norm=4.24e-04
  p=9 start 2: 2935 evals, 2862.4s elapsed, c̃=0.7458729137, g_norm=6.35e-05
  p=9 start 1: 2964 evals, 2887.4s elapsed, c̃=0.7637130661, g_norm=1.28e-04
  p=9 start 3: 2963 evals, 2891.1s elapsed, c̃=0.7043959368, g_norm=4.31e-04
  p=9 start 2: 2966 evals, 2892.7s elapsed, c̃=0.7458722131, g_norm=5.40e-05
  p=9 start 1: 2995 evals, 2917.6s elapsed, c̃=0.7637110007, g_norm=1.96e-04
  p=9 start 3: 2995 evals, 2921.7s elapsed, c̃=0.7043974852, g_norm=1.74e-04
  p=9 start 2: 2998 evals, 2923.5s elapsed, c̃=0.7458730829, g_norm=6.17e-05
  p=9 start 1: 3026 evals, 2947.7s elapsed, c̃=0.7637130759, g_norm=7.99e-05
  p=9 start 3: 3026 evals, 2952.0s elapsed, c̃=0.7043974411, g_norm=1.74e-04
  p=9 start 2: 3029 evals, 2953.8s elapsed, c̃=0.7458708988, g_norm=4.47e-05
  p=9 start 1: 3057 evals, 2978.3s elapsed, c̃=0.7637113241, g_norm=9.33e-05
  p=9 start 3: 3057 evals, 2982.1s elapsed, c̃=0.7043963724, g_norm=3.29e-04
  p=9 start 2: 3061 evals, 2984.7s elapsed, c̃=0.7458725281, g_norm=2.50e-05
  p=9 start 1: 3088 evals, 3009.0s elapsed, c̃=0.7637131167, g_norm=9.44e-05
  p=9 start 3: 3088 evals, 3012.3s elapsed, c̃=0.7043969764, g_norm=3.29e-04
  p=9 start 2: 3093 evals, 3015.6s elapsed, c̃=0.7458702258, g_norm=2.57e-05
  p=9 start 1: 3119 evals, 3039.4s elapsed, c̃=0.7637124351, g_norm=9.57e-05
  p=9 start 3: 3119 evals, 3042.6s elapsed, c̃=0.7043985104, g_norm=3.68e-04
  p=9 start 2: 3124 evals, 3045.9s elapsed, c̃=0.7458723568, g_norm=4.71e-05
  p=9 start 1: 3151 evals, 3070.1s elapsed, c̃=0.7637121295, g_norm=8.57e-05
  p=9 start 3: 3150 evals, 3072.9s elapsed, c̃=0.7043984690, g_norm=3.68e-04
  p=9 start 2: 3155 evals, 3076.3s elapsed, c̃=0.7458708139, g_norm=4.18e-05
  p=9 start 1: 3182 evals, 3100.3s elapsed, c̃=0.7637117020, g_norm=1.06e-04
  p=9 start 3: 3181 evals, 3102.9s elapsed, c̃=0.7043991758, g_norm=8.33e-04
  p=9 start 2: 3186 evals, 3106.5s elapsed, c̃=0.7458721312, g_norm=2.26e-05
  p=9 start 1: 3213 evals, 3130.6s elapsed, c̃=0.7637119622, g_norm=8.04e-05
  p=9 start 3: 3212 evals, 3133.1s elapsed, c̃=0.7043990587, g_norm=8.31e-04
  p=9 start 2: 3217 evals, 3137.1s elapsed, c̃=0.7458727592, g_norm=3.28e-05
  p=9 start 1: 3244 evals, 3160.8s elapsed, c̃=0.7637133698, g_norm=7.14e-05
  p=9 start 3: 3243 evals, 3163.7s elapsed, c̃=0.7044016078, g_norm=6.47e-04
  p=9 start 2: 3248 evals, 3167.7s elapsed, c̃=0.7458719057, g_norm=2.73e-05
  p=9 start 1: 3275 evals, 3191.3s elapsed, c̃=0.7637111103, g_norm=1.06e-04
  p=9 start 3: 3274 evals, 3194.0s elapsed, c̃=0.7044008789, g_norm=6.48e-04
  p=9 start 2: 3280 evals, 3198.8s elapsed, c̃=0.7458732605, g_norm=1.82e-05
  p=9 start 1: 3307 evals, 3221.8s elapsed, c̃=0.7637107939, g_norm=4.47e-05
  p=9 start 3: 3305 evals, 3224.2s elapsed, c̃=0.7044020661, g_norm=1.15e-03
  p=9 start 2: 3311 evals, 3229.1s elapsed, c̃=0.7458738036, g_norm=2.23e-05
  p=9 start 1: 3338 evals, 3252.0s elapsed, c̃=0.7637113994, g_norm=8.53e-05
  p=9 start 3: 3336 evals, 3254.7s elapsed, c̃=0.7044019726, g_norm=1.16e-03
  p=9 start 2: 3342 evals, 3259.2s elapsed, c̃=0.7458720827, g_norm=1.60e-05
  p=9 start 1: 3369 evals, 3282.1s elapsed, c̃=0.7637125691, g_norm=1.08e-04
  p=9 start 3: 3367 evals, 3285.0s elapsed, c̃=0.7044030691, g_norm=6.48e-04
  p=9 start 2: 3373 evals, 3289.4s elapsed, c̃=0.7458719553, g_norm=4.45e-05
  p=9 start 1: 3400 evals, 3312.9s elapsed, c̃=0.7637117307, g_norm=1.09e-04
  p=9 start 3: 3398 evals, 3315.7s elapsed, c̃=0.7043990719, g_norm=2.52e-03
  p=9 start 2: 3404 evals, 3320.1s elapsed, c̃=0.7458720358, g_norm=4.78e-05
  p=9 start 1: 3431 evals, 3343.4s elapsed, c̃=0.7637119551, g_norm=8.86e-05
  p=9 start 3: 3430 evals, 3346.4s elapsed, c̃=0.7044042506, g_norm=3.42e-04
  p=9 start 2: 3435 evals, 3350.8s elapsed, c̃=0.7458731069, g_norm=3.16e-05
  p=9 start 1: 3462 evals, 3374.3s elapsed, c̃=0.7637122552, g_norm=8.03e-05
  p=9 start 3: 3461 evals, 3376.8s elapsed, c̃=0.7044042094, g_norm=3.34e-04
  p=9 start 2: 3467 evals, 3381.6s elapsed, c̃=0.7458724437, g_norm=2.40e-05
  p=9 start 1: 3493 evals, 3405.0s elapsed, c̃=0.7637110807, g_norm=1.40e-04
  p=9 start 3: 3493 evals, 3407.5s elapsed, c̃=0.7044040618, g_norm=3.37e-04
  p=9 start 2: 3498 evals, 3411.6s elapsed, c̃=0.7458726572, g_norm=2.87e-05
  p=9 start 1: 3525 evals, 3435.8s elapsed, c̃=0.7637112349, g_norm=1.14e-04
  p=9 start 3: 3524 evals, 3438.0s elapsed, c̃=0.7044032405, g_norm=3.33e-04
  p=9 start 2: 3529 evals, 3441.9s elapsed, c̃=0.7458721740, g_norm=3.36e-05
  p=9 start 1: 3556 evals, 3466.3s elapsed, c̃=0.7637116856, g_norm=8.13e-05
  p=9 start 3: 3556 evals, 3468.8s elapsed, c̃=0.7044032767, g_norm=1.11e-04
  p=9 start 2: 3560 evals, 3472.0s elapsed, c̃=0.7458733462, g_norm=1.30e-04
  p=9 start 1: 3587 evals, 3496.5s elapsed, c̃=0.7637134729, g_norm=7.82e-05
  p=9 start 3: 3587 evals, 3499.0s elapsed, c̃=0.7044023683, g_norm=1.68e-04
  p=9 start 2: 3591 evals, 3502.3s elapsed, c̃=0.7458720482, g_norm=2.87e-05
  p=9 start 1: 3618 evals, 3526.5s elapsed, c̃=0.7637114835, g_norm=5.70e-05
  p=9 start 3: 3618 evals, 3529.4s elapsed, c̃=0.7044027055, g_norm=2.07e-04
  p=9 start 2: 3622 evals, 3532.6s elapsed, c̃=0.7458750628, g_norm=3.48e-05
  p=9 start 1: 3649 evals, 3556.9s elapsed, c̃=0.7637118989, g_norm=1.56e-05
  p=9 start 3: 3649 evals, 3560.0s elapsed, c̃=0.7044035394, g_norm=2.08e-04
  p=9 start 2: 3653 evals, 3563.0s elapsed, c̃=0.7458723142, g_norm=2.57e-05
  p=9 start 1: 3681 evals, 3587.8s elapsed, c̃=0.7637139847, g_norm=2.13e-05
  p=9 start 3: 3680 evals, 3590.2s elapsed, c̃=0.7044031723, g_norm=1.04e-04
  p=9 start 2: 3684 evals, 3593.1s elapsed, c̃=0.7458736865, g_norm=3.98e-05
  p=9 start 1: 3712 evals, 3618.4s elapsed, c̃=0.7637089121, g_norm=1.04e-04
  p=9 start 3: 3711 evals, 3620.5s elapsed, c̃=0.7044032706, g_norm=1.01e-04
  p=9 start 2: 3715 evals, 3623.9s elapsed, c̃=0.7458714138, g_norm=2.16e-05
  p=9 start 1: 3743 evals, 3648.6s elapsed, c̃=0.7637106557, g_norm=2.32e-04
  p=9 start 3: 3743 evals, 3651.3s elapsed, c̃=0.7044022656, g_norm=2.07e-04
  p=9 start 2: 3746 evals, 3654.2s elapsed, c̃=0.7458722446, g_norm=2.37e-05
  p=9 start 1: 3775 evals, 3679.2s elapsed, c̃=0.7637127923, g_norm=9.98e-05
  p=9 start 3: 3774 evals, 3681.6s elapsed, c̃=0.7044019833, g_norm=1.83e-04
  p=9 start 2: 3777 evals, 3684.5s elapsed, c̃=0.7458761532, g_norm=2.65e-05
  p=9 start 1: 3806 evals, 3709.3s elapsed, c̃=0.7637112368, g_norm=1.27e-04
  p=9 start 3: 3806 evals, 3712.6s elapsed, c̃=0.7044017311, g_norm=1.24e-04
  p=9 start 2: 3809 evals, 3715.5s elapsed, c̃=0.7458750122, g_norm=2.07e-05
  p=9 start 1: 3837 evals, 3739.7s elapsed, c̃=0.7637128465, g_norm=1.02e-04
  p=9 start 3: 3838 evals, 3743.1s elapsed, c̃=0.7044035805, g_norm=1.52e-04
  p=9 start 2: 3841 evals, 3746.4s elapsed, c̃=0.7458723260, g_norm=2.50e-05
  p=9 start 1: 3868 evals, 3770.4s elapsed, c̃=0.7637124620, g_norm=6.79e-05
  p=9 start 3: 3869 evals, 3773.5s elapsed, c̃=0.7044029809, g_norm=1.55e-04
  p=9 start 2: 3872 evals, 3776.7s elapsed, c̃=0.7458753702, g_norm=5.12e-05
  p=9 start 1: 3899 evals, 3801.1s elapsed, c̃=0.7637119692, g_norm=1.55e-04
  p=9 start 3: 3900 evals, 3803.9s elapsed, c̃=0.7044021030, g_norm=1.62e-04
  p=9 start 2: 3903 evals, 3806.7s elapsed, c̃=0.7458745676, g_norm=2.82e-05
  p=9 start 1: 3931 evals, 3831.7s elapsed, c̃=0.7637125827, g_norm=9.78e-05
  p=9 start 3: 3932 evals, 3834.8s elapsed, c̃=0.7044039989, g_norm=1.38e-04
  p=9 start 2: 3934 evals, 3836.8s elapsed, c̃=0.7458745761, g_norm=4.12e-05
  p=9 start 1: 3963 evals, 3862.4s elapsed, c̃=0.7637110013, g_norm=4.91e-05
  p=9 start 3: 3964 evals, 3865.7s elapsed, c̃=0.7044028842, g_norm=1.31e-04
  p=9 start 2: 3966 evals, 3867.7s elapsed, c̃=0.7458717152, g_norm=4.72e-05
  p=9 start 1: 3994 evals, 3892.6s elapsed, c̃=0.7637089697, g_norm=1.65e-04
  p=9 start 3: 3995 evals, 3896.1s elapsed, c̃=0.7044013542, g_norm=1.20e-04
  p=9 start 2: 3997 evals, 3898.1s elapsed, c̃=0.7458716080, g_norm=3.24e-05
  p=9 start 1: 4025 evals, 3923.1s elapsed, c̃=0.7637099084, g_norm=9.17e-05
  p=9 start 3: 4026 evals, 3926.3s elapsed, c̃=0.7044033966, g_norm=1.37e-04
  p=9 start 2: 4028 evals, 3928.2s elapsed, c̃=0.7458730244, g_norm=2.70e-05
  p=9 start 1: 4056 evals, 3953.6s elapsed, c̃=0.7637108896, g_norm=5.77e-05
  p=9 start 3: 4057 evals, 3956.5s elapsed, c̃=0.7044034446, g_norm=2.05e-04
  p=9 start 2: 4060 evals, 3959.0s elapsed, c̃=0.7458715604, g_norm=4.18e-05
  p=9 start 1: 4087 evals, 3983.8s elapsed, c̃=0.7637124300, g_norm=6.23e-05
  p=9 start 3: 4088 evals, 3986.8s elapsed, c̃=0.7044043839, g_norm=2.08e-04
  p=9 start 2: 4091 evals, 3989.7s elapsed, c̃=0.7458719306, g_norm=1.46e-05
  p=9 start 1: 4118 evals, 4014.2s elapsed, c̃=0.7637118461, g_norm=1.38e-04
  p=9 start 3: 4119 evals, 4017.3s elapsed, c̃=0.7044027945, g_norm=1.44e-04
  p=9 start 2: 4122 evals, 4020.2s elapsed, c̃=0.7458736212, g_norm=2.57e-05
  p=9 start 1: 4149 evals, 4044.9s elapsed, c̃=0.7637114980, g_norm=1.29e-04
  p=9 start 3: 4150 evals, 4047.4s elapsed, c̃=0.7044030318, g_norm=1.03e-04
  p=9 start 2: 4153 evals, 4050.6s elapsed, c̃=0.7458717589, g_norm=3.47e-05
  p=9 start 1: 4181 evals, 4075.6s elapsed, c̃=0.7637123895, g_norm=1.59e-04
  p=9 start 3: 4181 evals, 4077.7s elapsed, c̃=0.7044032997, g_norm=1.22e-04
  p=9 start 2: 4184 evals, 4080.9s elapsed, c̃=0.7458737056, g_norm=5.44e-05
  p=9 start 1: 4212 evals, 4106.1s elapsed, c̃=0.7637125019, g_norm=8.27e-05
  p=9 start 3: 4212 evals, 4107.9s elapsed, c̃=0.7044031225, g_norm=1.16e-04
  p=9 start 2: 4215 evals, 4111.1s elapsed, c̃=0.7458710712, g_norm=1.31e-05
  p=9 start 1: 4244 evals, 4137.1s elapsed, c̃=0.7637123396, g_norm=1.70e-04
  p=9 start 3: 4243 evals, 4138.1s elapsed, c̃=0.7044028231, g_norm=1.00e-04
  p=9 start 2: 4246 evals, 4141.7s elapsed, c̃=0.7458732509, g_norm=3.99e-05
  p=9 start 1: 4275 evals, 4167.2s elapsed, c̃=0.7637110253, g_norm=1.43e-04
  p=9 start 3: 4274 evals, 4168.1s elapsed, c̃=0.7044038246, g_norm=5.55e-05
  p=9 start 2: 4278 evals, 4172.7s elapsed, c̃=0.7458719443, g_norm=2.77e-05
  p=9 start 1: 4306 evals, 4197.4s elapsed, c̃=0.7637100899, g_norm=1.20e-04
  p=9 start 3: 4305 evals, 4198.8s elapsed, c̃=0.7044027869, g_norm=4.77e-05
  p=9 start 2: 4309 evals, 4202.9s elapsed, c̃=0.7458738410, g_norm=4.32e-05
  p=9 start 1: 4337 evals, 4227.7s elapsed, c̃=0.7637112751, g_norm=4.85e-05
  p=9 start 3: 4336 evals, 4229.0s elapsed, c̃=0.7044042059, g_norm=1.62e-04
  p=9 start 2: 4340 evals, 4233.0s elapsed, c̃=0.7458725002, g_norm=1.79e-05
  p=9 start 1: 4369 evals, 4258.5s elapsed, c̃=0.7637114374, g_norm=1.40e-04
  p=9 start 3: 4367 evals, 4259.0s elapsed, c̃=0.7044010227, g_norm=2.05e-04
  p=9 start 2: 4372 evals, 4263.9s elapsed, c̃=0.7458729066, g_norm=3.62e-05
  p=9 start 1: 4400 evals, 4288.6s elapsed, c̃=0.7637103176, g_norm=1.18e-04
  p=9 start 3: 4398 evals, 4289.2s elapsed, c̃=0.7044048558, g_norm=1.56e-04
  p=9 start 2: 4403 evals, 4294.2s elapsed, c̃=0.7458737326, g_norm=1.86e-05
  p=9 start 1: 4431 evals, 4318.7s elapsed, c̃=0.7637133413, g_norm=6.86e-05
  p=9 start 3: 4429 evals, 4319.4s elapsed, c̃=0.7044032328, g_norm=7.58e-05
  p=9 start 2: 4434 evals, 4324.3s elapsed, c̃=0.7458735564, g_norm=2.28e-05
  p=9 start 1: 4462 evals, 4349.6s elapsed, c̃=0.7637108547, g_norm=1.55e-04
  p=9 start 3: 4460 evals, 4349.9s elapsed, c̃=0.7044024196, g_norm=7.43e-05
  p=9 start 2: 4465 evals, 4355.1s elapsed, c̃=0.7458731362, g_norm=2.44e-05
  p=9 start 1: 4493 evals, 4379.8s elapsed, c̃=0.7637100992, g_norm=1.43e-04
  p=9 start 3: 4491 evals, 4380.1s elapsed, c̃=0.7044012425, g_norm=1.71e-04
  p=9 start 2: 4496 evals, 4385.3s elapsed, c̃=0.7458706395, g_norm=3.84e-05
  p=9 start 3: 4522 evals, 4410.5s elapsed, c̃=0.7044038872, g_norm=1.70e-04
  p=9 start 1: 4525 evals, 4410.5s elapsed, c̃=0.7637131406, g_norm=4.11e-05
  p=9 start 2: 4528 evals, 4416.2s elapsed, c̃=0.7458732911, g_norm=3.71e-05
  p=9 start 1: 4556 evals, 4440.5s elapsed, c̃=0.7637112468, g_norm=4.77e-05
  p=9 start 3: 4553 evals, 4441.2s elapsed, c̃=0.7044039335, g_norm=1.01e-04
  p=9 start 2: 4559 evals, 4446.8s elapsed, c̃=0.7458717027, g_norm=4.88e-05
  p=9 start 1: 4587 evals, 4470.6s elapsed, c̃=0.7637103830, g_norm=1.13e-04
  p=9 start 3: 4585 evals, 4472.1s elapsed, c̃=0.7044052351, g_norm=9.79e-05
  p=9 start 2: 4590 evals, 4477.1s elapsed, c̃=0.7458733280, g_norm=4.45e-05
  p=9 start 1: 4619 evals, 4501.5s elapsed, c̃=0.7637121234, g_norm=1.33e-04
  p=9 start 3: 4616 evals, 4502.6s elapsed, c̃=0.7044038001, g_norm=9.95e-05
  p=9 start 2: 4621 evals, 4507.6s elapsed, c̃=0.7458716314, g_norm=3.69e-05
  p=9 start 1: 4650 evals, 4531.8s elapsed, c̃=0.7637102101, g_norm=1.84e-04
  p=9 start 3: 4647 evals, 4532.6s elapsed, c̃=0.7044044663, g_norm=1.01e-04
  p=9 start 2: 4652 evals, 4537.6s elapsed, c̃=0.7458733853, g_norm=5.04e-05
  p=9 start 1: 4681 evals, 4562.0s elapsed, c̃=0.7637111538, g_norm=9.17e-05
  p=9 start 3: 4677 evals, 4562.7s elapsed, c̃=0.7044037739, g_norm=7.26e-05
  p=9 start 2: 4683 evals, 4568.0s elapsed, c̃=0.7458735130, g_norm=3.08e-05
  p=9 start 1: 4712 evals, 4592.5s elapsed, c̃=0.7637132504, g_norm=1.03e-04
  p=9 start 3: 4709 evals, 4593.5s elapsed, c̃=0.7044027043, g_norm=3.84e-04
  p=9 start 2: 4714 evals, 4598.1s elapsed, c̃=0.7458725341, g_norm=2.55e-05
  p=9 start 1: 4743 evals, 4622.9s elapsed, c̃=0.7637100673, g_norm=1.50e-04
  p=9 start 3: 4740 evals, 4624.3s elapsed, c̃=0.7044032827, g_norm=1.13e-04
  p=9 start 2: 4745 evals, 4628.8s elapsed, c̃=0.7458730176, g_norm=3.50e-05
  p=9 start 1: 4774 evals, 4653.3s elapsed, c̃=0.7637126875, g_norm=1.28e-04
  p=9 start 3: 4771 evals, 4654.4s elapsed, c̃=0.7044032928, g_norm=1.14e-04
  p=9 start 2: 4776 evals, 4659.2s elapsed, c̃=0.7458734773, g_norm=2.12e-05
  p=9 start 1: 4805 evals, 4683.8s elapsed, c̃=0.7637116182, g_norm=1.26e-04
  p=9 start 3: 4802 evals, 4684.8s elapsed, c̃=0.7044043037, g_norm=1.04e-04
  p=9 start 2: 4807 evals, 4689.8s elapsed, c̃=0.7458711544, g_norm=2.83e-05
  p=9 start 1: 4836 evals, 4714.5s elapsed, c̃=0.7637113476, g_norm=1.23e-04
  p=9 start 3: 4833 evals, 4715.3s elapsed, c̃=0.7044026919, g_norm=1.20e-04
  p=9 start 2: 4838 evals, 4720.2s elapsed, c̃=0.7458719153, g_norm=3.21e-05
  p=9 start 1: 4867 evals, 4744.9s elapsed, c̃=0.7637116328, g_norm=6.91e-05
  p=9 start 3: 4864 evals, 4745.3s elapsed, c̃=0.7044027263, g_norm=7.60e-05
  p=9 start 2: 4869 evals, 4750.5s elapsed, c̃=0.7458733270, g_norm=5.75e-05
  p=9 start 1: 4899 evals, 4775.5s elapsed, c̃=0.7637112881, g_norm=9.49e-05
  p=9 start 3: 4896 evals, 4776.1s elapsed, c̃=0.7044032557, g_norm=9.99e-05
  p=9 start 2: 4900 evals, 4780.6s elapsed, c̃=0.7458723248, g_norm=3.84e-05
  p=9 start 1: 4930 evals, 4805.8s elapsed, c̃=0.7637121695, g_norm=9.83e-05
  p=9 start 3: 4927 evals, 4806.5s elapsed, c̃=0.7044017149, g_norm=1.12e-04
  p=9 start 2: 4931 evals, 4810.7s elapsed, c̃=0.7458727322, g_norm=4.75e-05
  p=9 start 1: 4961 evals, 4835.9s elapsed, c̃=0.7637117754, g_norm=7.52e-05
  p=9 start 3: 4958 evals, 4836.9s elapsed, c̃=0.7044016869, g_norm=7.02e-05
  p=9 start 2: 4962 evals, 4840.8s elapsed, c̃=0.7458722666, g_norm=4.39e-05
  p=9 start 1: 4992 evals, 4866.3s elapsed, c̃=0.7637137984, g_norm=2.77e-05
  p=9 start 3: 4989 evals, 4867.2s elapsed, c̃=0.7044034076, g_norm=6.15e-05
  p=9 start 2: 4993 evals, 4871.0s elapsed, c̃=0.7458722050, g_norm=3.05e-05
  p=9 start 1: 5023 evals, 4896.6s elapsed, c̃=0.7637120406, g_norm=1.45e-04
  p=9 start 3: 5021 evals, 4898.1s elapsed, c̃=0.7044035563, g_norm=7.04e-05
  p=9 start 2: 5024 evals, 4901.5s elapsed, c̃=0.7458716791, g_norm=4.62e-05
  p=9 start 1: 5054 evals, 4926.9s elapsed, c̃=0.7637136555, g_norm=6.09e-05
  p=9 start 3: 5052 evals, 4928.5s elapsed, c̃=0.7044016635, g_norm=7.30e-05
  p=9 start 2: 5055 evals, 4931.7s elapsed, c̃=0.7458710882, g_norm=3.31e-05
  p=9 start 1: 5086 evals, 4957.8s elapsed, c̃=0.7637118194, g_norm=6.64e-05
  p=9 start 3: 5083 evals, 4958.6s elapsed, c̃=0.7044017112, g_norm=7.10e-05
  p=9 start 2: 5087 evals, 4962.7s elapsed, c̃=0.7458701257, g_norm=3.24e-05
  p=9 start 1: 5117 evals, 4987.9s elapsed, c̃=0.7637103425, g_norm=8.49e-05
  p=9 start 3: 5114 evals, 4989.0s elapsed, c̃=0.7044040169, g_norm=7.02e-05
  p=9 start 2: 5118 evals, 4992.9s elapsed, c̃=0.7458732774, g_norm=1.81e-05
  p=9 start 1: 5148 evals, 5018.4s elapsed, c̃=0.7637104169, g_norm=5.20e-05
  p=9 start 3: 5145 evals, 5019.2s elapsed, c̃=0.7044035349, g_norm=6.97e-05
  p=9 start 2: 5149 evals, 5023.1s elapsed, c̃=0.7458697674, g_norm=2.62e-05
  p=9 start 1: 5179 evals, 5048.9s elapsed, c̃=0.7637117565, g_norm=1.38e-04
  p=9 start 3: 5176 evals, 5049.9s elapsed, c̃=0.7044038414, g_norm=7.06e-05
  p=9 start 2: 5180 evals, 5053.6s elapsed, c̃=0.7458716694, g_norm=2.41e-05
  p=9 start 1: 5211 evals, 5079.8s elapsed, c̃=0.7637127146, g_norm=4.78e-05
  p=9 start 3: 5208 evals, 5080.5s elapsed, c̃=0.7044018638, g_norm=6.96e-05
  p=9 start 2: 5212 evals, 5084.6s elapsed, c̃=0.7458722476, g_norm=2.92e-05
  p=9 start 1: 5242 evals, 5110.0s elapsed, c̃=0.7637121273, g_norm=9.58e-05
  p=9 start 3: 5240 evals, 5111.0s elapsed, c̃=0.7044024929, g_norm=1.22e-03
  p=9 start 2: 5243 evals, 5114.6s elapsed, c̃=0.7458710779, g_norm=1.49e-05
  p=9 start 1: 5274 evals, 5140.9s elapsed, c̃=0.7637137587, g_norm=1.39e-04
  p=9 start 3: 5271 evals, 5141.3s elapsed, c̃=0.7044030348, g_norm=4.99e-05
  p=9 start 2: 5274 evals, 5145.1s elapsed, c̃=0.7458719711, g_norm=3.61e-05
  p=9 start 1: 5305 evals, 5171.2s elapsed, c̃=0.7637132358, g_norm=3.73e-05
  p=9 start 3: 5303 evals, 5172.1s elapsed, c̃=0.7044031579, g_norm=7.90e-05
  p=9 start 2: 5305 evals, 5175.8s elapsed, c̃=0.7458718015, g_norm=2.48e-05
  p=9 start 1: 5336 evals, 5201.7s elapsed, c̃=0.7637113393, g_norm=9.72e-05
  p=9 start 3: 5334 evals, 5202.2s elapsed, c̃=0.7044032450, g_norm=5.17e-05
  p=9 start 2: 5337 evals, 5206.8s elapsed, c̃=0.7458712316, g_norm=2.00e-05
  p=9 start 1: 5367 evals, 5232.1s elapsed, c̃=0.7637113268, g_norm=1.08e-04
  p=9 start 3: 5365 evals, 5232.3s elapsed, c̃=0.7044032705, g_norm=4.31e-05
  p=9 start 2: 5368 evals, 5236.9s elapsed, c̃=0.7458734455, g_norm=8.66e-06
  p=9 start 1: 5398 evals, 5262.1s elapsed, c̃=0.7637119248, g_norm=1.03e-04
  p=9 start 3: 5397 evals, 5263.1s elapsed, c̃=0.7044050948, g_norm=5.78e-05
  p=9 start 2: 5399 evals, 5267.0s elapsed, c̃=0.7458721870, g_norm=2.98e-05
  p=9 start 1: 5429 evals, 5292.3s elapsed, c̃=0.7637114684, g_norm=2.03e-04
  p=9 start 3: 5429 evals, 5293.9s elapsed, c̃=0.7044047526, g_norm=5.76e-05
  p=9 start 2: 5430 evals, 5297.3s elapsed, c̃=0.7458721576, g_norm=3.57e-05
  p=9 start 1: 5460 evals, 5322.5s elapsed, c̃=0.7637123488, g_norm=2.00e-04
  p=9 start 3: 5461 evals, 5324.7s elapsed, c̃=0.7044027998, g_norm=4.72e-05
  p=9 start 2: 5461 evals, 5327.7s elapsed, c̃=0.7458715938, g_norm=2.55e-05
  p=9 start 1: 5491 evals, 5352.8s elapsed, c̃=0.7637101168, g_norm=1.54e-04
  p=9 start 3: 5492 evals, 5354.8s elapsed, c̃=0.7044044535, g_norm=5.59e-05
  p=9 start 2: 5492 evals, 5357.7s elapsed, c̃=0.7458720828, g_norm=2.21e-05
  p=9 start 1: 5522 evals, 5383.0s elapsed, c̃=0.7637116780, g_norm=1.56e-04
  p=9 start 3: 5523 evals, 5385.0s elapsed, c̃=0.7044037858, g_norm=3.65e-05
  p=9 start 2: 5523 evals, 5387.9s elapsed, c̃=0.7458728884, g_norm=2.34e-05
  p=9 start 1: 5553 evals, 5413.4s elapsed, c̃=0.7637106328, g_norm=1.23e-04
  p=9 start 3: 5554 evals, 5415.3s elapsed, c̃=0.7044019207, g_norm=4.67e-05
  p=9 start 2: 5554 evals, 5418.1s elapsed, c̃=0.7458722646, g_norm=1.13e-05
  p=9 start 1: 5584 evals, 5443.4s elapsed, c̃=0.7637102213, g_norm=1.03e-04
  p=9 start 3: 5585 evals, 5445.4s elapsed, c̃=0.7044030268, g_norm=6.91e-05
  p=9 start 2: 5585 evals, 5448.4s elapsed, c̃=0.7458732167, g_norm=8.76e-06
  p=9 start 1: 5615 evals, 5473.7s elapsed, c̃=0.7637103872, g_norm=6.68e-05
  p=9 start 3: 5616 evals, 5476.1s elapsed, c̃=0.7044031917, g_norm=4.82e-05
  p=9 start 2: 5616 evals, 5478.5s elapsed, c̃=0.7458727950, g_norm=1.50e-05
  p=9 start 1: 5646 evals, 5503.9s elapsed, c̃=0.7637106091, g_norm=9.52e-05
  p=9 start 3: 5647 evals, 5506.3s elapsed, c̃=0.7044017648, g_norm=6.69e-05
  p=9 start 2: 5647 evals, 5509.3s elapsed, c̃=0.7458726423, g_norm=2.09e-05
  p=9 start 1: 5678 evals, 5534.7s elapsed, c̃=0.7637133134, g_norm=1.30e-04
  p=9 start 3: 5678 evals, 5536.4s elapsed, c̃=0.7044028034, g_norm=2.33e-05
  p=9 start 2: 5678 evals, 5539.4s elapsed, c̃=0.7458742754, g_norm=3.94e-05
  p=9 start 1: 5711 evals, 5564.8s elapsed, c̃=0.7637085843, g_norm=8.46e-05
  p=9 start 3: 5712 evals, 5567.2s elapsed, c̃=0.7044030169, g_norm=2.82e-05
  p=9 start 1: 5748 evals, 5595.2s elapsed, c̃=0.7637110359, g_norm=6.66e-05
  p=9 start 3: 5748 evals, 5597.2s elapsed, c̃=0.7044029557, g_norm=5.90e-05
  p=9 start 1: 5785 evals, 5626.0s elapsed, c̃=0.7637124936, g_norm=7.11e-05
  p=9 start 3: 5784 evals, 5627.3s elapsed, c̃=0.7044047068, g_norm=6.18e-05
  p=9 start 1: 5822 evals, 5656.7s elapsed, c̃=0.7637121542, g_norm=2.89e-05
  p=9 start 3: 5821 evals, 5658.0s elapsed, c̃=0.7044045003, g_norm=5.64e-05
  p=9 start 1: 5859 evals, 5687.5s elapsed, c̃=0.7637104478, g_norm=3.03e-05
  p=9 start 3: 5858 evals, 5688.8s elapsed, c̃=0.7044040321, g_norm=3.91e-05
  p=9 start 1: 5896 evals, 5718.2s elapsed, c̃=0.7637125988, g_norm=5.16e-05
  p=9 start 3: 5894 evals, 5719.0s elapsed, c̃=0.7044034991, g_norm=4.10e-05
  p=9 start 1: 5933 evals, 5748.4s elapsed, c̃=0.7637116186, g_norm=7.02e-05
  p=9 start 3: 5930 evals, 5749.3s elapsed, c̃=0.7044026542, g_norm=3.42e-05
  p=9 start 1: 5970 evals, 5778.5s elapsed, c̃=0.7637137147, g_norm=3.55e-05
  p=9 start 3: 5968 evals, 5780.1s elapsed, c̃=0.7044033706, g_norm=3.96e-05
  p=9 start 1: 6007 evals, 5808.7s elapsed, c̃=0.7637113164, g_norm=7.59e-05
  p=9 start 3: 6005 evals, 5810.3s elapsed, c̃=0.7044036531, g_norm=3.18e-05
  p=9 start 1: 6044 evals, 5839.1s elapsed, c̃=0.7637131002, g_norm=2.65e-05
  p=9 start 3: 6042 evals, 5841.0s elapsed, c̃=0.7044026848, g_norm=6.28e-05
  p=9 start 1: 6081 evals, 5869.7s elapsed, c̃=0.7637116020, g_norm=6.50e-05
  p=9 start 3: 6079 evals, 5871.7s elapsed, c̃=0.7044032454, g_norm=4.06e-05
  p=9 start 1: 6118 evals, 5900.1s elapsed, c̃=0.7637116180, g_norm=7.78e-05
  p=9 start 3: 6116 evals, 5902.0s elapsed, c̃=0.7044030743, g_norm=2.52e-05
  p=9 start 1: 6155 evals, 5930.6s elapsed, c̃=0.7637120735, g_norm=2.15e-05
  p=9 start 3: 6153 evals, 5932.5s elapsed, c̃=0.7044039001, g_norm=2.39e-05
  p=9 start 1: 6192 evals, 5961.2s elapsed, c̃=0.7637104202, g_norm=4.09e-05
  p=9 start 3: 6190 evals, 5963.2s elapsed, c̃=0.7044023174, g_norm=2.72e-05
  p=9 start 1: 6229 evals, 5991.8s elapsed, c̃=0.7637115723, g_norm=4.09e-05
  p=9 start 3: 6227 evals, 5994.0s elapsed, c̃=0.7044013640, g_norm=1.84e-05
  p=9 start 1: 6265 evals, 6021.9s elapsed, c̃=0.7637130450, g_norm=2.52e-05
  p=9 start 3: 6264 evals, 6024.8s elapsed, c̃=0.7044026476, g_norm=2.09e-05
  p=9 start 1: 6302 evals, 6052.7s elapsed, c̃=0.7637100568, g_norm=1.08e-04
  p=9 start 3: 6300 evals, 6054.9s elapsed, c̃=0.7044031094, g_norm=5.40e-05
  p=9 start 1: 6338 evals, 6082.7s elapsed, c̃=0.7637111283, g_norm=2.55e-05
  p=9 start 3: 6337 evals, 6085.6s elapsed, c̃=0.7044026161, g_norm=4.00e-05
  p=9 start 1: 6375 evals, 6113.2s elapsed, c̃=0.7637124894, g_norm=3.79e-05
  p=9 start 3: 6374 evals, 6115.7s elapsed, c̃=0.7044037645, g_norm=4.04e-05
  p=9 start 3: 6418 evals, 6146.3s elapsed, c̃=0.7044039723, g_norm=3.34e-05
  p=9 start 3: 6461 evals, 6176.4s elapsed, c̃=0.7044030943, g_norm=4.03e-05
  p=9 start 3: 6505 evals, 6206.7s elapsed, c̃=0.7044037094, g_norm=3.66e-05
  p=9 start 3: 6548 evals, 6236.8s elapsed, c̃=0.7044027872, g_norm=4.99e-05
  p=9 start 3: 6591 evals, 6266.9s elapsed, c̃=0.7044036657, g_norm=8.16e-05
  p=9 start 3: 6635 evals, 6297.2s elapsed, c̃=0.7044034282, g_norm=6.42e-05
  p=9 start 3: 6679 evals, 6327.8s elapsed, c̃=0.7044036312, g_norm=5.98e-05
  p=9 start 3: 6723 evals, 6358.0s elapsed, c̃=0.7044031159, g_norm=6.00e-05
  p=9 start 3: 6767 evals, 6388.3s elapsed, c̃=0.7044029422, g_norm=5.46e-05
  p=9 start 3: 6811 evals, 6418.8s elapsed, c̃=0.7044040349, g_norm=4.72e-05
  p=9 start 3: 6855 evals, 6449.5s elapsed, c̃=0.7044041045, g_norm=5.76e-05
  p=9 start 3: 6899 evals, 6479.9s elapsed, c̃=0.7044046843, g_norm=5.29e-05
  p=9 start 3: 6943 evals, 6510.2s elapsed, c̃=0.7044041450, g_norm=5.32e-05
  p=9 start 3: 6987 evals, 6540.5s elapsed, c̃=0.7044028735, g_norm=3.04e-05
  p=9 start 3: 7031 evals, 6570.6s elapsed, c̃=0.7044025896, g_norm=3.42e-05
  p=9 start 3: 7075 evals, 6601.0s elapsed, c̃=0.7044021296, g_norm=3.30e-05
  p=9 start 3: 7119 evals, 6631.2s elapsed, c̃=0.7044065320, g_norm=2.84e-05
  p=9 start 3: 7163 evals, 6661.8s elapsed, c̃=0.7044029044, g_norm=2.10e-05
  p=9 start 3: 7207 evals, 6692.2s elapsed, c̃=0.7044028327, g_norm=6.67e-05
  p=9 start 3: 7251 evals, 6722.8s elapsed, c̃=0.7044032494, g_norm=2.91e-05
  p=9 start 3: 7295 evals, 6752.9s elapsed, c̃=0.7044023670, g_norm=8.64e-05
  p=9 start 3: 7339 evals, 6783.2s elapsed, c̃=0.7044029846, g_norm=8.64e-05
  p=9 start 3: 7383 evals, 6813.5s elapsed, c̃=0.7044037041, g_norm=4.19e-05
  p=9 start 3: 7427 evals, 6844.2s elapsed, c̃=0.7044036141, g_norm=4.48e-05
  p=9 start 3: 7471 evals, 6874.5s elapsed, c̃=0.7044038694, g_norm=2.42e-05
  p=9 start 3: 7515 evals, 6905.2s elapsed, c̃=0.7044019900, g_norm=3.03e-05
  p=9 start 3: 7559 evals, 6935.7s elapsed, c̃=0.7044033380, g_norm=4.72e-05
  p=9 start 3: 7603 evals, 6966.1s elapsed, c̃=0.7044028811, g_norm=2.01e-05
  p=9 start 3: 7647 evals, 6996.4s elapsed, c̃=0.7044037688, g_norm=4.15e-05
  p=9 start 3: 7691 evals, 7027.0s elapsed, c̃=0.7044038024, g_norm=3.26e-05
  p=9 start 3: 7735 evals, 7057.6s elapsed, c̃=0.7044033719, g_norm=2.26e-05
  p=9 start 3: 7779 evals, 7088.0s elapsed, c̃=0.7044023797, g_norm=1.84e-05
  p=9 start 3: 7823 evals, 7118.2s elapsed, c̃=0.7044035578, g_norm=3.69e-05
  p=9 start 3: 7867 evals, 7148.5s elapsed, c̃=0.7044050141, g_norm=5.25e-05
  p=9 start 3: 7911 evals, 7178.8s elapsed, c̃=0.7044019885, g_norm=3.40e-05
  p=9 start 3: 7955 evals, 7209.2s elapsed, c̃=0.7044030945, g_norm=3.72e-05
  p=9 start 3: 7999 evals, 7239.4s elapsed, c̃=0.7044045971, g_norm=1.36e-05
  p=9 start 3: 8043 evals, 7269.8s elapsed, c̃=0.7044053273, g_norm=2.77e-05
  p=9 start 3: 8087 evals, 7300.3s elapsed, c̃=0.7044029830, g_norm=9.45e-05
  p=9 start 3: 8131 evals, 7330.7s elapsed, c̃=0.7044023959, g_norm=2.44e-05
  p=9 start 3: 8175 evals, 7360.8s elapsed, c̃=0.7044055061, g_norm=2.05e-05
  p=9 start 3: 8219 evals, 7390.8s elapsed, c̃=0.7044030147, g_norm=3.76e-05
  p=9 start 3: 8263 evals, 7421.3s elapsed, c̃=0.7044055312, g_norm=2.57e-05
  p=9 start 3: 8307 evals, 7451.5s elapsed, c̃=0.7044050689, g_norm=4.46e-05
  p=9 start 3: 8351 evals, 7481.8s elapsed, c̃=0.7044052183, g_norm=2.53e-05
  p=9 start 3: 8395 evals, 7512.3s elapsed, c̃=0.7044034260, g_norm=2.31e-05
  p=9 start 3: 8439 evals, 7542.5s elapsed, c̃=0.7044041729, g_norm=2.29e-05
  p=9 start 3: 8483 evals, 7573.0s elapsed, c̃=0.7044013031, g_norm=4.66e-05
  p=9 start 3: 8527 evals, 7603.1s elapsed, c̃=0.7044036162, g_norm=3.69e-05
  p=9 start 3: 8571 evals, 7633.4s elapsed, c̃=0.7044037795, g_norm=3.47e-05
  p=9 start 3: 8615 evals, 7663.7s elapsed, c̃=0.7044025866, g_norm=3.19e-05
  p=9 start 3: 8659 evals, 7693.8s elapsed, c̃=0.7044047496, g_norm=1.92e-05
  p=9 start 3: 8703 evals, 7724.3s elapsed, c̃=0.7044050014, g_norm=3.54e-05
  p=9 start 3: 8747 evals, 7754.9s elapsed, c̃=0.7044047890, g_norm=3.22e-05
  p=9 start 3: 8791 evals, 7785.3s elapsed, c̃=0.7044031895, g_norm=2.08e-05
  p=9 start 3: 8835 evals, 7815.8s elapsed, c̃=0.7044026654, g_norm=2.36e-05
  p=9 start 3: 8879 evals, 7846.2s elapsed, c̃=0.7044022627, g_norm=2.34e-05
  p=9 start 3: 8923 evals, 7876.7s elapsed, c̃=0.7044039112, g_norm=3.52e-05
  p=9 start 3: 8967 evals, 7907.3s elapsed, c̃=0.7044039643, g_norm=1.99e-05
  p=9 start 3: 9011 evals, 7937.7s elapsed, c̃=0.7044045707, g_norm=3.92e-05
  p=9 start 3: 9054 evals, 7967.8s elapsed, c̃=0.7044034820, g_norm=2.59e-05
  p=9 start 3: 9097 evals, 7997.8s elapsed, c̃=0.7044024796, g_norm=3.82e-05
  p=9 start 3: 9141 evals, 8028.1s elapsed, c̃=0.7044043670, g_norm=1.79e-05
  p=9 start 3: 9184 evals, 8058.1s elapsed, c̃=0.7044020563, g_norm=2.25e-05
  p=9 start 3: 9228 evals, 8088.6s elapsed, c̃=0.7044047706, g_norm=2.55e-05
  p=9 start 3: 9272 evals, 8118.9s elapsed, c̃=0.7044036629, g_norm=1.18e-05
  p=9 start 3: 9315 evals, 8149.1s elapsed, c̃=0.7044053904, g_norm=2.24e-05
  p=9 start 3: 9359 evals, 8179.2s elapsed, c̃=0.7044028428, g_norm=1.65e-05
  p=9 start 3: 9403 evals, 8209.7s elapsed, c̃=0.7044027235, g_norm=2.56e-05
  p=9 start 3: 9447 evals, 8240.4s elapsed, c̃=0.7044030077, g_norm=1.54e-05
  p=9 start 3: 9491 evals, 8270.7s elapsed, c̃=0.7044048076, g_norm=3.94e-05
  p=9 start 3: 9535 evals, 8300.8s elapsed, c̃=0.7044036427, g_norm=3.26e-05
  p=9 start 3: 9579 evals, 8331.3s elapsed, c̃=0.7044032818, g_norm=2.49e-05
  p=9 start 3: 9623 evals, 8361.5s elapsed, c̃=0.7044028312, g_norm=2.35e-05
  p=9 start 3: 9667 evals, 8391.9s elapsed, c̃=0.7044054341, g_norm=2.27e-05
  p=9 start 3: 9711 evals, 8422.0s elapsed, c̃=0.7044046296, g_norm=4.76e-05
  p=9 start 3: 9755 evals, 8452.5s elapsed, c̃=0.7044035082, g_norm=2.40e-05
  p=9 start 3: 9799 evals, 8482.8s elapsed, c̃=0.7044016760, g_norm=3.38e-05
  p=9 start 3: 9843 evals, 8513.3s elapsed, c̃=0.7044034522, g_norm=3.13e-05
  p=9 start 3: 9887 evals, 8543.8s elapsed, c̃=0.7044047494, g_norm=3.45e-05
  p=9 start 3: 9931 evals, 8574.1s elapsed, c̃=0.7044037926, g_norm=1.66e-05
  p=9 start 3: 9976 evals, 8604.8s elapsed, c̃=0.7044025755, g_norm=1.70e-05
  p=9 start 3: 10020 evals, 8635.1s elapsed, c̃=0.7044043219, g_norm=1.81e-05
  p=9 start 3: 10064 evals, 8665.7s elapsed, c̃=0.7044040444, g_norm=3.00e-05
  p=9 start 3: 10108 evals, 8696.0s elapsed, c̃=0.7044042028, g_norm=2.98e-05
  p=9 start 3: 10151 evals, 8726.1s elapsed, c̃=0.7044043246, g_norm=1.91e-05
  p=9 start 3: 10195 evals, 8756.5s elapsed, c̃=0.7044045022, g_norm=1.75e-05
  p=9 start 3: 10239 evals, 8787.0s elapsed, c̃=0.7044039223, g_norm=5.22e-05
  p=9 start 3: 10283 evals, 8817.4s elapsed, c̃=0.7044025208, g_norm=4.01e-05
  p=9 start 3: 10327 evals, 8848.0s elapsed, c̃=0.7044034521, g_norm=2.37e-05
  p=9 start 3: 10371 evals, 8878.4s elapsed, c̃=0.7044028168, g_norm=1.26e-05
  p=9 start 3: 10415 evals, 8909.1s elapsed, c̃=0.7044052268, g_norm=3.19e-05
  p=9 start 3: 10459 evals, 8939.5s elapsed, c̃=0.7044029524, g_norm=1.42e-05
  p=9 start 3: 10503 evals, 8969.9s elapsed, c̃=0.7044051706, g_norm=3.38e-05
  p=9 start 3: 10547 evals, 9000.5s elapsed, c̃=0.7044044478, g_norm=4.89e-05
  p=9 start 3: 10591 evals, 9031.0s elapsed, c̃=0.7044035757, g_norm=1.36e-05
  p=9 start 3: 10635 evals, 9061.3s elapsed, c̃=0.7044035686, g_norm=2.43e-05
  p=9 start 3: 10679 evals, 9091.4s elapsed, c̃=0.7044019839, g_norm=1.28e-05
  p=9 start 3: 10723 evals, 9121.9s elapsed, c̃=0.7044036621, g_norm=4.89e-06
  p=9 start 3: 10767 evals, 9152.4s elapsed, c̃=0.7044028885, g_norm=1.89e-05
  p=9 start 3: 10811 evals, 9182.7s elapsed, c̃=0.7044032563, g_norm=1.20e-05
  p=9 start 3: 10855 evals, 9213.2s elapsed, c̃=0.7044044037, g_norm=1.96e-05
  p=9 start 3: 10899 evals, 9243.3s elapsed, c̃=0.7044042580, g_norm=9.83e-06
  p=9 start 3: 10943 evals, 9273.7s elapsed, c̃=0.7044037099, g_norm=5.01e-05
  p=9 start 3: 10987 evals, 9303.9s elapsed, c̃=0.7044029629, g_norm=2.77e-05
  p=9 start 3: 11031 evals, 9334.3s elapsed, c̃=0.7044036524, g_norm=3.75e-05
  p=9 start 3: 11075 evals, 9364.6s elapsed, c̃=0.7044042105, g_norm=2.83e-05
  p=9 start 3: 11119 evals, 9394.8s elapsed, c̃=0.7044041426, g_norm=1.78e-05
  p=9 start 3: 11163 evals, 9425.2s elapsed, c̃=0.7044035291, g_norm=1.64e-05
  p=9 start 3: 11207 evals, 9455.6s elapsed, c̃=0.7044040280, g_norm=1.49e-05
  p=9 start 3: 11251 evals, 9486.1s elapsed, c̃=0.7044041624, g_norm=1.61e-05
  p=9 start 3: 11295 evals, 9516.7s elapsed, c̃=0.7044031079, g_norm=1.92e-05
  p=9 start 3: 11339 evals, 9547.1s elapsed, c̃=0.7044039629, g_norm=1.47e-05
  p=9 start 3: 11383 evals, 9577.6s elapsed, c̃=0.7044028365, g_norm=1.79e-05
  p=9 start 3: 11427 evals, 9607.9s elapsed, c̃=0.7044029260, g_norm=2.96e-05
  p=9 start 3: 11471 evals, 9638.6s elapsed, c̃=0.7044046078, g_norm=3.17e-05
  p=9 start 3: 11515 evals, 9668.7s elapsed, c̃=0.7044034719, g_norm=2.38e-05
  p=9 start 3: 11559 evals, 9699.2s elapsed, c̃=0.7044048299, g_norm=1.63e-05
  p=9 start 3: 11603 evals, 9729.4s elapsed, c̃=0.7044028371, g_norm=3.84e-05
  p=9 start 3: 11647 evals, 9759.7s elapsed, c̃=0.7044024965, g_norm=3.80e-05
  p=9 start 3: 11691 evals, 9789.9s elapsed, c̃=0.7044027634, g_norm=2.94e-05
  p=9 start 3: 11735 evals, 9820.4s elapsed, c̃=0.7044050022, g_norm=1.90e-05
  p=9 start 3: 11779 evals, 9850.8s elapsed, c̃=0.7044044774, g_norm=2.07e-05
  p=9 start 3: 11823 evals, 9880.9s elapsed, c̃=0.7044021671, g_norm=1.20e-05
  p=9 start 3: 11867 evals, 9911.4s elapsed, c̃=0.7044015203, g_norm=2.93e-05
  p=9 start 3: 11911 evals, 9941.6s elapsed, c̃=0.7044046117, g_norm=3.97e-05
  p=9 start 3: 11955 evals, 9972.0s elapsed, c̃=0.7044036126, g_norm=1.99e-05
  p=9 start 3: 11999 evals, 10002.5s elapsed, c̃=0.7044051198, g_norm=1.78e-05
  p=9 start 3: 12043 evals, 10032.7s elapsed, c̃=0.7044044058, g_norm=1.08e-05
  p=9 start 3: 12087 evals, 10063.4s elapsed, c̃=0.7044020935, g_norm=1.76e-05
  p=9 start 3: 12131 evals, 10094.0s elapsed, c̃=0.7044039343, g_norm=1.16e-05
slurmstepd: error: *** JOB 987279 ON swift-c3dnodeset-6 CANCELLED AT 2026-04-01T02:19:04 ***
slurmstepd: error: *** STEP 987279.0 ON swift-c3dnodeset-6 CANCELLED AT 2026-04-01T02:19:04 ***
