Precompiling packages...
    QaoaXorsat Being precompiled by another process (pid: 0, pidfile: /home/stephenjordan_google_com/.julia/compiled/v1.12/QaoaXorsat/qgVWo_H0iNu.ji.pidfile)
  71528.0 ms  ✓ QaoaXorsat
  1 dependency successfully precompiled in 77 seconds. 52 already precompiled.
preserved run_id=20260401T022616-k5-d8-p10-15-r2-i320-s1234
preserved directory=/home/stephenjordan_google_com/qaoa-xorsat/scripts/../.project/results/optimization/runs/20260401T022616-k5-d8-p10-15-r2-i320-s1234
resuming from: /home/stephenjordan_google_com/qaoa-xorsat/.project/results/optimization/runs/20260331T232833-k5-d8-p1-15-r2-i320-s1234
warm-start from p=9: c̃=0.794470653795
[ Info: JIT warmup...
[ Info: JIT warmup complete, starting sweep
  p=10 start 2: 9 evals, 32.1s elapsed, c̃=0.5065382657, g_norm=1.36e-01
  p=10 start 2: 18 evals, 64.0s elapsed, c̃=0.5063994088, g_norm=4.97e-02
  p=10 start 2: 27 evals, 95.5s elapsed, c̃=0.5055616988, g_norm=5.89e-02
  p=10 start 2: 36 evals, 127.3s elapsed, c̃=0.5043106878, g_norm=3.18e-02
  p=10 start 2: 45 evals, 159.0s elapsed, c̃=0.5044897944, g_norm=7.87e-02
  p=10 start 2: 54 evals, 190.6s elapsed, c̃=0.5066426837, g_norm=5.42e-02
  p=10 start 2: 63 evals, 222.4s elapsed, c̃=0.5072768562, g_norm=5.92e-02
  p=10 start 2: 72 evals, 253.8s elapsed, c̃=0.5072768562, g_norm=5.92e-02
  p=10 start 2: 81 evals, 285.5s elapsed, c̃=0.5145236711, g_norm=1.34e-01
  p=10 start 2: 90 evals, 317.4s elapsed, c̃=0.5072768562, g_norm=5.92e-02
  p=10 start 2: 99 evals, 348.9s elapsed, c̃=0.5057214094, g_norm=4.38e-02
  p=10 start 2: 108 evals, 380.9s elapsed, c̃=0.5067612704, g_norm=8.61e-02
  p=10 start 2: 117 evals, 412.7s elapsed, c̃=0.5088795617, g_norm=1.20e-01
  p=10 start 2: 126 evals, 444.6s elapsed, c̃=0.5060920915, g_norm=4.69e-02
  p=10 start 2: 135 evals, 476.8s elapsed, c̃=0.5111202627, g_norm=9.92e-02
  p=10 start 2: 144 evals, 509.0s elapsed, c̃=0.5096418373, g_norm=8.56e-02
  p=10 start 2: 153 evals, 541.2s elapsed, c̃=0.5093229401, g_norm=1.18e-01
  p=10 start 2: 162 evals, 573.8s elapsed, c̃=0.5025834851, g_norm=2.11e-02
  p=10 start 2: 171 evals, 605.8s elapsed, c̃=0.5117250489, g_norm=1.16e-01
  p=10 start 2: 180 evals, 638.1s elapsed, c̃=0.5062993349, g_norm=7.49e-02
  p=10 start 2: 189 evals, 670.7s elapsed, c̃=0.5116972889, g_norm=1.99e-01
  p=10 start 2: 198 evals, 703.2s elapsed, c̃=0.5122748428, g_norm=1.27e-01
  p=10 start 2: 207 evals, 735.8s elapsed, c̃=0.5116972889, g_norm=1.99e-01
  p=10 start 2: 216 evals, 768.4s elapsed, c̃=0.5062754557, g_norm=7.07e-02
  p=10 start 2: 225 evals, 800.9s elapsed, c̃=0.5079168019, g_norm=8.30e-02
  p=10 start 2: 234 evals, 833.6s elapsed, c̃=0.5122748428, g_norm=1.27e-01
  p=10 start 2: 243 evals, 866.2s elapsed, c̃=0.5118412510, g_norm=1.09e-01
  p=10 start 2: 252 evals, 898.8s elapsed, c̃=0.5122748428, g_norm=1.27e-01
  p=10 start 2: 261 evals, 931.2s elapsed, c̃=0.5154129471, g_norm=1.90e-01
  p=10 start 2: 270 evals, 963.2s elapsed, c̃=0.5257740282, g_norm=2.97e-01
  p=10 start 2: 279 evals, 995.6s elapsed, c̃=0.5000000000, g_norm=9.63e-14
  p=10 start 2: 288 evals, 1028.2s elapsed, c̃=0.5226583163, g_norm=1.78e-01
  p=10 start 2: 297 evals, 1060.9s elapsed, c̃=0.5276000688, g_norm=7.86e-01
  p=10 start 2: 306 evals, 1093.1s elapsed, c̃=0.5597420859, g_norm=6.10e-01
  p=10 start 2: 315 evals, 1125.5s elapsed, c̃=0.4999999103, g_norm=6.03e-06
  p=10 start 2: 324 evals, 1158.0s elapsed, c̃=0.5006305508, g_norm=1.20e-02
  p=10 start 2: 333 evals, 1190.5s elapsed, c̃=0.5438538382, g_norm=5.94e-01
  p=10 start 2: 342 evals, 1222.7s elapsed, c̃=0.7087323150, g_norm=2.23e+00
  p=10 start 2: 351 evals, 1255.1s elapsed, c̃=0.5502993797, g_norm=4.56e-01
  p=10 start 2: 360 evals, 1287.6s elapsed, c̃=0.5860255461, g_norm=7.17e-01
  p=10 start 2: 369 evals, 1320.2s elapsed, c̃=0.6027587125, g_norm=9.98e-01
  p=10 start 2: 378 evals, 1352.6s elapsed, c̃=0.5446319148, g_norm=5.16e-01
  p=10 start 2: 387 evals, 1384.9s elapsed, c̃=0.5864869171, g_norm=8.64e-01
  p=10 start 2: 396 evals, 1417.3s elapsed, c̃=0.5619801465, g_norm=9.75e-01
  p=10 start 2: 405 evals, 1448.8s elapsed, c̃=0.6096765868, g_norm=8.21e-01
  p=10 start 2: 414 evals, 1480.3s elapsed, c̃=0.6358541093, g_norm=6.82e-01
  p=10 start 2: 423 evals, 1512.3s elapsed, c̃=0.6043963779, g_norm=7.28e-01
  p=10 start 2: 432 evals, 1544.6s elapsed, c̃=0.6120292417, g_norm=3.66e-01
  p=10 start 2: 441 evals, 1576.9s elapsed, c̃=0.6061237766, g_norm=1.06e+00
  p=10 start 2: 450 evals, 1609.5s elapsed, c̃=0.6034507510, g_norm=1.51e+00
  p=10 start 2: 459 evals, 1641.7s elapsed, c̃=0.6635744182, g_norm=1.03e+00
  p=10 start 2: 468 evals, 1674.3s elapsed, c̃=0.6311004202, g_norm=1.44e+00
  p=10 start 2: 477 evals, 1706.4s elapsed, c̃=0.6135025469, g_norm=1.23e+00
  p=10 start 2: 486 evals, 1738.8s elapsed, c̃=0.6101191532, g_norm=1.71e+00
  p=10 start 2: 495 evals, 1771.4s elapsed, c̃=0.5788734051, g_norm=9.35e-01
  p=10 start 2: 504 evals, 1803.8s elapsed, c̃=0.5606131652, g_norm=4.74e-01
  p=10 start 2: 513 evals, 1836.0s elapsed, c̃=0.5533509069, g_norm=1.20e+00
  p=10 start 2: 522 evals, 1868.4s elapsed, c̃=0.6397445559, g_norm=6.65e-01
  p=10 start 2: 531 evals, 1900.9s elapsed, c̃=0.5947060079, g_norm=1.39e+00
  p=10 start 2: 540 evals, 1933.3s elapsed, c̃=0.7969785629, g_norm=5.08e+00
  p=10 start 2: 549 evals, 1965.9s elapsed, c̃=0.5656619166, g_norm=3.76e-01
  p=10 start 2: 558 evals, 1998.2s elapsed, c̃=0.6590222826, g_norm=1.15e+00
  p=10 start 2: 567 evals, 2030.7s elapsed, c̃=0.5947222079, g_norm=5.61e-01
  p=10 start 2: 576 evals, 2062.9s elapsed, c̃=0.7319029421, g_norm=4.67e+00
  p=10 start 2: 585 evals, 2095.6s elapsed, c̃=0.7674299786, g_norm=3.79e+00
  p=10 start 2: 594 evals, 2128.0s elapsed, c̃=0.7319029421, g_norm=4.67e+00
  p=10 start 2: 603 evals, 2160.8s elapsed, c̃=0.7674299786, g_norm=3.79e+00
  p=10 start 2: 612 evals, 2193.3s elapsed, c̃=0.7770414990, g_norm=1.56e+00
  p=10 start 2: 621 evals, 2225.5s elapsed, c̃=0.7758811244, g_norm=3.96e+00
  p=10 start 2: 630 evals, 2257.7s elapsed, c̃=0.7770414990, g_norm=1.56e+00
  p=10 start 2: 639 evals, 2289.9s elapsed, c̃=0.7758811244, g_norm=3.96e+00
  p=10 start 2: 648 evals, 2322.5s elapsed, c̃=0.7770414990, g_norm=1.56e+00
  p=10 start 2: 657 evals, 2355.0s elapsed, c̃=0.7758811244, g_norm=3.96e+00
