Precompiling packages...
   3793.2 ms  ✓ QaoaXorsat
  1 dependency successfully precompiled in 9 seconds. 52 already precompiled.
preserved run_id=20260403T033810-k3-d5-p13-15-r2-i320-s1234
preserved directory=/home/stephenjordan_google_com/qaoa-xorsat/scripts/../.project/results/optimization/runs/20260403T033810-k3-d5-p13-15-r2-i320-s1234
resuming from: /home/stephenjordan_google_com/qaoa-xorsat/.project/results/optimization/runs/20260401T022726-k3-d5-p12-15-r2-i320-s1234
warm-start from p=12: c̃=0.839623756787
[ Info: JIT warmup...
[ Info: JIT warmup complete, starting sweep
  p=13 start 1: 2 evals, 363.9s elapsed, c̃=0.8233111155, g_norm=3.70e-01
  p=13 start 1: 3 evals, 747.7s elapsed, c̃=0.5396514254, g_norm=4.32e-01
  p=13 start 1: 4 evals, 1124.4s elapsed, c̃=0.7635833226, g_norm=6.24e-01
  p=13 start 1: 5 evals, 1501.9s elapsed, c̃=0.8343245815, g_norm=1.24e-01
  p=13 start 1: 6 evals, 1877.2s elapsed, c̃=0.8344425180, g_norm=1.23e-01
  p=13 start 1: 7 evals, 2256.0s elapsed, c̃=0.8371897128, g_norm=6.94e-02
  p=13 start 1: 8 evals, 2647.7s elapsed, c̃=0.8254678224, g_norm=2.53e-01
  p=13 start 1: 9 evals, 3057.9s elapsed, c̃=0.8383879656, g_norm=8.23e-02
  p=13 start 1: 10 evals, 3429.9s elapsed, c̃=0.8383442435, g_norm=8.31e-02
  p=13 start 1: 11 evals, 3804.4s elapsed, c̃=0.8401577190, g_norm=5.52e-02
  p=13 start 1: 12 evals, 4194.7s elapsed, c̃=0.8375035076, g_norm=1.41e-01
  p=13 start 1: 13 evals, 4582.8s elapsed, c̃=0.8406425512, g_norm=5.44e-02
  p=13 start 1: 14 evals, 4952.5s elapsed, c̃=0.8406736317, g_norm=5.24e-02
  p=13 start 1: 15 evals, 5342.4s elapsed, c̃=0.8419630619, g_norm=4.65e-02
  p=13 start 1: 16 evals, 5708.7s elapsed, c̃=0.8219110832, g_norm=2.91e-01
  p=13 start 1: 17 evals, 6090.9s elapsed, c̃=0.8414509191, g_norm=4.87e-02
  p=13 start 1: 18 evals, 6471.9s elapsed, c̃=0.8418218333, g_norm=2.84e-02
  p=13 start 1: 19 evals, 6868.0s elapsed, c̃=0.8406473715, g_norm=7.95e-02
  p=13 start 1: 20 evals, 7234.0s elapsed, c̃=0.8418971113, g_norm=3.41e-02
  p=13 start 1: 21 evals, 7628.9s elapsed, c̃=0.8422609019, g_norm=1.90e-02
  p=13 start 1: 22 evals, 8004.1s elapsed, c̃=0.8395396532, g_norm=8.20e-02
  p=13 start 1: 23 evals, 8382.4s elapsed, c̃=0.8416144796, g_norm=2.03e-02
  p=13 start 1: 24 evals, 8756.7s elapsed, c̃=0.8420338680, g_norm=2.14e-02
  p=13 start 1: 25 evals, 9132.3s elapsed, c̃=0.8423082693, g_norm=2.70e-02
  p=13 start 1: 26 evals, 9520.0s elapsed, c̃=0.8422849938, g_norm=2.21e-02
  p=13 start 1: 27 evals, 9925.0s elapsed, c̃=0.8420984666, g_norm=2.11e-02
  p=13 start 1: 28 evals, 10314.1s elapsed, c̃=0.8425310583, g_norm=1.82e-02
  p=13 start 1: 29 evals, 10679.3s elapsed, c̃=0.8424721757, g_norm=2.79e-02
  p=13 start 1: 30 evals, 11060.0s elapsed, c̃=0.8427626399, g_norm=2.17e-02
  p=13 start 1: 31 evals, 11437.1s elapsed, c̃=0.8423215834, g_norm=3.60e-02
  p=13 start 1: 32 evals, 11826.1s elapsed, c̃=0.8426454885, g_norm=2.43e-02
  p=13 start 1: 33 evals, 12205.3s elapsed, c̃=0.8430303012, g_norm=3.33e-02
  p=13 start 1: 34 evals, 12593.3s elapsed, c̃=0.8424387244, g_norm=2.22e-02
  p=13 start 1: 35 evals, 12994.9s elapsed, c̃=0.8424325549, g_norm=1.71e-02
  p=13 start 1: 36 evals, 13379.4s elapsed, c̃=0.8427961496, g_norm=1.92e-02
  p=13 start 1: 37 evals, 13782.4s elapsed, c̃=0.8426115914, g_norm=1.52e-02
  p=13 start 1: 38 evals, 14167.1s elapsed, c̃=0.8420490218, g_norm=2.53e-02
  p=13 start 1: 39 evals, 14552.0s elapsed, c̃=0.8425314185, g_norm=2.28e-02
  p=13 start 1: 40 evals, 14926.1s elapsed, c̃=0.8426255476, g_norm=2.05e-02
  p=13 start 1: 41 evals, 15339.4s elapsed, c̃=0.8428205575, g_norm=2.44e-02
  p=13 start 1: 42 evals, 15727.6s elapsed, c̃=0.8422936215, g_norm=1.84e-02
  p=13 start 1: 43 evals, 16119.3s elapsed, c̃=0.8421004057, g_norm=2.20e-02
  p=13 start 1: 44 evals, 16508.5s elapsed, c̃=0.8424037871, g_norm=2.80e-02
  p=13 start 1: 45 evals, 16890.5s elapsed, c̃=0.8426142289, g_norm=1.86e-02
  p=13 start 1: 46 evals, 17271.7s elapsed, c̃=0.8425828330, g_norm=2.24e-02
  p=13 start 1: 47 evals, 17654.9s elapsed, c̃=0.8423982675, g_norm=1.70e-02
  p=13 start 1: 48 evals, 18039.1s elapsed, c̃=0.8426080555, g_norm=2.87e-02
  p=13 start 1: 49 evals, 18422.5s elapsed, c̃=0.8425826100, g_norm=1.84e-02
  p=13 start 1: 50 evals, 18794.1s elapsed, c̃=0.8421434969, g_norm=2.19e-02
  p=13 start 1: 51 evals, 19174.3s elapsed, c̃=0.8430176117, g_norm=2.01e-02
  p=13 start 1: 52 evals, 19561.5s elapsed, c̃=0.8427730425, g_norm=3.33e-02
  p=13 start 1: 53 evals, 19956.1s elapsed, c̃=0.8425813382, g_norm=2.28e-02
  p=13 start 1: 54 evals, 20340.4s elapsed, c̃=0.8426357333, g_norm=3.44e-02
  p=13 start 1: 55 evals, 20724.2s elapsed, c̃=0.8426667027, g_norm=1.53e-02
  p=13 start 1: 56 evals, 21104.8s elapsed, c̃=0.8425447502, g_norm=1.58e-02
  p=13 start 1: 57 evals, 21497.4s elapsed, c̃=0.8425483040, g_norm=1.65e-02
  p=13 start 1: 58 evals, 21880.2s elapsed, c̃=0.8421746349, g_norm=1.35e-02
  p=13 start 1: 59 evals, 22265.1s elapsed, c̃=0.8426695432, g_norm=2.72e-02
  p=13 start 1: 60 evals, 22653.4s elapsed, c̃=0.8425937861, g_norm=2.09e-02
  p=13 start 1: 61 evals, 23038.3s elapsed, c̃=0.8423027372, g_norm=2.61e-02
  p=13 start 1: 62 evals, 23446.8s elapsed, c̃=0.8429362093, g_norm=1.66e-02
  p=13 start 1: 63 evals, 23847.0s elapsed, c̃=0.8425664635, g_norm=3.59e-02
  p=13 start 1: 64 evals, 24216.6s elapsed, c̃=0.8424647811, g_norm=2.25e-02
  p=13 start 1: 65 evals, 24606.2s elapsed, c̃=0.8422464368, g_norm=1.63e-02
  p=13 start 1: 66 evals, 24988.3s elapsed, c̃=0.8421747362, g_norm=1.70e-02
  p=13 start 1: 67 evals, 25374.1s elapsed, c̃=0.8425138477, g_norm=1.29e-02
  p=13 start 1: 68 evals, 25775.2s elapsed, c̃=0.8423201520, g_norm=1.95e-02
  p=13 start 1: 69 evals, 26132.6s elapsed, c̃=0.8426931840, g_norm=1.99e-02
  p=13 start 1: 70 evals, 26497.4s elapsed, c̃=0.8426498299, g_norm=1.33e-02
  p=13 start 1: 71 evals, 26882.8s elapsed, c̃=0.8425907291, g_norm=3.38e-02
  p=13 start 1: 72 evals, 27268.5s elapsed, c̃=0.8425786606, g_norm=2.40e-02
  p=13 start 1: 73 evals, 27655.8s elapsed, c̃=0.8422587376, g_norm=1.75e-02
  p=13 start 1: 74 evals, 28040.2s elapsed, c̃=0.8424348138, g_norm=2.18e-02
  p=13 start 1: 75 evals, 28415.1s elapsed, c̃=0.8429562071, g_norm=1.77e-02
  p=13 start 1: 76 evals, 28821.2s elapsed, c̃=0.8426590640, g_norm=1.70e-02
  p=13 start 1: 77 evals, 29208.3s elapsed, c̃=0.8421679929, g_norm=1.99e-02
  p=13 start 1: 78 evals, 29587.4s elapsed, c̃=0.8427818944, g_norm=2.23e-02
  p=13 start 1: 79 evals, 29969.5s elapsed, c̃=0.8423143755, g_norm=2.21e-02
  p=13 start 1: 80 evals, 30351.5s elapsed, c̃=0.8422699641, g_norm=1.73e-02
  p=13 start 1: 81 evals, 30737.0s elapsed, c̃=0.8420569692, g_norm=2.31e-02
  p=13 start 1: 82 evals, 31118.9s elapsed, c̃=0.8425604258, g_norm=1.71e-02
  p=13 start 1: 83 evals, 31511.2s elapsed, c̃=0.8429411611, g_norm=1.70e-02
  p=13 start 1: 84 evals, 31915.2s elapsed, c̃=0.8422095037, g_norm=2.32e-02
  p=13 start 1: 85 evals, 32289.5s elapsed, c̃=0.8423085211, g_norm=2.80e-02
  p=13 start 1: 86 evals, 32669.1s elapsed, c̃=0.8422908222, g_norm=1.62e-02
  p=13 start 1: 87 evals, 33090.9s elapsed, c̃=0.8426052437, g_norm=2.16e-02
  p=13 start 1: 88 evals, 33498.0s elapsed, c̃=0.8422818598, g_norm=1.51e-02
  p=13 start 1: 89 evals, 33864.3s elapsed, c̃=0.8424650902, g_norm=1.82e-02
  p=13 start 1: 90 evals, 34243.7s elapsed, c̃=0.8427904149, g_norm=1.97e-02
  p=13 start 1: 91 evals, 34626.3s elapsed, c̃=0.8425660696, g_norm=3.31e-02
  p=13 start 1: 92 evals, 35001.3s elapsed, c̃=0.8426965474, g_norm=1.82e-02
  p=13 start 1: 93 evals, 35378.3s elapsed, c̃=0.8428395961, g_norm=1.96e-02
  p=13 start 1: 94 evals, 35757.1s elapsed, c̃=0.8425137938, g_norm=1.70e-02
  p=13 start 1: 95 evals, 36143.4s elapsed, c̃=0.8427416170, g_norm=1.80e-02
  p=13 start 1: 96 evals, 36528.4s elapsed, c̃=0.8426227781, g_norm=2.34e-02
  p=13 start 1: 97 evals, 36921.3s elapsed, c̃=0.8428856240, g_norm=3.09e-02
  p=13 start 1: 98 evals, 37303.5s elapsed, c̃=0.8427585929, g_norm=1.73e-02
  p=13 start 1: 99 evals, 37685.6s elapsed, c̃=0.8426805987, g_norm=1.92e-02
  p=13 start 1: 100 evals, 38063.2s elapsed, c̃=0.8428469675, g_norm=3.00e-02
  p=13 start 1: 101 evals, 38448.7s elapsed, c̃=0.8428613989, g_norm=1.88e-02
  p=13 start 1: 102 evals, 38818.3s elapsed, c̃=0.8430249344, g_norm=2.36e-02
  p=13 start 1: 103 evals, 39199.4s elapsed, c̃=0.8428613989, g_norm=1.88e-02
  p=13 start 1: 104 evals, 39581.6s elapsed, c̃=0.8430249344, g_norm=2.36e-02
  p=13 start 1: 105 evals, 39981.3s elapsed, c̃=0.8428613989, g_norm=1.88e-02
  p=13 start 1: 106 evals, 40369.8s elapsed, c̃=0.8430249344, g_norm=2.36e-02
  p=13 start 1: 107 evals, 40754.5s elapsed, c̃=0.8428613989, g_norm=1.88e-02
  p=13 start 1: 108 evals, 41157.3s elapsed, c̃=0.8430249344, g_norm=2.36e-02
  p=13 start 1: 109 evals, 41547.1s elapsed, c̃=0.8428613989, g_norm=1.88e-02
  p=13 start 1: 110 evals, 41931.6s elapsed, c̃=0.8430249344, g_norm=2.36e-02
  p=13 start 1: 111 evals, 42311.8s elapsed, c̃=0.8428613989, g_norm=1.88e-02
  p=13 start 1: 112 evals, 42702.0s elapsed, c̃=0.8430249344, g_norm=2.36e-02
  p=13 start 1: 113 evals, 43074.3s elapsed, c̃=0.8428613989, g_norm=1.88e-02
  p=13 start 1: 114 evals, 43427.3s elapsed, c̃=0.8430249344, g_norm=2.36e-02
  p=13 start 1: 115 evals, 43842.9s elapsed, c̃=0.8428613989, g_norm=1.88e-02
  p=13 start 1: 116 evals, 44199.7s elapsed, c̃=0.8430249344, g_norm=2.36e-02
  p=13 start 1: 117 evals, 44583.2s elapsed, c̃=0.8428613989, g_norm=1.88e-02
  p=13 start 1: 118 evals, 44966.4s elapsed, c̃=0.8430249344, g_norm=2.36e-02
  p=13 start 1: 119 evals, 45359.8s elapsed, c̃=0.8428613989, g_norm=1.88e-02
  p=13 start 1: 120 evals, 45768.4s elapsed, c̃=0.8430249344, g_norm=2.36e-02
  p=13 start 1: 121 evals, 46160.7s elapsed, c̃=0.8428613989, g_norm=1.88e-02
  p=13 start 1: 122 evals, 46545.7s elapsed, c̃=0.8430249344, g_norm=2.36e-02
  p=13 start 1: 123 evals, 46927.6s elapsed, c̃=0.8428613989, g_norm=1.88e-02
  p=13 start 1: 124 evals, 47312.5s elapsed, c̃=0.8430249344, g_norm=2.36e-02
  p=13 start 1: 125 evals, 47691.9s elapsed, c̃=0.8428613989, g_norm=1.88e-02
  p=13 start 1: 126 evals, 48077.5s elapsed, c̃=0.8430249344, g_norm=2.36e-02
  p=13 start 1: 127 evals, 48458.2s elapsed, c̃=0.8428613989, g_norm=1.88e-02
  p=13 start 1: 128 evals, 48842.1s elapsed, c̃=0.8430249344, g_norm=2.36e-02
  p=13 start 1: 129 evals, 49223.2s elapsed, c̃=0.8424002204, g_norm=2.32e-02
  p=13 start 1: 130 evals, 49613.9s elapsed, c̃=0.8423773623, g_norm=2.33e-02
  p=13 start 1: 131 evals, 49985.0s elapsed, c̃=0.8425476595, g_norm=2.09e-02
  p=13 start 1: 132 evals, 50364.5s elapsed, c̃=0.8423973975, g_norm=2.02e-02
  p=13 start 1: 133 evals, 50747.6s elapsed, c̃=0.8426215625, g_norm=1.34e-02
  p=13 start 1: 134 evals, 51133.8s elapsed, c̃=0.8426496109, g_norm=1.94e-02
  p=13 start 1: 135 evals, 51521.6s elapsed, c̃=0.8425391423, g_norm=2.36e-02
  p=13 start 1: 136 evals, 51904.0s elapsed, c̃=0.8423861447, g_norm=1.87e-02
  p=13 start 1: 137 evals, 52290.4s elapsed, c̃=0.8428221240, g_norm=2.40e-02
  p=13 start 1: 138 evals, 52662.8s elapsed, c̃=0.8419807802, g_norm=1.53e-02
  p=13 start 1: 139 evals, 53016.0s elapsed, c̃=0.8425515124, g_norm=2.64e-02
  p=13 start 1: 140 evals, 53400.1s elapsed, c̃=0.8425313379, g_norm=1.86e-02
  p=13 start 1: 141 evals, 53781.8s elapsed, c̃=0.8426343588, g_norm=1.60e-02
  p=13 start 1: 142 evals, 54168.3s elapsed, c̃=0.8425885763, g_norm=2.51e-02
  p=13 start 1: 143 evals, 54561.0s elapsed, c̃=0.8426639090, g_norm=1.82e-02
  p=13 start 1: 144 evals, 54944.3s elapsed, c̃=0.8422396571, g_norm=2.31e-02
  p=13 start 1: 145 evals, 55333.6s elapsed, c̃=0.8422279151, g_norm=1.89e-02
  p=13 start 1: 146 evals, 55734.6s elapsed, c̃=0.8424315216, g_norm=2.40e-02
  p=13 start 1: 147 evals, 56119.4s elapsed, c̃=0.8425449833, g_norm=1.93e-02
  p=13 start 1: 148 evals, 56498.9s elapsed, c̃=0.8424083023, g_norm=1.98e-02
  p=13 start 1: 149 evals, 56890.2s elapsed, c̃=0.8420840236, g_norm=1.53e-02
  p=13 start 1: 150 evals, 57271.6s elapsed, c̃=0.8425946491, g_norm=1.89e-02
  p=13 start 1: 151 evals, 57660.7s elapsed, c̃=0.8424021551, g_norm=2.38e-02
  p=13 start 1: 152 evals, 58049.3s elapsed, c̃=0.8424491815, g_norm=2.84e-02
  p=13 start 1: 153 evals, 58435.8s elapsed, c̃=0.8428948044, g_norm=3.04e-02
  p=13 start 1: 154 evals, 58815.5s elapsed, c̃=0.8425080175, g_norm=2.95e-02
  p=13 start 1: 155 evals, 59193.6s elapsed, c̃=0.8429059475, g_norm=1.96e-02
  p=13 start 1: 156 evals, 59576.1s elapsed, c̃=0.8423342744, g_norm=1.36e-02
  p=13 start 1: 157 evals, 59988.1s elapsed, c̃=0.8426711941, g_norm=2.64e-02
  p=13 start 1: 158 evals, 60368.0s elapsed, c̃=0.8427898770, g_norm=1.85e-02
  p=13 start 1: 159 evals, 60746.0s elapsed, c̃=0.8421731051, g_norm=2.49e-02
  p=13 start 1: 160 evals, 61133.3s elapsed, c̃=0.8423452063, g_norm=1.64e-02
  p=13 start 1: 161 evals, 61512.8s elapsed, c̃=0.8425784700, g_norm=2.00e-02
  p=13 start 1: 162 evals, 61894.9s elapsed, c̃=0.8422508191, g_norm=1.78e-02
  p=13 start 1: 163 evals, 62275.9s elapsed, c̃=0.8422894860, g_norm=2.40e-02
  p=13 start 1: 164 evals, 62662.3s elapsed, c̃=0.8424647136, g_norm=1.60e-02
  p=13 start 1: 165 evals, 63040.9s elapsed, c̃=0.8426849093, g_norm=1.38e-02
  p=13 start 1: 166 evals, 63441.0s elapsed, c̃=0.8427094257, g_norm=1.71e-02
  p=13 start 1: 167 evals, 63838.6s elapsed, c̃=0.8431934470, g_norm=2.11e-02
  p=13 start 1: 168 evals, 64220.7s elapsed, c̃=0.8425305131, g_norm=2.16e-02
  p=13 start 1: 169 evals, 64609.3s elapsed, c̃=0.8425169122, g_norm=2.07e-02
  p=13 start 1: 170 evals, 64989.2s elapsed, c̃=0.8430966040, g_norm=1.96e-02
  p=13 start 1: 171 evals, 65363.9s elapsed, c̃=0.8426351156, g_norm=1.41e-02
  p=13 start 1: 172 evals, 65758.7s elapsed, c̃=0.8426442819, g_norm=2.03e-02
  p=13 start 1: 173 evals, 66124.2s elapsed, c̃=0.8429726178, g_norm=1.85e-02
  p=13 start 1: 174 evals, 66516.5s elapsed, c̃=0.8431212745, g_norm=2.04e-02
  p=13 start 1: 175 evals, 66902.7s elapsed, c̃=0.8431086642, g_norm=2.17e-02
  p=13 start 1: 176 evals, 67291.8s elapsed, c̃=0.8431448131, g_norm=2.49e-02
  p=13 start 1: 177 evals, 67665.1s elapsed, c̃=0.8431699276, g_norm=2.13e-02
  p=13 start 1: 178 evals, 68056.9s elapsed, c̃=0.8431112495, g_norm=1.96e-02
  p=13 start 1: 179 evals, 68443.5s elapsed, c̃=0.8429726178, g_norm=1.85e-02
  p=13 start 1: 180 evals, 68815.9s elapsed, c̃=0.8431112495, g_norm=1.96e-02
  p=13 start 1: 181 evals, 69199.2s elapsed, c̃=0.8429726178, g_norm=1.85e-02
  p=13 start 1: 182 evals, 69605.1s elapsed, c̃=0.8431112495, g_norm=1.96e-02
  p=13 start 1: 183 evals, 69981.8s elapsed, c̃=0.8429726178, g_norm=1.85e-02
  p=13 start 1: 184 evals, 70367.9s elapsed, c̃=0.8431112495, g_norm=1.96e-02
  p=13 start 1: 185 evals, 70753.9s elapsed, c̃=0.8429726178, g_norm=1.85e-02
  p=13 start 1: 186 evals, 71135.8s elapsed, c̃=0.8431112495, g_norm=1.96e-02
  p=13 start 1: 187 evals, 71508.9s elapsed, c̃=0.8429726178, g_norm=1.85e-02
  p=13 start 1: 188 evals, 71890.1s elapsed, c̃=0.8431112495, g_norm=1.96e-02
  p=13 start 1: 189 evals, 72276.7s elapsed, c̃=0.8429726178, g_norm=1.85e-02
  p=13 start 1: 190 evals, 72669.0s elapsed, c̃=0.8431112495, g_norm=1.96e-02
  p=13 start 1: 191 evals, 73065.5s elapsed, c̃=0.8429726178, g_norm=1.85e-02
  p=13 start 1: 192 evals, 73455.3s elapsed, c̃=0.8431112495, g_norm=1.96e-02
  p=13 start 1: 193 evals, 73841.6s elapsed, c̃=0.8429726178, g_norm=1.85e-02
  p=13 start 1: 194 evals, 74227.5s elapsed, c̃=0.8431112495, g_norm=1.96e-02
  p=13 start 1: 195 evals, 74610.1s elapsed, c̃=0.8429726178, g_norm=1.85e-02
  p=13 start 1: 196 evals, 74992.2s elapsed, c̃=0.8431112495, g_norm=1.96e-02
  p=13 start 1: 197 evals, 75384.9s elapsed, c̃=0.8429726178, g_norm=1.85e-02
  p=13 start 1: 198 evals, 75762.4s elapsed, c̃=0.8431112495, g_norm=1.96e-02
  p=13 start 1: 199 evals, 76146.8s elapsed, c̃=0.8429726178, g_norm=1.85e-02
  p=13 start 1: 200 evals, 76525.6s elapsed, c̃=0.8431112495, g_norm=1.96e-02
  p=13 start 1: 201 evals, 76912.2s elapsed, c̃=0.8413625988, g_norm=5.37e-02
  p=13 start 1: 202 evals, 77290.5s elapsed, c̃=0.8423742110, g_norm=2.54e-02
  p=13 start 1: 203 evals, 77681.1s elapsed, c̃=0.8428714505, g_norm=1.96e-02
  p=13 start 1: 204 evals, 78051.9s elapsed, c̃=0.8426449135, g_norm=1.80e-02
  p=13 start 1: 205 evals, 78433.4s elapsed, c̃=0.8425182807, g_norm=1.92e-02
  p=13 start 1: 206 evals, 78827.4s elapsed, c̃=0.8424863881, g_norm=2.44e-02
  p=13 start 1: 207 evals, 79207.4s elapsed, c̃=0.8425978390, g_norm=2.17e-02
  p=13 start 1: 208 evals, 79588.3s elapsed, c̃=0.8425688500, g_norm=1.85e-02
  p=13 start 1: 209 evals, 79971.3s elapsed, c̃=0.8418166354, g_norm=1.46e-02
  p=13 start 1: 210 evals, 80380.3s elapsed, c̃=0.8427238961, g_norm=2.07e-02
  p=13 start 1: 211 evals, 80762.7s elapsed, c̃=0.8429782736, g_norm=1.34e-02
  p=13 start 1: 212 evals, 81168.6s elapsed, c̃=0.8425922070, g_norm=2.81e-02
  p=13 start 1: 213 evals, 81567.5s elapsed, c̃=0.8427218139, g_norm=1.35e-02
  p=13 start 1: 214 evals, 81929.0s elapsed, c̃=0.8428905532, g_norm=2.24e-02
  p=13 start 1: 215 evals, 82308.6s elapsed, c̃=0.8424312331, g_norm=1.95e-02
  p=13 start 1: 216 evals, 82693.9s elapsed, c̃=0.8426447569, g_norm=1.37e-02
  p=13 start 1: 217 evals, 83080.9s elapsed, c̃=0.8424015801, g_norm=2.25e-02
  p=13 start 1: 218 evals, 83489.5s elapsed, c̃=0.8426300741, g_norm=1.63e-02
  p=13 start 1: 219 evals, 83871.0s elapsed, c̃=0.8428249240, g_norm=2.77e-02
  p=13 start 1: 220 evals, 84249.9s elapsed, c̃=0.8426728550, g_norm=1.96e-02
  p=13 start 1: 221 evals, 84635.1s elapsed, c̃=0.8425033049, g_norm=2.34e-02
  p=13 start 1: 222 evals, 85041.9s elapsed, c̃=0.8426019407, g_norm=1.59e-02
  p=13 start 1: 223 evals, 85423.0s elapsed, c̃=0.8422206253, g_norm=2.21e-02
  p=13 start 1: 224 evals, 85809.5s elapsed, c̃=0.8425360131, g_norm=1.64e-02
  p=13 start 1: 225 evals, 86190.7s elapsed, c̃=0.8421038780, g_norm=1.30e-02
  p=13 start 1: 226 evals, 86573.7s elapsed, c̃=0.8423572617, g_norm=2.00e-02
  p=13 start 1: 227 evals, 86957.4s elapsed, c̃=0.8425316613, g_norm=2.40e-02
  p=13 start 1: 228 evals, 87336.4s elapsed, c̃=0.8425857747, g_norm=1.96e-02
  p=13 start 1: 229 evals, 87717.2s elapsed, c̃=0.8421074710, g_norm=1.96e-02
  p=13 start 1: 230 evals, 88103.2s elapsed, c̃=0.8422986808, g_norm=3.02e-02
  p=13 start 1: 231 evals, 88481.0s elapsed, c̃=0.8429153371, g_norm=2.95e-02
  p=13 start 1: 232 evals, 88852.6s elapsed, c̃=0.8427165294, g_norm=1.93e-02
  p=13 start 1: 233 evals, 89243.4s elapsed, c̃=0.8427872064, g_norm=1.86e-02
  p=13 start 1: 234 evals, 89651.4s elapsed, c̃=0.8423237196, g_norm=1.77e-02
  p=13 start 1: 235 evals, 90049.3s elapsed, c̃=0.8422827025, g_norm=2.50e-02
  p=13 start 1: 236 evals, 90429.1s elapsed, c̃=0.8426613789, g_norm=1.21e-02
  p=13 start 1: 237 evals, 90812.9s elapsed, c̃=0.8426073121, g_norm=2.22e-02
  p=13 start 1: 238 evals, 91194.3s elapsed, c̃=0.8427385466, g_norm=1.80e-02
  p=13 start 1: 239 evals, 91569.0s elapsed, c̃=0.8426180312, g_norm=1.31e-02
  p=13 start 1: 240 evals, 91960.1s elapsed, c̃=0.8425436885, g_norm=2.96e-02
  p=13 start 1: 241 evals, 92348.9s elapsed, c̃=0.8425788255, g_norm=1.31e-02
  p=13 start 1: 242 evals, 92741.4s elapsed, c̃=0.8424811689, g_norm=1.58e-02
  p=13 start 1: 243 evals, 93117.7s elapsed, c̃=0.8424930214, g_norm=1.82e-02
  p=13 start 1: 244 evals, 93488.1s elapsed, c̃=0.8431017827, g_norm=1.59e-02
  p=13 start 1: 245 evals, 93868.2s elapsed, c̃=0.8428227669, g_norm=2.11e-02
  p=13 start 1: 246 evals, 94253.9s elapsed, c̃=0.8428721558, g_norm=1.75e-02
  p=13 start 1: 247 evals, 94635.1s elapsed, c̃=0.8429757026, g_norm=2.26e-02
  p=13 start 1: 248 evals, 95031.9s elapsed, c̃=0.8429825336, g_norm=2.63e-02
  p=13 start 1: 249 evals, 95391.2s elapsed, c̃=0.8430201146, g_norm=2.69e-02
  p=13 start 1: 250 evals, 95765.1s elapsed, c̃=0.8429916333, g_norm=1.92e-02
  p=13 start 1: 251 evals, 96149.5s elapsed, c̃=0.8430751725, g_norm=2.84e-02
  p=13 start 1: 252 evals, 96527.5s elapsed, c̃=0.8430551292, g_norm=1.86e-02
  p=13 start 1: 253 evals, 96916.8s elapsed, c̃=0.8431112495, g_norm=1.96e-02
  p=13 start 1: 254 evals, 97307.5s elapsed, c̃=0.8430551292, g_norm=1.86e-02
  p=13 start 1: 255 evals, 97696.7s elapsed, c̃=0.8431112495, g_norm=1.96e-02
  p=13 start 1: 256 evals, 98072.6s elapsed, c̃=0.8430551292, g_norm=1.86e-02
  p=13 start 1: 257 evals, 98465.9s elapsed, c̃=0.8431112495, g_norm=1.96e-02
  p=13 start 1: 258 evals, 98847.1s elapsed, c̃=0.8430551292, g_norm=1.86e-02
  p=13 start 1: 259 evals, 99225.0s elapsed, c̃=0.8431112495, g_norm=1.96e-02
  p=13 start 1: 260 evals, 99610.4s elapsed, c̃=0.8430551292, g_norm=1.86e-02
  p=13 start 1: 261 evals, 100007.6s elapsed, c̃=0.8431112495, g_norm=1.96e-02
  p=13 start 1: 262 evals, 100386.6s elapsed, c̃=0.8430551292, g_norm=1.86e-02
  p=13 start 1: 263 evals, 100773.6s elapsed, c̃=0.8431112495, g_norm=1.96e-02
  p=13 start 1: 264 evals, 101164.3s elapsed, c̃=0.8430551292, g_norm=1.86e-02
  p=13 start 1: 265 evals, 101554.8s elapsed, c̃=0.8431112495, g_norm=1.96e-02
  p=13 start 1: 266 evals, 101962.9s elapsed, c̃=0.8430551292, g_norm=1.86e-02
  p=13 start 1: 267 evals, 102341.7s elapsed, c̃=0.8431112495, g_norm=1.96e-02
  p=13 start 1: 268 evals, 102742.8s elapsed, c̃=0.8430551292, g_norm=1.86e-02
  p=13 start 1: 269 evals, 103133.0s elapsed, c̃=0.8431112495, g_norm=1.96e-02
  p=13 start 1: 270 evals, 103518.9s elapsed, c̃=0.8430551292, g_norm=1.86e-02
  p=13 start 1: 271 evals, 103907.2s elapsed, c̃=0.8431112495, g_norm=1.96e-02
  p=13 start 1: 272 evals, 104288.8s elapsed, c̃=0.8430551292, g_norm=1.86e-02
  p=13 start 1: 273 evals, 104670.0s elapsed, c̃=0.8431112495, g_norm=1.96e-02
  p=13 start 1: 274 evals, 105068.2s elapsed, c̃=0.8430551292, g_norm=1.86e-02
  p=13 start 1: 275 evals, 105452.2s elapsed, c̃=0.8431112495, g_norm=1.96e-02
  p=13 start 1: 276 evals, 105830.0s elapsed, c̃=0.8430551292, g_norm=1.86e-02
  p=13 start 1: 277 evals, 106212.1s elapsed, c̃=0.8431112495, g_norm=1.96e-02
  p=13 start 1: 278 evals, 106592.9s elapsed, c̃=0.8430551292, g_norm=1.86e-02
  p=13 start 1: 279 evals, 106978.3s elapsed, c̃=0.8431112495, g_norm=1.96e-02
  p=13 start 1: 280 evals, 107368.3s elapsed, c̃=0.8430551292, g_norm=1.86e-02
  p=13 start 1: 281 evals, 107757.2s elapsed, c̃=0.8431112495, g_norm=1.96e-02
  p=13 start 1: 282 evals, 108147.6s elapsed, c̃=0.8430551292, g_norm=1.86e-02
  p=14 start 1: 2 evals, 1756.5s elapsed, c̃=0.8315810956, g_norm=3.16e-01
  p=14 start 1: 3 evals, 3556.3s elapsed, c̃=0.5658834647, g_norm=3.17e-01
  p=14 start 1: 4 evals, 5391.1s elapsed, c̃=0.6899791097, g_norm=4.83e-01
  p=14 start 1: 5 evals, 7150.6s elapsed, c̃=0.7940287835, g_norm=3.38e-01
  p=14 start 1: 6 evals, 9028.9s elapsed, c̃=0.8288325817, g_norm=3.52e-01
  p=14 start 1: 7 evals, 10815.6s elapsed, c̃=0.8353493107, g_norm=3.70e-01
  p=14 start 1: 8 evals, 12568.6s elapsed, c̃=0.8368123331, g_norm=1.54e-01
  p=14 start 1: 9 evals, 14374.0s elapsed, c̃=0.8375110530, g_norm=2.01e-01
  p=14 start 1: 10 evals, 16147.7s elapsed, c̃=0.8401006326, g_norm=1.67e-01
  p=14 start 1: 11 evals, 17904.7s elapsed, c̃=0.8398998188, g_norm=2.12e-01
  p=14 start 1: 12 evals, 19554.1s elapsed, c̃=0.8396862368, g_norm=2.72e-01
  p=14 start 1: 13 evals, 21350.6s elapsed, c̃=0.8304911560, g_norm=1.45e-01
  p=14 start 1: 14 evals, 23117.4s elapsed, c̃=0.8361920985, g_norm=1.68e-01
  p=14 start 1: 15 evals, 24917.3s elapsed, c̃=0.8393176228, g_norm=1.89e-01
  p=14 start 1: 16 evals, 26853.3s elapsed, c̃=0.8380124689, g_norm=2.02e-01
  p=14 start 1: 17 evals, 28605.6s elapsed, c̃=0.8379524474, g_norm=2.73e-01
  p=14 start 1: 18 evals, 30468.8s elapsed, c̃=0.8377476743, g_norm=3.43e-01
  p=14 start 1: 19 evals, 32328.3s elapsed, c̃=0.8381629197, g_norm=2.70e-01
  p=14 start 1: 20 evals, 34114.7s elapsed, c̃=0.8363892882, g_norm=3.02e-01
  p=14 start 1: 21 evals, 36049.7s elapsed, c̃=0.8378424675, g_norm=1.95e-01
  p=14 start 1: 22 evals, 37837.0s elapsed, c̃=0.8365040068, g_norm=3.19e-01
  p=14 start 1: 23 evals, 39488.6s elapsed, c̃=0.8351519057, g_norm=2.07e-01
  p=14 start 1: 24 evals, 41315.3s elapsed, c̃=0.8373561333, g_norm=3.26e-01
  p=14 start 1: 25 evals, 43163.0s elapsed, c̃=0.8378857217, g_norm=1.85e-01
  p=14 start 1: 26 evals, 44965.7s elapsed, c̃=0.8331369294, g_norm=1.62e-01
  p=14 start 1: 27 evals, 46807.0s elapsed, c̃=0.8384657196, g_norm=1.84e-01
  p=14 start 1: 28 evals, 48548.3s elapsed, c̃=0.8375093924, g_norm=2.42e-01
  p=14 start 1: 29 evals, 50304.2s elapsed, c̃=0.8386612263, g_norm=2.53e-01
  p=14 start 1: 30 evals, 52110.8s elapsed, c̃=0.8340793309, g_norm=3.63e-01
  p=14 start 1: 31 evals, 53877.0s elapsed, c̃=0.8378825183, g_norm=2.09e-01
  p=14 start 1: 32 evals, 55746.6s elapsed, c̃=0.8374511162, g_norm=3.33e-01
  p=14 start 1: 33 evals, 57505.8s elapsed, c̃=0.8357957053, g_norm=1.91e-01
  p=14 start 1: 34 evals, 59287.1s elapsed, c̃=0.8382581297, g_norm=2.67e-01
  p=14 start 1: 35 evals, 61087.7s elapsed, c̃=0.8345823913, g_norm=2.12e-01
  p=14 start 1: 36 evals, 62809.0s elapsed, c̃=0.8303775777, g_norm=2.06e-01
  p=14 start 1: 37 evals, 64590.8s elapsed, c̃=0.8348359566, g_norm=1.74e-01
  p=14 start 1: 38 evals, 66381.3s elapsed, c̃=0.8371156868, g_norm=3.63e-01
  p=14 start 1: 39 evals, 68129.0s elapsed, c̃=0.8397168192, g_norm=3.21e-01
  p=14 start 1: 40 evals, 69943.1s elapsed, c̃=0.8376611792, g_norm=1.77e-01
  p=14 start 1: 41 evals, 71830.7s elapsed, c̃=0.8392631899, g_norm=2.40e-01
  p=14 start 1: 42 evals, 73594.5s elapsed, c̃=0.8371665488, g_norm=2.81e-01
  p=14 start 1: 43 evals, 75317.3s elapsed, c̃=0.8367403330, g_norm=3.21e-01
  p=14 start 1: 44 evals, 77119.4s elapsed, c̃=0.8382917664, g_norm=2.58e-01
  p=14 start 1: 45 evals, 78865.4s elapsed, c̃=0.8379171514, g_norm=2.41e-01
  p=14 start 1: 46 evals, 80600.7s elapsed, c̃=0.8370795381, g_norm=2.21e-01
  p=14 start 1: 47 evals, 82333.7s elapsed, c̃=0.8376891854, g_norm=1.68e-01
  p=14 start 1: 48 evals, 84095.6s elapsed, c̃=0.8389124330, g_norm=2.06e-01
  p=14 start 1: 49 evals, 85833.8s elapsed, c̃=0.8349148281, g_norm=3.85e-01
  p=14 start 1: 50 evals, 87615.3s elapsed, c̃=0.8376163687, g_norm=3.34e-01
  p=14 start 1: 51 evals, 89374.4s elapsed, c̃=0.8343621344, g_norm=2.18e-01
  p=14 start 1: 52 evals, 91131.9s elapsed, c̃=0.8298668603, g_norm=2.57e-01
  p=14 start 1: 53 evals, 92870.6s elapsed, c̃=0.8389872131, g_norm=2.28e-01
  p=14 start 1: 54 evals, 94744.6s elapsed, c̃=0.8384132616, g_norm=1.38e-01
  p=14 start 1: 55 evals, 96524.1s elapsed, c̃=0.8389600443, g_norm=2.50e-01
  p=14 start 1: 56 evals, 98304.7s elapsed, c̃=0.8383342844, g_norm=2.46e-01
  p=14 start 1: 57 evals, 100024.9s elapsed, c̃=0.8352596890, g_norm=2.15e-01
  p=14 start 1: 58 evals, 101848.0s elapsed, c̃=0.8364362475, g_norm=2.52e-01
  p=14 start 1: 59 evals, 103607.3s elapsed, c̃=0.8367286116, g_norm=2.07e-01
  p=14 start 1: 60 evals, 105388.1s elapsed, c̃=0.8386298724, g_norm=2.71e-01
  p=14 start 1: 61 evals, 107237.8s elapsed, c̃=0.8402765429, g_norm=1.84e-01
  p=14 start 1: 62 evals, 109176.6s elapsed, c̃=0.8388486164, g_norm=1.51e-01
  p=14 start 1: 63 evals, 110911.1s elapsed, c̃=0.8412239371, g_norm=2.17e-01
  p=14 start 1: 64 evals, 112675.8s elapsed, c̃=0.8392413601, g_norm=2.11e-01
  p=14 start 1: 65 evals, 114317.2s elapsed, c̃=0.8390754319, g_norm=2.30e-01
  p=14 start 1: 66 evals, 116106.6s elapsed, c̃=0.8391439227, g_norm=1.75e-01
  p=14 start 1: 67 evals, 117905.4s elapsed, c̃=0.8398543813, g_norm=1.81e-01
  p=14 start 1: 68 evals, 119702.9s elapsed, c̃=0.8402493694, g_norm=2.20e-01
  p=14 start 1: 69 evals, 121523.0s elapsed, c̃=0.8398543813, g_norm=1.81e-01
  p=14 start 1: 70 evals, 123295.4s elapsed, c̃=0.8402493694, g_norm=2.20e-01
  p=14 start 1: 71 evals, 125114.0s elapsed, c̃=0.8398543813, g_norm=1.81e-01
  p=14 start 1: 72 evals, 126902.5s elapsed, c̃=0.8402493694, g_norm=2.20e-01
  p=14 start 1: 73 evals, 128631.7s elapsed, c̃=0.8398543813, g_norm=1.81e-01
  p=14 start 1: 74 evals, 130485.8s elapsed, c̃=0.8402493694, g_norm=2.20e-01
  p=14 start 1: 75 evals, 132315.8s elapsed, c̃=0.8398543813, g_norm=1.81e-01
  p=14 start 1: 76 evals, 134169.7s elapsed, c̃=0.8402493694, g_norm=2.20e-01
  p=14 start 1: 77 evals, 135813.4s elapsed, c̃=0.8398543813, g_norm=1.81e-01
  p=14 start 1: 78 evals, 137585.9s elapsed, c̃=0.8402493694, g_norm=2.20e-01
  p=14 start 1: 79 evals, 139462.5s elapsed, c̃=0.8398543813, g_norm=1.81e-01
  p=14 start 1: 80 evals, 141264.7s elapsed, c̃=0.8402493694, g_norm=2.20e-01
  p=14 start 1: 81 evals, 143112.4s elapsed, c̃=0.8398543813, g_norm=1.81e-01
  p=14 start 1: 82 evals, 144948.6s elapsed, c̃=0.8402493694, g_norm=2.20e-01
  p=14 start 1: 83 evals, 146749.8s elapsed, c̃=0.8398543813, g_norm=1.81e-01
  p=14 start 1: 84 evals, 148536.1s elapsed, c̃=0.8402493694, g_norm=2.20e-01
  p=14 start 1: 85 evals, 150304.1s elapsed, c̃=0.8398543813, g_norm=1.81e-01
  p=14 start 1: 86 evals, 152063.2s elapsed, c̃=0.8402493694, g_norm=2.20e-01
  p=14 start 1: 87 evals, 153874.1s elapsed, c̃=0.8398543813, g_norm=1.81e-01
  p=14 start 1: 88 evals, 155658.6s elapsed, c̃=0.8402493694, g_norm=2.20e-01
  p=14 start 1: 89 evals, 157409.4s elapsed, c̃=0.8398543813, g_norm=1.81e-01
  p=14 start 1: 90 evals, 159169.4s elapsed, c̃=0.8402493694, g_norm=2.20e-01
  p=14 start 1: 91 evals, 160917.8s elapsed, c̃=0.8398543813, g_norm=1.81e-01
  p=14 start 1: 92 evals, 162724.8s elapsed, c̃=0.8402493694, g_norm=2.20e-01
  p=14 start 1: 93 evals, 164511.2s elapsed, c̃=0.8398543813, g_norm=1.81e-01
  p=14 start 1: 94 evals, 166378.4s elapsed, c̃=0.8402493694, g_norm=2.20e-01
  p=14 start 1: 95 evals, 168304.4s elapsed, c̃=0.8398543813, g_norm=1.81e-01
  p=14 start 1: 96 evals, 170184.6s elapsed, c̃=0.8402493694, g_norm=2.20e-01
  p=14 start 1: 97 evals, 171958.0s elapsed, c̃=0.8398543813, g_norm=1.81e-01
  p=14 start 1: 98 evals, 173714.3s elapsed, c̃=0.8402493694, g_norm=2.20e-01
  p=14 start 1: 99 evals, 175481.7s elapsed, c̃=0.8398543813, g_norm=1.81e-01
  p=14 start 1: 100 evals, 177292.4s elapsed, c̃=0.8402493694, g_norm=2.20e-01
  p=14 start 1: 101 evals, 179087.0s elapsed, c̃=0.8398543813, g_norm=1.81e-01
  p=14 start 1: 102 evals, 180845.2s elapsed, c̃=0.8402493694, g_norm=2.20e-01
  p=14 start 1: 103 evals, 182673.4s elapsed, c̃=0.8386129595, g_norm=2.13e-01
  p=14 start 1: 104 evals, 184473.8s elapsed, c̃=0.8342785904, g_norm=1.62e-01
  p=14 start 1: 105 evals, 186259.5s elapsed, c̃=0.8359753517, g_norm=1.71e-01
  p=14 start 1: 106 evals, 188060.2s elapsed, c̃=0.8342179121, g_norm=1.83e-01
  p=14 start 1: 107 evals, 189850.4s elapsed, c̃=0.8342444950, g_norm=1.93e-01
  p=14 start 1: 108 evals, 191697.4s elapsed, c̃=0.8354938149, g_norm=2.50e-01
  p=14 start 1: 109 evals, 193574.8s elapsed, c̃=0.8364755923, g_norm=2.89e-01
  p=14 start 1: 110 evals, 195380.8s elapsed, c̃=0.8373615903, g_norm=1.34e-01
  p=14 start 1: 111 evals, 197157.6s elapsed, c̃=0.8362746059, g_norm=1.36e-01
  p=14 start 1: 112 evals, 198894.5s elapsed, c̃=0.8388609016, g_norm=2.31e-01
  p=14 start 1: 113 evals, 200757.6s elapsed, c̃=0.8348244399, g_norm=1.65e-01
  p=14 start 1: 114 evals, 202536.8s elapsed, c̃=0.8341960393, g_norm=1.74e-01
  p=14 start 1: 115 evals, 204288.6s elapsed, c̃=0.8350537152, g_norm=3.08e-01
  p=14 start 1: 116 evals, 206109.8s elapsed, c̃=0.8381853146, g_norm=2.22e-01
  p=14 start 1: 117 evals, 207935.6s elapsed, c̃=0.8367769553, g_norm=3.15e-01
  p=14 start 1: 118 evals, 209752.2s elapsed, c̃=0.8380393775, g_norm=2.92e-01
  p=14 start 1: 119 evals, 211592.0s elapsed, c̃=0.8387706541, g_norm=2.48e-01
  p=14 start 1: 120 evals, 213542.7s elapsed, c̃=0.8391645375, g_norm=1.77e-01
  p=14 start 1: 121 evals, 215325.3s elapsed, c̃=0.8390239940, g_norm=1.74e-01
  p=14 start 1: 122 evals, 217258.5s elapsed, c̃=0.8413070546, g_norm=2.05e-01
  p=14 start 1: 123 evals, 219081.3s elapsed, c̃=0.8357219880, g_norm=2.32e-01
slurmstepd: error: *** JOB 992633 ON swift-c3dnodeset-1 CANCELLED AT 2026-04-06T22:52:00 ***
