preserved run_id=20260408T042047-k4-d7-p12-15-r2-i1280-s1234
preserved directory=/home/stephenjordan_google_com/qaoa-xorsat/scripts/../.project/results/optimization/runs/20260408T042047-k4-d7-p12-15-r2-i1280-s1234
resuming from: /home/stephenjordan_google_com/qaoa-xorsat/scripts/../experiments/warmstart/ws-k4d7
warm-start from p=11: c̃=0.856492025593
[ Info: JIT warmup...
[ Info: JIT warmup complete, starting sweep
  p=12 start 1: 2 evals, 79.1s elapsed, c̃=0.8536767085, g_norm=1.82e+02
  p=12 start 1: 3 evals, 159.4s elapsed, c̃=0.4999816175, g_norm=1.67e-03
  p=12 start 1: 4 evals, 240.8s elapsed, c̃=0.5000090341, g_norm=8.75e-04
  p=12 start 1: 5 evals, 323.6s elapsed, c̃=0.5000010988, g_norm=1.65e-04
  p=12 start 1: 6 evals, 404.9s elapsed, c̃=0.5000006526, g_norm=1.76e-04
  p=12 start 1: 7 evals, 483.7s elapsed, c̃=0.5000001648, g_norm=1.06e-05
  p=12 start 1: 8 evals, 563.1s elapsed, c̃=0.4999999998, g_norm=5.39e-08
  p=12 start 1: 9 evals, 648.4s elapsed, c̃=0.4999999999, g_norm=9.66e-08
  p=12 start 1: 10 evals, 727.9s elapsed, c̃=0.5000000008, g_norm=1.13e-07
  p=12 start 1: 11 evals, 807.0s elapsed, c̃=0.5000000000, g_norm=5.88e-11
  p=12 start 1: 12 evals, 885.1s elapsed, c̃=0.5000021835, g_norm=7.32e-05
  p=12 start 1: 13 evals, 967.5s elapsed, c̃=0.4990871812, g_norm=7.06e-02
  p=12 start 1: 14 evals, 1046.0s elapsed, c̃=0.4999466473, g_norm=1.19e-02
  p=12 start 1: 15 evals, 1127.3s elapsed, c̃=0.3727371795, g_norm=3.02e+00
  p=12 start 1: 16 evals, 1210.2s elapsed, c̃=0.4835954863, g_norm=5.25e-01
  p=12 start 1: 17 evals, 1290.5s elapsed, c̃=0.5295731824, g_norm=1.20e+00
  p=12 start 1: 18 evals, 1369.0s elapsed, c̃=0.5323758067, g_norm=6.66e+00
  p=12 start 1: 19 evals, 1445.1s elapsed, c̃=0.7117539380, g_norm=7.79e+00
  p=12 start 1: 20 evals, 1530.1s elapsed, c̃=0.5522036411, g_norm=6.61e+00
  p=12 start 1: 21 evals, 1609.4s elapsed
  p=12 start 1: 22 evals, 1689.5s elapsed, c̃=0.5236683459, g_norm=1.05e+01
  p=12 start 1: 23 evals, 1768.7s elapsed, c̃=0.8861217306, g_norm=1.43e+01
  p=12 start 1: 24 evals, 1848.5s elapsed, c̃=0.7281025942, g_norm=2.95e+01
  p=12 start 1: 25 evals, 1931.7s elapsed, c̃=0.5614945620, g_norm=5.47e+00
  p=12 start 1: 26 evals, 2010.8s elapsed, c̃=0.9458367864, g_norm=1.78e+01
  p=12 start 1: 27 evals, 2091.0s elapsed
  p=12 start 1: 28 evals, 2170.4s elapsed, c̃=0.7229429529, g_norm=8.97e+00
  p=12 start 1: 29 evals, 2254.6s elapsed, c̃=0.5479363253, g_norm=6.10e+01
  p=12 start 1: 30 evals, 2334.8s elapsed
  p=12 start 1: 31 evals, 2415.1s elapsed
  p=12 start 1: 32 evals, 2494.1s elapsed, c̃=0.6409054984, g_norm=1.03e+01
  p=12 start 1: 33 evals, 2572.8s elapsed, c̃=0.5947105874, g_norm=3.18e+01
  p=12 start 1: 34 evals, 2654.3s elapsed
  p=12 start 1: 35 evals, 2732.7s elapsed
  p=12 start 1: 36 evals, 2811.4s elapsed, c̃=0.7228236239, g_norm=7.25e+00
  p=12 start 1: 37 evals, 2891.4s elapsed, c̃=0.3897832696, g_norm=2.03e+01
  p=12 start 1: 38 evals, 2971.9s elapsed
  p=12 start 1: 39 evals, 3051.4s elapsed
  p=12 start 1: 40 evals, 3132.9s elapsed, c̃=0.5550840880, g_norm=1.68e+00
  p=12 start 1: 41 evals, 3211.9s elapsed, c̃=0.3125691996, g_norm=1.84e+01
  p=12 start 1: 42 evals, 3290.4s elapsed, c̃=0.5798467457, g_norm=5.10e+00
  p=12 start 1: 43 evals, 3378.7s elapsed
  p=12 start 1: 44 evals, 3461.4s elapsed
  p=12 start 1: 45 evals, 3539.9s elapsed
  p=12 start 1: 46 evals, 3620.6s elapsed, c̃=0.4889334189, g_norm=1.26e+01
  p=12 start 1: 47 evals, 3700.2s elapsed, c̃=0.5824526880, g_norm=1.97e+01
  p=12 start 1: 48 evals, 3781.0s elapsed, c̃=0.8302518975, g_norm=1.23e+01
  p=12 start 1: 49 evals, 3862.5s elapsed, c̃=0.6484432381, g_norm=7.98e+00
  p=12 start 1: 50 evals, 3945.0s elapsed, c̃=0.5647928596, g_norm=2.96e+00
  p=12 start 1: 51 evals, 4026.4s elapsed, c̃=0.7517917455, g_norm=3.35e+01
  p=12 start 1: 52 evals, 4105.1s elapsed, c̃=0.6000849677, g_norm=5.75e+00
  p=12 start 1: 53 evals, 4186.1s elapsed
  p=12 start 1: 54 evals, 4266.8s elapsed, c̃=0.9365536277, g_norm=1.13e+01
  p=12 start 1: 55 evals, 4347.2s elapsed, c̃=0.5951777212, g_norm=2.66e+01
  p=12 start 1: 56 evals, 4425.4s elapsed, c̃=0.6169631746, g_norm=1.31e+01
  p=12 start 1: 57 evals, 4505.4s elapsed
  p=12 start 1: 58 evals, 4585.8s elapsed
  p=12 start 1: 59 evals, 4664.7s elapsed
  p=12 start 1: 60 evals, 4745.7s elapsed, c̃=0.6943817700, g_norm=1.34e+01
  p=12 start 1: 61 evals, 4824.7s elapsed, c̃=0.6046731820, g_norm=1.44e+01
  p=12 start 1: 62 evals, 4903.4s elapsed, c̃=0.5287183400, g_norm=9.08e+00
  p=12 start 1: 63 evals, 4982.4s elapsed, c̃=0.6687768970, g_norm=7.23e+00
  p=12 start 1: 64 evals, 5063.3s elapsed, c̃=0.5190577133, g_norm=8.20e-01
  p=12 start 1: 65 evals, 5145.4s elapsed, c̃=0.8557464413, g_norm=1.83e+01
  p=12 start 1: 66 evals, 5225.8s elapsed, c̃=0.6799739829, g_norm=2.80e+01
  p=12 start 1: 67 evals, 5306.2s elapsed, c̃=0.9545360500, g_norm=7.00e+00
  p=12 start 1: 68 evals, 5388.9s elapsed
  p=12 start 1: 69 evals, 5467.2s elapsed, c̃=0.8963225097, g_norm=5.68e+01
  p=12 start 1: 70 evals, 5545.3s elapsed, c̃=0.5895077159, g_norm=8.77e+00
  p=12 start 1: 71 evals, 5623.7s elapsed, c̃=0.5267992625, g_norm=8.23e-01
  p=12 start 1: 72 evals, 5702.5s elapsed, c̃=0.5154893655, g_norm=6.78e+00
  p=12 start 1: 73 evals, 5780.9s elapsed, c̃=0.6510543686, g_norm=1.34e+01
  p=12 start 1: 74 evals, 5861.0s elapsed, c̃=0.4649336063, g_norm=1.53e+01
  p=12 start 1: 75 evals, 5939.5s elapsed, c̃=0.6545407348, g_norm=2.56e+01
  p=12 start 1: 76 evals, 6018.0s elapsed, c̃=0.6789430523, g_norm=4.06e+01
  p=12 start 1: 77 evals, 6098.6s elapsed
  p=12 start 1: 78 evals, 6180.9s elapsed
  p=12 start 1: 79 evals, 6268.4s elapsed
  p=12 start 1: 80 evals, 6347.0s elapsed, c̃=0.5021017904, g_norm=1.76e+01
  p=12 start 1: 81 evals, 6425.5s elapsed, c̃=0.6764242462, g_norm=1.09e+01
  p=12 start 1: 82 evals, 6504.7s elapsed, c̃=0.6066721644, g_norm=1.49e+01
  p=12 start 1: 83 evals, 6585.3s elapsed, c̃=0.4813355441, g_norm=2.47e+01
  p=12 start 1: 84 evals, 6666.6s elapsed, c̃=0.8347631881, g_norm=4.27e+01
  p=12 start 1: 85 evals, 6747.2s elapsed, c̃=0.5116706485, g_norm=5.32e+00
  p=12 start 1: 86 evals, 6830.0s elapsed
  p=12 start 1: 87 evals, 6908.7s elapsed
  p=12 start 1: 88 evals, 6988.1s elapsed, c̃=0.7275619727, g_norm=7.32e+00
  p=12 start 1: 89 evals, 7066.7s elapsed, c̃=0.5829169266, g_norm=6.38e+00
  p=12 start 1: 90 evals, 7147.8s elapsed
  p=12 start 1: 91 evals, 7225.8s elapsed, c̃=0.4974954765, g_norm=9.27e+00
  p=12 start 1: 92 evals, 7305.0s elapsed
  p=12 start 1: 93 evals, 7384.5s elapsed, c̃=0.7467314543, g_norm=6.28e+00
  p=12 start 1: 94 evals, 7463.1s elapsed, c̃=0.5386815583, g_norm=2.16e+02
  p=12 start 1: 95 evals, 7545.5s elapsed, c̃=0.5397547971, g_norm=1.21e+00
  p=12 start 1: 96 evals, 7625.3s elapsed, c̃=0.5311355207, g_norm=1.48e+00
  p=12 start 1: 97 evals, 7703.6s elapsed
  p=12 start 1: 98 evals, 7787.8s elapsed, c̃=0.6260332453, g_norm=9.75e+00
  p=12 start 1: 99 evals, 7866.3s elapsed, c̃=0.5771353966, g_norm=7.25e+00
  p=12 start 1: 100 evals, 7948.8s elapsed, c̃=0.9734242950, g_norm=4.81e+01
  p=12 start 1: 101 evals, 8031.7s elapsed
  p=12 start 1: 102 evals, 8115.9s elapsed
  p=12 start 1: 103 evals, 8195.0s elapsed
  p=12 start 1: 104 evals, 8276.4s elapsed, c̃=0.9321644795, g_norm=2.90e+01
  p=12 start 1: 105 evals, 8356.7s elapsed, c̃=0.9039676887, g_norm=1.64e+01
  p=12 start 1: 106 evals, 8436.3s elapsed, c̃=0.7718676596, g_norm=8.53e+00
  p=12 start 1: 107 evals, 8515.7s elapsed, c̃=0.7895008124, g_norm=2.54e+01
  p=12 start 1: 108 evals, 8596.5s elapsed, c̃=0.9365536277, g_norm=1.13e+01
  p=12 start 1: 109 evals, 8680.4s elapsed, c̃=0.8609088926, g_norm=2.00e+01
  p=12 start 1: 110 evals, 8759.3s elapsed, c̃=0.9365536277, g_norm=1.13e+01
  p=12 start 1: 111 evals, 8839.1s elapsed, c̃=0.8609088926, g_norm=2.00e+01
  p=12 start 1: 112 evals, 8924.5s elapsed, c̃=0.9365536277, g_norm=1.13e+01
  p=12 start 1: 113 evals, 9005.2s elapsed, c̃=0.8609088926, g_norm=2.00e+01
  p=12 start 1: 114 evals, 9089.6s elapsed, c̃=0.9365536277, g_norm=1.13e+01
  p=12 start 1: 115 evals, 9173.4s elapsed, c̃=0.8609088926, g_norm=2.00e+01
  p=12 start 1: 116 evals, 9252.6s elapsed, c̃=0.9365536277, g_norm=1.13e+01
  p=12 start 1: 117 evals, 9331.6s elapsed, c̃=0.8609088926, g_norm=2.00e+01
  p=12 start 1: 118 evals, 9413.1s elapsed, c̃=0.9365536277, g_norm=1.13e+01
  p=12 start 1: 119 evals, 9498.1s elapsed, c̃=0.8609088926, g_norm=2.00e+01
  p=12 start 1: 120 evals, 9579.1s elapsed, c̃=0.9365536277, g_norm=1.13e+01
  p=12 start 1: 121 evals, 9657.6s elapsed, c̃=0.8609088926, g_norm=2.00e+01
  p=12 start 1: 122 evals, 9742.1s elapsed, c̃=0.9365536277, g_norm=1.13e+01
  p=12 start 1: 123 evals, 9826.7s elapsed, c̃=0.8609088926, g_norm=2.00e+01
  p=12 start 1: 124 evals, 9908.8s elapsed, c̃=0.9365536277, g_norm=1.13e+01
  p=12 start 1: 125 evals, 9987.5s elapsed, c̃=0.8609088926, g_norm=2.00e+01
  p=12 start 1: 126 evals, 10068.1s elapsed, c̃=0.9365536277, g_norm=1.13e+01
  p=12 start 1: 127 evals, 10148.2s elapsed, c̃=0.8609088926, g_norm=2.00e+01
  p=12 start 1: 128 evals, 10227.2s elapsed, c̃=0.9365536277, g_norm=1.13e+01
  p=12 start 1: 129 evals, 10310.5s elapsed, c̃=0.8609088926, g_norm=2.00e+01
  p=12 start 1: 130 evals, 10389.8s elapsed, c̃=0.9365536277, g_norm=1.13e+01
  p=12 start 1: 131 evals, 10472.7s elapsed, c̃=0.8609088926, g_norm=2.00e+01
  p=12 start 1: 132 evals, 10556.7s elapsed, c̃=0.9365536277, g_norm=1.13e+01
  p=12 start 1: 133 evals, 10642.5s elapsed, c̃=0.8609088926, g_norm=2.00e+01
  p=12 start 1: 134 evals, 10726.9s elapsed, c̃=0.9365536277, g_norm=1.13e+01
  p=12 start 1: 135 evals, 10805.3s elapsed, c̃=0.8609088926, g_norm=2.00e+01
  p=12 start 1: 136 evals, 10883.4s elapsed, c̃=0.9365536277, g_norm=1.13e+01
  p=12 start 1: 137 evals, 10962.9s elapsed, c̃=0.8609088926, g_norm=2.00e+01
  p=12 start 1: 138 evals, 11041.4s elapsed, c̃=0.7946047019, g_norm=2.57e+01
  p=12 start 1: 139 evals, 11120.3s elapsed, c̃=0.6729984511, g_norm=7.56e+00
  p=12 start 1: 140 evals, 11200.3s elapsed, c̃=0.5788114011, g_norm=6.21e+00
  p=12 start 1: 141 evals, 11281.8s elapsed, c̃=0.6476166470, g_norm=9.38e+00
  p=12 start 1: 142 evals, 11363.5s elapsed, c̃=0.7285378781, g_norm=8.86e+00
  p=12 start 1: 143 evals, 11443.5s elapsed
  p=12 start 1: 144 evals, 11522.2s elapsed, c̃=0.9136566484, g_norm=4.39e+01
  p=12 start 1: 145 evals, 11606.1s elapsed
  p=12 start 1: 146 evals, 11685.2s elapsed, c̃=0.5788755302, g_norm=8.42e+00
  p=12 start 1: 147 evals, 11767.8s elapsed, c̃=0.5262024397, g_norm=2.43e+00
  p=12 start 1: 148 evals, 11847.1s elapsed, c̃=0.5671611940, g_norm=1.33e+00
  p=12 start 1: 149 evals, 11926.3s elapsed, c̃=0.5379519269, g_norm=2.27e+00
  p=12 start 1: 150 evals, 12005.4s elapsed, c̃=0.6844523759, g_norm=4.73e+00
  p=12 start 1: 151 evals, 12088.7s elapsed, c̃=0.5811210734, g_norm=1.63e+01
  p=12 start 1: 152 evals, 12168.5s elapsed
  p=12 start 1: 153 evals, 12248.7s elapsed
  p=12 start 1: 154 evals, 12330.8s elapsed, c̃=0.9245872712, g_norm=1.26e+01
  p=12 start 1: 155 evals, 12411.1s elapsed
  p=12 start 1: 156 evals, 12490.6s elapsed, c̃=0.5235114311, g_norm=2.10e+00
  p=12 start 1: 157 evals, 12570.0s elapsed, c̃=0.5423770212, g_norm=2.41e+00
  p=12 start 1: 158 evals, 12650.3s elapsed, c̃=0.6655097104, g_norm=6.53e+00
  p=12 start 1: 159 evals, 12731.0s elapsed, c̃=0.9142294219, g_norm=7.84e+00
  p=12 start 1: 160 evals, 12812.5s elapsed
  p=12 start 1: 161 evals, 12894.6s elapsed, c̃=0.9339723399, g_norm=1.91e+01
  p=12 start 1: 162 evals, 12978.3s elapsed, c̃=0.5650584156, g_norm=2.78e+00
  p=12 start 1: 163 evals, 13059.8s elapsed, c̃=0.6206933219, g_norm=2.79e+02
  p=12 start 1: 164 evals, 13142.3s elapsed, c̃=0.7333451811, g_norm=8.26e+00
  p=12 start 1: 165 evals, 13222.6s elapsed, c̃=0.5804136788, g_norm=3.10e+01
  p=12 start 1: 166 evals, 13302.3s elapsed
  p=12 start 1: 167 evals, 13380.9s elapsed, c̃=0.5611159160, g_norm=5.41e+00
  p=12 start 1: 168 evals, 13459.6s elapsed, c̃=0.9487149270, g_norm=2.75e+01
  p=12 start 1: 169 evals, 13544.0s elapsed
  p=12 start 1: 170 evals, 13623.6s elapsed, c̃=0.4633382416, g_norm=6.39e+00
  p=12 start 1: 171 evals, 13703.5s elapsed, c̃=0.7821946204, g_norm=1.89e+01
  p=12 start 1: 172 evals, 13783.4s elapsed
  p=12 start 1: 173 evals, 13863.6s elapsed, c̃=0.5167510318, g_norm=1.97e+00
  p=12 start 1: 174 evals, 13942.8s elapsed, c̃=0.6599501359, g_norm=1.96e+01
  p=12 start 1: 175 evals, 14021.4s elapsed, c̃=0.9698934495, g_norm=2.79e+01
  p=12 start 1: 176 evals, 14101.4s elapsed
  p=12 start 1: 177 evals, 14180.5s elapsed, c̃=0.4652462716, g_norm=3.08e+01
  p=12 start 1: 178 evals, 14259.1s elapsed, c̃=0.6441322221, g_norm=1.00e+01
  p=12 start 1: 179 evals, 14337.3s elapsed, c̃=0.8322980104, g_norm=1.39e+01
  p=12 start 1: 180 evals, 14415.8s elapsed
  p=12 start 1: 181 evals, 14497.9s elapsed, c̃=0.5479489246, g_norm=2.26e+00
  p=12 start 1: 182 evals, 14577.8s elapsed
  p=12 start 1: 183 evals, 14656.5s elapsed, c̃=0.5558195859, g_norm=9.94e-01
  p=12 start 1: 184 evals, 14736.5s elapsed, c̃=0.5384379400, g_norm=3.39e+00
  p=12 start 1: 185 evals, 14821.7s elapsed
  p=12 start 1: 186 evals, 14902.0s elapsed
  p=12 start 1: 187 evals, 14986.2s elapsed, c̃=0.5815593478, g_norm=2.02e+01
  p=12 start 1: 188 evals, 15073.6s elapsed, c̃=0.9554864040, g_norm=4.90e+01
  p=12 start 1: 189 evals, 15154.7s elapsed, c̃=0.7154091549, g_norm=5.42e+00
  p=12 start 1: 190 evals, 15234.9s elapsed, c̃=0.7303464298, g_norm=1.06e+01
  p=12 start 1: 191 evals, 15312.7s elapsed, c̃=0.5595496430, g_norm=7.38e+00
  p=12 start 1: 192 evals, 15391.1s elapsed, c̃=0.7568040955, g_norm=2.27e+01
  p=12 start 1: 193 evals, 15474.0s elapsed, c̃=0.7929402731, g_norm=2.72e+01
  p=12 start 1: 194 evals, 15554.1s elapsed, c̃=0.5204200953, g_norm=2.68e+00
  p=12 start 1: 195 evals, 15634.1s elapsed
  p=12 start 1: 196 evals, 15715.5s elapsed, c̃=0.5141264984, g_norm=1.16e+00
  p=12 start 1: 197 evals, 15797.4s elapsed, c̃=0.9708931862, g_norm=3.94e+01
  p=12 start 1: 198 evals, 15878.2s elapsed
  p=12 start 1: 199 evals, 15958.5s elapsed, c̃=0.8677175119, g_norm=1.27e+01
  p=12 start 1: 200 evals, 16038.9s elapsed, c̃=0.5660628452, g_norm=5.09e+00
  p=12 start 1: 201 evals, 16120.3s elapsed, c̃=0.6605753201, g_norm=1.75e+01
  p=12 start 1: 202 evals, 16201.7s elapsed
  p=12 start 1: 203 evals, 16282.3s elapsed, c̃=0.5229140092, g_norm=2.40e+00
  p=12 start 1: 204 evals, 16363.0s elapsed, c̃=0.7014297980, g_norm=1.13e+01
  p=12 start 1: 205 evals, 16442.4s elapsed, c̃=0.5488441416, g_norm=6.27e+00
  p=12 start 1: 206 evals, 16521.7s elapsed, c̃=0.6124369152, g_norm=5.08e+00
  p=12 start 1: 207 evals, 16603.2s elapsed, c̃=0.5288283772, g_norm=8.46e-01
  p=12 start 1: 208 evals, 16682.4s elapsed, c̃=0.7555509607, g_norm=5.81e+00
  p=12 start 1: 209 evals, 16761.9s elapsed, c̃=0.6967663719, g_norm=3.90e+01
  p=12 start 1: 210 evals, 16841.0s elapsed, c̃=0.7297758334, g_norm=3.30e+01
  p=12 start 1: 211 evals, 16919.8s elapsed, c̃=0.8798849623, g_norm=1.10e+01
  p=12 start 1: 212 evals, 17001.5s elapsed
  p=12 start 1: 213 evals, 17089.3s elapsed, c̃=0.9681485391, g_norm=4.54e+01
  p=12 start 1: 214 evals, 17170.4s elapsed
  p=12 start 1: 215 evals, 17251.3s elapsed
  p=12 start 1: 216 evals, 17330.3s elapsed
  p=12 start 1: 217 evals, 17413.6s elapsed, c̃=0.8711667617, g_norm=4.35e+01
  p=12 start 1: 218 evals, 17494.5s elapsed
  p=12 start 1: 219 evals, 17574.0s elapsed, c̃=0.9681485391, g_norm=4.54e+01
  p=12 start 1: 220 evals, 17654.9s elapsed
  p=12 start 1: 221 evals, 17735.3s elapsed, c̃=0.9681485391, g_norm=4.54e+01
  p=12 start 1: 222 evals, 17814.6s elapsed
  p=12 start 1: 223 evals, 17896.1s elapsed, c̃=0.9681485391, g_norm=4.54e+01
  p=12 start 1: 224 evals, 17975.6s elapsed
  p=12 start 1: 225 evals, 18055.8s elapsed, c̃=0.9681485391, g_norm=4.54e+01
  p=12 start 1: 226 evals, 18134.6s elapsed
  p=12 start 1: 227 evals, 18213.5s elapsed, c̃=0.9681485391, g_norm=4.54e+01
  p=12 start 1: 228 evals, 18292.7s elapsed
  p=12 start 1: 229 evals, 18373.9s elapsed, c̃=0.9681485391, g_norm=4.54e+01
  p=12 start 1: 230 evals, 18456.2s elapsed
  p=12 start 1: 231 evals, 18539.1s elapsed, c̃=0.9681485391, g_norm=4.54e+01
  p=12 start 1: 232 evals, 18618.3s elapsed
  p=12 start 1: 233 evals, 18701.8s elapsed, c̃=0.9681485391, g_norm=4.54e+01
  p=12 start 1: 234 evals, 18781.3s elapsed, c̃=0.5226609375, g_norm=1.38e+00
  p=12 start 1: 235 evals, 18860.2s elapsed, c̃=0.6232206296, g_norm=1.02e+01
  p=12 start 1: 236 evals, 18941.1s elapsed, c̃=0.6794237105, g_norm=1.33e+01
  p=12 start 1: 237 evals, 19024.3s elapsed, c̃=0.5835743822, g_norm=9.00e+02
  p=12 start 1: 238 evals, 19103.1s elapsed, c̃=0.6702510809, g_norm=1.50e+01
  p=12 start 1: 239 evals, 19182.1s elapsed
  p=12 start 1: 240 evals, 19261.6s elapsed, c̃=0.7704847698, g_norm=3.67e+01
  p=12 start 1: 241 evals, 19341.0s elapsed, c̃=0.8166574248, g_norm=1.69e+01
  p=12 start 1: 242 evals, 19421.4s elapsed, c̃=0.5340601437, g_norm=5.10e+00
  p=12 start 1: 243 evals, 19500.7s elapsed, c̃=0.8724004669, g_norm=2.50e+01
  p=12 start 1: 244 evals, 19579.1s elapsed, c̃=0.5774622554, g_norm=4.46e+00
  p=12 start 1: 245 evals, 19658.8s elapsed, c̃=0.6727309732, g_norm=8.56e+00
  p=12 start 1: 246 evals, 19737.3s elapsed, c̃=0.5402029462, g_norm=3.42e+00
  p=12 start 1: 247 evals, 19818.4s elapsed, c̃=0.5755034916, g_norm=8.16e+00
  p=12 start 1: 248 evals, 19897.5s elapsed, c̃=0.6130540304, g_norm=8.12e+00
  p=12 start 1: 249 evals, 19976.3s elapsed, c̃=0.7081811535, g_norm=5.93e+01
  p=12 start 1: 250 evals, 20060.2s elapsed, c̃=0.8885696564, g_norm=4.48e+01
  p=12 start 1: 251 evals, 20138.5s elapsed
  p=12 start 1: 252 evals, 20216.6s elapsed, c̃=0.7806344137, g_norm=1.77e+01
  p=12 start 1: 253 evals, 20297.3s elapsed, c̃=0.6224397581, g_norm=2.28e+00
  p=12 start 1: 254 evals, 20378.7s elapsed, c̃=0.6343598459, g_norm=1.88e+01
  p=12 start 1: 255 evals, 20461.9s elapsed, c̃=0.5944321879, g_norm=9.88e+00
  p=12 start 1: 256 evals, 20543.1s elapsed, c̃=0.5369341596, g_norm=4.69e+01
  p=12 start 1: 257 evals, 20629.0s elapsed
  p=12 start 1: 258 evals, 20708.0s elapsed, c̃=0.4421716043, g_norm=6.75e+00
  p=12 start 1: 259 evals, 20789.6s elapsed, c̃=0.4943429478, g_norm=1.61e+01
  p=12 start 1: 260 evals, 20867.2s elapsed
  p=12 start 1: 261 evals, 20946.6s elapsed, c̃=0.7698705021, g_norm=1.50e+01
  p=12 start 1: 262 evals, 21026.8s elapsed, c̃=0.5338686866, g_norm=8.31e-01
  p=12 start 1: 263 evals, 21106.1s elapsed, c̃=0.5821997254, g_norm=7.98e+00
  p=12 start 1: 264 evals, 21183.9s elapsed, c̃=0.9662012651, g_norm=3.31e+01
  p=12 start 1: 265 evals, 21268.1s elapsed, c̃=0.5834968921, g_norm=2.84e+00
  p=12 start 1: 266 evals, 21349.6s elapsed, c̃=0.5382284942, g_norm=1.55e+01
  p=12 start 1: 267 evals, 21428.4s elapsed, c̃=0.6250434304, g_norm=1.17e+01
  p=12 start 1: 268 evals, 21508.1s elapsed, c̃=0.8478866658, g_norm=1.65e+01
  p=12 start 1: 269 evals, 21590.6s elapsed, c̃=0.5439211048, g_norm=2.12e+00
  p=12 start 1: 270 evals, 21669.2s elapsed, c̃=0.5780000727, g_norm=8.61e+00
  p=12 start 1: 271 evals, 21749.0s elapsed
  p=12 start 1: 272 evals, 21829.8s elapsed
  p=12 start 1: 273 evals, 21908.0s elapsed
  p=12 start 1: 274 evals, 21991.7s elapsed
  p=12 start 1: 275 evals, 22071.2s elapsed
  p=12 start 1: 276 evals, 22156.1s elapsed, c̃=0.9681485391, g_norm=4.54e+01
  p=12 start 1: 277 evals, 22238.3s elapsed
  p=12 start 1: 278 evals, 22319.2s elapsed, c̃=0.9681485391, g_norm=4.54e+01
  p=12 start 1: 279 evals, 22398.3s elapsed
  p=12 start 1: 280 evals, 22485.4s elapsed, c̃=0.9681485391, g_norm=4.54e+01
  p=12 start 1: 281 evals, 22569.8s elapsed
  p=12 start 1: 282 evals, 22647.9s elapsed, c̃=0.9681485391, g_norm=4.54e+01
  p=12 start 1: 283 evals, 22726.1s elapsed
  p=12 start 1: 284 evals, 22806.6s elapsed, c̃=0.9681485391, g_norm=4.54e+01
  p=12 start 1: 285 evals, 22887.7s elapsed
  p=12 start 1: 286 evals, 22968.8s elapsed, c̃=0.9681485391, g_norm=4.54e+01
  p=12 start 1: 287 evals, 23048.0s elapsed
  p=12 start 1: 288 evals, 23128.4s elapsed, c̃=0.9681485391, g_norm=4.54e+01
  p=12 start 1: 289 evals, 23207.3s elapsed
  p=12 start 1: 290 evals, 23290.6s elapsed, c̃=0.9681485391, g_norm=4.54e+01
  p=12 start 1: 291 evals, 23373.5s elapsed
  p=12 start 1: 292 evals, 23456.4s elapsed, c̃=0.9681485391, g_norm=4.54e+01
  p=12 start 1: 293 evals, 23535.6s elapsed
  p=12 start 1: 294 evals, 23613.6s elapsed, c̃=0.9681485391, g_norm=4.54e+01
  p=12 start 1: 295 evals, 23697.4s elapsed
  p=12 start 1: 296 evals, 23776.0s elapsed, c̃=0.9681485391, g_norm=4.54e+01
  p=12 start 1: 297 evals, 23854.1s elapsed
  p=12 start 1: 298 evals, 23933.1s elapsed, c̃=0.9681485391, g_norm=4.54e+01
  p=12 start 1: 299 evals, 24013.5s elapsed
  p=12 start 1: 300 evals, 24097.6s elapsed, c̃=0.9681485391, g_norm=4.54e+01
  p=12 start 1: 301 evals, 24177.5s elapsed
  p=12 start 1: 302 evals, 24256.4s elapsed, c̃=0.6750360206, g_norm=7.73e+00
  p=12 start 1: 303 evals, 24336.2s elapsed, c̃=0.7883607462, g_norm=1.86e+01
  p=12 start 1: 304 evals, 24413.6s elapsed, c̃=0.8499477736, g_norm=1.71e+01
  p=12 start 1: 305 evals, 24490.2s elapsed, c̃=0.4858869897, g_norm=8.95e+00
  p=12 start 1: 306 evals, 24577.9s elapsed, c̃=0.5415324028, g_norm=2.61e+00
  p=12 start 1: 307 evals, 24656.8s elapsed, c̃=0.4057576488, g_norm=1.24e+01
  p=12 start 1: 308 evals, 24738.8s elapsed, c̃=0.7260084986, g_norm=1.18e+01
  p=12 start 1: 309 evals, 24818.8s elapsed
  p=12 start 1: 310 evals, 24902.9s elapsed, c̃=0.6366293285, g_norm=1.84e+01
  p=12 start 1: 311 evals, 24981.4s elapsed, c̃=0.3469358482, g_norm=1.87e+01
  p=12 start 1: 312 evals, 25063.5s elapsed, c̃=0.5603783214, g_norm=1.31e+00
  p=12 start 1: 313 evals, 25143.9s elapsed
  p=12 start 1: 314 evals, 25223.4s elapsed, c̃=0.7155972139, g_norm=8.70e+00
  p=12 start 1: 315 evals, 25302.0s elapsed, c̃=0.5182331565, g_norm=1.51e+00
  p=12 start 1: 316 evals, 25382.0s elapsed
  p=12 start 1: 317 evals, 25465.6s elapsed, c̃=0.6923825207, g_norm=9.19e+00
  p=12 start 1: 318 evals, 25554.8s elapsed, c̃=0.6551003914, g_norm=1.17e+01
  p=12 start 1: 319 evals, 25636.6s elapsed
  p=12 start 1: 320 evals, 25718.1s elapsed
  p=12 start 1: 321 evals, 25797.9s elapsed, c̃=0.5598176677, g_norm=6.38e+00
  p=12 start 1: 322 evals, 25886.2s elapsed
  p=12 start 1: 323 evals, 25969.6s elapsed, c̃=0.6284243540, g_norm=6.73e+00
  p=12 start 1: 324 evals, 26055.0s elapsed, c̃=0.5856969297, g_norm=7.49e+00
  p=12 start 1: 325 evals, 26134.3s elapsed, c̃=0.6731231073, g_norm=2.96e+01
  p=12 start 1: 326 evals, 26215.8s elapsed
  p=12 start 1: 327 evals, 26296.9s elapsed
  p=12 start 1: 328 evals, 26374.7s elapsed, c̃=0.6010747263, g_norm=2.20e+00
  p=12 start 1: 329 evals, 26455.2s elapsed, c̃=0.4525310267, g_norm=1.14e+01
  p=12 start 1: 330 evals, 26533.4s elapsed, c̃=0.5543095027, g_norm=4.33e+00
  p=12 start 1: 331 evals, 26612.8s elapsed
  p=12 start 1: 332 evals, 26691.6s elapsed, c̃=0.8029934912, g_norm=1.62e+01
  p=12 start 1: 333 evals, 26775.3s elapsed, c̃=0.9719032004, g_norm=9.87e+00
  p=12 start 1: 334 evals, 26854.4s elapsed, c̃=0.5313032154, g_norm=1.22e+01
  p=12 start 1: 335 evals, 26932.7s elapsed, c̃=0.5237283081, g_norm=1.29e+01
  p=12 start 1: 336 evals, 27011.7s elapsed, c̃=0.5693007812, g_norm=2.27e+01
  p=12 start 1: 337 evals, 27095.5s elapsed, c̃=0.4026847265, g_norm=1.12e+01
  p=12 start 1: 338 evals, 27175.9s elapsed, c̃=0.7918367137, g_norm=4.82e+01
  p=12 start 1: 339 evals, 27255.1s elapsed, c̃=0.5884954630, g_norm=3.28e+00
  p=12 start 1: 340 evals, 27333.5s elapsed
  p=12 start 1: 341 evals, 27412.1s elapsed, c̃=0.9728483293, g_norm=2.83e+01
  p=12 start 1: 342 evals, 27491.9s elapsed, c̃=0.6376277567, g_norm=8.50e+00
  p=12 start 1: 343 evals, 27571.0s elapsed, c̃=0.5891461892, g_norm=6.02e+00
  p=12 start 1: 344 evals, 27650.0s elapsed, c̃=0.5076119668, g_norm=1.29e+01
  p=12 start 1: 345 evals, 27729.6s elapsed, c̃=0.6044527933, g_norm=1.18e+01
  p=12 start 1: 346 evals, 27810.0s elapsed, c̃=0.5181654185, g_norm=5.09e+00
  p=12 start 1: 347 evals, 27889.2s elapsed, c̃=0.7700880938, g_norm=1.54e+01
  p=12 start 1: 348 evals, 27967.8s elapsed, c̃=0.6693955516, g_norm=5.83e+00
  p=12 start 1: 349 evals, 28050.3s elapsed
  p=12 start 1: 350 evals, 28129.9s elapsed, c̃=0.5872493010, g_norm=6.16e+00
  p=12 start 1: 351 evals, 28212.4s elapsed, c̃=0.5957065199, g_norm=6.23e+00
  p=12 start 1: 352 evals, 28295.0s elapsed, c̃=0.5682143526, g_norm=2.82e+00
  p=12 start 1: 353 evals, 28375.0s elapsed
  p=12 start 1: 354 evals, 28456.0s elapsed, c̃=0.4691512154, g_norm=2.71e+00
  p=12 start 1: 355 evals, 28535.6s elapsed, c̃=0.5258132063, g_norm=2.30e+00
  p=12 start 1: 356 evals, 28615.5s elapsed
  p=12 start 1: 357 evals, 28694.5s elapsed, c̃=0.5898714438, g_norm=9.81e+00
  p=12 start 1: 358 evals, 28775.6s elapsed, c̃=0.8249149039, g_norm=2.17e+01
  p=12 start 1: 359 evals, 28860.1s elapsed, c̃=0.5038159889, g_norm=6.45e+00
  p=12 start 1: 360 evals, 28939.4s elapsed, c̃=0.7056221374, g_norm=7.38e+00
  p=12 start 1: 361 evals, 29017.4s elapsed, c̃=0.7956587281, g_norm=2.68e+01
  p=12 start 1: 362 evals, 29097.6s elapsed
  p=12 start 1: 363 evals, 29180.4s elapsed, c̃=0.6357651452, g_norm=1.00e+01
  p=12 start 1: 364 evals, 29262.1s elapsed
  p=12 start 1: 365 evals, 29346.2s elapsed
  p=12 start 1: 366 evals, 29430.1s elapsed
  p=12 start 1: 367 evals, 29509.4s elapsed
  p=12 start 1: 368 evals, 29592.4s elapsed
  p=12 start 1: 369 evals, 29671.9s elapsed, c̃=0.5740220661, g_norm=3.29e+00
  p=12 start 1: 370 evals, 29754.5s elapsed, c̃=0.7590848396, g_norm=1.24e+01
  p=12 start 1: 371 evals, 29835.6s elapsed, c̃=0.4999999852, g_norm=9.95e-07
  p=12 start 1: 372 evals, 29915.6s elapsed, c̃=0.4999998912, g_norm=9.21e-06
  p=12 start 1: 373 evals, 29994.3s elapsed, c̃=0.5000006751, g_norm=5.04e-05
  p=12 start 1: 374 evals, 30077.2s elapsed, c̃=0.5000003424, g_norm=4.69e-05
  p=12 start 1: 375 evals, 30157.6s elapsed, c̃=0.5000000416, g_norm=1.33e-06
  p=12 start 1: 376 evals, 30240.7s elapsed, c̃=0.5000000331, g_norm=5.88e-06
  p=12 start 1: 377 evals, 30322.5s elapsed, c̃=0.4999992677, g_norm=1.09e-04
  p=12 start 1: 378 evals, 30400.5s elapsed, c̃=0.4999956719, g_norm=4.06e-04
  p=12 start 1: 379 evals, 30482.8s elapsed, c̃=0.4875564316, g_norm=6.55e-01
  p=12 start 1: 380 evals, 30567.6s elapsed, c̃=0.5213069347, g_norm=3.45e+00
  p=12 start 1: 381 evals, 30646.3s elapsed, c̃=0.5921853134, g_norm=4.91e+00
  p=12 start 1: 382 evals, 30724.6s elapsed, c̃=0.9675838272, g_norm=1.27e+01
  p=12 start 1: 383 evals, 30803.6s elapsed, c̃=0.9580646806, g_norm=2.39e+01
  p=12 start 1: 384 evals, 30887.2s elapsed, c̃=0.5173315083, g_norm=7.45e+00
  p=12 start 1: 385 evals, 30967.6s elapsed, c̃=0.5149901157, g_norm=1.20e+00
  p=12 start 1: 386 evals, 31065.7s elapsed, c̃=0.5348213229, g_norm=1.07e+00
  p=12 start 1: 387 evals, 31147.2s elapsed, c̃=0.5049524746, g_norm=1.41e+00
  p=12 start 1: 388 evals, 31227.2s elapsed, c̃=0.6702984324, g_norm=1.84e+01
  p=12 start 1: 389 evals, 31306.7s elapsed, c̃=0.9342925376, g_norm=1.49e+02
  p=12 start 1: 390 evals, 31389.7s elapsed, c̃=0.5764381748, g_norm=9.41e+00
  p=12 start 1: 391 evals, 31468.5s elapsed, c̃=0.6242525296, g_norm=3.03e+00
  p=12 start 1: 392 evals, 31549.4s elapsed, c̃=0.5343676338, g_norm=1.48e+01
  p=12 start 1: 393 evals, 31631.3s elapsed, c̃=0.4492260784, g_norm=3.89e+01
  p=12 start 1: 394 evals, 31715.5s elapsed, c̃=0.5112110111, g_norm=1.98e+00
  p=12 start 1: 395 evals, 31797.4s elapsed, c̃=0.5264971299, g_norm=9.85e-01
  p=12 start 1: 396 evals, 31877.7s elapsed, c̃=0.9184755773, g_norm=4.22e+01
  p=12 start 1: 397 evals, 31956.8s elapsed
  p=12 start 1: 398 evals, 32036.7s elapsed, c̃=0.6179367070, g_norm=3.49e+00
  p=12 start 1: 399 evals, 32116.1s elapsed, c̃=0.8676645360, g_norm=2.45e+01
  p=12 start 1: 400 evals, 32195.4s elapsed, c̃=0.7409543145, g_norm=4.33e+01
  p=12 start 1: 401 evals, 32279.5s elapsed, c̃=0.5174292736, g_norm=3.83e+00
  p=12 start 1: 402 evals, 32359.0s elapsed, c̃=0.5642106324, g_norm=5.95e+00
  p=12 start 1: 403 evals, 32444.0s elapsed, c̃=0.7777153877, g_norm=1.42e+01
  p=12 start 1: 404 evals, 32524.8s elapsed, c̃=0.5075451617, g_norm=2.01e+01
  p=12 start 1: 405 evals, 32608.7s elapsed, c̃=0.5332155454, g_norm=1.16e+00
  p=12 start 1: 406 evals, 32689.0s elapsed, c̃=0.5589447775, g_norm=2.19e+00
  p=12 start 1: 407 evals, 32770.1s elapsed
  p=12 start 1: 408 evals, 32850.9s elapsed, c̃=0.5275381980, g_norm=8.40e+00
  p=12 start 1: 409 evals, 32932.2s elapsed, c̃=0.5284000729, g_norm=6.78e-01
  p=12 start 1: 410 evals, 33016.7s elapsed, c̃=0.5625478930, g_norm=7.11e+00
  p=12 start 1: 411 evals, 33099.5s elapsed
  p=12 start 1: 412 evals, 33180.3s elapsed, c̃=0.5196040612, g_norm=3.96e+00
  p=12 start 1: 413 evals, 33259.1s elapsed, c̃=0.5381765911, g_norm=3.82e+00
  p=12 start 1: 414 evals, 33337.5s elapsed, c̃=0.5732670557, g_norm=1.74e+00
  p=12 start 1: 415 evals, 33416.2s elapsed, c̃=0.6357049911, g_norm=4.89e+00
  p=12 start 1: 416 evals, 33501.1s elapsed, c̃=0.5006900142, g_norm=2.79e+01
  p=12 start 1: 417 evals, 33582.7s elapsed
  p=12 start 1: 418 evals, 33664.7s elapsed, c̃=0.6854348392, g_norm=1.22e+01
  p=12 start 1: 419 evals, 33747.1s elapsed, c̃=0.7241290021, g_norm=1.59e+01
  p=12 start 1: 420 evals, 33828.6s elapsed, c̃=0.3672012524, g_norm=7.52e+01
  p=12 start 1: 421 evals, 33911.1s elapsed, c̃=0.5931925255, g_norm=1.70e+01
  p=12 start 1: 422 evals, 33993.1s elapsed, c̃=0.6925728107, g_norm=6.35e+00
  p=12 start 1: 423 evals, 34075.5s elapsed, c̃=0.6092433803, g_norm=4.37e+00
  p=12 start 1: 424 evals, 34154.6s elapsed, c̃=0.7537659116, g_norm=6.06e+00
  p=12 start 1: 425 evals, 34233.8s elapsed, c̃=0.6086939340, g_norm=2.69e+00
  p=12 start 1: 426 evals, 34317.9s elapsed, c̃=0.7937593179, g_norm=2.24e+01
  p=12 start 1: 427 evals, 34396.2s elapsed, c̃=0.5173372506, g_norm=1.98e+00
  p=12 start 1: 428 evals, 34480.3s elapsed, c̃=0.5254238730, g_norm=5.17e+01
  p=12 start 1: 429 evals, 34562.1s elapsed, c̃=0.5849598470, g_norm=3.32e+01
  p=12 start 1: 430 evals, 34646.4s elapsed, c̃=0.5459223661, g_norm=9.66e+00
  p=12 start 1: 431 evals, 34725.7s elapsed, c̃=0.7310594361, g_norm=4.30e+01
  p=12 start 1: 432 evals, 34805.0s elapsed, c̃=0.5562317176, g_norm=5.71e+00
  p=12 start 1: 433 evals, 34887.4s elapsed, c̃=0.5069007865, g_norm=1.09e+00
  p=12 start 1: 434 evals, 34965.5s elapsed, c̃=0.5493413241, g_norm=8.97e+00
  p=12 start 1: 435 evals, 35044.2s elapsed, c̃=0.6879826457, g_norm=1.28e+01
  p=12 start 1: 436 evals, 35122.6s elapsed, c̃=0.5301429206, g_norm=1.09e+01
  p=12 start 1: 437 evals, 35201.5s elapsed, c̃=0.5917268011, g_norm=2.40e+00
  p=12 start 1: 438 evals, 35290.3s elapsed, c̃=0.6240449988, g_norm=2.11e+01
  p=12 start 1: 439 evals, 35368.6s elapsed, c̃=0.5595776228, g_norm=1.02e+01
  p=12 start 1: 440 evals, 35448.0s elapsed, c̃=0.5255571440, g_norm=6.10e+00
  p=12 start 1: 441 evals, 35525.9s elapsed, c̃=0.5599737653, g_norm=2.10e+00
  p=12 start 1: 442 evals, 35603.9s elapsed, c̃=0.5655466544, g_norm=1.63e+01
  p=12 start 1: 443 evals, 35684.3s elapsed, c̃=0.5275858818, g_norm=1.14e+00
  p=12 start 1: 444 evals, 35763.6s elapsed, c̃=0.5093516488, g_norm=6.33e-01
  p=12 start 1: 445 evals, 35842.2s elapsed, c̃=0.7626711548, g_norm=4.84e+01
  p=12 start 1: 446 evals, 35921.1s elapsed, c̃=0.6313599379, g_norm=4.10e+00
  p=12 start 1: 447 evals, 36002.9s elapsed, c̃=0.5283300857, g_norm=1.07e+01
  p=12 start 1: 448 evals, 36089.3s elapsed, c̃=0.5488529432, g_norm=2.70e+00
  p=12 start 1: 449 evals, 36169.9s elapsed, c̃=0.6216328986, g_norm=5.22e+00
  p=12 start 1: 450 evals, 36249.7s elapsed
  p=12 start 1: 451 evals, 36329.9s elapsed, c̃=0.7149234179, g_norm=5.99e+00
  p=12 start 1: 452 evals, 36410.4s elapsed
  p=12 start 1: 453 evals, 36490.2s elapsed, c̃=0.6108201540, g_norm=2.02e+01
  p=12 start 1: 454 evals, 36569.7s elapsed
  p=12 start 1: 455 evals, 36647.7s elapsed
  p=12 start 1: 456 evals, 36725.3s elapsed, c̃=0.8205337145, g_norm=3.78e+01
  p=12 start 1: 457 evals, 36805.8s elapsed, c̃=0.9500045231, g_norm=1.51e+01
  p=12 start 1: 458 evals, 36884.1s elapsed
  p=12 start 1: 459 evals, 36962.2s elapsed
  p=12 start 1: 460 evals, 37044.2s elapsed
  p=12 start 1: 461 evals, 37123.1s elapsed
  p=12 start 1: 462 evals, 37201.2s elapsed
  p=12 start 1: 463 evals, 37282.3s elapsed, c̃=0.8376067848, g_norm=3.62e+01
  p=12 start 1: 464 evals, 37361.7s elapsed, c̃=0.9647044943, g_norm=1.60e+01
  p=12 start 1: 465 evals, 37439.5s elapsed
  p=12 start 1: 466 evals, 37519.4s elapsed, c̃=0.5314194955, g_norm=1.34e+00
  p=12 start 1: 467 evals, 37603.1s elapsed, c̃=0.5195170143, g_norm=1.29e+00
  p=12 start 1: 468 evals, 37682.8s elapsed
  p=12 start 1: 469 evals, 37766.5s elapsed, c̃=0.6607528365, g_norm=5.89e+00
  p=12 start 1: 470 evals, 37851.4s elapsed, c̃=0.7267851213, g_norm=4.26e+01
  p=12 start 1: 471 evals, 37929.2s elapsed, c̃=0.5323063676, g_norm=4.84e+00
  p=12 start 1: 472 evals, 38006.1s elapsed, c̃=0.6654621039, g_norm=2.00e+01
  p=12 start 1: 473 evals, 38082.5s elapsed, c̃=0.5252830516, g_norm=6.66e+00
  p=12 start 1: 474 evals, 38159.7s elapsed, c̃=0.5513251923, g_norm=9.34e+00
  p=12 start 1: 475 evals, 38245.2s elapsed
  p=12 start 1: 476 evals, 38323.6s elapsed, c̃=0.8081189501, g_norm=3.28e+01
  p=12 start 1: 477 evals, 38402.4s elapsed, c̃=0.5750412498, g_norm=5.09e+00
  p=12 start 1: 478 evals, 38481.1s elapsed, c̃=0.8529484925, g_norm=2.11e+01
  p=12 start 1: 479 evals, 38563.8s elapsed
  p=12 start 1: 480 evals, 38642.4s elapsed, c̃=0.5716264201, g_norm=4.41e+00
  p=12 start 1: 481 evals, 38720.6s elapsed
  p=12 start 1: 482 evals, 38801.8s elapsed, c̃=0.5328187159, g_norm=9.74e-01
  p=12 start 1: 483 evals, 38882.2s elapsed
  p=12 start 1: 484 evals, 38962.6s elapsed, c̃=0.7318637604, g_norm=1.35e+01
  p=12 start 1: 485 evals, 39046.6s elapsed, c̃=0.7841716467, g_norm=4.67e+01
  p=12 start 1: 486 evals, 39124.9s elapsed
  p=12 start 1: 487 evals, 39204.2s elapsed, c̃=0.5006925496, g_norm=7.53e+00
  p=12 start 1: 488 evals, 39282.4s elapsed
  p=12 start 1: 489 evals, 39360.5s elapsed, c̃=0.5037740784, g_norm=4.03e-01
  p=12 start 1: 490 evals, 39438.9s elapsed, c̃=0.5201261593, g_norm=1.75e+00
  p=12 start 1: 491 evals, 39517.5s elapsed, c̃=0.8044212503, g_norm=3.19e+01
  p=12 start 1: 492 evals, 39598.2s elapsed, c̃=0.9725050252, g_norm=3.05e+01
  p=12 start 1: 493 evals, 39677.0s elapsed, c̃=0.5979387649, g_norm=4.47e+01
  p=12 start 1: 494 evals, 39757.3s elapsed, c̃=0.5339672347, g_norm=5.66e+00
  p=12 start 1: 495 evals, 39840.3s elapsed, c̃=0.5493933632, g_norm=4.26e+00
  p=12 start 1: 496 evals, 39920.2s elapsed, c̃=0.5292954167, g_norm=4.77e+00
  p=12 start 1: 497 evals, 39998.7s elapsed, c̃=0.5058621611, g_norm=2.04e+00
  p=12 start 1: 498 evals, 40082.7s elapsed
  p=12 start 1: 499 evals, 40167.5s elapsed, c̃=0.5371007322, g_norm=8.80e+00
  p=12 start 1: 500 evals, 40246.2s elapsed, c̃=0.7795502766, g_norm=6.42e+01
  p=12 start 1: 501 evals, 40325.4s elapsed, c̃=0.5338522954, g_norm=1.48e+01
  p=12 start 1: 502 evals, 40407.2s elapsed, c̃=0.7983570385, g_norm=4.62e+01
  p=12 start 1: 503 evals, 40487.1s elapsed, c̃=0.5056384032, g_norm=9.23e+00
  p=12 start 1: 504 evals, 40565.7s elapsed, c̃=0.9544899767, g_norm=1.45e+01
  p=12 start 1: 505 evals, 40645.7s elapsed, c̃=0.5041968151, g_norm=1.12e+00
  p=12 start 1: 506 evals, 40730.9s elapsed, c̃=0.5321908141, g_norm=2.32e+00
  p=12 start 1: 507 evals, 40817.9s elapsed, c̃=0.5371427021, g_norm=1.03e+00
  p=12 start 1: 508 evals, 40897.5s elapsed, c̃=0.5237382252, g_norm=9.10e+00
  p=12 start 1: 509 evals, 40975.5s elapsed, c̃=0.6145496029, g_norm=6.62e+00
  p=12 start 1: 510 evals, 41054.0s elapsed, c̃=0.7699777992, g_norm=6.40e+01
  p=12 start 1: 511 evals, 41132.8s elapsed, c̃=0.5928737512, g_norm=6.02e+00
  p=12 start 1: 512 evals, 41211.0s elapsed, c̃=0.5443772534, g_norm=2.22e+01
  p=12 start 1: 513 evals, 41290.3s elapsed, c̃=0.5195721481, g_norm=1.66e+00
  p=12 start 1: 514 evals, 41369.1s elapsed, c̃=0.5630184044, g_norm=1.61e+01
  p=12 start 1: 515 evals, 41451.6s elapsed, c̃=0.5266159135, g_norm=1.44e+00
  p=12 start 1: 516 evals, 41530.2s elapsed, c̃=0.6104140207, g_norm=6.15e+00
  p=12 start 1: 517 evals, 41609.6s elapsed, c̃=0.6220226532, g_norm=3.77e+00
  p=12 start 1: 518 evals, 41687.7s elapsed, c̃=0.5298094937, g_norm=4.07e-01
  p=12 start 1: 519 evals, 41771.1s elapsed, c̃=0.5294988251, g_norm=4.16e+00
  p=12 start 1: 520 evals, 41852.7s elapsed, c̃=0.7178098873, g_norm=2.26e+01
  p=12 start 1: 521 evals, 41932.8s elapsed, c̃=0.6425637989, g_norm=6.61e+00
  p=12 start 1: 522 evals, 42011.3s elapsed, c̃=0.6344147722, g_norm=3.45e+00
  p=12 start 1: 523 evals, 42090.2s elapsed
  p=12 start 1: 524 evals, 42170.0s elapsed, c̃=0.5156450332, g_norm=3.02e+01
  p=12 start 1: 525 evals, 42253.7s elapsed, c̃=0.6238952374, g_norm=2.60e+01
  p=12 start 1: 526 evals, 42333.5s elapsed, c̃=0.6729507274, g_norm=2.85e+01
  p=12 start 1: 527 evals, 42411.2s elapsed, c̃=0.8110832531, g_norm=2.68e+01
  p=12 start 1: 528 evals, 42489.6s elapsed, c̃=0.7282359135, g_norm=2.00e+01
  p=12 start 1: 529 evals, 42571.9s elapsed, c̃=0.9725050252, g_norm=3.05e+01
  p=12 start 1: 530 evals, 42654.7s elapsed, c̃=0.7282359135, g_norm=2.00e+01
  p=12 start 1: 531 evals, 42735.4s elapsed, c̃=0.9725050252, g_norm=3.05e+01
  p=12 start 1: 532 evals, 42815.8s elapsed, c̃=0.7282359135, g_norm=2.00e+01
  p=12 start 1: 533 evals, 42900.0s elapsed, c̃=0.9725050252, g_norm=3.05e+01
  p=12 start 1: 534 evals, 42983.5s elapsed, c̃=0.7282359135, g_norm=2.00e+01
  p=12 start 1: 535 evals, 43061.8s elapsed, c̃=0.9725050252, g_norm=3.05e+01
  p=12 start 1: 536 evals, 43151.8s elapsed, c̃=0.7282359135, g_norm=2.00e+01
  p=12 start 1: 537 evals, 43229.7s elapsed, c̃=0.9725050252, g_norm=3.05e+01
  p=12 start 1: 538 evals, 43315.5s elapsed, c̃=0.7282359135, g_norm=2.00e+01
  p=12 start 1: 539 evals, 43397.0s elapsed, c̃=0.9725050252, g_norm=3.05e+01
  p=12 start 1: 540 evals, 43472.8s elapsed, c̃=0.7282359135, g_norm=2.00e+01
  p=12 start 1: 541 evals, 43555.3s elapsed, c̃=0.9725050252, g_norm=3.05e+01
  p=12 start 1: 542 evals, 43637.2s elapsed, c̃=0.7282359135, g_norm=2.00e+01
  p=12 start 1: 543 evals, 43718.7s elapsed, c̃=0.9725050252, g_norm=3.05e+01
  p=12 start 1: 544 evals, 43802.7s elapsed, c̃=0.7282359135, g_norm=2.00e+01
  p=12 start 1: 545 evals, 43883.2s elapsed, c̃=0.9725050252, g_norm=3.05e+01
  p=12 start 1: 546 evals, 43961.7s elapsed, c̃=0.7282359135, g_norm=2.00e+01
  p=12 start 1: 547 evals, 44040.9s elapsed, c̃=0.9725050252, g_norm=3.05e+01
  p=12 start 1: 548 evals, 44121.7s elapsed, c̃=0.7282359135, g_norm=2.00e+01
  p=12 start 1: 549 evals, 44200.7s elapsed, c̃=0.9725050252, g_norm=3.05e+01
  p=12 start 1: 550 evals, 44283.1s elapsed, c̃=0.7282359135, g_norm=2.00e+01
  p=12 start 1: 551 evals, 44361.7s elapsed, c̃=0.9725050252, g_norm=3.05e+01
  p=12 start 1: 552 evals, 44439.9s elapsed, c̃=0.7282359135, g_norm=2.00e+01
  p=12 start 1: 553 evals, 44521.1s elapsed, c̃=0.9725050252, g_norm=3.05e+01
  p=12 start 1: 554 evals, 44603.1s elapsed, c̃=0.7282359135, g_norm=2.00e+01
  p=12 start 1: 555 evals, 44685.5s elapsed, c̃=0.9725050252, g_norm=3.05e+01
  p=12 start 1: 556 evals, 44769.5s elapsed, c̃=0.7282359135, g_norm=2.00e+01
  p=12 start 1: 557 evals, 44847.6s elapsed, c̃=0.9725050252, g_norm=3.05e+01
  p=12 start 1: 558 evals, 44929.7s elapsed, c̃=0.7282359135, g_norm=2.00e+01
  p=12 start 1: 559 evals, 45008.1s elapsed, c̃=0.9725050252, g_norm=3.05e+01
  p=12 start 1: 560 evals, 45087.0s elapsed, c̃=0.7282359135, g_norm=2.00e+01
  p=12 start 1: 561 evals, 45174.2s elapsed, c̃=0.9725050252, g_norm=3.05e+01
  p=12 start 1: 562 evals, 45254.0s elapsed, c̃=0.7282359135, g_norm=2.00e+01
  p=12 start 1: 563 evals, 45332.8s elapsed, c̃=0.9725050252, g_norm=3.05e+01
  p=12 start 1: 564 evals, 45417.5s elapsed, c̃=0.7282359135, g_norm=2.00e+01
  p=12 start 1: 2 evals, 80.1s elapsed, c̃=0.7001733417, g_norm=1.13e+01
  p=12 start 1: 3 evals, 161.2s elapsed, c̃=0.4999959531, g_norm=1.55e-04
  p=12 start 1: 4 evals, 240.1s elapsed, c̃=0.5000000000, g_norm=6.85e-17
  p=12 start 1: 5 evals, 319.6s elapsed, c̃=0.4811732063, g_norm=2.26e+00
  p=12 start 1: 6 evals, 398.3s elapsed, c̃=0.5016220860, g_norm=1.93e-01
  p=12 start 1: 7 evals, 479.8s elapsed, c̃=0.5122242368, g_norm=6.85e-01
  p=12 start 1: 8 evals, 558.8s elapsed, c̃=0.5245666962, g_norm=3.77e+00
  p=12 start 1: 9 evals, 643.7s elapsed, c̃=0.5160855916, g_norm=8.25e-01
  p=12 start 1: 10 evals, 725.0s elapsed, c̃=0.5080033889, g_norm=8.38e-01
  p=12 start 1: 11 evals, 808.3s elapsed, c̃=0.5058701076, g_norm=1.51e-01
  p=12 start 1: 12 evals, 888.0s elapsed, c̃=0.5311772279, g_norm=1.10e+01
  p=12 start 1: 13 evals, 968.0s elapsed, c̃=0.5456846503, g_norm=1.84e+01
  p=12 start 1: 14 evals, 1047.1s elapsed
  p=12 start 1: 15 evals, 1126.6s elapsed, c̃=0.5538217897, g_norm=4.42e+01
  p=12 start 1: 16 evals, 1207.6s elapsed, c̃=0.5920084996, g_norm=2.77e+00
  p=12 start 1: 17 evals, 1291.5s elapsed, c̃=0.5158460044, g_norm=9.72e-01
  p=12 start 1: 18 evals, 1371.2s elapsed, c̃=0.9026241542, g_norm=2.81e+01
  p=12 start 1: 19 evals, 1450.3s elapsed, c̃=0.5430114959, g_norm=8.27e+00
  p=12 start 1: 20 evals, 1529.8s elapsed
  p=12 start 1: 21 evals, 1612.9s elapsed
  p=12 start 1: 22 evals, 1697.6s elapsed, c̃=0.5366174371, g_norm=1.02e+00
  p=12 start 1: 23 evals, 1778.8s elapsed, c̃=0.8652974208, g_norm=1.27e+01
  p=12 start 1: 24 evals, 1859.8s elapsed, c̃=0.6838109554, g_norm=1.66e+01
  p=12 start 1: 25 evals, 1942.9s elapsed, c̃=0.5713111462, g_norm=1.28e+00
  p=12 start 1: 26 evals, 2023.7s elapsed, c̃=0.5500354594, g_norm=2.08e+01
  p=12 start 1: 27 evals, 2103.2s elapsed, c̃=0.5199198728, g_norm=6.64e-01
  p=12 start 1: 28 evals, 2182.2s elapsed, c̃=0.7154620468, g_norm=2.81e+01
  p=12 start 1: 29 evals, 2260.9s elapsed, c̃=0.5765341977, g_norm=7.91e+00
  p=12 start 1: 30 evals, 2342.5s elapsed, c̃=0.5108579647, g_norm=1.70e+00
  p=12 start 1: 31 evals, 2421.8s elapsed, c̃=0.5113020398, g_norm=7.89e-01
slurmstepd: error: *** JOB 1098090 ON swift-c3dnodeset-8 CANCELLED AT 2026-04-08T17:41:07 ***
