Precompiling packages...
    QaoaXorsat Being precompiled by another process (pid: 0, pidfile: /home/stephenjordan_google_com/.julia/compiled/v1.12/QaoaXorsat/qgVWo_H0iNu.ji.pidfile)
  51568.5 ms  ✓ QaoaXorsat
  1 dependency successfully precompiled in 57 seconds. 52 already precompiled.
preserved run_id=20260401T022556-k3-d4-p12-15-r2-i320-s1234
preserved directory=/home/stephenjordan_google_com/qaoa-xorsat/scripts/../.project/results/optimization/runs/20260401T022556-k3-d4-p12-15-r2-i320-s1234
resuming from: /home/stephenjordan_google_com/qaoa-xorsat/.project/results/optimization/runs/20260331T232833-k3-d4-p1-15-r2-i320-s1234
warm-start from p=11: c̃=0.872489725464
[ Info: JIT warmup...
[ Info: JIT warmup complete, starting sweep
  p=12 start 1: 2 evals, 75.8s elapsed, c̃=0.8608362041, g_norm=3.25e-01
  p=12 start 1: 3 evals, 145.7s elapsed, c̃=0.5146949200, g_norm=1.91e-01
  p=12 start 1: 4 evals, 221.9s elapsed, c̃=0.5570797087, g_norm=4.28e-01
  p=12 start 1: 5 evals, 295.2s elapsed, c̃=0.7622915284, g_norm=7.38e-01
  p=12 start 1: 6 evals, 364.7s elapsed, c̃=0.8711958888, g_norm=1.70e-01
  p=12 start 1: 7 evals, 439.1s elapsed, c̃=0.8734442917, g_norm=6.76e-02
  p=12 start 1: 8 evals, 508.9s elapsed, c̃=0.8541430030, g_norm=3.20e-01
  p=12 start 1: 9 evals, 578.9s elapsed, c̃=0.8735518105, g_norm=5.40e-02
  p=12 start 1: 10 evals, 651.6s elapsed, c̃=0.8740872804, g_norm=2.99e-02
  p=12 start 1: 11 evals, 721.6s elapsed, c̃=0.8735703045, g_norm=7.28e-02
  p=12 start 1: 12 evals, 793.2s elapsed, c̃=0.8744093112, g_norm=2.71e-02
  p=12 start 1: 13 evals, 863.5s elapsed, c̃=0.8746379016, g_norm=2.20e-02
  p=12 start 1: 14 evals, 934.3s elapsed, c̃=0.8722304631, g_norm=1.46e-01
  p=12 start 1: 15 evals, 1004.1s elapsed, c̃=0.8746458931, g_norm=2.52e-02
  p=12 start 1: 16 evals, 1074.2s elapsed, c̃=0.8748903898, g_norm=2.18e-02
  p=12 start 1: 17 evals, 1144.2s elapsed, c̃=0.8744909019, g_norm=7.46e-02
  p=12 start 1: 18 evals, 1213.4s elapsed, c̃=0.8750165157, g_norm=3.00e-02
  p=12 start 1: 19 evals, 1280.8s elapsed, c̃=0.8753247505, g_norm=2.92e-02
  p=12 start 1: 20 evals, 1354.1s elapsed, c̃=0.8739193875, g_norm=1.08e-01
  p=12 start 1: 21 evals, 1427.3s elapsed, c̃=0.8754150054, g_norm=2.88e-02
  p=12 start 1: 22 evals, 1498.5s elapsed, c̃=0.8759256355, g_norm=2.09e-02
  p=12 start 1: 23 evals, 1568.6s elapsed, c̃=0.8751760988, g_norm=4.67e-02
  p=12 start 1: 24 evals, 1639.4s elapsed, c̃=0.8762484699, g_norm=2.72e-02
  p=12 start 1: 25 evals, 1709.4s elapsed, c̃=0.8763788213, g_norm=3.06e-02
  p=12 start 1: 26 evals, 1780.5s elapsed, c̃=0.8764674678, g_norm=1.99e-02
  p=12 start 1: 27 evals, 1855.2s elapsed, c̃=0.8765810242, g_norm=8.95e-03
  p=12 start 1: 28 evals, 1928.2s elapsed, c̃=0.8765824852, g_norm=8.96e-03
  p=12 start 1: 29 evals, 1998.9s elapsed, c̃=0.8766104478, g_norm=6.70e-03
  p=12 start 1: 30 evals, 2072.9s elapsed, c̃=0.8765965940, g_norm=2.00e-02
  p=12 start 1: 31 evals, 2141.8s elapsed, c̃=0.8766302979, g_norm=1.12e-02
  p=12 start 1: 32 evals, 2213.4s elapsed, c̃=0.8766914498, g_norm=8.95e-03
  p=12 start 1: 33 evals, 2284.5s elapsed, c̃=0.8768069025, g_norm=5.72e-03
  p=12 start 1: 34 evals, 2354.2s elapsed, c̃=0.8751587784, g_norm=4.58e-02
  p=12 start 1: 35 evals, 2424.0s elapsed, c̃=0.8768064334, g_norm=6.78e-03
  p=12 start 1: 36 evals, 2497.2s elapsed, c̃=0.8768279346, g_norm=7.43e-03
  p=12 start 1: 37 evals, 2568.4s elapsed, c̃=0.8768420203, g_norm=5.12e-03
  p=12 start 1: 38 evals, 2638.6s elapsed, c̃=0.8768561238, g_norm=4.68e-03
  p=12 start 1: 39 evals, 2713.2s elapsed, c̃=0.8766220895, g_norm=3.33e-02
  p=12 start 1: 40 evals, 2784.9s elapsed, c̃=0.8768561894, g_norm=4.77e-03
  p=12 start 1: 41 evals, 2862.3s elapsed, c̃=0.8768687879, g_norm=3.84e-03
  p=12 start 1: 42 evals, 2932.0s elapsed, c̃=0.8768463785, g_norm=1.10e-02
  p=12 start 1: 43 evals, 3002.0s elapsed, c̃=0.8768745638, g_norm=4.36e-03
  p=12 start 1: 44 evals, 3072.8s elapsed, c̃=0.8768803112, g_norm=2.50e-03
  p=12 start 1: 45 evals, 3142.5s elapsed, c̃=0.8768805232, g_norm=2.49e-03
  p=12 start 1: 46 evals, 3213.5s elapsed, c̃=0.8768836219, g_norm=2.55e-03
  p=12 start 1: 47 evals, 3283.8s elapsed, c̃=0.8768789395, g_norm=8.54e-03
  p=12 start 1: 48 evals, 3356.3s elapsed, c̃=0.8768840338, g_norm=3.36e-03
  p=12 start 1: 49 evals, 3427.2s elapsed, c̃=0.8768894329, g_norm=2.64e-03
  p=12 start 1: 50 evals, 3499.3s elapsed, c̃=0.8768898881, g_norm=5.55e-03
  p=12 start 1: 51 evals, 3576.6s elapsed, c̃=0.8768933889, g_norm=3.16e-03
  p=12 start 1: 52 evals, 3647.1s elapsed, c̃=0.8768968851, g_norm=3.15e-03
  p=12 start 1: 53 evals, 3717.3s elapsed, c̃=0.8768970364, g_norm=1.62e-03
  p=12 start 1: 54 evals, 3787.6s elapsed, c̃=0.8768990577, g_norm=1.41e-03
  p=12 start 1: 55 evals, 3857.6s elapsed, c̃=0.8768959204, g_norm=4.33e-03
  p=12 start 1: 56 evals, 3933.3s elapsed, c̃=0.8768993872, g_norm=1.81e-03
  p=12 start 1: 57 evals, 4002.9s elapsed, c̃=0.8768998697, g_norm=1.29e-03
  p=12 start 1: 58 evals, 4072.6s elapsed, c̃=0.8768986008, g_norm=2.89e-03
  p=12 start 1: 59 evals, 4143.3s elapsed, c̃=0.8769017080, g_norm=1.36e-03
  p=12 start 1: 60 evals, 4217.5s elapsed, c̃=0.8769022829, g_norm=1.29e-03
  p=12 start 1: 61 evals, 4287.6s elapsed, c̃=0.8769029973, g_norm=6.68e-04
  p=12 start 1: 62 evals, 4360.9s elapsed, c̃=0.8769027756, g_norm=4.68e-04
  p=12 start 1: 63 evals, 4433.4s elapsed, c̃=0.8769018485, g_norm=2.22e-03
  p=12 start 1: 64 evals, 4503.9s elapsed, c̃=0.8769023851, g_norm=5.54e-04
  p=12 start 1: 65 evals, 4579.4s elapsed, c̃=0.8769046335, g_norm=4.93e-04
  p=12 start 1: 66 evals, 4649.6s elapsed, c̃=0.8769034279, g_norm=1.66e-03
  p=12 start 1: 67 evals, 4723.5s elapsed, c̃=0.8769031129, g_norm=8.55e-04
  p=12 start 1: 68 evals, 4793.8s elapsed, c̃=0.8769047375, g_norm=4.12e-04
  p=12 start 1: 69 evals, 4864.6s elapsed, c̃=0.8769026717, g_norm=1.42e-03
  p=12 start 1: 70 evals, 4934.4s elapsed, c̃=0.8769039470, g_norm=4.64e-04
  p=12 start 1: 71 evals, 5008.4s elapsed, c̃=0.8769030524, g_norm=6.19e-04
  p=12 start 1: 72 evals, 5079.1s elapsed, c̃=0.8769037134, g_norm=4.96e-04
  p=12 start 1: 73 evals, 5149.3s elapsed, c̃=0.8769038523, g_norm=5.25e-04
  p=12 start 1: 74 evals, 5219.1s elapsed, c̃=0.8769043407, g_norm=6.57e-04
  p=12 start 1: 75 evals, 5289.2s elapsed, c̃=0.8769053298, g_norm=5.93e-04
  p=12 start 1: 76 evals, 5361.9s elapsed, c̃=0.8769036126, g_norm=6.37e-04
  p=12 start 1: 77 evals, 5438.7s elapsed, c̃=0.8769027421, g_norm=5.78e-04
  p=12 start 1: 78 evals, 5508.6s elapsed, c̃=0.8769039469, g_norm=6.32e-04
  p=12 start 1: 79 evals, 5581.9s elapsed, c̃=0.8769041499, g_norm=6.83e-04
  p=12 start 1: 80 evals, 5652.1s elapsed, c̃=0.8769033456, g_norm=7.53e-04
  p=12 start 1: 81 evals, 5721.6s elapsed, c̃=0.8769047330, g_norm=5.79e-04
  p=12 start 1: 82 evals, 5792.3s elapsed, c̃=0.8769058269, g_norm=6.66e-04
  p=12 start 1: 83 evals, 5862.0s elapsed, c̃=0.8769033868, g_norm=6.17e-04
  p=12 start 1: 84 evals, 5931.7s elapsed, c̃=0.8769039722, g_norm=7.00e-04
  p=12 start 1: 85 evals, 6002.5s elapsed, c̃=0.8769045239, g_norm=6.34e-04
  p=12 start 1: 86 evals, 6073.6s elapsed, c̃=0.8769045329, g_norm=6.29e-04
  p=12 start 1: 87 evals, 6151.1s elapsed, c̃=0.8769035532, g_norm=5.74e-04
  p=12 start 1: 88 evals, 6222.0s elapsed, c̃=0.8769038845, g_norm=6.15e-04
  p=12 start 1: 89 evals, 6294.1s elapsed, c̃=0.8769043531, g_norm=6.49e-04
  p=12 start 1: 90 evals, 6371.3s elapsed, c̃=0.8769044637, g_norm=5.21e-04
  p=12 start 1: 91 evals, 6442.1s elapsed, c̃=0.8769050310, g_norm=6.07e-04
  p=12 start 1: 92 evals, 6513.2s elapsed, c̃=0.8769042245, g_norm=5.83e-04
  p=12 start 1: 93 evals, 6583.1s elapsed, c̃=0.8769055938, g_norm=6.92e-04
  p=12 start 1: 94 evals, 6653.2s elapsed, c̃=0.8769050081, g_norm=7.65e-04
  p=12 start 1: 95 evals, 6724.6s elapsed, c̃=0.8769056666, g_norm=6.52e-04
  p=12 start 1: 96 evals, 6795.1s elapsed, c̃=0.8769043190, g_norm=6.88e-04
  p=12 start 1: 97 evals, 6867.0s elapsed, c̃=0.8769038187, g_norm=6.40e-04
  p=12 start 1: 98 evals, 6938.1s elapsed, c̃=0.8769051520, g_norm=6.16e-04
  p=12 start 1: 99 evals, 7010.8s elapsed, c̃=0.8769048952, g_norm=6.61e-04
  p=12 start 1: 100 evals, 7084.6s elapsed, c̃=0.8769041901, g_norm=6.23e-04
  p=12 start 1: 101 evals, 7154.7s elapsed, c̃=0.8769037777, g_norm=7.33e-04
  p=12 start 1: 102 evals, 7228.4s elapsed, c̃=0.8769043522, g_norm=4.96e-04
  p=12 start 1: 103 evals, 7298.4s elapsed, c̃=0.8769040747, g_norm=5.60e-04
  p=12 start 1: 104 evals, 7368.5s elapsed, c̃=0.8769034069, g_norm=6.79e-04
  p=12 start 1: 105 evals, 7439.0s elapsed, c̃=0.8769052809, g_norm=8.15e-04
  p=12 start 1: 106 evals, 7508.9s elapsed, c̃=0.8769029117, g_norm=6.97e-04
  p=12 start 1: 107 evals, 7579.5s elapsed, c̃=0.8769041074, g_norm=6.28e-04
  p=12 start 1: 108 evals, 7649.7s elapsed, c̃=0.8769040530, g_norm=5.98e-04
  p=12 start 1: 109 evals, 7719.8s elapsed, c̃=0.8769044626, g_norm=6.17e-04
  p=12 start 1: 110 evals, 7789.9s elapsed, c̃=0.8769033627, g_norm=5.77e-04
  p=12 start 1: 111 evals, 7861.4s elapsed, c̃=0.8769039256, g_norm=6.99e-04
  p=12 start 1: 112 evals, 7934.7s elapsed, c̃=0.8769039046, g_norm=6.43e-04
  p=12 start 1: 113 evals, 8005.2s elapsed, c̃=0.8769027757, g_norm=5.89e-04
  p=12 start 1: 114 evals, 8075.4s elapsed, c̃=0.8769041036, g_norm=6.11e-04
  p=12 start 1: 115 evals, 8151.4s elapsed, c̃=0.8769028524, g_norm=5.99e-04
  p=12 start 1: 116 evals, 8222.5s elapsed, c̃=0.8769038962, g_norm=5.85e-04
  p=12 start 1: 117 evals, 8293.2s elapsed, c̃=0.8769031180, g_norm=6.23e-04
  p=12 start 1: 118 evals, 8363.8s elapsed, c̃=0.8769040077, g_norm=3.76e-04
  p=12 start 1: 119 evals, 8435.1s elapsed, c̃=0.8769032365, g_norm=2.53e-03
  p=12 start 1: 120 evals, 8505.2s elapsed, c̃=0.8769039859, g_norm=4.54e-04
  p=12 start 1: 121 evals, 8576.9s elapsed, c̃=0.8769051111, g_norm=2.60e-04
  p=12 start 1: 122 evals, 8647.2s elapsed, c̃=0.8769032627, g_norm=1.34e-03
  p=12 start 1: 123 evals, 8722.0s elapsed, c̃=0.8769041016, g_norm=2.49e-04
  p=12 start 1: 124 evals, 8791.9s elapsed, c̃=0.8769034905, g_norm=2.37e-04
  p=12 start 1: 125 evals, 8866.3s elapsed, c̃=0.8769035086, g_norm=1.14e-03
  p=12 start 1: 126 evals, 8936.6s elapsed, c̃=0.8769050123, g_norm=2.78e-04
  p=12 start 1: 127 evals, 9006.7s elapsed, c̃=0.8769041716, g_norm=1.03e-04
  p=12 start 1: 128 evals, 9077.9s elapsed, c̃=0.8769039778, g_norm=8.47e-04
  p=12 start 1: 129 evals, 9150.5s elapsed, c̃=0.8769047220, g_norm=1.84e-04
  p=12 start 1: 130 evals, 9224.5s elapsed, c̃=0.8769024352, g_norm=2.30e-04
  p=12 start 1: 131 evals, 9294.7s elapsed, c̃=0.8769046204, g_norm=2.34e-04
  p=12 start 1: 132 evals, 9368.9s elapsed, c̃=0.8769046205, g_norm=2.08e-04
  p=12 start 1: 133 evals, 9440.2s elapsed, c̃=0.8769044777, g_norm=6.19e-04
  p=12 start 1: 134 evals, 9511.6s elapsed, c̃=0.8769044034, g_norm=2.01e-04
  p=12 start 1: 135 evals, 9581.4s elapsed, c̃=0.8769046310, g_norm=5.06e-04
  p=12 start 1: 136 evals, 9654.4s elapsed, c̃=0.8769032509, g_norm=3.28e-04
  p=12 start 1: 137 evals, 9731.4s elapsed, c̃=0.8769044718, g_norm=3.26e-04
  p=12 start 1: 138 evals, 9804.3s elapsed, c̃=0.8769038085, g_norm=3.00e-04
  p=12 start 1: 139 evals, 9877.4s elapsed, c̃=0.8769039425, g_norm=2.90e-04
  p=12 start 1: 140 evals, 9949.6s elapsed, c̃=0.8769043184, g_norm=2.25e-04
  p=12 start 1: 141 evals, 10023.4s elapsed, c̃=0.8769035588, g_norm=6.52e-04
  p=12 start 1: 142 evals, 10093.6s elapsed, c̃=0.8769041215, g_norm=2.50e-04
  p=12 start 1: 143 evals, 10164.0s elapsed, c̃=0.8769037715, g_norm=3.53e-04
  p=12 start 1: 144 evals, 10239.8s elapsed, c̃=0.8769039053, g_norm=7.46e-04
  p=12 start 1: 145 evals, 10310.2s elapsed, c̃=0.8769061787, g_norm=5.35e-04
  p=12 start 1: 146 evals, 10381.3s elapsed, c̃=0.8769056144, g_norm=3.25e-04
  p=12 start 1: 147 evals, 10451.2s elapsed, c̃=0.8769048021, g_norm=4.61e-04
  p=12 start 1: 148 evals, 10523.0s elapsed, c̃=0.8769039831, g_norm=2.11e-04
  p=12 start 1: 149 evals, 10592.0s elapsed, c̃=0.8769044884, g_norm=4.46e-04
  p=12 start 1: 150 evals, 10662.6s elapsed, c̃=0.8769039951, g_norm=2.03e-04
  p=12 start 1: 151 evals, 10732.5s elapsed, c̃=0.8769035732, g_norm=3.18e-04
  p=12 start 1: 152 evals, 10802.4s elapsed, c̃=0.8769035032, g_norm=2.18e-04
  p=12 start 1: 153 evals, 10872.9s elapsed, c̃=0.8769045725, g_norm=1.86e-04
  p=12 start 1: 154 evals, 10942.7s elapsed, c̃=0.8769058923, g_norm=4.87e-04
  p=12 start 1: 155 evals, 11013.1s elapsed, c̃=0.8769044784, g_norm=1.84e-04
  p=12 start 1: 156 evals, 11082.7s elapsed, c̃=0.8769043838, g_norm=3.51e-04
  p=12 start 1: 157 evals, 11152.4s elapsed, c̃=0.8769038938, g_norm=1.22e-04
  p=12 start 1: 158 evals, 11222.4s elapsed, c̃=0.8769047251, g_norm=2.53e-04
  p=12 start 1: 159 evals, 11294.0s elapsed, c̃=0.8769041527, g_norm=5.81e-04
  p=12 start 1: 160 evals, 11365.3s elapsed, c̃=0.8769042355, g_norm=2.11e-04
  p=12 start 1: 161 evals, 11435.1s elapsed, c̃=0.8769041788, g_norm=1.47e-04
  p=12 start 1: 162 evals, 11510.8s elapsed, c̃=0.8769036741, g_norm=3.15e-04
  p=12 start 1: 163 evals, 11582.8s elapsed, c̃=0.8769055522, g_norm=2.10e-04
  p=12 start 1: 164 evals, 11653.3s elapsed, c̃=0.8769050519, g_norm=4.72e-04
  p=12 start 1: 165 evals, 11723.7s elapsed, c̃=0.8769040478, g_norm=5.13e-04
  p=12 start 1: 166 evals, 11794.6s elapsed, c̃=0.8769048271, g_norm=2.03e-04
  p=12 start 1: 167 evals, 11864.9s elapsed, c̃=0.8769048376, g_norm=2.01e-04
  p=12 start 1: 168 evals, 11938.5s elapsed, c̃=0.8769040580, g_norm=2.54e-04
  p=12 start 1: 169 evals, 12008.4s elapsed, c̃=0.8769039777, g_norm=1.94e-04
  p=12 start 1: 170 evals, 12079.3s elapsed, c̃=0.8769055895, g_norm=2.44e-04
  p=12 start 1: 171 evals, 12149.6s elapsed, c̃=0.8769053034, g_norm=1.73e-04
  p=12 start 1: 172 evals, 12219.2s elapsed, c̃=0.8769039869, g_norm=2.51e-04
  p=12 start 1: 173 evals, 12290.7s elapsed, c̃=0.8769034184, g_norm=3.52e-04
  p=12 start 1: 174 evals, 12361.4s elapsed, c̃=0.8769050875, g_norm=1.99e-04
  p=12 start 1: 175 evals, 12431.2s elapsed, c̃=0.8769039229, g_norm=2.19e-04
  p=12 start 1: 176 evals, 12503.0s elapsed, c̃=0.8769036260, g_norm=5.22e-04
  p=12 start 1: 177 evals, 12573.3s elapsed, c̃=0.8769042811, g_norm=4.35e-04
  p=12 start 1: 178 evals, 12643.9s elapsed, c̃=0.8769051778, g_norm=1.97e-04
  p=12 start 1: 179 evals, 12715.0s elapsed, c̃=0.8769053823, g_norm=2.27e-04
  p=12 start 1: 180 evals, 12785.5s elapsed, c̃=0.8769039289, g_norm=1.84e-04
  p=12 start 1: 181 evals, 12855.8s elapsed, c̃=0.8769052266, g_norm=3.05e-04
  p=12 start 1: 182 evals, 12931.4s elapsed, c̃=0.8769048030, g_norm=2.20e-04
  p=12 start 1: 183 evals, 13002.1s elapsed, c̃=0.8769037181, g_norm=2.83e-04
  p=12 start 1: 184 evals, 13075.1s elapsed, c̃=0.8769044407, g_norm=2.40e-04
  p=12 start 1: 185 evals, 13145.3s elapsed, c̃=0.8769042514, g_norm=2.91e-04
  p=12 start 1: 186 evals, 13214.9s elapsed, c̃=0.8769068005, g_norm=2.80e-04
  p=12 start 1: 187 evals, 13283.8s elapsed, c̃=0.8769044186, g_norm=3.94e-04
  p=12 start 1: 188 evals, 13351.8s elapsed, c̃=0.8769065224, g_norm=2.44e-04
  p=12 start 1: 189 evals, 13422.2s elapsed, c̃=0.8769060368, g_norm=3.31e-04
  p=12 start 1: 190 evals, 13492.6s elapsed, c̃=0.8769046942, g_norm=2.07e-04
  p=12 start 1: 191 evals, 13563.1s elapsed, c̃=0.8769058797, g_norm=2.45e-04
  p=12 start 1: 192 evals, 13632.9s elapsed, c̃=0.8769052475, g_norm=2.70e-04
  p=12 start 1: 193 evals, 13704.3s elapsed, c̃=0.8769060093, g_norm=3.31e-04
  p=12 start 1: 194 evals, 13776.4s elapsed, c̃=0.8769056686, g_norm=1.87e-04
  p=12 start 1: 195 evals, 13847.3s elapsed, c̃=0.8769052475, g_norm=2.70e-04
  p=12 start 1: 196 evals, 13922.2s elapsed, c̃=0.8769056686, g_norm=1.87e-04
  p=12 start 1: 197 evals, 13996.1s elapsed, c̃=0.8769052475, g_norm=2.70e-04
  p=12 start 1: 198 evals, 14071.0s elapsed, c̃=0.8769056686, g_norm=1.87e-04
  p=12 start 1: 199 evals, 14142.4s elapsed, c̃=0.8769052475, g_norm=2.70e-04
  p=12 start 1: 200 evals, 14215.2s elapsed, c̃=0.8769056686, g_norm=1.87e-04
  p=12 start 1: 201 evals, 14287.6s elapsed, c̃=0.8769052475, g_norm=2.70e-04
  p=12 start 1: 202 evals, 14357.9s elapsed, c̃=0.8769056686, g_norm=1.87e-04
  p=12 start 1: 203 evals, 14433.1s elapsed, c̃=0.8769052475, g_norm=2.70e-04
  p=12 start 1: 204 evals, 14503.4s elapsed, c̃=0.8769056686, g_norm=1.87e-04
  p=12 start 1: 205 evals, 14575.1s elapsed, c̃=0.8769045440, g_norm=2.76e-04
  p=12 start 1: 206 evals, 14644.9s elapsed, c̃=0.8769044810, g_norm=4.17e-04
  p=12 start 1: 207 evals, 14715.8s elapsed, c̃=0.8769038006, g_norm=4.58e-04
  p=12 start 1: 208 evals, 14785.8s elapsed, c̃=0.8769039878, g_norm=2.01e-04
  p=12 start 1: 209 evals, 14856.0s elapsed, c̃=0.8769041760, g_norm=1.81e-04
  p=12 start 1: 210 evals, 14927.0s elapsed, c̃=0.8769055825, g_norm=4.00e-04
  p=12 start 1: 211 evals, 14997.0s elapsed, c̃=0.8769050953, g_norm=3.40e-04
  p=12 start 1: 212 evals, 15067.4s elapsed, c̃=0.8769035320, g_norm=2.07e-04
  p=12 start 1: 213 evals, 15143.8s elapsed, c̃=0.8769053872, g_norm=2.48e-04
  p=12 start 1: 214 evals, 15218.5s elapsed, c̃=0.8769046298, g_norm=3.68e-04
  p=12 start 1: 215 evals, 15294.8s elapsed, c̃=0.8769042186, g_norm=2.22e-04
  p=12 start 1: 216 evals, 15368.4s elapsed, c̃=0.8769048207, g_norm=1.61e-04
  p=12 start 1: 217 evals, 15441.5s elapsed, c̃=0.8769061109, g_norm=3.16e-04
  p=12 start 1: 218 evals, 15511.5s elapsed, c̃=0.8769037945, g_norm=2.15e-04
  p=12 start 1: 219 evals, 15583.7s elapsed, c̃=0.8769048718, g_norm=5.56e-04
  p=12 start 1: 220 evals, 15654.5s elapsed, c̃=0.8769036880, g_norm=2.42e-04
  p=12 start 1: 221 evals, 15724.5s elapsed, c̃=0.8769042735, g_norm=3.27e-04
  p=12 start 1: 222 evals, 15794.2s elapsed, c̃=0.8769042980, g_norm=1.28e-04
  p=12 start 1: 223 evals, 15862.6s elapsed, c̃=0.8769042685, g_norm=2.07e-04
  p=12 start 1: 224 evals, 15933.4s elapsed, c̃=0.8769043115, g_norm=3.29e-04
  p=12 start 1: 225 evals, 16005.0s elapsed, c̃=0.8769049498, g_norm=2.99e-04
  p=12 start 1: 226 evals, 16075.4s elapsed, c̃=0.8769042989, g_norm=5.23e-04
  p=12 start 1: 227 evals, 16148.3s elapsed, c̃=0.8769053202, g_norm=3.27e-04
  p=12 start 1: 228 evals, 16219.1s elapsed, c̃=0.8769056124, g_norm=4.62e-04
  p=12 start 1: 229 evals, 16289.5s elapsed, c̃=0.8769046719, g_norm=5.13e-04
  p=12 start 1: 230 evals, 16358.8s elapsed, c̃=0.8769044657, g_norm=2.78e-04
  p=12 start 1: 231 evals, 16431.7s elapsed, c̃=0.8769041714, g_norm=1.49e-04
  p=12 start 1: 232 evals, 16502.7s elapsed, c̃=0.8769040742, g_norm=3.34e-04
  p=12 start 1: 233 evals, 16572.9s elapsed, c̃=0.8769044053, g_norm=4.99e-04
  p=12 start 1: 234 evals, 16642.8s elapsed, c̃=0.8769054056, g_norm=2.34e-04
  p=12 start 1: 235 evals, 16712.9s elapsed, c̃=0.8769032836, g_norm=4.21e-04
  p=12 start 1: 236 evals, 16785.8s elapsed, c̃=0.8769048450, g_norm=1.91e-04
  p=12 start 1: 237 evals, 16855.7s elapsed, c̃=0.8769057824, g_norm=1.98e-04
  p=12 start 1: 238 evals, 16925.8s elapsed, c̃=0.8769035328, g_norm=2.20e-04
  p=12 start 1: 239 evals, 16996.5s elapsed, c̃=0.8769042003, g_norm=1.95e-04
  p=12 start 1: 240 evals, 17066.5s elapsed, c̃=0.8769028190, g_norm=2.06e-04
  p=12 start 1: 241 evals, 17136.8s elapsed, c̃=0.8769037846, g_norm=2.26e-04
  p=12 start 1: 242 evals, 17207.7s elapsed, c̃=0.8769050525, g_norm=1.47e-04
  p=12 start 1: 243 evals, 17279.7s elapsed, c̃=0.8769049876, g_norm=2.32e-04
  p=12 start 1: 244 evals, 17353.0s elapsed, c̃=0.8769052726, g_norm=1.97e-04
  p=12 start 1: 245 evals, 17423.7s elapsed, c̃=0.8769045615, g_norm=2.98e-04
  p=12 start 1: 246 evals, 17494.0s elapsed, c̃=0.8769061520, g_norm=3.27e-04
  p=12 start 1: 247 evals, 17564.9s elapsed, c̃=0.8769047172, g_norm=1.97e-04
  p=12 start 1: 248 evals, 17636.6s elapsed, c̃=0.8769050565, g_norm=3.55e-04
  p=12 start 1: 249 evals, 17708.1s elapsed, c̃=0.8769047494, g_norm=2.92e-04
  p=12 start 1: 250 evals, 17778.3s elapsed, c̃=0.8769040133, g_norm=2.05e-04
  p=12 start 1: 251 evals, 17850.7s elapsed, c̃=0.8769048917, g_norm=3.98e-04
  p=12 start 1: 252 evals, 17921.8s elapsed, c̃=0.8769038966, g_norm=2.48e-04
  p=12 start 1: 253 evals, 17995.5s elapsed, c̃=0.8769038515, g_norm=1.59e-04
  p=12 start 1: 254 evals, 18065.5s elapsed, c̃=0.8769048008, g_norm=5.23e-04
  p=12 start 1: 255 evals, 18136.1s elapsed, c̃=0.8769046508, g_norm=1.72e-04
  p=12 start 1: 256 evals, 18207.3s elapsed, c̃=0.8769047945, g_norm=4.23e-04
  p=12 start 1: 257 evals, 18277.3s elapsed, c̃=0.8769050957, g_norm=4.21e-04
  p=12 start 1: 258 evals, 18347.4s elapsed, c̃=0.8769050328, g_norm=3.73e-04
  p=12 start 1: 259 evals, 18417.5s elapsed, c̃=0.8769055629, g_norm=2.76e-04
  p=12 start 1: 260 evals, 18490.2s elapsed, c̃=0.8769051442, g_norm=3.05e-04
  p=12 start 1: 261 evals, 18567.9s elapsed, c̃=0.8769050796, g_norm=1.89e-04
  p=12 start 1: 262 evals, 18641.1s elapsed, c̃=0.8769055629, g_norm=2.76e-04
  p=12 start 1: 263 evals, 18711.8s elapsed, c̃=0.8769050796, g_norm=1.89e-04
  p=12 start 1: 264 evals, 18786.3s elapsed, c̃=0.8769055629, g_norm=2.76e-04
  p=12 start 1: 265 evals, 18856.8s elapsed, c̃=0.8769050796, g_norm=1.89e-04
  p=12 start 1: 266 evals, 18926.4s elapsed, c̃=0.8769055629, g_norm=2.76e-04
  p=12 start 1: 267 evals, 19001.7s elapsed, c̃=0.8769050796, g_norm=1.89e-04
  p=12 start 1: 268 evals, 19074.7s elapsed, c̃=0.8769055629, g_norm=2.76e-04
  p=12 start 1: 269 evals, 19145.6s elapsed, c̃=0.8769052937, g_norm=4.65e-04
  p=12 start 1: 270 evals, 19215.9s elapsed, c̃=0.8769039927, g_norm=4.00e-04
  p=12 start 1: 271 evals, 19291.8s elapsed, c̃=0.8769043884, g_norm=3.02e-04
  p=12 start 1: 272 evals, 19362.4s elapsed, c̃=0.8769037031, g_norm=2.51e-04
  p=12 start 1: 273 evals, 19435.4s elapsed, c̃=0.8769039684, g_norm=3.91e-04
  p=12 start 1: 274 evals, 19505.8s elapsed, c̃=0.8769042722, g_norm=2.14e-04
  p=12 start 1: 275 evals, 19577.3s elapsed, c̃=0.8769041281, g_norm=2.12e-04
  p=12 start 1: 276 evals, 19649.1s elapsed, c̃=0.8769046084, g_norm=2.87e-04
  p=12 start 1: 277 evals, 19720.0s elapsed, c̃=0.8769052742, g_norm=1.78e-04
  p=12 start 1: 278 evals, 19790.3s elapsed, c̃=0.8769038085, g_norm=9.04e-05
  p=12 start 1: 279 evals, 19863.4s elapsed, c̃=0.8769039220, g_norm=4.39e-04
  p=12 start 1: 280 evals, 19933.7s elapsed, c̃=0.8769042501, g_norm=5.99e-04
  p=12 start 1: 281 evals, 20002.6s elapsed, c̃=0.8769046029, g_norm=3.28e-04
  p=12 start 1: 282 evals, 20073.3s elapsed, c̃=0.8769033954, g_norm=2.33e-04
  p=12 start 1: 283 evals, 20144.3s elapsed, c̃=0.8769059687, g_norm=4.00e-04
  p=12 start 1: 284 evals, 20215.2s elapsed, c̃=0.8769037872, g_norm=5.18e-04
  p=12 start 1: 285 evals, 20290.3s elapsed, c̃=0.8769047731, g_norm=2.72e-04
  p=12 start 1: 286 evals, 20364.3s elapsed, c̃=0.8769053966, g_norm=1.23e-04
  p=12 start 1: 287 evals, 20436.7s elapsed, c̃=0.8769038435, g_norm=2.72e-04
  p=12 start 1: 288 evals, 20505.0s elapsed, c̃=0.8769037437, g_norm=2.37e-04
  p=12 start 1: 289 evals, 20575.8s elapsed, c̃=0.8769037773, g_norm=2.37e-04
  p=12 start 1: 290 evals, 20645.9s elapsed, c̃=0.8769049334, g_norm=2.50e-04
  p=13 start 1: 2 evals, 326.6s elapsed, c̃=0.8656095821, g_norm=3.21e-01
  p=13 start 1: 3 evals, 684.3s elapsed, c̃=0.5145399861, g_norm=1.88e-01
  p=13 start 1: 4 evals, 1030.3s elapsed, c̃=0.5572082334, g_norm=4.33e-01
  p=13 start 1: 5 evals, 1400.3s elapsed, c̃=0.7628450733, g_norm=7.50e-01
  p=13 start 1: 6 evals, 1746.2s elapsed, c̃=0.8751920249, g_norm=1.70e-01
  p=13 start 1: 7 evals, 2107.4s elapsed, c̃=0.8775023792, g_norm=6.53e-02
  p=13 start 1: 8 evals, 2443.8s elapsed, c̃=0.8548100921, g_norm=3.31e-01
  p=13 start 1: 9 evals, 2793.2s elapsed, c̃=0.8775856140, g_norm=5.25e-02
  p=13 start 1: 10 evals, 3137.9s elapsed, c̃=0.8780764737, g_norm=3.39e-02
  p=13 start 1: 11 evals, 3474.8s elapsed, c̃=0.8776562226, g_norm=6.02e-02
  p=13 start 1: 12 evals, 3827.9s elapsed, c̃=0.8783923853, g_norm=2.54e-02
  p=13 start 1: 13 evals, 4177.2s elapsed, c̃=0.8785492457, g_norm=2.40e-02
  p=13 start 1: 14 evals, 4530.4s elapsed, c̃=0.8785591081, g_norm=2.07e-02
  p=13 start 1: 15 evals, 4887.4s elapsed, c̃=0.8786821870, g_norm=1.65e-02
  p=13 start 1: 16 evals, 5238.7s elapsed, c̃=0.8788865875, g_norm=2.87e-02
  p=13 start 1: 17 evals, 5594.0s elapsed, c̃=0.8788920359, g_norm=2.69e-02
  p=13 start 1: 18 evals, 5944.6s elapsed, c̃=0.8791762910, g_norm=2.62e-02
  p=13 start 1: 19 evals, 6292.6s elapsed, c̃=0.8778012415, g_norm=1.01e-01
  p=13 start 1: 20 evals, 6649.2s elapsed, c̃=0.8792527792, g_norm=2.58e-02
  p=13 start 1: 21 evals, 7038.5s elapsed, c̃=0.8792526512, g_norm=2.58e-02
  p=13 start 1: 22 evals, 7388.6s elapsed, c̃=0.8796289358, g_norm=1.85e-02
  p=13 start 1: 23 evals, 7744.3s elapsed, c̃=0.8793475731, g_norm=5.11e-02
  p=13 start 1: 24 evals, 8103.6s elapsed, c̃=0.8799147976, g_norm=2.37e-02
  p=13 start 1: 25 evals, 8456.4s elapsed, c̃=0.8801770162, g_norm=2.76e-02
  p=13 start 1: 26 evals, 8803.8s elapsed, c̃=0.8802688910, g_norm=1.93e-02
  p=13 start 1: 27 evals, 9160.8s elapsed, c̃=0.8803951784, g_norm=9.82e-03
  p=13 start 1: 28 evals, 9554.8s elapsed, c̃=0.8804063655, g_norm=1.02e-02
  p=13 start 1: 29 evals, 9909.3s elapsed, c̃=0.8804457257, g_norm=6.49e-03
  p=13 start 1: 30 evals, 10264.9s elapsed, c̃=0.8802121234, g_norm=3.82e-02
  p=13 start 1: 31 evals, 10617.5s elapsed, c̃=0.8804407593, g_norm=8.41e-03
  p=13 start 1: 32 evals, 10988.0s elapsed, c̃=0.8804636078, g_norm=7.73e-03
  p=13 start 1: 33 evals, 11345.5s elapsed, c̃=0.8805236351, g_norm=1.44e-02
  p=13 start 1: 34 evals, 11703.6s elapsed, c̃=0.8794326767, g_norm=6.82e-02
  p=13 start 1: 35 evals, 12026.3s elapsed, c̃=0.8805279204, g_norm=1.54e-02
  p=13 start 1: 36 evals, 12365.7s elapsed, c̃=0.8806267929, g_norm=1.01e-02
  p=13 start 1: 37 evals, 12725.8s elapsed, c̃=0.8788963557, g_norm=7.43e-02
  p=13 start 1: 38 evals, 13047.8s elapsed, c̃=0.8806320894, g_norm=1.04e-02
  p=13 start 1: 39 evals, 13406.8s elapsed, c̃=0.8806793107, g_norm=5.51e-03
  p=13 start 1: 40 evals, 13727.7s elapsed, c̃=0.8806830113, g_norm=5.09e-03
  p=13 start 1: 41 evals, 14077.7s elapsed, c̃=0.8806856470, g_norm=3.86e-03
  p=13 start 1: 42 evals, 14431.0s elapsed, c̃=0.8806350504, g_norm=2.11e-02
  p=13 start 1: 43 evals, 14785.1s elapsed, c̃=0.8807006060, g_norm=6.08e-03
  p=13 start 1: 44 evals, 15137.9s elapsed, c̃=0.8807006561, g_norm=7.54e-03
  p=13 start 1: 45 evals, 15496.0s elapsed, c̃=0.8807102193, g_norm=3.00e-03
  p=13 start 1: 46 evals, 15866.3s elapsed, c̃=0.8806761810, g_norm=1.32e-02
  p=13 start 1: 47 evals, 16216.4s elapsed, c̃=0.8807074604, g_norm=3.90e-03
  p=13 start 1: 48 evals, 16568.1s elapsed, c̃=0.8807139539, g_norm=2.27e-03
  p=13 start 1: 49 evals, 16946.0s elapsed, c̃=0.8806861067, g_norm=6.05e-03
  p=13 start 1: 50 evals, 17267.4s elapsed, c̃=0.8807217888, g_norm=3.67e-03
  p=13 start 1: 51 evals, 17627.7s elapsed, c̃=0.8807230857, g_norm=5.63e-03
  p=13 start 1: 52 evals, 17981.9s elapsed, c̃=0.8807340888, g_norm=5.13e-03
  p=13 start 1: 53 evals, 18337.8s elapsed, c̃=0.8807335915, g_norm=4.12e-03
  p=13 start 1: 54 evals, 18692.1s elapsed, c̃=0.8806572149, g_norm=2.28e-02
  p=13 start 1: 55 evals, 19042.3s elapsed, c̃=0.8807324137, g_norm=2.39e-03
  p=13 start 1: 56 evals, 19403.3s elapsed, c̃=0.8807253094, g_norm=4.89e-03
  p=13 start 1: 57 evals, 19758.6s elapsed, c̃=0.8807255324, g_norm=2.30e-03
  p=13 start 1: 58 evals, 20113.9s elapsed, c̃=0.8807306050, g_norm=2.24e-03
  p=13 start 1: 59 evals, 20472.6s elapsed, c̃=0.8807267781, g_norm=2.72e-03
  p=13 start 1: 60 evals, 20793.8s elapsed, c̃=0.8807435379, g_norm=4.39e-03
  p=13 start 1: 61 evals, 21142.4s elapsed, c̃=0.8807210877, g_norm=2.91e-03
  p=13 start 1: 62 evals, 21498.8s elapsed, c̃=0.8807265814, g_norm=2.58e-03
  p=13 start 1: 63 evals, 21854.1s elapsed, c̃=0.8807246829, g_norm=2.91e-03
  p=13 start 1: 64 evals, 22205.6s elapsed, c̃=0.8807339458, g_norm=3.57e-03
  p=13 start 1: 65 evals, 22584.2s elapsed, c̃=0.8807288924, g_norm=2.25e-03
  p=13 start 1: 66 evals, 22942.2s elapsed, c̃=0.8807310490, g_norm=4.48e-03
  p=13 start 1: 67 evals, 23296.9s elapsed, c̃=0.8807318725, g_norm=3.89e-03
  p=13 start 1: 68 evals, 23647.4s elapsed, c̃=0.8807245484, g_norm=2.34e-03
  p=13 start 1: 69 evals, 24002.1s elapsed, c̃=0.8807312776, g_norm=2.74e-03
  p=13 start 1: 70 evals, 24361.0s elapsed, c̃=0.8807168011, g_norm=2.21e-03
  p=13 start 1: 71 evals, 24724.1s elapsed, c̃=0.8807232288, g_norm=2.23e-03
  p=13 start 1: 72 evals, 25046.8s elapsed, c̃=0.8807331149, g_norm=2.65e-03
  p=13 start 1: 73 evals, 25397.6s elapsed, c̃=0.8807209728, g_norm=3.53e-03
  p=13 start 1: 74 evals, 25784.0s elapsed, c̃=0.8807293351, g_norm=3.89e-03
  p=13 start 1: 75 evals, 26138.1s elapsed, c̃=0.8807356432, g_norm=3.44e-03
  p=13 start 1: 76 evals, 26489.7s elapsed, c̃=0.8807253294, g_norm=2.22e-03
  p=13 start 1: 77 evals, 26850.2s elapsed, c̃=0.8807293919, g_norm=4.71e-03
  p=13 start 1: 78 evals, 27203.7s elapsed, c̃=0.8807276660, g_norm=3.63e-03
  p=13 start 1: 79 evals, 27576.3s elapsed, c̃=0.8807263504, g_norm=3.03e-03
  p=13 start 1: 80 evals, 27928.4s elapsed, c̃=0.8807258038, g_norm=2.53e-03
  p=13 start 1: 81 evals, 28286.4s elapsed, c̃=0.8807210476, g_norm=2.20e-03
  p=13 start 1: 82 evals, 28643.6s elapsed, c̃=0.8807347324, g_norm=2.23e-03
  p=13 start 1: 83 evals, 28997.6s elapsed, c̃=0.8807284750, g_norm=6.08e-03
  p=13 start 1: 84 evals, 29357.3s elapsed, c̃=0.8807254740, g_norm=3.19e-03
  p=13 start 1: 85 evals, 29712.5s elapsed, c̃=0.8807188690, g_norm=3.07e-03
  p=13 start 1: 86 evals, 30060.6s elapsed, c̃=0.8807208363, g_norm=2.78e-03
  p=13 start 1: 87 evals, 30421.3s elapsed, c̃=0.8807252492, g_norm=2.46e-03
  p=13 start 1: 88 evals, 30783.7s elapsed, c̃=0.8807226112, g_norm=4.74e-03
  p=13 start 1: 89 evals, 31134.5s elapsed, c̃=0.8807332047, g_norm=2.89e-03
  p=13 start 1: 90 evals, 31476.3s elapsed, c̃=0.8807290270, g_norm=3.28e-03
  p=13 start 1: 91 evals, 31837.0s elapsed, c̃=0.8807344269, g_norm=2.19e-03
  p=13 start 1: 92 evals, 32159.8s elapsed, c̃=0.8807246273, g_norm=2.27e-03
  p=13 start 1: 93 evals, 32485.4s elapsed, c̃=0.8807242853, g_norm=2.93e-03
  p=13 start 1: 94 evals, 32839.9s elapsed, c̃=0.8807312726, g_norm=4.04e-03
  p=13 start 1: 95 evals, 33173.1s elapsed, c̃=0.8807308280, g_norm=3.58e-03
  p=13 start 1: 96 evals, 33525.1s elapsed, c̃=0.8807339156, g_norm=3.57e-03
  p=13 start 1: 97 evals, 33900.3s elapsed, c̃=0.8807332663, g_norm=3.60e-03
  p=13 start 1: 98 evals, 34258.7s elapsed, c̃=0.8807324801, g_norm=5.29e-03
  p=13 start 1: 99 evals, 34629.5s elapsed, c̃=0.8807334218, g_norm=2.24e-03
  p=13 start 1: 100 evals, 34988.0s elapsed, c̃=0.8807347999, g_norm=3.61e-03
  p=13 start 1: 101 evals, 35346.1s elapsed, c̃=0.8807324801, g_norm=5.29e-03
  p=13 start 1: 102 evals, 35699.4s elapsed, c̃=0.8807347999, g_norm=3.61e-03
  p=13 start 1: 103 evals, 36092.7s elapsed, c̃=0.8807343245, g_norm=2.72e-03
  p=13 start 1: 104 evals, 36444.9s elapsed, c̃=0.8807062180, g_norm=9.27e-03
  p=13 start 1: 105 evals, 36798.2s elapsed, c̃=0.8807355078, g_norm=2.04e-03
  p=13 start 1: 106 evals, 37154.9s elapsed, c̃=0.8807319529, g_norm=3.58e-03
  p=13 start 1: 107 evals, 37518.7s elapsed, c̃=0.8807312948, g_norm=2.96e-03
  p=13 start 1: 108 evals, 37884.0s elapsed, c̃=0.8807298558, g_norm=2.46e-03
  p=13 start 1: 109 evals, 38239.5s elapsed, c̃=0.8807342240, g_norm=1.75e-03
  p=13 start 1: 110 evals, 38592.5s elapsed, c̃=0.8807250689, g_norm=1.55e-03
  p=13 start 1: 111 evals, 38979.7s elapsed, c̃=0.8807240094, g_norm=2.83e-03
  p=13 start 1: 112 evals, 39342.5s elapsed, c̃=0.8807330140, g_norm=2.41e-03
  p=13 start 1: 113 evals, 39689.9s elapsed, c̃=0.8807358605, g_norm=2.14e-03
  p=13 start 1: 114 evals, 40050.3s elapsed, c̃=0.8807247923, g_norm=2.66e-03
  p=13 start 1: 115 evals, 40398.9s elapsed, c̃=0.8807371371, g_norm=1.89e-03
  p=13 start 1: 116 evals, 40755.2s elapsed, c̃=0.8807361897, g_norm=2.46e-03
  p=13 start 1: 117 evals, 41117.2s elapsed, c̃=0.8807275958, g_norm=1.76e-03
  p=13 start 1: 118 evals, 41478.4s elapsed, c̃=0.8807329252, g_norm=1.57e-03
  p=13 start 1: 119 evals, 41827.2s elapsed, c̃=0.8807245109, g_norm=3.47e-03
  p=13 start 1: 120 evals, 42184.7s elapsed, c̃=0.8807262660, g_norm=1.71e-03
  p=13 start 1: 121 evals, 42547.8s elapsed, c̃=0.8807296580, g_norm=4.45e-03
  p=13 start 1: 122 evals, 42916.8s elapsed, c̃=0.8807313662, g_norm=2.54e-03
  p=13 start 1: 123 evals, 43269.9s elapsed, c̃=0.8807244061, g_norm=2.65e-03
  p=13 start 1: 124 evals, 43632.5s elapsed, c̃=0.8807288954, g_norm=2.77e-03
  p=13 start 1: 125 evals, 43953.5s elapsed, c̃=0.8807288818, g_norm=2.11e-03
