Precompiling packages...
    QaoaXorsat Being precompiled by another process (pid: 0, pidfile: /home/stephenjordan_google_com/.julia/compiled/v1.12/QaoaXorsat/qgVWo_H0iNu.ji.pidfile)
 111608.1 ms  ✓ QaoaXorsat
  1 dependency successfully precompiled in 117 seconds. 52 already precompiled.
preserved run_id=20260401T022656-k3-d8-p11-15-r2-i320-s1234
preserved directory=/home/stephenjordan_google_com/qaoa-xorsat/scripts/../.project/results/optimization/runs/20260401T022656-k3-d8-p11-15-r2-i320-s1234
resuming from: /home/stephenjordan_google_com/qaoa-xorsat/.project/results/optimization/runs/20260331T233020-k3-d8-p1-15-r2-i320-s1234
warm-start from p=10: c̃=0.761973546975
[ Info: JIT warmup...
[ Info: JIT warmup complete, starting sweep
  p=11 start 1: 3 evals, 30.5s elapsed, c̃=0.6817089205, g_norm=4.77e-01
  p=11 start 1: 5 evals, 61.7s elapsed, c̃=0.7628118709, g_norm=7.64e-02
  p=11 start 1: 7 evals, 92.5s elapsed, c̃=0.7520984331, g_norm=1.61e-01
  p=11 start 1: 9 evals, 122.8s elapsed, c̃=0.7664007493, g_norm=4.01e-02
  p=11 start 1: 12 evals, 167.2s elapsed, c̃=0.7635513042, g_norm=1.83e-02
  p=11 start 1: 15 evals, 211.9s elapsed, c̃=0.7641140370, g_norm=2.09e-02
  p=11 start 1: 18 evals, 256.6s elapsed, c̃=0.7630045557, g_norm=4.05e-02
  p=11 start 1: 20 evals, 286.7s elapsed, c̃=0.7650054822, g_norm=5.59e-02
  p=11 start 1: 22 evals, 317.5s elapsed, c̃=0.7648043917, g_norm=3.41e-02
  p=11 start 1: 24 evals, 347.6s elapsed, c̃=0.7651970950, g_norm=3.60e-02
  p=11 start 1: 26 evals, 378.0s elapsed, c̃=0.7623834056, g_norm=3.15e-02
  p=11 start 1: 29 evals, 423.0s elapsed, c̃=0.7646444036, g_norm=5.63e-02
  p=11 start 1: 31 evals, 453.4s elapsed, c̃=0.7647410127, g_norm=2.26e-02
  p=11 start 1: 33 evals, 484.0s elapsed, c̃=0.7647285622, g_norm=3.77e-02
  p=11 start 1: 36 evals, 528.9s elapsed, c̃=0.7643927701, g_norm=3.12e-02
  p=11 start 1: 38 evals, 559.0s elapsed, c̃=0.7639982031, g_norm=4.44e-02
  p=11 start 1: 40 evals, 589.7s elapsed, c̃=0.7652711327, g_norm=2.73e-02
  p=11 start 1: 42 evals, 621.0s elapsed, c̃=0.7646545303, g_norm=3.11e-02
  p=11 start 1: 44 evals, 651.2s elapsed, c̃=0.7660367863, g_norm=3.36e-02
  p=11 start 1: 46 evals, 681.8s elapsed, c̃=0.7655726093, g_norm=2.80e-02
  p=11 start 1: 48 evals, 712.4s elapsed, c̃=0.7642175603, g_norm=3.45e-02
  p=11 start 1: 50 evals, 742.9s elapsed, c̃=0.7640718465, g_norm=4.22e-02
  p=11 start 1: 52 evals, 773.7s elapsed, c̃=0.7661614521, g_norm=3.95e-02
  p=11 start 1: 54 evals, 805.0s elapsed, c̃=0.7660858577, g_norm=5.85e-02
  p=11 start 1: 56 evals, 835.3s elapsed, c̃=0.7656676800, g_norm=3.82e-02
  p=11 start 1: 59 evals, 880.5s elapsed, c̃=0.7649521439, g_norm=4.23e-02
  p=11 start 1: 61 evals, 911.6s elapsed, c̃=0.7649521439, g_norm=4.23e-02
  p=11 start 1: 63 evals, 941.8s elapsed, c̃=0.7638242760, g_norm=3.54e-02
  p=11 start 1: 65 evals, 973.1s elapsed, c̃=0.7649888773, g_norm=5.83e-02
  p=11 start 1: 68 evals, 1017.9s elapsed, c̃=0.7656396132, g_norm=3.87e-02
  p=11 start 1: 70 evals, 1048.5s elapsed, c̃=0.7624959057, g_norm=3.06e-02
  p=11 start 1: 72 evals, 1079.5s elapsed, c̃=0.7647289029, g_norm=4.65e-02
  p=11 start 1: 74 evals, 1110.9s elapsed, c̃=0.7645501700, g_norm=2.80e-02
  p=11 start 1: 76 evals, 1141.9s elapsed, c̃=0.7636365504, g_norm=5.02e-02
  p=11 start 1: 78 evals, 1172.2s elapsed, c̃=0.7664073891, g_norm=3.50e-02
  p=11 start 1: 80 evals, 1202.9s elapsed, c̃=0.7654835403, g_norm=5.85e-02
  p=11 start 1: 82 evals, 1233.7s elapsed, c̃=0.7647661836, g_norm=3.10e-02
  p=11 start 1: 84 evals, 1264.8s elapsed, c̃=0.7651366616, g_norm=3.36e-02
  p=11 start 1: 86 evals, 1296.0s elapsed, c̃=0.7652436813, g_norm=2.83e-02
  p=11 start 1: 88 evals, 1326.5s elapsed, c̃=0.7661882293, g_norm=3.69e-02
  p=11 start 1: 90 evals, 1356.7s elapsed, c̃=0.7650104665, g_norm=1.98e-02
  p=11 start 1: 93 evals, 1401.6s elapsed, c̃=0.7663793825, g_norm=3.59e-02
  p=11 start 1: 96 evals, 1446.8s elapsed, c̃=0.7640764509, g_norm=2.28e-02
  p=11 start 1: 98 evals, 1477.4s elapsed, c̃=0.7652775067, g_norm=3.72e-02
  p=11 start 1: 100 evals, 1508.2s elapsed, c̃=0.7635129325, g_norm=4.50e-02
  p=11 start 1: 103 evals, 1553.8s elapsed, c̃=0.7651996524, g_norm=4.22e-02
  p=11 start 1: 105 evals, 1585.0s elapsed, c̃=0.7643554319, g_norm=3.89e-02
  p=11 start 1: 107 evals, 1616.2s elapsed, c̃=0.7644479904, g_norm=4.49e-02
  p=11 start 1: 109 evals, 1646.5s elapsed, c̃=0.7649387608, g_norm=2.99e-02
  p=11 start 1: 111 evals, 1677.2s elapsed, c̃=0.7655434322, g_norm=5.65e-02
  p=11 start 1: 113 evals, 1707.9s elapsed, c̃=0.7644023202, g_norm=4.97e-02
  p=11 start 1: 115 evals, 1738.5s elapsed, c̃=0.7648873932, g_norm=2.71e-02
  p=11 start 1: 117 evals, 1768.7s elapsed, c̃=0.7646546860, g_norm=4.93e-02
  p=11 start 1: 119 evals, 1800.0s elapsed, c̃=0.7664565868, g_norm=2.96e-02
  p=11 start 1: 121 evals, 1830.8s elapsed, c̃=0.7646861475, g_norm=4.78e-02
  p=11 start 1: 123 evals, 1861.5s elapsed, c̃=0.7639132780, g_norm=3.52e-02
  p=11 start 1: 125 evals, 1892.1s elapsed, c̃=0.7640517353, g_norm=4.33e-02
  p=11 start 1: 127 evals, 1922.8s elapsed, c̃=0.7648672416, g_norm=2.32e-02
  p=11 start 1: 129 evals, 1953.3s elapsed, c̃=0.7650713264, g_norm=3.90e-02
  p=11 start 1: 131 evals, 1984.3s elapsed, c̃=0.7653467104, g_norm=3.46e-02
  p=11 start 1: 133 evals, 2014.8s elapsed, c̃=0.7671645607, g_norm=8.13e-02
  p=11 start 1: 135 evals, 2045.1s elapsed, c̃=0.7668586399, g_norm=3.79e-02
  p=11 start 1: 137 evals, 2075.8s elapsed, c̃=0.7670685427, g_norm=7.45e-02
  p=11 start 1: 139 evals, 2107.1s elapsed, c̃=0.7646280771, g_norm=4.38e-02
  p=11 start 1: 141 evals, 2137.6s elapsed, c̃=0.7645682040, g_norm=3.99e-02
  p=11 start 1: 143 evals, 2168.7s elapsed, c̃=0.7633539626, g_norm=5.52e-02
  p=11 start 1: 145 evals, 2199.3s elapsed, c̃=0.7630503572, g_norm=3.44e-02
  p=11 start 1: 147 evals, 2229.6s elapsed, c̃=0.7645049859, g_norm=2.60e-02
  p=11 start 1: 149 evals, 2260.2s elapsed, c̃=0.7634336655, g_norm=3.85e-02
  p=11 start 1: 151 evals, 2291.2s elapsed, c̃=0.7632899753, g_norm=1.99e-02
  p=11 start 1: 153 evals, 2321.4s elapsed, c̃=0.7647375510, g_norm=2.76e-02
  p=11 start 1: 155 evals, 2351.6s elapsed, c̃=0.7643319743, g_norm=4.26e-02
  p=11 start 1: 158 evals, 2396.6s elapsed, c̃=0.7641971371, g_norm=3.69e-02
  p=11 start 1: 160 evals, 2426.7s elapsed, c̃=0.7644529134, g_norm=4.29e-02
  p=11 start 1: 162 evals, 2458.1s elapsed, c̃=0.7666344228, g_norm=3.18e-02
  p=11 start 1: 164 evals, 2489.5s elapsed, c̃=0.7659309434, g_norm=3.86e-02
  p=11 start 1: 166 evals, 2520.7s elapsed, c̃=0.7647005922, g_norm=5.66e-02
  p=11 start 1: 168 evals, 2552.0s elapsed, c̃=0.7643171236, g_norm=4.51e-02
  p=11 start 1: 170 evals, 2582.7s elapsed, c̃=0.7647092943, g_norm=6.47e-02
  p=11 start 1: 172 evals, 2612.8s elapsed, c̃=0.7663333631, g_norm=5.28e-02
  p=11 start 1: 174 evals, 2643.2s elapsed, c̃=0.7646783043, g_norm=5.33e-02
  p=11 start 1: 176 evals, 2673.8s elapsed, c̃=0.7638785238, g_norm=2.77e-02
  p=11 start 1: 178 evals, 2705.3s elapsed, c̃=0.7653419087, g_norm=4.11e-02
  p=11 start 1: 180 evals, 2735.6s elapsed, c̃=0.7634650155, g_norm=3.13e-02
  p=11 start 1: 182 evals, 2766.5s elapsed, c̃=0.7648452826, g_norm=4.46e-02
  p=11 start 1: 184 evals, 2797.1s elapsed, c̃=0.7645443863, g_norm=2.92e-02
  p=11 start 1: 186 evals, 2828.3s elapsed, c̃=0.7663466367, g_norm=4.92e-02
  p=11 start 1: 188 evals, 2859.0s elapsed, c̃=0.7673175103, g_norm=2.92e-02
  p=11 start 1: 190 evals, 2889.9s elapsed, c̃=0.7653990448, g_norm=3.39e-02
  p=11 start 1: 192 evals, 2920.5s elapsed, c̃=0.7637303045, g_norm=4.12e-02
  p=11 start 1: 194 evals, 2951.4s elapsed, c̃=0.7647441264, g_norm=3.53e-02
  p=11 start 1: 196 evals, 2982.6s elapsed, c̃=0.7644436848, g_norm=2.10e-02
  p=11 start 1: 198 evals, 3013.3s elapsed, c̃=0.7643312566, g_norm=8.20e-02
  p=11 start 1: 200 evals, 3043.3s elapsed, c̃=0.7654667200, g_norm=2.87e-02
  p=11 start 1: 202 evals, 3074.1s elapsed, c̃=0.7661234043, g_norm=2.33e-02
  p=11 start 1: 204 evals, 3104.9s elapsed, c̃=0.7645514328, g_norm=3.21e-02
  p=11 start 1: 206 evals, 3135.7s elapsed, c̃=0.7645562669, g_norm=5.49e-02
  p=11 start 1: 208 evals, 3166.4s elapsed, c̃=0.7648199022, g_norm=5.44e-02
  p=11 start 1: 210 evals, 3197.3s elapsed, c̃=0.7649510938, g_norm=4.30e-02
  p=11 start 1: 212 evals, 3228.1s elapsed, c̃=0.7657754981, g_norm=6.13e-02
  p=11 start 1: 214 evals, 3259.1s elapsed, c̃=0.7635080105, g_norm=3.06e-02
  p=11 start 1: 216 evals, 3289.9s elapsed, c̃=0.7638039695, g_norm=3.93e-02
  p=11 start 1: 218 evals, 3320.9s elapsed, c̃=0.7638541632, g_norm=2.12e-02
  p=11 start 1: 220 evals, 3351.7s elapsed, c̃=0.7636794147, g_norm=4.38e-02
  p=11 start 1: 222 evals, 3382.8s elapsed, c̃=0.7642221146, g_norm=5.86e-02
  p=11 start 1: 225 evals, 3427.7s elapsed, c̃=0.7649265923, g_norm=2.83e-02
  p=11 start 1: 228 evals, 3473.0s elapsed, c̃=0.7648412487, g_norm=7.26e-02
  p=11 start 1: 230 evals, 3503.7s elapsed, c̃=0.7669613871, g_norm=2.38e-02
  p=11 start 1: 232 evals, 3534.4s elapsed, c̃=0.7670373042, g_norm=3.19e-02
  p=11 start 1: 234 evals, 3564.4s elapsed, c̃=0.7671170864, g_norm=3.28e-02
  p=11 start 1: 236 evals, 3595.0s elapsed, c̃=0.7673175103, g_norm=2.92e-02
  p=11 start 1: 238 evals, 3625.6s elapsed, c̃=0.7673175103, g_norm=2.92e-02
  p=11 start 1: 240 evals, 3656.2s elapsed, c̃=0.7673175103, g_norm=2.92e-02
  p=11 start 1: 242 evals, 3686.7s elapsed, c̃=0.7673175103, g_norm=2.92e-02
  p=11 start 1: 244 evals, 3717.4s elapsed, c̃=0.7673175103, g_norm=2.92e-02
  p=11 start 1: 246 evals, 3749.2s elapsed, c̃=0.7673175103, g_norm=2.92e-02
  p=11 start 1: 248 evals, 3780.4s elapsed, c̃=0.7673175103, g_norm=2.92e-02
  p=11 start 1: 250 evals, 3811.5s elapsed, c̃=0.7673175103, g_norm=2.92e-02
  p=11 start 1: 252 evals, 3842.1s elapsed, c̃=0.7673175103, g_norm=2.92e-02
  p=11 start 1: 255 evals, 3886.8s elapsed, c̃=0.7670770370, g_norm=3.90e-02
  p=11 start 1: 257 evals, 3917.8s elapsed, c̃=0.7670770370, g_norm=3.90e-02
  p=11 start 1: 259 evals, 3948.4s elapsed, c̃=0.7670770370, g_norm=3.90e-02
  p=11 start 1: 261 evals, 3979.1s elapsed, c̃=0.7670770370, g_norm=3.90e-02
  p=11 start 1: 263 evals, 4009.5s elapsed, c̃=0.7670770370, g_norm=3.90e-02
  p=12 start 1: 2 evals, 69.3s elapsed, c̃=0.7985692289, g_norm=1.05e+00
  p=12 start 1: 3 evals, 137.3s elapsed, c̃=0.5247476637, g_norm=1.81e-01
  p=12 start 1: 4 evals, 205.1s elapsed, c̃=0.5360121458, g_norm=2.04e-01
  p=12 start 1: 5 evals, 273.1s elapsed, c̃=0.6306904188, g_norm=5.15e-01
  p=12 start 1: 6 evals, 344.6s elapsed, c̃=0.6556550946, g_norm=4.86e-01
  p=12 start 1: 7 evals, 414.3s elapsed, c̃=0.6951401753, g_norm=5.07e-01
  p=12 start 1: 8 evals, 482.6s elapsed, c̃=0.7336786818, g_norm=8.22e-01
  p=12 start 1: 9 evals, 552.4s elapsed, c̃=0.7375418471, g_norm=1.12e+00
  p=12 start 1: 10 evals, 621.9s elapsed, c̃=0.7486657968, g_norm=4.47e-01
  p=12 start 1: 11 evals, 690.1s elapsed, c̃=0.7457221741, g_norm=6.19e-01
  p=12 start 1: 12 evals, 758.0s elapsed, c̃=0.7689246559, g_norm=6.78e-01
  p=12 start 1: 13 evals, 827.7s elapsed, c̃=0.7757033649, g_norm=4.90e-01
  p=12 start 1: 14 evals, 895.8s elapsed, c̃=0.7528779268, g_norm=5.67e-01
  p=12 start 1: 15 evals, 964.1s elapsed, c̃=0.7571907038, g_norm=5.62e-01
  p=12 start 1: 16 evals, 1032.2s elapsed, c̃=0.7727793717, g_norm=1.43e+00
  p=12 start 1: 17 evals, 1102.0s elapsed, c̃=0.7994406210, g_norm=1.36e+00
  p=12 start 1: 18 evals, 1170.0s elapsed, c̃=0.7545234852, g_norm=4.84e-01
  p=12 start 1: 19 evals, 1239.9s elapsed, c̃=0.7448077923, g_norm=4.81e-01
  p=12 start 1: 20 evals, 1308.1s elapsed, c̃=0.7441859443, g_norm=6.11e-01
  p=12 start 1: 21 evals, 1378.0s elapsed, c̃=0.7523050691, g_norm=1.08e+00
  p=12 start 1: 22 evals, 1447.6s elapsed, c̃=0.7685680837, g_norm=7.26e-01
  p=12 start 1: 23 evals, 1517.1s elapsed, c̃=0.7695066429, g_norm=8.02e-01
  p=12 start 1: 24 evals, 1586.9s elapsed, c̃=0.7436161725, g_norm=4.25e-01
  p=12 start 1: 25 evals, 1656.7s elapsed, c̃=0.7738250514, g_norm=1.12e+00
  p=12 start 1: 26 evals, 1726.7s elapsed, c̃=0.7821490558, g_norm=9.96e-01
  p=12 start 1: 27 evals, 1795.0s elapsed, c̃=0.7642727904, g_norm=8.35e-01
  p=12 start 1: 28 evals, 1865.7s elapsed, c̃=0.7513246641, g_norm=7.18e-01
  p=12 start 1: 29 evals, 1935.6s elapsed, c̃=0.7609522401, g_norm=1.01e+00
  p=12 start 1: 30 evals, 2005.7s elapsed, c̃=0.7588202540, g_norm=9.30e-01
  p=12 start 1: 31 evals, 2074.1s elapsed, c̃=0.7447930466, g_norm=5.14e-01
  p=12 start 1: 32 evals, 2142.2s elapsed, c̃=0.7684327447, g_norm=8.23e-01
  p=12 start 1: 33 evals, 2210.8s elapsed, c̃=0.7583909857, g_norm=1.30e+00
  p=12 start 1: 34 evals, 2278.9s elapsed, c̃=0.7644390230, g_norm=8.77e-01
  p=12 start 1: 35 evals, 2347.1s elapsed, c̃=0.7615407738, g_norm=5.19e-01
  p=12 start 1: 36 evals, 2416.7s elapsed, c̃=0.7651502611, g_norm=1.18e+00
  p=12 start 1: 37 evals, 2484.9s elapsed, c̃=0.7527371043, g_norm=8.13e-01
  p=12 start 1: 38 evals, 2553.1s elapsed, c̃=0.7536617999, g_norm=5.56e-01
  p=12 start 1: 39 evals, 2621.6s elapsed, c̃=0.7608152172, g_norm=6.80e-01
  p=12 start 1: 40 evals, 2691.7s elapsed, c̃=0.7655037813, g_norm=1.11e+00
  p=12 start 1: 41 evals, 2760.0s elapsed, c̃=0.7704474659, g_norm=8.95e-01
  p=12 start 1: 42 evals, 2828.2s elapsed, c̃=0.7582871882, g_norm=1.11e+00
  p=12 start 1: 43 evals, 2896.8s elapsed, c̃=0.7407446814, g_norm=7.21e-01
  p=12 start 1: 44 evals, 2966.6s elapsed, c̃=0.7835345166, g_norm=9.68e-01
  p=12 start 1: 45 evals, 3036.3s elapsed, c̃=0.7637952049, g_norm=1.11e+00
  p=12 start 1: 46 evals, 3104.7s elapsed, c̃=0.7609241750, g_norm=7.37e-01
  p=12 start 1: 47 evals, 3173.2s elapsed, c̃=0.7592409469, g_norm=6.95e-01
  p=12 start 1: 48 evals, 3243.0s elapsed, c̃=0.7514584911, g_norm=8.44e-01
  p=12 start 1: 49 evals, 3312.9s elapsed, c̃=0.7514853616, g_norm=6.71e-01
  p=12 start 1: 50 evals, 3383.0s elapsed, c̃=0.7518998907, g_norm=1.06e+00
  p=12 start 1: 51 evals, 3451.0s elapsed, c̃=0.7605102633, g_norm=7.48e-01
  p=12 start 1: 52 evals, 3521.0s elapsed, c̃=0.7622112660, g_norm=4.99e-01
  p=12 start 1: 53 evals, 3589.2s elapsed, c̃=0.7809583315, g_norm=8.39e-01
  p=12 start 1: 54 evals, 3657.3s elapsed, c̃=0.7551466151, g_norm=6.97e-01
  p=12 start 1: 55 evals, 3726.9s elapsed, c̃=0.7574233512, g_norm=6.48e-01
  p=12 start 1: 56 evals, 3796.7s elapsed, c̃=0.7677720697, g_norm=8.97e-01
  p=12 start 1: 57 evals, 3864.9s elapsed, c̃=0.7375099274, g_norm=5.13e-01
  p=12 start 1: 58 evals, 3933.3s elapsed, c̃=0.7646972687, g_norm=5.99e-01
  p=12 start 1: 59 evals, 4002.0s elapsed, c̃=0.7757318582, g_norm=7.76e-01
  p=12 start 1: 60 evals, 4071.8s elapsed, c̃=0.7533019963, g_norm=1.23e+00
  p=12 start 1: 61 evals, 4141.7s elapsed, c̃=0.7706866557, g_norm=1.20e+00
  p=12 start 1: 62 evals, 4210.1s elapsed, c̃=0.7663377471, g_norm=1.15e+00
  p=12 start 1: 63 evals, 4279.9s elapsed, c̃=0.7503084267, g_norm=6.10e-01
  p=12 start 1: 64 evals, 4348.4s elapsed, c̃=0.7784039777, g_norm=7.59e-01
  p=12 start 1: 65 evals, 4417.1s elapsed, c̃=0.7673387512, g_norm=1.46e+00
  p=12 start 1: 66 evals, 4487.2s elapsed, c̃=0.7658529730, g_norm=8.17e-01
  p=12 start 1: 67 evals, 4555.5s elapsed, c̃=0.7714932422, g_norm=5.45e-01
  p=12 start 1: 68 evals, 4623.8s elapsed, c̃=0.7726206515, g_norm=7.23e-01
  p=12 start 1: 69 evals, 4692.1s elapsed, c̃=0.7461791423, g_norm=1.15e+00
  p=12 start 1: 70 evals, 4762.3s elapsed, c̃=0.7919848065, g_norm=6.85e-01
  p=12 start 1: 71 evals, 4832.5s elapsed, c̃=0.7858035115, g_norm=5.62e-01
  p=12 start 1: 72 evals, 4901.1s elapsed, c̃=0.7787967639, g_norm=7.65e-01
  p=12 start 1: 73 evals, 4971.3s elapsed, c̃=0.7836369399, g_norm=4.19e-01
  p=12 start 1: 74 evals, 5041.2s elapsed, c̃=0.7580413910, g_norm=8.07e-01
  p=12 start 1: 75 evals, 5109.5s elapsed, c̃=0.7573782316, g_norm=5.63e-01
  p=12 start 1: 76 evals, 5177.7s elapsed, c̃=0.7834184916, g_norm=6.73e-01
  p=12 start 1: 77 evals, 5247.6s elapsed, c̃=0.7950565225, g_norm=6.51e-01
  p=12 start 1: 78 evals, 5317.3s elapsed, c̃=0.7903740075, g_norm=1.02e+00
  p=12 start 1: 79 evals, 5385.6s elapsed, c̃=0.7881500457, g_norm=7.30e-01
  p=12 start 1: 80 evals, 5453.6s elapsed, c̃=0.7911107381, g_norm=8.48e-01
  p=12 start 1: 81 evals, 5521.6s elapsed, c̃=0.7873917156, g_norm=8.70e-01
  p=12 start 1: 82 evals, 5590.1s elapsed, c̃=0.7994406210, g_norm=1.36e+00
  p=12 start 1: 83 evals, 5658.5s elapsed, c̃=0.7873917156, g_norm=8.70e-01
  p=12 start 1: 84 evals, 5727.1s elapsed, c̃=0.7337321681, g_norm=3.85e-01
  p=12 start 1: 85 evals, 5795.5s elapsed, c̃=0.7413067887, g_norm=1.05e+00
  p=12 start 1: 86 evals, 5864.1s elapsed, c̃=0.7566216811, g_norm=4.34e-01
  p=12 start 1: 87 evals, 5932.4s elapsed, c̃=0.7747226188, g_norm=7.40e-01
  p=12 start 1: 88 evals, 6000.6s elapsed, c̃=0.7677821077, g_norm=6.13e-01
  p=12 start 1: 89 evals, 6069.0s elapsed, c̃=0.7903250495, g_norm=1.32e+00
  p=12 start 1: 90 evals, 6138.0s elapsed, c̃=0.7480426606, g_norm=6.55e-01
  p=12 start 1: 91 evals, 6206.4s elapsed, c̃=0.7898628827, g_norm=8.04e-01
  p=12 start 1: 92 evals, 6276.7s elapsed, c̃=0.7696505052, g_norm=4.26e-01
  p=12 start 1: 93 evals, 6347.1s elapsed, c̃=0.7415838145, g_norm=4.15e-01
  p=12 start 1: 94 evals, 6416.9s elapsed, c̃=0.7774880953, g_norm=8.11e-01
  p=12 start 1: 95 evals, 6485.2s elapsed, c̃=0.7603196349, g_norm=8.50e-01
  p=12 start 1: 96 evals, 6553.4s elapsed, c̃=0.7547507262, g_norm=7.90e-01
  p=12 start 1: 97 evals, 6623.0s elapsed, c̃=0.7493573929, g_norm=1.04e+00
  p=12 start 1: 98 evals, 6691.4s elapsed, c̃=0.7685629243, g_norm=7.69e-01
  p=12 start 1: 99 evals, 6760.0s elapsed, c̃=0.7765045562, g_norm=5.47e-01
  p=12 start 1: 100 evals, 6828.3s elapsed, c̃=0.7720476412, g_norm=1.18e+00
  p=12 start 1: 101 evals, 6896.9s elapsed, c̃=0.7621876575, g_norm=8.07e-01
  p=12 start 1: 102 evals, 6966.6s elapsed, c̃=0.7571005901, g_norm=1.56e+00
  p=12 start 1: 103 evals, 7036.6s elapsed, c̃=0.7762063931, g_norm=9.26e-01
  p=12 start 1: 104 evals, 7104.9s elapsed, c̃=0.7482019543, g_norm=3.64e-01
  p=12 start 1: 105 evals, 7173.2s elapsed, c̃=0.7713335214, g_norm=7.42e-01
  p=12 start 1: 106 evals, 7243.2s elapsed, c̃=0.7673401828, g_norm=1.02e+00
  p=12 start 1: 107 evals, 7313.3s elapsed, c̃=0.7781720138, g_norm=6.48e-01
  p=12 start 1: 108 evals, 7382.8s elapsed, c̃=0.7692812028, g_norm=7.85e-01
  p=12 start 1: 109 evals, 7451.2s elapsed, c̃=0.7602044846, g_norm=6.00e-01
  p=12 start 1: 110 evals, 7521.4s elapsed, c̃=0.7679674501, g_norm=1.07e+00
  p=12 start 1: 111 evals, 7589.6s elapsed, c̃=0.7410540704, g_norm=4.26e-01
  p=12 start 1: 112 evals, 7659.7s elapsed, c̃=0.7676183245, g_norm=9.34e-01
  p=12 start 1: 113 evals, 7729.7s elapsed, c̃=0.7766163008, g_norm=1.30e+00
  p=12 start 1: 114 evals, 7798.1s elapsed, c̃=0.7611078378, g_norm=7.33e-01
  p=12 start 1: 115 evals, 7866.6s elapsed, c̃=0.7600075499, g_norm=9.28e-01
  p=12 start 1: 116 evals, 7936.8s elapsed, c̃=0.7693393474, g_norm=3.43e-01
  p=12 start 1: 117 evals, 8006.4s elapsed, c̃=0.7681915193, g_norm=1.18e+00
  p=12 start 1: 118 evals, 8074.8s elapsed, c̃=0.7754516388, g_norm=1.14e+00
  p=12 start 1: 119 evals, 8143.7s elapsed, c̃=0.7518983283, g_norm=4.38e-01
  p=12 start 1: 120 evals, 8211.7s elapsed, c̃=0.7395409183, g_norm=2.77e-01
  p=12 start 1: 121 evals, 8280.2s elapsed, c̃=0.7766784164, g_norm=4.60e-01
  p=12 start 1: 122 evals, 8350.3s elapsed, c̃=0.7803795047, g_norm=1.12e+00
  p=12 start 1: 123 evals, 8420.2s elapsed, c̃=0.7697541447, g_norm=5.77e-01
  p=12 start 1: 124 evals, 8488.7s elapsed, c̃=0.7541523706, g_norm=5.58e-01
  p=12 start 1: 125 evals, 8557.2s elapsed, c̃=0.7517903006, g_norm=7.09e-01
  p=12 start 1: 126 evals, 8625.5s elapsed, c̃=0.7863473001, g_norm=1.14e+00
  p=12 start 1: 127 evals, 8694.0s elapsed, c̃=0.7660310827, g_norm=7.06e-01
  p=12 start 1: 128 evals, 8762.9s elapsed, c̃=0.7664115128, g_norm=4.07e-01
  p=12 start 1: 129 evals, 8831.2s elapsed, c̃=0.7634931569, g_norm=4.43e-01
  p=12 start 1: 130 evals, 8900.1s elapsed, c̃=0.7673154424, g_norm=4.91e-01
  p=12 start 1: 131 evals, 8968.9s elapsed, c̃=0.7566694763, g_norm=9.77e-01
  p=12 start 1: 132 evals, 9037.3s elapsed, c̃=0.7789041440, g_norm=7.69e-01
  p=12 start 1: 133 evals, 9107.3s elapsed, c̃=0.7626419444, g_norm=6.31e-01
  p=12 start 1: 134 evals, 9177.3s elapsed, c̃=0.7462895335, g_norm=9.48e-01
  p=12 start 1: 135 evals, 9245.5s elapsed, c̃=0.7628834657, g_norm=9.63e-01
  p=12 start 1: 136 evals, 9315.6s elapsed, c̃=0.7598805698, g_norm=6.84e-01
  p=12 start 1: 137 evals, 9384.2s elapsed, c̃=0.7783565701, g_norm=6.91e-01
  p=12 start 1: 138 evals, 9454.1s elapsed, c̃=0.7649616357, g_norm=6.09e-01
  p=12 start 1: 139 evals, 9522.9s elapsed, c̃=0.7494808945, g_norm=8.26e-01
  p=12 start 1: 140 evals, 9591.5s elapsed, c̃=0.7387817537, g_norm=1.25e+00
  p=12 start 1: 141 evals, 9660.0s elapsed, c̃=0.7592399962, g_norm=1.30e+00
  p=12 start 1: 142 evals, 9728.7s elapsed, c̃=0.7588812108, g_norm=4.16e-01
  p=12 start 1: 143 evals, 9797.2s elapsed, c̃=0.7780728453, g_norm=8.04e-01
  p=12 start 1: 144 evals, 9867.2s elapsed, c̃=0.7919504928, g_norm=8.88e-01
  p=12 start 1: 145 evals, 9937.8s elapsed, c̃=0.7841580915, g_norm=5.88e-01
  p=12 start 1: 146 evals, 10006.3s elapsed, c̃=0.7898628827, g_norm=8.04e-01
  p=12 start 1: 147 evals, 10076.3s elapsed, c̃=0.7841580915, g_norm=5.88e-01
  p=12 start 1: 148 evals, 10146.0s elapsed, c̃=0.7898628827, g_norm=8.04e-01
  p=12 start 1: 149 evals, 10216.2s elapsed, c̃=0.7841580915, g_norm=5.88e-01
  p=12 start 1: 150 evals, 10284.7s elapsed, c̃=0.7898628827, g_norm=8.04e-01
  p=12 start 1: 151 evals, 10354.9s elapsed, c̃=0.7841580915, g_norm=5.88e-01
  p=12 start 1: 152 evals, 10424.7s elapsed, c̃=0.7898628827, g_norm=8.04e-01
  p=12 start 1: 153 evals, 10493.0s elapsed, c̃=0.7841580915, g_norm=5.88e-01
  p=12 start 1: 154 evals, 10561.3s elapsed, c̃=0.7898628827, g_norm=8.04e-01
  p=12 start 1: 155 evals, 10629.6s elapsed, c̃=0.7841580915, g_norm=5.88e-01
  p=12 start 1: 156 evals, 10698.1s elapsed, c̃=0.7898628827, g_norm=8.04e-01
  p=12 start 1: 157 evals, 10766.6s elapsed, c̃=0.7841580915, g_norm=5.88e-01
  p=12 start 1: 158 evals, 10836.8s elapsed, c̃=0.7898628827, g_norm=8.04e-01
  p=12 start 1: 2 evals, 66.7s elapsed, c̃=0.7919504928, g_norm=8.88e-01
  p=12 start 1: 3 evals, 135.4s elapsed, c̃=0.5108503127, g_norm=6.66e-02
  p=12 start 1: 4 evals, 204.2s elapsed, c̃=0.5136816623, g_norm=9.99e-02
  p=12 start 1: 5 evals, 274.7s elapsed, c̃=0.5906919611, g_norm=2.34e-01
  p=12 start 1: 6 evals, 345.1s elapsed, c̃=0.6130821179, g_norm=3.39e-01
  p=12 start 1: 7 evals, 413.4s elapsed, c̃=0.7045327448, g_norm=5.57e-01
  p=12 start 1: 8 evals, 483.4s elapsed, c̃=0.7420987827, g_norm=8.85e-01
  p=12 start 1: 9 evals, 552.2s elapsed, c̃=0.7525198718, g_norm=8.04e-01
  p=12 start 1: 10 evals, 620.7s elapsed, c̃=0.7512270079, g_norm=6.55e-01
  p=12 start 1: 11 evals, 690.4s elapsed, c̃=0.7388634241, g_norm=7.45e-01
  p=12 start 1: 12 evals, 758.5s elapsed, c̃=0.7507819139, g_norm=6.88e-01
  p=12 start 1: 13 evals, 826.8s elapsed, c̃=0.7539334885, g_norm=8.33e-01
  p=12 start 1: 14 evals, 895.1s elapsed, c̃=0.7674558847, g_norm=6.74e-01
  p=12 start 1: 15 evals, 963.5s elapsed, c̃=0.7559331547, g_norm=1.31e+00
  p=12 start 1: 16 evals, 1031.8s elapsed, c̃=0.7664341457, g_norm=7.50e-01
  p=12 start 1: 17 evals, 1101.7s elapsed, c̃=0.7741781000, g_norm=1.74e+00
  p=12 start 1: 18 evals, 1169.9s elapsed, c̃=0.7589464212, g_norm=7.31e-01
  p=12 start 1: 19 evals, 1239.5s elapsed, c̃=0.7571788622, g_norm=6.96e-01
  p=12 start 1: 20 evals, 1307.8s elapsed, c̃=0.7620612945, g_norm=8.30e-01
  p=12 start 1: 21 evals, 1377.7s elapsed, c̃=0.7670232688, g_norm=9.60e-01
  p=12 start 1: 22 evals, 1447.6s elapsed, c̃=0.7512929035, g_norm=3.78e-01
  p=12 start 1: 23 evals, 1516.3s elapsed, c̃=0.7856251113, g_norm=9.75e-01
  p=12 start 1: 24 evals, 1586.5s elapsed, c̃=0.7653460659, g_norm=6.75e-01
  p=12 start 1: 25 evals, 1654.9s elapsed, c̃=0.7547029020, g_norm=6.71e-01
  p=12 start 1: 26 evals, 1723.5s elapsed, c̃=0.7565212642, g_norm=5.76e-01
  p=12 start 1: 27 evals, 1793.6s elapsed, c̃=0.7680698931, g_norm=8.96e-01
  p=12 start 1: 28 evals, 1861.9s elapsed, c̃=0.7596930340, g_norm=8.15e-01
  p=12 start 1: 29 evals, 1931.8s elapsed, c̃=0.7954156606, g_norm=8.29e-01
  p=12 start 1: 30 evals, 1999.9s elapsed, c̃=0.7884032058, g_norm=9.74e-01
  p=12 start 1: 31 evals, 2068.2s elapsed, c̃=0.7569976229, g_norm=6.05e-01
  p=12 start 1: 32 evals, 2138.0s elapsed, c̃=0.7568951229, g_norm=7.38e-01
  p=12 start 1: 33 evals, 2209.2s elapsed, c̃=0.7487790416, g_norm=4.67e-01
  p=12 start 1: 34 evals, 2279.3s elapsed, c̃=0.7643904636, g_norm=1.33e+00
  p=12 start 1: 35 evals, 2350.5s elapsed, c̃=0.7773806666, g_norm=1.60e+00
  p=12 start 1: 36 evals, 2420.6s elapsed, c̃=0.7561832433, g_norm=1.22e+00
  p=12 start 1: 37 evals, 2489.0s elapsed, c̃=0.7632724997, g_norm=9.24e-01
  p=12 start 1: 38 evals, 2559.2s elapsed, c̃=0.7662767695, g_norm=6.40e-01
  p=12 start 1: 39 evals, 2629.3s elapsed, c̃=0.7353962204, g_norm=3.73e-01
  p=12 start 1: 40 evals, 2697.8s elapsed, c̃=0.7399392811, g_norm=8.42e-01
  p=12 start 1: 41 evals, 2766.4s elapsed, c̃=0.7561234179, g_norm=6.45e-01
  p=12 start 1: 42 evals, 2836.6s elapsed, c̃=0.7518775571, g_norm=3.52e-01
  p=12 start 1: 43 evals, 2905.1s elapsed, c̃=0.7696538179, g_norm=9.16e-01
  p=12 start 1: 44 evals, 2973.8s elapsed, c̃=0.7502967248, g_norm=7.73e-01
  p=12 start 1: 45 evals, 3042.5s elapsed, c̃=0.7487850500, g_norm=1.31e+00
  p=12 start 1: 46 evals, 3111.2s elapsed, c̃=0.7735321120, g_norm=7.31e-01
  p=12 start 1: 47 evals, 3181.0s elapsed, c̃=0.7589956268, g_norm=1.06e+00
  p=12 start 1: 48 evals, 3249.7s elapsed, c̃=0.7607437077, g_norm=7.76e-01
  p=12 start 1: 49 evals, 3318.1s elapsed, c̃=0.7749375577, g_norm=6.43e-01
  p=12 start 1: 50 evals, 3388.2s elapsed, c̃=0.7858395609, g_norm=9.49e-01
  p=12 start 1: 51 evals, 3458.5s elapsed, c̃=0.7651281140, g_norm=7.11e-01
  p=12 start 1: 52 evals, 3526.7s elapsed, c̃=0.7806848439, g_norm=7.44e-01
  p=12 start 1: 53 evals, 3595.3s elapsed, c̃=0.7527714010, g_norm=6.83e-01
  p=12 start 1: 54 evals, 3663.7s elapsed, c̃=0.7486401423, g_norm=5.94e-01
  p=12 start 1: 55 evals, 3731.9s elapsed, c̃=0.7521955738, g_norm=5.75e-01
  p=12 start 1: 56 evals, 3800.7s elapsed, c̃=0.7812343802, g_norm=1.26e+00
  p=12 start 1: 57 evals, 3869.1s elapsed, c̃=0.7516443449, g_norm=6.66e-01
  p=12 start 1: 58 evals, 3937.6s elapsed, c̃=0.7600329034, g_norm=5.96e-01
  p=12 start 1: 59 evals, 4007.9s elapsed, c̃=0.7649979456, g_norm=8.09e-01
  p=12 start 1: 60 evals, 4076.1s elapsed, c̃=0.7588082086, g_norm=5.30e-01
  p=12 start 1: 61 evals, 4147.8s elapsed, c̃=0.7736705469, g_norm=7.71e-01
  p=12 start 1: 62 evals, 4217.9s elapsed, c̃=0.7690253055, g_norm=3.95e-01
  p=12 start 1: 63 evals, 4287.9s elapsed, c̃=0.7650165392, g_norm=1.56e+00
  p=12 start 1: 64 evals, 4356.1s elapsed, c̃=0.7737961817, g_norm=6.39e-01
  p=12 start 1: 65 evals, 4425.3s elapsed, c̃=0.7835976060, g_norm=1.89e+00
  p=12 start 1: 66 evals, 4497.3s elapsed, c̃=0.7951269814, g_norm=8.96e-01
  p=12 start 1: 67 evals, 4567.4s elapsed, c̃=0.7822289004, g_norm=1.05e+00
  p=12 start 1: 68 evals, 4636.7s elapsed, c̃=0.8013490790, g_norm=1.02e+00
  p=12 start 1: 69 evals, 4705.3s elapsed, c̃=0.7864187465, g_norm=4.57e-01
  p=12 start 1: 70 evals, 4775.3s elapsed, c̃=0.7919755189, g_norm=6.96e-01
  p=12 start 1: 71 evals, 4845.1s elapsed, c̃=0.7686591538, g_norm=5.56e-01
  p=12 start 1: 72 evals, 4913.5s elapsed, c̃=0.7675195118, g_norm=8.59e-01
  p=12 start 1: 73 evals, 4981.8s elapsed, c̃=0.7301100491, g_norm=4.68e-01
  p=12 start 1: 74 evals, 5050.7s elapsed, c̃=0.7344255898, g_norm=8.36e-01
  p=12 start 1: 75 evals, 5119.3s elapsed, c̃=0.7321623232, g_norm=3.69e-01
  p=12 start 1: 76 evals, 5187.9s elapsed, c̃=0.7712983696, g_norm=6.40e-01
  p=12 start 1: 77 evals, 5258.0s elapsed, c̃=0.7732244895, g_norm=7.75e-01
  p=12 start 1: 78 evals, 5328.0s elapsed, c̃=0.7614104689, g_norm=1.27e+00
  p=12 start 1: 79 evals, 5396.6s elapsed, c̃=0.7547271241, g_norm=5.98e-01
  p=12 start 1: 80 evals, 5466.4s elapsed, c̃=0.7717805797, g_norm=8.36e-01
  p=12 start 1: 81 evals, 5535.2s elapsed, c̃=0.7791620661, g_norm=1.18e+00
  p=12 start 1: 82 evals, 5604.2s elapsed, c̃=0.7782902670, g_norm=1.10e+00
  p=12 start 1: 83 evals, 5672.7s elapsed, c̃=0.7634908809, g_norm=1.05e+00
  p=12 start 1: 84 evals, 5740.8s elapsed, c̃=0.7760672472, g_norm=5.90e-01
  p=12 start 1: 85 evals, 5810.8s elapsed, c̃=0.7708751727, g_norm=1.01e+00
  p=12 start 1: 86 evals, 5880.6s elapsed, c̃=0.7621364767, g_norm=7.46e-01
  p=12 start 1: 87 evals, 5948.7s elapsed, c̃=0.7805484904, g_norm=6.84e-01
  p=12 start 1: 88 evals, 6017.5s elapsed, c̃=0.7506825993, g_norm=7.79e-01
  p=12 start 1: 89 evals, 6087.2s elapsed, c̃=0.7631239816, g_norm=5.95e-01
  p=12 start 1: 90 evals, 6156.1s elapsed, c̃=0.7584473673, g_norm=9.17e-01
  p=12 start 1: 91 evals, 6226.0s elapsed, c̃=0.7675117053, g_norm=5.86e-01
  p=12 start 1: 92 evals, 6294.7s elapsed, c̃=0.7652493366, g_norm=6.03e-01
  p=12 start 1: 93 evals, 6365.6s elapsed, c̃=0.7539465174, g_norm=5.65e-01
  p=12 start 1: 94 evals, 6435.8s elapsed, c̃=0.7522277729, g_norm=8.95e-01
  p=12 start 1: 95 evals, 6505.6s elapsed, c̃=0.7714099669, g_norm=1.27e+00
  p=12 start 1: 96 evals, 6573.9s elapsed, c̃=0.7440104548, g_norm=7.30e-01
  p=12 start 1: 97 evals, 6642.1s elapsed, c̃=0.7763238662, g_norm=9.96e-01
  p=12 start 1: 98 evals, 6710.7s elapsed, c̃=0.7860478597, g_norm=8.75e-01
  p=12 start 1: 99 evals, 6779.1s elapsed, c̃=0.7537192489, g_norm=6.21e-01
  p=12 start 1: 100 evals, 6848.5s elapsed, c̃=0.7704474794, g_norm=5.82e-01
  p=12 start 1: 101 evals, 6917.0s elapsed, c̃=0.7776561227, g_norm=5.37e-01
  p=12 start 1: 102 evals, 6985.3s elapsed, c̃=0.7839432248, g_norm=8.48e-01
  p=12 start 1: 103 evals, 7055.8s elapsed, c̃=0.7447658391, g_norm=5.29e-01
  p=12 start 1: 104 evals, 7125.8s elapsed, c̃=0.7502938676, g_norm=6.58e-01
  p=12 start 1: 105 evals, 7194.0s elapsed, c̃=0.7879868489, g_norm=6.87e-01
  p=12 start 1: 106 evals, 7262.7s elapsed, c̃=0.7629895013, g_norm=1.11e+00
  p=12 start 1: 107 evals, 7330.9s elapsed, c̃=0.7640540804, g_norm=4.37e-01
  p=12 start 1: 108 evals, 7401.1s elapsed, c̃=0.7800665137, g_norm=1.06e+00
  p=12 start 1: 109 evals, 7469.2s elapsed, c̃=0.7682243798, g_norm=6.88e-01
  p=12 start 1: 110 evals, 7537.7s elapsed, c̃=0.7528847562, g_norm=3.91e-01
  p=12 start 1: 111 evals, 7607.8s elapsed, c̃=0.7836082446, g_norm=5.08e-01
  p=12 start 1: 112 evals, 7678.1s elapsed, c̃=0.7695526503, g_norm=5.36e-01
  p=12 start 1: 113 evals, 7746.8s elapsed, c̃=0.7715987115, g_norm=1.30e+00
  p=12 start 1: 114 evals, 7816.8s elapsed, c̃=0.7824473235, g_norm=8.37e-01
  p=12 start 1: 115 evals, 7886.7s elapsed, c̃=0.7932024275, g_norm=9.13e-01
  p=12 start 1: 116 evals, 7957.0s elapsed, c̃=0.7898757742, g_norm=4.61e-01
  p=12 start 1: 117 evals, 8025.5s elapsed, c̃=0.8013490790, g_norm=1.02e+00
  p=12 start 1: 118 evals, 8095.4s elapsed, c̃=0.7931959020, g_norm=1.35e+00
  p=12 start 1: 119 evals, 8163.7s elapsed, c̃=0.8013490790, g_norm=1.02e+00
  p=12 start 1: 120 evals, 8232.4s elapsed, c̃=0.7931959020, g_norm=1.35e+00
  p=12 start 1: 121 evals, 8302.5s elapsed, c̃=0.8013490790, g_norm=1.02e+00
  p=12 start 1: 122 evals, 8372.3s elapsed, c̃=0.7931959020, g_norm=1.35e+00
  p=12 start 1: 123 evals, 8441.2s elapsed, c̃=0.8013490790, g_norm=1.02e+00
  p=12 start 1: 124 evals, 8509.8s elapsed, c̃=0.7931959020, g_norm=1.35e+00
  p=12 start 1: 125 evals, 8579.8s elapsed, c̃=0.8013490790, g_norm=1.02e+00
  p=12 start 1: 126 evals, 8649.9s elapsed, c̃=0.7931959020, g_norm=1.35e+00
  p=12 start 1: 127 evals, 8718.6s elapsed, c̃=0.8013490790, g_norm=1.02e+00
  p=12 start 1: 128 evals, 8786.9s elapsed, c̃=0.7931959020, g_norm=1.35e+00
  p=12 start 1: 129 evals, 8855.5s elapsed, c̃=0.8013490790, g_norm=1.02e+00
  p=12 start 1: 130 evals, 8925.9s elapsed, c̃=0.7931959020, g_norm=1.35e+00
  p=12 start 1: 131 evals, 8995.9s elapsed, c̃=0.8013490790, g_norm=1.02e+00
  p=12 start 1: 132 evals, 9064.6s elapsed, c̃=0.7931959020, g_norm=1.35e+00
  p=12 start 1: 133 evals, 9133.4s elapsed, c̃=0.8013490790, g_norm=1.02e+00
  p=12 start 1: 134 evals, 9201.5s elapsed, c̃=0.7931959020, g_norm=1.35e+00
  p=12 start 1: 135 evals, 9271.5s elapsed, c̃=0.8013490790, g_norm=1.02e+00
  p=12 start 1: 136 evals, 9339.7s elapsed, c̃=0.7931959020, g_norm=1.35e+00
  p=12 start 1: 137 evals, 9408.5s elapsed, c̃=0.8013490790, g_norm=1.02e+00
  p=12 start 1: 138 evals, 9478.4s elapsed, c̃=0.7931959020, g_norm=1.35e+00
  p=12 start 1: 139 evals, 9547.2s elapsed, c̃=0.8013490790, g_norm=1.02e+00
  p=12 start 1: 140 evals, 9615.4s elapsed, c̃=0.7931959020, g_norm=1.35e+00
  p=12 start 1: 141 evals, 9683.4s elapsed, c̃=0.8013490790, g_norm=1.02e+00
  p=12 start 1: 142 evals, 9753.2s elapsed, c̃=0.7931959020, g_norm=1.35e+00
  p=12 start 1: 143 evals, 9823.1s elapsed, c̃=0.8013490790, g_norm=1.02e+00
  p=12 start 1: 144 evals, 9893.1s elapsed, c̃=0.7931959020, g_norm=1.35e+00
  p=12 start 1: 145 evals, 9963.5s elapsed, c̃=0.8013490790, g_norm=1.02e+00
  p=12 start 1: 146 evals, 10035.1s elapsed, c̃=0.7931959020, g_norm=1.35e+00
  p=12 start 1: 147 evals, 10105.1s elapsed, c̃=0.8013490790, g_norm=1.02e+00
  p=12 start 1: 148 evals, 10173.8s elapsed, c̃=0.7931959020, g_norm=1.35e+00
