[2026-03-31T23:28:30] Task 10: k=5, D=6, p=1–15
[2026-03-31T23:28:30] Command: julia --project=. -t 28 scripts/optimize_qaoa.jl 5 6 1 15 2 320 1234 true adjoint
[2026-03-31T23:28:30] Threads: 28, RAM available: 2835 GB
preserved run_id=20260331T232833-k5-d6-p1-15-r2-i320-s1234
preserved directory=/home/stephenjordan_google_com/qaoa-xorsat/scripts/../.project/results/optimization/runs/20260331T232833-k5-d6-p1-15-r2-i320-s1234
┌ Warning: Assignment to `best_checkpoint_value` in soft scope is ambiguous because a global variable by the same name exists: `best_checkpoint_value` will be treated as a new local. Disambiguate by using `local best_checkpoint_value` to suppress this warning or `global best_checkpoint_value` to assign to the existing global variable.
└ @ ~/qaoa-xorsat/scripts/optimize_qaoa.jl:496
[ Info: JIT warmup...
[ Info: JIT warmup complete, starting sweep
  p=7 start 1: 720 evals, 30.0s elapsed, c̃=0.8208848654, g_norm=2.92e-06
  p=7 start 2: 720 evals, 30.0s elapsed, c̃=0.7957768172, g_norm=2.00e-06
  p=7 start 2: 1465 evals, 60.0s elapsed, c̃=0.7957764792, g_norm=3.81e-06
  p=7 start 1: 1461 evals, 60.1s elapsed, c̃=0.8208841275, g_norm=1.07e-05
  p=8 start 3: 145 evals, 30.1s elapsed, c̃=0.7696490169, g_norm=1.81e-02
  p=8 start 1: 147 evals, 30.1s elapsed, c̃=0.8297568829, g_norm=7.68e-03
  p=8 start 2: 146 evals, 30.1s elapsed, c̃=0.7414254081, g_norm=9.29e-02
  p=8 start 3: 292 evals, 60.1s elapsed, c̃=0.7717798322, g_norm=1.02e-02
  p=8 start 2: 296 evals, 60.2s elapsed, c̃=0.7435911950, g_norm=3.26e-04
  p=8 start 1: 297 evals, 60.3s elapsed, c̃=0.8298068993, g_norm=4.01e-03
  p=8 start 3: 441 evals, 90.2s elapsed, c̃=0.7717927324, g_norm=1.03e-02
  p=8 start 2: 448 evals, 90.3s elapsed, c̃=0.7435881661, g_norm=1.05e-03
  p=8 start 1: 447 evals, 90.5s elapsed, c̃=0.8298233716, g_norm=4.40e-03
  p=8 start 3: 615 evals, 120.2s elapsed, c̃=0.7718043638, g_norm=6.12e-03
  p=8 start 1: 623 evals, 120.6s elapsed, c̃=0.8298349882, g_norm=4.97e-03
  p=8 start 3: 806 evals, 150.2s elapsed, c̃=0.7719066268, g_norm=5.35e-03
  p=8 start 3: 1019 evals, 180.3s elapsed, c̃=0.7720084600, g_norm=2.12e-03
  p=9 start 1: 38 evals, 30.8s elapsed, c̃=0.8343801490, g_norm=4.60e-02
  p=9 start 2: 38 evals, 30.8s elapsed, c̃=0.5179723964, g_norm=7.00e-02
  p=9 start 2: 74 evals, 61.1s elapsed, c̃=0.5001050096, g_norm=1.08e-03
  p=9 start 1: 75 evals, 61.5s elapsed, c̃=0.8348505443, g_norm=5.60e-02
  p=9 start 2: 110 evals, 91.5s elapsed, c̃=0.7534525645, g_norm=4.87e-02
  p=9 start 1: 111 evals, 92.1s elapsed, c̃=0.8351344467, g_norm=5.80e-02
  p=9 start 2: 146 evals, 122.3s elapsed, c̃=0.7657434872, g_norm=6.68e-02
  p=9 start 1: 147 evals, 122.6s elapsed, c̃=0.8364271031, g_norm=6.44e-02
  p=9 start 2: 182 evals, 152.6s elapsed, c̃=0.7756242122, g_norm=1.66e-02
  p=9 start 1: 183 evals, 153.2s elapsed, c̃=0.8362807363, g_norm=3.52e-02
  p=9 start 2: 218 evals, 182.7s elapsed, c̃=0.7758104113, g_norm=1.82e-02
  p=9 start 1: 219 evals, 183.5s elapsed, c̃=0.8363784125, g_norm=6.34e-02
  p=9 start 1: 255 evals, 213.5s elapsed, c̃=0.8364406329, g_norm=6.08e-02
  p=9 start 2: 255 evals, 213.6s elapsed, c̃=0.7764795655, g_norm=1.10e-02
  p=9 start 2: 291 evals, 244.1s elapsed, c̃=0.7765902895, g_norm=7.08e-03
  p=9 start 1: 292 evals, 244.4s elapsed, c̃=0.8370112973, g_norm=6.18e-02
  p=9 start 2: 327 evals, 274.2s elapsed, c̃=0.7767910634, g_norm=9.43e-03
  p=9 start 1: 328 evals, 274.7s elapsed, c̃=0.8359954346, g_norm=6.85e-02
  p=9 start 2: 363 evals, 304.9s elapsed, c̃=0.7765238946, g_norm=8.56e-03
  p=9 start 1: 364 evals, 305.2s elapsed, c̃=0.8370112973, g_norm=6.18e-02
  p=9 start 2: 405 evals, 335.5s elapsed, c̃=0.7767937273, g_norm=8.73e-03
  p=9 start 2: 447 evals, 365.6s elapsed, c̃=0.7762361557, g_norm=9.66e-03
  p=9 start 2: 489 evals, 395.7s elapsed, c̃=0.7766954335, g_norm=7.47e-03
  p=9 start 2: 532 evals, 426.2s elapsed, c̃=0.7767472236, g_norm=6.15e-03
  p=9 start 2: 575 evals, 456.7s elapsed, c̃=0.7766503618, g_norm=4.70e-03
  p=9 start 2: 618 evals, 487.1s elapsed, c̃=0.7769773543, g_norm=4.67e-03
  p=9 start 2: 662 evals, 517.7s elapsed, c̃=0.7767120078, g_norm=4.79e-03
  p=9 start 2: 705 evals, 548.2s elapsed, c̃=0.7766704174, g_norm=6.57e-03
  p=9 start 2: 748 evals, 578.5s elapsed, c̃=0.7767660447, g_norm=4.34e-03
  p=9 start 2: 791 evals, 608.9s elapsed, c̃=0.7766542008, g_norm=3.81e-03
  p=9 start 2: 834 evals, 639.3s elapsed, c̃=0.7768644259, g_norm=4.86e-03
  p=9 start 2: 877 evals, 669.8s elapsed, c̃=0.7767047627, g_norm=5.75e-03
  p=9 start 2: 920 evals, 700.4s elapsed, c̃=0.7766865756, g_norm=4.50e-03
  p=9 start 2: 963 evals, 730.8s elapsed, c̃=0.7763922543, g_norm=2.51e-03
  p=9 start 2: 1006 evals, 761.4s elapsed, c̃=0.7768172884, g_norm=4.40e-03
  p=9 start 2: 1049 evals, 792.0s elapsed, c̃=0.7766483349, g_norm=2.84e-03
  p=9 start 2: 1092 evals, 822.1s elapsed, c̃=0.7768108620, g_norm=4.16e-03
  p=9 start 2: 1135 evals, 852.6s elapsed, c̃=0.7766546278, g_norm=7.35e-03
  p=9 start 2: 1178 evals, 882.9s elapsed, c̃=0.7761695564, g_norm=1.02e-02
  p=9 start 2: 1221 evals, 913.3s elapsed, c̃=0.7768180936, g_norm=5.04e-03
  p=9 start 2: 1264 evals, 943.6s elapsed, c̃=0.7767656265, g_norm=4.76e-03
  p=9 start 2: 1307 evals, 974.1s elapsed, c̃=0.7767558790, g_norm=6.56e-03
  p=9 start 2: 1350 evals, 1004.2s elapsed, c̃=0.7767480095, g_norm=5.86e-03
  p=9 start 2: 1393 evals, 1034.2s elapsed, c̃=0.7767684558, g_norm=8.48e-03
  p=9 start 2: 1436 evals, 1064.4s elapsed, c̃=0.7765954597, g_norm=8.28e-03
  p=9 start 2: 1479 evals, 1094.8s elapsed, c̃=0.7770658075, g_norm=4.81e-03
  p=9 start 2: 1522 evals, 1125.4s elapsed, c̃=0.7768082659, g_norm=4.14e-03
  p=9 start 2: 1565 evals, 1155.7s elapsed, c̃=0.7770658075, g_norm=4.81e-03
  p=10 start 1: 9 evals, 31.5s elapsed, c̃=0.8326265952, g_norm=2.17e-01
  p=10 start 3: 9 evals, 31.5s elapsed, c̃=0.5000000073, g_norm=7.31e-07
  p=10 start 1: 18 evals, 61.7s elapsed, c̃=0.8304571426, g_norm=2.54e-01
  p=10 start 1: 28 evals, 92.4s elapsed, c̃=0.8287394497, g_norm=2.52e-01
  p=10 start 1: 38 evals, 123.1s elapsed, c̃=0.8317772628, g_norm=2.62e-01
  p=10 start 1: 48 evals, 153.5s elapsed, c̃=0.8349829777, g_norm=2.48e-01
  p=10 start 1: 58 evals, 184.3s elapsed, c̃=0.8374358137, g_norm=2.83e-01
  p=10 start 1: 68 evals, 215.1s elapsed, c̃=0.8323356512, g_norm=1.15e-01
  p=10 start 1: 78 evals, 245.6s elapsed, c̃=0.8411949061, g_norm=1.11e-01
  p=10 start 1: 88 evals, 276.5s elapsed, c̃=0.8414411750, g_norm=5.79e-02
  p=10 start 1: 98 evals, 307.3s elapsed, c̃=0.8438280000, g_norm=5.32e-02
  p=10 start 1: 108 evals, 338.2s elapsed, c̃=0.8375840307, g_norm=7.03e-02
  p=10 start 1: 118 evals, 369.0s elapsed, c̃=0.8369583296, g_norm=9.13e-02
  p=10 start 1: 128 evals, 399.7s elapsed, c̃=0.8444696131, g_norm=5.03e-02
  p=10 start 1: 138 evals, 430.3s elapsed, c̃=0.8396903741, g_norm=8.45e-02
  p=10 start 1: 148 evals, 460.9s elapsed, c̃=0.8501167046, g_norm=7.37e-02
  p=10 start 1: 158 evals, 491.5s elapsed, c̃=0.8381014179, g_norm=5.76e-02
  p=10 start 1: 168 evals, 522.1s elapsed, c̃=0.8483600513, g_norm=7.18e-02
  p=10 start 1: 178 evals, 552.8s elapsed, c̃=0.8483600513, g_norm=7.18e-02
  p=10 start 1: 188 evals, 583.3s elapsed, c̃=0.8483600513, g_norm=7.18e-02
  p=10 start 1: 198 evals, 613.7s elapsed, c̃=0.8384392639, g_norm=5.76e-02
  p=10 start 1: 208 evals, 644.4s elapsed, c̃=0.8429204979, g_norm=1.04e-01
  p=10 start 1: 218 evals, 674.8s elapsed, c̃=0.8414684770, g_norm=8.84e-02
  p=10 start 1: 228 evals, 705.1s elapsed, c̃=0.8403366351, g_norm=1.00e-01
  p=10 start 1: 238 evals, 735.9s elapsed, c̃=0.8449168991, g_norm=7.42e-02
  p=10 start 1: 248 evals, 766.6s elapsed, c̃=0.8497624709, g_norm=6.30e-02
  p=10 start 1: 258 evals, 797.4s elapsed, c̃=0.8497624709, g_norm=6.30e-02
  p=10 start 1: 268 evals, 828.0s elapsed, c̃=0.8497624709, g_norm=6.30e-02
  p=10 start 1: 278 evals, 858.5s elapsed, c̃=0.8400546053, g_norm=8.94e-02
  p=10 start 1: 288 evals, 889.1s elapsed, c̃=0.8359140558, g_norm=3.98e-02
  p=10 start 1: 298 evals, 919.9s elapsed, c̃=0.8383530493, g_norm=8.03e-02
  p=10 start 1: 308 evals, 950.6s elapsed, c̃=0.8382553658, g_norm=7.71e-02
  p=10 start 1: 318 evals, 981.1s elapsed, c̃=0.8429777143, g_norm=5.86e-02
  p=10 start 1: 328 evals, 1011.8s elapsed, c̃=0.8363181470, g_norm=5.40e-02
  p=10 start 1: 338 evals, 1042.2s elapsed, c̃=0.8301078052, g_norm=6.15e-02
  p=10 start 1: 348 evals, 1072.8s elapsed, c̃=0.8362903191, g_norm=4.88e-02
  p=10 start 1: 358 evals, 1103.6s elapsed, c̃=0.8454908521, g_norm=5.52e-02
  p=10 start 1: 368 evals, 1134.4s elapsed, c̃=0.8435165142, g_norm=6.45e-02
  p=10 start 1: 378 evals, 1165.1s elapsed, c̃=0.8412369300, g_norm=7.13e-02
  p=10 start 1: 388 evals, 1195.7s elapsed, c̃=0.8369918825, g_norm=4.30e-02
  p=10 start 1: 398 evals, 1226.3s elapsed, c̃=0.8340764432, g_norm=1.11e-01
  p=10 start 1: 408 evals, 1256.9s elapsed, c̃=0.8317896847, g_norm=4.98e-02
  p=10 start 1: 418 evals, 1287.4s elapsed, c̃=0.8417123444, g_norm=4.44e-02
  p=10 start 1: 428 evals, 1317.9s elapsed, c̃=0.8431631940, g_norm=9.62e-02
  p=10 start 1: 438 evals, 1348.5s elapsed, c̃=0.8443721933, g_norm=5.91e-02
  p=10 start 1: 448 evals, 1379.3s elapsed, c̃=0.8410708213, g_norm=1.05e-01
  p=10 start 1: 458 evals, 1410.1s elapsed, c̃=0.8462752140, g_norm=8.79e-02
  p=10 start 1: 468 evals, 1440.5s elapsed, c̃=0.8340369336, g_norm=7.32e-02
  p=10 start 1: 478 evals, 1471.2s elapsed, c̃=0.8442130567, g_norm=7.08e-02
  p=10 start 1: 488 evals, 1501.6s elapsed, c̃=0.8476651805, g_norm=7.37e-02
  p=10 start 1: 498 evals, 1532.3s elapsed, c̃=0.8472619657, g_norm=6.64e-02
  p=10 start 1: 508 evals, 1563.2s elapsed, c̃=0.8472619657, g_norm=6.64e-02
  p=10 start 1: 518 evals, 1593.8s elapsed, c̃=0.8411001671, g_norm=7.74e-02
  p=10 start 1: 528 evals, 1624.4s elapsed, c̃=0.8353858040, g_norm=1.13e-01
  p=10 start 1: 538 evals, 1655.0s elapsed, c̃=0.8340723713, g_norm=5.47e-02
  p=10 start 1: 548 evals, 1685.5s elapsed, c̃=0.8395224808, g_norm=6.05e-02
  p=10 start 1: 558 evals, 1716.2s elapsed, c̃=0.8438657277, g_norm=8.64e-02
  p=10 start 1: 568 evals, 1747.0s elapsed, c̃=0.8465596068, g_norm=8.79e-02
  p=10 start 1: 578 evals, 1777.6s elapsed, c̃=0.8465596068, g_norm=8.79e-02
  p=10 start 1: 588 evals, 1808.1s elapsed, c̃=0.8465596068, g_norm=8.79e-02
  p=10 start 1: 598 evals, 1838.4s elapsed, c̃=0.8421363019, g_norm=5.86e-02
  p=10 start 1: 608 evals, 1869.3s elapsed, c̃=0.8418748942, g_norm=9.18e-02
  p=10 start 1: 618 evals, 1900.0s elapsed, c̃=0.8432599445, g_norm=9.86e-02
  p=10 start 1: 628 evals, 1930.9s elapsed, c̃=0.8358169543, g_norm=6.01e-02
  p=10 start 1: 638 evals, 1961.5s elapsed, c̃=0.8488315128, g_norm=1.20e-01
  p=10 start 1: 648 evals, 1992.0s elapsed, c̃=0.8488315128, g_norm=1.20e-01
  p=10 start 1: 658 evals, 2022.6s elapsed, c̃=0.8488315128, g_norm=1.20e-01
  p=10 start 1: 668 evals, 2053.5s elapsed, c̃=0.8414769477, g_norm=7.76e-02
  p=10 start 1: 678 evals, 2084.1s elapsed, c̃=0.8479231419, g_norm=6.98e-02
  p=10 start 1: 688 evals, 2114.8s elapsed, c̃=0.8381130897, g_norm=6.45e-02
  p=10 start 1: 698 evals, 2145.4s elapsed, c̃=0.8413283339, g_norm=5.76e-02
  p=10 start 1: 708 evals, 2176.3s elapsed, c̃=0.8410062366, g_norm=6.09e-02
  p=10 start 1: 718 evals, 2206.8s elapsed, c̃=0.8425335682, g_norm=6.49e-02
  p=10 start 1: 728 evals, 2237.3s elapsed, c̃=0.8455525227, g_norm=1.21e-01
  p=10 start 1: 738 evals, 2267.9s elapsed, c̃=0.8359559160, g_norm=8.35e-02
  p=10 start 1: 748 evals, 2298.6s elapsed, c̃=0.8334387618, g_norm=9.47e-02
  p=10 start 1: 758 evals, 2329.2s elapsed, c̃=0.8376686443, g_norm=6.10e-02
  p=10 start 1: 768 evals, 2359.9s elapsed, c̃=0.8405786461, g_norm=6.69e-02
  p=10 start 1: 778 evals, 2390.6s elapsed, c̃=0.8382089581, g_norm=6.54e-02
  p=10 start 1: 788 evals, 2421.4s elapsed, c̃=0.8415078577, g_norm=1.17e-01
  p=10 start 1: 798 evals, 2452.2s elapsed, c̃=0.8464781768, g_norm=6.86e-02
  p=10 start 1: 808 evals, 2482.8s elapsed, c̃=0.8373418794, g_norm=9.03e-02
  p=10 start 1: 818 evals, 2513.4s elapsed, c̃=0.8342225646, g_norm=6.86e-02
  p=10 start 1: 828 evals, 2544.2s elapsed, c̃=0.8426468128, g_norm=6.88e-02
  p=10 start 1: 838 evals, 2574.9s elapsed, c̃=0.8431343344, g_norm=6.35e-02
  p=10 start 1: 848 evals, 2605.5s elapsed, c̃=0.8414407808, g_norm=7.30e-02
  p=10 start 1: 858 evals, 2636.3s elapsed, c̃=0.8431690705, g_norm=9.08e-02
  p=10 start 1: 868 evals, 2667.0s elapsed, c̃=0.8482356117, g_norm=7.42e-02
  p=10 start 1: 878 evals, 2697.9s elapsed, c̃=0.8482356117, g_norm=7.42e-02
  p=10 start 1: 888 evals, 2728.7s elapsed, c̃=0.8363475214, g_norm=3.61e-02
  p=10 start 1: 898 evals, 2759.5s elapsed, c̃=0.8309163967, g_norm=8.69e-02
  p=10 start 1: 908 evals, 2790.5s elapsed, c̃=0.8390923267, g_norm=4.60e-02
  p=10 start 1: 918 evals, 2821.2s elapsed, c̃=0.8469829065, g_norm=5.49e-02
  p=10 start 1: 928 evals, 2851.8s elapsed, c̃=0.8485782261, g_norm=4.83e-02
  p=10 start 1: 938 evals, 2882.4s elapsed, c̃=0.8485782261, g_norm=4.83e-02
  p=10 start 1: 11 evals, 30.7s elapsed, c̃=0.8373452892, g_norm=4.93e-02
  p=10 start 1: 21 evals, 61.2s elapsed, c̃=0.8380931172, g_norm=6.93e-02
  p=10 start 1: 31 evals, 91.9s elapsed, c̃=0.8394572740, g_norm=6.67e-02
  p=10 start 1: 41 evals, 122.6s elapsed, c̃=0.8420004694, g_norm=8.94e-02
  p=10 start 1: 51 evals, 153.2s elapsed, c̃=0.8495312360, g_norm=5.69e-02
  p=10 start 1: 61 evals, 183.9s elapsed, c̃=0.8495312360, g_norm=5.69e-02
  p=10 start 1: 71 evals, 214.5s elapsed, c̃=0.8406608250, g_norm=9.47e-02
  p=10 start 1: 81 evals, 245.4s elapsed, c̃=0.8346198532, g_norm=6.84e-02
  p=10 start 1: 91 evals, 276.2s elapsed, c̃=0.8518149731, g_norm=7.98e-02
  p=10 start 1: 101 evals, 307.0s elapsed, c̃=0.8495321204, g_norm=8.35e-02
  p=10 start 1: 111 evals, 337.7s elapsed, c̃=0.8495321204, g_norm=8.35e-02
  p=10 start 1: 121 evals, 368.4s elapsed, c̃=0.8495321204, g_norm=8.35e-02
  p=10 start 1: 131 evals, 399.3s elapsed, c̃=0.8389016162, g_norm=9.03e-02
  p=10 start 1: 141 evals, 430.0s elapsed, c̃=0.8391288635, g_norm=6.40e-02
  p=10 start 1: 151 evals, 460.6s elapsed, c̃=0.8474771948, g_norm=7.54e-02
  p=10 start 1: 161 evals, 491.2s elapsed, c̃=0.8474771948, g_norm=7.54e-02
  p=10 start 1: 171 evals, 521.7s elapsed, c̃=0.8380473754, g_norm=7.28e-02
  p=10 start 1: 181 evals, 552.4s elapsed, c̃=0.8472325029, g_norm=6.98e-02
  p=10 start 1: 191 evals, 583.1s elapsed, c̃=0.8472325029, g_norm=6.98e-02
  p=10 start 1: 201 evals, 613.8s elapsed, c̃=0.8472325029, g_norm=6.98e-02
  p=10 start 1: 211 evals, 644.4s elapsed, c̃=0.8467845400, g_norm=1.17e-01
  p=10 start 1: 221 evals, 675.0s elapsed, c̃=0.8514001232, g_norm=8.30e-02
  p=10 start 1: 231 evals, 705.7s elapsed, c̃=0.8514001232, g_norm=8.30e-02
  p=10 start 1: 241 evals, 736.4s elapsed, c̃=0.8514001232, g_norm=8.30e-02
  p=10 start 1: 251 evals, 766.8s elapsed, c̃=0.8300764332, g_norm=5.91e-02
  p=10 start 1: 261 evals, 797.5s elapsed, c̃=0.8492806370, g_norm=6.30e-02
  p=10 start 1: 271 evals, 828.1s elapsed, c̃=0.8351449097, g_norm=7.23e-02
  p=10 start 1: 281 evals, 858.7s elapsed, c̃=0.8406010821, g_norm=8.79e-02
  p=10 start 1: 291 evals, 889.2s elapsed, c̃=0.8416754151, g_norm=1.04e-01
  p=10 start 1: 301 evals, 919.7s elapsed, c̃=0.8549051582, g_norm=5.32e-02
  p=10 start 1: 311 evals, 950.5s elapsed, c̃=0.8542357392, g_norm=5.91e-02
  p=10 start 1: 321 evals, 981.3s elapsed, c̃=0.8542357392, g_norm=5.91e-02
  p=10 start 1: 331 evals, 1012.0s elapsed, c̃=0.8512957155, g_norm=6.84e-02
  p=10 start 1: 341 evals, 1042.8s elapsed, c̃=0.8494222311, g_norm=6.62e-02
  p=10 start 1: 351 evals, 1073.5s elapsed, c̃=0.8494222311, g_norm=6.62e-02
  p=10 start 1: 361 evals, 1104.2s elapsed, c̃=0.8511795735, g_norm=6.71e-02
  p=10 start 1: 371 evals, 1134.8s elapsed, c̃=0.8511795735, g_norm=6.71e-02
  p=10 start 1: 381 evals, 1165.5s elapsed, c̃=0.8511795735, g_norm=6.71e-02
  p=10 start 1: 391 evals, 1196.2s elapsed, c̃=0.8511795735, g_norm=6.71e-02
  p=11 start 1: 4 evals, 42.0s elapsed, c̃=0.4996594167, g_norm=4.66e-03
  p=11 start 1: 7 evals, 85.1s elapsed, c̃=0.4555111413, g_norm=2.48e-01
  p=11 start 1: 10 evals, 128.0s elapsed, c̃=0.7588934298, g_norm=1.29e+00
  p=11 start 1: 13 evals, 170.3s elapsed, c̃=0.7897952595, g_norm=1.86e+00
  p=11 start 1: 16 evals, 212.6s elapsed, c̃=0.9430902211, g_norm=1.28e+00
  p=11 start 1: 19 evals, 254.8s elapsed, c̃=0.8697210244, g_norm=3.30e+00
  p=11 start 1: 22 evals, 297.4s elapsed, c̃=0.7892163585, g_norm=5.23e-01
  p=11 start 1: 25 evals, 339.9s elapsed, c̃=0.7629097336, g_norm=9.53e-01
  p=11 start 1: 28 evals, 382.2s elapsed, c̃=0.7279523349, g_norm=1.21e+00
  p=11 start 1: 31 evals, 424.8s elapsed, c̃=0.9369092150, g_norm=2.02e+00
  p=11 start 1: 34 evals, 467.6s elapsed, c̃=0.7720053034, g_norm=7.92e-01
  p=11 start 1: 37 evals, 510.4s elapsed, c̃=0.8452122743, g_norm=1.65e+00
  p=11 start 1: 40 evals, 553.4s elapsed, c̃=0.7921797487, g_norm=5.66e-01
  p=11 start 1: 43 evals, 595.7s elapsed, c̃=0.9940271756, g_norm=4.55e+00
  p=11 start 1: 46 evals, 638.3s elapsed, c̃=1.0414525716, g_norm=1.68e+00
  p=11 start 1: 49 evals, 681.0s elapsed, c̃=0.7655189479, g_norm=9.22e-01
  p=11 start 1: 52 evals, 723.8s elapsed, c̃=0.8991261763, g_norm=4.36e+00
  p=11 start 1: 55 evals, 766.1s elapsed, c̃=0.7831098679, g_norm=1.30e+00
  p=11 start 1: 58 evals, 808.4s elapsed, c̃=0.7965471322, g_norm=1.59e+00
  p=11 start 1: 61 evals, 850.8s elapsed, c̃=0.9411359248, g_norm=2.03e+00
  p=11 start 1: 64 evals, 894.0s elapsed, c̃=0.7266498605, g_norm=3.05e+00
  p=11 start 1: 67 evals, 937.0s elapsed, c̃=0.9389825169, g_norm=2.60e+00
  p=11 start 1: 70 evals, 979.7s elapsed, c̃=0.8322160549, g_norm=2.65e+00
  p=11 start 1: 73 evals, 1021.9s elapsed, c̃=0.9311974912, g_norm=3.46e+00
  p=11 start 1: 76 evals, 1064.5s elapsed, c̃=0.7271343415, g_norm=6.31e-01
  p=11 start 1: 79 evals, 1107.7s elapsed, c̃=0.9190230175, g_norm=2.02e+00
  p=11 start 1: 82 evals, 1150.0s elapsed, c̃=0.8080313384, g_norm=5.60e+00
  p=11 start 1: 85 evals, 1192.7s elapsed, c̃=1.0096156428, g_norm=1.27e+00
  p=11 start 1: 88 evals, 1234.9s elapsed, c̃=1.0676146910, g_norm=3.17e+00
  p=11 start 1: 91 evals, 1278.1s elapsed, c̃=1.1159340814, g_norm=1.08e+01
  p=11 start 1: 94 evals, 1320.3s elapsed, c̃=1.1846732128, g_norm=7.00e+00
  p=11 start 1: 97 evals, 1363.1s elapsed, c̃=1.1159340814, g_norm=1.08e+01
  p=11 start 1: 100 evals, 1405.6s elapsed, c̃=1.1846732128, g_norm=7.00e+00
  p=11 start 1: 103 evals, 1448.0s elapsed, c̃=1.1159340814, g_norm=1.08e+01
  p=11 start 1: 106 evals, 1490.8s elapsed, c̃=1.1846732128, g_norm=7.00e+00
  p=11 start 1: 109 evals, 1533.4s elapsed, c̃=1.1159340814, g_norm=1.08e+01
  p=11 start 1: 112 evals, 1576.0s elapsed, c̃=1.1846732128, g_norm=7.00e+00
  p=11 start 1: 4 evals, 41.8s elapsed, c̃=0.4996594167, g_norm=4.66e-03
  p=11 start 1: 7 evals, 85.0s elapsed, c̃=0.4555111413, g_norm=2.48e-01
  p=11 start 1: 10 evals, 127.5s elapsed, c̃=0.7588934298, g_norm=1.29e+00
  p=11 start 1: 13 evals, 170.7s elapsed, c̃=0.7897952595, g_norm=1.86e+00
  p=11 start 1: 16 evals, 213.2s elapsed, c̃=0.9430902211, g_norm=1.28e+00
  p=11 start 1: 19 evals, 255.6s elapsed, c̃=0.8697210244, g_norm=3.30e+00
  p=11 start 1: 22 evals, 297.8s elapsed, c̃=0.7892163585, g_norm=5.23e-01
  p=11 start 1: 25 evals, 340.7s elapsed, c̃=0.7629097336, g_norm=9.53e-01
  p=11 start 1: 28 evals, 383.3s elapsed, c̃=0.7279523349, g_norm=1.21e+00
  p=11 start 1: 31 evals, 425.5s elapsed, c̃=0.9369092150, g_norm=2.02e+00
  p=11 start 1: 34 evals, 468.9s elapsed, c̃=0.7720053034, g_norm=7.92e-01
  p=11 start 1: 37 evals, 511.3s elapsed, c̃=0.8452122743, g_norm=1.65e+00
  p=11 start 1: 40 evals, 553.8s elapsed, c̃=0.7921797487, g_norm=5.66e-01
  p=11 start 1: 43 evals, 596.8s elapsed, c̃=0.9940271756, g_norm=4.55e+00
  p=11 start 1: 46 evals, 639.2s elapsed, c̃=1.0414525716, g_norm=1.68e+00
  p=11 start 1: 49 evals, 682.0s elapsed, c̃=0.7655189479, g_norm=9.22e-01
  p=11 start 1: 52 evals, 724.3s elapsed, c̃=0.8991261763, g_norm=4.36e+00
  p=11 start 1: 55 evals, 766.6s elapsed, c̃=0.7831098679, g_norm=1.30e+00
  p=11 start 1: 58 evals, 809.1s elapsed, c̃=0.7965471322, g_norm=1.59e+00
  p=11 start 1: 61 evals, 851.8s elapsed, c̃=0.9411359248, g_norm=2.03e+00
  p=11 start 1: 64 evals, 894.5s elapsed, c̃=0.7266498605, g_norm=3.05e+00
  p=11 start 1: 67 evals, 937.1s elapsed, c̃=0.9389825169, g_norm=2.60e+00
  p=11 start 1: 70 evals, 980.0s elapsed, c̃=0.8322160549, g_norm=2.65e+00
  p=11 start 1: 73 evals, 1022.7s elapsed, c̃=0.9311974912, g_norm=3.46e+00
  p=11 start 1: 76 evals, 1065.8s elapsed, c̃=0.7271343415, g_norm=6.31e-01
  p=11 start 1: 79 evals, 1108.5s elapsed, c̃=0.9190230175, g_norm=2.02e+00
  p=11 start 1: 82 evals, 1152.0s elapsed, c̃=0.8080313384, g_norm=5.60e+00
  p=11 start 1: 85 evals, 1194.2s elapsed, c̃=1.0096156428, g_norm=1.27e+00
  p=11 start 1: 88 evals, 1237.1s elapsed, c̃=1.0676146910, g_norm=3.17e+00
  p=11 start 1: 91 evals, 1279.2s elapsed, c̃=1.1159340814, g_norm=1.08e+01
  p=11 start 1: 94 evals, 1322.0s elapsed, c̃=1.1846732128, g_norm=7.00e+00
  p=11 start 1: 97 evals, 1364.6s elapsed, c̃=1.1159340814, g_norm=1.08e+01
  p=11 start 1: 100 evals, 1407.3s elapsed, c̃=1.1846732128, g_norm=7.00e+00
  p=11 start 1: 103 evals, 1450.0s elapsed, c̃=1.1159340814, g_norm=1.08e+01
  p=11 start 1: 106 evals, 1492.1s elapsed, c̃=1.1846732128, g_norm=7.00e+00
  p=11 start 1: 109 evals, 1534.9s elapsed, c̃=1.1159340814, g_norm=1.08e+01
  p=11 start 1: 112 evals, 1577.8s elapsed, c̃=1.1846732128, g_norm=7.00e+00
  p=11 start 1: 4 evals, 41.8s elapsed, c̃=0.4996594167, g_norm=4.66e-03
  p=11 start 1: 7 evals, 84.7s elapsed, c̃=0.4555111413, g_norm=2.48e-01
  p=11 start 1: 10 evals, 127.3s elapsed, c̃=0.7588934298, g_norm=1.29e+00
  p=11 start 1: 13 evals, 170.5s elapsed, c̃=0.7897952595, g_norm=1.86e+00
  p=11 start 1: 16 evals, 212.9s elapsed, c̃=0.9430902211, g_norm=1.28e+00
  p=11 start 1: 19 evals, 255.4s elapsed, c̃=0.8697210244, g_norm=3.30e+00
  p=11 start 1: 22 evals, 297.7s elapsed, c̃=0.7892163585, g_norm=5.23e-01
  p=11 start 1: 25 evals, 340.4s elapsed, c̃=0.7629097336, g_norm=9.53e-01
  p=11 start 1: 28 evals, 383.5s elapsed, c̃=0.7279523349, g_norm=1.21e+00
  p=11 start 1: 31 evals, 426.4s elapsed, c̃=0.9369092150, g_norm=2.02e+00
  p=11 start 1: 34 evals, 468.7s elapsed, c̃=0.7720053034, g_norm=7.92e-01
  p=11 start 1: 37 evals, 511.2s elapsed, c̃=0.8452122743, g_norm=1.65e+00
  p=11 start 1: 40 evals, 553.9s elapsed, c̃=0.7921797487, g_norm=5.66e-01
  p=11 start 1: 43 evals, 596.5s elapsed, c̃=0.9940271756, g_norm=4.55e+00
  p=11 start 1: 46 evals, 638.9s elapsed, c̃=1.0414525716, g_norm=1.68e+00
  p=11 start 1: 49 evals, 681.7s elapsed, c̃=0.7655189479, g_norm=9.22e-01
  p=11 start 1: 52 evals, 724.4s elapsed, c̃=0.8991261763, g_norm=4.36e+00
  p=11 start 1: 55 evals, 767.3s elapsed, c̃=0.7831098679, g_norm=1.30e+00
  p=11 start 1: 58 evals, 809.7s elapsed, c̃=0.7965471322, g_norm=1.59e+00
  p=11 start 1: 61 evals, 852.1s elapsed, c̃=0.9411359248, g_norm=2.03e+00
  p=11 start 1: 64 evals, 894.2s elapsed, c̃=0.7266498605, g_norm=3.05e+00
  p=11 start 1: 67 evals, 936.6s elapsed, c̃=0.9389825169, g_norm=2.60e+00
  p=11 start 1: 70 evals, 979.3s elapsed, c̃=0.8322160549, g_norm=2.65e+00
  p=11 start 1: 73 evals, 1021.9s elapsed, c̃=0.9311974912, g_norm=3.46e+00
  p=11 start 1: 76 evals, 1065.2s elapsed, c̃=0.7271343415, g_norm=6.31e-01
  p=11 start 1: 79 evals, 1107.7s elapsed, c̃=0.9190230175, g_norm=2.02e+00
  p=11 start 1: 82 evals, 1150.1s elapsed, c̃=0.8080313384, g_norm=5.60e+00
  p=11 start 1: 85 evals, 1192.4s elapsed, c̃=1.0096156428, g_norm=1.27e+00
  p=11 start 1: 88 evals, 1235.1s elapsed, c̃=1.0676146910, g_norm=3.17e+00
  p=11 start 1: 91 evals, 1277.5s elapsed, c̃=1.1159340814, g_norm=1.08e+01
  p=11 start 1: 94 evals, 1319.7s elapsed, c̃=1.1846732128, g_norm=7.00e+00
  p=11 start 1: 97 evals, 1362.6s elapsed, c̃=1.1159340814, g_norm=1.08e+01
  p=11 start 1: 100 evals, 1404.7s elapsed, c̃=1.1846732128, g_norm=7.00e+00
slurmstepd: error: *** STEP 987285.0 ON swift-c3dnodeset-12 CANCELLED AT 2026-04-01T02:19:04 ***
slurmstepd: error: *** JOB 987285 ON swift-c3dnodeset-12 CANCELLED AT 2026-04-01T02:19:04 ***
