Precompiling packages...
    QaoaXorsat Being precompiled by another process (pid: 0, pidfile: /home/stephenjordan_google_com/.julia/compiled/v1.12/QaoaXorsat/qgVWo_H0iNu.ji.pidfile)
 141695.2 ms  ✓ QaoaXorsat
  1 dependency successfully precompiled in 147 seconds. 52 already precompiled.
preserved run_id=20260401T022726-k3-d5-p12-15-r2-i320-s1234
preserved directory=/home/stephenjordan_google_com/qaoa-xorsat/scripts/../.project/results/optimization/runs/20260401T022726-k3-d5-p12-15-r2-i320-s1234
resuming from: /home/stephenjordan_google_com/qaoa-xorsat/.project/results/optimization/runs/20260331T232833-k3-d5-p1-15-r2-i320-s1234
warm-start from p=11: c̃=0.835196864974
[ Info: JIT warmup...
[ Info: JIT warmup complete, starting sweep
  p=12 start 1: 2 evals, 67.6s elapsed, c̃=0.8137382479, g_norm=4.17e-01
  p=12 start 1: 3 evals, 142.0s elapsed, c̃=0.5213907723, g_norm=3.07e-01
  p=12 start 1: 4 evals, 214.4s elapsed, c̃=0.6928697901, g_norm=7.31e-01
  p=12 start 1: 5 evals, 290.7s elapsed, c̃=0.8271585204, g_norm=2.20e-01
  p=12 start 1: 6 evals, 365.2s elapsed, c̃=0.8333869473, g_norm=8.40e-02
  p=12 start 1: 7 evals, 437.7s elapsed, c̃=0.7876639745, g_norm=4.89e-01
  p=12 start 1: 8 evals, 507.4s elapsed, c̃=0.8338229662, g_norm=1.09e-01
  p=12 start 1: 9 evals, 583.6s elapsed, c̃=0.8354477060, g_norm=6.74e-02
  p=12 start 1: 10 evals, 660.0s elapsed, c̃=0.8345899356, g_norm=1.03e-01
  p=12 start 1: 11 evals, 730.5s elapsed, c̃=0.8364911266, g_norm=6.45e-02
  p=12 start 1: 12 evals, 801.6s elapsed, c̃=0.8376332439, g_norm=4.70e-02
  p=12 start 1: 13 evals, 876.2s elapsed, c̃=0.8206616398, g_norm=2.61e-01
  p=12 start 1: 14 evals, 947.3s elapsed, c̃=0.8376236827, g_norm=4.63e-02
  p=12 start 1: 15 evals, 1017.2s elapsed, c̃=0.8384773791, g_norm=2.17e-02
  p=12 start 1: 16 evals, 1087.9s elapsed, c̃=0.8337932412, g_norm=1.61e-01
  p=12 start 1: 17 evals, 1159.8s elapsed, c̃=0.8385277324, g_norm=2.55e-02
  p=12 start 1: 18 evals, 1235.2s elapsed, c̃=0.8386569120, g_norm=1.16e-02
  p=12 start 1: 19 evals, 1310.7s elapsed, c̃=0.8374214811, g_norm=8.23e-02
  p=12 start 1: 20 evals, 1384.1s elapsed, c̃=0.8386823855, g_norm=1.08e-02
  p=12 start 1: 21 evals, 1458.3s elapsed, c̃=0.8387259473, g_norm=9.27e-03
  p=12 start 1: 22 evals, 1534.7s elapsed, c̃=0.8388080714, g_norm=1.67e-02
  p=12 start 1: 23 evals, 1606.2s elapsed, c̃=0.8362389489, g_norm=8.29e-02
  p=12 start 1: 24 evals, 1677.9s elapsed, c̃=0.8388763312, g_norm=1.63e-02
  p=12 start 1: 25 evals, 1751.5s elapsed, c̃=0.8390764554, g_norm=1.47e-02
  p=12 start 1: 26 evals, 1821.5s elapsed, c̃=0.8386920996, g_norm=3.67e-02
  p=12 start 1: 27 evals, 1892.3s elapsed, c̃=0.8391442246, g_norm=1.99e-02
  p=12 start 1: 28 evals, 1962.5s elapsed, c̃=0.8392504531, g_norm=2.20e-02
  p=12 start 1: 29 evals, 2039.7s elapsed, c̃=0.8393376337, g_norm=1.53e-02
  p=12 start 1: 30 evals, 2110.7s elapsed, c̃=0.8393325627, g_norm=6.73e-03
  p=12 start 1: 31 evals, 2186.2s elapsed, c̃=0.8393568436, g_norm=1.06e-02
  p=12 start 1: 32 evals, 2259.8s elapsed, c̃=0.8392983755, g_norm=6.47e-03
  p=12 start 1: 33 evals, 2342.2s elapsed, c̃=0.8393571204, g_norm=7.35e-03
  p=12 start 1: 34 evals, 2417.7s elapsed, c̃=0.8392778797, g_norm=6.79e-03
  p=12 start 1: 35 evals, 2490.2s elapsed, c̃=0.8393005373, g_norm=6.81e-03
  p=12 start 1: 36 evals, 2566.2s elapsed, c̃=0.8393388457, g_norm=6.82e-03
  p=12 start 1: 37 evals, 2636.8s elapsed, c̃=0.8392915484, g_norm=7.56e-03
  p=12 start 1: 38 evals, 2709.3s elapsed, c̃=0.8392896729, g_norm=7.50e-03
  p=12 start 1: 39 evals, 2780.8s elapsed, c̃=0.8392739857, g_norm=6.48e-03
  p=12 start 1: 40 evals, 2852.0s elapsed, c̃=0.8393574075, g_norm=6.86e-03
  p=12 start 1: 41 evals, 2923.4s elapsed, c̃=0.8393621446, g_norm=6.71e-03
  p=12 start 1: 42 evals, 2994.3s elapsed, c̃=0.8392921210, g_norm=6.58e-03
  p=12 start 1: 43 evals, 3066.7s elapsed, c̃=0.8392887780, g_norm=7.36e-03
  p=12 start 1: 44 evals, 3136.2s elapsed, c̃=0.8393626486, g_norm=6.37e-03
  p=12 start 1: 45 evals, 3207.6s elapsed, c̃=0.8393081760, g_norm=6.69e-03
  p=12 start 1: 46 evals, 3277.8s elapsed, c̃=0.8392887150, g_norm=7.34e-03
  p=12 start 1: 47 evals, 3348.2s elapsed, c̃=0.8393267449, g_norm=7.71e-03
  p=12 start 1: 48 evals, 3423.8s elapsed, c̃=0.8393252155, g_norm=6.56e-03
  p=12 start 1: 49 evals, 3494.8s elapsed, c̃=0.8392950049, g_norm=8.37e-03
  p=12 start 1: 50 evals, 3566.4s elapsed, c̃=0.8393252176, g_norm=6.75e-03
  p=12 start 1: 51 evals, 3637.8s elapsed, c̃=0.8393291741, g_norm=7.71e-03
  p=12 start 1: 52 evals, 3708.7s elapsed, c̃=0.8393095748, g_norm=6.82e-03
  p=12 start 1: 53 evals, 3780.2s elapsed, c̃=0.8393255256, g_norm=6.96e-03
  p=12 start 1: 54 evals, 3856.7s elapsed, c̃=0.8392759172, g_norm=7.28e-03
  p=12 start 1: 55 evals, 3926.3s elapsed, c̃=0.8393686466, g_norm=6.59e-03
  p=12 start 1: 56 evals, 3998.8s elapsed, c̃=0.8393021642, g_norm=7.42e-03
  p=12 start 1: 57 evals, 4071.2s elapsed, c̃=0.8393206491, g_norm=7.51e-03
  p=12 start 1: 58 evals, 4146.0s elapsed, c̃=0.8393019015, g_norm=8.09e-03
  p=12 start 1: 59 evals, 4219.5s elapsed, c̃=0.8393042923, g_norm=6.82e-03
  p=12 start 1: 60 evals, 4290.0s elapsed, c̃=0.8392867196, g_norm=6.51e-03
  p=12 start 1: 61 evals, 4361.1s elapsed, c̃=0.8392645100, g_norm=7.04e-03
  p=12 start 1: 62 evals, 4430.5s elapsed, c̃=0.8392950903, g_norm=9.28e-03
  p=12 start 1: 63 evals, 4502.2s elapsed, c̃=0.8393310662, g_norm=8.44e-03
  p=12 start 1: 64 evals, 4571.4s elapsed, c̃=0.8392680854, g_norm=6.71e-03
  p=12 start 1: 65 evals, 4642.6s elapsed, c̃=0.8393518568, g_norm=6.73e-03
  p=12 start 1: 66 evals, 4713.7s elapsed, c̃=0.8393097804, g_norm=7.12e-03
  p=12 start 1: 67 evals, 4782.4s elapsed, c̃=0.8393603014, g_norm=6.77e-03
  p=12 start 1: 68 evals, 4851.5s elapsed, c̃=0.8393672517, g_norm=1.04e-02
  p=12 start 1: 69 evals, 4919.9s elapsed, c̃=0.8393213433, g_norm=7.06e-03
  p=12 start 1: 70 evals, 4988.4s elapsed, c̃=0.8393685590, g_norm=7.77e-03
  p=12 start 1: 71 evals, 5057.0s elapsed, c̃=0.8393159101, g_norm=6.82e-03
  p=12 start 1: 72 evals, 5126.4s elapsed, c̃=0.8393479523, g_norm=7.13e-03
  p=12 start 1: 73 evals, 5197.1s elapsed, c̃=0.8393606689, g_norm=7.43e-03
  p=12 start 1: 74 evals, 5269.3s elapsed, c̃=0.8393531402, g_norm=8.29e-03
  p=12 start 1: 75 evals, 5341.0s elapsed, c̃=0.8393159101, g_norm=6.82e-03
  p=12 start 1: 76 evals, 5412.5s elapsed, c̃=0.8393531402, g_norm=8.29e-03
  p=12 start 1: 77 evals, 5483.2s elapsed, c̃=0.8393159101, g_norm=6.82e-03
  p=12 start 1: 78 evals, 5555.0s elapsed, c̃=0.8393322640, g_norm=9.42e-03
  p=12 start 1: 79 evals, 5626.2s elapsed, c̃=0.8393789675, g_norm=1.73e-02
  p=12 start 1: 80 evals, 5697.7s elapsed, c̃=0.8393472827, g_norm=1.14e-02
  p=12 start 1: 81 evals, 5770.9s elapsed, c̃=0.8393420915, g_norm=6.77e-03
  p=12 start 1: 82 evals, 5844.9s elapsed, c̃=0.8394021463, g_norm=9.82e-03
  p=12 start 1: 83 evals, 5916.3s elapsed, c̃=0.8393250382, g_norm=8.34e-03
  p=12 start 1: 84 evals, 5987.3s elapsed, c̃=0.8394119183, g_norm=5.54e-03
  p=12 start 1: 85 evals, 6061.3s elapsed, c̃=0.8393795277, g_norm=1.08e-02
  p=12 start 1: 86 evals, 6132.5s elapsed, c̃=0.8393205688, g_norm=7.15e-03
  p=12 start 1: 87 evals, 6206.5s elapsed, c̃=0.8393450152, g_norm=1.05e-02
  p=12 start 1: 88 evals, 6277.4s elapsed, c̃=0.8394183956, g_norm=8.29e-03
  p=12 start 1: 89 evals, 6348.9s elapsed, c̃=0.8393731746, g_norm=1.20e-02
  p=12 start 1: 90 evals, 6418.9s elapsed, c̃=0.8393904167, g_norm=8.56e-03
  p=12 start 1: 91 evals, 6490.5s elapsed, c̃=0.8393728836, g_norm=1.10e-02
  p=12 start 1: 92 evals, 6564.6s elapsed, c̃=0.8393587644, g_norm=1.04e-02
  p=12 start 1: 93 evals, 6638.8s elapsed, c̃=0.8394067874, g_norm=8.48e-03
  p=12 start 1: 94 evals, 6709.3s elapsed, c̃=0.8393870184, g_norm=8.98e-03
  p=12 start 1: 95 evals, 6782.7s elapsed, c̃=0.8393943477, g_norm=5.64e-03
  p=12 start 1: 96 evals, 6852.5s elapsed, c̃=0.8393805663, g_norm=9.60e-03
  p=12 start 1: 97 evals, 6923.2s elapsed, c̃=0.8393804436, g_norm=6.70e-03
  p=12 start 1: 98 evals, 6995.0s elapsed, c̃=0.8393740402, g_norm=9.35e-03
  p=12 start 1: 99 evals, 7066.8s elapsed, c̃=0.8393767914, g_norm=1.00e-02
  p=12 start 1: 100 evals, 7138.7s elapsed, c̃=0.8393482173, g_norm=8.95e-03
  p=12 start 1: 101 evals, 7209.4s elapsed, c̃=0.8393890201, g_norm=6.79e-03
  p=12 start 1: 102 evals, 7280.6s elapsed, c̃=0.8393869024, g_norm=7.29e-03
  p=12 start 1: 103 evals, 7351.3s elapsed, c̃=0.8393345240, g_norm=8.57e-03
  p=12 start 1: 104 evals, 7426.7s elapsed, c̃=0.8393929233, g_norm=8.05e-03
  p=12 start 1: 105 evals, 7503.4s elapsed, c̃=0.8393582697, g_norm=8.27e-03
  p=12 start 1: 106 evals, 7575.0s elapsed, c̃=0.8393638913, g_norm=9.09e-03
  p=12 start 1: 107 evals, 7644.8s elapsed, c̃=0.8393705464, g_norm=7.02e-03
  p=12 start 1: 108 evals, 7715.7s elapsed, c̃=0.8393960552, g_norm=5.78e-03
  p=12 start 1: 109 evals, 7791.0s elapsed, c̃=0.8393874189, g_norm=9.73e-03
  p=12 start 1: 110 evals, 7862.7s elapsed, c̃=0.8393631925, g_norm=8.87e-03
  p=12 start 1: 111 evals, 7932.5s elapsed, c̃=0.8393999560, g_norm=1.03e-02
  p=12 start 1: 112 evals, 8003.6s elapsed, c̃=0.8393508761, g_norm=6.53e-03
  p=12 start 1: 113 evals, 8075.0s elapsed, c̃=0.8393953142, g_norm=5.46e-03
  p=12 start 1: 114 evals, 8146.2s elapsed, c̃=0.8393898277, g_norm=1.07e-02
  p=12 start 1: 115 evals, 8220.2s elapsed, c̃=0.8394004322, g_norm=9.62e-03
  p=12 start 1: 116 evals, 8290.4s elapsed, c̃=0.8394058296, g_norm=8.64e-03
  p=12 start 1: 117 evals, 8361.8s elapsed, c̃=0.8394007457, g_norm=1.04e-02
  p=12 start 1: 118 evals, 8432.6s elapsed, c̃=0.8393740996, g_norm=8.26e-03
  p=12 start 1: 119 evals, 8504.8s elapsed, c̃=0.8393471127, g_norm=7.41e-03
  p=12 start 1: 120 evals, 8575.8s elapsed, c̃=0.8393264067, g_norm=8.17e-03
  p=12 start 1: 121 evals, 8647.6s elapsed, c̃=0.8393696911, g_norm=9.90e-03
  p=12 start 1: 122 evals, 8719.1s elapsed, c̃=0.8393447304, g_norm=1.21e-02
  p=12 start 1: 123 evals, 8790.7s elapsed, c̃=0.8393647604, g_norm=8.47e-03
  p=12 start 1: 124 evals, 8864.1s elapsed, c̃=0.8393667642, g_norm=9.03e-03
  p=12 start 1: 125 evals, 8940.6s elapsed, c̃=0.8393505737, g_norm=9.13e-03
  p=12 start 1: 126 evals, 9013.1s elapsed, c̃=0.8393499440, g_norm=6.80e-03
  p=12 start 1: 127 evals, 9085.8s elapsed, c̃=0.8393447304, g_norm=1.21e-02
  p=12 start 1: 128 evals, 9157.2s elapsed, c̃=0.8393499440, g_norm=6.80e-03
  p=12 start 1: 129 evals, 9226.9s elapsed, c̃=0.8393447304, g_norm=1.21e-02
  p=12 start 1: 130 evals, 9298.6s elapsed, c̃=0.8393499440, g_norm=6.80e-03
  p=12 start 1: 131 evals, 9370.0s elapsed, c̃=0.8393914221, g_norm=1.21e-02
  p=12 start 1: 132 evals, 9441.4s elapsed, c̃=0.8394227556, g_norm=6.97e-03
  p=12 start 1: 133 evals, 9512.1s elapsed, c̃=0.8394658719, g_norm=7.83e-03
  p=12 start 1: 134 evals, 9583.4s elapsed, c̃=0.8390626786, g_norm=3.85e-02
  p=12 start 1: 135 evals, 9656.9s elapsed, c̃=0.8394281156, g_norm=7.68e-03
  p=12 start 1: 136 evals, 9730.0s elapsed, c̃=0.8395066446, g_norm=6.96e-03
  p=12 start 1: 137 evals, 9803.9s elapsed, c̃=0.8391792808, g_norm=2.24e-02
  p=12 start 1: 138 evals, 9876.4s elapsed, c̃=0.8395024503, g_norm=5.72e-03
  p=12 start 1: 139 evals, 9946.3s elapsed, c̃=0.8394823016, g_norm=1.24e-02
  p=12 start 1: 140 evals, 10018.1s elapsed, c̃=0.8395220991, g_norm=5.41e-03
  p=12 start 1: 141 evals, 10087.5s elapsed, c̃=0.8394817226, g_norm=4.17e-03
  p=12 start 1: 142 evals, 10158.6s elapsed, c̃=0.8395198371, g_norm=6.28e-03
  p=12 start 1: 143 evals, 10230.2s elapsed, c̃=0.8395738098, g_norm=4.23e-03
  p=12 start 1: 144 evals, 10301.0s elapsed, c̃=0.8395213037, g_norm=1.03e-02
  p=12 start 1: 145 evals, 10372.6s elapsed, c̃=0.8395296838, g_norm=3.95e-03
  p=12 start 1: 146 evals, 10443.2s elapsed, c̃=0.8394949803, g_norm=5.19e-03
  p=12 start 1: 147 evals, 10517.3s elapsed, c̃=0.8395425975, g_norm=6.57e-03
  p=12 start 1: 148 evals, 10588.3s elapsed, c̃=0.8395412185, g_norm=4.94e-03
  p=12 start 1: 149 evals, 10659.8s elapsed, c̃=0.8395169415, g_norm=4.63e-03
  p=12 start 1: 150 evals, 10730.5s elapsed, c̃=0.8395190474, g_norm=5.41e-03
  p=12 start 1: 151 evals, 10802.2s elapsed, c̃=0.8395120989, g_norm=7.27e-03
  p=12 start 1: 152 evals, 10872.0s elapsed, c̃=0.8394789614, g_norm=4.00e-03
  p=12 start 1: 153 evals, 10942.9s elapsed, c̃=0.8395058860, g_norm=4.87e-03
  p=12 start 1: 154 evals, 11014.9s elapsed, c̃=0.8394910177, g_norm=8.84e-03
  p=12 start 1: 155 evals, 11089.3s elapsed, c̃=0.8395349767, g_norm=9.68e-03
  p=12 start 1: 156 evals, 11159.1s elapsed, c̃=0.8395320812, g_norm=9.17e-03
  p=12 start 1: 157 evals, 11230.6s elapsed, c̃=0.8395913766, g_norm=9.41e-03
  p=12 start 1: 158 evals, 11306.3s elapsed, c̃=0.8395345854, g_norm=6.60e-03
  p=12 start 1: 159 evals, 11380.7s elapsed, c̃=0.8395709530, g_norm=1.04e-02
  p=12 start 1: 160 evals, 11454.6s elapsed, c̃=0.8395385384, g_norm=4.75e-03
  p=12 start 1: 161 evals, 11526.0s elapsed, c̃=0.8395436781, g_norm=5.24e-03
  p=12 start 1: 162 evals, 11597.5s elapsed, c̃=0.8395361882, g_norm=3.77e-03
  p=12 start 1: 163 evals, 11668.8s elapsed, c̃=0.8395005028, g_norm=9.33e-03
  p=12 start 1: 164 evals, 11745.1s elapsed, c̃=0.8395461539, g_norm=8.79e-03
  p=12 start 1: 165 evals, 11815.8s elapsed, c̃=0.8395128276, g_norm=4.80e-03
  p=12 start 1: 166 evals, 11887.1s elapsed, c̃=0.8395058306, g_norm=3.95e-03
  p=12 start 1: 167 evals, 11957.8s elapsed, c̃=0.8394625220, g_norm=4.38e-03
  p=12 start 1: 168 evals, 12031.2s elapsed, c̃=0.8395100927, g_norm=1.09e-02
  p=12 start 1: 169 evals, 12105.4s elapsed, c̃=0.8395672398, g_norm=5.85e-03
  p=12 start 1: 170 evals, 12178.5s elapsed, c̃=0.8396072135, g_norm=6.61e-03
  p=12 start 1: 171 evals, 12251.5s elapsed, c̃=0.8395228704, g_norm=7.50e-03
  p=12 start 1: 172 evals, 12323.9s elapsed, c̃=0.8394634868, g_norm=5.60e-03
  p=12 start 1: 173 evals, 12395.4s elapsed, c̃=0.8395658415, g_norm=4.01e-03
  p=12 start 1: 174 evals, 12465.3s elapsed, c̃=0.8395320295, g_norm=6.76e-03
  p=12 start 1: 175 evals, 12536.7s elapsed, c̃=0.8395401862, g_norm=6.09e-03
  p=12 start 1: 176 evals, 12606.9s elapsed, c̃=0.8395106594, g_norm=1.02e-02
  p=12 start 1: 177 evals, 12680.9s elapsed, c̃=0.8395652487, g_norm=7.27e-03
  p=12 start 1: 178 evals, 12750.9s elapsed, c̃=0.8395233824, g_norm=5.19e-03
  p=12 start 1: 179 evals, 12821.2s elapsed, c̃=0.8394866690, g_norm=5.75e-03
  p=12 start 1: 180 evals, 12895.1s elapsed, c̃=0.8395623721, g_norm=8.07e-03
  p=12 start 1: 181 evals, 12967.4s elapsed, c̃=0.8394933845, g_norm=4.88e-03
  p=12 start 1: 182 evals, 13039.0s elapsed, c̃=0.8395793762, g_norm=7.58e-03
  p=12 start 1: 183 evals, 13110.5s elapsed, c̃=0.8395053956, g_norm=9.24e-03
  p=12 start 1: 184 evals, 13179.9s elapsed, c̃=0.8395240978, g_norm=9.52e-03
  p=12 start 1: 185 evals, 13251.4s elapsed, c̃=0.8395295225, g_norm=4.11e-03
  p=12 start 1: 186 evals, 13321.2s elapsed, c̃=0.8395019838, g_norm=9.01e-03
  p=12 start 1: 187 evals, 13393.3s elapsed, c̃=0.8395285606, g_norm=7.35e-03
  p=12 start 1: 188 evals, 13466.9s elapsed, c̃=0.8395160815, g_norm=6.62e-03
  p=12 start 1: 189 evals, 13540.9s elapsed, c̃=0.8395293926, g_norm=1.08e-02
  p=12 start 1: 190 evals, 13615.5s elapsed, c̃=0.8395160815, g_norm=6.62e-03
  p=12 start 1: 191 evals, 13687.9s elapsed, c̃=0.8395293926, g_norm=1.08e-02
  p=12 start 1: 192 evals, 13766.0s elapsed, c̃=0.8395160815, g_norm=6.62e-03
  p=12 start 1: 193 evals, 13836.7s elapsed, c̃=0.8395293926, g_norm=1.08e-02
  p=12 start 1: 194 evals, 13907.1s elapsed, c̃=0.8394254918, g_norm=2.36e-02
  p=12 start 1: 195 evals, 13975.9s elapsed, c̃=0.8395154543, g_norm=6.44e-03
  p=12 start 1: 196 evals, 14047.0s elapsed, c̃=0.8395099249, g_norm=6.57e-03
  p=12 start 1: 197 evals, 14120.1s elapsed, c̃=0.8395112917, g_norm=7.55e-03
  p=12 start 1: 198 evals, 14196.3s elapsed, c̃=0.8395362715, g_norm=1.07e-02
  p=12 start 1: 199 evals, 14266.9s elapsed, c̃=0.8395482798, g_norm=6.00e-03
  p=12 start 1: 200 evals, 14337.0s elapsed, c̃=0.8395681921, g_norm=6.59e-03
  p=12 start 1: 201 evals, 14407.9s elapsed, c̃=0.8395231037, g_norm=4.44e-03
  p=12 start 1: 202 evals, 14478.0s elapsed, c̃=0.8394788522, g_norm=5.77e-03
  p=12 start 1: 203 evals, 14549.3s elapsed, c̃=0.8395296171, g_norm=5.57e-03
  p=12 start 1: 204 evals, 14620.3s elapsed, c̃=0.8395008099, g_norm=6.00e-03
  p=12 start 1: 205 evals, 14697.3s elapsed, c̃=0.8395192972, g_norm=7.47e-03
  p=12 start 1: 206 evals, 14768.2s elapsed, c̃=0.8395509401, g_norm=5.38e-03
  p=12 start 1: 207 evals, 14838.6s elapsed, c̃=0.8395255836, g_norm=3.94e-03
  p=12 start 1: 208 evals, 14917.1s elapsed, c̃=0.8395236256, g_norm=4.85e-03
  p=12 start 1: 209 evals, 14990.8s elapsed, c̃=0.8394950909, g_norm=3.48e-03
  p=12 start 1: 210 evals, 15062.4s elapsed, c̃=0.8395256245, g_norm=4.12e-03
  p=12 start 1: 211 evals, 15134.9s elapsed, c̃=0.8395128707, g_norm=8.59e-03
  p=12 start 1: 212 evals, 15207.2s elapsed, c̃=0.8395483838, g_norm=3.56e-03
  p=12 start 1: 213 evals, 15277.7s elapsed, c̃=0.8395465214, g_norm=4.78e-03
  p=12 start 1: 214 evals, 15348.2s elapsed, c̃=0.8395562814, g_norm=4.39e-03
  p=12 start 1: 215 evals, 15421.2s elapsed, c̃=0.8395272729, g_norm=4.05e-03
  p=12 start 1: 216 evals, 15490.1s elapsed, c̃=0.8395166326, g_norm=5.11e-03
  p=12 start 1: 217 evals, 15561.3s elapsed, c̃=0.8395275053, g_norm=3.45e-03
  p=12 start 1: 218 evals, 15632.8s elapsed, c̃=0.8395621819, g_norm=3.86e-03
  p=12 start 1: 219 evals, 15708.6s elapsed, c̃=0.8395309496, g_norm=3.72e-03
  p=12 start 1: 220 evals, 15784.6s elapsed, c̃=0.8395099511, g_norm=4.32e-03
  p=12 start 1: 221 evals, 15856.5s elapsed, c̃=0.8395194616, g_norm=4.86e-03
  p=12 start 1: 222 evals, 15928.4s elapsed, c̃=0.8395866182, g_norm=5.36e-03
  p=12 start 1: 223 evals, 15999.4s elapsed, c̃=0.8395707169, g_norm=3.33e-03
  p=12 start 1: 224 evals, 16070.8s elapsed, c̃=0.8395600631, g_norm=4.48e-03
  p=12 start 1: 225 evals, 16143.0s elapsed, c̃=0.8395289549, g_norm=4.65e-03
  p=12 start 1: 226 evals, 16214.4s elapsed, c̃=0.8395540832, g_norm=4.79e-03
  p=12 start 1: 227 evals, 16286.9s elapsed, c̃=0.8395451645, g_norm=4.53e-03
  p=12 start 1: 228 evals, 16358.7s elapsed, c̃=0.8395199072, g_norm=3.19e-03
  p=12 start 1: 229 evals, 16430.0s elapsed, c̃=0.8395328532, g_norm=3.80e-03
  p=12 start 1: 230 evals, 16501.4s elapsed, c̃=0.8395153816, g_norm=6.25e-03
  p=12 start 1: 231 evals, 16571.3s elapsed, c̃=0.8395117341, g_norm=3.74e-03
  p=12 start 1: 232 evals, 16643.7s elapsed, c̃=0.8395115657, g_norm=7.13e-03
  p=12 start 1: 233 evals, 16714.4s elapsed, c̃=0.8395198772, g_norm=4.39e-03
  p=12 start 1: 234 evals, 16787.6s elapsed, c̃=0.8395623015, g_norm=3.89e-03
  p=12 start 1: 235 evals, 16864.6s elapsed, c̃=0.8395230980, g_norm=5.79e-03
  p=12 start 1: 236 evals, 16937.8s elapsed, c̃=0.8395386317, g_norm=5.95e-03
  p=12 start 1: 237 evals, 17015.9s elapsed, c̃=0.8395161351, g_norm=4.58e-03
  p=12 start 1: 238 evals, 17086.0s elapsed, c̃=0.8395161535, g_norm=3.79e-03
  p=12 start 1: 239 evals, 17155.1s elapsed, c̃=0.8395164604, g_norm=5.32e-03
  p=12 start 1: 240 evals, 17224.5s elapsed, c̃=0.8395396066, g_norm=4.03e-03
  p=12 start 1: 241 evals, 17295.1s elapsed, c̃=0.8395364308, g_norm=9.38e-03
  p=12 start 1: 242 evals, 17364.4s elapsed, c̃=0.8395391830, g_norm=3.47e-03
  p=12 start 1: 243 evals, 17435.1s elapsed, c̃=0.8395103156, g_norm=3.73e-03
  p=12 start 1: 244 evals, 17505.7s elapsed, c̃=0.8395142735, g_norm=3.82e-03
  p=12 start 1: 245 evals, 17576.2s elapsed, c̃=0.8394928904, g_norm=4.22e-03
  p=12 start 1: 246 evals, 17646.6s elapsed, c̃=0.8394920821, g_norm=3.67e-03
  p=12 start 1: 247 evals, 17716.7s elapsed, c̃=0.8395156058, g_norm=5.34e-03
  p=12 start 1: 248 evals, 17787.4s elapsed, c̃=0.8395227242, g_norm=4.87e-03
  p=12 start 1: 249 evals, 17858.8s elapsed, c̃=0.8395391830, g_norm=3.47e-03
  p=12 start 1: 250 evals, 17931.2s elapsed, c̃=0.8395253566, g_norm=5.71e-03
  p=12 start 1: 251 evals, 18003.1s elapsed, c̃=0.8395391830, g_norm=3.47e-03
  p=12 start 1: 252 evals, 18073.6s elapsed, c̃=0.8395253566, g_norm=5.71e-03
  p=12 start 1: 253 evals, 18145.1s elapsed, c̃=0.8395391830, g_norm=3.47e-03
  p=12 start 1: 254 evals, 18215.6s elapsed, c̃=0.8395253566, g_norm=5.71e-03
  p=12 start 1: 255 evals, 18287.5s elapsed, c̃=0.8395391830, g_norm=3.47e-03
  p=12 start 1: 256 evals, 18358.7s elapsed, c̃=0.8395606098, g_norm=6.93e-03
  p=12 start 1: 257 evals, 18430.2s elapsed, c̃=0.8395354735, g_norm=5.60e-03
  p=12 start 1: 258 evals, 18501.5s elapsed, c̃=0.8395040855, g_norm=4.62e-03
  p=12 start 1: 259 evals, 18573.4s elapsed, c̃=0.8395803151, g_norm=3.29e-03
  p=12 start 1: 260 evals, 18645.1s elapsed, c̃=0.8395428960, g_norm=3.79e-03
  p=12 start 1: 261 evals, 18715.1s elapsed, c̃=0.8395360715, g_norm=4.22e-03
  p=12 start 1: 262 evals, 18788.0s elapsed, c̃=0.8395004498, g_norm=4.35e-03
  p=12 start 1: 263 evals, 18866.4s elapsed, c̃=0.8395236752, g_norm=4.04e-03
  p=12 start 1: 264 evals, 18937.6s elapsed, c̃=0.8394995465, g_norm=3.81e-03
  p=12 start 1: 265 evals, 19009.3s elapsed, c̃=0.8395382290, g_norm=3.97e-03
  p=12 start 1: 266 evals, 19080.5s elapsed, c̃=0.8395997714, g_norm=3.97e-03
  p=12 start 1: 267 evals, 19153.2s elapsed, c̃=0.8395723852, g_norm=3.92e-03
  p=12 start 1: 268 evals, 19231.3s elapsed, c̃=0.8395950335, g_norm=3.90e-03
  p=12 start 1: 269 evals, 19301.9s elapsed, c̃=0.8395253007, g_norm=3.99e-03
  p=12 start 1: 270 evals, 19374.8s elapsed, c̃=0.8395616264, g_norm=4.15e-03
  p=12 start 1: 271 evals, 19444.3s elapsed, c̃=0.8395840187, g_norm=4.84e-03
  p=12 start 1: 272 evals, 19515.5s elapsed, c̃=0.8395469304, g_norm=4.08e-03
  p=12 start 1: 273 evals, 19587.4s elapsed, c̃=0.8395698844, g_norm=4.00e-03
  p=12 start 1: 274 evals, 19659.7s elapsed, c̃=0.8395214124, g_norm=4.26e-03
  p=12 start 1: 275 evals, 19733.9s elapsed, c̃=0.8395252303, g_norm=3.93e-03
  p=12 start 1: 276 evals, 19805.7s elapsed, c̃=0.8395399374, g_norm=4.18e-03
  p=12 start 1: 277 evals, 19875.3s elapsed, c̃=0.8396004988, g_norm=5.12e-03
  p=12 start 1: 278 evals, 19948.2s elapsed, c̃=0.8395957045, g_norm=3.90e-03
  p=12 start 1: 279 evals, 20019.5s elapsed, c̃=0.8396013129, g_norm=5.34e-03
  p=12 start 1: 280 evals, 20095.4s elapsed, c̃=0.8395828079, g_norm=3.90e-03
  p=12 start 1: 281 evals, 20169.2s elapsed, c̃=0.8395399413, g_norm=3.65e-03
  p=12 start 1: 282 evals, 20242.5s elapsed, c̃=0.8395488609, g_norm=3.85e-03
  p=12 start 1: 283 evals, 20314.4s elapsed, c̃=0.8395820029, g_norm=3.92e-03
  p=12 start 1: 284 evals, 20386.3s elapsed, c̃=0.8395301918, g_norm=4.22e-03
  p=12 start 1: 285 evals, 20457.6s elapsed, c̃=0.8395538639, g_norm=4.36e-03
  p=12 start 1: 286 evals, 20528.6s elapsed, c̃=0.8395323059, g_norm=3.81e-03
  p=12 start 1: 287 evals, 20603.6s elapsed, c̃=0.8395765558, g_norm=3.91e-03
  p=12 start 1: 288 evals, 20674.9s elapsed, c̃=0.8395393407, g_norm=4.05e-03
  p=12 start 1: 289 evals, 20746.5s elapsed, c̃=0.8395658635, g_norm=3.98e-03
  p=12 start 1: 290 evals, 20820.9s elapsed, c̃=0.8395736526, g_norm=4.15e-03
  p=12 start 1: 291 evals, 20892.8s elapsed, c̃=0.8395234395, g_norm=3.95e-03
  p=12 start 1: 292 evals, 20963.8s elapsed, c̃=0.8395494924, g_norm=4.06e-03
  p=12 start 1: 293 evals, 21035.4s elapsed, c̃=0.8395184764, g_norm=3.93e-03
  p=12 start 1: 294 evals, 21106.9s elapsed, c̃=0.8395349096, g_norm=3.83e-03
  p=12 start 1: 295 evals, 21178.6s elapsed, c̃=0.8395210963, g_norm=4.87e-03
  p=12 start 1: 296 evals, 21248.7s elapsed, c̃=0.8395644555, g_norm=4.06e-03
  p=12 start 1: 297 evals, 21319.8s elapsed, c̃=0.8395445454, g_norm=5.18e-03
  p=12 start 1: 298 evals, 21390.7s elapsed, c̃=0.8395305410, g_norm=3.93e-03
  p=12 start 1: 299 evals, 21462.0s elapsed, c̃=0.8395542219, g_norm=3.82e-03
  p=12 start 1: 300 evals, 21533.7s elapsed, c̃=0.8395286017, g_norm=3.94e-03
  p=12 start 1: 301 evals, 21604.7s elapsed, c̃=0.8395402599, g_norm=4.07e-03
  p=12 start 1: 302 evals, 21675.8s elapsed, c̃=0.8395506862, g_norm=4.11e-03
  p=12 start 1: 303 evals, 21747.0s elapsed, c̃=0.8395324367, g_norm=3.87e-03
  p=12 start 1: 304 evals, 21818.8s elapsed, c̃=0.8395446484, g_norm=4.00e-03
  p=12 start 1: 305 evals, 21888.3s elapsed, c̃=0.8395324367, g_norm=3.87e-03
  p=12 start 1: 306 evals, 21960.0s elapsed, c̃=0.8395446484, g_norm=4.00e-03
  p=12 start 1: 307 evals, 22030.1s elapsed, c̃=0.8395324367, g_norm=3.87e-03
  p=12 start 1: 308 evals, 22100.8s elapsed, c̃=0.8395446484, g_norm=4.00e-03
  p=12 start 1: 309 evals, 22171.3s elapsed, c̃=0.8395324367, g_norm=3.87e-03
  p=12 start 1: 310 evals, 22241.8s elapsed, c̃=0.8395446484, g_norm=4.00e-03
  p=12 start 1: 311 evals, 22313.8s elapsed, c̃=0.8395352401, g_norm=3.86e-03
  p=12 start 1: 312 evals, 22384.4s elapsed, c̃=0.8395683440, g_norm=4.69e-03
  p=12 start 1: 313 evals, 22458.8s elapsed, c̃=0.8395237271, g_norm=3.95e-03
  p=12 start 1: 314 evals, 22528.3s elapsed, c̃=0.8395140161, g_norm=3.30e-03
  p=12 start 1: 315 evals, 22600.2s elapsed, c̃=0.8395266865, g_norm=3.35e-03
  p=12 start 1: 316 evals, 22670.4s elapsed, c̃=0.8395531306, g_norm=6.78e-03
  p=12 start 1: 317 evals, 22741.4s elapsed, c̃=0.8395401695, g_norm=3.39e-03
  p=12 start 1: 318 evals, 22812.4s elapsed, c̃=0.8395475289, g_norm=3.72e-03
  p=12 start 1: 319 evals, 22883.5s elapsed, c̃=0.8395399235, g_norm=3.44e-03
  p=12 start 1: 320 evals, 22953.6s elapsed, c̃=0.8395415749, g_norm=3.46e-03
  p=12 start 1: 321 evals, 23024.7s elapsed, c̃=0.8395939196, g_norm=3.52e-03
  p=12 start 1: 322 evals, 23095.4s elapsed, c̃=0.8395396746, g_norm=3.12e-03
  p=12 start 1: 323 evals, 23167.3s elapsed, c̃=0.8395775071, g_norm=3.30e-03
  p=12 start 1: 324 evals, 23237.9s elapsed, c̃=0.8395417227, g_norm=3.88e-03
  p=12 start 1: 325 evals, 23309.7s elapsed, c̃=0.8395873938, g_norm=4.00e-03
  p=12 start 1: 326 evals, 23380.9s elapsed, c̃=0.8395742101, g_norm=4.33e-03
  p=12 start 1: 327 evals, 23452.0s elapsed, c̃=0.8395245087, g_norm=3.76e-03
  p=12 start 1: 328 evals, 23524.0s elapsed, c̃=0.8395393750, g_norm=3.23e-03
  p=12 start 1: 329 evals, 23595.3s elapsed, c̃=0.8395267125, g_norm=3.49e-03
  p=12 start 1: 330 evals, 23666.8s elapsed, c̃=0.8395620148, g_norm=3.81e-03
  p=12 start 1: 331 evals, 23738.3s elapsed, c̃=0.8395045335, g_norm=4.29e-03
  p=12 start 1: 332 evals, 23809.7s elapsed, c̃=0.8395175226, g_norm=3.84e-03
  p=12 start 1: 333 evals, 23880.5s elapsed, c̃=0.8395326855, g_norm=5.02e-03
  p=12 start 1: 334 evals, 23952.3s elapsed, c̃=0.8395740321, g_norm=3.82e-03
  p=12 start 1: 335 evals, 24023.1s elapsed, c̃=0.8395503395, g_norm=4.10e-03
  p=12 start 1: 336 evals, 24094.8s elapsed, c̃=0.8395599247, g_norm=3.50e-03
  p=12 start 1: 337 evals, 24165.5s elapsed, c̃=0.8395656986, g_norm=3.81e-03
  p=12 start 1: 338 evals, 24241.8s elapsed, c̃=0.8395007129, g_norm=3.75e-03
  p=12 start 1: 339 evals, 24315.7s elapsed, c̃=0.8395777651, g_norm=3.84e-03
  p=12 start 1: 340 evals, 24387.0s elapsed, c̃=0.8395214674, g_norm=3.74e-03
  p=12 start 1: 341 evals, 24458.0s elapsed, c̃=0.8395278927, g_norm=3.74e-03
  p=12 start 1: 342 evals, 24529.6s elapsed, c̃=0.8395695963, g_norm=3.37e-03
  p=12 start 1: 343 evals, 24600.6s elapsed, c̃=0.8395529788, g_norm=5.61e-03
  p=12 start 1: 344 evals, 24672.9s elapsed, c̃=0.8395726996, g_norm=3.36e-03
  p=12 start 1: 345 evals, 24749.4s elapsed, c̃=0.8395018429, g_norm=4.60e-03
  p=12 start 1: 346 evals, 24821.2s elapsed, c̃=0.8395525522, g_norm=3.82e-03
  p=12 start 1: 347 evals, 24893.8s elapsed, c̃=0.8395461577, g_norm=3.46e-03
  p=12 start 1: 348 evals, 24968.1s elapsed, c̃=0.8395845472, g_norm=4.66e-03
  p=12 start 1: 349 evals, 25039.1s elapsed, c̃=0.8395576496, g_norm=3.89e-03
  p=12 start 1: 350 evals, 25112.7s elapsed, c̃=0.8395754501, g_norm=6.04e-03
  p=12 start 1: 351 evals, 25183.1s elapsed, c̃=0.8395622682, g_norm=4.05e-03
  p=12 start 1: 352 evals, 25255.7s elapsed, c̃=0.8395341513, g_norm=3.35e-03
  p=12 start 1: 353 evals, 25327.2s elapsed, c̃=0.8395683668, g_norm=4.76e-03
  p=12 start 1: 354 evals, 25403.0s elapsed, c̃=0.8395582241, g_norm=4.32e-03
  p=12 start 1: 355 evals, 25477.1s elapsed, c̃=0.8395195697, g_norm=3.64e-03
  p=12 start 1: 356 evals, 25548.6s elapsed, c̃=0.8395481725, g_norm=3.31e-03
  p=12 start 1: 357 evals, 25619.0s elapsed, c̃=0.8395410254, g_norm=4.11e-03
  p=12 start 1: 358 evals, 25690.8s elapsed, c̃=0.8395607661, g_norm=3.39e-03
  p=12 start 1: 359 evals, 25766.6s elapsed, c̃=0.8395492320, g_norm=3.29e-03
  p=12 start 1: 360 evals, 25836.6s elapsed, c̃=0.8395171309, g_norm=3.57e-03
  p=12 start 1: 361 evals, 25908.4s elapsed, c̃=0.8395492320, g_norm=3.29e-03
  p=12 start 1: 362 evals, 25981.7s elapsed, c̃=0.8395171309, g_norm=3.57e-03
  p=12 start 1: 363 evals, 26053.6s elapsed, c̃=0.8395492320, g_norm=3.29e-03
  p=12 start 1: 364 evals, 26124.4s elapsed, c̃=0.8392268330, g_norm=2.75e-02
  p=12 start 1: 365 evals, 26195.6s elapsed, c̃=0.8395419905, g_norm=4.77e-03
  p=12 start 1: 366 evals, 26266.4s elapsed, c̃=0.8396245098, g_norm=4.42e-03
  p=12 start 1: 367 evals, 26339.6s elapsed, c̃=0.8395582825, g_norm=2.91e-03
  p=12 start 1: 368 evals, 26414.1s elapsed, c̃=0.8395163325, g_norm=3.78e-03
  p=12 start 1: 369 evals, 26485.2s elapsed, c̃=0.8395642715, g_norm=3.21e-03
  p=12 start 1: 370 evals, 26556.6s elapsed, c̃=0.8395464858, g_norm=4.05e-03
  p=12 start 1: 371 evals, 26630.2s elapsed, c̃=0.8395767260, g_norm=3.98e-03
  p=12 start 1: 372 evals, 26702.2s elapsed, c̃=0.8395897200, g_norm=4.94e-03
  p=12 start 1: 373 evals, 26774.0s elapsed, c̃=0.8395640804, g_norm=5.03e-03
  p=12 start 1: 374 evals, 26849.3s elapsed, c̃=0.8395608096, g_norm=4.87e-03
  p=12 start 1: 375 evals, 26927.4s elapsed, c̃=0.8395264189, g_norm=4.63e-03
  p=12 start 1: 376 evals, 27006.4s elapsed, c̃=0.8395481413, g_norm=4.76e-03
  p=12 start 1: 377 evals, 27077.9s elapsed, c̃=0.8395243397, g_norm=4.38e-03
  p=12 start 1: 378 evals, 27149.6s elapsed, c̃=0.8395729312, g_norm=4.35e-03
  p=12 start 1: 379 evals, 27225.2s elapsed, c̃=0.8396073358, g_norm=4.24e-03
  p=12 start 1: 380 evals, 27297.4s elapsed, c̃=0.8396067980, g_norm=4.09e-03
  p=12 start 1: 381 evals, 27370.8s elapsed, c̃=0.8395612793, g_norm=4.27e-03
  p=12 start 1: 382 evals, 27442.8s elapsed, c̃=0.8395156569, g_norm=6.28e-03
  p=12 start 1: 383 evals, 27513.6s elapsed, c̃=0.8395271284, g_norm=4.77e-03
  p=12 start 1: 384 evals, 27585.3s elapsed, c̃=0.8394837410, g_norm=5.28e-03
  p=12 start 1: 385 evals, 27656.3s elapsed, c̃=0.8395380562, g_norm=4.78e-03
  p=12 start 1: 386 evals, 27729.8s elapsed, c̃=0.8396162128, g_norm=4.33e-03
  p=12 start 1: 387 evals, 27801.0s elapsed, c̃=0.8395752084, g_norm=5.21e-03
  p=12 start 1: 388 evals, 27871.8s elapsed, c̃=0.8395265176, g_norm=4.69e-03
  p=12 start 1: 389 evals, 27943.5s elapsed, c̃=0.8395536812, g_norm=4.85e-03
  p=12 start 1: 390 evals, 28014.6s elapsed, c̃=0.8395551846, g_norm=4.67e-03
  p=12 start 1: 391 evals, 28085.7s elapsed, c̃=0.8395226804, g_norm=4.55e-03
  p=12 start 1: 392 evals, 28155.4s elapsed, c̃=0.8394910467, g_norm=5.16e-03
  p=12 start 1: 393 evals, 28225.5s elapsed, c̃=0.8396172912, g_norm=6.25e-03
  p=12 start 1: 394 evals, 28296.5s elapsed, c̃=0.8395420895, g_norm=3.85e-03
  p=12 start 1: 395 evals, 28365.2s elapsed, c̃=0.8395288073, g_norm=4.08e-03
  p=12 start 1: 396 evals, 28435.7s elapsed, c̃=0.8395453880, g_norm=6.01e-03
  p=12 start 1: 397 evals, 28506.8s elapsed, c̃=0.8396025162, g_norm=4.64e-03
  p=12 start 1: 398 evals, 28578.9s elapsed, c̃=0.8395265392, g_norm=4.78e-03
  p=12 start 1: 399 evals, 28649.8s elapsed, c̃=0.8395324806, g_norm=4.01e-03
  p=12 start 1: 400 evals, 28726.6s elapsed, c̃=0.8395563756, g_norm=3.74e-03
  p=12 start 1: 401 evals, 28801.9s elapsed, c̃=0.8395338577, g_norm=4.77e-03
  p=12 start 1: 402 evals, 28874.0s elapsed, c̃=0.8395249663, g_norm=4.19e-03
  p=12 start 1: 403 evals, 28945.6s elapsed, c̃=0.8395525959, g_norm=4.25e-03
  p=12 start 1: 404 evals, 29020.4s elapsed, c̃=0.8395383831, g_norm=4.40e-03
  p=12 start 1: 405 evals, 29096.9s elapsed, c̃=0.8394945832, g_norm=4.44e-03
  p=12 start 1: 406 evals, 29167.8s elapsed, c̃=0.8395392175, g_norm=6.05e-03
  p=12 start 1: 407 evals, 29238.5s elapsed, c̃=0.8396053545, g_norm=5.18e-03
  p=12 start 1: 408 evals, 29313.5s elapsed, c̃=0.8395607470, g_norm=4.47e-03
  p=12 start 1: 409 evals, 29385.4s elapsed, c̃=0.8395882218, g_norm=4.53e-03
  p=12 start 1: 410 evals, 29457.5s elapsed, c̃=0.8396059015, g_norm=6.91e-03
  p=12 start 1: 411 evals, 29528.4s elapsed, c̃=0.8396093747, g_norm=4.52e-03
  p=12 start 1: 412 evals, 29606.8s elapsed, c̃=0.8396245098, g_norm=4.42e-03
  p=12 start 1: 413 evals, 29676.8s elapsed, c̃=0.8396093747, g_norm=4.52e-03
  p=12 start 1: 414 evals, 29749.6s elapsed, c̃=0.8396245098, g_norm=4.42e-03
  p=12 start 1: 415 evals, 29819.1s elapsed, c̃=0.8396093747, g_norm=4.52e-03
  p=12 start 1: 416 evals, 29890.7s elapsed, c̃=0.8396245098, g_norm=4.42e-03
  p=12 start 1: 417 evals, 29962.8s elapsed, c̃=0.8396093747, g_norm=4.52e-03
  p=12 start 1: 418 evals, 30034.1s elapsed, c̃=0.8396245098, g_norm=4.42e-03
  p=12 start 1: 419 evals, 30109.5s elapsed, c̃=0.8396093747, g_norm=4.52e-03
  p=12 start 1: 420 evals, 30180.5s elapsed, c̃=0.8396245098, g_norm=4.42e-03
  p=12 start 1: 421 evals, 30252.7s elapsed, c̃=0.8396093747, g_norm=4.52e-03
  p=12 start 1: 422 evals, 30324.5s elapsed, c̃=0.8396245098, g_norm=4.42e-03
  p=12 start 1: 423 evals, 30395.8s elapsed, c̃=0.8396093747, g_norm=4.52e-03
  p=12 start 1: 424 evals, 30466.8s elapsed, c̃=0.8396245098, g_norm=4.42e-03
  p=12 start 1: 425 evals, 30538.5s elapsed, c̃=0.8396093747, g_norm=4.52e-03
  p=12 start 1: 426 evals, 30610.0s elapsed, c̃=0.8396245098, g_norm=4.42e-03
  p=12 start 1: 427 evals, 30679.8s elapsed, c̃=0.8396093747, g_norm=4.52e-03
  p=12 start 1: 428 evals, 30751.3s elapsed, c̃=0.8396245098, g_norm=4.42e-03
  p=12 start 1: 429 evals, 30826.8s elapsed, c̃=0.8396093747, g_norm=4.52e-03
  p=12 start 1: 430 evals, 30897.4s elapsed, c̃=0.8396245098, g_norm=4.42e-03
  p=12 start 1: 431 evals, 30969.6s elapsed, c̃=0.8396093747, g_norm=4.52e-03
  p=12 start 1: 432 evals, 31041.9s elapsed, c̃=0.8396245098, g_norm=4.42e-03
  p=12 start 1: 433 evals, 31116.1s elapsed, c̃=0.8396093747, g_norm=4.52e-03
  p=12 start 1: 434 evals, 31188.5s elapsed, c̃=0.8396245098, g_norm=4.42e-03
  p=12 start 1: 435 evals, 31260.2s elapsed, c̃=0.8396093747, g_norm=4.52e-03
  p=13 start 1: 2 evals, 331.6s elapsed, c̃=0.8235607696, g_norm=3.70e-01
  p=13 start 1: 3 evals, 688.2s elapsed, c̃=0.5415381455, g_norm=4.46e-01
  p=13 start 1: 4 evals, 1043.5s elapsed, c̃=0.7635869277, g_norm=6.14e-01
  p=13 start 1: 5 evals, 1393.7s elapsed, c̃=0.8349810614, g_norm=1.24e-01
  p=13 start 1: 6 evals, 1742.8s elapsed, c̃=0.8349218361, g_norm=1.25e-01
  p=13 start 1: 7 evals, 2103.3s elapsed, c̃=0.8377974165, g_norm=7.08e-02
  p=13 start 1: 8 evals, 2468.0s elapsed, c̃=0.8227862559, g_norm=2.36e-01
  p=13 start 1: 9 evals, 2825.2s elapsed, c̃=0.8386655495, g_norm=7.96e-02
  p=13 start 1: 10 evals, 3171.4s elapsed, c̃=0.8386929706, g_norm=7.98e-02
  p=13 start 1: 11 evals, 3533.7s elapsed, c̃=0.8395470908, g_norm=5.29e-02
  p=13 start 1: 12 evals, 3913.5s elapsed, c̃=0.8395722125, g_norm=6.46e-02
  p=13 start 1: 13 evals, 4264.5s elapsed, c̃=0.8406657101, g_norm=4.47e-02
  p=13 start 1: 14 evals, 4614.7s elapsed, c̃=0.8406726695, g_norm=4.84e-02
  p=13 start 1: 15 evals, 4983.6s elapsed, c̃=0.8414972533, g_norm=4.40e-02
  p=13 start 1: 16 evals, 5333.7s elapsed, c̃=0.8417764101, g_norm=4.30e-02
  p=13 start 1: 17 evals, 5697.2s elapsed, c̃=0.8417722238, g_norm=4.47e-02
  p=13 start 1: 18 evals, 6047.2s elapsed, c̃=0.8421372905, g_norm=2.42e-02
  p=13 start 1: 19 evals, 6396.8s elapsed, c̃=0.8407454787, g_norm=9.62e-02
  p=13 start 1: 20 evals, 6775.6s elapsed, c̃=0.8427601472, g_norm=2.70e-02
  p=13 start 1: 21 evals, 7136.8s elapsed, c̃=0.8426438966, g_norm=2.50e-02
  p=13 start 1: 22 evals, 7496.2s elapsed, c̃=0.8427830928, g_norm=3.32e-02
  p=13 start 1: 23 evals, 7848.1s elapsed, c̃=0.8425484414, g_norm=1.89e-02
  p=13 start 1: 24 evals, 8201.4s elapsed, c̃=0.8422123546, g_norm=1.41e-02
  p=13 start 1: 25 evals, 8556.0s elapsed, c̃=0.8429040973, g_norm=1.98e-02
  p=13 start 1: 26 evals, 8911.2s elapsed, c̃=0.8425460795, g_norm=2.32e-02
  p=13 start 1: 27 evals, 9266.4s elapsed, c̃=0.8427265421, g_norm=1.50e-02
  p=13 start 1: 28 evals, 9626.6s elapsed, c̃=0.8427534160, g_norm=1.40e-02
  p=13 start 1: 29 evals, 10013.2s elapsed, c̃=0.8427779538, g_norm=1.91e-02
  p=13 start 1: 30 evals, 10388.8s elapsed, c̃=0.8433263121, g_norm=2.15e-02
  p=13 start 1: 31 evals, 10749.0s elapsed, c̃=0.8431428728, g_norm=2.30e-02
  p=13 start 1: 32 evals, 11099.6s elapsed, c̃=0.8430324126, g_norm=1.80e-02
  p=13 start 1: 33 evals, 11452.9s elapsed, c̃=0.8426944589, g_norm=2.24e-02
  p=13 start 1: 34 evals, 11804.8s elapsed, c̃=0.8427234169, g_norm=1.53e-02
  p=13 start 1: 35 evals, 12163.3s elapsed, c̃=0.8424688300, g_norm=1.90e-02
  p=13 start 1: 36 evals, 12524.2s elapsed, c̃=0.8429211411, g_norm=1.66e-02
  p=13 start 1: 37 evals, 12884.0s elapsed, c̃=0.8430103341, g_norm=2.55e-02
  p=13 start 1: 38 evals, 13238.6s elapsed, c̃=0.8426153375, g_norm=1.55e-02
  p=13 start 1: 39 evals, 13602.2s elapsed, c̃=0.8428399074, g_norm=2.40e-02
  p=13 start 1: 40 evals, 13954.0s elapsed, c̃=0.8426186256, g_norm=1.82e-02
  p=13 start 1: 41 evals, 14307.1s elapsed, c̃=0.8428116556, g_norm=1.97e-02
  p=13 start 1: 42 evals, 14661.2s elapsed, c̃=0.8430965849, g_norm=1.65e-02
  p=13 start 1: 43 evals, 15016.1s elapsed, c̃=0.8427620607, g_norm=1.76e-02
  p=13 start 1: 44 evals, 15363.4s elapsed, c̃=0.8431997706, g_norm=1.44e-02
  p=13 start 1: 45 evals, 15721.9s elapsed, c̃=0.8425307685, g_norm=2.16e-02
  p=13 start 1: 46 evals, 16077.0s elapsed, c̃=0.8426908256, g_norm=2.14e-02
  p=13 start 1: 47 evals, 16434.9s elapsed, c̃=0.8431101846, g_norm=3.09e-02
  p=13 start 1: 48 evals, 16786.5s elapsed, c̃=0.8428157277, g_norm=1.59e-02
  p=13 start 1: 49 evals, 17142.4s elapsed, c̃=0.8426385157, g_norm=1.71e-02
  p=13 start 1: 50 evals, 17494.4s elapsed, c̃=0.8428789833, g_norm=1.85e-02
  p=13 start 1: 51 evals, 17866.5s elapsed, c̃=0.8428915063, g_norm=1.62e-02
  p=13 start 1: 52 evals, 18221.9s elapsed, c̃=0.8426457134, g_norm=1.18e-02
  p=13 start 1: 53 evals, 18584.4s elapsed, c̃=0.8425828567, g_norm=1.64e-02
  p=13 start 1: 54 evals, 18939.6s elapsed, c̃=0.8432094913, g_norm=1.40e-02
  p=13 start 1: 55 evals, 19293.0s elapsed, c̃=0.8426266867, g_norm=1.42e-02
  p=13 start 1: 56 evals, 19643.0s elapsed, c̃=0.8426436751, g_norm=1.02e-02
  p=13 start 1: 57 evals, 19997.2s elapsed, c̃=0.8428869232, g_norm=1.91e-02
  p=13 start 1: 58 evals, 20345.7s elapsed, c̃=0.8428644192, g_norm=1.88e-02
  p=13 start 1: 59 evals, 20700.1s elapsed, c̃=0.8430324030, g_norm=2.50e-02
  p=13 start 1: 60 evals, 21056.8s elapsed, c̃=0.8425611514, g_norm=1.91e-02
  p=13 start 1: 61 evals, 21426.1s elapsed, c̃=0.8426782936, g_norm=2.30e-02
  p=13 start 1: 62 evals, 21762.5s elapsed, c̃=0.8429845472, g_norm=1.75e-02
  p=13 start 1: 63 evals, 22107.5s elapsed, c̃=0.8428465485, g_norm=2.06e-02
  p=13 start 1: 64 evals, 22470.4s elapsed, c̃=0.8424629656, g_norm=1.79e-02
  p=13 start 1: 65 evals, 22827.8s elapsed, c̃=0.8430243281, g_norm=1.69e-02
  p=13 start 1: 66 evals, 23183.4s elapsed, c̃=0.8422609062, g_norm=2.23e-02
  p=13 start 1: 67 evals, 23533.9s elapsed, c̃=0.8433699350, g_norm=1.83e-02
  p=13 start 1: 68 evals, 23888.9s elapsed, c̃=0.8426812733, g_norm=2.00e-02
  p=13 start 1: 69 evals, 24247.6s elapsed, c̃=0.8426384478, g_norm=1.63e-02
  p=13 start 1: 70 evals, 24603.1s elapsed, c̃=0.8432095996, g_norm=1.39e-02
  p=13 start 1: 71 evals, 24967.1s elapsed, c̃=0.8432050681, g_norm=1.70e-02
  p=13 start 1: 72 evals, 25331.2s elapsed, c̃=0.8427052561, g_norm=2.39e-02
  p=13 start 1: 73 evals, 25696.6s elapsed, c̃=0.8427723351, g_norm=1.59e-02
  p=13 start 1: 74 evals, 26047.9s elapsed, c̃=0.8426923217, g_norm=2.04e-02
  p=13 start 1: 75 evals, 26399.9s elapsed, c̃=0.8425847551, g_norm=1.44e-02
  p=13 start 1: 76 evals, 26757.0s elapsed, c̃=0.8426365763, g_norm=1.25e-02
  p=13 start 1: 77 evals, 27112.7s elapsed, c̃=0.8430334084, g_norm=1.57e-02
  p=13 start 1: 78 evals, 27463.5s elapsed, c̃=0.8426464794, g_norm=1.67e-02
  p=13 start 1: 79 evals, 27821.9s elapsed, c̃=0.8424265993, g_norm=2.23e-02
  p=13 start 1: 80 evals, 28177.8s elapsed, c̃=0.8423941438, g_norm=1.21e-02
  p=13 start 1: 81 evals, 28529.3s elapsed, c̃=0.8426440600, g_norm=1.29e-02
  p=13 start 1: 82 evals, 28880.3s elapsed, c̃=0.8427056944, g_norm=2.04e-02
  p=13 start 1: 83 evals, 29238.9s elapsed, c̃=0.8428531108, g_norm=1.42e-02
  p=13 start 1: 84 evals, 29601.8s elapsed, c̃=0.8426392903, g_norm=1.78e-02
  p=13 start 1: 85 evals, 29956.3s elapsed, c̃=0.8430568952, g_norm=2.90e-02
  p=13 start 1: 86 evals, 30316.6s elapsed, c̃=0.8424657786, g_norm=1.64e-02
  p=13 start 1: 87 evals, 30679.9s elapsed, c̃=0.8426741753, g_norm=2.24e-02
  p=13 start 1: 88 evals, 31033.9s elapsed, c̃=0.8426858560, g_norm=2.20e-02
  p=13 start 1: 89 evals, 31386.0s elapsed, c̃=0.8431950209, g_norm=1.76e-02
  p=13 start 1: 90 evals, 31736.2s elapsed, c̃=0.8429639919, g_norm=1.72e-02
  p=13 start 1: 91 evals, 32086.2s elapsed, c̃=0.8428341511, g_norm=1.98e-02
  p=13 start 1: 92 evals, 32456.1s elapsed, c̃=0.8427240306, g_norm=2.88e-02
  p=13 start 1: 93 evals, 32794.1s elapsed, c̃=0.8433583052, g_norm=1.74e-02
  p=13 start 1: 94 evals, 33146.5s elapsed, c̃=0.8431134313, g_norm=1.91e-02
