Precompiling packages...
    QaoaXorsat Being precompiled by another process (pid: 0, pidfile: /home/stephenjordan_google_com/.julia/compiled/v1.12/QaoaXorsat/qgVWo_H0iNu.ji.pidfile)
  21195.6 ms  ✓ QaoaXorsat
  1 dependency successfully precompiled in 26 seconds. 52 already precompiled.
preserved run_id=20260401T022525-k4-d6-p12-15-r2-i320-s1234
preserved directory=/home/stephenjordan_google_com/qaoa-xorsat/scripts/../.project/results/optimization/runs/20260401T022525-k4-d6-p12-15-r2-i320-s1234
resuming from: /home/stephenjordan_google_com/qaoa-xorsat/.project/results/optimization/runs/20260331T232833-k4-d6-p1-15-r2-i320-s1234
warm-start from p=11: c̃=0.835707409410
[ Info: JIT warmup...
[ Info: JIT warmup complete, starting sweep
  p=12 start 1: 2 evals, 72.7s elapsed, c̃=0.9081035833, g_norm=2.06e+00
  p=12 start 1: 3 evals, 142.6s elapsed, c̃=0.5000002842, g_norm=6.23e-06
  p=12 start 1: 4 evals, 213.8s elapsed, c̃=0.5022971415, g_norm=2.69e-02
  p=12 start 1: 5 evals, 293.3s elapsed, c̃=0.5024659354, g_norm=3.73e-02
  p=12 start 1: 6 evals, 365.3s elapsed, c̃=0.5038428785, g_norm=5.35e-02
  p=12 start 1: 7 evals, 436.0s elapsed, c̃=0.5643497215, g_norm=6.74e-01
  p=12 start 1: 8 evals, 509.3s elapsed, c̃=0.5740673891, g_norm=4.45e-01
  p=12 start 1: 9 evals, 584.4s elapsed, c̃=0.6843773950, g_norm=2.68e+00
  p=12 start 1: 10 evals, 663.2s elapsed, c̃=0.7134531663, g_norm=1.64e+00
  p=12 start 1: 11 evals, 735.3s elapsed, c̃=0.7874876057, g_norm=1.47e+00
  p=12 start 1: 12 evals, 808.5s elapsed, c̃=0.8146121786, g_norm=1.16e+00
  p=12 start 1: 13 evals, 880.0s elapsed, c̃=0.8546720970, g_norm=2.31e+00
  p=12 start 1: 14 evals, 956.4s elapsed, c̃=0.7679100769, g_norm=1.56e+00
  p=12 start 1: 15 evals, 1031.4s elapsed, c̃=0.7926476485, g_norm=6.58e-01
  p=12 start 1: 16 evals, 1105.8s elapsed, c̃=0.8144065311, g_norm=1.55e+00
  p=12 start 1: 17 evals, 1177.4s elapsed, c̃=0.7877413028, g_norm=1.06e+00
  p=12 start 1: 18 evals, 1252.2s elapsed, c̃=0.8432861166, g_norm=1.75e+00
  p=12 start 1: 19 evals, 1326.4s elapsed, c̃=0.8233834930, g_norm=1.72e+00
  p=12 start 1: 20 evals, 1397.7s elapsed, c̃=0.7857534672, g_norm=2.00e+00
  p=12 start 1: 21 evals, 1470.9s elapsed, c̃=0.8164463009, g_norm=2.07e+00
  p=12 start 1: 22 evals, 1545.5s elapsed, c̃=0.8450767768, g_norm=3.02e+00
  p=12 start 1: 23 evals, 1616.9s elapsed, c̃=0.8116035916, g_norm=7.91e-01
  p=12 start 1: 24 evals, 1689.0s elapsed, c̃=0.8280052810, g_norm=2.39e+00
  p=12 start 1: 25 evals, 1762.8s elapsed, c̃=0.8342472374, g_norm=2.27e+00
  p=12 start 1: 26 evals, 1834.6s elapsed, c̃=0.8227819717, g_norm=1.78e+00
  p=12 start 1: 27 evals, 1906.1s elapsed, c̃=0.8631609156, g_norm=3.35e+00
  p=12 start 1: 28 evals, 1977.8s elapsed, c̃=0.8295452216, g_norm=1.56e+00
  p=12 start 1: 29 evals, 2049.5s elapsed, c̃=0.7820616850, g_norm=2.33e+00
  p=12 start 1: 30 evals, 2124.9s elapsed, c̃=0.8418328517, g_norm=1.93e+00
  p=12 start 1: 31 evals, 2197.8s elapsed, c̃=0.8045791553, g_norm=8.99e-01
  p=12 start 1: 32 evals, 2269.0s elapsed, c̃=0.7578550387, g_norm=7.81e-01
  p=12 start 1: 33 evals, 2340.7s elapsed, c̃=0.8904594658, g_norm=2.58e+00
  p=12 start 1: 34 evals, 2412.8s elapsed, c̃=0.8650877024, g_norm=2.07e+00
  p=12 start 1: 35 evals, 2487.2s elapsed, c̃=0.8374559760, g_norm=1.84e+00
  p=12 start 1: 36 evals, 2560.1s elapsed, c̃=0.7932239020, g_norm=9.70e-01
  p=12 start 1: 37 evals, 2631.7s elapsed, c̃=0.9289854281, g_norm=2.29e+00
  p=12 start 1: 38 evals, 2704.1s elapsed, c̃=0.7581387632, g_norm=8.79e-01
  p=12 start 1: 39 evals, 2775.9s elapsed, c̃=0.8329276754, g_norm=1.62e+00
  p=12 start 1: 40 evals, 2848.0s elapsed, c̃=0.8698082026, g_norm=3.85e+00
  p=12 start 1: 41 evals, 2921.2s elapsed, c̃=0.7995331930, g_norm=1.55e+00
  p=12 start 1: 42 evals, 2993.6s elapsed, c̃=0.8307456020, g_norm=2.26e+00
  p=12 start 1: 43 evals, 3065.7s elapsed, c̃=0.8625644956, g_norm=2.10e+00
  p=12 start 1: 44 evals, 3138.7s elapsed, c̃=0.8096828668, g_norm=3.36e+00
  p=12 start 1: 45 evals, 3212.5s elapsed, c̃=0.8204116583, g_norm=1.72e+00
  p=12 start 1: 46 evals, 3286.3s elapsed, c̃=0.7617433072, g_norm=6.18e-01
  p=12 start 1: 47 evals, 3363.4s elapsed, c̃=0.8273836582, g_norm=1.91e+00
  p=12 start 1: 48 evals, 3438.8s elapsed, c̃=0.7896807065, g_norm=1.34e+00
  p=12 start 1: 49 evals, 3513.9s elapsed, c̃=0.7870537484, g_norm=2.68e+00
  p=12 start 1: 50 evals, 3589.6s elapsed, c̃=0.8218324169, g_norm=1.75e+00
  p=12 start 1: 51 evals, 3662.8s elapsed, c̃=0.7528606070, g_norm=2.21e+00
  p=12 start 1: 52 evals, 3738.8s elapsed, c̃=0.8567940563, g_norm=4.24e+00
  p=12 start 1: 53 evals, 3809.9s elapsed, c̃=0.8298565298, g_norm=1.65e+00
  p=12 start 1: 54 evals, 3885.1s elapsed, c̃=0.7767901238, g_norm=1.90e+00
  p=12 start 1: 55 evals, 3964.2s elapsed, c̃=0.8441580983, g_norm=2.45e+00
  p=12 start 1: 56 evals, 4039.7s elapsed, c̃=0.8739207337, g_norm=4.42e+00
  p=12 start 1: 57 evals, 4112.3s elapsed, c̃=0.7746698732, g_norm=1.60e+00
  p=12 start 1: 58 evals, 4183.5s elapsed, c̃=0.7918854353, g_norm=1.34e+00
  p=12 start 1: 59 evals, 4254.5s elapsed, c̃=0.8046919919, g_norm=7.30e-01
  p=12 start 1: 60 evals, 4324.0s elapsed, c̃=0.7820382264, g_norm=7.66e-01
  p=12 start 1: 61 evals, 4395.7s elapsed, c̃=0.8264286762, g_norm=2.72e+00
  p=12 start 1: 62 evals, 4467.9s elapsed, c̃=0.8921600841, g_norm=4.21e+00
  p=12 start 1: 63 evals, 4539.2s elapsed, c̃=0.8153197474, g_norm=1.48e+00
  p=12 start 1: 64 evals, 4609.2s elapsed, c̃=0.7813548220, g_norm=7.86e-01
  p=12 start 1: 65 evals, 4680.7s elapsed, c̃=0.8375078091, g_norm=2.87e+00
  p=12 start 1: 66 evals, 4751.6s elapsed, c̃=0.7927996513, g_norm=1.68e+00
  p=12 start 1: 67 evals, 4823.6s elapsed, c̃=0.8628408458, g_norm=2.82e+00
  p=12 start 1: 68 evals, 4894.0s elapsed, c̃=0.7680950708, g_norm=6.42e-01
  p=12 start 1: 69 evals, 4964.8s elapsed, c̃=0.7697794359, g_norm=8.65e-01
  p=12 start 1: 70 evals, 5036.2s elapsed, c̃=0.7956896418, g_norm=1.41e+00
  p=12 start 1: 71 evals, 5113.3s elapsed, c̃=0.8421614655, g_norm=3.24e+00
  p=12 start 1: 72 evals, 5185.0s elapsed, c̃=0.9429140633, g_norm=2.07e+00
  p=12 start 1: 73 evals, 5256.9s elapsed, c̃=0.8385897976, g_norm=2.69e+00
  p=12 start 1: 74 evals, 5334.1s elapsed, c̃=0.8469150058, g_norm=3.77e+00
  p=12 start 1: 75 evals, 5405.9s elapsed, c̃=0.9260451370, g_norm=2.38e+00
  p=12 start 1: 76 evals, 5484.1s elapsed, c̃=0.8274367138, g_norm=1.48e+00
  p=12 start 1: 77 evals, 5562.0s elapsed, c̃=0.8016395404, g_norm=3.27e+00
  p=12 start 1: 78 evals, 5634.1s elapsed, c̃=0.9172173839, g_norm=2.53e+00
  p=12 start 1: 79 evals, 5714.4s elapsed, c̃=0.9249959932, g_norm=1.85e+00
  p=12 start 1: 80 evals, 5786.1s elapsed, c̃=0.9101275940, g_norm=3.36e+00
  p=12 start 1: 81 evals, 5861.7s elapsed, c̃=0.9377535742, g_norm=1.71e+00
  p=12 start 1: 82 evals, 5937.8s elapsed, c̃=0.9429140633, g_norm=2.07e+00
  p=12 start 1: 83 evals, 6010.5s elapsed, c̃=0.9377535742, g_norm=1.71e+00
  p=12 start 1: 84 evals, 6079.9s elapsed, c̃=0.9429140633, g_norm=2.07e+00
  p=12 start 1: 85 evals, 6151.4s elapsed, c̃=0.9377535742, g_norm=1.71e+00
  p=12 start 1: 86 evals, 6228.1s elapsed, c̃=0.9429140633, g_norm=2.07e+00
  p=12 start 1: 87 evals, 6299.2s elapsed, c̃=0.9377535742, g_norm=1.71e+00
  p=12 start 1: 88 evals, 6370.6s elapsed, c̃=0.9429140633, g_norm=2.07e+00
  p=12 start 1: 89 evals, 6441.7s elapsed, c̃=0.9377535742, g_norm=1.71e+00
  p=12 start 1: 90 evals, 6513.8s elapsed, c̃=0.9429140633, g_norm=2.07e+00
  p=12 start 1: 91 evals, 6590.8s elapsed, c̃=0.9377535742, g_norm=1.71e+00
  p=12 start 1: 92 evals, 6663.1s elapsed, c̃=0.9429140633, g_norm=2.07e+00
  p=12 start 1: 93 evals, 6734.8s elapsed, c̃=0.9377535742, g_norm=1.71e+00
  p=12 start 1: 94 evals, 6810.3s elapsed, c̃=0.9429140633, g_norm=2.07e+00
  p=12 start 1: 95 evals, 6885.4s elapsed, c̃=0.9377535742, g_norm=1.71e+00
  p=12 start 1: 96 evals, 6957.5s elapsed, c̃=0.9429140633, g_norm=2.07e+00
  p=12 start 1: 97 evals, 7029.1s elapsed, c̃=0.9377535742, g_norm=1.71e+00
  p=12 start 1: 98 evals, 7100.9s elapsed, c̃=0.9429140633, g_norm=2.07e+00
  p=12 start 1: 99 evals, 7172.7s elapsed, c̃=0.9377535742, g_norm=1.71e+00
  p=12 start 1: 100 evals, 7244.3s elapsed, c̃=0.9429140633, g_norm=2.07e+00
  p=12 start 1: 101 evals, 7316.3s elapsed, c̃=0.9377535742, g_norm=1.71e+00
  p=12 start 1: 102 evals, 7388.0s elapsed, c̃=0.9429140633, g_norm=2.07e+00
  p=12 start 1: 103 evals, 7460.1s elapsed, c̃=0.9377535742, g_norm=1.71e+00
