preserved run_id=20260403T034418-k3-d4-p13-15-r2-i320-s1234
preserved directory=/home/stephenjordan_google_com/qaoa-xorsat/scripts/../.project/results/optimization/runs/20260403T034418-k3-d4-p13-15-r2-i320-s1234
resuming from: /home/stephenjordan_google_com/qaoa-xorsat/.project/results/optimization/runs/20260401T022556-k3-d4-p12-15-r2-i320-s1234
warm-start from p=12: c̃=0.876905340561
[ Info: JIT warmup...
[ Info: JIT warmup complete, starting sweep
  p=13 start 1: 2 evals, 362.2s elapsed, c̃=0.8655958163, g_norm=3.21e-01
  p=13 start 1: 3 evals, 739.8s elapsed, c̃=0.5147674561, g_norm=1.89e-01
  p=13 start 1: 4 evals, 1116.2s elapsed, c̃=0.5575419680, g_norm=4.33e-01
  p=13 start 1: 5 evals, 1499.7s elapsed, c̃=0.7629292060, g_norm=7.49e-01
  p=13 start 1: 6 evals, 1872.0s elapsed, c̃=0.8751553032, g_norm=1.70e-01
  p=13 start 1: 7 evals, 2251.3s elapsed, c̃=0.8774946402, g_norm=6.53e-02
  p=13 start 1: 8 evals, 2626.3s elapsed, c̃=0.8544122442, g_norm=3.31e-01
  p=13 start 1: 9 evals, 3008.6s elapsed, c̃=0.8775732028, g_norm=5.24e-02
  p=13 start 1: 10 evals, 3398.7s elapsed, c̃=0.8775725685, g_norm=5.24e-02
  p=13 start 1: 11 evals, 3763.7s elapsed, c̃=0.8780685060, g_norm=3.40e-02
  p=13 start 1: 12 evals, 4144.8s elapsed, c̃=0.8776333254, g_norm=6.07e-02
  p=13 start 1: 13 evals, 4544.8s elapsed, c̃=0.8783688218, g_norm=2.53e-02
  p=13 start 1: 14 evals, 4920.0s elapsed, c̃=0.8785399974, g_norm=2.39e-02
  p=13 start 1: 15 evals, 5297.9s elapsed, c̃=0.8785587311, g_norm=2.07e-02
  p=13 start 1: 16 evals, 5664.1s elapsed, c̃=0.8786782951, g_norm=1.62e-02
  p=13 start 1: 17 evals, 6040.8s elapsed, c̃=0.8788780150, g_norm=3.30e-02
  p=13 start 1: 18 evals, 6411.1s elapsed, c̃=0.8788776932, g_norm=2.96e-02
  p=13 start 1: 19 evals, 6782.6s elapsed, c̃=0.8791667634, g_norm=2.81e-02
  p=13 start 1: 20 evals, 7179.6s elapsed, c̃=0.8778120995, g_norm=9.62e-02
  p=13 start 1: 21 evals, 7551.3s elapsed, c̃=0.8792506438, g_norm=2.73e-02
  p=13 start 1: 22 evals, 7928.7s elapsed, c̃=0.8796308800, g_norm=1.98e-02
  p=13 start 1: 23 evals, 8343.5s elapsed, c̃=0.8788099014, g_norm=6.07e-02
  p=13 start 1: 24 evals, 8714.5s elapsed, c̃=0.8798349638, g_norm=2.45e-02
  p=13 start 1: 25 evals, 9087.9s elapsed, c̃=0.8802441540, g_norm=3.10e-02
  p=13 start 1: 26 evals, 9457.3s elapsed, c̃=0.8802529820, g_norm=2.66e-02
  p=13 start 1: 27 evals, 9832.0s elapsed, c̃=0.8803850699, g_norm=1.37e-02
  p=13 start 1: 28 evals, 10213.3s elapsed, c̃=0.8803896724, g_norm=1.12e-02
  p=13 start 1: 29 evals, 10587.8s elapsed, c̃=0.8804310123, g_norm=6.22e-03
  p=13 start 1: 30 evals, 10959.3s elapsed, c̃=0.8800546919, g_norm=4.51e-02
  p=13 start 1: 31 evals, 11341.1s elapsed, c̃=0.8804319284, g_norm=7.20e-03
  p=13 start 1: 32 evals, 11718.8s elapsed, c̃=0.8804555256, g_norm=6.28e-03
  p=13 start 1: 33 evals, 12087.9s elapsed, c̃=0.8804923917, g_norm=8.45e-03
  p=13 start 1: 34 evals, 12466.9s elapsed, c̃=0.8804914891, g_norm=9.13e-03
  p=13 start 1: 35 evals, 12865.3s elapsed, c̃=0.8806010666, g_norm=6.09e-03
  p=13 start 1: 36 evals, 13229.2s elapsed, c̃=0.8803239448, g_norm=4.51e-02
  p=13 start 1: 37 evals, 13604.2s elapsed, c̃=0.8806310639, g_norm=1.27e-02
  p=13 start 1: 38 evals, 13975.2s elapsed, c̃=0.8806297728, g_norm=1.43e-02
  p=13 start 1: 39 evals, 14353.7s elapsed, c̃=0.8806641148, g_norm=3.95e-03
  p=13 start 1: 40 evals, 14727.8s elapsed, c̃=0.8806702783, g_norm=3.34e-03
  p=13 start 1: 41 evals, 15107.2s elapsed, c̃=0.8805875862, g_norm=2.19e-02
  p=13 start 1: 42 evals, 15482.3s elapsed, c̃=0.8806791585, g_norm=3.10e-03
  p=13 start 1: 43 evals, 15859.0s elapsed, c̃=0.8806869475, g_norm=2.93e-03
  p=13 start 1: 44 evals, 16228.4s elapsed, c̃=0.8806832061, g_norm=9.69e-03
  p=13 start 1: 45 evals, 16606.7s elapsed, c̃=0.8806880243, g_norm=4.68e-03
  p=13 start 1: 46 evals, 16973.1s elapsed, c̃=0.8807022775, g_norm=2.95e-03
  p=13 start 1: 47 evals, 17346.9s elapsed, c̃=0.8806360501, g_norm=1.09e-02
  p=13 start 1: 48 evals, 17719.9s elapsed, c̃=0.8807012253, g_norm=2.92e-03
  p=13 start 1: 49 evals, 18094.2s elapsed, c̃=0.8807102940, g_norm=3.35e-03
  p=13 start 1: 50 evals, 18475.0s elapsed, c̃=0.8806292999, g_norm=1.76e-02
  p=13 start 1: 51 evals, 18848.3s elapsed, c̃=0.8807090184, g_norm=4.08e-03
  p=13 start 1: 52 evals, 19222.4s elapsed, c̃=0.8807092902, g_norm=4.92e-03
  p=13 start 1: 53 evals, 19600.2s elapsed, c̃=0.8807160376, g_norm=4.88e-03
  p=13 start 1: 54 evals, 19971.9s elapsed, c̃=0.8807184101, g_norm=3.00e-03
  p=13 start 1: 55 evals, 20342.6s elapsed, c̃=0.8807231347, g_norm=2.39e-03
  p=13 start 1: 56 evals, 20718.4s elapsed, c̃=0.8807252530, g_norm=3.10e-03
  p=13 start 1: 57 evals, 21092.7s elapsed, c̃=0.8807239460, g_norm=3.21e-03
  p=13 start 1: 58 evals, 21479.4s elapsed, c̃=0.8807240280, g_norm=1.97e-03
  p=13 start 1: 59 evals, 21850.9s elapsed, c̃=0.8807224894, g_norm=2.76e-03
  p=13 start 1: 60 evals, 22245.2s elapsed, c̃=0.8807238769, g_norm=2.56e-03
  p=13 start 1: 61 evals, 22608.8s elapsed, c̃=0.8807249045, g_norm=2.47e-03
  p=13 start 1: 62 evals, 22984.9s elapsed, c̃=0.8807310634, g_norm=3.96e-03
  p=13 start 1: 63 evals, 23367.4s elapsed, c̃=0.8807305730, g_norm=3.43e-03
  p=13 start 1: 64 evals, 23738.4s elapsed, c̃=0.8807278953, g_norm=4.01e-03
  p=13 start 1: 65 evals, 24115.5s elapsed, c̃=0.8807274322, g_norm=4.15e-03
  p=13 start 1: 66 evals, 24496.9s elapsed, c̃=0.8807227430, g_norm=2.19e-03
  p=13 start 1: 67 evals, 24870.2s elapsed, c̃=0.8807309735, g_norm=1.51e-03
  p=13 start 1: 68 evals, 25243.2s elapsed, c̃=0.8807275232, g_norm=2.27e-03
  p=13 start 1: 69 evals, 25633.1s elapsed, c̃=0.8807244622, g_norm=2.53e-03
  p=13 start 1: 70 evals, 26017.6s elapsed, c̃=0.8807239843, g_norm=1.47e-03
  p=13 start 1: 71 evals, 26389.7s elapsed, c̃=0.8807299057, g_norm=2.07e-03
  p=13 start 1: 72 evals, 26755.3s elapsed, c̃=0.8807233868, g_norm=2.03e-03
  p=13 start 1: 73 evals, 27125.5s elapsed, c̃=0.8807306823, g_norm=4.30e-03
  p=13 start 1: 74 evals, 27519.1s elapsed, c̃=0.8807288320, g_norm=1.72e-03
  p=13 start 1: 75 evals, 27887.7s elapsed, c̃=0.8807240217, g_norm=3.89e-03
  p=13 start 1: 76 evals, 28264.4s elapsed, c̃=0.8807254144, g_norm=3.16e-03
  p=13 start 1: 77 evals, 28635.5s elapsed, c̃=0.8807262604, g_norm=3.42e-03
  p=13 start 1: 78 evals, 29010.0s elapsed, c̃=0.8807283525, g_norm=2.73e-03
  p=13 start 1: 79 evals, 29387.9s elapsed, c̃=0.8807288588, g_norm=1.98e-03
  p=13 start 1: 80 evals, 29764.3s elapsed, c̃=0.8807279169, g_norm=3.65e-03
  p=13 start 1: 81 evals, 30147.4s elapsed, c̃=0.8807296220, g_norm=3.08e-03
  p=13 start 1: 82 evals, 30529.7s elapsed, c̃=0.8807262249, g_norm=1.82e-03
  p=13 start 1: 83 evals, 30911.6s elapsed, c̃=0.8807238367, g_norm=3.92e-03
  p=13 start 1: 84 evals, 31299.1s elapsed, c̃=0.8807252246, g_norm=2.33e-03
  p=13 start 1: 85 evals, 31670.7s elapsed, c̃=0.8807247018, g_norm=3.05e-03
  p=13 start 1: 86 evals, 32047.4s elapsed, c̃=0.8807255943, g_norm=2.82e-03
  p=13 start 1: 87 evals, 32423.5s elapsed, c̃=0.8807319254, g_norm=3.99e-03
  p=13 start 1: 88 evals, 32799.6s elapsed, c̃=0.8807264574, g_norm=2.72e-03
  p=13 start 1: 89 evals, 33180.0s elapsed, c̃=0.8807321512, g_norm=2.40e-03
  p=13 start 1: 90 evals, 33555.2s elapsed, c̃=0.8807308563, g_norm=3.64e-03
  p=13 start 1: 91 evals, 33932.7s elapsed, c̃=0.8807290801, g_norm=2.68e-03
  p=13 start 1: 92 evals, 34309.2s elapsed, c̃=0.8807271130, g_norm=3.52e-03
  p=13 start 1: 93 evals, 34685.9s elapsed, c̃=0.8807228417, g_norm=3.33e-03
  p=13 start 1: 94 evals, 35079.6s elapsed, c̃=0.8807298743, g_norm=3.91e-03
  p=13 start 1: 95 evals, 35453.5s elapsed, c̃=0.8807284201, g_norm=2.77e-03
  p=13 start 1: 96 evals, 35840.3s elapsed, c̃=0.8807236191, g_norm=3.03e-03
  p=13 start 1: 97 evals, 36215.4s elapsed, c̃=0.8807303157, g_norm=2.12e-03
  p=13 start 1: 98 evals, 36579.6s elapsed, c̃=0.8807284059, g_norm=3.30e-03
  p=13 start 1: 99 evals, 36955.0s elapsed, c̃=0.8807292468, g_norm=3.02e-03
  p=13 start 1: 100 evals, 37326.4s elapsed, c̃=0.8807311313, g_norm=3.23e-03
  p=13 start 1: 101 evals, 37700.8s elapsed, c̃=0.8807291356, g_norm=5.88e-03
  p=13 start 1: 102 evals, 38077.6s elapsed, c̃=0.8807295022, g_norm=2.59e-03
  p=13 start 1: 103 evals, 38458.5s elapsed, c̃=0.8807267397, g_norm=1.69e-03
  p=13 start 1: 104 evals, 38825.2s elapsed, c̃=0.8807304255, g_norm=4.45e-03
  p=13 start 1: 105 evals, 39204.2s elapsed, c̃=0.8807222289, g_norm=3.55e-03
  p=13 start 1: 106 evals, 39575.8s elapsed, c̃=0.8807278890, g_norm=2.04e-03
  p=13 start 1: 107 evals, 39963.6s elapsed, c̃=0.8807315285, g_norm=3.79e-03
  p=13 start 1: 108 evals, 40356.6s elapsed, c̃=0.8807279077, g_norm=1.49e-03
  p=13 start 1: 109 evals, 40739.3s elapsed, c̃=0.8807287083, g_norm=2.70e-03
  p=13 start 1: 110 evals, 41112.2s elapsed, c̃=0.8807280881, g_norm=3.66e-03
  p=13 start 1: 111 evals, 41489.9s elapsed, c̃=0.8807291920, g_norm=2.36e-03
  p=13 start 1: 112 evals, 41871.6s elapsed, c̃=0.8807315285, g_norm=3.79e-03
  p=13 start 1: 113 evals, 42255.1s elapsed, c̃=0.8807291920, g_norm=2.36e-03
  p=13 start 1: 114 evals, 42619.9s elapsed, c̃=0.8807315285, g_norm=3.79e-03
  p=13 start 1: 115 evals, 42994.7s elapsed, c̃=0.8807291920, g_norm=2.36e-03
  p=13 start 1: 116 evals, 43371.5s elapsed, c̃=0.8807315285, g_norm=3.79e-03
  p=13 start 1: 117 evals, 43769.4s elapsed, c̃=0.8807300828, g_norm=1.43e-03
  p=13 start 1: 118 evals, 44152.4s elapsed, c̃=0.8807235203, g_norm=1.50e-03
  p=13 start 1: 119 evals, 44528.7s elapsed, c̃=0.8807285780, g_norm=1.73e-03
  p=13 start 1: 120 evals, 44901.0s elapsed, c̃=0.8807271479, g_norm=1.69e-03
  p=13 start 1: 121 evals, 45262.5s elapsed, c̃=0.8807247810, g_norm=1.98e-03
  p=13 start 1: 122 evals, 45636.6s elapsed, c̃=0.8807338431, g_norm=2.27e-03
  p=13 start 1: 123 evals, 46017.9s elapsed, c̃=0.8807265841, g_norm=1.86e-03
  p=13 start 1: 124 evals, 46386.6s elapsed, c̃=0.8807312682, g_norm=4.84e-03
  p=13 start 1: 125 evals, 46771.0s elapsed, c̃=0.8807264156, g_norm=3.35e-03
  p=13 start 1: 126 evals, 47143.5s elapsed, c̃=0.8807276145, g_norm=2.02e-03
  p=13 start 1: 127 evals, 47517.5s elapsed, c̃=0.8807264693, g_norm=2.96e-03
  p=13 start 1: 128 evals, 47892.5s elapsed, c̃=0.8807257867, g_norm=3.59e-03
  p=13 start 1: 129 evals, 48272.7s elapsed, c̃=0.8807255126, g_norm=3.34e-03
  p=13 start 1: 130 evals, 48650.1s elapsed, c̃=0.8807305111, g_norm=2.04e-03
  p=13 start 1: 131 evals, 49035.1s elapsed, c̃=0.8807290546, g_norm=3.12e-03
  p=13 start 1: 132 evals, 49418.9s elapsed, c̃=0.8807299388, g_norm=2.42e-03
  p=13 start 1: 133 evals, 49803.3s elapsed, c̃=0.8807293537, g_norm=1.56e-03
  p=13 start 1: 134 evals, 50207.2s elapsed, c̃=0.8807290955, g_norm=4.97e-03
  p=13 start 1: 135 evals, 50593.1s elapsed, c̃=0.8807323205, g_norm=3.39e-03
  p=13 start 1: 136 evals, 50950.3s elapsed, c̃=0.8807219218, g_norm=5.68e-03
  p=13 start 1: 137 evals, 51319.0s elapsed, c̃=0.8807316514, g_norm=3.62e-03
  p=13 start 1: 138 evals, 51687.0s elapsed, c̃=0.8807270793, g_norm=1.65e-03
  p=13 start 1: 139 evals, 52067.2s elapsed, c̃=0.8807258739, g_norm=2.86e-03
  p=13 start 1: 140 evals, 52444.3s elapsed, c̃=0.8807293555, g_norm=1.96e-03
  p=13 start 1: 141 evals, 52822.0s elapsed, c̃=0.8807281793, g_norm=4.12e-03
  p=13 start 1: 142 evals, 53200.2s elapsed, c̃=0.8807229319, g_norm=1.89e-03
  p=13 start 1: 143 evals, 53573.4s elapsed, c̃=0.8807316695, g_norm=2.55e-03
  p=13 start 1: 144 evals, 53958.4s elapsed, c̃=0.8807273046, g_norm=3.16e-03
  p=13 start 1: 145 evals, 54325.5s elapsed, c̃=0.8807307764, g_norm=4.11e-03
  p=13 start 1: 146 evals, 54725.7s elapsed, c̃=0.8807259577, g_norm=2.54e-03
  p=13 start 1: 147 evals, 55106.4s elapsed, c̃=0.8807260365, g_norm=3.05e-03
  p=13 start 1: 148 evals, 55482.9s elapsed, c̃=0.8807248871, g_norm=2.86e-03
  p=13 start 1: 149 evals, 55863.8s elapsed, c̃=0.8807299747, g_norm=3.98e-03
  p=13 start 1: 150 evals, 56236.7s elapsed, c̃=0.8807281054, g_norm=3.99e-03
  p=13 start 1: 151 evals, 56597.5s elapsed, c̃=0.8807272298, g_norm=1.99e-03
  p=13 start 1: 152 evals, 56972.7s elapsed, c̃=0.8807284830, g_norm=2.72e-03
  p=13 start 1: 153 evals, 57349.7s elapsed, c̃=0.8807319304, g_norm=3.56e-03
  p=13 start 1: 154 evals, 57709.0s elapsed, c̃=0.8807286665, g_norm=4.65e-03
  p=13 start 1: 155 evals, 58086.5s elapsed, c̃=0.8807319803, g_norm=5.14e-03
  p=13 start 1: 156 evals, 58462.2s elapsed, c̃=0.8807330729, g_norm=1.56e-03
  p=13 start 1: 157 evals, 58834.2s elapsed, c̃=0.8807273270, g_norm=1.92e-03
  p=13 start 1: 158 evals, 59207.0s elapsed, c̃=0.8807290455, g_norm=2.75e-03
  p=13 start 1: 159 evals, 59581.8s elapsed, c̃=0.8807316510, g_norm=1.76e-03
  p=13 start 1: 160 evals, 59957.4s elapsed, c̃=0.8807314486, g_norm=1.49e-03
  p=13 start 1: 161 evals, 60327.2s elapsed, c̃=0.8807295720, g_norm=4.81e-03
  p=13 start 1: 162 evals, 60697.6s elapsed, c̃=0.8807331975, g_norm=2.49e-03
  p=13 start 1: 163 evals, 61075.5s elapsed, c̃=0.8807309791, g_norm=3.80e-03
  p=13 start 1: 164 evals, 61452.5s elapsed, c̃=0.8807295720, g_norm=4.81e-03
  p=13 start 1: 165 evals, 61831.7s elapsed, c̃=0.8807309791, g_norm=3.80e-03
  p=13 start 1: 166 evals, 62214.0s elapsed, c̃=0.8807295720, g_norm=4.81e-03
  p=13 start 1: 167 evals, 62573.2s elapsed, c̃=0.8807309791, g_norm=3.80e-03
  p=13 start 1: 168 evals, 62936.0s elapsed, c̃=0.8807295720, g_norm=4.81e-03
  p=13 start 1: 169 evals, 63306.1s elapsed, c̃=0.8807309791, g_norm=3.80e-03
  p=13 start 1: 170 evals, 63679.8s elapsed, c̃=0.8807295720, g_norm=4.81e-03
  p=13 start 1: 171 evals, 64047.7s elapsed, c̃=0.8807309791, g_norm=3.80e-03
  p=13 start 1: 172 evals, 64413.1s elapsed, c̃=0.5002719156, g_norm=4.27e-03
  p=13 start 1: 173 evals, 64802.3s elapsed, c̃=0.4998522563, g_norm=1.52e-03
  p=13 start 1: 174 evals, 65174.9s elapsed, c̃=0.4999847910, g_norm=8.66e-04
  p=13 start 1: 175 evals, 65549.2s elapsed, c̃=0.4974184590, g_norm=6.47e-02
  p=13 start 1: 176 evals, 65974.0s elapsed, c̃=0.4996409594, g_norm=6.01e-03
  p=13 start 1: 177 evals, 66350.3s elapsed, c̃=0.4999963388, g_norm=6.86e-05
  p=13 start 1: 178 evals, 66722.3s elapsed, c̃=0.4792723246, g_norm=1.52e-01
  p=13 start 1: 179 evals, 67100.2s elapsed, c̃=0.5000104264, g_norm=1.55e-04
  p=13 start 1: 180 evals, 67484.8s elapsed, c̃=0.4897545268, g_norm=9.13e-02
  p=13 start 1: 181 evals, 67861.8s elapsed, c̃=0.7042711895, g_norm=4.28e-01
  p=13 start 1: 182 evals, 68241.0s elapsed, c̃=0.8807262855, g_norm=5.01e-03
  p=13 start 1: 183 evals, 68618.4s elapsed, c̃=0.8807262905, g_norm=3.35e-03
  p=13 start 1: 184 evals, 68991.1s elapsed, c̃=0.8807305026, g_norm=3.64e-03
  p=13 start 1: 185 evals, 69367.9s elapsed, c̃=0.8807246470, g_norm=1.68e-03
  p=13 start 1: 186 evals, 69757.6s elapsed, c̃=0.8807283272, g_norm=2.45e-03
  p=13 start 1: 187 evals, 70138.6s elapsed, c̃=0.8807307732, g_norm=2.98e-03
  p=13 start 1: 188 evals, 70504.0s elapsed, c̃=0.8807290764, g_norm=2.37e-03
  p=13 start 1: 189 evals, 70902.6s elapsed, c̃=0.8807270315, g_norm=2.04e-03
  p=13 start 1: 190 evals, 71275.5s elapsed, c̃=0.8807240619, g_norm=1.38e-03
  p=13 start 1: 191 evals, 71653.8s elapsed, c̃=0.8807278392, g_norm=4.46e-03
  p=13 start 1: 192 evals, 72028.8s elapsed, c̃=0.8807274332, g_norm=2.94e-03
  p=13 start 1: 193 evals, 72419.3s elapsed, c̃=0.8807291747, g_norm=4.11e-03
  p=13 start 1: 194 evals, 72804.5s elapsed, c̃=0.8807285597, g_norm=1.61e-03
  p=13 start 1: 195 evals, 73196.8s elapsed, c̃=0.8807279733, g_norm=3.35e-03
  p=13 start 1: 196 evals, 73569.3s elapsed, c̃=0.8807299914, g_norm=1.64e-03
  p=13 start 1: 197 evals, 73938.0s elapsed, c̃=0.8807287853, g_norm=2.51e-03
  p=13 start 1: 198 evals, 74318.6s elapsed, c̃=0.8807288385, g_norm=4.70e-03
  p=13 start 1: 199 evals, 74699.3s elapsed, c̃=0.8807265017, g_norm=4.22e-03
  p=13 start 1: 200 evals, 75067.9s elapsed, c̃=0.8807274397, g_norm=2.10e-03
  p=13 start 1: 201 evals, 75433.8s elapsed, c̃=0.8807291656, g_norm=1.44e-03
  p=13 start 1: 202 evals, 75811.8s elapsed, c̃=0.8807263483, g_norm=3.38e-03
  p=13 start 1: 203 evals, 76195.0s elapsed, c̃=0.8807271592, g_norm=2.71e-03
  p=13 start 1: 204 evals, 76562.0s elapsed, c̃=0.8807246789, g_norm=2.26e-03
  p=13 start 1: 205 evals, 76933.5s elapsed, c̃=0.8807286215, g_norm=2.73e-03
  p=13 start 1: 206 evals, 77303.9s elapsed, c̃=0.8807283322, g_norm=2.70e-03
  p=13 start 1: 207 evals, 77690.1s elapsed, c̃=0.8807296564, g_norm=4.17e-03
  p=13 start 1: 208 evals, 78065.0s elapsed, c̃=0.8807279654, g_norm=3.06e-03
  p=13 start 1: 209 evals, 78435.6s elapsed, c̃=0.8807264443, g_norm=1.33e-03
  p=13 start 1: 210 evals, 78796.4s elapsed, c̃=0.8807281527, g_norm=2.11e-03
  p=13 start 1: 211 evals, 79169.7s elapsed, c̃=0.8807241095, g_norm=1.98e-03
  p=13 start 1: 212 evals, 79545.5s elapsed, c̃=0.8807252388, g_norm=2.00e-03
  p=13 start 1: 213 evals, 79922.6s elapsed, c̃=0.8807288066, g_norm=1.74e-03
  p=13 start 1: 214 evals, 80300.1s elapsed, c̃=0.8807276567, g_norm=2.23e-03
  p=13 start 1: 215 evals, 80672.6s elapsed, c̃=0.8807249079, g_norm=3.87e-03
  p=13 start 1: 216 evals, 81049.2s elapsed, c̃=0.8807259967, g_norm=1.98e-03
  p=13 start 1: 217 evals, 81425.0s elapsed, c̃=0.8807296585, g_norm=4.72e-03
  p=13 start 1: 218 evals, 81813.3s elapsed, c̃=0.8807257127, g_norm=2.20e-03
  p=13 start 1: 219 evals, 82179.3s elapsed, c̃=0.8807289731, g_norm=5.93e-03
  p=13 start 1: 220 evals, 82545.4s elapsed, c̃=0.8807255634, g_norm=2.57e-03
  p=13 start 1: 221 evals, 82912.3s elapsed, c̃=0.8807285566, g_norm=1.74e-03
  p=13 start 1: 222 evals, 83284.1s elapsed, c̃=0.8807312451, g_norm=3.90e-03
  p=13 start 1: 223 evals, 83661.4s elapsed, c̃=0.8807299941, g_norm=1.96e-03
  p=13 start 1: 224 evals, 84041.8s elapsed, c̃=0.8807279783, g_norm=1.81e-03
  p=13 start 1: 225 evals, 84414.2s elapsed, c̃=0.8807289099, g_norm=2.26e-03
  p=13 start 1: 226 evals, 84780.5s elapsed, c̃=0.8807303731, g_norm=1.48e-03
  p=13 start 1: 227 evals, 85165.9s elapsed, c̃=0.8807309849, g_norm=1.60e-03
  p=13 start 1: 228 evals, 85531.7s elapsed, c̃=0.8807289099, g_norm=2.26e-03
  p=13 start 1: 229 evals, 85936.6s elapsed, c̃=0.8807309849, g_norm=1.60e-03
  p=13 start 1: 230 evals, 86328.5s elapsed, c̃=0.8807289099, g_norm=2.26e-03
  p=13 start 1: 231 evals, 86690.7s elapsed, c̃=0.8807309849, g_norm=1.60e-03
  p=13 start 1: 232 evals, 87052.8s elapsed, c̃=0.8807289099, g_norm=2.26e-03
  p=13 start 1: 233 evals, 87429.6s elapsed, c̃=0.8807294342, g_norm=4.36e-03
  p=13 start 1: 234 evals, 87809.6s elapsed, c̃=0.8807187808, g_norm=5.93e-03
  p=13 start 1: 235 evals, 88184.8s elapsed, c̃=0.8807276693, g_norm=1.85e-03
  p=13 start 1: 236 evals, 88553.8s elapsed, c̃=0.8807321177, g_norm=2.46e-03
  p=13 start 1: 237 evals, 88933.4s elapsed, c̃=0.8807376334, g_norm=2.24e-03
  p=13 start 1: 238 evals, 89315.3s elapsed, c̃=0.8807248255, g_norm=2.03e-03
  p=13 start 1: 239 evals, 89680.8s elapsed, c̃=0.8807264529, g_norm=2.27e-03
  p=13 start 1: 240 evals, 90049.2s elapsed, c̃=0.8807317949, g_norm=2.38e-03
  p=13 start 1: 241 evals, 90436.5s elapsed, c̃=0.8807306932, g_norm=1.17e-03
  p=13 start 1: 242 evals, 90823.6s elapsed, c̃=0.8807330603, g_norm=2.14e-03
  p=13 start 1: 243 evals, 91201.8s elapsed, c̃=0.8807350597, g_norm=1.75e-03
  p=13 start 1: 244 evals, 91585.6s elapsed, c̃=0.8807298393, g_norm=2.30e-03
  p=13 start 1: 245 evals, 91958.6s elapsed, c̃=0.8807308452, g_norm=1.88e-03
  p=13 start 1: 246 evals, 92330.5s elapsed, c̃=0.8807323374, g_norm=2.44e-03
  p=13 start 1: 247 evals, 92710.0s elapsed, c̃=0.8807287396, g_norm=2.27e-03
  p=13 start 1: 248 evals, 93083.8s elapsed, c̃=0.8807317170, g_norm=1.88e-03
  p=13 start 1: 249 evals, 93463.0s elapsed, c̃=0.8807232559, g_norm=2.36e-03
  p=13 start 1: 250 evals, 93839.0s elapsed, c̃=0.8807287942, g_norm=1.60e-03
  p=13 start 1: 251 evals, 94213.1s elapsed, c̃=0.8807334322, g_norm=1.82e-03
  p=13 start 1: 252 evals, 94589.3s elapsed, c̃=0.8807268952, g_norm=1.96e-03
  p=13 start 1: 253 evals, 94965.5s elapsed, c̃=0.8807294640, g_norm=1.20e-03
  p=13 start 1: 254 evals, 95347.2s elapsed, c̃=0.8807319656, g_norm=1.70e-03
  p=13 start 1: 255 evals, 95731.7s elapsed, c̃=0.8807311878, g_norm=1.98e-03
  p=13 start 1: 256 evals, 96108.9s elapsed, c̃=0.8807298026, g_norm=2.58e-03
  p=13 start 1: 257 evals, 96506.0s elapsed, c̃=0.8807257449, g_norm=1.91e-03
  p=13 start 1: 258 evals, 96876.1s elapsed, c̃=0.8807311316, g_norm=1.67e-03
  p=13 start 1: 259 evals, 97249.4s elapsed, c̃=0.8807300102, g_norm=2.92e-03
  p=13 start 1: 260 evals, 97628.4s elapsed, c̃=0.8807285291, g_norm=2.27e-03
  p=13 start 1: 261 evals, 98006.0s elapsed, c̃=0.8807254743, g_norm=3.12e-03
  p=13 start 1: 262 evals, 98383.4s elapsed, c̃=0.8807300469, g_norm=1.60e-03
  p=13 start 1: 263 evals, 98752.9s elapsed, c̃=0.8807277578, g_norm=1.46e-03
  p=13 start 1: 264 evals, 99130.2s elapsed, c̃=0.8807289656, g_norm=1.67e-03
  p=13 start 1: 265 evals, 99507.7s elapsed, c̃=0.8807285514, g_norm=1.63e-03
  p=13 start 1: 266 evals, 99881.6s elapsed, c̃=0.8807270503, g_norm=1.99e-03
  p=13 start 1: 267 evals, 100263.2s elapsed, c̃=0.8807294267, g_norm=2.11e-03
  p=13 start 1: 268 evals, 100641.0s elapsed, c̃=0.8807309897, g_norm=1.86e-03
  p=13 start 1: 269 evals, 101023.4s elapsed, c̃=0.8807298261, g_norm=2.04e-03
  p=13 start 1: 270 evals, 101398.4s elapsed, c̃=0.8807298354, g_norm=1.05e-03
  p=13 start 1: 271 evals, 101775.2s elapsed, c̃=0.8807334580, g_norm=2.33e-03
  p=13 start 1: 272 evals, 102156.9s elapsed, c̃=0.8807324231, g_norm=1.95e-03
  p=13 start 1: 273 evals, 102524.5s elapsed, c̃=0.8807332330, g_norm=1.96e-03
  p=13 start 1: 274 evals, 102936.0s elapsed, c̃=0.8807307418, g_norm=1.92e-03
  p=13 start 1: 275 evals, 103317.4s elapsed, c̃=0.8807318568, g_norm=2.11e-03
  p=13 start 1: 276 evals, 103690.0s elapsed, c̃=0.8807293368, g_norm=1.71e-03
  p=13 start 1: 277 evals, 104066.2s elapsed, c̃=0.8807344039, g_norm=2.01e-03
  p=13 start 1: 278 evals, 104457.1s elapsed, c̃=0.8807312263, g_norm=2.01e-03
  p=13 start 1: 279 evals, 104838.3s elapsed, c̃=0.8807331410, g_norm=2.20e-03
  p=13 start 1: 280 evals, 105211.7s elapsed, c̃=0.8807265786, g_norm=2.27e-03
  p=13 start 1: 281 evals, 105601.2s elapsed, c̃=0.8807330779, g_norm=1.37e-03
  p=13 start 1: 282 evals, 105981.8s elapsed, c̃=0.8807325412, g_norm=1.61e-03
  p=13 start 1: 283 evals, 106367.9s elapsed, c̃=0.8807320721, g_norm=1.92e-03
  p=13 start 1: 284 evals, 106733.3s elapsed, c̃=0.8807252708, g_norm=2.16e-03
  p=13 start 1: 285 evals, 107114.7s elapsed, c̃=0.8807277208, g_norm=3.42e-03
  p=13 start 1: 286 evals, 107489.8s elapsed, c̃=0.8807273563, g_norm=1.91e-03
  p=13 start 1: 287 evals, 107875.8s elapsed, c̃=0.8807302495, g_norm=1.61e-03
  p=13 start 1: 288 evals, 108239.9s elapsed, c̃=0.8807286503, g_norm=2.40e-03
  p=13 start 1: 289 evals, 108616.8s elapsed, c̃=0.8807295080, g_norm=1.18e-03
  p=13 start 1: 290 evals, 108990.3s elapsed, c̃=0.8807293349, g_norm=3.95e-03
  p=13 start 1: 291 evals, 109387.1s elapsed, c̃=0.8807267047, g_norm=1.99e-03
  p=13 start 1: 292 evals, 109751.8s elapsed, c̃=0.8807287934, g_norm=1.68e-03
  p=13 start 1: 293 evals, 110134.6s elapsed, c̃=0.8807359566, g_norm=2.08e-03
  p=13 start 1: 294 evals, 110515.8s elapsed, c̃=0.8807317873, g_norm=2.41e-03
  p=13 start 1: 295 evals, 110897.4s elapsed, c̃=0.8807301259, g_norm=1.55e-03
  p=13 start 1: 296 evals, 111270.1s elapsed, c̃=0.8807310478, g_norm=2.61e-03
  p=13 start 1: 297 evals, 111650.9s elapsed, c̃=0.8807272504, g_norm=1.89e-03
  p=13 start 1: 298 evals, 112032.6s elapsed, c̃=0.8807303499, g_norm=2.04e-03
  p=13 start 1: 299 evals, 112399.9s elapsed, c̃=0.8807303735, g_norm=2.72e-03
  p=13 start 1: 300 evals, 112771.0s elapsed, c̃=0.8807249445, g_norm=1.54e-03
  p=13 start 1: 301 evals, 113152.3s elapsed, c̃=0.8807309965, g_norm=1.37e-03
  p=13 start 1: 302 evals, 113528.8s elapsed, c̃=0.8807291957, g_norm=1.67e-03
  p=13 start 1: 303 evals, 113904.0s elapsed, c̃=0.8807305427, g_norm=2.94e-03
  p=13 start 1: 304 evals, 114288.2s elapsed, c̃=0.8807274831, g_norm=2.27e-03
  p=13 start 1: 305 evals, 114662.8s elapsed, c̃=0.8807271293, g_norm=1.46e-03
  p=13 start 1: 306 evals, 115056.7s elapsed, c̃=0.8807312191, g_norm=1.48e-03
  p=13 start 1: 307 evals, 115433.3s elapsed, c̃=0.8807310190, g_norm=1.38e-03
  p=13 start 1: 308 evals, 115810.3s elapsed, c̃=0.8807317855, g_norm=1.80e-03
  p=13 start 1: 309 evals, 116194.0s elapsed, c̃=0.8807313524, g_norm=2.25e-03
  p=13 start 1: 310 evals, 116574.7s elapsed, c̃=0.8807236055, g_norm=1.37e-03
  p=13 start 1: 311 evals, 116943.8s elapsed, c̃=0.8807295527, g_norm=2.63e-03
  p=13 start 1: 312 evals, 117342.6s elapsed, c̃=0.8807331440, g_norm=2.07e-03
  p=13 start 1: 313 evals, 117701.4s elapsed, c̃=0.8807304662, g_norm=2.44e-03
  p=13 start 1: 314 evals, 118062.7s elapsed, c̃=0.8807294066, g_norm=1.70e-03
  p=13 start 1: 315 evals, 118437.3s elapsed, c̃=0.8807331520, g_norm=2.24e-03
  p=13 start 1: 316 evals, 118807.5s elapsed, c̃=0.8807334876, g_norm=2.21e-03
  p=13 start 1: 317 evals, 119177.8s elapsed, c̃=0.8807317740, g_norm=2.67e-03
  p=13 start 1: 318 evals, 119555.1s elapsed, c̃=0.8807269021, g_norm=2.39e-03
  p=13 start 1: 319 evals, 119936.7s elapsed, c̃=0.8807317877, g_norm=2.16e-03
  p=13 start 1: 320 evals, 120324.1s elapsed, c̃=0.8807283488, g_norm=1.90e-03
  p=13 start 1: 321 evals, 120705.3s elapsed, c̃=0.8807249675, g_norm=1.80e-03
  p=13 start 1: 322 evals, 121076.3s elapsed, c̃=0.8807312167, g_norm=1.35e-03
  p=13 start 1: 323 evals, 121454.2s elapsed, c̃=0.8807295975, g_norm=1.61e-03
  p=13 start 1: 324 evals, 121837.9s elapsed, c̃=0.8807226215, g_norm=1.68e-03
  p=13 start 1: 325 evals, 122238.6s elapsed, c̃=0.8807256171, g_norm=1.92e-03
  p=13 start 1: 326 evals, 122640.9s elapsed, c̃=0.8807295909, g_norm=1.74e-03
  p=13 start 1: 327 evals, 123028.7s elapsed, c̃=0.8807261587, g_norm=1.85e-03
  p=13 start 1: 328 evals, 123396.7s elapsed, c̃=0.8807266890, g_norm=3.62e-03
  p=13 start 1: 329 evals, 123775.1s elapsed, c̃=0.8807254569, g_norm=2.06e-03
  p=13 start 1: 330 evals, 124158.5s elapsed, c̃=0.8807286616, g_norm=1.86e-03
  p=13 start 1: 331 evals, 124554.0s elapsed, c̃=0.8807278559, g_norm=1.75e-03
  p=13 start 1: 332 evals, 124923.9s elapsed, c̃=0.8807312167, g_norm=1.35e-03
  p=13 start 1: 333 evals, 125297.9s elapsed, c̃=0.8807278559, g_norm=1.75e-03
  p=13 start 1: 334 evals, 125680.5s elapsed, c̃=0.8807312167, g_norm=1.35e-03
  p=13 start 1: 335 evals, 126058.3s elapsed, c̃=0.8807278559, g_norm=1.75e-03
  p=13 start 1: 336 evals, 126436.7s elapsed, c̃=0.8807312167, g_norm=1.35e-03
  p=13 start 1: 337 evals, 126817.1s elapsed, c̃=0.8807278559, g_norm=1.75e-03
  p=13 start 1: 338 evals, 127184.5s elapsed, c̃=0.8807312167, g_norm=1.35e-03
  p=13 start 1: 339 evals, 127558.0s elapsed, c̃=0.8807316829, g_norm=1.28e-03
  p=13 start 1: 340 evals, 127928.1s elapsed, c̃=0.8807233345, g_norm=5.24e-03
  p=13 start 1: 341 evals, 128308.8s elapsed, c̃=0.8807267392, g_norm=2.13e-03
  p=13 start 1: 342 evals, 128681.8s elapsed, c̃=0.8807290963, g_norm=3.77e-03
  p=13 start 1: 343 evals, 129070.8s elapsed, c̃=0.8807235762, g_norm=2.26e-03
  p=13 start 1: 344 evals, 129443.7s elapsed, c̃=0.8807338592, g_norm=1.51e-03
  p=13 start 1: 345 evals, 129820.5s elapsed, c̃=0.8807311271, g_norm=4.54e-03
  p=13 start 1: 346 evals, 130213.7s elapsed, c̃=0.8807239865, g_norm=1.38e-03
  p=13 start 1: 347 evals, 130586.8s elapsed, c̃=0.8807322454, g_norm=2.02e-03
  p=13 start 1: 348 evals, 130964.8s elapsed, c̃=0.8807272976, g_norm=1.44e-03
  p=13 start 1: 349 evals, 131356.5s elapsed, c̃=0.8807296794, g_norm=1.72e-03
  p=13 start 1: 350 evals, 131735.2s elapsed, c̃=0.8807301124, g_norm=1.95e-03
  p=13 start 1: 351 evals, 132121.5s elapsed, c̃=0.8807307249, g_norm=1.87e-03
  p=13 start 1: 352 evals, 132505.5s elapsed, c̃=0.8807251206, g_norm=2.76e-03
  p=13 start 1: 353 evals, 132887.3s elapsed, c̃=0.8807265196, g_norm=2.40e-03
  p=13 start 1: 354 evals, 133263.8s elapsed, c̃=0.8807328645, g_norm=2.43e-03
  p=13 start 1: 355 evals, 133636.3s elapsed, c̃=0.8807268809, g_norm=2.37e-03
  p=13 start 1: 356 evals, 134013.2s elapsed, c̃=0.8807336287, g_norm=2.53e-03
  p=13 start 1: 357 evals, 134396.4s elapsed, c̃=0.8807310668, g_norm=1.75e-03
  p=13 start 1: 358 evals, 134773.4s elapsed, c̃=0.8807313039, g_norm=1.41e-03
  p=13 start 1: 359 evals, 135145.2s elapsed, c̃=0.8807294446, g_norm=1.70e-03
  p=13 start 1: 360 evals, 135533.4s elapsed, c̃=0.8807289559, g_norm=1.68e-03
  p=13 start 1: 361 evals, 135906.6s elapsed, c̃=0.8807325923, g_norm=1.46e-03
  p=13 start 1: 362 evals, 136276.1s elapsed, c̃=0.8807301073, g_norm=2.34e-03
  p=13 start 1: 363 evals, 136667.6s elapsed, c̃=0.8807266392, g_norm=2.37e-03
  p=13 start 1: 364 evals, 137039.5s elapsed, c̃=0.8807312879, g_norm=1.50e-03
  p=13 start 1: 365 evals, 137429.5s elapsed, c̃=0.8807306210, g_norm=3.06e-03
  p=13 start 1: 366 evals, 137821.6s elapsed, c̃=0.8807296271, g_norm=3.73e-03
  p=13 start 1: 367 evals, 138206.8s elapsed, c̃=0.8807288059, g_norm=1.34e-03
  p=13 start 1: 368 evals, 138571.0s elapsed, c̃=0.8807303265, g_norm=1.59e-03
  p=13 start 1: 369 evals, 138940.4s elapsed, c̃=0.8807296659, g_norm=1.88e-03
  p=13 start 1: 370 evals, 139317.8s elapsed, c̃=0.8807294552, g_norm=2.37e-03
  p=13 start 1: 371 evals, 139695.0s elapsed, c̃=0.8807282380, g_norm=2.41e-03
  p=13 start 1: 372 evals, 140063.1s elapsed, c̃=0.8807313208, g_norm=1.53e-03
  p=13 start 1: 373 evals, 140445.0s elapsed, c̃=0.8807295325, g_norm=1.97e-03
  p=13 start 1: 374 evals, 140810.4s elapsed, c̃=0.8807295546, g_norm=4.94e-03
  p=13 start 1: 375 evals, 141182.7s elapsed, c̃=0.8807334456, g_norm=2.05e-03
  p=13 start 1: 376 evals, 141552.8s elapsed, c̃=0.8807317930, g_norm=1.61e-03
  p=13 start 1: 377 evals, 141933.1s elapsed, c̃=0.8807274418, g_norm=2.09e-03
  p=13 start 1: 378 evals, 142308.0s elapsed, c̃=0.8807250765, g_norm=1.57e-03
  p=13 start 1: 379 evals, 142683.7s elapsed, c̃=0.8807347041, g_norm=1.61e-03
  p=13 start 1: 380 evals, 143057.0s elapsed, c̃=0.8807232844, g_norm=2.24e-03
  p=13 start 1: 381 evals, 143441.3s elapsed, c̃=0.8807270927, g_norm=2.33e-03
  p=13 start 1: 382 evals, 143809.5s elapsed, c̃=0.8807329476, g_norm=1.84e-03
  p=13 start 1: 383 evals, 144182.0s elapsed, c̃=0.8807332218, g_norm=1.48e-03
  p=13 start 1: 384 evals, 144552.7s elapsed, c̃=0.8807229792, g_norm=2.93e-03
  p=13 start 1: 385 evals, 144938.4s elapsed, c̃=0.8807270612, g_norm=1.17e-03
  p=13 start 1: 386 evals, 145299.4s elapsed, c̃=0.8807326987, g_norm=2.12e-03
  p=13 start 1: 387 evals, 145673.5s elapsed, c̃=0.8807279614, g_norm=2.22e-03
  p=13 start 1: 388 evals, 146042.2s elapsed, c̃=0.8807308976, g_norm=1.47e-03
  p=13 start 1: 389 evals, 146416.7s elapsed, c̃=0.8807265281, g_norm=1.41e-03
  p=13 start 1: 390 evals, 146792.7s elapsed, c̃=0.8807339393, g_norm=1.58e-03
  p=13 start 1: 391 evals, 147169.5s elapsed, c̃=0.8807279814, g_norm=2.94e-03
  p=13 start 1: 392 evals, 147532.5s elapsed, c̃=0.8807288122, g_norm=1.89e-03
  p=13 start 1: 393 evals, 147910.3s elapsed, c̃=0.8807349611, g_norm=2.05e-03
  p=13 start 1: 394 evals, 148279.6s elapsed, c̃=0.8807263954, g_norm=3.06e-03
  p=13 start 1: 395 evals, 148655.4s elapsed, c̃=0.8807313708, g_norm=1.98e-03
  p=13 start 1: 396 evals, 149029.7s elapsed, c̃=0.8807274447, g_norm=1.84e-03
  p=13 start 1: 397 evals, 149410.1s elapsed, c̃=0.8807286916, g_norm=3.33e-03
  p=13 start 1: 398 evals, 149795.3s elapsed, c̃=0.8807327016, g_norm=3.39e-03
  p=13 start 1: 399 evals, 150168.4s elapsed, c̃=0.8807302215, g_norm=1.02e-03
  p=13 start 1: 400 evals, 150569.6s elapsed, c̃=0.8807285827, g_norm=2.67e-03
  p=13 start 1: 401 evals, 150944.7s elapsed, c̃=0.8807329438, g_norm=1.30e-03
  p=13 start 1: 402 evals, 151318.6s elapsed, c̃=0.8807340840, g_norm=1.84e-03
  p=13 start 1: 403 evals, 151698.2s elapsed, c̃=0.8807313409, g_norm=3.16e-03
  p=13 start 1: 404 evals, 152071.3s elapsed, c̃=0.8807316322, g_norm=1.57e-03
  p=13 start 1: 405 evals, 152450.6s elapsed, c̃=0.8807323927, g_norm=1.85e-03
  p=13 start 1: 406 evals, 152834.3s elapsed, c̃=0.8807292465, g_norm=1.69e-03
  p=13 start 1: 407 evals, 153204.0s elapsed, c̃=0.8807236231, g_norm=1.46e-03
  p=13 start 1: 408 evals, 153564.9s elapsed, c̃=0.8807315148, g_norm=1.40e-03
  p=13 start 1: 409 evals, 153938.3s elapsed, c̃=0.8807270019, g_norm=3.20e-03
  p=13 start 1: 410 evals, 154334.7s elapsed, c̃=0.8807258343, g_norm=1.80e-03
  p=13 start 1: 411 evals, 154700.5s elapsed, c̃=0.8807304651, g_norm=2.72e-03
  p=13 start 1: 412 evals, 155068.5s elapsed, c̃=0.8807337828, g_norm=2.04e-03
  p=13 start 1: 413 evals, 155456.2s elapsed, c̃=0.8807303224, g_norm=1.20e-03
  p=13 start 1: 414 evals, 155823.9s elapsed, c̃=0.8807294487, g_norm=1.47e-03
  p=13 start 1: 415 evals, 156208.1s elapsed, c̃=0.8807319603, g_norm=1.27e-03
  p=13 start 1: 416 evals, 156582.9s elapsed, c̃=0.8807312712, g_norm=1.51e-03
  p=13 start 1: 417 evals, 156956.5s elapsed, c̃=0.8807255913, g_norm=2.56e-03
  p=13 start 1: 418 evals, 157326.4s elapsed, c̃=0.8807269101, g_norm=1.27e-03
  p=13 start 1: 419 evals, 157698.6s elapsed, c̃=0.8807285078, g_norm=2.40e-03
  p=13 start 1: 420 evals, 158077.9s elapsed, c̃=0.8807289531, g_norm=2.74e-03
  p=13 start 1: 421 evals, 158449.4s elapsed, c̃=0.8807315971, g_norm=1.70e-03
  p=13 start 1: 422 evals, 158819.8s elapsed, c̃=0.8807318328, g_norm=2.36e-03
  p=13 start 1: 423 evals, 159190.0s elapsed, c̃=0.8807288662, g_norm=1.31e-03
  p=13 start 1: 424 evals, 159560.7s elapsed, c̃=0.8807318328, g_norm=2.36e-03
  p=13 start 1: 425 evals, 159936.0s elapsed, c̃=0.8807288662, g_norm=1.31e-03
  p=13 start 1: 426 evals, 160310.3s elapsed, c̃=0.8807318328, g_norm=2.36e-03
  p=13 start 1: 427 evals, 160688.9s elapsed, c̃=0.8807288662, g_norm=1.31e-03
  p=13 start 1: 428 evals, 161063.5s elapsed, c̃=0.8807318328, g_norm=2.36e-03
  p=13 start 1: 429 evals, 161440.8s elapsed, c̃=0.8807288662, g_norm=1.31e-03
  p=13 start 1: 430 evals, 161812.6s elapsed, c̃=0.8807312496, g_norm=5.01e-03
  p=13 start 1: 431 evals, 162193.3s elapsed, c̃=0.8807307573, g_norm=2.59e-03
  p=13 start 1: 432 evals, 162547.9s elapsed, c̃=0.8807288293, g_norm=3.76e-03
  p=13 start 1: 433 evals, 162928.4s elapsed, c̃=0.8807318985, g_norm=2.83e-03
  p=13 start 1: 434 evals, 163296.4s elapsed, c̃=0.8807308863, g_norm=2.54e-03
  p=13 start 1: 435 evals, 163674.5s elapsed, c̃=0.8807337329, g_norm=3.10e-03
  p=13 start 1: 436 evals, 164046.2s elapsed, c̃=0.8807288124, g_norm=1.72e-03
  p=13 start 1: 437 evals, 164427.9s elapsed, c̃=0.8807272583, g_norm=2.33e-03
  p=13 start 1: 438 evals, 164789.4s elapsed, c̃=0.8807352307, g_norm=2.16e-03
  p=13 start 1: 439 evals, 165168.1s elapsed, c̃=0.8807292311, g_norm=4.11e-03
  p=13 start 1: 440 evals, 165553.6s elapsed, c̃=0.8807288073, g_norm=1.85e-03
  p=13 start 1: 441 evals, 165931.9s elapsed, c̃=0.8807299706, g_norm=2.88e-03
  p=13 start 1: 442 evals, 166298.3s elapsed, c̃=0.8807293864, g_norm=1.94e-03
  p=13 start 1: 443 evals, 166671.6s elapsed, c̃=0.8807321331, g_norm=1.48e-03
  p=13 start 1: 444 evals, 167044.1s elapsed, c̃=0.8807283661, g_norm=1.61e-03
  p=13 start 1: 445 evals, 167420.4s elapsed, c̃=0.8807288446, g_norm=4.07e-03
  p=13 start 1: 446 evals, 167806.3s elapsed, c̃=0.8807290395, g_norm=2.43e-03
  p=13 start 1: 447 evals, 168164.3s elapsed, c̃=0.8807306797, g_norm=3.21e-03
  p=13 start 1: 448 evals, 168539.0s elapsed, c̃=0.8807309204, g_norm=2.84e-03
  p=13 start 1: 449 evals, 168921.1s elapsed, c̃=0.8807310138, g_norm=3.35e-03
  p=13 start 1: 450 evals, 169287.4s elapsed, c̃=0.8807295000, g_norm=3.33e-03
  p=13 start 1: 451 evals, 169667.9s elapsed, c̃=0.8807281207, g_norm=2.08e-03
  p=13 start 1: 452 evals, 170036.3s elapsed, c̃=0.8807300398, g_norm=1.43e-03
  p=13 start 1: 453 evals, 170413.0s elapsed, c̃=0.8807306615, g_norm=3.55e-03
  p=13 start 1: 454 evals, 170786.2s elapsed, c̃=0.8807303291, g_norm=3.03e-03
  p=13 start 1: 455 evals, 171170.8s elapsed, c̃=0.8807283079, g_norm=3.40e-03
  p=13 start 1: 456 evals, 171565.2s elapsed, c̃=0.8807275653, g_norm=3.42e-03
  p=13 start 1: 457 evals, 171937.6s elapsed, c̃=0.8807336957, g_norm=2.30e-03
  p=13 start 1: 458 evals, 172313.1s elapsed, c̃=0.8807324081, g_norm=1.83e-03
  p=13 start 1: 459 evals, 172687.1s elapsed, c̃=0.8807295922, g_norm=2.27e-03
  p=13 start 1: 460 evals, 173058.3s elapsed, c̃=0.8807343970, g_norm=2.86e-03
  p=13 start 1: 461 evals, 173432.0s elapsed, c̃=0.8807310455, g_norm=3.18e-03
  p=13 start 1: 462 evals, 173801.6s elapsed, c̃=0.8807331163, g_norm=1.84e-03
  p=13 start 1: 463 evals, 174179.7s elapsed, c̃=0.8807296502, g_norm=1.57e-03
  p=13 start 1: 464 evals, 174564.1s elapsed, c̃=0.8807298909, g_norm=2.74e-03
  p=13 start 1: 465 evals, 174938.3s elapsed, c̃=0.8807374960, g_norm=1.61e-03
  p=13 start 1: 466 evals, 175313.3s elapsed, c̃=0.8807310215, g_norm=2.12e-03
  p=13 start 1: 467 evals, 175673.5s elapsed, c̃=0.8807301490, g_norm=2.10e-03
  p=13 start 1: 468 evals, 176046.6s elapsed, c̃=0.8807285643, g_norm=2.23e-03
  p=13 start 1: 469 evals, 176420.3s elapsed, c̃=0.8807330162, g_norm=2.36e-03
  p=13 start 1: 470 evals, 176805.6s elapsed, c̃=0.8807295697, g_norm=3.73e-03
  p=13 start 1: 471 evals, 177202.0s elapsed, c̃=0.8807334719, g_norm=4.18e-03
  p=13 start 1: 472 evals, 177574.9s elapsed, c̃=0.8807330181, g_norm=2.88e-03
  p=13 start 1: 473 evals, 177965.7s elapsed, c̃=0.8807323811, g_norm=3.79e-03
  p=13 start 1: 474 evals, 178332.2s elapsed, c̃=0.8807308461, g_norm=2.35e-03
  p=13 start 1: 475 evals, 178718.1s elapsed, c̃=0.8807339473, g_norm=3.04e-03
  p=13 start 1: 476 evals, 179108.6s elapsed, c̃=0.8807322919, g_norm=2.87e-03
  p=13 start 1: 477 evals, 179484.1s elapsed, c̃=0.8807307764, g_norm=2.74e-03
  p=13 start 1: 478 evals, 179861.9s elapsed, c̃=0.8807322919, g_norm=2.87e-03
  p=13 start 1: 479 evals, 180246.5s elapsed, c̃=0.8807322703, g_norm=3.57e-03
  p=13 start 1: 480 evals, 180655.8s elapsed, c̃=0.8807307764, g_norm=2.74e-03
  p=13 start 1: 481 evals, 181025.0s elapsed, c̃=0.8807322703, g_norm=3.57e-03
  p=13 start 1: 482 evals, 181396.6s elapsed, c̃=0.8807307764, g_norm=2.74e-03
  p=13 start 1: 483 evals, 181777.6s elapsed, c̃=0.8807322703, g_norm=3.57e-03
  p=13 start 1: 484 evals, 182148.4s elapsed, c̃=0.8807321309, g_norm=2.58e-03
  p=13 start 1: 485 evals, 182521.0s elapsed, c̃=0.8807283341, g_norm=4.05e-03
  p=13 start 1: 486 evals, 182891.4s elapsed, c̃=0.8807288419, g_norm=1.35e-03
  p=13 start 1: 487 evals, 183276.9s elapsed, c̃=0.8807293690, g_norm=2.78e-03
  p=13 start 1: 488 evals, 183653.5s elapsed, c̃=0.8807303335, g_norm=2.43e-03
  p=13 start 1: 489 evals, 184029.9s elapsed, c̃=0.8807320394, g_norm=2.46e-03
  p=13 start 1: 490 evals, 184402.8s elapsed, c̃=0.8807333726, g_norm=1.81e-03
  p=13 start 1: 491 evals, 184800.9s elapsed, c̃=0.8807319821, g_norm=2.44e-03
  p=13 start 1: 492 evals, 185182.3s elapsed, c̃=0.8807309654, g_norm=2.28e-03
  p=13 start 1: 493 evals, 185561.3s elapsed, c̃=0.8807282451, g_norm=3.27e-03
  p=13 start 1: 494 evals, 185927.5s elapsed, c̃=0.8807229770, g_norm=3.37e-03
  p=13 start 1: 495 evals, 186304.8s elapsed, c̃=0.8807288820, g_norm=1.16e-03
  p=13 start 1: 496 evals, 186701.3s elapsed, c̃=0.8807219125, g_norm=2.68e-03
  p=13 start 1: 497 evals, 187088.3s elapsed, c̃=0.8807326996, g_norm=1.75e-03
  p=13 start 1: 498 evals, 187483.4s elapsed, c̃=0.8807336650, g_norm=2.47e-03
  p=13 start 1: 499 evals, 187860.3s elapsed, c̃=0.8807316569, g_norm=2.99e-03
  p=13 start 1: 500 evals, 188237.7s elapsed, c̃=0.8807257652, g_norm=3.59e-03
  p=13 start 1: 501 evals, 188629.7s elapsed, c̃=0.8807278736, g_norm=3.11e-03
  p=13 start 1: 502 evals, 188991.2s elapsed, c̃=0.8807265729, g_norm=1.41e-03
  p=13 start 1: 503 evals, 189382.1s elapsed, c̃=0.8807316998, g_norm=2.89e-03
  p=13 start 1: 504 evals, 189768.3s elapsed, c̃=0.8807281548, g_norm=1.39e-03
  p=13 start 1: 505 evals, 190142.3s elapsed, c̃=0.8807297272, g_norm=3.25e-03
  p=13 start 1: 506 evals, 190541.5s elapsed, c̃=0.8807282088, g_norm=1.69e-03
  p=13 start 1: 507 evals, 190913.4s elapsed, c̃=0.8807312154, g_norm=2.71e-03
  p=13 start 1: 508 evals, 191296.2s elapsed, c̃=0.8807340783, g_norm=3.14e-03
  p=13 start 1: 509 evals, 191671.6s elapsed, c̃=0.8807328063, g_norm=2.16e-03
  p=13 start 1: 510 evals, 192053.6s elapsed, c̃=0.8807303400, g_norm=1.51e-03
  p=13 start 1: 511 evals, 192432.9s elapsed, c̃=0.8807297516, g_norm=3.40e-03
  p=13 start 1: 512 evals, 192807.3s elapsed, c̃=0.8807294440, g_norm=2.42e-03
  p=13 start 1: 513 evals, 193180.4s elapsed, c̃=0.8807312501, g_norm=2.68e-03
  p=13 start 1: 514 evals, 193555.6s elapsed, c̃=0.8807330253, g_norm=1.61e-03
  p=13 start 1: 515 evals, 193943.2s elapsed, c̃=0.8807326412, g_norm=2.68e-03
  p=13 start 1: 516 evals, 194320.6s elapsed, c̃=0.8807319398, g_norm=2.90e-03
  p=13 start 1: 517 evals, 194704.0s elapsed, c̃=0.8807265496, g_norm=2.39e-03
  p=13 start 1: 518 evals, 195081.3s elapsed, c̃=0.8807300391, g_norm=1.98e-03
  p=13 start 1: 519 evals, 195460.3s elapsed, c̃=0.8807285140, g_norm=2.95e-03
  p=13 start 1: 520 evals, 195847.8s elapsed, c̃=0.8807320990, g_norm=2.77e-03
  p=13 start 1: 521 evals, 196249.4s elapsed, c̃=0.8807301823, g_norm=3.04e-03
  p=13 start 1: 522 evals, 196652.0s elapsed, c̃=0.8807289205, g_norm=3.35e-03
  p=13 start 1: 523 evals, 197036.2s elapsed, c̃=0.8807276098, g_norm=1.71e-03
  p=13 start 1: 524 evals, 197415.1s elapsed, c̃=0.8807305294, g_norm=3.13e-03
  p=13 start 1: 525 evals, 197793.1s elapsed, c̃=0.8807281489, g_norm=1.91e-03
  p=13 start 1: 526 evals, 198165.9s elapsed, c̃=0.8807339775, g_norm=3.15e-03
  p=13 start 1: 527 evals, 198540.7s elapsed, c̃=0.8807350527, g_norm=2.62e-03
  p=13 start 1: 528 evals, 198913.8s elapsed, c̃=0.8807329318, g_norm=2.00e-03
  p=13 start 1: 529 evals, 199299.4s elapsed, c̃=0.8807289469, g_norm=3.31e-03
  p=13 start 1: 530 evals, 199670.5s elapsed, c̃=0.8807305906, g_norm=2.79e-03
  p=13 start 1: 531 evals, 200033.0s elapsed, c̃=0.8807329318, g_norm=2.00e-03
  p=13 start 1: 532 evals, 200407.4s elapsed, c̃=0.8807305906, g_norm=2.79e-03
  p=13 start 1: 533 evals, 200793.5s elapsed, c̃=0.8807329318, g_norm=2.00e-03
  p=13 start 1: 534 evals, 201159.9s elapsed, c̃=0.8807305906, g_norm=2.79e-03
  p=13 start 1: 535 evals, 201529.4s elapsed, c̃=0.8807329318, g_norm=2.00e-03
  p=13 start 1: 536 evals, 201899.5s elapsed, c̃=0.8807348487, g_norm=2.93e-03
  p=13 start 1: 537 evals, 202276.7s elapsed, c̃=0.8807317252, g_norm=1.96e-03
  p=13 start 1: 538 evals, 202646.4s elapsed, c̃=0.8807305852, g_norm=2.08e-03
  p=13 start 1: 539 evals, 203012.9s elapsed, c̃=0.8807281531, g_norm=2.05e-03
  p=13 start 1: 540 evals, 203386.0s elapsed, c̃=0.8807333939, g_norm=2.58e-03
  p=13 start 1: 541 evals, 203763.0s elapsed, c̃=0.8807299032, g_norm=1.56e-03
  p=13 start 1: 542 evals, 204152.9s elapsed, c̃=0.8807303047, g_norm=1.71e-03
  p=13 start 1: 543 evals, 204519.9s elapsed, c̃=0.8807339129, g_norm=1.19e-03
  p=13 start 1: 544 evals, 204877.7s elapsed, c̃=0.8807311239, g_norm=1.26e-03
  p=13 start 1: 545 evals, 205251.0s elapsed, c̃=0.8807320443, g_norm=2.17e-03
  p=13 start 1: 546 evals, 205620.6s elapsed, c̃=0.8807357351, g_norm=1.79e-03
  p=13 start 1: 547 evals, 205993.2s elapsed, c̃=0.8807295403, g_norm=1.84e-03
  p=13 start 1: 548 evals, 206362.6s elapsed, c̃=0.8807265226, g_norm=3.02e-03
  p=13 start 1: 549 evals, 206739.4s elapsed, c̃=0.8807272162, g_norm=2.25e-03
  p=13 start 1: 550 evals, 207108.3s elapsed, c̃=0.8807300441, g_norm=2.62e-03
  p=13 start 1: 551 evals, 207485.6s elapsed, c̃=0.8807293512, g_norm=3.11e-03
  p=13 start 1: 552 evals, 207866.4s elapsed, c̃=0.8807302379, g_norm=2.67e-03
  p=13 start 1: 553 evals, 208243.9s elapsed, c̃=0.8807342464, g_norm=2.10e-03
  p=13 start 1: 554 evals, 208619.2s elapsed, c̃=0.8807263195, g_norm=2.38e-03
  p=13 start 1: 555 evals, 209000.2s elapsed, c̃=0.8807315473, g_norm=1.06e-03
  p=13 start 1: 556 evals, 209375.5s elapsed, c̃=0.8807333140, g_norm=2.24e-03
  p=13 start 1: 557 evals, 209754.9s elapsed, c̃=0.8807311700, g_norm=2.31e-03
  p=13 start 1: 558 evals, 210143.2s elapsed, c̃=0.8807274796, g_norm=1.42e-03
  p=13 start 1: 559 evals, 210517.5s elapsed, c̃=0.8807293676, g_norm=2.26e-03
  p=13 start 1: 560 evals, 210894.0s elapsed, c̃=0.8807240016, g_norm=2.39e-03
  p=13 start 1: 561 evals, 211275.8s elapsed, c̃=0.8807326171, g_norm=1.17e-03
  p=13 start 1: 562 evals, 211657.2s elapsed, c̃=0.8807318772, g_norm=3.04e-03
  p=13 start 1: 563 evals, 212042.8s elapsed, c̃=0.8807324925, g_norm=2.39e-03
  p=13 start 1: 564 evals, 212429.2s elapsed, c̃=0.8807318484, g_norm=1.30e-03
  p=13 start 1: 565 evals, 212805.9s elapsed, c̃=0.8807303569, g_norm=1.35e-03
  p=13 start 1: 566 evals, 213175.5s elapsed, c̃=0.8807271381, g_norm=3.26e-03
  p=13 start 1: 567 evals, 213557.6s elapsed, c̃=0.8807304622, g_norm=1.57e-03
  p=13 start 1: 568 evals, 213930.0s elapsed, c̃=0.8807284183, g_norm=1.48e-03
  p=13 start 1: 569 evals, 214310.0s elapsed, c̃=0.8807370409, g_norm=1.96e-03
  p=13 start 1: 570 evals, 214739.9s elapsed, c̃=0.8807296559, g_norm=2.85e-03
  p=13 start 1: 571 evals, 215120.0s elapsed, c̃=0.8807278141, g_norm=2.78e-03
  p=13 start 1: 572 evals, 215502.3s elapsed, c̃=0.8807314020, g_norm=2.62e-03
  p=13 start 1: 573 evals, 215877.6s elapsed, c̃=0.8807340091, g_norm=3.37e-03
  p=13 start 1: 574 evals, 216248.9s elapsed, c̃=0.8807325018, g_norm=2.89e-03
  p=13 start 1: 575 evals, 216625.9s elapsed, c̃=0.8807363055, g_norm=1.92e-03
  p=13 start 1: 576 evals, 217006.6s elapsed, c̃=0.8807294735, g_norm=2.96e-03
  p=13 start 1: 577 evals, 217391.7s elapsed, c̃=0.8807371350, g_norm=3.28e-03
  p=13 start 1: 578 evals, 217753.2s elapsed, c̃=0.8807329566, g_norm=3.16e-03
  p=13 start 1: 579 evals, 218151.7s elapsed, c̃=0.8807338176, g_norm=2.91e-03
  p=13 start 1: 580 evals, 218520.8s elapsed, c̃=0.8807327021, g_norm=2.82e-03
  p=13 start 1: 581 evals, 218897.9s elapsed, c̃=0.8807319728, g_norm=1.92e-03
  p=13 start 1: 582 evals, 219271.9s elapsed, c̃=0.8807313899, g_norm=1.96e-03
  p=13 start 1: 583 evals, 219655.2s elapsed, c̃=0.8807327021, g_norm=2.82e-03
  p=13 start 1: 584 evals, 220023.5s elapsed, c̃=0.8807313899, g_norm=1.96e-03
  p=13 start 1: 585 evals, 220401.2s elapsed, c̃=0.8807327021, g_norm=2.82e-03
  p=13 start 1: 586 evals, 220770.3s elapsed, c̃=0.8807313899, g_norm=1.96e-03
  p=13 start 1: 587 evals, 221159.3s elapsed, c̃=0.8807327021, g_norm=2.82e-03
  p=13 start 1: 588 evals, 221516.5s elapsed, c̃=0.8807313899, g_norm=1.96e-03
  p=13 start 1: 589 evals, 221896.6s elapsed, c̃=0.8807327021, g_norm=2.82e-03
  p=13 start 1: 590 evals, 222271.1s elapsed, c̃=0.8807300460, g_norm=3.39e-03
  p=13 start 1: 591 evals, 222649.5s elapsed, c̃=0.8807266301, g_norm=1.62e-03
  p=13 start 1: 592 evals, 223025.0s elapsed, c̃=0.8807326860, g_norm=2.65e-03
  p=13 start 1: 593 evals, 223414.7s elapsed, c̃=0.8807302709, g_norm=3.10e-03
  p=13 start 1: 594 evals, 223793.1s elapsed, c̃=0.8807323959, g_norm=1.71e-03
  p=13 start 1: 595 evals, 224180.3s elapsed, c̃=0.8807356931, g_norm=3.08e-03
  p=13 start 1: 596 evals, 224551.3s elapsed, c̃=0.8807287639, g_norm=2.82e-03
  p=13 start 1: 597 evals, 224916.8s elapsed, c̃=0.8807306180, g_norm=2.44e-03
  p=13 start 1: 598 evals, 225295.1s elapsed, c̃=0.8807328651, g_norm=2.19e-03
  p=13 start 1: 599 evals, 225671.6s elapsed, c̃=0.8807258457, g_norm=3.50e-03
  p=13 start 1: 600 evals, 226058.2s elapsed, c̃=0.8807276707, g_norm=2.48e-03
  p=13 start 1: 601 evals, 226428.6s elapsed, c̃=0.8807316962, g_norm=2.03e-03
  p=13 start 1: 602 evals, 226803.7s elapsed, c̃=0.8807333464, g_norm=1.96e-03
  p=13 start 1: 603 evals, 227185.9s elapsed, c̃=0.8807261587, g_norm=1.10e-03
  p=13 start 1: 604 evals, 227577.4s elapsed, c̃=0.8807319433, g_norm=2.00e-03
  p=13 start 1: 605 evals, 227960.7s elapsed, c̃=0.8807274933, g_norm=3.99e-03
  p=13 start 1: 606 evals, 228345.5s elapsed, c̃=0.8807290761, g_norm=2.44e-03
  p=13 start 1: 607 evals, 228724.9s elapsed, c̃=0.8807252843, g_norm=2.05e-03
  p=13 start 1: 608 evals, 229105.6s elapsed, c̃=0.8807306595, g_norm=1.26e-03
  p=13 start 1: 609 evals, 229477.8s elapsed, c̃=0.8807286836, g_norm=3.96e-03
  p=13 start 1: 610 evals, 229860.0s elapsed, c̃=0.8807344912, g_norm=2.47e-03
  p=13 start 1: 611 evals, 230238.2s elapsed, c̃=0.8807291402, g_norm=3.80e-03
  p=13 start 1: 612 evals, 230632.0s elapsed, c̃=0.8807327995, g_norm=1.62e-03
  p=13 start 1: 613 evals, 230999.3s elapsed, c̃=0.8807295955, g_norm=1.86e-03
  p=13 start 1: 614 evals, 231378.9s elapsed, c̃=0.8807277252, g_norm=1.15e-03
  p=13 start 1: 615 evals, 231765.0s elapsed, c̃=0.8807342541, g_norm=3.83e-03
  p=13 start 1: 616 evals, 232156.6s elapsed, c̃=0.8807301536, g_norm=1.41e-03
  p=13 start 1: 617 evals, 232545.3s elapsed, c̃=0.8807297211, g_norm=2.59e-03
  p=13 start 1: 618 evals, 232898.1s elapsed, c̃=0.8807287158, g_norm=2.68e-03
  p=13 start 1: 619 evals, 233274.9s elapsed, c̃=0.8807293141, g_norm=3.37e-03
  p=13 start 1: 620 evals, 233667.9s elapsed, c̃=0.8807278458, g_norm=1.68e-03
  p=13 start 1: 621 evals, 234037.9s elapsed, c̃=0.8807330576, g_norm=2.47e-03
  p=13 start 1: 622 evals, 234416.4s elapsed, c̃=0.8807337636, g_norm=2.81e-03
  p=13 start 1: 623 evals, 234790.5s elapsed, c̃=0.8807288738, g_norm=2.24e-03
  p=13 start 1: 624 evals, 235171.3s elapsed, c̃=0.8807317627, g_norm=2.07e-03
  p=13 start 1: 625 evals, 235531.7s elapsed, c̃=0.8807336819, g_norm=2.29e-03
  p=13 start 1: 626 evals, 235902.2s elapsed, c̃=0.8807269589, g_norm=1.42e-03
  p=13 start 1: 627 evals, 236278.2s elapsed, c̃=0.8807314032, g_norm=2.93e-03
  p=13 start 1: 628 evals, 236652.6s elapsed, c̃=0.8807338867, g_norm=1.56e-03
  p=13 start 1: 629 evals, 237055.3s elapsed, c̃=0.8807293294, g_norm=2.28e-03
  p=13 start 1: 630 evals, 237427.2s elapsed, c̃=0.8807316943, g_norm=1.59e-03
  p=13 start 1: 631 evals, 237802.0s elapsed, c̃=0.8807343257, g_norm=2.64e-03
  p=13 start 1: 632 evals, 238183.3s elapsed, c̃=0.8807316943, g_norm=1.59e-03
  p=13 start 1: 633 evals, 238562.1s elapsed, c̃=0.8807313982, g_norm=2.33e-03
  p=13 start 1: 634 evals, 238947.2s elapsed, c̃=0.8807336930, g_norm=2.47e-03
  p=13 start 1: 635 evals, 239352.1s elapsed, c̃=0.8807313982, g_norm=2.33e-03
  p=13 start 1: 636 evals, 239725.1s elapsed, c̃=0.8807336930, g_norm=2.47e-03
  p=13 start 1: 637 evals, 240112.0s elapsed, c̃=0.8807313982, g_norm=2.33e-03
  p=13 start 1: 638 evals, 240483.2s elapsed, c̃=0.8807336930, g_norm=2.47e-03
  p=13 start 1: 639 evals, 240847.9s elapsed, c̃=0.8807347587, g_norm=2.27e-03
  p=13 start 1: 640 evals, 241222.9s elapsed, c̃=0.8807303641, g_norm=3.38e-03
  p=13 start 1: 641 evals, 241599.5s elapsed, c̃=0.8807299693, g_norm=2.09e-03
  p=13 start 1: 642 evals, 241991.8s elapsed, c̃=0.8807283252, g_norm=1.92e-03
  p=13 start 1: 643 evals, 242386.2s elapsed, c̃=0.8807291699, g_norm=1.96e-03
  p=13 start 1: 644 evals, 242753.8s elapsed, c̃=0.8807271817, g_norm=4.07e-03
  p=13 start 1: 645 evals, 243127.9s elapsed, c̃=0.8807280071, g_norm=3.35e-03
  p=13 start 1: 646 evals, 243507.0s elapsed, c̃=0.8807327177, g_norm=2.10e-03
  p=13 start 1: 647 evals, 243880.8s elapsed, c̃=0.8807294660, g_norm=2.06e-03
  p=13 start 1: 648 evals, 244267.8s elapsed, c̃=0.8807261322, g_norm=1.74e-03
  p=13 start 1: 649 evals, 244639.6s elapsed, c̃=0.8807282684, g_norm=2.59e-03
  p=13 start 1: 650 evals, 245017.1s elapsed, c̃=0.8807250277, g_norm=2.98e-03
  p=13 start 1: 651 evals, 245400.4s elapsed, c̃=0.8807318090, g_norm=1.72e-03
  p=13 start 1: 652 evals, 245782.2s elapsed, c̃=0.8807300441, g_norm=2.67e-03
  p=13 start 1: 653 evals, 246162.3s elapsed, c̃=0.8807351915, g_norm=1.68e-03
  p=13 start 1: 654 evals, 246534.9s elapsed, c̃=0.8807301036, g_norm=3.51e-03
  p=13 start 1: 655 evals, 246915.4s elapsed, c̃=0.8807332853, g_norm=3.22e-03
  p=13 start 1: 656 evals, 247293.2s elapsed, c̃=0.8807323005, g_norm=2.89e-03
  p=13 start 1: 657 evals, 247675.7s elapsed, c̃=0.8807308398, g_norm=1.40e-03
  p=13 start 1: 658 evals, 248041.8s elapsed, c̃=0.8807308987, g_norm=1.66e-03
  p=13 start 1: 659 evals, 248427.0s elapsed, c̃=0.8807308546, g_norm=1.90e-03
  p=13 start 1: 660 evals, 248804.5s elapsed, c̃=0.8807323577, g_norm=1.85e-03
  p=13 start 1: 661 evals, 249183.4s elapsed, c̃=0.8807325011, g_norm=1.31e-03
  p=13 start 1: 662 evals, 249562.2s elapsed, c̃=0.8807282997, g_norm=1.44e-03
  p=13 start 1: 663 evals, 249943.3s elapsed, c̃=0.8807351727, g_norm=1.98e-03
  p=13 start 1: 664 evals, 250307.9s elapsed, c̃=0.8807315736, g_norm=3.07e-03
  p=13 start 1: 665 evals, 250683.8s elapsed, c̃=0.8807303273, g_norm=1.42e-03
  p=13 start 1: 666 evals, 251094.1s elapsed, c̃=0.8807261891, g_norm=1.41e-03
  p=13 start 1: 667 evals, 251482.7s elapsed, c̃=0.8807313491, g_norm=1.42e-03
  p=13 start 1: 668 evals, 251886.5s elapsed, c̃=0.8807301890, g_norm=2.22e-03
  p=13 start 1: 669 evals, 252253.5s elapsed, c̃=0.8807320336, g_norm=1.75e-03
  p=13 start 1: 670 evals, 252621.6s elapsed, c̃=0.8807295922, g_norm=3.34e-03
  p=13 start 1: 671 evals, 252999.9s elapsed, c̃=0.8807312759, g_norm=3.83e-03
  p=13 start 1: 672 evals, 253394.3s elapsed, c̃=0.8807283098, g_norm=1.01e-03
  p=13 start 1: 673 evals, 253774.7s elapsed, c̃=0.8807284448, g_norm=4.83e-03
  p=13 start 1: 674 evals, 254154.5s elapsed, c̃=0.8807311979, g_norm=2.90e-03
  p=13 start 1: 675 evals, 254563.7s elapsed, c̃=0.8807324253, g_norm=1.94e-03
  p=13 start 1: 676 evals, 254946.1s elapsed, c̃=0.8807296978, g_norm=2.26e-03
  p=13 start 1: 677 evals, 255348.5s elapsed, c̃=0.8807270163, g_norm=1.71e-03
  p=13 start 1: 678 evals, 255768.0s elapsed, c̃=0.8807322800, g_norm=3.49e-03
  p=13 start 1: 679 evals, 256151.4s elapsed, c̃=0.8807252462, g_norm=2.42e-03
  p=13 start 1: 680 evals, 256525.7s elapsed, c̃=0.8807266073, g_norm=1.87e-03
  p=13 start 1: 681 evals, 256904.7s elapsed, c̃=0.8807302958, g_norm=3.12e-03
  p=13 start 1: 682 evals, 257294.4s elapsed, c̃=0.8807341289, g_norm=2.76e-03
  p=13 start 1: 683 evals, 257677.4s elapsed, c̃=0.8807274346, g_norm=1.99e-03
  p=13 start 1: 684 evals, 258079.0s elapsed, c̃=0.8807331936, g_norm=2.05e-03
  p=13 start 1: 685 evals, 258471.6s elapsed, c̃=0.8807293590, g_norm=2.95e-03
  p=13 start 1: 686 evals, 258850.1s elapsed, c̃=0.8807326360, g_norm=1.45e-03
  p=13 start 1: 687 evals, 259230.0s elapsed, c̃=0.8807354241, g_norm=2.37e-03
  p=13 start 1: 688 evals, 259609.5s elapsed, c̃=0.8807293232, g_norm=3.86e-03
  p=13 start 1: 689 evals, 260005.6s elapsed, c̃=0.8807311600, g_norm=4.15e-03
  p=13 start 1: 690 evals, 260392.8s elapsed, c̃=0.8807329148, g_norm=1.15e-03
  p=13 start 1: 691 evals, 260770.9s elapsed, c̃=0.8807325582, g_norm=1.26e-03
  p=13 start 1: 692 evals, 261152.9s elapsed, c̃=0.8807332567, g_norm=2.58e-03
  p=13 start 1: 693 evals, 261534.3s elapsed, c̃=0.8807316739, g_norm=1.80e-03
  p=13 start 1: 694 evals, 261909.5s elapsed, c̃=0.8807275708, g_norm=1.39e-03
  p=13 start 1: 695 evals, 262286.3s elapsed, c̃=0.8807253771, g_norm=1.67e-03
  p=13 start 1: 696 evals, 262659.6s elapsed, c̃=0.8807339081, g_norm=1.70e-03
  p=13 start 1: 697 evals, 263047.0s elapsed, c̃=0.8807326009, g_norm=1.08e-03
  p=13 start 1: 698 evals, 263431.7s elapsed, c̃=0.8807274314, g_norm=2.08e-03
  p=13 start 1: 699 evals, 263810.2s elapsed, c̃=0.8807344368, g_norm=3.75e-03
  p=13 start 1: 700 evals, 264194.5s elapsed, c̃=0.8807289720, g_norm=1.67e-03
  p=13 start 1: 701 evals, 264571.7s elapsed, c̃=0.8807342390, g_norm=2.53e-03
  p=13 start 1: 702 evals, 264932.6s elapsed, c̃=0.8807307889, g_norm=2.80e-03
  p=13 start 1: 703 evals, 265298.9s elapsed, c̃=0.8807342390, g_norm=2.53e-03
  p=13 start 1: 704 evals, 265673.8s elapsed, c̃=0.8807307889, g_norm=2.80e-03
  p=13 start 1: 705 evals, 266045.2s elapsed, c̃=0.8807342390, g_norm=2.53e-03
  p=13 start 1: 706 evals, 266441.1s elapsed, c̃=0.8807307889, g_norm=2.80e-03
  p=13 start 1: 707 evals, 266826.2s elapsed, c̃=0.8807342390, g_norm=2.53e-03
  p=13 start 1: 708 evals, 267221.9s elapsed, c̃=0.8807307889, g_norm=2.80e-03
  p=13 start 1: 709 evals, 267596.7s elapsed, c̃=0.8807342390, g_norm=2.53e-03
  p=13 start 1: 710 evals, 267976.5s elapsed, c̃=0.8807307889, g_norm=2.80e-03
  p=13 start 1: 711 evals, 268365.9s elapsed, c̃=0.8807342390, g_norm=2.53e-03
  p=13 start 1: 712 evals, 268740.9s elapsed, c̃=0.8807301888, g_norm=1.95e-03
  p=13 start 1: 713 evals, 269114.2s elapsed, c̃=0.8807292385, g_norm=1.75e-03
  p=13 start 1: 714 evals, 269487.4s elapsed, c̃=0.8807337710, g_norm=1.52e-03
  p=13 start 1: 715 evals, 269858.4s elapsed, c̃=0.8807383106, g_norm=2.21e-03
  p=13 start 1: 716 evals, 270255.6s elapsed, c̃=0.8807301547, g_norm=2.51e-03
  p=13 start 1: 717 evals, 270614.5s elapsed, c̃=0.8807326447, g_norm=3.65e-03
  p=13 start 1: 718 evals, 270991.2s elapsed, c̃=0.8807302035, g_norm=1.68e-03
  p=13 start 1: 719 evals, 271358.2s elapsed, c̃=0.8807295402, g_norm=2.37e-03
  p=13 start 1: 720 evals, 271737.3s elapsed, c̃=0.8807341696, g_norm=1.53e-03
  p=13 start 1: 721 evals, 272107.2s elapsed, c̃=0.8807310138, g_norm=2.34e-03
  p=13 start 1: 722 evals, 272487.5s elapsed, c̃=0.8807323654, g_norm=1.28e-03
  p=13 start 1: 723 evals, 272870.8s elapsed, c̃=0.8807325599, g_norm=2.33e-03
  p=13 start 1: 724 evals, 273240.4s elapsed, c̃=0.8807295972, g_norm=1.81e-03
  p=13 start 1: 725 evals, 273619.0s elapsed, c̃=0.8807308434, g_norm=2.55e-03
  p=13 start 1: 726 evals, 273996.8s elapsed, c̃=0.8807316502, g_norm=2.24e-03
  p=13 start 1: 727 evals, 274372.2s elapsed, c̃=0.8807306800, g_norm=2.12e-03
  p=13 start 1: 728 evals, 274750.6s elapsed, c̃=0.8807303558, g_norm=2.14e-03
  p=13 start 1: 729 evals, 275123.8s elapsed, c̃=0.8807351069, g_norm=1.95e-03
  p=13 start 1: 730 evals, 275503.8s elapsed, c̃=0.8807307881, g_norm=2.16e-03
  p=13 start 1: 731 evals, 275883.1s elapsed, c̃=0.8807313517, g_norm=1.37e-03
  p=13 start 1: 732 evals, 276258.4s elapsed, c̃=0.8807291684, g_norm=2.00e-03
  p=13 start 1: 733 evals, 276652.5s elapsed, c̃=0.8807306132, g_norm=3.10e-03
  p=13 start 1: 734 evals, 277021.6s elapsed, c̃=0.8807350947, g_norm=1.69e-03
  p=13 start 1: 735 evals, 277397.5s elapsed, c̃=0.8807273080, g_norm=1.23e-03
  p=13 start 1: 736 evals, 277768.1s elapsed, c̃=0.8807282392, g_norm=1.81e-03
  p=13 start 1: 737 evals, 278139.3s elapsed, c̃=0.8807286253, g_norm=1.84e-03
  p=13 start 1: 738 evals, 278509.8s elapsed, c̃=0.8807279032, g_norm=4.44e-03
  p=13 start 1: 739 evals, 278882.5s elapsed, c̃=0.8807250121, g_norm=3.07e-03
  p=13 start 1: 740 evals, 279265.4s elapsed, c̃=0.8807311138, g_norm=1.68e-03
  p=13 start 1: 741 evals, 279638.5s elapsed, c̃=0.8807295045, g_norm=2.49e-03
  p=13 start 1: 742 evals, 280022.9s elapsed, c̃=0.8807322500, g_norm=1.47e-03
  p=13 start 1: 743 evals, 280402.6s elapsed, c̃=0.8807303620, g_norm=2.31e-03
  p=13 start 1: 744 evals, 280774.2s elapsed, c̃=0.8807309582, g_norm=1.60e-03
  p=13 start 1: 745 evals, 281148.6s elapsed, c̃=0.8807277165, g_norm=2.22e-03
  p=13 start 1: 746 evals, 281524.8s elapsed, c̃=0.8807308965, g_norm=1.87e-03
  p=13 start 1: 747 evals, 281902.4s elapsed, c̃=0.8807359071, g_norm=1.08e-03
  p=13 start 1: 748 evals, 282283.6s elapsed, c̃=0.8807294320, g_norm=1.39e-03
  p=13 start 1: 749 evals, 282681.3s elapsed, c̃=0.8807349877, g_norm=1.94e-03
  p=13 start 1: 750 evals, 283039.9s elapsed, c̃=0.8807314648, g_norm=2.24e-03
  p=13 start 1: 751 evals, 283411.6s elapsed, c̃=0.8807312467, g_norm=1.29e-03
  p=13 start 1: 752 evals, 283779.2s elapsed, c̃=0.8807335761, g_norm=1.93e-03
  p=13 start 1: 753 evals, 284162.6s elapsed, c̃=0.8807332960, g_norm=2.00e-03
  p=13 start 1: 754 evals, 284544.6s elapsed, c̃=0.8807335761, g_norm=1.93e-03
  p=13 start 1: 755 evals, 284934.7s elapsed, c̃=0.8807332960, g_norm=2.00e-03
  p=13 start 1: 756 evals, 285307.9s elapsed, c̃=0.8807335761, g_norm=1.93e-03
  p=13 start 1: 757 evals, 285684.3s elapsed, c̃=0.8807332960, g_norm=2.00e-03
  p=13 start 1: 758 evals, 286061.1s elapsed, c̃=0.8807335761, g_norm=1.93e-03
  p=13 start 1: 759 evals, 286442.8s elapsed, c̃=0.8807332960, g_norm=2.00e-03
  p=13 start 1: 760 evals, 286811.8s elapsed, c̃=0.8807335761, g_norm=1.93e-03
  p=13 start 1: 761 evals, 287210.1s elapsed, c̃=0.8807352271, g_norm=3.07e-03
  p=13 start 1: 762 evals, 287582.2s elapsed, c̃=0.8807331498, g_norm=3.65e-03
  p=13 start 1: 763 evals, 287955.2s elapsed, c̃=0.8807300691, g_norm=1.05e-03
  p=13 start 1: 764 evals, 288329.0s elapsed, c̃=0.8807314144, g_norm=1.31e-03
  p=13 start 1: 765 evals, 288707.7s elapsed, c̃=0.8807340291, g_norm=1.24e-03
  p=13 start 1: 766 evals, 289081.7s elapsed, c̃=0.8807262839, g_norm=1.77e-03
  p=13 start 1: 767 evals, 289457.8s elapsed, c̃=0.8807345021, g_norm=1.65e-03
  p=13 start 1: 768 evals, 289840.2s elapsed, c̃=0.8807313452, g_norm=3.43e-03
  p=13 start 1: 769 evals, 290217.9s elapsed, c̃=0.8807354553, g_norm=1.81e-03
  p=13 start 1: 770 evals, 290591.5s elapsed, c̃=0.8807281344, g_norm=2.82e-03
  p=13 start 1: 771 evals, 290981.1s elapsed, c̃=0.8807298506, g_norm=2.38e-03
  p=13 start 1: 772 evals, 291355.9s elapsed, c̃=0.8807292346, g_norm=2.23e-03
  p=13 start 1: 773 evals, 291740.2s elapsed, c̃=0.8807293138, g_norm=3.68e-03
  p=13 start 1: 774 evals, 292102.4s elapsed, c̃=0.8807338076, g_norm=2.20e-03
  p=13 start 1: 775 evals, 292493.4s elapsed, c̃=0.8807284558, g_norm=1.50e-03
  p=13 start 1: 776 evals, 292863.0s elapsed, c̃=0.8807319827, g_norm=2.19e-03
  p=13 start 1: 777 evals, 293237.8s elapsed, c̃=0.8807319002, g_norm=1.99e-03
  p=13 start 1: 778 evals, 293609.2s elapsed, c̃=0.8807297593, g_norm=1.42e-03
  p=13 start 1: 779 evals, 293989.4s elapsed, c̃=0.8807269182, g_norm=1.34e-03
  p=13 start 1: 780 evals, 294359.5s elapsed, c̃=0.8807310372, g_norm=2.27e-03
  p=13 start 1: 781 evals, 294722.7s elapsed, c̃=0.8807279520, g_norm=1.79e-03
  p=13 start 1: 782 evals, 295098.0s elapsed, c̃=0.8807341539, g_norm=2.72e-03
  p=13 start 1: 783 evals, 295472.9s elapsed, c̃=0.8807357266, g_norm=2.09e-03
  p=13 start 1: 784 evals, 295847.0s elapsed, c̃=0.8807343558, g_norm=1.72e-03
  p=13 start 1: 785 evals, 296224.3s elapsed, c̃=0.8807318742, g_norm=3.81e-03
  p=13 start 1: 786 evals, 296599.1s elapsed, c̃=0.8807277311, g_norm=2.81e-03
  p=13 start 1: 787 evals, 296972.7s elapsed, c̃=0.8807313111, g_norm=1.77e-03
  p=13 start 1: 788 evals, 297351.4s elapsed, c̃=0.8807356667, g_norm=2.13e-03
  p=13 start 1: 789 evals, 297724.4s elapsed, c̃=0.8807308734, g_norm=1.64e-03
  p=13 start 1: 790 evals, 298100.1s elapsed, c̃=0.8807293898, g_norm=2.57e-03
  p=13 start 1: 791 evals, 298489.9s elapsed, c̃=0.8807325202, g_norm=2.78e-03
  p=13 start 1: 792 evals, 298864.6s elapsed, c̃=0.8807308979, g_norm=2.30e-03
  p=13 start 1: 793 evals, 299241.5s elapsed, c̃=0.8807323932, g_norm=1.18e-03
  p=13 start 1: 794 evals, 299625.6s elapsed, c̃=0.8807321325, g_norm=1.40e-03
  p=13 start 1: 795 evals, 300003.9s elapsed, c̃=0.8807317214, g_norm=1.77e-03
  p=13 start 1: 796 evals, 300379.1s elapsed, c̃=0.8807305762, g_norm=2.57e-03
  p=13 start 1: 797 evals, 300754.7s elapsed, c̃=0.8807340551, g_norm=2.50e-03
  p=13 start 1: 798 evals, 301143.9s elapsed, c̃=0.8807312002, g_norm=2.18e-03
  p=14 start 1: 2 evals, 1662.8s elapsed, c̃=0.8695595358, g_norm=3.19e-01
  p=14 start 1: 3 evals, 3445.2s elapsed, c̃=0.5120917931, g_norm=1.79e-01
  p=14 start 1: 4 evals, 5175.8s elapsed, c̃=0.5443587461, g_norm=3.90e-01
  p=14 start 1: 5 evals, 6904.5s elapsed, c̃=0.7505913220, g_norm=7.83e-01
  p=14 start 1: 6 evals, 8643.4s elapsed, c̃=0.8781253412, g_norm=1.83e-01
  p=14 start 1: 7 evals, 10367.8s elapsed, c̃=0.8809250301, g_norm=6.19e-02
  p=14 start 1: 8 evals, 12120.0s elapsed, c̃=0.8483229087, g_norm=3.96e-01
  p=14 start 1: 9 evals, 13865.8s elapsed, c̃=0.8809498280, g_norm=5.09e-02
  p=14 start 1: 10 evals, 15651.5s elapsed, c̃=0.8814576364, g_norm=3.73e-02
  p=14 start 1: 11 evals, 17306.0s elapsed, c̃=0.8812801218, g_norm=7.57e-02
  p=14 start 1: 12 evals, 19076.1s elapsed, c̃=0.8817189579, g_norm=2.26e-02
  p=14 start 1: 13 evals, 20848.0s elapsed, c̃=0.8818805385, g_norm=2.29e-02
  p=14 start 1: 14 evals, 22698.4s elapsed, c̃=0.8819280352, g_norm=2.12e-02
  p=14 start 1: 15 evals, 24481.0s elapsed, c̃=0.8819429657, g_norm=2.17e-02
  p=14 start 1: 16 evals, 26199.1s elapsed, c̃=0.8820262701, g_norm=1.69e-02
slurmstepd: error: *** JOB 992632 ON swift-c3dnodeset-0 CANCELLED AT 2026-04-06T22:52:00 ***
