preserved run_id=20260403T033822-k3-d7-p14-15-r2-i320-s1234
preserved directory=/home/stephenjordan_google_com/qaoa-xorsat/scripts/../.project/results/optimization/runs/20260403T033822-k3-d7-p14-15-r2-i320-s1234
resuming from: /home/stephenjordan_google_com/qaoa-xorsat/.project/results/optimization/runs/20260401T022535-k3-d7-p9-15-r2-i320-s1234
warm-start from p=13: c̃=0.858036436291
[ Info: JIT warmup...
[ Info: JIT warmup complete, starting sweep
  p=14 start 1: 2 evals, 1754.7s elapsed, c̃=0.5755551670, g_norm=1.32e+01
  p=14 start 1: 3 evals, 3574.1s elapsed, c̃=0.5000083860, g_norm=8.52e-04
  p=14 start 1: 4 evals, 5431.5s elapsed, c̃=0.5000180958, g_norm=1.67e-03
  p=14 start 1: 5 evals, 7208.6s elapsed, c̃=0.5000613521, g_norm=7.21e-03
  p=14 start 1: 6 evals, 8992.2s elapsed, c̃=0.5000584219, g_norm=9.66e-03
  p=14 start 1: 7 evals, 10734.7s elapsed, c̃=0.5000001263, g_norm=4.33e-05
  p=14 start 1: 8 evals, 12419.2s elapsed, c̃=0.5000001705, g_norm=1.72e-05
  p=14 start 1: 9 evals, 14291.2s elapsed, c̃=0.5000000938, g_norm=1.23e-05
  p=14 start 1: 10 evals, 16051.2s elapsed, c̃=0.5006061230, g_norm=5.21e-02
  p=14 start 1: 11 evals, 17882.3s elapsed, c̃=0.5003295269, g_norm=4.60e-02
  p=14 start 1: 12 evals, 19659.2s elapsed, c̃=0.5038091382, g_norm=5.18e-01
  p=14 start 1: 13 evals, 21442.2s elapsed, c̃=0.4997566846, g_norm=1.57e-01
  p=14 start 1: 14 evals, 23245.5s elapsed, c̃=0.4993268198, g_norm=1.52e-01
  p=14 start 1: 15 evals, 25036.7s elapsed, c̃=0.5113379615, g_norm=1.89e+00
  p=14 start 1: 16 evals, 26800.5s elapsed, c̃=0.5075814448, g_norm=1.73e+00
  p=14 start 1: 17 evals, 28549.2s elapsed, c̃=0.5006872248, g_norm=3.75e+00
  p=14 start 1: 18 evals, 30327.9s elapsed, c̃=0.5108695504, g_norm=2.49e+00
  p=14 start 1: 19 evals, 32098.3s elapsed, c̃=0.5221123010, g_norm=9.87e+00
  p=14 start 1: 20 evals, 33911.8s elapsed, c̃=0.5213859205, g_norm=4.39e+00
  p=14 start 1: 21 evals, 35715.6s elapsed, c̃=0.5029970639, g_norm=3.73e+00
  p=14 start 1: 22 evals, 37477.5s elapsed, c̃=0.5155529600, g_norm=1.88e+00
  p=14 start 1: 23 evals, 39323.2s elapsed, c̃=0.5078556884, g_norm=1.02e+00
  p=14 start 1: 24 evals, 41105.5s elapsed, c̃=0.5150479598, g_norm=4.34e+00
  p=14 start 1: 25 evals, 42989.1s elapsed, c̃=0.5044320104, g_norm=9.17e-01
  p=14 start 1: 26 evals, 44781.6s elapsed, c̃=0.4790639456, g_norm=8.15e+00
  p=14 start 1: 27 evals, 46561.9s elapsed, c̃=0.5289457506, g_norm=2.20e+01
  p=14 start 1: 28 evals, 48349.1s elapsed, c̃=0.5029525975, g_norm=7.83e-01
  p=14 start 1: 29 evals, 50099.0s elapsed, c̃=0.5083386732, g_norm=1.91e+00
  p=14 start 1: 30 evals, 51896.8s elapsed, c̃=0.5019696179, g_norm=1.99e-01
  p=14 start 1: 31 evals, 53673.1s elapsed, c̃=0.5203502963, g_norm=4.23e+00
  p=14 start 1: 32 evals, 55460.8s elapsed, c̃=0.5035945354, g_norm=7.40e-01
  p=14 start 1: 33 evals, 57206.8s elapsed, c̃=0.5056372573, g_norm=1.20e+00
  p=14 start 1: 34 evals, 58995.4s elapsed, c̃=0.5163451485, g_norm=2.20e+00
  p=14 start 1: 35 evals, 60841.5s elapsed, c̃=0.5080188427, g_norm=3.27e+00
  p=14 start 1: 36 evals, 62602.4s elapsed, c̃=0.5137375900, g_norm=1.05e+01
  p=14 start 1: 37 evals, 64399.9s elapsed, c̃=0.5046125577, g_norm=6.48e-01
  p=14 start 1: 38 evals, 66193.0s elapsed, c̃=0.5030352835, g_norm=4.67e+00
  p=14 start 1: 39 evals, 67897.5s elapsed, c̃=0.5274152717, g_norm=5.86e+00
  p=14 start 1: 40 evals, 69638.4s elapsed, c̃=0.5115105451, g_norm=2.42e+00
  p=14 start 1: 41 evals, 71400.2s elapsed, c̃=0.5095709575, g_norm=3.82e+00
  p=14 start 1: 42 evals, 73255.2s elapsed, c̃=0.5623436923, g_norm=1.15e+01
  p=14 start 1: 43 evals, 75035.8s elapsed, c̃=0.6034532985, g_norm=1.69e+01
  p=14 start 1: 44 evals, 76932.9s elapsed, c̃=0.5077683682, g_norm=2.71e+00
  p=14 start 1: 45 evals, 78689.5s elapsed, c̃=0.5064876388, g_norm=1.14e+01
  p=14 start 1: 46 evals, 80452.5s elapsed, c̃=0.5123263204, g_norm=2.01e+00
  p=14 start 1: 47 evals, 82221.8s elapsed, c̃=0.5065997786, g_norm=1.21e+01
  p=14 start 1: 48 evals, 83896.5s elapsed, c̃=0.5208124325, g_norm=4.28e+00
  p=14 start 1: 49 evals, 85752.7s elapsed, c̃=0.5240385770, g_norm=1.76e+01
  p=14 start 1: 50 evals, 87545.3s elapsed, c̃=0.5195698223, g_norm=4.40e+00
  p=14 start 1: 51 evals, 89303.9s elapsed, c̃=0.5213702423, g_norm=4.22e+00
  p=14 start 1: 52 evals, 91069.2s elapsed, c̃=0.5315299643, g_norm=4.98e+00
  p=14 start 1: 53 evals, 92810.3s elapsed, c̃=0.5204507513, g_norm=4.90e+00
  p=14 start 1: 54 evals, 94602.2s elapsed, c̃=0.5977377173, g_norm=1.48e+01
  p=14 start 1: 55 evals, 96481.6s elapsed, c̃=0.5224164992, g_norm=6.61e+00
  p=14 start 1: 56 evals, 98233.0s elapsed, c̃=0.5138214552, g_norm=4.26e+00
  p=14 start 1: 57 evals, 100064.7s elapsed, c̃=0.5203287504, g_norm=4.25e+00
  p=14 start 1: 58 evals, 101817.2s elapsed, c̃=0.5144976386, g_norm=2.23e+00
  p=14 start 1: 59 evals, 103563.4s elapsed, c̃=0.5070609566, g_norm=3.39e+00
  p=14 start 1: 60 evals, 105358.7s elapsed, c̃=0.5184483962, g_norm=1.55e+01
  p=14 start 1: 61 evals, 107140.5s elapsed, c̃=0.5169644390, g_norm=7.99e+00
  p=14 start 1: 62 evals, 108892.9s elapsed, c̃=0.5010807196, g_norm=3.60e-01
  p=14 start 1: 63 evals, 110559.8s elapsed, c̃=0.5398149306, g_norm=1.50e+01
  p=14 start 1: 64 evals, 112341.6s elapsed, c̃=0.5072234348, g_norm=1.73e+00
  p=14 start 1: 65 evals, 114098.0s elapsed, c̃=0.5051031509, g_norm=1.03e+00
  p=14 start 1: 66 evals, 115886.5s elapsed, c̃=0.5045555000, g_norm=4.70e+00
  p=14 start 1: 67 evals, 117698.6s elapsed, c̃=0.5013848028, g_norm=5.30e-01
  p=14 start 1: 68 evals, 119518.7s elapsed, c̃=0.5413479834, g_norm=5.60e+00
  p=14 start 1: 69 evals, 121327.5s elapsed, c̃=0.5066756142, g_norm=4.56e+00
  p=14 start 1: 70 evals, 123109.9s elapsed, c̃=0.5191528230, g_norm=4.84e+00
  p=14 start 1: 71 evals, 124836.1s elapsed, c̃=0.5096563549, g_norm=1.04e+01
  p=14 start 1: 72 evals, 126590.3s elapsed, c̃=0.5125686150, g_norm=6.36e+00
  p=14 start 1: 73 evals, 128431.9s elapsed, c̃=0.5117018905, g_norm=4.42e+00
  p=14 start 1: 74 evals, 130125.1s elapsed, c̃=0.5350165666, g_norm=7.59e+00
  p=14 start 1: 75 evals, 131883.1s elapsed, c̃=0.5053561348, g_norm=6.57e-01
  p=14 start 1: 76 evals, 133576.0s elapsed, c̃=0.5028462815, g_norm=9.39e-01
  p=14 start 1: 77 evals, 135359.6s elapsed, c̃=0.5331798449, g_norm=6.59e+00
  p=14 start 1: 78 evals, 137130.7s elapsed, c̃=0.5046041126, g_norm=1.67e+00
  p=14 start 1: 79 evals, 139142.2s elapsed, c̃=0.5124652723, g_norm=9.91e+00
  p=14 start 1: 80 evals, 140937.2s elapsed, c̃=0.5363353800, g_norm=8.75e+00
  p=14 start 1: 81 evals, 142694.6s elapsed, c̃=0.5022256545, g_norm=7.20e-01
  p=14 start 1: 82 evals, 144567.2s elapsed, c̃=0.5181017638, g_norm=4.20e+00
  p=14 start 1: 83 evals, 146340.5s elapsed, c̃=0.5139591849, g_norm=7.36e+00
  p=14 start 1: 84 evals, 148108.6s elapsed, c̃=0.5386872853, g_norm=6.35e+00
  p=14 start 1: 85 evals, 149857.8s elapsed, c̃=0.5102434239, g_norm=6.50e+00
  p=14 start 1: 86 evals, 151733.4s elapsed, c̃=0.5068749412, g_norm=4.11e+00
  p=14 start 1: 87 evals, 153556.1s elapsed, c̃=0.5084532394, g_norm=1.30e+01
  p=14 start 1: 88 evals, 155355.7s elapsed, c̃=0.5035789572, g_norm=1.53e+01
  p=14 start 1: 89 evals, 157159.8s elapsed, c̃=0.5034356773, g_norm=3.28e+00
  p=14 start 1: 90 evals, 158984.7s elapsed, c̃=0.5533494039, g_norm=1.31e+01
  p=14 start 1: 91 evals, 160772.1s elapsed, c̃=0.7094444926, g_norm=1.52e+02
  p=14 start 1: 92 evals, 162494.2s elapsed, c̃=0.5062342542, g_norm=2.41e+00
  p=14 start 1: 93 evals, 164273.4s elapsed, c̃=0.5058350131, g_norm=1.17e+00
  p=14 start 1: 94 evals, 166164.1s elapsed, c̃=0.5033737022, g_norm=4.90e-01
  p=14 start 1: 95 evals, 167979.0s elapsed, c̃=0.5239084270, g_norm=1.34e+01
  p=14 start 1: 96 evals, 169758.7s elapsed, c̃=0.5044418953, g_norm=1.76e+00
  p=14 start 1: 97 evals, 171545.8s elapsed, c̃=0.5016378761, g_norm=6.57e+00
  p=14 start 1: 98 evals, 173334.7s elapsed, c̃=0.5073734421, g_norm=4.18e+00
  p=14 start 1: 99 evals, 175115.5s elapsed, c̃=0.3813499817, g_norm=1.77e+02
  p=14 start 1: 100 evals, 176901.7s elapsed, c̃=0.5162787614, g_norm=3.98e+00
  p=14 start 1: 101 evals, 178692.0s elapsed, c̃=0.5132129367, g_norm=1.76e+00
  p=14 start 1: 102 evals, 180523.6s elapsed, c̃=0.5075691383, g_norm=8.95e+00
  p=14 start 1: 103 evals, 182318.7s elapsed, c̃=0.5024773851, g_norm=4.10e+00
  p=14 start 1: 104 evals, 184090.3s elapsed, c̃=0.5906717339, g_norm=1.29e+01
  p=14 start 1: 105 evals, 185793.7s elapsed, c̃=0.5061526343, g_norm=2.26e+00
  p=14 start 1: 106 evals, 187573.5s elapsed, c̃=0.5178758370, g_norm=2.85e+01
  p=14 start 1: 107 evals, 189407.0s elapsed, c̃=0.5178611274, g_norm=3.09e+00
  p=14 start 1: 108 evals, 191199.8s elapsed, c̃=0.5379578044, g_norm=3.43e+00
  p=14 start 1: 109 evals, 192924.0s elapsed, c̃=0.5214991013, g_norm=4.09e+00
  p=14 start 1: 110 evals, 194601.8s elapsed, c̃=0.5075343662, g_norm=4.75e+00
  p=14 start 1: 111 evals, 196269.9s elapsed, c̃=0.5082853467, g_norm=4.76e+00
  p=14 start 1: 112 evals, 198125.1s elapsed, c̃=0.5094305651, g_norm=1.79e+00
  p=14 start 1: 113 evals, 199828.3s elapsed, c̃=0.5032311431, g_norm=3.94e-01
  p=14 start 1: 114 evals, 201620.8s elapsed, c̃=0.5092436523, g_norm=1.62e+00
  p=14 start 1: 115 evals, 203345.6s elapsed, c̃=0.5012174186, g_norm=2.67e-01
  p=14 start 1: 116 evals, 205120.1s elapsed, c̃=0.5026665903, g_norm=6.21e-01
  p=14 start 1: 117 evals, 206917.5s elapsed, c̃=0.5066882458, g_norm=1.31e+00
  p=14 start 1: 118 evals, 208683.6s elapsed, c̃=0.5084835195, g_norm=1.20e+00
  p=14 start 1: 119 evals, 210466.5s elapsed, c̃=0.5021307147, g_norm=5.18e-01
  p=14 start 1: 120 evals, 212258.5s elapsed, c̃=0.5244880924, g_norm=3.63e+00
  p=14 start 1: 121 evals, 214056.3s elapsed, c̃=0.5032757039, g_norm=2.02e+01
  p=14 start 1: 122 evals, 215854.6s elapsed, c̃=0.4908179124, g_norm=1.76e+01
  p=14 start 1: 123 evals, 217612.8s elapsed, c̃=0.5045362365, g_norm=4.37e+00
  p=14 start 1: 124 evals, 219380.6s elapsed, c̃=0.5068097323, g_norm=1.53e+00
  p=14 start 1: 125 evals, 221160.6s elapsed, c̃=0.5099797746, g_norm=1.66e+00
  p=14 start 1: 126 evals, 222956.0s elapsed, c̃=0.5042629677, g_norm=6.79e-01
  p=14 start 1: 127 evals, 224755.7s elapsed, c̃=0.5070216155, g_norm=1.64e+00
  p=14 start 1: 128 evals, 226532.4s elapsed, c̃=0.5114282447, g_norm=4.31e+00
  p=14 start 1: 129 evals, 228311.4s elapsed, c̃=0.5326845918, g_norm=2.99e+01
  p=14 start 1: 130 evals, 230075.6s elapsed, c̃=0.4961715419, g_norm=3.05e+00
  p=14 start 1: 131 evals, 231792.1s elapsed, c̃=0.5065388471, g_norm=9.01e-01
  p=14 start 1: 132 evals, 233536.8s elapsed, c̃=0.5037560015, g_norm=5.84e-01
  p=14 start 1: 133 evals, 235305.0s elapsed, c̃=0.5072283949, g_norm=7.55e-01
  p=14 start 1: 134 evals, 237068.7s elapsed, c̃=0.5173551221, g_norm=8.71e+00
  p=14 start 1: 135 evals, 238907.3s elapsed, c̃=0.5057353044, g_norm=1.66e+01
  p=14 start 1: 136 evals, 240688.1s elapsed, c̃=0.5089295199, g_norm=2.09e+00
  p=14 start 1: 137 evals, 242447.0s elapsed, c̃=0.5356437440, g_norm=8.21e+00
  p=14 start 1: 138 evals, 244216.0s elapsed, c̃=0.5191787921, g_norm=1.67e+01
  p=14 start 1: 139 evals, 246076.8s elapsed, c̃=0.5333077250, g_norm=3.10e+01
  p=14 start 1: 140 evals, 247704.1s elapsed, c̃=0.5783421105, g_norm=2.47e+01
  p=14 start 1: 141 evals, 249571.4s elapsed, c̃=0.6427270165, g_norm=4.45e+01
  p=14 start 1: 142 evals, 251343.9s elapsed, c̃=0.7553391452, g_norm=4.79e+01
  p=14 start 1: 143 evals, 253104.3s elapsed, c̃=0.6749174029, g_norm=3.47e+01
  p=14 start 1: 144 evals, 254905.1s elapsed, c̃=0.7553391452, g_norm=4.79e+01
  p=14 start 1: 145 evals, 256666.6s elapsed, c̃=0.7124167090, g_norm=2.89e+01
  p=14 start 1: 146 evals, 258529.3s elapsed, c̃=0.6749174029, g_norm=3.47e+01
  p=14 start 1: 147 evals, 260328.9s elapsed, c̃=0.7124167090, g_norm=2.89e+01
  p=14 start 1: 148 evals, 262046.7s elapsed, c̃=0.6749174029, g_norm=3.47e+01
  p=14 start 1: 149 evals, 263818.3s elapsed, c̃=0.7124167090, g_norm=2.89e+01
  p=14 start 1: 150 evals, 265583.3s elapsed, c̃=0.6749174029, g_norm=3.47e+01
  p=14 start 1: 151 evals, 267431.5s elapsed, c̃=0.7124167090, g_norm=2.89e+01
  p=14 start 1: 152 evals, 269130.2s elapsed, c̃=0.6749174029, g_norm=3.47e+01
  p=14 start 1: 153 evals, 270926.7s elapsed, c̃=0.7124167090, g_norm=2.89e+01
  p=14 start 1: 154 evals, 272700.5s elapsed, c̃=0.6749174029, g_norm=3.47e+01
  p=14 start 1: 155 evals, 274489.4s elapsed, c̃=0.7124167090, g_norm=2.89e+01
  p=14 start 1: 156 evals, 276291.8s elapsed, c̃=0.6749174029, g_norm=3.47e+01
  p=14 start 1: 157 evals, 278078.1s elapsed, c̃=0.7124167090, g_norm=2.89e+01
  p=14 start 1: 158 evals, 279855.3s elapsed, c̃=0.6749174029, g_norm=3.47e+01
  p=14 start 1: 159 evals, 281600.7s elapsed, c̃=0.7124167090, g_norm=2.89e+01
  p=14 start 1: 160 evals, 283416.6s elapsed, c̃=0.6749174029, g_norm=3.47e+01
  p=14 start 1: 161 evals, 285211.9s elapsed, c̃=0.7124167090, g_norm=2.89e+01
  p=14 start 1: 162 evals, 286892.0s elapsed, c̃=0.6749174029, g_norm=3.47e+01
  p=14 start 1: 163 evals, 288673.7s elapsed, c̃=0.7124167090, g_norm=2.89e+01
  p=14 start 1: 164 evals, 290413.8s elapsed, c̃=0.6749174029, g_norm=3.47e+01
  p=14 start 1: 165 evals, 292168.7s elapsed, c̃=0.7124167090, g_norm=2.89e+01
  p=14 start 1: 166 evals, 293902.1s elapsed, c̃=0.6749174029, g_norm=3.47e+01
  p=14 start 1: 167 evals, 295763.7s elapsed, c̃=0.7124167090, g_norm=2.89e+01
  p=14 start 1: 168 evals, 297417.8s elapsed, c̃=0.5065079241, g_norm=5.81e+00
  p=14 start 1: 169 evals, 299206.5s elapsed, c̃=0.5249250674, g_norm=6.86e+00
  p=14 start 1: 170 evals, 300984.6s elapsed, c̃=0.5321175031, g_norm=5.32e+00
  p=14 start 1: 171 evals, 302819.2s elapsed, c̃=0.6146364812, g_norm=6.16e+01
  p=14 start 1: 172 evals, 304530.8s elapsed, c̃=0.6604858669, g_norm=1.87e+01
  p=14 start 1: 173 evals, 306303.4s elapsed, c̃=0.7015443217, g_norm=3.54e+01
  p=14 start 1: 174 evals, 308101.6s elapsed, c̃=0.7124167090, g_norm=2.89e+01
  p=14 start 1: 175 evals, 309905.4s elapsed, c̃=0.6560370458, g_norm=5.91e+01
  p=14 start 1: 176 evals, 311705.7s elapsed, c̃=0.7124167090, g_norm=2.89e+01
  p=14 start 1: 177 evals, 313475.5s elapsed, c̃=0.6560370458, g_norm=5.91e+01
  p=14 start 1: 178 evals, 315362.9s elapsed, c̃=0.7124167090, g_norm=2.89e+01
  p=14 start 1: 179 evals, 317250.2s elapsed, c̃=0.6560370458, g_norm=5.91e+01
  p=14 start 1: 180 evals, 318959.0s elapsed, c̃=0.7124167090, g_norm=2.89e+01
  p=14 start 1: 181 evals, 320766.9s elapsed, c̃=0.6560370458, g_norm=5.91e+01
  p=14 start 1: 182 evals, 322536.7s elapsed, c̃=0.7124167090, g_norm=2.89e+01
  p=14 start 1: 183 evals, 324326.3s elapsed, c̃=0.6560370458, g_norm=5.91e+01
  p=14 start 1: 184 evals, 326114.1s elapsed, c̃=0.7124167090, g_norm=2.89e+01
  p=14 start 1: 185 evals, 327861.1s elapsed, c̃=0.6560370458, g_norm=5.91e+01
slurmstepd: error: *** JOB 992635 ON swift-c3dnodeset-4 CANCELLED AT 2026-04-06T22:52:00 ***
