preserved run_id=20260408T042047-k3-d4-p14-15-r2-i1280-s1234
preserved directory=/home/stephenjordan_google_com/qaoa-xorsat/scripts/../.project/results/optimization/runs/20260408T042047-k3-d4-p14-15-r2-i1280-s1234
resuming from: /home/stephenjordan_google_com/qaoa-xorsat/scripts/../experiments/warmstart/ws-k3d4
warm-start from p=13: c̃=0.880732724898
[ Info: JIT warmup...
[ Info: JIT warmup complete, starting sweep
  p=14 start 1: 2 evals, 1724.8s elapsed, c̃=0.8696287872, g_norm=3.19e-01
  p=14 start 1: 3 evals, 3573.9s elapsed, c̃=0.5108340379, g_norm=1.74e-01
  p=14 start 1: 4 evals, 5396.6s elapsed, c̃=0.5433914166, g_norm=3.88e-01
  p=14 start 1: 5 evals, 7157.6s elapsed, c̃=0.7503335222, g_norm=7.82e-01
  p=14 start 1: 6 evals, 8832.9s elapsed, c̃=0.8781324206, g_norm=1.82e-01
  p=14 start 1: 7 evals, 10587.4s elapsed, c̃=0.8809680102, g_norm=6.24e-02
  p=14 start 1: 8 evals, 12328.4s elapsed, c̃=0.8476443702, g_norm=3.90e-01
  p=14 start 1: 9 evals, 14112.5s elapsed, c̃=0.8809842318, g_norm=5.10e-02
  p=14 start 1: 10 evals, 15873.5s elapsed, c̃=0.8814968076, g_norm=3.82e-02
  p=14 start 1: 11 evals, 17737.2s elapsed, c̃=0.8810074884, g_norm=9.21e-02
  p=14 start 1: 12 evals, 19624.1s elapsed, c̃=0.8817031912, g_norm=3.59e-02
  p=14 start 1: 13 evals, 21407.4s elapsed, c̃=0.8819683924, g_norm=2.09e-02
  p=14 start 1: 14 evals, 23200.5s elapsed, c̃=0.8819402473, g_norm=2.07e-02
  p=14 start 1: 15 evals, 24982.8s elapsed, c̃=0.8820181262, g_norm=1.76e-02
  p=14 start 1: 16 evals, 26779.7s elapsed, c̃=0.8821866503, g_norm=2.89e-02
  p=14 start 1: 17 evals, 28413.5s elapsed, c̃=0.8821526084, g_norm=1.59e-02
  p=14 start 1: 18 evals, 30176.9s elapsed, c̃=0.8823323267, g_norm=1.86e-02
  p=14 start 1: 19 evals, 31873.8s elapsed, c̃=0.8817280178, g_norm=5.82e-02
  p=14 start 1: 20 evals, 33604.9s elapsed, c̃=0.8823421213, g_norm=2.39e-02
  p=14 start 1: 21 evals, 35422.2s elapsed, c̃=0.8825533482, g_norm=2.65e-02
  p=14 start 1: 22 evals, 37301.8s elapsed, c̃=0.8806512099, g_norm=7.77e-02
  p=14 start 1: 23 evals, 39145.9s elapsed, c̃=0.8826243666, g_norm=2.80e-02
  p=14 start 1: 24 evals, 40919.5s elapsed, c̃=0.8827722890, g_norm=2.05e-02
  p=14 start 1: 25 evals, 42647.2s elapsed, c̃=0.8814103798, g_norm=9.84e-02
  p=14 start 1: 26 evals, 44430.6s elapsed, c̃=0.8828578161, g_norm=2.41e-02
  p=14 start 1: 27 evals, 46161.3s elapsed, c̃=0.8832718088, g_norm=2.19e-02
  p=14 start 1: 28 evals, 47952.6s elapsed, c̃=0.8810079641, g_norm=9.11e-02
  p=14 start 1: 29 evals, 49770.7s elapsed, c̃=0.8833556177, g_norm=2.64e-02
  p=14 start 1: 30 evals, 51521.8s elapsed, c̃=0.8835335273, g_norm=1.67e-02
  p=14 start 1: 31 evals, 53293.2s elapsed, c̃=0.8835448984, g_norm=1.77e-02
  p=14 start 1: 32 evals, 55111.2s elapsed, c̃=0.8835519171, g_norm=2.01e-02
  p=14 start 1: 33 evals, 56882.0s elapsed, c̃=0.8836147482, g_norm=1.33e-02
  p=14 start 1: 34 evals, 58712.8s elapsed, c̃=0.8836409918, g_norm=1.28e-02
  p=14 start 1: 35 evals, 60511.2s elapsed, c̃=0.8836172225, g_norm=1.30e-02
  p=14 start 1: 36 evals, 62242.8s elapsed, c̃=0.8836484006, g_norm=1.73e-02
  p=14 start 1: 37 evals, 64026.0s elapsed, c̃=0.8836912739, g_norm=1.60e-02
  p=14 start 1: 38 evals, 65788.9s elapsed, c̃=0.8835823318, g_norm=4.04e-02
  p=14 start 1: 39 evals, 67555.4s elapsed, c̃=0.8837004096, g_norm=1.28e-02
  p=14 start 1: 40 evals, 69330.9s elapsed, c̃=0.8836717882, g_norm=1.67e-02
  p=14 start 1: 41 evals, 71117.7s elapsed, c̃=0.8836819537, g_norm=1.31e-02
  p=14 start 1: 42 evals, 72826.6s elapsed, c̃=0.8837495831, g_norm=1.05e-02
  p=14 start 1: 43 evals, 74594.3s elapsed, c̃=0.8837213901, g_norm=1.27e-02
  p=14 start 1: 44 evals, 76377.3s elapsed, c̃=0.8837002346, g_norm=1.19e-02
  p=14 start 1: 45 evals, 78240.7s elapsed, c̃=0.8836457083, g_norm=1.02e-02
  p=14 start 1: 46 evals, 80050.4s elapsed, c̃=0.8837369185, g_norm=1.65e-02
  p=14 start 1: 47 evals, 81820.2s elapsed, c̃=0.8836789982, g_norm=1.88e-02
  p=14 start 1: 48 evals, 83614.7s elapsed, c̃=0.8837005694, g_norm=2.21e-02
  p=14 start 1: 49 evals, 85498.9s elapsed, c̃=0.8836726022, g_norm=1.17e-02
  p=14 start 1: 50 evals, 87263.1s elapsed, c̃=0.8837288043, g_norm=2.54e-02
  p=14 start 1: 51 evals, 89027.8s elapsed, c̃=0.8836886953, g_norm=1.24e-02
  p=14 start 1: 52 evals, 90778.0s elapsed, c̃=0.8837089414, g_norm=1.85e-02
  p=14 start 1: 53 evals, 92578.5s elapsed, c̃=0.8836687562, g_norm=1.32e-02
  p=14 start 1: 54 evals, 94399.1s elapsed, c̃=0.8836835827, g_norm=1.36e-02
  p=14 start 1: 55 evals, 96078.3s elapsed, c̃=0.8837470406, g_norm=1.59e-02
  p=14 start 1: 56 evals, 97849.1s elapsed, c̃=0.8836730076, g_norm=1.58e-02
  p=14 start 1: 57 evals, 99683.2s elapsed, c̃=0.8836738241, g_norm=1.55e-02
  p=14 start 1: 58 evals, 101456.8s elapsed, c̃=0.8837354362, g_norm=2.30e-02
  p=14 start 1: 59 evals, 103251.1s elapsed, c̃=0.8837234473, g_norm=1.63e-02
  p=14 start 1: 60 evals, 105032.6s elapsed, c̃=0.8836724424, g_norm=1.23e-02
  p=14 start 1: 61 evals, 106889.9s elapsed, c̃=0.8836797420, g_norm=1.57e-02
  p=14 start 1: 62 evals, 108668.1s elapsed, c̃=0.8837548888, g_norm=1.25e-02
  p=14 start 1: 63 evals, 110511.2s elapsed, c̃=0.8837227632, g_norm=1.33e-02
  p=14 start 1: 64 evals, 112192.7s elapsed, c̃=0.8837140039, g_norm=1.44e-02
  p=14 start 1: 65 evals, 113968.5s elapsed, c̃=0.8837020311, g_norm=2.07e-02
  p=14 start 1: 66 evals, 115817.4s elapsed, c̃=0.8836462422, g_norm=1.49e-02
  p=14 start 1: 67 evals, 117577.6s elapsed, c̃=0.8837205593, g_norm=1.49e-02
  p=14 start 1: 68 evals, 119382.8s elapsed, c̃=0.8837365323, g_norm=1.49e-02
  p=14 start 1: 69 evals, 121237.8s elapsed, c̃=0.8837066981, g_norm=1.31e-02
  p=14 start 1: 70 evals, 123014.4s elapsed, c̃=0.8837312830, g_norm=9.36e-03
  p=14 start 1: 71 evals, 124801.4s elapsed, c̃=0.8836795702, g_norm=1.42e-02
  p=14 start 1: 72 evals, 126685.2s elapsed, c̃=0.8836870349, g_norm=1.17e-02
  p=14 start 1: 73 evals, 128474.2s elapsed, c̃=0.8836437941, g_norm=1.44e-02
  p=14 start 1: 74 evals, 130215.8s elapsed, c̃=0.8837405100, g_norm=2.53e-02
  p=14 start 1: 75 evals, 131981.3s elapsed, c̃=0.8836880838, g_norm=1.70e-02
  p=14 start 1: 76 evals, 133818.7s elapsed, c̃=0.8837262306, g_norm=1.77e-02
  p=14 start 1: 77 evals, 135630.8s elapsed, c̃=0.8836910078, g_norm=1.84e-02
  p=14 start 1: 78 evals, 137414.3s elapsed, c̃=0.8836719931, g_norm=1.61e-02
  p=14 start 1: 79 evals, 139205.2s elapsed, c̃=0.8836947476, g_norm=2.02e-02
  p=14 start 1: 80 evals, 141020.9s elapsed, c̃=0.8836764218, g_norm=1.32e-02
  p=14 start 1: 81 evals, 142878.8s elapsed, c̃=0.8837385420, g_norm=1.06e-02
  p=14 start 1: 82 evals, 144733.6s elapsed, c̃=0.8837044918, g_norm=1.72e-02
  p=14 start 1: 83 evals, 146539.2s elapsed, c̃=0.8837043070, g_norm=1.04e-02
  p=14 start 1: 84 evals, 148337.3s elapsed, c̃=0.8836873089, g_norm=2.40e-02
  p=14 start 1: 85 evals, 150035.0s elapsed, c̃=0.8837046219, g_norm=1.60e-02
  p=14 start 1: 86 evals, 151815.6s elapsed, c̃=0.8837326804, g_norm=1.16e-02
  p=14 start 1: 87 evals, 153678.6s elapsed, c̃=0.8837140804, g_norm=1.76e-02
  p=14 start 1: 88 evals, 155463.6s elapsed, c̃=0.8837244648, g_norm=9.31e-03
  p=14 start 1: 89 evals, 157216.8s elapsed, c̃=0.8837412296, g_norm=2.10e-02
slurmstepd: error: *** JOB 1098083 ON swift-c3dnodeset-1 CANCELLED AT 2026-04-10T00:22:08 ***
