preserved run_id=20260403T033822-k5-d7-p11-15-r2-i320-s1234
preserved directory=/home/stephenjordan_google_com/qaoa-xorsat/scripts/../.project/results/optimization/runs/20260403T033822-k5-d7-p11-15-r2-i320-s1234
resuming from: /home/stephenjordan_google_com/qaoa-xorsat/.project/results/optimization/runs/20260331T232833-k5-d7-p1-15-r2-i320-s1234
warm-start from p=10: c̃=0.864085960420
[ Info: JIT warmup...
[ Info: JIT warmup complete, starting sweep
  p=11 start 1: 3 evals, 33.9s elapsed, c̃=0.5001679358, g_norm=4.53e-03
  p=11 start 1: 5 evals, 67.0s elapsed, c̃=0.5030173371, g_norm=1.26e-01
  p=11 start 1: 7 evals, 99.9s elapsed, c̃=0.5020072165, g_norm=3.74e-01
  p=11 start 1: 9 evals, 132.5s elapsed, c̃=0.5009032634, g_norm=1.01e-01
  p=11 start 1: 11 evals, 165.8s elapsed, c̃=0.5092955535, g_norm=1.16e+00
  p=11 start 1: 13 evals, 198.8s elapsed, c̃=0.4998990276, g_norm=9.98e-02
  p=11 start 1: 15 evals, 232.6s elapsed, c̃=0.5112163953, g_norm=1.91e-01
  p=11 start 1: 17 evals, 266.1s elapsed, c̃=0.5037146563, g_norm=8.24e-01
  p=11 start 1: 19 evals, 299.3s elapsed, c̃=0.4997081619, g_norm=9.74e-02
  p=11 start 1: 21 evals, 332.0s elapsed, c̃=0.5022097136, g_norm=1.26e-01
  p=11 start 1: 23 evals, 365.0s elapsed, c̃=0.5011992946, g_norm=1.78e-02
  p=11 start 1: 25 evals, 398.5s elapsed, c̃=0.5005252510, g_norm=8.18e-02
  p=11 start 1: 27 evals, 431.4s elapsed, c̃=0.5054204644, g_norm=3.28e-01
  p=11 start 1: 29 evals, 465.1s elapsed, c̃=0.5008419002, g_norm=2.86e-02
  p=11 start 1: 31 evals, 498.7s elapsed, c̃=0.5154675105, g_norm=4.34e-01
  p=11 start 1: 33 evals, 532.3s elapsed, c̃=0.5037609153, g_norm=1.93e-01
  p=11 start 1: 35 evals, 565.6s elapsed, c̃=0.5022895322, g_norm=3.70e-01
  p=11 start 1: 37 evals, 598.5s elapsed, c̃=0.4989129554, g_norm=2.44e-01
  p=11 start 1: 39 evals, 631.9s elapsed, c̃=0.5065414132, g_norm=2.55e-01
  p=11 start 1: 41 evals, 665.6s elapsed, c̃=0.4998512159, g_norm=5.50e-02
  p=11 start 1: 43 evals, 699.3s elapsed, c̃=0.4983465037, g_norm=1.28e-01
  p=11 start 1: 45 evals, 733.0s elapsed, c̃=0.5007083691, g_norm=3.41e-02
  p=11 start 1: 47 evals, 768.0s elapsed, c̃=0.5336958659, g_norm=4.48e-01
  p=11 start 1: 49 evals, 801.9s elapsed, c̃=0.5030681456, g_norm=8.30e-02
  p=11 start 1: 51 evals, 836.1s elapsed, c̃=0.5047496357, g_norm=9.31e-01
  p=11 start 1: 53 evals, 869.4s elapsed, c̃=0.5116042219, g_norm=5.06e-01
  p=11 start 1: 55 evals, 902.7s elapsed, c̃=0.4995166617, g_norm=4.97e-02
  p=11 start 1: 57 evals, 936.3s elapsed, c̃=0.5113107884, g_norm=2.99e-01
  p=11 start 1: 59 evals, 970.7s elapsed, c̃=0.5011533102, g_norm=1.01e-01
  p=11 start 1: 61 evals, 1004.1s elapsed, c̃=0.5176937390, g_norm=3.83e-01
  p=11 start 1: 63 evals, 1038.5s elapsed, c̃=0.5336958659, g_norm=4.48e-01
  p=11 start 1: 65 evals, 1073.2s elapsed, c̃=0.5290248390, g_norm=8.52e-01
  p=11 start 1: 67 evals, 1107.2s elapsed, c̃=0.5290248390, g_norm=8.52e-01
  p=11 start 1: 69 evals, 1141.8s elapsed, c̃=0.5227667431, g_norm=9.80e-01
  p=11 start 1: 71 evals, 1175.1s elapsed, c̃=0.5227667431, g_norm=9.80e-01
  p=11 start 1: 73 evals, 1209.2s elapsed, c̃=0.5227667431, g_norm=9.80e-01
  p=11 start 1: 75 evals, 1243.4s elapsed, c̃=0.5227667431, g_norm=9.80e-01
  p=11 start 1: 77 evals, 1277.5s elapsed, c̃=0.5227667431, g_norm=9.80e-01
  p=11 start 1: 79 evals, 1311.4s elapsed, c̃=0.5227667431, g_norm=9.80e-01
  p=11 start 1: 81 evals, 1346.3s elapsed, c̃=0.5000331454, g_norm=1.61e-02
  p=11 start 1: 83 evals, 1380.4s elapsed, c̃=0.5004692597, g_norm=2.40e-02
  p=11 start 1: 85 evals, 1414.6s elapsed, c̃=0.5123404111, g_norm=4.57e-01
  p=11 start 1: 87 evals, 1449.1s elapsed, c̃=0.4990515310, g_norm=5.94e-02
  p=11 start 1: 89 evals, 1483.1s elapsed, c̃=0.5047414379, g_norm=8.79e-02
  p=11 start 1: 91 evals, 1517.6s elapsed, c̃=0.5004392534, g_norm=1.82e-02
  p=11 start 1: 93 evals, 1552.0s elapsed, c̃=0.5005920411, g_norm=1.14e-01
  p=11 start 1: 95 evals, 1586.5s elapsed, c̃=0.5024709593, g_norm=1.57e-01
  p=11 start 1: 97 evals, 1620.5s elapsed, c̃=0.4997185041, g_norm=1.58e-01
  p=11 start 1: 99 evals, 1654.4s elapsed, c̃=0.4935377367, g_norm=5.51e-01
  p=11 start 1: 101 evals, 1688.1s elapsed, c̃=0.5007865469, g_norm=1.82e-01
  p=11 start 1: 103 evals, 1722.6s elapsed, c̃=0.4999725438, g_norm=3.59e-02
  p=11 start 1: 105 evals, 1756.1s elapsed, c̃=0.5043211960, g_norm=9.86e-02
  p=11 start 1: 107 evals, 1790.3s elapsed, c̃=0.5037965633, g_norm=1.17e-01
  p=11 start 1: 109 evals, 1824.3s elapsed, c̃=0.5078249539, g_norm=2.03e-01
  p=11 start 1: 111 evals, 1857.9s elapsed, c̃=0.4996989141, g_norm=2.35e-01
  p=11 start 1: 113 evals, 1892.5s elapsed, c̃=0.5470826078, g_norm=4.22e+00
  p=11 start 1: 115 evals, 1926.0s elapsed, c̃=0.5574248631, g_norm=1.66e+00
  p=11 start 1: 117 evals, 1960.8s elapsed, c̃=0.4117585940, g_norm=1.25e+01
  p=11 start 1: 119 evals, 1994.0s elapsed, c̃=0.5213490778, g_norm=1.21e+01
  p=11 start 1: 121 evals, 2027.5s elapsed, c̃=0.4995017339, g_norm=1.94e-01
  p=11 start 1: 123 evals, 2062.5s elapsed, c̃=0.4985887042, g_norm=7.18e-02
  p=11 start 1: 125 evals, 2096.6s elapsed, c̃=0.5017101329, g_norm=1.06e-01
  p=11 start 1: 127 evals, 2129.9s elapsed, c̃=0.5041719009, g_norm=9.96e-02
  p=11 start 1: 129 evals, 2163.4s elapsed, c̃=0.5017863865, g_norm=8.11e-02
  p=11 start 1: 131 evals, 2197.0s elapsed, c̃=0.5007173098, g_norm=8.25e-02
  p=11 start 1: 133 evals, 2230.4s elapsed, c̃=0.4964486036, g_norm=9.13e-02
  p=11 start 1: 135 evals, 2264.1s elapsed, c̃=0.5009401787, g_norm=8.36e-01
  p=11 start 1: 137 evals, 2298.2s elapsed, c̃=0.4995746353, g_norm=3.81e-01
  p=11 start 1: 139 evals, 2331.7s elapsed, c̃=0.5058040479, g_norm=2.61e-01
  p=11 start 1: 141 evals, 2365.9s elapsed, c̃=0.5335587778, g_norm=1.16e+00
  p=11 start 1: 143 evals, 2399.8s elapsed, c̃=0.4988961350, g_norm=2.43e-01
  p=11 start 1: 145 evals, 2433.3s elapsed, c̃=0.5010789290, g_norm=3.56e-02
  p=11 start 1: 147 evals, 2467.9s elapsed, c̃=0.5011145891, g_norm=6.68e-01
  p=11 start 1: 149 evals, 2501.7s elapsed, c̃=0.5009246085, g_norm=4.08e-01
  p=11 start 1: 151 evals, 2535.7s elapsed, c̃=0.5086936156, g_norm=1.04e-01
  p=11 start 1: 153 evals, 2569.6s elapsed, c̃=0.5008071237, g_norm=3.61e-02
  p=11 start 1: 155 evals, 2603.3s elapsed, c̃=0.5228074945, g_norm=1.68e+00
  p=11 start 1: 157 evals, 2638.2s elapsed, c̃=0.5343831284, g_norm=6.73e+00
  p=11 start 1: 159 evals, 2672.5s elapsed, c̃=0.4876291100, g_norm=8.42e-01
  p=11 start 1: 161 evals, 2706.5s elapsed, c̃=0.5204473974, g_norm=1.18e+00
  p=11 start 1: 163 evals, 2740.0s elapsed, c̃=0.4501909357, g_norm=8.73e-01
  p=11 start 1: 165 evals, 2774.0s elapsed, c̃=0.5606662012, g_norm=3.05e+00
  p=11 start 1: 167 evals, 2808.4s elapsed, c̃=0.5606662012, g_norm=3.05e+00
  p=11 start 1: 169 evals, 2842.7s elapsed, c̃=0.5606662012, g_norm=3.05e+00
  p=11 start 1: 171 evals, 2876.2s elapsed, c̃=0.5606662012, g_norm=3.05e+00
  p=11 start 1: 173 evals, 2910.4s elapsed, c̃=0.5606662012, g_norm=3.05e+00
  p=11 start 1: 175 evals, 2944.7s elapsed, c̃=0.5606662012, g_norm=3.05e+00
  p=11 start 1: 177 evals, 2979.0s elapsed, c̃=0.5606662012, g_norm=3.05e+00
  p=11 start 1: 179 evals, 3013.2s elapsed, c̃=0.5606662012, g_norm=3.05e+00
  p=11 start 1: 181 evals, 3047.8s elapsed, c̃=0.5606662012, g_norm=3.05e+00
  p=11 start 1: 183 evals, 3082.4s elapsed, c̃=0.5606662012, g_norm=3.05e+00
  p=11 start 1: 185 evals, 3116.7s elapsed, c̃=0.5606662012, g_norm=3.05e+00
  p=11 start 1: 187 evals, 3150.8s elapsed, c̃=0.5606662012, g_norm=3.05e+00
  p=11 start 1: 189 evals, 3185.2s elapsed, c̃=0.5606662012, g_norm=3.05e+00
  p=11 start 1: 191 evals, 3219.4s elapsed, c̃=0.5000000070, g_norm=8.61e-07
  p=11 start 1: 193 evals, 3253.5s elapsed, c̃=0.4999963137, g_norm=3.46e-04
  p=11 start 1: 195 evals, 3286.5s elapsed, c̃=0.4999849969, g_norm=1.95e-03
  p=11 start 1: 197 evals, 3319.5s elapsed, c̃=0.4989764338, g_norm=7.60e-01
  p=11 start 1: 199 evals, 3353.4s elapsed, c̃=0.5114813430, g_norm=8.24e-01
  p=11 start 1: 201 evals, 3386.9s elapsed, c̃=0.5065842873, g_norm=6.86e-01
  p=11 start 1: 203 evals, 3421.3s elapsed, c̃=0.5017960130, g_norm=1.59e-01
  p=11 start 1: 205 evals, 3455.3s elapsed, c̃=0.4910511767, g_norm=2.21e-01
  p=11 start 1: 207 evals, 3488.4s elapsed, c̃=0.5006171956, g_norm=3.37e-01
  p=11 start 1: 209 evals, 3523.0s elapsed, c̃=0.5031513889, g_norm=1.04e-01
  p=11 start 1: 211 evals, 3556.1s elapsed, c̃=0.5045171271, g_norm=3.59e-01
  p=11 start 1: 213 evals, 3589.9s elapsed, c̃=0.5152254076, g_norm=2.66e-01
  p=11 start 1: 215 evals, 3623.5s elapsed, c̃=0.4871833294, g_norm=1.08e+00
  p=11 start 1: 217 evals, 3657.6s elapsed, c̃=0.5145140886, g_norm=4.65e-01
  p=11 start 1: 219 evals, 3692.0s elapsed, c̃=0.5010492599, g_norm=2.05e-01
  p=11 start 1: 221 evals, 3726.1s elapsed, c̃=0.5009585372, g_norm=2.10e-02
  p=11 start 1: 223 evals, 3760.1s elapsed, c̃=0.4981545966, g_norm=6.40e-02
  p=11 start 1: 225 evals, 3794.1s elapsed, c̃=0.4906319165, g_norm=6.60e-01
  p=11 start 1: 227 evals, 3827.5s elapsed, c̃=0.5951898262, g_norm=4.48e+00
  p=11 start 1: 229 evals, 3861.5s elapsed, c̃=0.5003682753, g_norm=4.22e-02
  p=11 start 1: 231 evals, 3895.9s elapsed, c̃=0.5171656345, g_norm=2.58e-01
  p=11 start 1: 233 evals, 3929.9s elapsed, c̃=0.4878279527, g_norm=7.71e-01
  p=11 start 1: 235 evals, 3964.3s elapsed, c̃=0.5228857976, g_norm=8.36e-01
  p=11 start 1: 237 evals, 3998.5s elapsed, c̃=0.5010742470, g_norm=8.37e-02
  p=11 start 1: 239 evals, 4031.8s elapsed, c̃=0.5006735891, g_norm=6.15e-02
  p=11 start 1: 241 evals, 4065.4s elapsed, c̃=0.5032210703, g_norm=4.25e-01
  p=11 start 1: 243 evals, 4098.6s elapsed, c̃=0.5008403084, g_norm=3.50e-02
  p=11 start 1: 245 evals, 4132.9s elapsed, c̃=0.5099439351, g_norm=2.64e-01
  p=11 start 1: 247 evals, 4166.6s elapsed, c̃=0.4988674763, g_norm=9.28e-01
  p=11 start 1: 249 evals, 4200.9s elapsed, c̃=0.5180624013, g_norm=4.18e-01
  p=11 start 1: 251 evals, 4235.1s elapsed, c̃=0.5000676346, g_norm=8.03e-02
  p=11 start 1: 253 evals, 4269.2s elapsed, c̃=0.5008147796, g_norm=2.94e+00
  p=11 start 1: 255 evals, 4303.6s elapsed, c̃=0.5074844551, g_norm=1.78e-01
  p=11 start 1: 257 evals, 4337.7s elapsed, c̃=0.5026895104, g_norm=2.74e-01
  p=11 start 1: 259 evals, 4371.7s elapsed, c̃=0.4970264965, g_norm=2.11e-01
  p=11 start 1: 261 evals, 4405.4s elapsed, c̃=0.4993088686, g_norm=3.42e-02
  p=11 start 1: 263 evals, 4439.9s elapsed, c̃=0.4983166425, g_norm=4.03e-02
  p=11 start 1: 265 evals, 4473.6s elapsed, c̃=0.5004675042, g_norm=1.25e-01
  p=11 start 1: 267 evals, 4508.4s elapsed, c̃=0.4999953933, g_norm=2.31e-02
  p=11 start 1: 269 evals, 4542.6s elapsed, c̃=0.5080434708, g_norm=1.06e-01
  p=11 start 1: 271 evals, 4577.3s elapsed, c̃=0.5142975378, g_norm=2.70e-01
  p=11 start 1: 273 evals, 4611.2s elapsed, c̃=0.5016477750, g_norm=6.76e-02
  p=11 start 1: 275 evals, 4646.0s elapsed, c̃=0.5005258326, g_norm=8.46e-02
  p=11 start 1: 277 evals, 4680.5s elapsed, c̃=0.5004422465, g_norm=4.03e-02
  p=11 start 1: 279 evals, 4714.3s elapsed, c̃=0.5012336556, g_norm=7.45e-02
  p=11 start 1: 281 evals, 4748.7s elapsed, c̃=0.5173555695, g_norm=9.18e-01
  p=11 start 1: 283 evals, 4783.1s elapsed, c̃=0.5414179920, g_norm=2.76e+00
  p=11 start 1: 285 evals, 4817.2s elapsed, c̃=0.5508674841, g_norm=1.34e+00
  p=11 start 1: 287 evals, 4852.1s elapsed, c̃=0.5643803566, g_norm=1.37e+00
  p=11 start 1: 289 evals, 4886.6s elapsed, c̃=0.5643803566, g_norm=1.37e+00
  p=11 start 1: 291 evals, 4921.6s elapsed, c̃=0.5643803566, g_norm=1.37e+00
  p=11 start 1: 293 evals, 4956.4s elapsed, c̃=0.5643803566, g_norm=1.37e+00
  p=11 start 1: 295 evals, 4991.1s elapsed, c̃=0.5643803566, g_norm=1.37e+00
  p=11 start 1: 297 evals, 5025.2s elapsed, c̃=0.5643803566, g_norm=1.37e+00
  p=11 start 1: 299 evals, 5058.9s elapsed, c̃=0.5643803566, g_norm=1.37e+00
  p=11 start 1: 301 evals, 5093.1s elapsed, c̃=0.5643803566, g_norm=1.37e+00
  p=11 start 1: 303 evals, 5126.7s elapsed, c̃=0.5643803566, g_norm=1.37e+00
  p=11 start 1: 305 evals, 5160.9s elapsed, c̃=0.5643803566, g_norm=1.37e+00
  p=11 start 1: 307 evals, 5195.4s elapsed, c̃=0.5643803566, g_norm=1.37e+00
  p=11 start 1: 309 evals, 5228.7s elapsed, c̃=0.5643803566, g_norm=1.37e+00
slurmstepd: error: Detected 2 oom_kill events in StepId=992642.batch. Some of the step tasks have been OOM Killed.
