preserved run_id=20260403T033822-k4-d6-p13-15-r2-i320-s1234
preserved directory=/home/stephenjordan_google_com/qaoa-xorsat/scripts/../.project/results/optimization/runs/20260403T033822-k4-d6-p13-15-r2-i320-s1234
resuming from: /home/stephenjordan_google_com/qaoa-xorsat/.project/results/optimization/runs/20260401T022525-k4-d6-p12-15-r2-i320-s1234
warm-start from p=12: c̃=0.942914063317
[ Info: JIT warmup...
[ Info: JIT warmup complete, starting sweep
  p=13 start 1: 2 evals, 381.2s elapsed, c̃=0.5035014332, g_norm=7.04e-01
  p=13 start 1: 3 evals, 772.6s elapsed, c̃=0.4999747021, g_norm=1.28e-02
  p=13 start 1: 4 evals, 1184.6s elapsed, c̃=0.5012280953, g_norm=1.42e-01
  p=13 start 1: 5 evals, 1548.3s elapsed, c̃=0.5000588720, g_norm=1.31e-02
  p=13 start 1: 6 evals, 1935.2s elapsed, c̃=0.5109909953, g_norm=2.18e+00
  p=13 start 1: 7 evals, 2312.9s elapsed, c̃=0.5004360181, g_norm=9.67e-02
  p=13 start 1: 8 evals, 2708.8s elapsed, c̃=0.4995059223, g_norm=7.43e-02
  p=13 start 1: 9 evals, 3102.5s elapsed, c̃=0.5261504724, g_norm=7.31e+00
  p=13 start 1: 10 evals, 3484.7s elapsed, c̃=0.4998979539, g_norm=1.06e+00
  p=13 start 1: 11 evals, 3866.6s elapsed, c̃=0.5008789264, g_norm=1.58e-01
  p=13 start 1: 12 evals, 4257.2s elapsed, c̃=0.5005227144, g_norm=1.79e+00
  p=13 start 1: 13 evals, 4647.8s elapsed, c̃=0.4992626193, g_norm=2.14e-01
  p=13 start 1: 14 evals, 5030.7s elapsed, c̃=0.5009864397, g_norm=1.81e-01
  p=13 start 1: 15 evals, 5418.9s elapsed, c̃=0.5006662239, g_norm=1.02e-01
  p=13 start 1: 16 evals, 5821.2s elapsed, c̃=0.5110205971, g_norm=1.67e+00
  p=13 start 1: 17 evals, 6207.0s elapsed, c̃=0.5329034655, g_norm=6.93e+00
  p=13 start 1: 18 evals, 6591.8s elapsed, c̃=0.5038434966, g_norm=6.24e-01
  p=13 start 1: 19 evals, 6973.3s elapsed, c̃=0.4989296111, g_norm=1.52e-01
  p=13 start 1: 20 evals, 7361.1s elapsed, c̃=0.5003033326, g_norm=1.65e-01
  p=13 start 1: 21 evals, 7749.9s elapsed, c̃=0.4999399681, g_norm=1.32e-01
  p=13 start 1: 22 evals, 8129.3s elapsed, c̃=0.5048786822, g_norm=1.22e+00
  p=13 start 1: 23 evals, 8515.4s elapsed, c̃=0.4998194835, g_norm=1.19e-01
  p=13 start 1: 24 evals, 8921.3s elapsed, c̃=0.5024685304, g_norm=5.25e-01
  p=13 start 1: 25 evals, 9310.8s elapsed, c̃=0.5128655276, g_norm=4.08e+00
  p=13 start 1: 26 evals, 9692.3s elapsed, c̃=0.5006923968, g_norm=1.87e-01
  p=13 start 1: 27 evals, 10077.0s elapsed, c̃=0.5001876729, g_norm=1.04e-01
  p=13 start 1: 28 evals, 10473.6s elapsed, c̃=0.5003043831, g_norm=1.25e-01
  p=13 start 1: 29 evals, 10864.2s elapsed, c̃=0.5016089200, g_norm=4.01e-01
  p=13 start 1: 30 evals, 11238.6s elapsed, c̃=0.5002301111, g_norm=3.19e-01
  p=13 start 1: 31 evals, 11625.7s elapsed, c̃=0.4997860092, g_norm=2.80e-01
  p=13 start 1: 32 evals, 11992.4s elapsed, c̃=0.5002209749, g_norm=5.57e-02
  p=13 start 1: 33 evals, 12380.5s elapsed, c̃=0.5000623513, g_norm=7.92e-03
  p=13 start 1: 34 evals, 12759.3s elapsed, c̃=0.5010700326, g_norm=4.71e-01
  p=13 start 1: 35 evals, 13145.2s elapsed, c̃=0.4992231650, g_norm=1.33e-01
  p=13 start 1: 36 evals, 13535.6s elapsed, c̃=0.4999853981, g_norm=2.80e-02
  p=13 start 1: 37 evals, 13926.7s elapsed, c̃=0.4997672022, g_norm=1.34e-01
  p=13 start 1: 38 evals, 14304.2s elapsed, c̃=0.5002556280, g_norm=2.72e-02
  p=13 start 1: 39 evals, 14708.0s elapsed, c̃=0.5017703815, g_norm=6.01e-01
  p=13 start 1: 40 evals, 15105.8s elapsed, c̃=0.5039922714, g_norm=1.27e+00
  p=13 start 1: 41 evals, 15492.8s elapsed, c̃=0.5025723120, g_norm=1.89e+00
  p=13 start 1: 42 evals, 15878.3s elapsed, c̃=0.4907848626, g_norm=3.64e+00
  p=13 start 1: 43 evals, 16265.7s elapsed, c̃=0.4979763525, g_norm=6.58e+00
  p=13 start 1: 44 evals, 16684.9s elapsed, c̃=0.4989936154, g_norm=3.24e+00
  p=13 start 1: 45 evals, 17087.7s elapsed, c̃=0.5029322298, g_norm=1.76e+00
  p=13 start 1: 46 evals, 17449.3s elapsed, c̃=0.5009485017, g_norm=1.35e-01
  p=13 start 1: 47 evals, 17835.7s elapsed, c̃=0.5000304141, g_norm=1.15e-02
  p=13 start 1: 48 evals, 18218.2s elapsed, c̃=0.4997858646, g_norm=5.34e-01
  p=13 start 1: 49 evals, 18605.1s elapsed, c̃=0.4876912350, g_norm=5.18e+00
  p=13 start 1: 50 evals, 18999.0s elapsed, c̃=0.5022841312, g_norm=1.55e+00
  p=13 start 1: 51 evals, 19382.8s elapsed, c̃=0.5011323576, g_norm=4.17e-01
  p=13 start 1: 52 evals, 19771.7s elapsed, c̃=0.5111756874, g_norm=1.14e+00
  p=13 start 1: 53 evals, 20174.4s elapsed, c̃=0.4992251453, g_norm=1.21e+00
  p=13 start 1: 54 evals, 20562.8s elapsed, c̃=0.5035126792, g_norm=6.54e-01
  p=13 start 1: 55 evals, 20963.7s elapsed, c̃=0.5012331208, g_norm=2.17e-01
  p=13 start 1: 56 evals, 21333.8s elapsed, c̃=0.5013506856, g_norm=4.24e-01
  p=13 start 1: 57 evals, 21722.0s elapsed, c̃=0.5040911474, g_norm=7.06e-01
  p=13 start 1: 58 evals, 22112.9s elapsed, c̃=0.5068034053, g_norm=1.41e+00
  p=13 start 1: 59 evals, 22510.5s elapsed, c̃=0.5066200038, g_norm=1.52e+00
  p=13 start 1: 60 evals, 22892.7s elapsed, c̃=0.4970526190, g_norm=7.71e-01
  p=13 start 1: 61 evals, 23277.1s elapsed, c̃=0.5004800802, g_norm=2.87e+00
  p=13 start 1: 62 evals, 23662.3s elapsed, c̃=0.4988565419, g_norm=3.49e+00
  p=13 start 1: 63 evals, 24052.2s elapsed, c̃=0.5012126037, g_norm=2.79e-01
  p=13 start 1: 64 evals, 24433.5s elapsed, c̃=0.5008427527, g_norm=4.45e-01
  p=13 start 1: 65 evals, 24816.0s elapsed, c̃=0.5009681646, g_norm=3.80e-01
  p=13 start 1: 66 evals, 25200.4s elapsed, c̃=0.5012738487, g_norm=3.60e-01
  p=13 start 1: 67 evals, 25586.3s elapsed, c̃=0.5008881783, g_norm=1.03e+01
  p=13 start 1: 68 evals, 25979.3s elapsed, c̃=0.4952792976, g_norm=3.73e+00
  p=13 start 1: 69 evals, 26362.1s elapsed, c̃=0.4992160020, g_norm=1.44e-01
  p=13 start 1: 70 evals, 26742.6s elapsed, c̃=0.5022422359, g_norm=5.29e-01
  p=13 start 1: 71 evals, 27118.4s elapsed, c̃=0.5024086018, g_norm=1.10e+00
  p=13 start 1: 72 evals, 27504.3s elapsed, c̃=0.5050042706, g_norm=5.39e-01
  p=13 start 1: 73 evals, 27886.6s elapsed, c̃=0.5015394975, g_norm=1.92e-01
  p=13 start 1: 74 evals, 28270.0s elapsed, c̃=0.5209337984, g_norm=2.47e+00
  p=13 start 1: 75 evals, 28659.9s elapsed, c̃=0.5051593480, g_norm=9.69e-01
  p=13 start 1: 76 evals, 29050.0s elapsed, c̃=0.4999569675, g_norm=1.90e-01
  p=13 start 1: 77 evals, 29437.0s elapsed, c̃=0.4941364977, g_norm=2.53e+00
  p=13 start 1: 78 evals, 29810.1s elapsed, c̃=0.5003913812, g_norm=5.05e-01
  p=13 start 1: 79 evals, 30199.1s elapsed, c̃=0.4999867428, g_norm=5.30e-01
  p=13 start 1: 80 evals, 30581.9s elapsed, c̃=0.5433081323, g_norm=3.40e+01
  p=13 start 1: 81 evals, 30959.8s elapsed, c̃=0.4996898011, g_norm=3.26e-01
  p=13 start 1: 82 evals, 31351.4s elapsed, c̃=0.5028316541, g_norm=1.09e+00
  p=13 start 1: 83 evals, 31735.6s elapsed, c̃=0.5029465601, g_norm=4.42e-01
  p=13 start 1: 84 evals, 32118.8s elapsed, c̃=0.4998412803, g_norm=1.87e-01
  p=13 start 1: 85 evals, 32500.3s elapsed, c̃=0.5044443667, g_norm=1.84e+00
  p=13 start 1: 86 evals, 32885.9s elapsed, c̃=0.5013630734, g_norm=4.11e-01
  p=13 start 1: 87 evals, 33268.0s elapsed, c̃=0.5148136317, g_norm=3.61e+00
  p=13 start 1: 88 evals, 33666.6s elapsed, c̃=0.5433081323, g_norm=3.40e+01
  p=13 start 1: 89 evals, 34049.8s elapsed, c̃=0.5148136317, g_norm=3.61e+00
  p=13 start 1: 90 evals, 34432.1s elapsed, c̃=0.5433081323, g_norm=3.40e+01
  p=13 start 1: 91 evals, 34812.1s elapsed, c̃=0.5148136317, g_norm=3.61e+00
  p=13 start 1: 92 evals, 35200.0s elapsed, c̃=0.5433081323, g_norm=3.40e+01
  p=13 start 1: 93 evals, 35579.6s elapsed, c̃=0.5148136317, g_norm=3.61e+00
  p=13 start 1: 94 evals, 35963.6s elapsed, c̃=0.5433081323, g_norm=3.40e+01
  p=13 start 1: 95 evals, 36365.9s elapsed, c̃=0.5148136317, g_norm=3.61e+00
  p=13 start 1: 96 evals, 36725.4s elapsed, c̃=0.5433081323, g_norm=3.40e+01
  p=13 start 1: 97 evals, 37107.2s elapsed, c̃=0.5148136317, g_norm=3.61e+00
  p=13 start 1: 98 evals, 37503.7s elapsed, c̃=0.5433081323, g_norm=3.40e+01
  p=13 start 1: 99 evals, 37889.3s elapsed, c̃=0.5148136317, g_norm=3.61e+00
  p=13 start 1: 100 evals, 38273.3s elapsed, c̃=0.5433081323, g_norm=3.40e+01
  p=13 start 1: 101 evals, 38658.3s elapsed, c̃=0.5148136317, g_norm=3.61e+00
  p=13 start 1: 102 evals, 39070.5s elapsed, c̃=0.5433081323, g_norm=3.40e+01
  p=13 start 1: 103 evals, 39471.9s elapsed, c̃=0.5148136317, g_norm=3.61e+00
  p=13 start 1: 104 evals, 39864.9s elapsed, c̃=0.5433081323, g_norm=3.40e+01
  p=13 start 1: 105 evals, 40254.1s elapsed, c̃=0.5148136317, g_norm=3.61e+00
  p=13 start 1: 106 evals, 40643.3s elapsed, c̃=0.5433081323, g_norm=3.40e+01
  p=13 start 1: 107 evals, 41025.7s elapsed, c̃=0.5148136317, g_norm=3.61e+00
  p=13 start 1: 108 evals, 41409.1s elapsed, c̃=0.5433081323, g_norm=3.40e+01
  p=13 start 1: 109 evals, 41799.5s elapsed, c̃=0.5148136317, g_norm=3.61e+00
  p=13 start 1: 110 evals, 42184.9s elapsed, c̃=0.5433081323, g_norm=3.40e+01
  p=13 start 1: 111 evals, 42553.5s elapsed, c̃=0.5148136317, g_norm=3.61e+00
  p=13 start 1: 112 evals, 42933.0s elapsed, c̃=0.5433081323, g_norm=3.40e+01
  p=13 start 1: 113 evals, 43321.6s elapsed, c̃=0.5148136317, g_norm=3.61e+00
  p=13 start 1: 114 evals, 43704.7s elapsed, c̃=0.5433081323, g_norm=3.40e+01
  p=13 start 1: 115 evals, 44090.7s elapsed, c̃=0.5148136317, g_norm=3.61e+00
  p=13 start 1: 116 evals, 44483.0s elapsed, c̃=0.5433081323, g_norm=3.40e+01
  p=13 start 1: 117 evals, 44867.1s elapsed, c̃=0.5148136317, g_norm=3.61e+00
  p=13 start 1: 118 evals, 45261.2s elapsed, c̃=0.5433081323, g_norm=3.40e+01
  p=13 start 1: 119 evals, 45648.8s elapsed, c̃=0.5007718952, g_norm=1.41e-01
  p=13 start 1: 120 evals, 46036.0s elapsed, c̃=0.4999524413, g_norm=3.36e-01
  p=13 start 1: 121 evals, 46435.6s elapsed, c̃=0.5003166241, g_norm=8.13e-02
  p=13 start 1: 122 evals, 46817.3s elapsed, c̃=0.5031853779, g_norm=4.34e+00
  p=13 start 1: 123 evals, 47206.7s elapsed, c̃=0.5064748878, g_norm=1.44e+00
  p=13 start 1: 124 evals, 47597.4s elapsed, c̃=0.4995204542, g_norm=3.72e-01
  p=13 start 1: 125 evals, 47971.2s elapsed, c̃=0.4990970349, g_norm=1.21e+00
  p=13 start 1: 126 evals, 48361.7s elapsed, c̃=0.4998083504, g_norm=5.60e-02
  p=13 start 1: 127 evals, 48735.9s elapsed, c̃=0.5026747188, g_norm=4.25e-01
  p=13 start 1: 128 evals, 49099.4s elapsed, c̃=0.5010030313, g_norm=2.45e-01
  p=13 start 1: 129 evals, 49485.8s elapsed, c̃=0.5003301972, g_norm=3.81e-01
  p=13 start 1: 130 evals, 49870.4s elapsed, c̃=0.5013066565, g_norm=1.53e+00
  p=13 start 1: 131 evals, 50266.9s elapsed, c̃=0.5072150263, g_norm=9.57e-01
  p=13 start 1: 132 evals, 50645.2s elapsed, c̃=0.4999925486, g_norm=1.93e-01
  p=13 start 1: 133 evals, 51018.9s elapsed, c̃=0.4999069259, g_norm=2.00e-01
  p=13 start 1: 134 evals, 51393.9s elapsed, c̃=0.5005544368, g_norm=5.46e-01
  p=13 start 1: 135 evals, 51775.3s elapsed, c̃=0.4945428062, g_norm=5.60e-01
  p=13 start 1: 136 evals, 52171.9s elapsed, c̃=0.5005856593, g_norm=1.00e+00
  p=13 start 1: 137 evals, 52553.8s elapsed, c̃=0.4951889474, g_norm=5.19e-01
  p=13 start 1: 138 evals, 52936.2s elapsed, c̃=0.5014078704, g_norm=7.82e-01
  p=13 start 1: 139 evals, 53329.6s elapsed, c̃=0.4996149978, g_norm=2.91e-01
  p=13 start 1: 140 evals, 53710.5s elapsed, c̃=0.5065569527, g_norm=6.70e-01
  p=13 start 1: 141 evals, 54107.7s elapsed, c̃=0.5025389718, g_norm=4.59e-01
  p=13 start 1: 142 evals, 54490.5s elapsed, c̃=0.5010435883, g_norm=4.45e-01
  p=13 start 1: 143 evals, 54879.2s elapsed, c̃=0.5008807085, g_norm=7.67e-01
  p=13 start 1: 144 evals, 55258.0s elapsed, c̃=0.4998019134, g_norm=4.32e-01
  p=13 start 1: 145 evals, 55645.3s elapsed, c̃=0.4946021264, g_norm=7.83e-01
  p=13 start 1: 146 evals, 56042.3s elapsed, c̃=0.4991533064, g_norm=1.09e+00
  p=13 start 1: 147 evals, 56441.2s elapsed, c̃=0.5179475340, g_norm=6.34e+00
  p=13 start 1: 148 evals, 56824.3s elapsed, c̃=0.4983461873, g_norm=4.79e-01
  p=13 start 1: 149 evals, 57212.4s elapsed, c̃=0.5044490705, g_norm=1.18e+00
  p=13 start 1: 150 evals, 57600.9s elapsed, c̃=0.5092125855, g_norm=1.37e+00
  p=13 start 1: 151 evals, 57991.6s elapsed, c̃=0.5040310838, g_norm=2.43e+00
  p=13 start 1: 152 evals, 58393.0s elapsed, c̃=0.5006819255, g_norm=4.74e-01
  p=13 start 1: 153 evals, 58785.8s elapsed, c̃=0.5002509801, g_norm=5.03e-02
  p=13 start 1: 154 evals, 59172.2s elapsed, c̃=0.5000046195, g_norm=1.03e-01
  p=13 start 1: 155 evals, 59562.0s elapsed, c̃=0.5052455885, g_norm=9.10e-01
  p=13 start 1: 156 evals, 59947.9s elapsed, c̃=0.5006526862, g_norm=5.11e-01
  p=13 start 1: 157 evals, 60344.8s elapsed, c̃=0.5025315014, g_norm=5.63e-01
  p=13 start 1: 158 evals, 60730.1s elapsed, c̃=0.5006489862, g_norm=2.49e-01
  p=13 start 1: 159 evals, 61109.5s elapsed, c̃=0.5004083084, g_norm=1.37e-01
  p=13 start 1: 160 evals, 61503.2s elapsed, c̃=0.4997675261, g_norm=1.12e+00
  p=13 start 1: 161 evals, 61903.0s elapsed, c̃=0.5001380618, g_norm=1.42e-02
  p=13 start 1: 162 evals, 62286.9s elapsed, c̃=0.5007351152, g_norm=1.41e-01
  p=13 start 1: 163 evals, 62689.4s elapsed, c̃=0.5028076155, g_norm=3.83e-01
  p=13 start 1: 164 evals, 63062.3s elapsed, c̃=0.5019706135, g_norm=9.35e-01
  p=13 start 1: 165 evals, 63449.8s elapsed, c̃=0.5007707635, g_norm=3.11e-01
  p=13 start 1: 166 evals, 63833.5s elapsed, c̃=0.5010034608, g_norm=5.45e-01
  p=13 start 1: 167 evals, 64227.3s elapsed, c̃=0.5001389952, g_norm=4.24e-02
  p=13 start 1: 168 evals, 64606.8s elapsed, c̃=0.5005060958, g_norm=1.23e-01
  p=13 start 1: 169 evals, 64995.0s elapsed, c̃=0.5000080152, g_norm=4.45e-02
  p=13 start 1: 170 evals, 65388.6s elapsed, c̃=0.4998152246, g_norm=4.24e-02
  p=13 start 1: 171 evals, 65775.9s elapsed, c̃=0.5011798016, g_norm=7.60e-01
  p=13 start 1: 172 evals, 66168.7s elapsed, c̃=0.5017934053, g_norm=3.40e-01
  p=13 start 1: 173 evals, 66555.2s elapsed, c̃=0.5059868641, g_norm=1.39e+00
  p=13 start 1: 174 evals, 66942.0s elapsed, c̃=0.4984796630, g_norm=3.65e-01
  p=13 start 1: 175 evals, 67330.0s elapsed, c̃=0.4977530869, g_norm=2.62e-01
  p=13 start 1: 176 evals, 67715.2s elapsed, c̃=0.5004852013, g_norm=8.54e-02
  p=13 start 1: 177 evals, 68103.3s elapsed, c̃=0.5005703483, g_norm=6.55e-01
  p=13 start 1: 178 evals, 68486.0s elapsed, c̃=0.5074019797, g_norm=2.09e+00
  p=13 start 1: 179 evals, 68855.2s elapsed, c̃=0.5037839714, g_norm=5.22e-01
  p=13 start 1: 180 evals, 69244.3s elapsed, c̃=0.5000673126, g_norm=4.28e-02
  p=13 start 1: 181 evals, 69617.9s elapsed, c̃=0.5005734682, g_norm=4.40e-01
  p=13 start 1: 182 evals, 70017.4s elapsed, c̃=0.4994160657, g_norm=5.85e-02
  p=13 start 1: 183 evals, 70407.2s elapsed, c̃=0.4982432875, g_norm=3.27e+00
  p=13 start 1: 184 evals, 70797.1s elapsed, c̃=0.5009472785, g_norm=1.45e-01
  p=13 start 1: 185 evals, 71185.2s elapsed, c̃=0.5001890209, g_norm=1.40e+00
  p=13 start 1: 186 evals, 71567.2s elapsed, c̃=0.5039964790, g_norm=2.60e+00
  p=13 start 1: 187 evals, 71977.3s elapsed, c̃=0.5017175065, g_norm=4.97e-01
  p=13 start 1: 188 evals, 72327.5s elapsed, c̃=0.5009698072, g_norm=1.19e-01
  p=13 start 1: 189 evals, 72705.7s elapsed, c̃=0.5056601330, g_norm=1.04e+00
  p=13 start 1: 190 evals, 73094.9s elapsed, c̃=0.4986162572, g_norm=1.23e+00
  p=13 start 1: 191 evals, 73482.6s elapsed, c̃=0.5000486402, g_norm=1.34e+00
  p=13 start 1: 192 evals, 73864.5s elapsed, c̃=0.4995910440, g_norm=7.80e-02
  p=13 start 1: 193 evals, 74254.1s elapsed, c̃=0.4955888091, g_norm=2.91e+00
  p=13 start 1: 194 evals, 74636.6s elapsed, c̃=0.5000208374, g_norm=2.67e+00
  p=13 start 1: 195 evals, 75022.5s elapsed, c̃=0.4949818580, g_norm=2.22e+00
  p=13 start 1: 196 evals, 75420.6s elapsed, c̃=0.5056284296, g_norm=4.55e+00
  p=13 start 1: 197 evals, 75790.8s elapsed, c̃=0.5008002241, g_norm=3.70e-01
  p=13 start 1: 198 evals, 76191.0s elapsed, c̃=0.5433081323, g_norm=3.40e+01
  p=13 start 1: 199 evals, 76577.6s elapsed, c̃=0.5008002241, g_norm=3.70e-01
  p=13 start 1: 200 evals, 76963.1s elapsed, c̃=0.5038015339, g_norm=4.41e+00
  p=13 start 1: 201 evals, 77355.2s elapsed, c̃=0.5433081323, g_norm=3.40e+01
  p=13 start 1: 202 evals, 77713.3s elapsed, c̃=0.5038015339, g_norm=4.41e+00
  p=13 start 1: 203 evals, 78097.2s elapsed, c̃=0.5433081323, g_norm=3.40e+01
  p=13 start 1: 204 evals, 78480.5s elapsed, c̃=0.5038015339, g_norm=4.41e+00
  p=13 start 1: 205 evals, 78868.1s elapsed, c̃=0.5433081323, g_norm=3.40e+01
  p=13 start 1: 206 evals, 79249.6s elapsed, c̃=0.5038015339, g_norm=4.41e+00
  p=13 start 1: 207 evals, 79636.1s elapsed, c̃=0.5433081323, g_norm=3.40e+01
  p=13 start 1: 208 evals, 80017.9s elapsed, c̃=0.5038015339, g_norm=4.41e+00
  p=13 start 1: 209 evals, 80414.9s elapsed, c̃=0.5433081323, g_norm=3.40e+01
  p=13 start 1: 210 evals, 80781.2s elapsed, c̃=0.5038015339, g_norm=4.41e+00
  p=13 start 1: 211 evals, 81151.2s elapsed, c̃=0.5433081323, g_norm=3.40e+01
  p=13 start 1: 212 evals, 81574.9s elapsed, c̃=0.5038015339, g_norm=4.41e+00
  p=13 start 1: 213 evals, 81970.1s elapsed, c̃=0.5433081323, g_norm=3.40e+01
  p=13 start 1: 214 evals, 82341.4s elapsed, c̃=0.5038015339, g_norm=4.41e+00
  p=13 start 1: 215 evals, 82726.4s elapsed, c̃=0.5433081323, g_norm=3.40e+01
  p=13 start 1: 216 evals, 83114.7s elapsed, c̃=0.5038015339, g_norm=4.41e+00
  p=13 start 1: 217 evals, 83496.1s elapsed, c̃=0.5433081323, g_norm=3.40e+01
  p=13 start 1: 218 evals, 83887.8s elapsed, c̃=0.5038015339, g_norm=4.41e+00
  p=13 start 1: 219 evals, 84279.2s elapsed, c̃=0.5433081323, g_norm=3.40e+01
  p=13 start 1: 220 evals, 84668.6s elapsed, c̃=0.5038015339, g_norm=4.41e+00
  p=13 start 1: 221 evals, 85053.9s elapsed, c̃=0.5433081323, g_norm=3.40e+01
  p=13 start 1: 222 evals, 85428.0s elapsed, c̃=0.5038015339, g_norm=4.41e+00
  p=13 start 1: 2 evals, 379.4s elapsed, c̃=0.5433081323, g_norm=3.40e+01
  p=13 start 1: 3 evals, 766.8s elapsed, c̃=0.4996778582, g_norm=1.96e-01
  p=13 start 1: 4 evals, 1145.5s elapsed, c̃=0.4996882105, g_norm=2.00e-01
  p=13 start 1: 5 evals, 1528.4s elapsed, c̃=0.5000000000, g_norm=3.67e-11
  p=13 start 1: 6 evals, 1920.9s elapsed, c̃=0.4999999299, g_norm=4.18e-06
  p=13 start 1: 7 evals, 2307.5s elapsed, c̃=0.4999999839, g_norm=3.25e-06
  p=13 start 1: 8 evals, 2695.3s elapsed, c̃=0.4999999827, g_norm=4.41e-06
  p=13 start 1: 9 evals, 3087.2s elapsed, c̃=0.4999915915, g_norm=4.91e-03
  p=13 start 1: 10 evals, 3502.6s elapsed, c̃=0.5002889087, g_norm=4.42e-02
  p=13 start 1: 11 evals, 3890.7s elapsed, c̃=0.4999008736, g_norm=3.37e-02
  p=13 start 1: 12 evals, 4298.3s elapsed, c̃=0.4982850255, g_norm=4.22e-01
  p=13 start 1: 13 evals, 4683.4s elapsed, c̃=0.5010526515, g_norm=2.17e-01
  p=13 start 1: 14 evals, 5071.5s elapsed, c̃=0.5124746944, g_norm=5.34e+00
  p=13 start 1: 15 evals, 5455.2s elapsed, c̃=0.5003608619, g_norm=5.95e-02
  p=13 start 1: 16 evals, 5841.8s elapsed, c̃=0.5003993372, g_norm=3.91e-02
  p=13 start 1: 17 evals, 6230.2s elapsed, c̃=0.5014820929, g_norm=3.76e-01
  p=13 start 1: 18 evals, 6620.5s elapsed, c̃=0.5019260423, g_norm=2.86e-01
  p=13 start 1: 19 evals, 7003.2s elapsed, c̃=0.5010230721, g_norm=5.15e+00
  p=13 start 1: 20 evals, 7398.2s elapsed, c̃=0.4996077388, g_norm=3.73e-01
  p=13 start 1: 21 evals, 7789.8s elapsed, c̃=0.5014499228, g_norm=3.82e-01
  p=13 start 1: 22 evals, 8179.0s elapsed, c̃=0.5014449356, g_norm=3.09e-01
  p=13 start 1: 23 evals, 8561.0s elapsed, c̃=0.5065294301, g_norm=5.24e+00
  p=13 start 1: 24 evals, 8947.2s elapsed, c̃=0.5018036573, g_norm=4.54e-01
  p=13 start 1: 25 evals, 9331.9s elapsed, c̃=0.4996968031, g_norm=2.61e-01
  p=13 start 1: 26 evals, 9718.0s elapsed, c̃=0.5015949530, g_norm=4.80e-01
  p=13 start 1: 27 evals, 10101.3s elapsed, c̃=0.5001126167, g_norm=1.02e-01
  p=13 start 1: 28 evals, 10467.2s elapsed, c̃=0.5018284464, g_norm=3.96e-01
  p=13 start 1: 29 evals, 10872.0s elapsed, c̃=0.4993852191, g_norm=7.06e-01
  p=13 start 1: 30 evals, 11262.8s elapsed, c̃=0.5028072074, g_norm=4.29e+00
  p=13 start 1: 31 evals, 11647.2s elapsed, c̃=0.5008811396, g_norm=7.97e-01
  p=13 start 1: 32 evals, 12032.2s elapsed, c̃=0.5027446547, g_norm=6.52e-01
  p=13 start 1: 33 evals, 12417.8s elapsed, c̃=0.5011422355, g_norm=1.64e-01
  p=13 start 1: 34 evals, 12801.2s elapsed, c̃=0.5005707452, g_norm=2.31e+00
  p=13 start 1: 35 evals, 13188.2s elapsed, c̃=0.5013788855, g_norm=5.00e-01
  p=13 start 1: 36 evals, 13563.5s elapsed, c̃=0.5006892958, g_norm=5.21e-01
  p=13 start 1: 37 evals, 13968.9s elapsed, c̃=0.5006447290, g_norm=1.29e+00
  p=13 start 1: 38 evals, 14352.8s elapsed, c̃=0.5035018511, g_norm=1.43e+00
  p=13 start 1: 39 evals, 14742.7s elapsed, c̃=0.5036472812, g_norm=4.68e-01
  p=13 start 1: 40 evals, 15129.0s elapsed, c̃=0.5000037661, g_norm=1.15e-02
  p=13 start 1: 41 evals, 15526.8s elapsed, c̃=0.4999936984, g_norm=2.97e-02
  p=13 start 1: 42 evals, 15908.3s elapsed, c̃=0.5004168809, g_norm=2.16e-01
  p=13 start 1: 43 evals, 16287.5s elapsed, c̃=0.5013237617, g_norm=2.48e-01
  p=13 start 1: 44 evals, 16683.5s elapsed, c̃=0.5002149800, g_norm=4.28e-02
  p=13 start 1: 45 evals, 17069.1s elapsed, c̃=0.5000577925, g_norm=2.38e-02
  p=13 start 1: 46 evals, 17454.5s elapsed, c̃=0.5009697050, g_norm=1.06e-01
  p=13 start 1: 47 evals, 17819.8s elapsed, c̃=0.4998006357, g_norm=3.43e-01
  p=13 start 1: 48 evals, 18203.8s elapsed, c̃=0.5001415775, g_norm=5.21e-02
  p=13 start 1: 49 evals, 18594.2s elapsed, c̃=0.5020934309, g_norm=5.67e-01
  p=13 start 1: 50 evals, 18969.4s elapsed, c̃=0.4977224299, g_norm=1.81e+00
  p=13 start 1: 51 evals, 19340.9s elapsed, c̃=0.4954555950, g_norm=8.84e-01
  p=13 start 1: 52 evals, 19725.7s elapsed, c̃=0.5001153694, g_norm=3.16e-01
  p=13 start 1: 53 evals, 20107.5s elapsed, c̃=0.5093307614, g_norm=2.13e+00
  p=13 start 1: 54 evals, 20503.6s elapsed, c̃=0.4975078637, g_norm=3.03e+00
  p=13 start 1: 55 evals, 20884.4s elapsed, c̃=0.5062230117, g_norm=9.26e-01
  p=13 start 1: 56 evals, 21269.7s elapsed, c̃=0.5003608820, g_norm=1.55e-01
  p=13 start 1: 57 evals, 21658.3s elapsed, c̃=0.5041769125, g_norm=6.62e-01
  p=13 start 1: 58 evals, 22065.3s elapsed, c̃=0.4991539063, g_norm=4.28e-01
  p=13 start 1: 59 evals, 22439.4s elapsed, c̃=0.5001061135, g_norm=2.37e-02
  p=13 start 1: 60 evals, 22833.8s elapsed, c̃=0.4997061218, g_norm=3.41e-02
  p=13 start 1: 61 evals, 23221.1s elapsed, c̃=0.5048163774, g_norm=1.24e+00
  p=13 start 1: 62 evals, 23603.9s elapsed, c̃=0.4999763894, g_norm=3.50e-03
  p=13 start 1: 63 evals, 23993.9s elapsed, c̃=0.5001145355, g_norm=1.78e-01
  p=13 start 1: 64 evals, 24379.1s elapsed, c̃=0.4995966832, g_norm=6.60e-01
  p=13 start 1: 65 evals, 24774.4s elapsed, c̃=0.5001034697, g_norm=7.62e-02
  p=13 start 1: 66 evals, 25145.5s elapsed, c̃=0.5013117595, g_norm=9.27e-01
  p=13 start 1: 67 evals, 25525.7s elapsed, c̃=0.5024093995, g_norm=3.06e-01
  p=13 start 1: 68 evals, 25909.8s elapsed, c̃=0.5004310978, g_norm=4.19e-01
  p=13 start 1: 69 evals, 26295.6s elapsed, c̃=0.5074423029, g_norm=7.69e-01
  p=13 start 1: 70 evals, 26685.7s elapsed, c̃=0.5008744933, g_norm=8.18e-01
  p=13 start 1: 71 evals, 27073.5s elapsed, c̃=0.5020670094, g_norm=9.45e-01
  p=13 start 1: 72 evals, 27457.9s elapsed, c̃=0.5002405420, g_norm=1.40e-01
  p=13 start 1: 73 evals, 27845.9s elapsed, c̃=0.5004545009, g_norm=4.32e-01
  p=13 start 1: 74 evals, 28233.7s elapsed, c̃=0.5049644838, g_norm=5.02e+00
  p=13 start 1: 75 evals, 28612.7s elapsed, c̃=0.4998607826, g_norm=7.35e-02
  p=13 start 1: 76 evals, 29004.5s elapsed, c̃=0.5008289543, g_norm=5.97e+00
  p=13 start 1: 77 evals, 29382.6s elapsed, c̃=0.4985909003, g_norm=5.09e-01
  p=13 start 1: 78 evals, 29770.2s elapsed, c̃=0.5035969613, g_norm=1.44e+00
  p=13 start 1: 79 evals, 30155.0s elapsed, c̃=0.5017112790, g_norm=2.77e-01
  p=13 start 1: 80 evals, 30537.2s elapsed, c̃=0.5225314233, g_norm=9.19e+00
  p=13 start 1: 81 evals, 30919.4s elapsed, c̃=0.4988262165, g_norm=1.03e+00
  p=13 start 1: 82 evals, 31310.5s elapsed, c̃=0.5005981533, g_norm=4.51e-01
  p=13 start 1: 83 evals, 31699.7s elapsed, c̃=0.5000718204, g_norm=1.61e-01
  p=13 start 1: 84 evals, 32083.4s elapsed, c̃=0.5031006380, g_norm=7.34e-01
  p=13 start 1: 85 evals, 32464.6s elapsed, c̃=0.5025940299, g_norm=7.78e-01
  p=13 start 1: 86 evals, 32852.3s elapsed, c̃=0.5040356203, g_norm=3.16e+00
  p=13 start 1: 87 evals, 33237.4s elapsed, c̃=0.4985964566, g_norm=2.06e-01
  p=13 start 1: 88 evals, 33620.4s elapsed, c̃=0.4852872516, g_norm=1.80e+01
  p=13 start 1: 89 evals, 34002.8s elapsed, c̃=0.5051193660, g_norm=1.99e+01
  p=13 start 1: 90 evals, 34392.0s elapsed, c̃=0.5011609322, g_norm=2.01e+00
  p=13 start 1: 91 evals, 34801.7s elapsed, c̃=0.5084937176, g_norm=2.37e+00
  p=13 start 1: 92 evals, 35189.0s elapsed, c̃=0.5064270364, g_norm=1.73e+00
  p=13 start 1: 93 evals, 35575.7s elapsed, c̃=0.5022108293, g_norm=3.34e-01
  p=13 start 1: 94 evals, 35962.8s elapsed, c̃=0.5042716353, g_norm=1.63e+00
  p=13 start 1: 95 evals, 36328.8s elapsed, c̃=0.5043776800, g_norm=2.41e+01
  p=13 start 1: 96 evals, 36705.5s elapsed, c̃=0.5006650352, g_norm=2.78e+00
  p=13 start 1: 97 evals, 37088.5s elapsed, c̃=0.5026374910, g_norm=1.08e+00
  p=13 start 1: 98 evals, 37475.8s elapsed, c̃=0.5141307775, g_norm=3.47e+00
  p=13 start 1: 99 evals, 37865.1s elapsed, c̃=0.5172359097, g_norm=2.71e+01
  p=13 start 1: 100 evals, 38248.9s elapsed, c̃=0.5433081323, g_norm=3.40e+01
  p=13 start 1: 101 evals, 38639.6s elapsed, c̃=0.5172359097, g_norm=2.71e+01
  p=13 start 1: 102 evals, 39031.8s elapsed, c̃=0.5433081323, g_norm=3.40e+01
  p=13 start 1: 103 evals, 39429.9s elapsed, c̃=0.5172359097, g_norm=2.71e+01
  p=13 start 1: 104 evals, 39817.1s elapsed, c̃=0.5433081323, g_norm=3.40e+01
  p=13 start 1: 105 evals, 40194.3s elapsed, c̃=0.5172359097, g_norm=2.71e+01
  p=13 start 1: 106 evals, 40582.5s elapsed, c̃=0.5433081323, g_norm=3.40e+01
  p=13 start 1: 107 evals, 40982.2s elapsed, c̃=0.5172359097, g_norm=2.71e+01
  p=13 start 1: 108 evals, 41359.2s elapsed, c̃=0.5433081323, g_norm=3.40e+01
  p=13 start 1: 109 evals, 41725.2s elapsed, c̃=0.5172359097, g_norm=2.71e+01
  p=13 start 1: 110 evals, 42111.4s elapsed, c̃=0.5433081323, g_norm=3.40e+01
  p=13 start 1: 111 evals, 42499.1s elapsed, c̃=0.5172359097, g_norm=2.71e+01
  p=13 start 1: 112 evals, 42879.8s elapsed, c̃=0.5433081323, g_norm=3.40e+01
  p=13 start 1: 113 evals, 43252.0s elapsed, c̃=0.5172359097, g_norm=2.71e+01
  p=13 start 1: 114 evals, 43634.1s elapsed, c̃=0.5433081323, g_norm=3.40e+01
  p=13 start 1: 115 evals, 44018.8s elapsed, c̃=0.5172359097, g_norm=2.71e+01
  p=13 start 1: 116 evals, 44399.5s elapsed, c̃=0.5433081323, g_norm=3.40e+01
  p=13 start 1: 117 evals, 44781.9s elapsed, c̃=0.5172359097, g_norm=2.71e+01
  p=13 start 1: 118 evals, 45170.3s elapsed, c̃=0.5433081323, g_norm=3.40e+01
  p=13 start 1: 119 evals, 45558.6s elapsed, c̃=0.5172359097, g_norm=2.71e+01
/var/spool/slurmd/job992638/slurm_script: line 52: 13821 Killed                  julia --project=. -t "$THREADS" scripts/optimize_qaoa.jl "$CONFIG"
slurmstepd: error: Detected 1 oom_kill event in StepId=992638.batch. Some of the step tasks have been OOM Killed.
