preserved run_id=20260408T041917-k3-d5-p14-15-r2-i1280-s1234
preserved directory=/home/stephenjordan_google_com/qaoa-xorsat/scripts/../.project/results/optimization/runs/20260408T041917-k3-d5-p14-15-r2-i1280-s1234
resuming from: /home/stephenjordan_google_com/qaoa-xorsat/scripts/../experiments/warmstart/ws-k3d5
warm-start from p=13: c̃=0.842939019160
[ Info: JIT warmup...
[ Info: JIT warmup complete, starting sweep
  p=14 start 1: 2 evals, 1664.0s elapsed, c̃=0.8315295997, g_norm=3.27e-01
  p=14 start 1: 3 evals, 3476.3s elapsed, c̃=0.5787277363, g_norm=4.41e-01
  p=14 start 1: 4 evals, 5247.4s elapsed, c̃=0.7129703345, g_norm=5.59e-01
  p=14 start 1: 5 evals, 7013.8s elapsed, c̃=0.8136152042, g_norm=3.81e-01
  p=14 start 1: 6 evals, 8756.7s elapsed, c̃=0.8346916374, g_norm=3.27e-01
  p=14 start 1: 7 evals, 10400.2s elapsed, c̃=0.8343241490, g_norm=1.98e-01
  p=14 start 1: 8 evals, 12204.5s elapsed, c̃=0.8382189443, g_norm=1.92e-01
  p=14 start 1: 9 evals, 13841.9s elapsed, c̃=0.8400231811, g_norm=1.79e-01
  p=14 start 1: 10 evals, 15568.9s elapsed, c̃=0.8381455931, g_norm=2.31e-01
  p=14 start 1: 11 evals, 17381.7s elapsed, c̃=0.8408662441, g_norm=2.31e-01
  p=14 start 1: 12 evals, 19116.3s elapsed, c̃=0.8424816783, g_norm=3.45e-01
  p=14 start 1: 13 evals, 20867.7s elapsed, c̃=0.8377614742, g_norm=2.78e-01
  p=14 start 1: 14 evals, 22671.3s elapsed, c̃=0.8422724609, g_norm=2.39e-01
  p=14 start 1: 15 evals, 24502.6s elapsed, c̃=0.8187704628, g_norm=3.23e-01
  p=14 start 1: 16 evals, 26296.0s elapsed, c̃=0.8312283407, g_norm=2.65e-01
  p=14 start 1: 17 evals, 28124.6s elapsed, c̃=0.8369455894, g_norm=2.21e-01
  p=14 start 1: 18 evals, 29883.2s elapsed, c̃=0.8347167400, g_norm=1.42e-01
  p=14 start 1: 19 evals, 31682.8s elapsed, c̃=0.8383699593, g_norm=1.74e-01
  p=14 start 1: 20 evals, 33433.4s elapsed, c̃=0.8406985050, g_norm=1.65e-01
  p=14 start 1: 21 evals, 35131.2s elapsed, c̃=0.8367436686, g_norm=1.45e-01
  p=14 start 1: 22 evals, 36905.2s elapsed, c̃=0.8378869723, g_norm=2.36e-01
  p=14 start 1: 23 evals, 38611.4s elapsed, c̃=0.8390417271, g_norm=3.23e-01
  p=14 start 1: 24 evals, 40345.7s elapsed, c̃=0.8338659213, g_norm=3.10e-01
  p=14 start 1: 25 evals, 42216.1s elapsed, c̃=0.8389899086, g_norm=3.85e-01
  p=14 start 1: 26 evals, 43985.1s elapsed, c̃=0.8374355198, g_norm=2.30e-01
  p=14 start 1: 27 evals, 45765.7s elapsed, c̃=0.8366733030, g_norm=4.26e-01
  p=14 start 1: 28 evals, 47625.2s elapsed, c̃=0.8361169309, g_norm=2.34e-01
  p=14 start 1: 29 evals, 49388.7s elapsed, c̃=0.8374913035, g_norm=1.80e-01
  p=14 start 1: 30 evals, 51089.6s elapsed, c̃=0.8377141326, g_norm=1.62e-01
  p=14 start 1: 31 evals, 52768.0s elapsed, c̃=0.8406213676, g_norm=1.88e-01
  p=14 start 1: 32 evals, 54567.1s elapsed, c̃=0.8402354672, g_norm=1.86e-01
  p=14 start 1: 33 evals, 56336.9s elapsed, c̃=0.8362315577, g_norm=2.86e-01
  p=14 start 1: 34 evals, 58116.5s elapsed, c̃=0.8368995527, g_norm=1.69e-01
  p=14 start 1: 35 evals, 59920.1s elapsed, c̃=0.8383358897, g_norm=3.01e-01
  p=14 start 1: 36 evals, 61698.0s elapsed, c̃=0.8374402717, g_norm=1.85e-01
  p=14 start 1: 37 evals, 63464.2s elapsed, c̃=0.8435134787, g_norm=1.58e-01
  p=14 start 1: 38 evals, 65322.7s elapsed, c̃=0.8370515838, g_norm=2.26e-01
  p=14 start 1: 39 evals, 67087.0s elapsed, c̃=0.8417047296, g_norm=1.72e-01
  p=14 start 1: 40 evals, 68757.9s elapsed, c̃=0.8322383736, g_norm=1.98e-01
  p=14 start 1: 41 evals, 70497.7s elapsed, c̃=0.8371904039, g_norm=3.76e-01
  p=14 start 1: 42 evals, 72254.3s elapsed, c̃=0.8354075967, g_norm=1.71e-01
  p=14 start 1: 43 evals, 74003.5s elapsed, c̃=0.8394176271, g_norm=2.38e-01
  p=14 start 1: 44 evals, 75812.7s elapsed, c̃=0.8382931950, g_norm=1.88e-01
  p=14 start 1: 45 evals, 77573.9s elapsed, c̃=0.8409250406, g_norm=1.71e-01
  p=14 start 1: 46 evals, 79404.1s elapsed, c̃=0.8384455925, g_norm=2.07e-01
  p=14 start 1: 47 evals, 81185.3s elapsed, c̃=0.8441384304, g_norm=3.98e-01
  p=14 start 1: 48 evals, 82968.4s elapsed, c̃=0.8366560358, g_norm=1.91e-01
  p=14 start 1: 49 evals, 84833.0s elapsed, c̃=0.8418028088, g_norm=2.91e-01
  p=14 start 1: 50 evals, 86559.7s elapsed, c̃=0.8455794326, g_norm=2.57e-01
  p=14 start 1: 51 evals, 88212.3s elapsed, c̃=0.8423649561, g_norm=2.53e-01
  p=14 start 1: 52 evals, 89975.2s elapsed, c̃=0.8404642044, g_norm=1.46e-01
  p=14 start 1: 53 evals, 91744.2s elapsed, c̃=0.8390038568, g_norm=1.46e-01
  p=14 start 1: 54 evals, 93524.2s elapsed, c̃=0.8378513256, g_norm=1.31e-01
  p=14 start 1: 55 evals, 95309.4s elapsed, c̃=0.8367715096, g_norm=1.92e-01
  p=14 start 1: 56 evals, 96946.1s elapsed, c̃=0.8371720558, g_norm=1.49e-01
  p=14 start 1: 57 evals, 98691.3s elapsed, c̃=0.8372935104, g_norm=1.81e-01
  p=14 start 1: 58 evals, 100502.2s elapsed, c̃=0.8385479134, g_norm=1.49e-01
  p=14 start 1: 59 evals, 102280.4s elapsed, c̃=0.8394750902, g_norm=2.35e-01
  p=14 start 1: 60 evals, 104020.9s elapsed, c̃=0.8377086056, g_norm=2.29e-01
  p=14 start 1: 61 evals, 105811.4s elapsed, c̃=0.8404524041, g_norm=2.91e-01
  p=14 start 1: 62 evals, 107581.3s elapsed, c̃=0.8376602962, g_norm=2.26e-01
  p=14 start 1: 63 evals, 109348.5s elapsed, c̃=0.8392455977, g_norm=1.79e-01
  p=14 start 1: 64 evals, 111061.9s elapsed, c̃=0.8365066055, g_norm=1.47e-01
  p=14 start 1: 65 evals, 112843.2s elapsed, c̃=0.8344641290, g_norm=1.26e-01
  p=14 start 1: 66 evals, 114689.4s elapsed, c̃=0.8428038293, g_norm=2.18e-01
  p=14 start 1: 67 evals, 116498.7s elapsed, c̃=0.8446092277, g_norm=3.67e-01
  p=14 start 1: 68 evals, 118312.2s elapsed, c̃=0.8406635886, g_norm=1.82e-01
  p=14 start 1: 69 evals, 120087.6s elapsed, c̃=0.8429584374, g_norm=1.93e-01
  p=14 start 1: 70 evals, 121824.6s elapsed, c̃=0.8364298085, g_norm=2.37e-01
  p=14 start 1: 71 evals, 123596.1s elapsed, c̃=0.8409944410, g_norm=1.95e-01
  p=14 start 1: 72 evals, 125314.8s elapsed, c̃=0.8386154962, g_norm=3.53e-01
  p=14 start 1: 73 evals, 127060.8s elapsed, c̃=0.8402210645, g_norm=1.45e-01
  p=14 start 1: 74 evals, 128853.7s elapsed, c̃=0.8360709644, g_norm=2.88e-01
  p=14 start 1: 75 evals, 130664.9s elapsed, c̃=0.8365035785, g_norm=3.00e-01
  p=14 start 1: 76 evals, 132405.0s elapsed, c̃=0.8396092714, g_norm=2.77e-01
  p=14 start 1: 77 evals, 134209.0s elapsed, c̃=0.8412808143, g_norm=1.94e-01
  p=14 start 1: 78 evals, 136048.2s elapsed, c̃=0.8381248989, g_norm=1.74e-01
  p=14 start 1: 79 evals, 137719.9s elapsed, c̃=0.8383463292, g_norm=3.07e-01
  p=14 start 1: 80 evals, 139495.3s elapsed, c̃=0.8417505657, g_norm=1.66e-01
  p=14 start 1: 81 evals, 141262.9s elapsed, c̃=0.8413188516, g_norm=3.67e-01
  p=14 start 1: 82 evals, 143008.3s elapsed, c̃=0.8329351684, g_norm=2.05e-01
  p=14 start 1: 83 evals, 144758.8s elapsed, c̃=0.8381547781, g_norm=2.71e-01
  p=14 start 1: 84 evals, 146456.2s elapsed, c̃=0.8391507883, g_norm=1.98e-01
  p=14 start 1: 85 evals, 148250.8s elapsed, c̃=0.8373950662, g_norm=1.63e-01
  p=14 start 1: 86 evals, 150032.7s elapsed, c̃=0.8360338910, g_norm=2.90e-01
  p=14 start 1: 87 evals, 151773.4s elapsed, c̃=0.8366435804, g_norm=2.35e-01
  p=14 start 1: 88 evals, 153568.0s elapsed, c̃=0.8414701422, g_norm=2.18e-01
  p=14 start 1: 89 evals, 155235.2s elapsed, c̃=0.8368202833, g_norm=2.45e-01
  p=14 start 1: 90 evals, 156984.1s elapsed, c̃=0.8406325598, g_norm=3.37e-01
slurmstepd: error: *** JOB 1098084 ON swift-c3dnodeset-2 CANCELLED AT 2026-04-10T00:22:08 ***
