preserved run_id=20260403T034418-k4-d8-p11-15-r2-i320-s1234
preserved directory=/home/stephenjordan_google_com/qaoa-xorsat/scripts/../.project/results/optimization/runs/20260403T034418-k4-d8-p11-15-r2-i320-s1234
resuming from: /home/stephenjordan_google_com/qaoa-xorsat/.project/results/optimization/runs/20260331T232833-k4-d8-p1-15-r2-i320-s1234
warm-start from p=10: c̃=0.797071253550
[ Info: JIT warmup...
[ Info: JIT warmup complete, starting sweep
  p=11 start 1: 3 evals, 34.0s elapsed, c̃=0.4993827202, g_norm=1.60e-02
  p=11 start 1: 5 evals, 67.7s elapsed, c̃=0.5157689347, g_norm=2.25e-01
  p=11 start 1: 7 evals, 101.3s elapsed, c̃=0.5316216624, g_norm=6.57e-01
  p=11 start 1: 9 evals, 135.6s elapsed, c̃=0.5464774676, g_norm=1.05e+00
  p=11 start 1: 11 evals, 169.8s elapsed, c̃=0.6397746034, g_norm=1.20e+00
  p=11 start 1: 13 evals, 203.4s elapsed, c̃=0.6297450654, g_norm=8.85e-01
  p=11 start 1: 15 evals, 236.8s elapsed, c̃=0.6154953280, g_norm=6.84e-01
  p=11 start 1: 17 evals, 270.6s elapsed, c̃=0.5954667442, g_norm=7.98e-01
  p=11 start 1: 19 evals, 303.9s elapsed, c̃=0.6737786290, g_norm=4.20e+00
  p=11 start 1: 21 evals, 338.1s elapsed, c̃=0.6254135562, g_norm=1.20e+00
  p=11 start 1: 23 evals, 372.7s elapsed, c̃=0.5976877962, g_norm=1.13e+00
  p=11 start 1: 25 evals, 406.7s elapsed, c̃=0.6133082945, g_norm=1.16e+00
  p=11 start 1: 27 evals, 440.9s elapsed, c̃=0.6175093248, g_norm=2.32e+00
  p=11 start 1: 29 evals, 475.0s elapsed, c̃=0.6827636937, g_norm=1.65e+00
  p=11 start 1: 31 evals, 508.5s elapsed, c̃=0.7200304254, g_norm=3.14e+00
  p=11 start 1: 33 evals, 542.5s elapsed, c̃=0.6010675882, g_norm=8.05e-01
  p=11 start 1: 35 evals, 576.8s elapsed, c̃=0.6833434791, g_norm=1.79e+00
  p=11 start 1: 37 evals, 610.8s elapsed, c̃=0.6325336394, g_norm=4.19e+00
  p=11 start 1: 39 evals, 644.2s elapsed, c̃=0.6281336226, g_norm=1.54e+00
  p=11 start 1: 41 evals, 677.5s elapsed, c̃=0.6420079657, g_norm=1.13e+00
  p=11 start 1: 43 evals, 710.5s elapsed, c̃=0.6408784125, g_norm=1.20e+00
  p=11 start 1: 45 evals, 744.2s elapsed, c̃=0.6205390083, g_norm=8.48e-01
  p=11 start 1: 47 evals, 777.3s elapsed, c̃=0.6366968071, g_norm=1.71e+00
  p=11 start 1: 49 evals, 810.3s elapsed, c̃=0.6122131399, g_norm=1.63e+00
  p=11 start 1: 51 evals, 843.5s elapsed, c̃=0.6467430838, g_norm=1.05e+00
  p=11 start 1: 53 evals, 878.0s elapsed, c̃=0.6431943762, g_norm=8.33e-01
  p=11 start 1: 55 evals, 912.0s elapsed, c̃=0.6816237866, g_norm=9.35e-01
  p=11 start 1: 57 evals, 945.9s elapsed, c̃=0.6751897072, g_norm=2.42e+00
  p=11 start 1: 59 evals, 980.0s elapsed, c̃=0.6630673923, g_norm=1.64e+00
  p=11 start 1: 61 evals, 1013.6s elapsed, c̃=0.6572418965, g_norm=1.62e+00
  p=11 start 1: 63 evals, 1047.8s elapsed, c̃=0.7124969521, g_norm=3.77e+00
  p=11 start 1: 65 evals, 1082.3s elapsed, c̃=0.6206897888, g_norm=2.02e+00
  p=11 start 1: 67 evals, 1116.1s elapsed, c̃=0.6580264436, g_norm=2.60e+00
  p=11 start 1: 69 evals, 1149.7s elapsed, c̃=0.5852579126, g_norm=5.15e-01
  p=11 start 1: 71 evals, 1182.6s elapsed, c̃=0.6008076052, g_norm=1.62e+00
  p=11 start 1: 73 evals, 1216.5s elapsed, c̃=0.6403412798, g_norm=1.40e+00
  p=11 start 1: 75 evals, 1250.5s elapsed, c̃=0.6613270752, g_norm=1.65e+00
  p=11 start 1: 77 evals, 1284.2s elapsed, c̃=0.6808970719, g_norm=5.71e+00
  p=11 start 1: 79 evals, 1318.2s elapsed, c̃=0.6722409992, g_norm=1.68e+00
  p=11 start 1: 81 evals, 1352.7s elapsed, c̃=0.6867240484, g_norm=3.91e+00
  p=11 start 1: 83 evals, 1386.0s elapsed, c̃=0.6867240484, g_norm=3.91e+00
  p=11 start 1: 85 evals, 1419.9s elapsed, c̃=0.6867240484, g_norm=3.91e+00
  p=11 start 1: 87 evals, 1454.5s elapsed, c̃=0.6867240484, g_norm=3.91e+00
  p=11 start 1: 89 evals, 1488.2s elapsed, c̃=0.6867240484, g_norm=3.91e+00
  p=11 start 1: 91 evals, 1522.7s elapsed, c̃=0.6867240484, g_norm=3.91e+00
  p=11 start 1: 93 evals, 1556.4s elapsed, c̃=0.6867240484, g_norm=3.91e+00
  p=11 start 1: 95 evals, 1590.3s elapsed, c̃=0.6867240484, g_norm=3.91e+00
  p=11 start 1: 97 evals, 1624.1s elapsed, c̃=0.6867240484, g_norm=3.91e+00
  p=11 start 1: 99 evals, 1658.6s elapsed, c̃=0.6867240484, g_norm=3.91e+00
  p=11 start 1: 101 evals, 1693.3s elapsed, c̃=0.6867240484, g_norm=3.91e+00
  p=11 start 1: 103 evals, 1726.7s elapsed, c̃=0.6867240484, g_norm=3.91e+00
  p=11 start 1: 105 evals, 1761.3s elapsed, c̃=0.6867240484, g_norm=3.91e+00
  p=11 start 1: 107 evals, 1794.6s elapsed, c̃=0.6867240484, g_norm=3.91e+00
  p=11 start 1: 3 evals, 34.0s elapsed, c̃=0.4993827202, g_norm=1.60e-02
  p=11 start 1: 5 evals, 68.2s elapsed, c̃=0.5157689347, g_norm=2.25e-01
  p=11 start 1: 7 evals, 102.5s elapsed, c̃=0.5316216624, g_norm=6.57e-01
  p=11 start 1: 9 evals, 136.5s elapsed, c̃=0.5464774676, g_norm=1.05e+00
  p=11 start 1: 11 evals, 170.7s elapsed, c̃=0.6397746034, g_norm=1.20e+00
  p=11 start 1: 13 evals, 205.0s elapsed, c̃=0.6297450654, g_norm=8.85e-01
  p=11 start 1: 15 evals, 238.9s elapsed, c̃=0.6154953280, g_norm=6.84e-01
  p=11 start 1: 17 evals, 273.0s elapsed, c̃=0.5954667442, g_norm=7.98e-01
  p=11 start 1: 19 evals, 307.4s elapsed, c̃=0.6737786290, g_norm=4.20e+00
  p=11 start 1: 21 evals, 341.4s elapsed, c̃=0.6254135562, g_norm=1.20e+00
  p=11 start 1: 23 evals, 374.9s elapsed, c̃=0.5976877962, g_norm=1.13e+00
  p=11 start 1: 25 evals, 409.1s elapsed, c̃=0.6133082945, g_norm=1.16e+00
  p=11 start 1: 27 evals, 443.0s elapsed, c̃=0.6175093248, g_norm=2.32e+00
  p=11 start 1: 29 evals, 476.6s elapsed, c̃=0.6827636937, g_norm=1.65e+00
  p=11 start 1: 31 evals, 510.1s elapsed, c̃=0.7200304254, g_norm=3.14e+00
  p=11 start 1: 33 evals, 544.1s elapsed, c̃=0.6010675882, g_norm=8.05e-01
  p=11 start 1: 35 evals, 577.6s elapsed, c̃=0.6833434791, g_norm=1.79e+00
  p=11 start 1: 37 evals, 611.7s elapsed, c̃=0.6325336394, g_norm=4.19e+00
  p=11 start 1: 39 evals, 645.1s elapsed, c̃=0.6281336226, g_norm=1.54e+00
  p=11 start 1: 41 evals, 678.6s elapsed, c̃=0.6420079657, g_norm=1.13e+00
  p=11 start 1: 43 evals, 712.6s elapsed, c̃=0.6408784125, g_norm=1.20e+00
  p=11 start 1: 45 evals, 746.6s elapsed, c̃=0.6205390083, g_norm=8.48e-01
  p=11 start 1: 47 evals, 780.4s elapsed, c̃=0.6366968071, g_norm=1.71e+00
  p=11 start 1: 49 evals, 814.9s elapsed, c̃=0.6122131399, g_norm=1.63e+00
  p=11 start 1: 51 evals, 849.3s elapsed, c̃=0.6467430838, g_norm=1.05e+00
  p=11 start 1: 53 evals, 883.2s elapsed, c̃=0.6431943762, g_norm=8.33e-01
  p=11 start 1: 55 evals, 917.1s elapsed, c̃=0.6816237866, g_norm=9.35e-01
  p=11 start 1: 57 evals, 951.6s elapsed, c̃=0.6751897072, g_norm=2.42e+00
  p=11 start 1: 59 evals, 985.6s elapsed, c̃=0.6630673923, g_norm=1.64e+00
  p=11 start 1: 61 evals, 1019.2s elapsed, c̃=0.6572418965, g_norm=1.62e+00
  p=11 start 1: 63 evals, 1053.4s elapsed, c̃=0.7124969521, g_norm=3.77e+00
  p=11 start 1: 65 evals, 1087.3s elapsed, c̃=0.6206897888, g_norm=2.02e+00
  p=11 start 1: 67 evals, 1121.1s elapsed, c̃=0.6580264436, g_norm=2.60e+00
  p=11 start 1: 69 evals, 1155.5s elapsed, c̃=0.5852579126, g_norm=5.15e-01
  p=11 start 1: 71 evals, 1189.5s elapsed, c̃=0.6008076052, g_norm=1.62e+00
  p=11 start 1: 73 evals, 1222.9s elapsed, c̃=0.6403412798, g_norm=1.40e+00
  p=11 start 1: 75 evals, 1257.4s elapsed, c̃=0.6613270752, g_norm=1.65e+00
  p=11 start 1: 77 evals, 1291.1s elapsed, c̃=0.6808970719, g_norm=5.71e+00
  p=11 start 1: 79 evals, 1324.9s elapsed, c̃=0.6722409992, g_norm=1.68e+00
  p=11 start 1: 81 evals, 1358.7s elapsed, c̃=0.6867240484, g_norm=3.91e+00
  p=11 start 1: 83 evals, 1391.8s elapsed, c̃=0.6867240484, g_norm=3.91e+00
  p=11 start 1: 85 evals, 1425.4s elapsed, c̃=0.6867240484, g_norm=3.91e+00
  p=11 start 1: 87 evals, 1459.7s elapsed, c̃=0.6867240484, g_norm=3.91e+00
  p=11 start 1: 89 evals, 1494.4s elapsed, c̃=0.6867240484, g_norm=3.91e+00
  p=11 start 1: 91 evals, 1528.4s elapsed, c̃=0.6867240484, g_norm=3.91e+00
  p=11 start 1: 93 evals, 1562.6s elapsed, c̃=0.6867240484, g_norm=3.91e+00
  p=11 start 1: 95 evals, 1597.6s elapsed, c̃=0.6867240484, g_norm=3.91e+00
  p=11 start 1: 97 evals, 1631.5s elapsed, c̃=0.6867240484, g_norm=3.91e+00
  p=11 start 1: 99 evals, 1666.2s elapsed, c̃=0.6867240484, g_norm=3.91e+00
  p=11 start 1: 101 evals, 1700.1s elapsed, c̃=0.6867240484, g_norm=3.91e+00
  p=11 start 1: 103 evals, 1733.7s elapsed, c̃=0.6867240484, g_norm=3.91e+00
  p=11 start 1: 105 evals, 1767.4s elapsed, c̃=0.6867240484, g_norm=3.91e+00
  p=11 start 1: 107 evals, 1801.6s elapsed, c̃=0.6867240484, g_norm=3.91e+00
  p=11 start 1: 3 evals, 34.2s elapsed, c̃=0.4993827202, g_norm=1.60e-02
  p=11 start 1: 5 evals, 68.1s elapsed, c̃=0.5157689347, g_norm=2.25e-01
  p=11 start 1: 7 evals, 101.3s elapsed, c̃=0.5316216624, g_norm=6.57e-01
  p=11 start 1: 9 evals, 135.3s elapsed, c̃=0.5464774676, g_norm=1.05e+00
  p=11 start 1: 11 evals, 169.1s elapsed, c̃=0.6397746034, g_norm=1.20e+00
  p=11 start 1: 13 evals, 202.4s elapsed, c̃=0.6297450654, g_norm=8.85e-01
  p=11 start 1: 15 evals, 235.4s elapsed, c̃=0.6154953280, g_norm=6.84e-01
  p=11 start 1: 17 evals, 268.6s elapsed, c̃=0.5954667442, g_norm=7.98e-01
  p=11 start 1: 19 evals, 302.1s elapsed, c̃=0.6737786290, g_norm=4.20e+00
  p=11 start 1: 21 evals, 335.6s elapsed, c̃=0.6254135562, g_norm=1.20e+00
  p=11 start 1: 23 evals, 369.7s elapsed, c̃=0.5976877962, g_norm=1.13e+00
  p=11 start 1: 25 evals, 403.3s elapsed, c̃=0.6133082945, g_norm=1.16e+00
  p=11 start 1: 27 evals, 436.5s elapsed, c̃=0.6175093248, g_norm=2.32e+00
  p=11 start 1: 29 evals, 470.2s elapsed, c̃=0.6827636937, g_norm=1.65e+00
  p=11 start 1: 31 evals, 503.8s elapsed, c̃=0.7200304254, g_norm=3.14e+00
  p=11 start 1: 33 evals, 536.8s elapsed, c̃=0.6010675882, g_norm=8.05e-01
  p=11 start 1: 35 evals, 570.1s elapsed, c̃=0.6833434791, g_norm=1.79e+00
  p=11 start 1: 37 evals, 603.0s elapsed, c̃=0.6325336394, g_norm=4.19e+00
  p=11 start 1: 39 evals, 636.9s elapsed, c̃=0.6281336226, g_norm=1.54e+00
  p=11 start 1: 41 evals, 670.6s elapsed, c̃=0.6420079657, g_norm=1.13e+00
  p=11 start 1: 43 evals, 704.3s elapsed, c̃=0.6408784125, g_norm=1.20e+00
  p=11 start 1: 45 evals, 738.7s elapsed, c̃=0.6205390083, g_norm=8.48e-01
  p=11 start 1: 47 evals, 771.9s elapsed, c̃=0.6366968071, g_norm=1.71e+00
  p=11 start 1: 49 evals, 806.1s elapsed, c̃=0.6122131399, g_norm=1.63e+00
  p=11 start 1: 51 evals, 839.2s elapsed, c̃=0.6467430838, g_norm=1.05e+00
  p=11 start 1: 53 evals, 872.5s elapsed, c̃=0.6431943762, g_norm=8.33e-01
  p=11 start 1: 55 evals, 906.1s elapsed, c̃=0.6816237866, g_norm=9.35e-01
  p=11 start 1: 57 evals, 940.1s elapsed, c̃=0.6751897072, g_norm=2.42e+00
  p=11 start 1: 59 evals, 973.7s elapsed, c̃=0.6630673923, g_norm=1.64e+00
  p=11 start 1: 61 evals, 1008.1s elapsed, c̃=0.6572418965, g_norm=1.62e+00
  p=11 start 1: 63 evals, 1041.4s elapsed, c̃=0.7124969521, g_norm=3.77e+00
  p=11 start 1: 65 evals, 1074.9s elapsed, c̃=0.6206897888, g_norm=2.02e+00
  p=11 start 1: 67 evals, 1108.6s elapsed, c̃=0.6580264436, g_norm=2.60e+00
  p=11 start 1: 69 evals, 1141.9s elapsed, c̃=0.5852579126, g_norm=5.15e-01
  p=11 start 1: 71 evals, 1175.0s elapsed, c̃=0.6008076052, g_norm=1.62e+00
  p=11 start 1: 73 evals, 1208.1s elapsed, c̃=0.6403412798, g_norm=1.40e+00
  p=11 start 1: 75 evals, 1241.6s elapsed, c̃=0.6613270752, g_norm=1.65e+00
  p=11 start 1: 77 evals, 1274.8s elapsed, c̃=0.6808970719, g_norm=5.71e+00
  p=11 start 1: 79 evals, 1307.9s elapsed, c̃=0.6722409992, g_norm=1.68e+00
  p=11 start 1: 81 evals, 1340.9s elapsed, c̃=0.6867240484, g_norm=3.91e+00
  p=11 start 1: 83 evals, 1374.1s elapsed, c̃=0.6867240484, g_norm=3.91e+00
  p=11 start 1: 85 evals, 1407.3s elapsed, c̃=0.6867240484, g_norm=3.91e+00
  p=11 start 1: 87 evals, 1440.3s elapsed, c̃=0.6867240484, g_norm=3.91e+00
  p=11 start 1: 89 evals, 1474.3s elapsed, c̃=0.6867240484, g_norm=3.91e+00
  p=11 start 1: 91 evals, 1508.3s elapsed, c̃=0.6867240484, g_norm=3.91e+00
  p=11 start 1: 93 evals, 1541.2s elapsed, c̃=0.6867240484, g_norm=3.91e+00
  p=11 start 1: 95 evals, 1574.3s elapsed, c̃=0.6867240484, g_norm=3.91e+00
  p=11 start 1: 97 evals, 1607.0s elapsed, c̃=0.6867240484, g_norm=3.91e+00
  p=11 start 1: 99 evals, 1640.0s elapsed, c̃=0.6867240484, g_norm=3.91e+00
  p=11 start 1: 101 evals, 1673.4s elapsed, c̃=0.6867240484, g_norm=3.91e+00
  p=11 start 1: 103 evals, 1707.4s elapsed, c̃=0.6867240484, g_norm=3.91e+00
  p=11 start 1: 105 evals, 1740.9s elapsed, c̃=0.6867240484, g_norm=3.91e+00
  p=11 start 1: 107 evals, 1774.3s elapsed, c̃=0.6867240484, g_norm=3.91e+00
  p=12 start 1: 2 evals, 73.5s elapsed, c̃=0.4999795822, g_norm=3.46e-02
  p=12 start 1: 3 evals, 151.7s elapsed, c̃=0.4999999999, g_norm=7.08e-08
/var/spool/slurmd/job992640/slurm_script: line 52:  9038 Killed                  julia --project=. -t "$THREADS" scripts/optimize_qaoa.jl "$CONFIG"
slurmstepd: error: Detected 1 oom_kill event in StepId=992640.batch. Some of the step tasks have been OOM Killed.
