[2026-03-31T23:28:30] Task 2: k=3, D=5, p=1–15
[2026-03-31T23:28:30] Command: julia --project=. -t 28 scripts/optimize_qaoa.jl 3 5 1 15 2 320 1234 true adjoint
[2026-03-31T23:28:30] Threads: 28, RAM available: 2835 GB
preserved run_id=20260331T232833-k3-d5-p1-15-r2-i320-s1234
preserved directory=/home/stephenjordan_google_com/qaoa-xorsat/scripts/../.project/results/optimization/runs/20260331T232833-k3-d5-p1-15-r2-i320-s1234
┌ Warning: Assignment to `best_checkpoint_value` in soft scope is ambiguous because a global variable by the same name exists: `best_checkpoint_value` will be treated as a new local. Disambiguate by using `local best_checkpoint_value` to suppress this warning or `global best_checkpoint_value` to assign to the existing global variable.
└ @ ~/qaoa-xorsat/scripts/optimize_qaoa.jl:496
[ Info: JIT warmup...
[ Info: JIT warmup complete, starting sweep
  p=8 start 2: 158 evals, 30.1s elapsed, c̃=0.7686098687, g_norm=2.48e-02
  p=8 start 3: 160 evals, 30.1s elapsed, c̃=0.7950565739, g_norm=1.67e-04
  p=8 start 2: 367 evals, 60.2s elapsed, c̃=0.7838207330, g_norm=1.29e-02
  p=9 start 1: 33 evals, 30.3s elapsed, c̃=0.8240726374, g_norm=6.26e-03
  p=9 start 2: 33 evals, 30.3s elapsed, c̃=0.5377606121, g_norm=6.62e-01
  p=9 start 3: 33 evals, 30.5s elapsed, c̃=0.5033148725, g_norm=1.63e-02
  p=9 start 3: 64 evals, 60.5s elapsed, c̃=0.5639483373, g_norm=3.79e-01
  p=9 start 2: 64 evals, 60.6s elapsed, c̃=0.7675173720, g_norm=1.19e-01
  p=9 start 1: 65 evals, 61.2s elapsed, c̃=0.8242024268, g_norm=3.30e-04
  p=9 start 2: 95 evals, 90.7s elapsed, c̃=0.7805231299, g_norm=1.14e-02
  p=9 start 3: 95 evals, 90.6s elapsed, c̃=0.7109443330, g_norm=6.41e-02
  p=9 start 1: 96 evals, 91.3s elapsed, c̃=0.8242025463, g_norm=2.61e-06
  p=9 start 3: 128 evals, 121.1s elapsed, c̃=0.7465912559, g_norm=7.79e-02
  p=9 start 2: 128 evals, 121.3s elapsed, c̃=0.7832335828, g_norm=6.38e-03
  p=9 start 3: 165 evals, 151.4s elapsed, c̃=0.7550771149, g_norm=1.74e-02
  p=9 start 2: 165 evals, 151.5s elapsed, c̃=0.7912591074, g_norm=2.57e-02
  p=9 start 3: 202 evals, 181.6s elapsed, c̃=0.7651563566, g_norm=2.23e-02
  p=9 start 2: 202 evals, 182.1s elapsed, c̃=0.7922553394, g_norm=1.28e-02
  p=9 start 3: 239 evals, 212.3s elapsed, c̃=0.7686294742, g_norm=3.88e-02
  p=9 start 2: 239 evals, 212.6s elapsed, c̃=0.7933709829, g_norm=2.03e-02
  p=9 start 2: 276 evals, 242.8s elapsed, c̃=0.7941224406, g_norm=1.91e-03
  p=9 start 3: 276 evals, 243.1s elapsed, c̃=0.7698387331, g_norm=1.17e-03
  p=9 start 2: 313 evals, 273.2s elapsed, c̃=0.7941460268, g_norm=2.70e-03
  p=9 start 3: 313 evals, 273.6s elapsed, c̃=0.7699979067, g_norm=3.22e-03
  p=9 start 2: 350 evals, 303.9s elapsed, c̃=0.7941484116, g_norm=4.92e-05
  p=9 start 3: 350 evals, 304.3s elapsed, c̃=0.7708593209, g_norm=8.24e-03
  p=9 start 2: 387 evals, 334.2s elapsed, c̃=0.7941484334, g_norm=2.46e-06
  p=9 start 3: 387 evals, 334.7s elapsed, c̃=0.7723815709, g_norm=5.37e-03
  p=9 start 3: 431 evals, 365.0s elapsed, c̃=0.7725734861, g_norm=2.18e-02
  p=9 start 3: 475 evals, 395.4s elapsed, c̃=0.7728973764, g_norm=8.46e-03
  p=9 start 3: 519 evals, 425.7s elapsed, c̃=0.7729633650, g_norm=5.46e-04
  p=9 start 3: 563 evals, 455.8s elapsed, c̃=0.7729664276, g_norm=2.10e-03
  p=9 start 3: 607 evals, 485.9s elapsed, c̃=0.7729722842, g_norm=1.06e-02
  p=9 start 3: 651 evals, 516.0s elapsed, c̃=0.7740855669, g_norm=3.32e-02
  p=9 start 3: 695 evals, 546.2s elapsed, c̃=0.7826877400, g_norm=4.03e-03
  p=9 start 3: 739 evals, 576.5s elapsed, c̃=0.7827859449, g_norm=5.43e-03
  p=9 start 3: 783 evals, 606.9s elapsed, c̃=0.7837245104, g_norm=2.42e-02
  p=9 start 3: 827 evals, 637.4s elapsed, c̃=0.7856615035, g_norm=1.45e-02
  p=9 start 3: 871 evals, 667.7s elapsed, c̃=0.7859111800, g_norm=4.07e-03
  p=9 start 3: 915 evals, 697.8s elapsed, c̃=0.7859221862, g_norm=1.01e-03
  p=9 start 3: 959 evals, 727.9s elapsed, c̃=0.7859230928, g_norm=1.29e-04
  p=9 start 3: 1003 evals, 757.9s elapsed, c̃=0.7859246063, g_norm=2.51e-04
  p=9 start 3: 1047 evals, 788.0s elapsed, c̃=0.7859249833, g_norm=5.11e-05
  p=10 start 3: 9 evals, 31.3s elapsed, c̃=0.4998684608, g_norm=1.56e-03
  p=10 start 1: 9 evals, 31.6s elapsed, c̃=0.8246817629, g_norm=6.94e-02
  p=10 start 3: 18 evals, 64.8s elapsed, c̃=0.5045539234, g_norm=3.75e-02
  p=10 start 1: 18 evals, 65.0s elapsed, c̃=0.8287892730, g_norm=3.04e-02
  p=10 start 1: 27 evals, 98.3s elapsed, c̃=0.8296892095, g_norm=1.95e-02
  p=10 start 3: 27 evals, 98.4s elapsed, c̃=0.5156464572, g_norm=7.99e-02
  p=10 start 1: 35 evals, 128.4s elapsed, c̃=0.8299701386, g_norm=4.41e-03
  p=10 start 3: 36 evals, 132.3s elapsed, c̃=0.5759951119, g_norm=2.27e-01
  p=10 start 1: 44 evals, 161.8s elapsed, c̃=0.8300529469, g_norm=4.59e-03
  p=10 start 3: 45 evals, 165.4s elapsed, c̃=0.6226229934, g_norm=2.48e-01
  p=10 start 1: 53 evals, 195.4s elapsed, c̃=0.8300951518, g_norm=3.73e-03
  p=10 start 3: 53 evals, 195.4s elapsed, c̃=0.7131923996, g_norm=1.97e-01
  p=10 start 1: 62 evals, 228.8s elapsed, c̃=0.8301017785, g_norm=6.51e-04
  p=10 start 3: 62 evals, 228.8s elapsed, c̃=0.7370476522, g_norm=7.63e-02
  p=10 start 3: 71 evals, 261.9s elapsed, c̃=0.7440140123, g_norm=6.85e-02
  p=10 start 1: 71 evals, 262.2s elapsed, c̃=0.8301028461, g_norm=2.33e-04
  p=10 start 3: 80 evals, 295.6s elapsed, c̃=0.7476081878, g_norm=5.99e-02
  p=10 start 1: 80 evals, 295.8s elapsed, c̃=0.8301037902, g_norm=3.17e-04
  p=10 start 1: 89 evals, 329.3s elapsed, c̃=0.8301032188, g_norm=5.46e-05
  p=10 start 3: 89 evals, 329.3s elapsed, c̃=0.7487002787, g_norm=1.73e-02
  p=10 start 3: 98 evals, 362.5s elapsed, c̃=0.7491263593, g_norm=2.21e-02
  p=10 start 1: 98 evals, 362.9s elapsed, c̃=0.8301038933, g_norm=2.73e-05
  p=10 start 1: 107 evals, 396.0s elapsed, c̃=0.8301029043, g_norm=4.09e-05
  p=10 start 3: 107 evals, 395.9s elapsed, c̃=0.7494409106, g_norm=1.54e-02
  p=10 start 3: 116 evals, 429.2s elapsed, c̃=0.7500296608, g_norm=2.55e-02
  p=10 start 1: 116 evals, 429.6s elapsed, c̃=0.8301027787, g_norm=2.86e-05
  p=10 start 3: 124 evals, 459.4s elapsed, c̃=0.7508377974, g_norm=3.17e-02
  p=10 start 1: 125 evals, 463.1s elapsed, c̃=0.8301024744, g_norm=4.99e-05
  p=10 start 3: 133 evals, 492.7s elapsed, c̃=0.7517690556, g_norm=2.77e-02
  p=10 start 1: 134 evals, 496.6s elapsed, c̃=0.8301028801, g_norm=4.31e-05
  p=10 start 3: 142 evals, 526.1s elapsed, c̃=0.7517286200, g_norm=1.61e-01
  p=10 start 1: 143 evals, 530.1s elapsed, c̃=0.8301030267, g_norm=5.15e-05
  p=10 start 3: 151 evals, 559.6s elapsed, c̃=0.7562557698, g_norm=1.04e-01
  p=10 start 1: 152 evals, 563.7s elapsed, c̃=0.8301028527, g_norm=3.78e-05
  p=10 start 3: 160 evals, 593.1s elapsed, c̃=0.7600004762, g_norm=2.90e-02
  p=10 start 1: 161 evals, 597.0s elapsed, c̃=0.8301027897, g_norm=3.96e-05
  p=10 start 3: 169 evals, 626.5s elapsed, c̃=0.7604069336, g_norm=7.71e-03
  p=10 start 1: 170 evals, 630.5s elapsed, c̃=0.8301030888, g_norm=8.14e-05
  p=10 start 3: 178 evals, 660.2s elapsed, c̃=0.7604334417, g_norm=9.68e-03
  p=10 start 1: 179 evals, 664.0s elapsed, c̃=0.8301028792, g_norm=3.28e-05
  p=10 start 3: 187 evals, 693.8s elapsed, c̃=0.7604582655, g_norm=4.59e-03
  p=10 start 1: 188 evals, 697.5s elapsed, c̃=0.8301027895, g_norm=6.18e-05
  p=10 start 3: 196 evals, 727.3s elapsed, c̃=0.7605798605, g_norm=5.28e-03
  p=10 start 1: 197 evals, 731.1s elapsed, c̃=0.8301030046, g_norm=5.75e-05
  p=10 start 3: 205 evals, 760.9s elapsed, c̃=0.7606354455, g_norm=4.67e-03
  p=10 start 1: 206 evals, 764.7s elapsed, c̃=0.8301035916, g_norm=1.55e-05
  p=10 start 3: 214 evals, 794.2s elapsed, c̃=0.7606486185, g_norm=4.77e-03
  p=10 start 1: 215 evals, 798.1s elapsed, c̃=0.8301035501, g_norm=3.69e-05
  p=10 start 3: 223 evals, 827.6s elapsed, c̃=0.7606365503, g_norm=1.23e-02
  p=10 start 1: 224 evals, 831.3s elapsed, c̃=0.8301029558, g_norm=3.06e-05
  p=10 start 3: 231 evals, 857.6s elapsed, c̃=0.7606950438, g_norm=8.91e-04
  p=10 start 1: 232 evals, 861.4s elapsed, c̃=0.8301031439, g_norm=3.76e-05
  p=10 start 3: 240 evals, 891.1s elapsed, c̃=0.7606932085, g_norm=2.51e-03
  p=10 start 1: 241 evals, 894.9s elapsed, c̃=0.8301018466, g_norm=2.15e-05
  p=10 start 3: 249 evals, 924.7s elapsed, c̃=0.7606945512, g_norm=3.44e-03
  p=10 start 1: 249 evals, 925.1s elapsed, c̃=0.8301027372, g_norm=3.90e-05
  p=10 start 3: 258 evals, 958.3s elapsed, c̃=0.7606971498, g_norm=6.42e-04
  p=10 start 1: 258 evals, 958.7s elapsed, c̃=0.8301031123, g_norm=2.86e-05
  p=10 start 3: 266 evals, 988.4s elapsed, c̃=0.7606981919, g_norm=2.82e-03
  p=10 start 1: 267 evals, 992.2s elapsed, c̃=0.8301031348, g_norm=4.85e-05
  p=10 start 3: 275 evals, 1022.0s elapsed, c̃=0.7607005154, g_norm=1.72e-03
  p=10 start 1: 275 evals, 1022.4s elapsed, c̃=0.8301027109, g_norm=2.56e-05
  p=10 start 1: 284 evals, 1055.8s elapsed, c̃=0.8301034231, g_norm=1.59e-05
  p=10 start 3: 284 evals, 1055.8s elapsed, c̃=0.7607027183, g_norm=7.01e-04
  p=10 start 3: 293 evals, 1089.3s elapsed, c̃=0.7607032224, g_norm=8.04e-04
  p=10 start 1: 293 evals, 1089.7s elapsed, c̃=0.8301031651, g_norm=2.70e-05
  p=10 start 3: 301 evals, 1119.3s elapsed, c̃=0.7607034666, g_norm=2.07e-03
  p=10 start 1: 302 evals, 1122.9s elapsed, c̃=0.8301032901, g_norm=1.40e-05
  p=10 start 3: 310 evals, 1151.3s elapsed, c̃=0.7607058088, g_norm=1.06e-03
  p=10 start 3: 321 evals, 1184.2s elapsed, c̃=0.7607031169, g_norm=5.91e-03
  p=10 start 3: 331 evals, 1214.3s elapsed, c̃=0.7607119408, g_norm=1.29e-03
  p=10 start 3: 342 evals, 1247.3s elapsed, c̃=0.7607027036, g_norm=8.34e-03
  p=10 start 3: 353 evals, 1280.1s elapsed, c̃=0.7607159297, g_norm=5.52e-04
  p=10 start 3: 363 evals, 1310.3s elapsed, c̃=0.7607167781, g_norm=5.59e-04
  p=10 start 3: 373 evals, 1340.3s elapsed, c̃=0.7607192592, g_norm=2.71e-03
  p=10 start 3: 384 evals, 1373.3s elapsed, c̃=0.7607311612, g_norm=3.12e-03
  p=10 start 3: 395 evals, 1406.2s elapsed, c̃=0.7607493077, g_norm=3.25e-03
  p=10 start 3: 405 evals, 1436.3s elapsed, c̃=0.7607774360, g_norm=6.86e-03
  p=10 start 3: 415 evals, 1466.3s elapsed, c̃=0.7608166488, g_norm=4.87e-03
  p=10 start 3: 426 evals, 1499.2s elapsed, c̃=0.7608616903, g_norm=6.04e-03
  p=10 start 3: 436 evals, 1529.4s elapsed, c̃=0.7608923898, g_norm=4.82e-03
  p=10 start 3: 447 evals, 1562.2s elapsed, c̃=0.7609558156, g_norm=1.43e-02
  p=10 start 3: 457 evals, 1592.2s elapsed, c̃=0.7610700815, g_norm=1.13e-02
  p=10 start 3: 467 evals, 1622.4s elapsed, c̃=0.7611728578, g_norm=6.64e-03
  p=10 start 3: 478 evals, 1655.4s elapsed, c̃=0.7613434341, g_norm=1.31e-02
  p=10 start 3: 489 evals, 1688.3s elapsed, c̃=0.7616820898, g_norm=2.41e-02
  p=10 start 3: 500 evals, 1721.2s elapsed, c̃=0.7611593802, g_norm=6.29e-02
  p=10 start 3: 511 evals, 1754.1s elapsed, c̃=0.7620985500, g_norm=8.25e-03
  p=10 start 3: 521 evals, 1784.2s elapsed, c̃=0.7621062767, g_norm=1.69e-02
  p=10 start 3: 531 evals, 1814.3s elapsed, c̃=0.7622209292, g_norm=6.79e-03
  p=10 start 3: 541 evals, 1844.4s elapsed, c̃=0.7621470494, g_norm=2.37e-02
  p=10 start 3: 552 evals, 1877.3s elapsed, c̃=0.7613627144, g_norm=7.08e-02
  p=10 start 3: 562 evals, 1907.5s elapsed, c̃=0.7625476060, g_norm=2.08e-02
  p=10 start 3: 572 evals, 1937.6s elapsed, c̃=0.7601278433, g_norm=1.50e-01
  p=10 start 3: 583 evals, 1970.6s elapsed, c̃=0.7646000628, g_norm=5.84e-02
  p=10 start 3: 593 evals, 2001.0s elapsed, c̃=0.7679899266, g_norm=5.80e-02
  p=10 start 3: 603 evals, 2031.2s elapsed, c̃=0.7727570850, g_norm=3.78e-02
  p=10 start 3: 614 evals, 2063.7s elapsed, c̃=0.7757908644, g_norm=3.56e-02
  p=10 start 3: 624 evals, 2093.7s elapsed, c̃=0.7753002846, g_norm=1.09e-01
  p=10 start 3: 634 evals, 2123.9s elapsed, c̃=0.7787137004, g_norm=1.36e-02
  p=10 start 3: 644 evals, 2154.0s elapsed, c̃=0.7795479162, g_norm=3.19e-02
  p=10 start 3: 655 evals, 2186.9s elapsed, c̃=0.7822648384, g_norm=3.39e-02
  p=10 start 3: 665 evals, 2217.1s elapsed, c̃=0.7834471582, g_norm=1.69e-02
  p=10 start 3: 675 evals, 2247.2s elapsed, c̃=0.7841256246, g_norm=2.24e-02
  p=10 start 3: 685 evals, 2277.4s elapsed, c̃=0.7847324993, g_norm=9.06e-03
  p=10 start 3: 696 evals, 2310.3s elapsed, c̃=0.7849359226, g_norm=2.42e-02
  p=10 start 3: 706 evals, 2340.4s elapsed, c̃=0.7851399845, g_norm=6.09e-03
  p=10 start 3: 717 evals, 2373.3s elapsed, c̃=0.7852595783, g_norm=2.48e-03
  p=10 start 3: 727 evals, 2403.3s elapsed, c̃=0.7853428584, g_norm=8.08e-03
  p=10 start 3: 737 evals, 2433.5s elapsed, c̃=0.7855960093, g_norm=1.33e-02
  p=10 start 3: 747 evals, 2463.5s elapsed, c̃=0.7856485276, g_norm=8.78e-03
  p=10 start 3: 758 evals, 2496.4s elapsed, c̃=0.7857205035, g_norm=5.28e-03
  p=10 start 3: 769 evals, 2529.5s elapsed, c̃=0.7858556359, g_norm=1.61e-02
  p=10 start 3: 780 evals, 2562.4s elapsed, c̃=0.7861122497, g_norm=6.28e-03
  p=10 start 3: 791 evals, 2595.3s elapsed, c̃=0.7863926181, g_norm=1.23e-02
  p=10 start 3: 801 evals, 2625.5s elapsed, c̃=0.7863931943, g_norm=6.50e-02
  p=10 start 3: 812 evals, 2658.5s elapsed, c̃=0.7866202359, g_norm=3.40e-02
  p=10 start 3: 823 evals, 2691.4s elapsed, c̃=0.7869033640, g_norm=2.74e-03
  p=10 start 3: 834 evals, 2724.3s elapsed, c̃=0.7869044528, g_norm=2.57e-03
  p=10 start 3: 845 evals, 2757.2s elapsed, c̃=0.7869104093, g_norm=1.15e-03
  p=10 start 3: 856 evals, 2790.1s elapsed, c̃=0.7869262730, g_norm=5.27e-03
  p=10 start 3: 867 evals, 2823.0s elapsed, c̃=0.7869838370, g_norm=1.14e-02
  p=10 start 3: 877 evals, 2853.2s elapsed, c̃=0.7871842932, g_norm=1.44e-02
  p=10 start 3: 887 evals, 2883.5s elapsed, c̃=0.7872891002, g_norm=5.47e-03
  p=10 start 3: 898 evals, 2916.4s elapsed, c̃=0.7874092782, g_norm=6.31e-03
  p=10 start 3: 909 evals, 2949.3s elapsed, c̃=0.7874082869, g_norm=1.77e-02
  p=10 start 3: 920 evals, 2982.1s elapsed, c̃=0.7875324191, g_norm=4.09e-03
  p=10 start 3: 930 evals, 3012.3s elapsed, c̃=0.7875764487, g_norm=5.85e-03
  p=10 start 3: 940 evals, 3042.3s elapsed, c̃=0.7876274672, g_norm=2.57e-03
  p=10 start 3: 950 evals, 3072.3s elapsed, c̃=0.7876407723, g_norm=9.02e-04
  p=10 start 3: 960 evals, 3102.4s elapsed, c̃=0.7876501028, g_norm=2.62e-03
  p=10 start 3: 970 evals, 3132.5s elapsed, c̃=0.7876174273, g_norm=1.30e-02
  p=10 start 3: 981 evals, 3165.5s elapsed, c̃=0.7876719056, g_norm=4.20e-03
  p=10 start 3: 992 evals, 3198.2s elapsed, c̃=0.7876752192, g_norm=4.48e-04
  p=10 start 3: 1003 evals, 3231.1s elapsed, c̃=0.7876789436, g_norm=1.30e-03
  p=10 start 3: 1013 evals, 3261.4s elapsed, c̃=0.7876828076, g_norm=8.65e-04
  p=10 start 3: 1024 evals, 3294.3s elapsed, c̃=0.7877078179, g_norm=6.47e-03
  p=10 start 3: 1034 evals, 3324.3s elapsed, c̃=0.7877707113, g_norm=2.91e-03
  p=10 start 3: 1044 evals, 3354.4s elapsed, c̃=0.7877265898, g_norm=1.87e-02
  p=10 start 3: 1054 evals, 3384.6s elapsed, c̃=0.7877957523, g_norm=1.03e-03
  p=10 start 3: 1064 evals, 3414.7s elapsed, c̃=0.7878096437, g_norm=2.16e-03
  p=10 start 3: 1075 evals, 3447.7s elapsed, c̃=0.7878215069, g_norm=1.98e-03
  p=10 start 3: 1086 evals, 3480.3s elapsed, c̃=0.7878303370, g_norm=8.90e-04
  p=10 start 3: 1097 evals, 3513.1s elapsed, c̃=0.7878035721, g_norm=7.41e-03
  p=10 start 3: 1107 evals, 3543.2s elapsed, c̃=0.7878495523, g_norm=3.37e-03
  p=10 start 3: 1117 evals, 3573.2s elapsed, c̃=0.7878550551, g_norm=9.19e-04
  p=10 start 3: 1128 evals, 3606.2s elapsed, c̃=0.7878603512, g_norm=1.58e-03
  p=10 start 3: 1138 evals, 3636.3s elapsed, c̃=0.7878538490, g_norm=6.22e-03
  p=10 start 3: 1149 evals, 3669.2s elapsed, c̃=0.7878723726, g_norm=1.39e-03
  p=10 start 3: 1160 evals, 3701.9s elapsed, c̃=0.7878739667, g_norm=3.83e-03
  p=10 start 3: 1170 evals, 3732.1s elapsed, c̃=0.7877611730, g_norm=1.71e-02
  p=10 start 3: 1180 evals, 3762.3s elapsed, c̃=0.7878674977, g_norm=1.15e-02
  p=10 start 3: 1190 evals, 3792.4s elapsed, c̃=0.7879175643, g_norm=6.98e-03
  p=10 start 3: 1201 evals, 3825.4s elapsed, c̃=0.7879262926, g_norm=7.36e-03
  p=10 start 3: 1212 evals, 3858.0s elapsed, c̃=0.7879403336, g_norm=1.31e-03
  p=10 start 3: 1222 evals, 3888.0s elapsed, c̃=0.7879390124, g_norm=4.40e-03
  p=10 start 3: 1233 evals, 3921.0s elapsed, c̃=0.7879475917, g_norm=6.27e-04
  p=10 start 3: 1243 evals, 3951.1s elapsed, c̃=0.7879491685, g_norm=1.39e-03
  p=10 start 3: 1253 evals, 3981.2s elapsed, c̃=0.7879514926, g_norm=4.82e-04
  p=10 start 3: 1263 evals, 4011.2s elapsed, c̃=0.7879521578, g_norm=4.82e-04
  p=10 start 3: 1274 evals, 4044.1s elapsed, c̃=0.7879519868, g_norm=4.83e-04
  p=10 start 3: 1285 evals, 4077.0s elapsed, c̃=0.7879518753, g_norm=4.83e-04
  p=10 start 3: 1296 evals, 4109.9s elapsed, c̃=0.7879514792, g_norm=4.82e-04
  p=10 start 3: 1307 evals, 4142.8s elapsed, c̃=0.7879507153, g_norm=2.10e-03
  p=10 start 3: 1318 evals, 4175.7s elapsed, c̃=0.7879529961, g_norm=2.96e-04
  p=10 start 3: 1329 evals, 4208.5s elapsed, c̃=0.7879532872, g_norm=1.11e-03
  p=10 start 3: 1339 evals, 4238.6s elapsed, c̃=0.7879547461, g_norm=3.22e-04
  p=10 start 3: 1350 evals, 4271.5s elapsed, c̃=0.7879545111, g_norm=8.33e-05
  p=10 start 3: 1360 evals, 4301.5s elapsed, c̃=0.7879545739, g_norm=1.77e-04
  p=10 start 3: 1371 evals, 4334.4s elapsed, c̃=0.7879544992, g_norm=3.22e-04
  p=10 start 3: 1381 evals, 4364.4s elapsed, c̃=0.7879548099, g_norm=3.04e-04
  p=10 start 3: 1391 evals, 4394.4s elapsed, c̃=0.7879558602, g_norm=3.95e-04
  p=10 start 3: 1402 evals, 4427.2s elapsed, c̃=0.7879565454, g_norm=2.15e-04
  p=10 start 3: 1412 evals, 4457.2s elapsed, c̃=0.7879566911, g_norm=2.03e-04
  p=10 start 3: 1422 evals, 4487.2s elapsed, c̃=0.7879567213, g_norm=2.04e-04
  p=10 start 3: 1433 evals, 4520.2s elapsed, c̃=0.7879569673, g_norm=2.02e-04
  p=10 start 3: 1443 evals, 4550.3s elapsed, c̃=0.7879564883, g_norm=2.03e-04
  p=10 start 3: 1453 evals, 4580.3s elapsed, c̃=0.7879561808, g_norm=2.03e-04
  p=10 start 3: 1464 evals, 4613.2s elapsed, c̃=0.7879565752, g_norm=1.39e-04
  p=10 start 3: 1474 evals, 4643.3s elapsed, c̃=0.7879571368, g_norm=1.66e-04
  p=10 start 3: 1485 evals, 4675.8s elapsed, c̃=0.7879569842, g_norm=1.63e-04
  p=10 start 3: 1496 evals, 4708.8s elapsed, c̃=0.7879566559, g_norm=1.72e-04
  p=10 start 3: 1506 evals, 4739.0s elapsed, c̃=0.7879568022, g_norm=1.75e-04
  p=10 start 3: 1516 evals, 4769.2s elapsed, c̃=0.7879565936, g_norm=2.05e-04
  p=10 start 3: 1527 evals, 4802.1s elapsed, c̃=0.7879572771, g_norm=9.63e-05
  p=10 start 3: 1537 evals, 4832.2s elapsed, c̃=0.7879567323, g_norm=3.22e-04
  p=10 start 3: 1548 evals, 4864.9s elapsed, c̃=0.7879569313, g_norm=6.18e-05
  p=10 start 3: 1559 evals, 4897.9s elapsed, c̃=0.7879574898, g_norm=8.16e-05
  p=10 start 3: 1569 evals, 4928.1s elapsed, c̃=0.7879566595, g_norm=2.53e-05
  p=10 start 3: 1579 evals, 4958.1s elapsed, c̃=0.7879566915, g_norm=1.19e-04
  p=11 start 1: 4 evals, 41.7s elapsed, c̃=0.6692827936, g_norm=7.30e-01
  p=11 start 1: 7 evals, 83.3s elapsed, c̃=0.8283606172, g_norm=9.01e-02
  p=11 start 1: 10 evals, 125.7s elapsed, c̃=0.8304285248, g_norm=6.78e-02
  p=11 start 1: 13 evals, 166.9s elapsed, c̃=0.8334333001, g_norm=2.58e-02
  p=11 start 1: 16 evals, 208.6s elapsed, c̃=0.8334203738, g_norm=4.72e-02
  p=11 start 1: 19 evals, 250.6s elapsed, c̃=0.8338081008, g_norm=3.26e-02
  p=11 start 1: 22 evals, 292.6s elapsed, c̃=0.8345440530, g_norm=1.74e-02
  p=11 start 1: 25 evals, 334.0s elapsed, c̃=0.8341131398, g_norm=6.83e-02
  p=11 start 1: 28 evals, 375.2s elapsed, c̃=0.8338444070, g_norm=4.35e-02
  p=11 start 1: 31 evals, 416.4s elapsed, c̃=0.8347523169, g_norm=2.47e-02
  p=11 start 1: 34 evals, 457.8s elapsed, c̃=0.8344533011, g_norm=3.93e-02
  p=11 start 1: 37 evals, 499.1s elapsed, c̃=0.8345113944, g_norm=3.81e-02
  p=11 start 1: 40 evals, 540.4s elapsed, c̃=0.8349509898, g_norm=1.68e-02
  p=11 start 1: 43 evals, 582.1s elapsed, c̃=0.8349928909, g_norm=1.80e-02
  p=11 start 1: 46 evals, 623.9s elapsed, c̃=0.8348267728, g_norm=3.35e-02
  p=11 start 1: 49 evals, 665.2s elapsed, c̃=0.8350242704, g_norm=1.31e-02
  p=11 start 1: 52 evals, 706.9s elapsed, c̃=0.8351396122, g_norm=8.55e-03
  p=11 start 1: 55 evals, 748.1s elapsed, c̃=0.8351622274, g_norm=3.42e-03
  p=11 start 1: 58 evals, 789.2s elapsed, c̃=0.8351695612, g_norm=3.77e-03
  p=11 start 1: 61 evals, 830.5s elapsed, c̃=0.8351819911, g_norm=2.63e-03
  p=11 start 1: 64 evals, 871.8s elapsed, c̃=0.8351982113, g_norm=2.43e-03
  p=11 start 1: 67 evals, 913.4s elapsed, c̃=0.8351933284, g_norm=1.86e-03
  p=11 start 1: 70 evals, 954.8s elapsed, c̃=0.8351850885, g_norm=2.04e-03
  p=11 start 1: 73 evals, 996.2s elapsed, c̃=0.8351936797, g_norm=2.09e-03
  p=11 start 1: 76 evals, 1037.6s elapsed, c̃=0.8351872931, g_norm=2.47e-03
  p=11 start 1: 79 evals, 1079.0s elapsed, c̃=0.8351913093, g_norm=2.41e-03
  p=11 start 1: 82 evals, 1120.7s elapsed, c̃=0.8351941307, g_norm=2.30e-03
  p=11 start 1: 85 evals, 1162.5s elapsed, c̃=0.8351860580, g_norm=2.42e-03
  p=11 start 1: 88 evals, 1203.8s elapsed, c̃=0.8351909340, g_norm=2.41e-03
  p=11 start 1: 91 evals, 1245.2s elapsed, c̃=0.8351858303, g_norm=2.12e-03
  p=11 start 1: 94 evals, 1287.1s elapsed, c̃=0.8351905572, g_norm=1.91e-03
  p=11 start 1: 97 evals, 1328.8s elapsed, c̃=0.8351905421, g_norm=1.99e-03
  p=11 start 1: 100 evals, 1370.2s elapsed, c̃=0.8351947908, g_norm=2.23e-03
  p=11 start 1: 103 evals, 1411.5s elapsed, c̃=0.8351988144, g_norm=2.23e-03
  p=11 start 1: 106 evals, 1453.4s elapsed, c̃=0.8351986440, g_norm=2.10e-03
  p=11 start 1: 109 evals, 1494.7s elapsed, c̃=0.8351977524, g_norm=2.14e-03
  p=11 start 1: 112 evals, 1537.0s elapsed, c̃=0.8351994290, g_norm=2.12e-03
  p=11 start 1: 115 evals, 1578.8s elapsed, c̃=0.8351966038, g_norm=2.26e-03
  p=11 start 1: 118 evals, 1620.5s elapsed, c̃=0.8351943242, g_norm=1.70e-03
  p=11 start 1: 121 evals, 1662.5s elapsed, c̃=0.8351927128, g_norm=1.90e-03
  p=11 start 1: 124 evals, 1703.9s elapsed, c̃=0.8351888186, g_norm=2.02e-03
  p=11 start 1: 127 evals, 1745.2s elapsed, c̃=0.8351919405, g_norm=2.49e-03
  p=11 start 1: 130 evals, 1787.7s elapsed, c̃=0.8351878355, g_norm=2.43e-03
  p=11 start 1: 133 evals, 1828.9s elapsed, c̃=0.8351880439, g_norm=2.39e-03
  p=11 start 1: 136 evals, 1870.7s elapsed, c̃=0.8351878735, g_norm=2.17e-03
  p=11 start 1: 139 evals, 1912.3s elapsed, c̃=0.8351895741, g_norm=2.07e-03
  p=11 start 1: 142 evals, 1954.1s elapsed, c̃=0.8351860400, g_norm=2.31e-03
  p=11 start 1: 145 evals, 1995.4s elapsed, c̃=0.8351869647, g_norm=2.17e-03
  p=11 start 1: 148 evals, 2037.2s elapsed, c̃=0.8351935531, g_norm=2.35e-03
  p=11 start 1: 151 evals, 2078.5s elapsed, c̃=0.8351921872, g_norm=2.68e-03
  p=11 start 1: 154 evals, 2119.9s elapsed, c̃=0.8351844153, g_norm=2.02e-03
  p=11 start 1: 157 evals, 2161.5s elapsed, c̃=0.8351895787, g_norm=2.11e-03
  p=11 start 1: 160 evals, 2202.7s elapsed, c̃=0.8351978885, g_norm=2.39e-03
  p=11 start 1: 163 evals, 2244.0s elapsed, c̃=0.8351956290, g_norm=1.95e-03
  p=11 start 1: 166 evals, 2286.7s elapsed, c̃=0.8351994290, g_norm=2.12e-03
  p=11 start 1: 169 evals, 2328.3s elapsed, c̃=0.8351956290, g_norm=1.95e-03
  p=11 start 1: 172 evals, 2369.6s elapsed, c̃=0.8351994290, g_norm=2.12e-03
  p=11 start 1: 175 evals, 2410.7s elapsed, c̃=0.8351956290, g_norm=1.95e-03
  p=11 start 1: 178 evals, 2452.0s elapsed, c̃=0.8351994290, g_norm=2.12e-03
  p=11 start 1: 181 evals, 2493.6s elapsed, c̃=0.8351956290, g_norm=1.95e-03
  p=11 start 1: 184 evals, 2536.2s elapsed, c̃=0.8351994290, g_norm=2.12e-03
  p=11 start 1: 187 evals, 2577.9s elapsed, c̃=0.8351956290, g_norm=1.95e-03
  p=11 start 1: 190 evals, 2619.2s elapsed, c̃=0.8351994290, g_norm=2.12e-03
  p=11 start 1: 193 evals, 2660.8s elapsed, c̃=0.8351956290, g_norm=1.95e-03
  p=12 start 1: 2 evals, 61.6s elapsed, c̃=0.8137382479, g_norm=4.17e-01
  p=12 start 1: 3 evals, 127.5s elapsed, c̃=0.5213907723, g_norm=3.07e-01
  p=12 start 1: 4 evals, 193.4s elapsed, c̃=0.6928697901, g_norm=7.31e-01
  p=12 start 1: 5 evals, 259.4s elapsed, c̃=0.8271585204, g_norm=2.20e-01
  p=12 start 1: 6 evals, 325.0s elapsed, c̃=0.8333869473, g_norm=8.40e-02
  p=12 start 1: 7 evals, 390.9s elapsed, c̃=0.7876639745, g_norm=4.89e-01
  p=12 start 1: 8 evals, 457.1s elapsed, c̃=0.8338229662, g_norm=1.09e-01
  p=12 start 1: 9 evals, 523.4s elapsed, c̃=0.8354477060, g_norm=6.74e-02
  p=12 start 1: 10 evals, 589.4s elapsed, c̃=0.8345899356, g_norm=1.03e-01
  p=12 start 1: 11 evals, 655.4s elapsed, c̃=0.8364911266, g_norm=6.45e-02
  p=12 start 1: 12 evals, 721.4s elapsed, c̃=0.8376332439, g_norm=4.70e-02
  p=12 start 1: 13 evals, 787.6s elapsed, c̃=0.8206616398, g_norm=2.61e-01
  p=12 start 1: 14 evals, 853.9s elapsed, c̃=0.8376236827, g_norm=4.63e-02
  p=12 start 1: 15 evals, 920.8s elapsed, c̃=0.8384773791, g_norm=2.17e-02
  p=12 start 1: 16 evals, 987.2s elapsed, c̃=0.8337932412, g_norm=1.61e-01
  p=12 start 1: 17 evals, 1053.1s elapsed, c̃=0.8385277324, g_norm=2.55e-02
  p=12 start 1: 18 evals, 1119.0s elapsed, c̃=0.8386569120, g_norm=1.16e-02
  p=12 start 1: 19 evals, 1185.0s elapsed, c̃=0.8374214811, g_norm=8.23e-02
  p=12 start 1: 20 evals, 1251.2s elapsed, c̃=0.8386823855, g_norm=1.08e-02
  p=12 start 1: 21 evals, 1317.9s elapsed, c̃=0.8387259473, g_norm=9.27e-03
  p=12 start 1: 22 evals, 1383.7s elapsed, c̃=0.8388080714, g_norm=1.67e-02
  p=12 start 1: 23 evals, 1449.8s elapsed, c̃=0.8362389489, g_norm=8.29e-02
  p=12 start 1: 24 evals, 1516.1s elapsed, c̃=0.8388763312, g_norm=1.63e-02
  p=12 start 1: 25 evals, 1582.2s elapsed, c̃=0.8390764554, g_norm=1.47e-02
slurmstepd: error: *** STEP 987277.0 ON swift-c3dnodeset-4 CANCELLED AT 2026-04-01T02:19:04 ***
slurmstepd: error: *** JOB 987277 ON swift-c3dnodeset-4 CANCELLED AT 2026-04-01T02:19:04 ***
