preserved run_id=20260403T033822-k4-d5-p13-15-r2-i320-s1234
preserved directory=/home/stephenjordan_google_com/qaoa-xorsat/scripts/../.project/results/optimization/runs/20260403T033822-k4-d5-p13-15-r2-i320-s1234
resuming from: /home/stephenjordan_google_com/qaoa-xorsat/.project/results/optimization/runs/20260401T022606-k4-d5-p11-15-r2-i320-s1234
warm-start from p=12: c̃=0.868811370051
[ Info: JIT warmup...
[ Info: JIT warmup complete, starting sweep
  p=13 start 1: 2 evals, 380.5s elapsed, c̃=0.8078731467, g_norm=1.64e+00
  p=13 start 1: 3 evals, 778.4s elapsed, c̃=0.4999999311, g_norm=3.30e-06
  p=13 start 1: 4 evals, 1158.3s elapsed, c̃=0.4997125108, g_norm=9.03e-03
  p=13 start 1: 5 evals, 1553.4s elapsed, c̃=0.5538276698, g_norm=3.14e-01
  p=13 start 1: 6 evals, 1931.2s elapsed, c̃=0.5513776514, g_norm=2.79e-01
  p=13 start 1: 7 evals, 2315.5s elapsed, c̃=0.6649007761, g_norm=7.24e-01
  p=13 start 1: 8 evals, 2698.8s elapsed, c̃=0.6893621510, g_norm=1.90e+00
  p=13 start 1: 9 evals, 3095.0s elapsed, c̃=0.7787550742, g_norm=2.93e+00
  p=13 start 1: 10 evals, 3445.6s elapsed, c̃=0.7376847013, g_norm=2.90e+00
  p=13 start 1: 11 evals, 3830.3s elapsed, c̃=0.7580165323, g_norm=1.46e+00
  p=13 start 1: 12 evals, 4211.8s elapsed, c̃=0.7425042565, g_norm=2.30e+00
  p=13 start 1: 13 evals, 4595.0s elapsed, c̃=0.7971607235, g_norm=2.42e+00
  p=13 start 1: 14 evals, 4998.4s elapsed, c̃=0.7614277057, g_norm=2.49e+00
  p=13 start 1: 15 evals, 5378.6s elapsed, c̃=0.7571911061, g_norm=3.10e+00
  p=13 start 1: 16 evals, 5760.7s elapsed, c̃=0.7903119197, g_norm=1.42e+00
  p=13 start 1: 17 evals, 6143.8s elapsed, c̃=0.7577505119, g_norm=1.48e+00
  p=13 start 1: 18 evals, 6543.4s elapsed, c̃=0.7464881966, g_norm=2.08e+00
  p=13 start 1: 19 evals, 6923.6s elapsed, c̃=0.7980479109, g_norm=1.27e+00
  p=13 start 1: 20 evals, 7320.5s elapsed, c̃=0.7486004479, g_norm=2.13e+00
  p=13 start 1: 21 evals, 7715.5s elapsed, c̃=0.7998759186, g_norm=1.23e+00
  p=13 start 1: 22 evals, 8070.6s elapsed, c̃=0.7718137577, g_norm=1.89e+00
  p=13 start 1: 23 evals, 8455.2s elapsed, c̃=0.7683390394, g_norm=2.25e+00
  p=13 start 1: 24 evals, 8835.8s elapsed, c̃=0.7543263122, g_norm=2.34e+00
  p=13 start 1: 25 evals, 9216.9s elapsed, c̃=0.7806393625, g_norm=2.20e+00
  p=13 start 1: 26 evals, 9608.4s elapsed, c̃=0.7647983769, g_norm=1.66e+00
  p=13 start 1: 27 evals, 10009.2s elapsed, c̃=0.7294906843, g_norm=2.42e+00
  p=13 start 1: 28 evals, 10388.3s elapsed, c̃=0.7587390278, g_norm=1.58e+00
  p=13 start 1: 29 evals, 10770.6s elapsed, c̃=0.7405132976, g_norm=1.21e+00
  p=13 start 1: 30 evals, 11161.8s elapsed, c̃=0.7538279662, g_norm=2.25e+00
  p=13 start 1: 31 evals, 11549.4s elapsed, c̃=0.7612304813, g_norm=1.79e+00
  p=13 start 1: 32 evals, 11943.4s elapsed, c̃=0.7949868465, g_norm=2.20e+00
  p=13 start 1: 33 evals, 12352.8s elapsed, c̃=0.7584428509, g_norm=1.80e+00
  p=13 start 1: 34 evals, 12740.0s elapsed, c̃=0.7658809056, g_norm=2.08e+00
  p=13 start 1: 35 evals, 13132.5s elapsed, c̃=0.7997274008, g_norm=1.98e+00
  p=13 start 1: 36 evals, 13541.7s elapsed, c̃=0.7781818160, g_norm=1.42e+00
  p=13 start 1: 37 evals, 13923.9s elapsed, c̃=0.7540032316, g_norm=4.47e+00
  p=13 start 1: 38 evals, 14307.5s elapsed, c̃=0.8037667549, g_norm=1.48e+00
  p=13 start 1: 39 evals, 14707.7s elapsed, c̃=0.7585019273, g_norm=2.10e+00
  p=13 start 1: 40 evals, 15058.0s elapsed, c̃=0.7693444650, g_norm=2.43e+00
  p=13 start 1: 41 evals, 15436.8s elapsed, c̃=0.7915160288, g_norm=1.79e+00
  p=13 start 1: 42 evals, 15826.5s elapsed, c̃=0.7469700872, g_norm=1.95e+00
  p=13 start 1: 43 evals, 16228.6s elapsed, c̃=0.7529531530, g_norm=2.02e+00
  p=13 start 1: 44 evals, 16657.5s elapsed, c̃=0.7807431636, g_norm=1.47e+00
  p=13 start 1: 45 evals, 17043.6s elapsed, c̃=0.7777821409, g_norm=2.95e+00
  p=13 start 1: 46 evals, 17427.9s elapsed, c̃=0.7800542660, g_norm=1.25e+00
  p=13 start 1: 47 evals, 17810.8s elapsed, c̃=0.7813593516, g_norm=2.12e+00
  p=13 start 1: 48 evals, 18195.2s elapsed, c̃=0.7934672650, g_norm=3.23e+00
  p=13 start 1: 49 evals, 18593.4s elapsed, c̃=0.7423282755, g_norm=1.70e+00
  p=13 start 1: 50 evals, 18982.2s elapsed, c̃=0.7893332336, g_norm=1.26e+00
  p=13 start 1: 51 evals, 19417.8s elapsed, c̃=0.7993531921, g_norm=1.50e+00
  p=13 start 1: 52 evals, 19803.3s elapsed, c̃=0.7819515499, g_norm=1.86e+00
  p=13 start 1: 53 evals, 20189.6s elapsed, c̃=0.7511471022, g_norm=2.99e+00
  p=13 start 1: 54 evals, 20576.1s elapsed, c̃=0.7578764506, g_norm=2.14e+00
  p=13 start 1: 55 evals, 20973.6s elapsed, c̃=0.7539301164, g_norm=2.39e+00
  p=13 start 1: 56 evals, 21340.4s elapsed, c̃=0.7889130242, g_norm=1.03e+00
  p=13 start 1: 57 evals, 21722.0s elapsed, c̃=0.7556165686, g_norm=2.57e+00
  p=13 start 1: 58 evals, 22103.8s elapsed, c̃=0.8011407912, g_norm=1.58e+00
  p=13 start 1: 59 evals, 22487.7s elapsed, c̃=0.7708358229, g_norm=2.30e+00
  p=13 start 1: 60 evals, 22873.9s elapsed, c̃=0.7527128958, g_norm=1.82e+00
  p=13 start 1: 61 evals, 23284.0s elapsed, c̃=0.7943671097, g_norm=2.27e+00
  p=13 start 1: 62 evals, 23702.5s elapsed, c̃=0.7637882960, g_norm=1.60e+00
  p=13 start 1: 63 evals, 24104.0s elapsed, c̃=0.7435327253, g_norm=1.85e+00
  p=13 start 1: 64 evals, 24485.5s elapsed, c̃=0.8025936792, g_norm=2.90e+00
  p=13 start 1: 65 evals, 24886.7s elapsed, c̃=0.8041927461, g_norm=1.88e+00
  p=13 start 1: 66 evals, 25270.3s elapsed, c̃=0.8043327357, g_norm=1.71e+00
  p=13 start 1: 67 evals, 25656.6s elapsed, c̃=0.7595510669, g_norm=2.97e+00
  p=13 start 1: 68 evals, 26039.7s elapsed, c̃=0.7870641744, g_norm=1.26e+00
  p=13 start 1: 69 evals, 26432.9s elapsed, c̃=0.8134579615, g_norm=1.68e+00
  p=13 start 1: 70 evals, 26828.5s elapsed, c̃=0.7883064346, g_norm=1.59e+00
  p=13 start 1: 71 evals, 27239.0s elapsed, c̃=0.7898727937, g_norm=2.32e+00
  p=13 start 1: 72 evals, 27654.0s elapsed, c̃=0.8101099288, g_norm=1.38e+00
  p=13 start 1: 73 evals, 28034.4s elapsed, c̃=0.8017771630, g_norm=1.70e+00
  p=13 start 1: 74 evals, 28434.8s elapsed, c̃=0.8025081384, g_norm=1.54e+00
  p=13 start 1: 75 evals, 28855.2s elapsed, c̃=0.7771531308, g_norm=1.47e+00
  p=13 start 1: 76 evals, 29240.8s elapsed, c̃=0.7691948868, g_norm=1.69e+00
  p=13 start 1: 77 evals, 29627.9s elapsed, c̃=0.7919766924, g_norm=2.64e+00
  p=13 start 1: 78 evals, 30015.6s elapsed, c̃=0.7762098447, g_norm=2.38e+00
  p=13 start 1: 79 evals, 30407.7s elapsed, c̃=0.7899011715, g_norm=1.67e+00
  p=13 start 1: 80 evals, 30788.9s elapsed, c̃=0.7896577760, g_norm=1.85e+00
  p=13 start 1: 81 evals, 31203.1s elapsed, c̃=0.7836200233, g_norm=1.72e+00
  p=13 start 1: 82 evals, 31560.6s elapsed, c̃=0.8101099288, g_norm=1.38e+00
  p=13 start 1: 83 evals, 31940.1s elapsed, c̃=0.7836200233, g_norm=1.72e+00
  p=13 start 1: 84 evals, 32345.1s elapsed, c̃=0.8101099288, g_norm=1.38e+00
  p=13 start 1: 85 evals, 32730.8s elapsed, c̃=0.7836200233, g_norm=1.72e+00
  p=13 start 1: 86 evals, 33127.3s elapsed, c̃=0.8101099288, g_norm=1.38e+00
  p=13 start 1: 87 evals, 33532.3s elapsed, c̃=0.7836200233, g_norm=1.72e+00
  p=13 start 1: 88 evals, 33920.7s elapsed, c̃=0.8101099288, g_norm=1.38e+00
  p=13 start 1: 89 evals, 34315.9s elapsed, c̃=0.7836200233, g_norm=1.72e+00
  p=13 start 1: 90 evals, 34701.7s elapsed, c̃=0.8101099288, g_norm=1.38e+00
  p=13 start 1: 91 evals, 35097.2s elapsed, c̃=0.7836200233, g_norm=1.72e+00
  p=13 start 1: 92 evals, 35479.7s elapsed, c̃=0.8101099288, g_norm=1.38e+00
  p=13 start 1: 93 evals, 35861.9s elapsed, c̃=0.7836200233, g_norm=1.72e+00
  p=13 start 1: 94 evals, 36246.0s elapsed, c̃=0.8101099288, g_norm=1.38e+00
  p=13 start 1: 95 evals, 36629.6s elapsed, c̃=0.7836200233, g_norm=1.72e+00
  p=13 start 1: 96 evals, 37021.5s elapsed, c̃=0.8101099288, g_norm=1.38e+00
  p=13 start 1: 97 evals, 37410.4s elapsed, c̃=0.7836200233, g_norm=1.72e+00
  p=13 start 1: 98 evals, 37804.0s elapsed, c̃=0.8101099288, g_norm=1.38e+00
  p=13 start 1: 99 evals, 38191.6s elapsed, c̃=0.7836200233, g_norm=1.72e+00
  p=13 start 1: 100 evals, 38575.9s elapsed, c̃=0.8101099288, g_norm=1.38e+00
  p=13 start 1: 101 evals, 38960.3s elapsed, c̃=0.7836200233, g_norm=1.72e+00
  p=13 start 1: 102 evals, 39342.9s elapsed, c̃=0.8101099288, g_norm=1.38e+00
  p=13 start 1: 103 evals, 39732.6s elapsed, c̃=0.7836200233, g_norm=1.72e+00
  p=14 start 1: 2 evals, 1751.6s elapsed, c̃=0.5106758802, g_norm=4.00e+00
  p=14 start 1: 3 evals, 3516.4s elapsed, c̃=0.4999973657, g_norm=5.54e-04
  p=14 start 1: 4 evals, 5279.3s elapsed, c̃=0.4999301202, g_norm=9.46e-03
  p=14 start 1: 5 evals, 7110.7s elapsed, c̃=0.5001460142, g_norm=7.33e-02
  p=14 start 1: 6 evals, 8940.0s elapsed, c̃=0.5014060695, g_norm=1.38e+00
  p=14 start 1: 7 evals, 10775.3s elapsed, c̃=0.4987826163, g_norm=1.87e+00
  p=14 start 1: 8 evals, 12573.8s elapsed, c̃=0.5027506953, g_norm=1.15e+00
  p=14 start 1: 9 evals, 14320.2s elapsed, c̃=0.4903889338, g_norm=2.79e+00
  p=14 start 1: 10 evals, 16107.1s elapsed, c̃=0.4998222216, g_norm=7.58e+00
  p=14 start 1: 11 evals, 17983.4s elapsed, c̃=0.5026872543, g_norm=1.48e+01
  p=14 start 1: 12 evals, 19782.1s elapsed, c̃=0.5061156872, g_norm=3.86e+00
  p=14 start 1: 13 evals, 21550.5s elapsed, c̃=0.5131223656, g_norm=2.12e+00
  p=14 start 1: 14 evals, 23328.8s elapsed, c̃=0.5175633520, g_norm=1.25e+01
  p=14 start 1: 15 evals, 25183.4s elapsed, c̃=0.5203667821, g_norm=2.50e+00
  p=14 start 1: 16 evals, 26952.9s elapsed, c̃=0.5189784926, g_norm=7.77e+00
  p=14 start 1: 17 evals, 28756.4s elapsed, c̃=0.5111440760, g_norm=1.81e+00
  p=14 start 1: 18 evals, 30524.1s elapsed, c̃=0.5019386360, g_norm=3.70e+00
  p=14 start 1: 19 evals, 32271.4s elapsed, c̃=0.5306441393, g_norm=6.08e+00
  p=14 start 1: 20 evals, 34068.6s elapsed, c̃=0.4994645626, g_norm=3.53e+00
  p=14 start 1: 21 evals, 35866.2s elapsed, c̃=0.5088134579, g_norm=1.15e+01
  p=14 start 1: 22 evals, 37635.2s elapsed, c̃=0.5083389985, g_norm=3.52e+00
  p=14 start 1: 23 evals, 39411.7s elapsed, c̃=0.4989538811, g_norm=8.06e+00
  p=14 start 1: 24 evals, 41362.4s elapsed, c̃=0.5043514677, g_norm=1.91e+00
  p=14 start 1: 25 evals, 43164.6s elapsed, c̃=0.5059501165, g_norm=3.10e+00
  p=14 start 1: 26 evals, 44959.2s elapsed, c̃=0.5693608010, g_norm=5.91e+01
  p=14 start 1: 27 evals, 46774.4s elapsed, c̃=0.5119472669, g_norm=1.25e+01
  p=14 start 1: 28 evals, 48561.1s elapsed, c̃=0.5042861468, g_norm=1.96e+00
  p=14 start 1: 29 evals, 50377.4s elapsed, c̃=0.5330097114, g_norm=6.43e+00
  p=14 start 1: 30 evals, 52288.0s elapsed, c̃=0.5017304228, g_norm=1.45e+00
  p=14 start 1: 31 evals, 54103.4s elapsed, c̃=0.5230431385, g_norm=4.69e+01
  p=14 start 1: 32 evals, 55893.6s elapsed, c̃=0.5183007754, g_norm=8.98e+00
  p=14 start 1: 33 evals, 57795.4s elapsed, c̃=0.5017006912, g_norm=4.58e-01
  p=14 start 1: 34 evals, 59550.6s elapsed, c̃=0.5316447166, g_norm=4.56e+00
  p=14 start 1: 35 evals, 61321.9s elapsed, c̃=0.5092700402, g_norm=1.01e+00
  p=14 start 1: 36 evals, 63299.2s elapsed, c̃=0.5151520509, g_norm=5.34e+00
  p=14 start 1: 37 evals, 65083.1s elapsed, c̃=0.4928305697, g_norm=2.04e+00
  p=14 start 1: 38 evals, 66870.8s elapsed, c̃=0.5638310223, g_norm=1.20e+01
  p=14 start 1: 39 evals, 68652.1s elapsed, c̃=0.4971855356, g_norm=3.28e+00
  p=14 start 1: 40 evals, 70512.7s elapsed, c̃=0.5015790368, g_norm=1.08e+00
  p=14 start 1: 41 evals, 72313.4s elapsed, c̃=0.5209871312, g_norm=5.08e+01
  p=14 start 1: 42 evals, 74108.4s elapsed, c̃=0.5112645688, g_norm=1.60e+01
  p=14 start 1: 43 evals, 75897.9s elapsed, c̃=0.5050110840, g_norm=6.69e-01
  p=14 start 1: 44 evals, 77739.6s elapsed, c̃=0.5111293082, g_norm=1.86e+00
  p=14 start 1: 45 evals, 79603.0s elapsed, c̃=0.5081936941, g_norm=4.12e+00
  p=14 start 1: 46 evals, 81422.4s elapsed, c̃=0.5036839416, g_norm=7.65e-01
  p=14 start 1: 47 evals, 83194.6s elapsed, c̃=0.5221618669, g_norm=2.23e+01
  p=14 start 1: 48 evals, 84974.7s elapsed, c̃=0.5226480348, g_norm=3.77e+00
  p=14 start 1: 49 evals, 86738.9s elapsed, c̃=0.5016840757, g_norm=1.34e+00
  p=14 start 1: 50 evals, 88529.7s elapsed, c̃=0.5033327983, g_norm=1.26e+00
  p=14 start 1: 51 evals, 90350.9s elapsed, c̃=0.5017023126, g_norm=4.68e-01
  p=14 start 1: 52 evals, 92161.1s elapsed, c̃=0.5041550301, g_norm=3.59e+00
  p=14 start 1: 53 evals, 94001.7s elapsed, c̃=0.5157044320, g_norm=3.96e+00
  p=14 start 1: 54 evals, 95823.9s elapsed, c̃=0.5093319244, g_norm=4.08e+00
  p=14 start 1: 55 evals, 97631.5s elapsed, c̃=0.5129844305, g_norm=1.62e+01
  p=14 start 1: 56 evals, 99498.7s elapsed, c̃=0.5178331619, g_norm=5.62e+00
  p=14 start 1: 57 evals, 101263.1s elapsed, c̃=0.5056252468, g_norm=2.04e+00
  p=14 start 1: 58 evals, 103052.8s elapsed, c̃=0.5192896178, g_norm=3.12e+01
  p=14 start 1: 59 evals, 104840.8s elapsed, c̃=0.5057640198, g_norm=1.24e+00
  p=14 start 1: 60 evals, 106616.6s elapsed, c̃=0.5016430635, g_norm=1.60e+00
  p=14 start 1: 61 evals, 108407.5s elapsed, c̃=0.4899995905, g_norm=1.41e+01
  p=14 start 1: 62 evals, 110200.3s elapsed, c̃=0.5293683730, g_norm=1.36e+01
  p=14 start 1: 63 evals, 111964.0s elapsed, c̃=0.4897607150, g_norm=1.14e+01
  p=14 start 1: 64 evals, 113748.2s elapsed, c̃=0.5004842622, g_norm=2.18e+00
  p=14 start 1: 65 evals, 115670.7s elapsed, c̃=0.4974546017, g_norm=3.50e+00
  p=14 start 1: 66 evals, 117433.7s elapsed, c̃=0.4524657026, g_norm=1.20e+02
  p=14 start 1: 67 evals, 119204.6s elapsed, c̃=0.5078040308, g_norm=8.42e-01
  p=14 start 1: 68 evals, 121053.0s elapsed, c̃=0.5034071237, g_norm=6.86e-01
  p=14 start 1: 69 evals, 122951.9s elapsed, c̃=0.5073617696, g_norm=1.13e+00
  p=14 start 1: 70 evals, 124734.0s elapsed, c̃=0.5293160019, g_norm=5.06e+00
  p=14 start 1: 71 evals, 126543.3s elapsed, c̃=0.4947734137, g_norm=1.89e+01
  p=14 start 1: 72 evals, 128300.6s elapsed, c̃=0.4981904017, g_norm=2.28e+00
  p=14 start 1: 73 evals, 130093.4s elapsed, c̃=0.5107431987, g_norm=7.30e+00
  p=14 start 1: 74 evals, 131885.9s elapsed, c̃=0.5097316763, g_norm=1.67e+01
  p=14 start 1: 75 evals, 133663.1s elapsed, c̃=0.5058650709, g_norm=1.23e+00
  p=14 start 1: 76 evals, 135439.0s elapsed, c̃=0.5047019334, g_norm=2.82e+00
  p=14 start 1: 77 evals, 137192.3s elapsed, c̃=0.5030055785, g_norm=5.76e-01
  p=14 start 1: 78 evals, 139048.2s elapsed, c̃=0.5026211693, g_norm=7.97e-01
  p=14 start 1: 79 evals, 140806.1s elapsed, c̃=0.5046426640, g_norm=7.17e-01
  p=14 start 1: 80 evals, 142626.0s elapsed, c̃=0.5069249316, g_norm=7.22e-01
  p=14 start 1: 81 evals, 144405.4s elapsed, c̃=0.5247408978, g_norm=2.98e+00
  p=14 start 1: 82 evals, 146181.0s elapsed, c̃=0.5093386063, g_norm=1.24e+00
  p=14 start 1: 83 evals, 147976.2s elapsed, c̃=0.5045120038, g_norm=1.06e+00
  p=14 start 1: 84 evals, 149765.4s elapsed, c̃=0.5049131132, g_norm=4.75e-01
  p=14 start 1: 85 evals, 151565.4s elapsed, c̃=0.5139655500, g_norm=1.63e+01
  p=14 start 1: 86 evals, 153441.2s elapsed, c̃=0.5638310223, g_norm=1.20e+01
  p=14 start 1: 87 evals, 155248.9s elapsed, c̃=0.5723827239, g_norm=6.66e+00
  p=14 start 1: 88 evals, 157056.7s elapsed, c̃=0.5399764031, g_norm=2.20e+01
  p=14 start 1: 89 evals, 158837.4s elapsed, c̃=0.5723827239, g_norm=6.66e+00
  p=14 start 1: 90 evals, 160607.1s elapsed, c̃=0.5399764031, g_norm=2.20e+01
  p=14 start 1: 91 evals, 162374.3s elapsed, c̃=0.5723827239, g_norm=6.66e+00
  p=14 start 1: 92 evals, 164274.5s elapsed, c̃=0.5399764031, g_norm=2.20e+01
  p=14 start 1: 93 evals, 166084.4s elapsed, c̃=0.5723827239, g_norm=6.66e+00
  p=14 start 1: 94 evals, 167897.8s elapsed, c̃=0.5399764031, g_norm=2.20e+01
  p=14 start 1: 95 evals, 169717.8s elapsed, c̃=0.5723827239, g_norm=6.66e+00
  p=14 start 1: 96 evals, 171584.8s elapsed, c̃=0.5399764031, g_norm=2.20e+01
  p=14 start 1: 97 evals, 173425.6s elapsed, c̃=0.5723827239, g_norm=6.66e+00
  p=14 start 1: 98 evals, 175284.2s elapsed, c̃=0.5399764031, g_norm=2.20e+01
  p=14 start 1: 99 evals, 177070.2s elapsed, c̃=0.5723827239, g_norm=6.66e+00
  p=14 start 1: 100 evals, 178865.6s elapsed, c̃=0.5399764031, g_norm=2.20e+01
  p=14 start 1: 101 evals, 180631.5s elapsed, c̃=0.5723827239, g_norm=6.66e+00
  p=14 start 1: 102 evals, 182434.5s elapsed, c̃=0.5399764031, g_norm=2.20e+01
  p=14 start 1: 103 evals, 184200.6s elapsed, c̃=0.5723827239, g_norm=6.66e+00
  p=14 start 1: 104 evals, 186075.9s elapsed, c̃=0.5399764031, g_norm=2.20e+01
  p=14 start 1: 105 evals, 187854.9s elapsed, c̃=0.5723827239, g_norm=6.66e+00
  p=14 start 1: 106 evals, 189649.4s elapsed, c̃=0.5399764031, g_norm=2.20e+01
  p=14 start 1: 107 evals, 191452.6s elapsed, c̃=0.5723827239, g_norm=6.66e+00
  p=14 start 1: 108 evals, 193257.8s elapsed, c̃=0.5399764031, g_norm=2.20e+01
  p=14 start 1: 109 evals, 195032.3s elapsed, c̃=0.5723827239, g_norm=6.66e+00
  p=14 start 1: 110 evals, 196907.5s elapsed, c̃=0.5399764031, g_norm=2.20e+01
  p=14 start 1: 111 evals, 198791.1s elapsed, c̃=0.5723827239, g_norm=6.66e+00
  p=14 start 1: 112 evals, 200568.0s elapsed, c̃=0.5399764031, g_norm=2.20e+01
  p=14 start 1: 113 evals, 202337.5s elapsed, c̃=0.5723827239, g_norm=6.66e+00
  p=14 start 1: 114 evals, 204098.1s elapsed, c̃=0.5181843383, g_norm=1.95e+01
  p=14 start 1: 115 evals, 205860.5s elapsed, c̃=0.5030831623, g_norm=2.38e+00
  p=14 start 1: 116 evals, 207610.2s elapsed, c̃=0.5150680357, g_norm=6.41e+00
  p=14 start 1: 117 evals, 209460.3s elapsed, c̃=0.5027528513, g_norm=2.29e+00
  p=14 start 1: 118 evals, 211273.7s elapsed, c̃=0.5087582657, g_norm=1.98e+00
  p=14 start 1: 119 evals, 213054.4s elapsed, c̃=0.5133007209, g_norm=2.10e+01
  p=14 start 1: 120 evals, 214842.0s elapsed, c̃=0.4987431155, g_norm=2.31e+00
  p=14 start 1: 121 evals, 216697.8s elapsed, c̃=0.4870534914, g_norm=1.21e+01
  p=14 start 1: 122 evals, 218487.4s elapsed, c̃=0.5166618753, g_norm=7.63e+00
  p=14 start 1: 123 evals, 220303.5s elapsed, c̃=0.5213464762, g_norm=5.28e+00
  p=14 start 1: 124 evals, 222099.3s elapsed, c̃=0.5713031866, g_norm=1.79e+01
  p=14 start 1: 125 evals, 223896.5s elapsed, c̃=0.5048256714, g_norm=6.71e-01
  p=14 start 1: 126 evals, 225783.8s elapsed, c̃=0.5195252582, g_norm=1.87e+00
  p=14 start 1: 127 evals, 227604.6s elapsed, c̃=0.4991693981, g_norm=8.84e-01
  p=14 start 1: 128 evals, 229545.7s elapsed, c̃=0.5984024446, g_norm=2.28e+01
  p=14 start 1: 129 evals, 231345.9s elapsed, c̃=0.5199701876, g_norm=2.01e+00
  p=14 start 1: 130 evals, 233109.2s elapsed, c̃=0.5023541583, g_norm=2.88e+00
  p=14 start 1: 131 evals, 234907.9s elapsed, c̃=0.5127206215, g_norm=2.28e+01
  p=14 start 1: 132 evals, 236691.0s elapsed, c̃=0.5123151790, g_norm=3.01e+00
  p=14 start 1: 133 evals, 238541.9s elapsed, c̃=0.5061275236, g_norm=4.15e+00
  p=14 start 1: 134 evals, 240407.3s elapsed, c̃=0.5453181738, g_norm=2.80e+01
  p=14 start 1: 135 evals, 242229.7s elapsed, c̃=0.5092469832, g_norm=1.61e+01
  p=14 start 1: 136 evals, 244008.6s elapsed, c̃=0.5119607690, g_norm=1.62e+00
  p=14 start 1: 137 evals, 245808.0s elapsed, c̃=0.5179131898, g_norm=9.07e+00
  p=14 start 1: 138 evals, 247596.7s elapsed, c̃=0.5587416462, g_norm=3.45e+01
  p=14 start 1: 139 evals, 249377.2s elapsed, c̃=0.5129413937, g_norm=3.37e+00
  p=14 start 1: 140 evals, 251154.1s elapsed, c̃=0.4894012726, g_norm=3.49e+00
  p=14 start 1: 141 evals, 252939.8s elapsed, c̃=0.5161337341, g_norm=4.54e+00
  p=14 start 1: 142 evals, 254743.5s elapsed, c̃=0.5382454234, g_norm=2.21e+01
  p=14 start 1: 143 evals, 256555.7s elapsed, c̃=0.5488377448, g_norm=3.76e+00
  p=14 start 1: 144 evals, 258360.4s elapsed, c̃=0.5047595293, g_norm=3.96e+00
  p=14 start 1: 145 evals, 260143.7s elapsed, c̃=0.5582298931, g_norm=1.34e+01
  p=14 start 1: 146 evals, 261901.0s elapsed, c̃=0.5010239928, g_norm=4.05e+00
  p=14 start 1: 147 evals, 263692.4s elapsed, c̃=0.5059038269, g_norm=1.38e+01
  p=14 start 1: 148 evals, 265515.3s elapsed, c̃=0.5126945997, g_norm=1.95e+00
  p=14 start 1: 149 evals, 267303.3s elapsed, c̃=0.4999052732, g_norm=1.33e+00
  p=14 start 1: 150 evals, 269165.6s elapsed, c̃=0.4979045548, g_norm=1.67e+00
  p=14 start 1: 151 evals, 270985.4s elapsed, c̃=0.4988308791, g_norm=5.47e-01
  p=14 start 1: 152 evals, 272756.7s elapsed, c̃=0.5045364827, g_norm=5.70e-01
  p=14 start 1: 153 evals, 274612.0s elapsed, c̃=0.5121115615, g_norm=1.24e+01
  p=14 start 1: 154 evals, 276400.4s elapsed, c̃=0.5128614208, g_norm=1.27e+00
  p=14 start 1: 155 evals, 278193.0s elapsed, c̃=0.5556493031, g_norm=5.69e+00
  p=14 start 1: 156 evals, 279960.0s elapsed, c̃=0.5020306203, g_norm=5.70e-01
  p=14 start 1: 157 evals, 281761.0s elapsed, c̃=0.5019262753, g_norm=1.81e+00
  p=14 start 1: 158 evals, 283555.3s elapsed, c̃=0.5393647069, g_norm=9.76e+00
  p=14 start 1: 159 evals, 285343.1s elapsed, c̃=0.5022029786, g_norm=4.63e-01
  p=14 start 1: 160 evals, 287114.0s elapsed, c̃=0.5043703662, g_norm=1.37e+00
slurmstepd: error: *** JOB 992637 ON swift-c3dnodeset-7 CANCELLED AT 2026-04-06T22:52:00 ***
