preserved run_id=20260403T033822-k3-d6-p14-15-r2-i320-s1234
preserved directory=/home/stephenjordan_google_com/qaoa-xorsat/scripts/../.project/results/optimization/runs/20260403T033822-k3-d6-p14-15-r2-i320-s1234
resuming from: /home/stephenjordan_google_com/qaoa-xorsat/.project/results/optimization/runs/20260401T022626-k3-d6-p11-15-r2-i320-s1234
warm-start from p=13: c̃=0.814420875297
[ Info: JIT warmup...
[ Info: JIT warmup complete, starting sweep
  p=14 start 1: 2 evals, 1730.3s elapsed, c̃=0.7191316120, g_norm=2.43e+00
  p=14 start 1: 3 evals, 3621.7s elapsed, c̃=0.4999999900, g_norm=1.88e-06
  p=14 start 1: 4 evals, 5415.0s elapsed, c̃=0.5001494320, g_norm=1.61e-03
  p=14 start 1: 5 evals, 7186.6s elapsed, c̃=0.5001414181, g_norm=1.47e-03
  p=14 start 1: 6 evals, 9051.8s elapsed, c̃=0.5001563408, g_norm=1.73e-03
  p=14 start 1: 7 evals, 10844.6s elapsed, c̃=0.5075996875, g_norm=1.00e-01
  p=14 start 1: 8 evals, 12707.7s elapsed, c̃=0.5100796576, g_norm=1.14e-01
  p=14 start 1: 9 evals, 14521.9s elapsed, c̃=0.5137898872, g_norm=1.09e-01
  p=14 start 1: 10 evals, 16302.2s elapsed, c̃=0.6108477614, g_norm=1.01e+00
  p=14 start 1: 11 evals, 18045.6s elapsed, c̃=0.6889981628, g_norm=1.94e+00
  p=14 start 1: 12 evals, 19701.4s elapsed, c̃=0.7103410640, g_norm=3.18e+00
  p=14 start 1: 13 evals, 21438.4s elapsed, c̃=0.7555391131, g_norm=3.30e+00
  p=14 start 1: 14 evals, 23222.7s elapsed, c̃=0.7139149894, g_norm=3.03e+00
  p=14 start 1: 15 evals, 24976.2s elapsed, c̃=0.7383800308, g_norm=2.68e+00
  p=14 start 1: 16 evals, 26827.9s elapsed, c̃=0.7546117057, g_norm=4.49e+00
  p=14 start 1: 17 evals, 28592.1s elapsed, c̃=0.7347977262, g_norm=4.51e+00
  p=14 start 1: 18 evals, 30359.2s elapsed, c̃=0.6767581814, g_norm=4.62e+00
  p=14 start 1: 19 evals, 32081.6s elapsed, c̃=0.7396159035, g_norm=1.66e+00
  p=14 start 1: 20 evals, 33836.9s elapsed, c̃=0.7394254357, g_norm=4.81e+00
  p=14 start 1: 21 evals, 35702.2s elapsed, c̃=0.7306143035, g_norm=3.31e+00
  p=14 start 1: 22 evals, 37532.2s elapsed, c̃=0.7458368723, g_norm=5.42e+00
  p=14 start 1: 23 evals, 39252.6s elapsed, c̃=0.7174467620, g_norm=2.78e+00
  p=14 start 1: 24 evals, 40893.8s elapsed, c̃=0.7153808473, g_norm=2.35e+00
  p=14 start 1: 25 evals, 42675.0s elapsed, c̃=0.7247058301, g_norm=1.70e+00
  p=14 start 1: 26 evals, 44457.8s elapsed, c̃=0.7299933415, g_norm=5.54e+00
  p=14 start 1: 27 evals, 46189.9s elapsed, c̃=0.7205192778, g_norm=1.93e+00
  p=14 start 1: 28 evals, 47801.1s elapsed, c̃=0.7544232634, g_norm=2.07e+00
  p=14 start 1: 29 evals, 49547.3s elapsed, c̃=0.7682996578, g_norm=2.91e+00
  p=14 start 1: 30 evals, 51373.0s elapsed, c̃=0.7387509822, g_norm=2.90e+00
  p=14 start 1: 31 evals, 53138.7s elapsed, c̃=0.7418350036, g_norm=3.07e+00
  p=14 start 1: 32 evals, 54960.0s elapsed, c̃=0.7330779072, g_norm=2.51e+00
  p=14 start 1: 33 evals, 56720.0s elapsed, c̃=0.7216109862, g_norm=2.68e+00
  p=14 start 1: 34 evals, 58443.9s elapsed, c̃=0.7443900861, g_norm=4.39e+00
  p=14 start 1: 35 evals, 60207.1s elapsed, c̃=0.7363317336, g_norm=3.15e+00
  p=14 start 1: 36 evals, 61925.8s elapsed, c̃=0.7161418235, g_norm=3.33e+00
  p=14 start 1: 37 evals, 63694.3s elapsed, c̃=0.7241130869, g_norm=2.67e+00
  p=14 start 1: 38 evals, 65446.0s elapsed, c̃=0.7741048390, g_norm=4.26e+00
  p=14 start 1: 39 evals, 67180.5s elapsed, c̃=0.7075793381, g_norm=2.55e+00
  p=14 start 1: 40 evals, 68963.7s elapsed, c̃=0.7217795455, g_norm=2.83e+00
  p=14 start 1: 41 evals, 70802.5s elapsed, c̃=0.7135532349, g_norm=5.68e+00
  p=14 start 1: 42 evals, 72478.4s elapsed, c̃=0.7460081819, g_norm=2.47e+00
  p=14 start 1: 43 evals, 74284.4s elapsed, c̃=0.6982920570, g_norm=2.20e+00
  p=14 start 1: 44 evals, 76161.7s elapsed, c̃=0.7409294004, g_norm=3.32e+00
  p=14 start 1: 45 evals, 77919.3s elapsed, c̃=0.7446678173, g_norm=2.36e+00
  p=14 start 1: 46 evals, 79650.8s elapsed, c̃=0.7351308430, g_norm=2.55e+00
  p=14 start 1: 47 evals, 81380.4s elapsed, c̃=0.7245165475, g_norm=2.17e+00
  p=14 start 1: 48 evals, 83154.7s elapsed, c̃=0.7149873066, g_norm=2.31e+00
  p=14 start 1: 49 evals, 84923.1s elapsed, c̃=0.7154652186, g_norm=2.62e+00
  p=14 start 1: 50 evals, 86649.3s elapsed, c̃=0.7674161423, g_norm=4.42e+00
  p=14 start 1: 51 evals, 88451.1s elapsed, c̃=0.7512217922, g_norm=3.34e+00
  p=14 start 1: 52 evals, 90128.2s elapsed, c̃=0.7346106643, g_norm=2.40e+00
  p=14 start 1: 53 evals, 91932.2s elapsed, c̃=0.7457300116, g_norm=2.39e+00
  p=14 start 1: 54 evals, 93690.4s elapsed, c̃=0.7145122653, g_norm=4.64e+00
  p=14 start 1: 55 evals, 95392.0s elapsed, c̃=0.7281559029, g_norm=4.22e+00
  p=14 start 1: 56 evals, 97103.6s elapsed, c̃=0.7182124355, g_norm=3.34e+00
  p=14 start 1: 57 evals, 98808.2s elapsed, c̃=0.7007278759, g_norm=2.86e+00
  p=14 start 1: 58 evals, 100550.0s elapsed, c̃=0.7270270998, g_norm=2.71e+00
  p=14 start 1: 59 evals, 102374.7s elapsed, c̃=0.7329185152, g_norm=2.38e+00
  p=14 start 1: 60 evals, 104123.4s elapsed, c̃=0.7520382560, g_norm=2.81e+00
  p=14 start 1: 61 evals, 105823.1s elapsed, c̃=0.7264666677, g_norm=2.16e+00
  p=14 start 1: 62 evals, 107588.6s elapsed, c̃=0.7624299802, g_norm=6.53e+00
  p=14 start 1: 63 evals, 109278.7s elapsed, c̃=0.6733619625, g_norm=2.74e+00
  p=14 start 1: 64 evals, 111021.5s elapsed, c̃=0.7275373424, g_norm=1.77e+00
  p=14 start 1: 65 evals, 112765.5s elapsed, c̃=0.7129105877, g_norm=2.61e+00
  p=14 start 1: 66 evals, 114530.8s elapsed, c̃=0.7240160224, g_norm=5.49e+00
  p=14 start 1: 67 evals, 116242.5s elapsed, c̃=0.7167799862, g_norm=3.45e+00
  p=14 start 1: 68 evals, 118011.4s elapsed, c̃=0.7189858638, g_norm=3.14e+00
  p=14 start 1: 69 evals, 119673.7s elapsed, c̃=0.7090545078, g_norm=2.55e+00
  p=14 start 1: 70 evals, 121431.7s elapsed, c̃=0.7416105330, g_norm=3.09e+00
  p=14 start 1: 71 evals, 123162.8s elapsed, c̃=0.7086475093, g_norm=2.84e+00
  p=14 start 1: 72 evals, 124980.8s elapsed, c̃=0.7429148639, g_norm=2.58e+00
  p=14 start 1: 73 evals, 126714.9s elapsed, c̃=0.7434820585, g_norm=4.30e+00
  p=14 start 1: 74 evals, 128447.4s elapsed, c̃=0.7705891302, g_norm=2.84e+00
  p=14 start 1: 75 evals, 130136.5s elapsed, c̃=0.7333400352, g_norm=4.32e+00
  p=14 start 1: 76 evals, 131931.1s elapsed, c̃=0.7523682775, g_norm=3.71e+00
  p=14 start 1: 77 evals, 133716.8s elapsed, c̃=0.7436081157, g_norm=3.52e+00
  p=14 start 1: 78 evals, 135551.2s elapsed, c̃=0.7340836806, g_norm=2.68e+00
  p=14 start 1: 79 evals, 137218.8s elapsed, c̃=0.7397680303, g_norm=2.12e+00
  p=14 start 1: 80 evals, 138958.5s elapsed, c̃=0.7295065308, g_norm=2.49e+00
  p=14 start 1: 81 evals, 140694.0s elapsed, c̃=0.7340466959, g_norm=2.62e+00
  p=14 start 1: 82 evals, 142377.9s elapsed, c̃=0.6918312181, g_norm=4.55e+00
  p=14 start 1: 83 evals, 144054.4s elapsed, c̃=0.7319840279, g_norm=4.38e+00
  p=14 start 1: 84 evals, 145782.3s elapsed, c̃=0.7437843188, g_norm=3.00e+00
  p=14 start 1: 85 evals, 147459.5s elapsed, c̃=0.7362856429, g_norm=6.73e+00
  p=14 start 1: 86 evals, 149315.9s elapsed, c̃=0.7315068537, g_norm=3.04e+00
  p=14 start 1: 87 evals, 151107.2s elapsed, c̃=0.7094884274, g_norm=2.86e+00
  p=14 start 1: 88 evals, 152845.4s elapsed, c̃=0.7232490104, g_norm=3.26e+00
  p=14 start 1: 89 evals, 154636.2s elapsed, c̃=0.7211775069, g_norm=1.89e+00
  p=14 start 1: 90 evals, 156464.9s elapsed, c̃=0.7160197429, g_norm=2.17e+00
  p=14 start 1: 91 evals, 158233.0s elapsed, c̃=0.7337738789, g_norm=2.46e+00
  p=14 start 1: 92 evals, 159929.8s elapsed, c̃=0.7346504982, g_norm=2.63e+00
  p=14 start 1: 93 evals, 161669.4s elapsed, c̃=0.7460882787, g_norm=5.85e+00
  p=14 start 1: 94 evals, 163458.1s elapsed, c̃=0.7588243127, g_norm=1.66e+00
  p=14 start 1: 95 evals, 165228.4s elapsed, c̃=0.7375370417, g_norm=3.57e+00
  p=14 start 1: 96 evals, 166968.0s elapsed, c̃=0.7241791233, g_norm=5.11e+00
  p=14 start 1: 97 evals, 168814.2s elapsed, c̃=0.7281837611, g_norm=6.76e+00
  p=14 start 1: 98 evals, 170593.6s elapsed, c̃=0.7527304640, g_norm=2.77e+00
  p=14 start 1: 99 evals, 172303.2s elapsed, c̃=0.7486274219, g_norm=2.31e+00
  p=14 start 1: 100 evals, 174002.0s elapsed, c̃=0.7139313600, g_norm=3.50e+00
  p=14 start 1: 101 evals, 175725.6s elapsed, c̃=0.7980017203, g_norm=3.62e+00
  p=14 start 1: 102 evals, 177499.7s elapsed, c̃=0.7540595869, g_norm=3.93e+00
  p=14 start 1: 103 evals, 179358.8s elapsed, c̃=0.7542933877, g_norm=2.43e+00
  p=14 start 1: 104 evals, 181137.9s elapsed, c̃=0.7242347050, g_norm=3.59e+00
  p=14 start 1: 105 evals, 182785.8s elapsed, c̃=0.7508680382, g_norm=2.06e+00
  p=14 start 1: 106 evals, 184626.1s elapsed, c̃=0.7588656583, g_norm=4.36e+00
  p=14 start 1: 107 evals, 186349.1s elapsed, c̃=0.7213381068, g_norm=2.34e+00
  p=14 start 1: 108 evals, 188027.5s elapsed, c̃=0.7369339847, g_norm=1.92e+00
  p=14 start 1: 109 evals, 189779.9s elapsed, c̃=0.7356643400, g_norm=2.34e+00
  p=14 start 1: 110 evals, 191458.4s elapsed, c̃=0.7566748212, g_norm=2.61e+00
  p=14 start 1: 111 evals, 193257.4s elapsed, c̃=0.7489681080, g_norm=2.81e+00
  p=14 start 1: 112 evals, 195015.0s elapsed, c̃=0.7437272052, g_norm=2.06e+00
  p=14 start 1: 113 evals, 196782.0s elapsed, c̃=0.7445370070, g_norm=2.70e+00
  p=14 start 1: 114 evals, 198519.6s elapsed, c̃=0.7606224357, g_norm=6.10e+00
  p=14 start 1: 115 evals, 200294.9s elapsed, c̃=0.7634445741, g_norm=3.28e+00
  p=14 start 1: 116 evals, 201923.1s elapsed, c̃=0.7705891302, g_norm=2.84e+00
  p=14 start 1: 117 evals, 203654.5s elapsed, c̃=0.7634445741, g_norm=3.28e+00
  p=14 start 1: 118 evals, 205455.9s elapsed, c̃=0.7705891302, g_norm=2.84e+00
  p=14 start 1: 119 evals, 207199.9s elapsed, c̃=0.7634445741, g_norm=3.28e+00
  p=14 start 1: 120 evals, 208885.6s elapsed, c̃=0.7705891302, g_norm=2.84e+00
  p=14 start 1: 121 evals, 210619.8s elapsed, c̃=0.7634445741, g_norm=3.28e+00
  p=14 start 1: 122 evals, 212413.0s elapsed, c̃=0.7705891302, g_norm=2.84e+00
  p=14 start 1: 123 evals, 214071.5s elapsed, c̃=0.7634445741, g_norm=3.28e+00
  p=14 start 1: 124 evals, 215772.5s elapsed, c̃=0.7705891302, g_norm=2.84e+00
  p=14 start 1: 125 evals, 217511.7s elapsed, c̃=0.7634445741, g_norm=3.28e+00
  p=14 start 1: 126 evals, 219268.2s elapsed, c̃=0.7705891302, g_norm=2.84e+00
  p=14 start 1: 127 evals, 221064.2s elapsed, c̃=0.7634445741, g_norm=3.28e+00
  p=14 start 1: 128 evals, 222847.4s elapsed, c̃=0.7705891302, g_norm=2.84e+00
  p=14 start 1: 129 evals, 224619.5s elapsed, c̃=0.7634445741, g_norm=3.28e+00
  p=14 start 1: 130 evals, 226395.6s elapsed, c̃=0.7705891302, g_norm=2.84e+00
  p=14 start 1: 131 evals, 228095.3s elapsed, c̃=0.7634445741, g_norm=3.28e+00
  p=14 start 1: 132 evals, 229852.4s elapsed, c̃=0.7705891302, g_norm=2.84e+00
  p=14 start 1: 133 evals, 231527.2s elapsed, c̃=0.7634445741, g_norm=3.28e+00
  p=14 start 1: 134 evals, 233281.0s elapsed, c̃=0.7705891302, g_norm=2.84e+00
  p=14 start 1: 135 evals, 235057.0s elapsed, c̃=0.7634445741, g_norm=3.28e+00
  p=14 start 1: 136 evals, 236795.3s elapsed, c̃=0.7705891302, g_norm=2.84e+00
  p=14 start 1: 137 evals, 238638.1s elapsed, c̃=0.7634445741, g_norm=3.28e+00
  p=15 start 1: 2 evals, 8788.7s elapsed, c̃=0.5579667310, g_norm=4.85e+01
/var/spool/slurmd/job992634/slurm_script: line 52:  9073 Killed                  julia --project=. -t "$THREADS" scripts/optimize_qaoa.jl "$CONFIG"
slurmstepd: error: Detected 1 oom_kill event in StepId=992634.batch. Some of the step tasks have been OOM Killed.
