=== QAOA Double64 Swarm ===
Task:  3 / 15
Pair:  k=3, D=6
Node:  swift-c3dnodesetssd-16
CPUs:  28
Start: Fri Apr 10 23:52:28 UTC 2026
Job:   1326055_3

--- Node diagnostics ---
Hostname: swift-c3dnodesetssd-16
Memory:                  total        used        free      shared  buff/cache   available
Mem:           1.4Ti       9.1Gi       1.4Ti       3.3Mi       2.2Gi       1.4Ti
Disk:     10.17.247.218:/nfsshare   25T   15T  9.6T  60% /home
Julia:    /home/stephenjordan_google_com/julia-1.12.5/bin/julia
Git HEAD: 411f899

Checking Julia environment...
Environment ready.

Starting swarm_chain_d64.jl with 28 threads at Fri Apr 10 23:52:34 UTC 2026
# swarm-d64 chain: k=3, D=6, p=1-15, pop=100, gens=10, burst=20, seed=42
k,D,p,ctilde,evals,wall_seconds,gamma,beta
# p=1 gen  1: best_d64=0.6407188685  pop=100
# p=1 gen  2: best_d64=0.6407188685  pop=100
# p=1 gen  3: best_d64=0.6407188685  pop=100
# p=1 gen  4: best_d64=0.6407188685  pop=100
# p=1 gen  4: best_d64=0.6407188685  pop=-1
3,6,1,0.640718868498,5492,5.2,0.44225821675515053,0.2883436771044954
# p=2 gen  1: best_d64=0.6917989458  pop=100
# p=2 gen  2: best_d64=0.6917989458  pop=100
# p=2 gen  3: best_d64=0.6917989458  pop=100
# p=2 gen  4: best_d64=0.6917989458  pop=100
# p=2 gen  4: best_d64=0.6917989458  pop=-1
3,6,2,0.691798945824,11523,0.8,0.33797609362906633;5.718461684911488,1.2147710732033787;2.9323000683873226
# p=3 gen  1: best_d64=0.7232487546  pop=100
# p=3 gen  2: best_d64=0.7232487546  pop=100
# p=3 gen  3: best_d64=0.7232487546  pop=100
# p=3 gen  4: best_d64=0.7232487546  pop=100
# p=3 gen  4: best_d64=0.7232487546  pop=-1
3,6,3,0.723248754631,16610,2.1,0.2897617588353757;5.796067661634588;5.724470035677665,1.1933200198340024;2.8589022199175265;2.9695427874922378
# p=4 gen  1: best_d64=0.7444820666  pop=100
# p=4 gen  2: best_d64=0.7444820666  pop=100
# p=4 gen  3: best_d64=0.7444820666  pop=100
# p=4 gen  4: best_d64=0.7444820666  pop=100
# p=4 gen  4: best_d64=0.7444820666  pop=-1
3,6,4,0.744482066636,18865,8.6,2.8816488670165574;2.7011327021087657;3.634482588531094;5.725052516651321,0.3826052158197886;1.8759236277615734;1.822078969759328;1.718742964738662
# p=5 gen  1: best_d64=0.7472136196  pop=100
# p=5 gen  2: best_d64=0.7515839406  pop=100
# p=5 gen  3: best_d64=0.7515839406  pop=100
# p=5 gen  4: best_d64=0.7515839406  pop=100
# p=5 gen  5: best_d64=0.7515839406  pop=100
# p=5 gen  5: best_d64=0.7515839406  pop=-1
3,6,5,0.751583940550,25269,54.6,0.3867654024683608;5.633081287488239;3.5765987967490087;0.4956980332902991;0.5586174978857943,0.07619866012839165;1.2520885347414514;2.850462995104328;2.9003067795121353;1.4315249103645133
# p=6 gen  1: best_d64=0.7604161871  pop=100
# p=6 gen  2: best_d64=0.7722408027  pop=100
# p=6 gen  3: best_d64=0.7722408532  pop=100
# p=6 gen  4: best_d64=0.7722408532  pop=100
# p=6 gen  5: best_d64=0.7722408532  pop=100
# p=6 gen  6: best_d64=0.7722408532  pop=100
# p=6 gen  6: best_d64=0.7722408532  pop=-1
3,6,6,0.772240853157,32349,337.6,6.0588329977979125;3.531666035639205;5.861344032019044;2.692928807425507;0.49385161561160246;0.5587976040715459,1.1847014319234226;1.255365347165606;2.856111163659318;1.3120922949137803;2.9260119045009385;1.4536960849122054
# p=7 gen  1: best_d64=0.7548559381  pop=100
# p=7 gen  2: best_d64=0.7649607662  pop=100
# p=7 gen  3: best_d64=0.7663746136  pop=100
# p=7 gen  4: best_d64=0.7663793768  pop=100
# p=7 gen  5: best_d64=0.7756699955  pop=100
# p=7 gen  6: best_d64=0.7756704741  pop=100
# p=7 gen  7: best_d64=0.7756704741  pop=100
# p=7 gen  8: best_d64=0.7756704742  pop=100
# p=7 gen  9: best_d64=0.7756704742  pop=100
# p=7 gen  9: best_d64=0.7756704742  pop=-1
3,6,7,0.775670474184,51017,2390.3,2.923428225025433;2.7599872385572373;5.871600243162262;2.706258869827958;3.5875124223094192;0.5813077454635771;4.053792051026794,0.3864583499140311;0.3164737044851079;0.28859397167109785;1.8411876669405127;0.23050618707186465;1.6951298963709398;1.5098920302529646
# p=8 gen  1: best_d64=0.7567742130  pop=100
# p=8 gen  2: best_d64=0.7648487317  pop=100
# p=8 gen  3: best_d64=0.7727866627  pop=100
# p=8 gen  4: best_d64=0.7764195735  pop=100
# p=8 gen  5: best_d64=0.7764197072  pop=100
# p=8 gen  6: best_d64=0.7764197160  pop=100
# p=8 gen  7: best_d64=0.7764197160  pop=100
# p=8 gen  8: best_d64=0.7764197160  pop=100
# p=8 gen  9: best_d64=0.7764197161  pop=100
# p=8 gen  9: best_d64=0.7764197161  pop=-1
3,6,8,0.776419716102,53008,10375.9,3.5118721734555547;5.681469322432628;2.754621827564192;0.425374637825967;5.068589552639751;3.9045091358455006;5.783521635668388;0.5608251971107475,0.06252961221745654;2.817939269346647;1.2671794989254075;1.290892032398155;3.1361348402106;2.8842481234036406;1.3616376035235824;1.4581211552397324
# p=9 gen  1: best_d64=0.7625810039  pop=100
# p=9 gen  2: best_d64=0.7660842776  pop=100
# p=9 gen  3: best_d64=0.7745747459  pop=100
# p=9 gen  4: best_d64=0.7763232893  pop=100
# p=9 gen  5: best_d64=0.7866305942  pop=100
# p=9 gen  6: best_d64=0.7866390593  pop=100
# p=9 gen  7: best_d64=0.7866390638  pop=100
# p=9 gen  8: best_d64=0.7866390638  pop=100
# p=9 gen  9: best_d64=0.7866390638  pop=100
# p=9 gen 10: best_d64=0.7866390638  pop=100
# p=9 gen 10: best_d64=0.7866390638  pop=-1
3,6,9,0.786639063770,60844,55893.2,3.3480432915789953;0.3618083631908845;2.726702397365843;3.2493646966197622;3.699090311964465;3.0215257428906583;2.525096189369632;3.6382814135737864;2.581150504335689,2.7562170603057905;1.2574775620925616;2.60613504418072;1.7805721296604335;2.677288436395156;1.7462723424485955;1.327988256010594;1.3772917854745725;3.040491054989327
# p=10 gen  1: best_d64=0.7935074152  pop=100
# p=10 gen  2: best_d64=0.7935081131  pop=100
# p=10 gen  3: best_d64=0.7935081172  pop=100
=== QAOA Double64 Swarm ===
Task:  3 / 15
Pair:  k=3, D=6
Node:  swift-c3dnodesetssd-2
CPUs:  28
Start: Wed Apr 15 04:31:02 UTC 2026
Job:   1357786_3

--- Node diagnostics ---
Hostname: swift-c3dnodesetssd-2
Memory:                  total        used        free      shared  buff/cache   available
Mem:           1.4Ti       9.2Gi       1.4Ti       3.3Mi       2.4Gi       1.4Ti
Disk:     10.17.247.218:/nfsshare   25T   15T  9.5T  61% /home
Julia:    /home/stephenjordan_google_com/julia-1.12.5/bin/julia
Git HEAD: 605aa66

Removing stale results/swarm-d64-k3d6.csv
Checking Julia environment...
Environment ready.

Starting swarm_chain_d64.jl with 28 threads at Wed Apr 15 04:31:08 UTC 2026
# swarm-d64 chain: k=3, D=6, p=1-15, pop=100, gens=10, burst=20, seed=42
k,D,p,ctilde,evals,wall_seconds,gamma,beta
# p=1 gen  1: best_d64=0.6407188685  pop=100
# p=1 gen  2: best_d64=0.6407188685  pop=100
# p=1 gen  3: best_d64=0.6407188685  pop=100
# p=1 gen  4: best_d64=0.6407188685  pop=100
# p=1 gen  4: best_d64=0.6407188685  pop=-1
3,6,1,0.640718868498,5498,5.2,0.44225821675515053,0.2883436771044954
# p=2 gen  1: best_d64=0.6917989458  pop=100
# p=2 gen  2: best_d64=0.6917989458  pop=100
# p=2 gen  3: best_d64=0.6917989458  pop=100
# p=2 gen  4: best_d64=0.6917989458  pop=100
# p=2 gen  4: best_d64=0.6917989458  pop=-1
3,6,2,0.691798945824,11524,0.8,0.33797609362906633;5.718461684911488,1.2147710732033787;2.9323000683873226
# p=3 gen  1: best_d64=0.7232487546  pop=100
# p=3 gen  2: best_d64=0.7232487546  pop=100
# p=3 gen  3: best_d64=0.7232487546  pop=100
# p=3 gen  4: best_d64=0.7232487546  pop=100
# p=3 gen  4: best_d64=0.7232487546  pop=-1
3,6,3,0.723248754631,16542,2.1,0.2897617588353757;5.796067661634588;5.724470035677665,1.1933200198340024;2.8589022199175265;2.9695427874922378
# p=4 gen  1: best_d64=0.7444820666  pop=100
# p=4 gen  2: best_d64=0.7444820666  pop=100
# p=4 gen  3: best_d64=0.7444820666  pop=100
# p=4 gen  4: best_d64=0.7444820666  pop=100
# p=4 gen  4: best_d64=0.7444820666  pop=-1
3,6,4,0.744482066636,19052,8.7,2.8816488670165574;2.7011327021087657;3.634482588531094;5.725052516651321,0.3826052158197886;1.8759236277615734;1.822078969759328;1.718742964738662
# p=5 gen  1: best_d64=0.7472136196  pop=100
# p=5 gen  2: best_d64=0.7515839406  pop=100
# p=5 gen  3: best_d64=0.7515839406  pop=100
# p=5 gen  4: best_d64=0.7515839406  pop=100
# p=5 gen  5: best_d64=0.7515839406  pop=100
# p=5 gen  5: best_d64=0.7515839406  pop=-1
3,6,5,0.751583940550,25205,54.3,0.3867654024683608;5.633081287488239;3.5765987967490087;0.4956980332902991;0.5586174978857943,0.07619866012839165;1.2520885347414514;2.850462995104328;2.9003067795121353;1.4315249103645133
# p=6 gen  1: best_d64=0.7604161871  pop=100
# p=6 gen  2: best_d64=0.7722408027  pop=100
# p=6 gen  3: best_d64=0.7722408532  pop=100
# p=6 gen  4: best_d64=0.7722408532  pop=100
# p=6 gen  5: best_d64=0.7722408532  pop=100
# p=6 gen  6: best_d64=0.7722408532  pop=100
# p=6 gen  6: best_d64=0.7722408532  pop=-1
3,6,6,0.772240853157,32349,335.3,6.0588329977979125;3.531666035639205;5.861344032019044;2.692928807425507;0.49385161561160246;0.5587976040715459,1.1847014319234226;1.255365347165606;2.856111163659318;1.3120922949137803;2.9260119045009385;1.4536960849122054
# p=7 gen  1: best_d64=0.7548559381  pop=100
# p=7 gen  2: best_d64=0.7649607662  pop=100
# p=7 gen  3: best_d64=0.7663746136  pop=100
# p=7 gen  4: best_d64=0.7663793768  pop=100
# p=7 gen  5: best_d64=0.7756699955  pop=100
# p=7 gen  6: best_d64=0.7756704741  pop=100
# p=7 gen  7: best_d64=0.7756704741  pop=100
# p=7 gen  8: best_d64=0.7756704742  pop=100
# p=7 gen  9: best_d64=0.7756704742  pop=100
# p=7 gen  9: best_d64=0.7756704742  pop=-1
3,6,7,0.775670474184,50964,2373.0,2.923428225025433;2.7599872385572373;5.871600243162262;2.706258869827958;3.5875124223094192;0.5813077454635771;4.053792051026794,0.3864583499140311;0.3164737044851079;0.28859397167109785;1.8411876669405127;0.23050618707186465;1.6951298963709398;1.5098920302529646
# p=8 gen  1: best_d64=0.7567742130  pop=100
# p=8 gen  2: best_d64=0.7648487317  pop=100
# p=8 gen  3: best_d64=0.7727866627  pop=100
# p=8 gen  4: best_d64=0.7764195735  pop=100
# p=8 gen  5: best_d64=0.7764197072  pop=100
# p=8 gen  6: best_d64=0.7764197160  pop=100
# p=8 gen  7: best_d64=0.7764197160  pop=100
# p=8 gen  8: best_d64=0.7764197160  pop=100
# p=8 gen  9: best_d64=0.7764197161  pop=100
# p=8 gen  9: best_d64=0.7764197161  pop=-1
3,6,8,0.776419716102,53008,10312.7,3.5118721734555547;5.681469322432628;2.754621827564192;0.425374637825967;5.068589552639751;3.9045091358455006;5.783521635668388;0.5608251971107475,0.06252961221745654;2.817939269346647;1.2671794989254075;1.290892032398155;3.1361348402106;2.8842481234036406;1.3616376035235824;1.4581211552397324
# p=9 gen  1: best_d64=0.7625810039  pop=100
# p=9 gen  2: best_d64=0.7660842776  pop=100
# p=9 gen  3: best_d64=0.7745747459  pop=100
# p=9 gen  4: best_d64=0.7763232893  pop=100
# p=9 gen  5: best_d64=0.7866305942  pop=100
# p=9 gen  6: best_d64=0.7866390593  pop=100
# p=9 gen  7: best_d64=0.7866390638  pop=100
# p=9 gen  8: best_d64=0.7866390638  pop=100
# p=9 gen  9: best_d64=0.7866390638  pop=100
# p=9 gen 10: best_d64=0.7866390638  pop=100
# p=9 gen 10: best_d64=0.7866390638  pop=-1
3,6,9,0.786639063770,60844,55421.9,3.3480432915789953;0.3618083631908845;2.726702397365843;3.2493646966197622;3.699090311964465;3.0215257428906583;2.525096189369632;3.6382814135737864;2.581150504335689,2.7562170603057905;1.2574775620925616;2.60613504418072;1.7805721296604335;2.677288436395156;1.7462723424485955;1.327988256010594;1.3772917854745725;3.040491054989327
# p=10 gen  1: best_d64=0.7935074152  pop=100
# p=10 gen  2: best_d64=0.7935081131  pop=100
# p=10 gen  3: best_d64=0.7935081172  pop=100
# p=10 gen  4: best_d64=0.7935081172  pop=100
# p=10 gen  5: best_d64=0.7935081172  pop=100
# p=10 gen  6: best_d64=0.7935081172  pop=100
# p=10 gen  6: best_d64=0.7935081172  pop=-1
3,6,10,0.793508117233,37379,167441.7,3.339882850533628;0.3501083507442662;2.7385300833238597;3.244699103536203;3.67534038522887;3.018340493792828;2.5524814643585687;3.5864745753556804;2.645300285423854;2.5794990604317207,2.757140378639507;1.258612837455748;2.606088016514378;1.7777660534288644;2.685228712074266;1.7294230997801057;1.310180765667368;1.3424609484568815;2.9575512515585136;3.0486964219149484
# p=11 gen  1: best_d64=0.7994311974  pop=100
# p=11 gen  2: best_d64=0.7994316652  pop=100
=== QAOA Double64 Swarm ===
Task:  3 / 15
Pair:  k=3, D=6
Node:  swift-c3dnodesetssd-2
CPUs:  28
Start: Tue Apr 21 14:12:25 UTC 2026
Job:   1357786_3

--- Node diagnostics ---
Hostname: swift-c3dnodesetssd-2
Memory:                  total        used        free      shared  buff/cache   available
Mem:           1.4Ti       9.0Gi       1.4Ti       3.3Mi       2.2Gi       1.4Ti
Disk:     10.17.247.218:/nfsshare   25T   15T  9.2T  62% /home
Julia:    /home/stephenjordan_google_com/julia-1.12.5/bin/julia
Git HEAD: 7b59647

Removing stale results/swarm-d64-k3d6.csv
Checking Julia environment...
Precompiling packages...
    QaoaXorsat Being precompiled by another machine (hostname: swift-c3dnodesetssd-10, pid: 9762, pidfile: /home/stephenjordan_google_com/.julia/compiled/v1.12/QaoaXorsat/qgVWo_H0iNu.ji.pidfile)
  80988.1 ms  ✓ QaoaXorsat
  1 dependency successfully precompiled in 84 seconds. 52 already precompiled.
Environment ready.

Starting swarm_chain_d64.jl with 28 threads at Tue Apr 21 14:14:06 UTC 2026
# swarm-d64 chain: k=3, D=6, p=1-15, pop=100, gens=10, burst=20, seed=42
k,D,p,ctilde,evals,wall_seconds,gamma,beta
# p=1 gen  1: best_d64=0.6407188685  pop=100
# p=1 gen  2: best_d64=0.6407188685  pop=100
# p=1 gen  3: best_d64=0.6407188685  pop=100
# p=1 gen  4: best_d64=0.6407188685  pop=100
# p=1 gen  4: best_d64=0.6407188685  pop=-1
3,6,1,0.640718868498,5557,5.1,0.44225821675515053,0.2883436771044954
# p=2 gen  1: best_d64=0.6917989458  pop=100
# p=2 gen  2: best_d64=0.6917989458  pop=100
# p=2 gen  3: best_d64=0.6917989458  pop=100
# p=2 gen  4: best_d64=0.6917989458  pop=100
# p=2 gen  4: best_d64=0.6917989458  pop=-1
3,6,2,0.691798945824,11522,0.8,0.33797609362906633;5.718461684911488,1.2147710732033787;2.9323000683873226
# p=3 gen  1: best_d64=0.7232487546  pop=100
# p=3 gen  2: best_d64=0.7232487546  pop=100
# p=3 gen  3: best_d64=0.7232487546  pop=100
# p=3 gen  4: best_d64=0.7232487546  pop=100
# p=3 gen  4: best_d64=0.7232487546  pop=-1
3,6,3,0.723248754631,16645,1.7,0.2897617588353757;5.796067661634588;5.724470035677665,1.1933200198340024;2.8589022199175265;2.9695427874922378
# p=4 gen  1: best_d64=0.7444820666  pop=100
# p=4 gen  2: best_d64=0.7444820666  pop=100
# p=4 gen  3: best_d64=0.7444820666  pop=100
# p=4 gen  4: best_d64=0.7444820666  pop=100
# p=4 gen  4: best_d64=0.7444820666  pop=-1
3,6,4,0.744482066636,19154,5.9,2.8816488670165574;2.7011327021087657;3.634482588531094;5.725052516651321,0.3826052158197886;1.8759236277615734;1.822078969759328;1.718742964738662
# p=5 gen  1: best_d64=0.7472136196  pop=100
# p=5 gen  2: best_d64=0.7515839406  pop=100
# p=5 gen  3: best_d64=0.7515839406  pop=100
# p=5 gen  4: best_d64=0.7515839406  pop=100
# p=5 gen  5: best_d64=0.7515839406  pop=100
# p=5 gen  5: best_d64=0.7515839406  pop=-1
3,6,5,0.751583940550,25320,35.2,0.3867654024683608;5.633081287488239;3.5765987967490087;0.4956980332902991;0.5586174978857943,0.07619866012839165;1.2520885347414514;2.850462995104328;2.9003067795121353;1.4315249103645133
# p=6 gen  1: best_d64=0.7604161871  pop=100
# p=6 gen  2: best_d64=0.7722408027  pop=100
# p=6 gen  3: best_d64=0.7722408532  pop=100
# p=6 gen  4: best_d64=0.7722408532  pop=100
# p=6 gen  5: best_d64=0.7722408532  pop=100
# p=6 gen  6: best_d64=0.7722408532  pop=100
# p=6 gen  6: best_d64=0.7722408532  pop=-1
3,6,6,0.772240853157,32349,201.1,6.0588329977979125;3.531666035639205;5.861344032019044;2.692928807425507;0.49385161561160246;0.5587976040715459,1.1847014319234226;1.255365347165606;2.856111163659318;1.3120922949137803;2.9260119045009385;1.4536960849122054
# p=7 gen  1: best_d64=0.7548559381  pop=100
# p=7 gen  2: best_d64=0.7649607662  pop=100
# p=7 gen  3: best_d64=0.7663746136  pop=100
# p=7 gen  4: best_d64=0.7663793768  pop=100
# p=7 gen  5: best_d64=0.7756699955  pop=100
# p=7 gen  6: best_d64=0.7756704741  pop=100
# p=7 gen  7: best_d64=0.7756704741  pop=100
# p=7 gen  8: best_d64=0.7756704742  pop=100
# p=7 gen  9: best_d64=0.7756704742  pop=100
# p=7 gen  9: best_d64=0.7756704742  pop=-1
3,6,7,0.775670474184,51017,1442.3,2.923428225025433;2.7599872385572373;5.871600243162262;2.706258869827958;3.5875124223094192;0.5813077454635771;4.053792051026794,0.3864583499140311;0.3164737044851079;0.28859397167109785;1.8411876669405127;0.23050618707186465;1.6951298963709398;1.5098920302529646
# p=8 gen  1: best_d64=0.7567742130  pop=100
# p=8 gen  2: best_d64=0.7648487317  pop=100
# p=8 gen  3: best_d64=0.7727866627  pop=100
# p=8 gen  4: best_d64=0.7764195735  pop=100
# p=8 gen  5: best_d64=0.7764197072  pop=100
# p=8 gen  6: best_d64=0.7764197160  pop=100
# p=8 gen  7: best_d64=0.7764197160  pop=100
# p=8 gen  8: best_d64=0.7764197160  pop=100
# p=8 gen  9: best_d64=0.7764197161  pop=100
# p=8 gen  9: best_d64=0.7764197161  pop=-1
3,6,8,0.776419716102,53008,5954.3,3.5118721734555547;5.681469322432628;2.754621827564192;0.425374637825967;5.068589552639751;3.9045091358455006;5.783521635668388;0.5608251971107475,0.06252961221745654;2.817939269346647;1.2671794989254075;1.290892032398155;3.1361348402106;2.8842481234036406;1.3616376035235824;1.4581211552397324
# p=9 gen  1: best_d64=0.7625810039  pop=100
# p=9 gen  2: best_d64=0.7660842776  pop=100
# p=9 gen  3: best_d64=0.7745747459  pop=100
# p=9 gen  4: best_d64=0.7763232893  pop=100
# p=9 gen  5: best_d64=0.7866305942  pop=100
=== QAOA Double64 Swarm ===
Task:  3 / 15
Pair:  k=3, D=6
Node:  swift-c3dnodesetssd-2
CPUs:  28
Start: Tue Apr 21 20:55:32 UTC 2026
Job:   1357786_3

--- Node diagnostics ---
Hostname: swift-c3dnodesetssd-2
Memory:                  total        used        free      shared  buff/cache   available
Mem:           1.4Ti       9.1Gi       1.4Ti       3.3Mi       2.2Gi       1.4Ti
Disk:     10.17.247.218:/nfsshare   25T   15T  9.1T  62% /home
Julia:    /home/stephenjordan_google_com/julia-1.12.5/bin/julia
Git HEAD: 7b59647

Removing stale results/swarm-d64-k3d6.csv
Checking Julia environment...
Environment ready.

Starting swarm_chain_d64.jl with 28 threads at Tue Apr 21 20:55:35 UTC 2026
# swarm-d64 chain: k=3, D=6, p=1-15, pop=100, gens=10, burst=20, seed=42
k,D,p,ctilde,evals,wall_seconds,gamma,beta
# p=1 gen  1: best_d64=0.6407188685  pop=100
# p=1 gen  2: best_d64=0.6407188685  pop=100
# p=1 gen  3: best_d64=0.6407188685  pop=100
# p=1 gen  4: best_d64=0.6407188685  pop=100
# p=1 gen  4: best_d64=0.6407188685  pop=-1
3,6,1,0.640718868498,5548,5.1,0.44225821675515053,0.2883436771044954
# p=2 gen  1: best_d64=0.6917989458  pop=100
# p=2 gen  2: best_d64=0.6917989458  pop=100
# p=2 gen  3: best_d64=0.6917989458  pop=100
# p=2 gen  4: best_d64=0.6917989458  pop=100
# p=2 gen  4: best_d64=0.6917989458  pop=-1
3,6,2,0.691798945824,11525,0.9,0.33797609362906633;5.718461684911488,1.2147710732033787;2.9323000683873226
# p=3 gen  1: best_d64=0.7232487546  pop=100
# p=3 gen  2: best_d64=0.7232487546  pop=100
# p=3 gen  3: best_d64=0.7232487546  pop=100
# p=3 gen  4: best_d64=0.7232487546  pop=100
# p=3 gen  4: best_d64=0.7232487546  pop=-1
3,6,3,0.723248754631,16687,1.7,0.2897617588353757;5.796067661634588;5.724470035677665,1.1933200198340024;2.8589022199175265;2.9695427874922378
# p=4 gen  1: best_d64=0.7444820666  pop=100
# p=4 gen  2: best_d64=0.7444820666  pop=100
# p=4 gen  3: best_d64=0.7444820666  pop=100
# p=4 gen  4: best_d64=0.7444820666  pop=100
# p=4 gen  4: best_d64=0.7444820666  pop=-1
3,6,4,0.744482066636,19109,5.8,2.8816488670165574;2.7011327021087657;3.634482588531094;5.725052516651321,0.3826052158197886;1.8759236277615734;1.822078969759328;1.718742964738662
# p=5 gen  1: best_d64=0.7472136196  pop=100
# p=5 gen  2: best_d64=0.7515839406  pop=100
# p=5 gen  3: best_d64=0.7515839406  pop=100
# p=5 gen  4: best_d64=0.7515839406  pop=100
# p=5 gen  5: best_d64=0.7515839406  pop=100
# p=5 gen  5: best_d64=0.7515839406  pop=-1
3,6,5,0.751583940550,25403,35.6,0.3867654024683608;5.633081287488239;3.5765987967490087;0.4956980332902991;0.5586174978857943,0.07619866012839165;1.2520885347414514;2.850462995104328;2.9003067795121353;1.4315249103645133
# p=6 gen  1: best_d64=0.7604161871  pop=100
# p=6 gen  2: best_d64=0.7722408027  pop=100
# p=6 gen  3: best_d64=0.7722408532  pop=100
# p=6 gen  4: best_d64=0.7722408532  pop=100
# p=6 gen  5: best_d64=0.7722408532  pop=100
# p=6 gen  6: best_d64=0.7722408532  pop=100
# p=6 gen  6: best_d64=0.7722408532  pop=-1
3,6,6,0.772240853157,32287,202.7,6.0588329977979125;3.531666035639205;5.861344032019044;2.692928807425507;0.49385161561160246;0.5587976040715459,1.1847014319234226;1.255365347165606;2.856111163659318;1.3120922949137803;2.9260119045009385;1.4536960849122054
# p=7 gen  1: best_d64=0.7548559381  pop=100
# p=7 gen  2: best_d64=0.7649607662  pop=100
# p=7 gen  3: best_d64=0.7663746136  pop=100
=== QAOA Double64 Swarm ===
Task:  3 / 15
Pair:  k=3, D=6
Node:  swift-c3dnodesetssd-2
CPUs:  28
Start: Tue Apr 21 21:13:32 UTC 2026
Job:   1357786_3

--- Node diagnostics ---
Hostname: swift-c3dnodesetssd-2
Memory:                  total        used        free      shared  buff/cache   available
Mem:           1.4Ti       9.1Gi       1.4Ti       3.3Mi       2.4Gi       1.4Ti
Disk:     10.17.247.218:/nfsshare   25T   15T  9.1T  62% /home
Julia:    /home/stephenjordan_google_com/julia-1.12.5/bin/julia
Git HEAD: 7b59647

Removing stale results/swarm-d64-k3d6.csv
Checking Julia environment...
Environment ready.

Starting swarm_chain_d64.jl with 28 threads at Tue Apr 21 21:13:35 UTC 2026
# swarm-d64 chain: k=3, D=6, p=1-15, pop=100, gens=10, burst=20, seed=42
k,D,p,ctilde,evals,wall_seconds,gamma,beta
# p=1 gen  1: best_d64=0.6407188685  pop=100
# p=1 gen  2: best_d64=0.6407188685  pop=100
# p=1 gen  3: best_d64=0.6407188685  pop=100
# p=1 gen  4: best_d64=0.6407188685  pop=100
# p=1 gen  4: best_d64=0.6407188685  pop=-1
3,6,1,0.640718868498,5511,5.1,0.44225821675515053,0.2883436771044954
# p=2 gen  1: best_d64=0.6917989458  pop=100
# p=2 gen  2: best_d64=0.6917989458  pop=100
# p=2 gen  3: best_d64=0.6917989458  pop=100
# p=2 gen  4: best_d64=0.6917989458  pop=100
# p=2 gen  4: best_d64=0.6917989458  pop=-1
3,6,2,0.691798945824,11524,0.8,0.33797609362906633;5.718461684911488,1.2147710732033787;2.9323000683873226
# p=3 gen  1: best_d64=0.7232487546  pop=100
# p=3 gen  2: best_d64=0.7232487546  pop=100
# p=3 gen  3: best_d64=0.7232487546  pop=100
# p=3 gen  4: best_d64=0.7232487546  pop=100
# p=3 gen  4: best_d64=0.7232487546  pop=-1
3,6,3,0.723248754631,16688,1.7,0.2897617588353757;5.796067661634588;5.724470035677665,1.1933200198340024;2.8589022199175265;2.9695427874922378
# p=4 gen  1: best_d64=0.7444820666  pop=100
# p=4 gen  2: best_d64=0.7444820666  pop=100
# p=4 gen  3: best_d64=0.7444820666  pop=100
# p=4 gen  4: best_d64=0.7444820666  pop=100
# p=4 gen  4: best_d64=0.7444820666  pop=-1
3,6,4,0.744482066636,19058,5.9,2.8816488670165574;2.7011327021087657;3.634482588531094;5.725052516651321,0.3826052158197886;1.8759236277615734;1.822078969759328;1.718742964738662
# p=5 gen  1: best_d64=0.7472136196  pop=100
# p=5 gen  2: best_d64=0.7515839406  pop=100
# p=5 gen  3: best_d64=0.7515839406  pop=100
# p=5 gen  4: best_d64=0.7515839406  pop=100
# p=5 gen  5: best_d64=0.7515839406  pop=100
# p=5 gen  5: best_d64=0.7515839406  pop=-1
3,6,5,0.751583940550,25346,35.7,0.3867654024683608;5.633081287488239;3.5765987967490087;0.4956980332902991;0.5586174978857943,0.07619866012839165;1.2520885347414514;2.850462995104328;2.9003067795121353;1.4315249103645133
# p=6 gen  1: best_d64=0.7604161871  pop=100
# p=6 gen  2: best_d64=0.7722408027  pop=100
# p=6 gen  3: best_d64=0.7722408532  pop=100
# p=6 gen  4: best_d64=0.7722408532  pop=100
# p=6 gen  5: best_d64=0.7722408532  pop=100
# p=6 gen  6: best_d64=0.7722408532  pop=100
# p=6 gen  6: best_d64=0.7722408532  pop=-1
3,6,6,0.772240853157,32346,203.5,6.0588329977979125;3.531666035639205;5.861344032019044;2.692928807425507;0.49385161561160246;0.5587976040715459,1.1847014319234226;1.255365347165606;2.856111163659318;1.3120922949137803;2.9260119045009385;1.4536960849122054
# p=7 gen  1: best_d64=0.7548559381  pop=100
# p=7 gen  2: best_d64=0.7649607662  pop=100
# p=7 gen  3: best_d64=0.7663746136  pop=100
# p=7 gen  4: best_d64=0.7663793768  pop=100
# p=7 gen  5: best_d64=0.7756699955  pop=100
# p=7 gen  6: best_d64=0.7756704741  pop=100
# p=7 gen  7: best_d64=0.7756704741  pop=100
# p=7 gen  8: best_d64=0.7756704742  pop=100
# p=7 gen  9: best_d64=0.7756704742  pop=100
# p=7 gen  9: best_d64=0.7756704742  pop=-1
3,6,7,0.775670474184,51017,1453.9,2.923428225025433;2.7599872385572373;5.871600243162262;2.706258869827958;3.5875124223094192;0.5813077454635771;4.053792051026794,0.3864583499140311;0.3164737044851079;0.28859397167109785;1.8411876669405127;0.23050618707186465;1.6951298963709398;1.5098920302529646
=== QAOA Double64 Swarm ===
Task:  3 / 15
Pair:  k=3, D=6
Node:  swift-c3dnodesetssd-17
CPUs:  28
Start: Tue Apr 21 21:50:01 UTC 2026
Job:   1357786_3

--- Node diagnostics ---
Hostname: swift-c3dnodesetssd-17
Memory:                  total        used        free      shared  buff/cache   available
Mem:           1.4Ti       9.1Gi       1.4Ti       3.3Mi       2.2Gi       1.4Ti
Disk:     10.17.247.218:/nfsshare   25T   15T  9.1T  62% /home
Julia:    /home/stephenjordan_google_com/julia-1.12.5/bin/julia
Git HEAD: 7b59647

Removing stale results/swarm-d64-k3d6.csv
Checking Julia environment...
Environment ready.

Starting swarm_chain_d64.jl with 28 threads at Tue Apr 21 21:50:05 UTC 2026
# swarm-d64 chain: k=3, D=6, p=1-15, pop=100, gens=10, burst=20, seed=42
k,D,p,ctilde,evals,wall_seconds,gamma,beta
# p=1 gen  1: best_d64=0.6407188685  pop=100
# p=1 gen  2: best_d64=0.6407188685  pop=100
# p=1 gen  3: best_d64=0.6407188685  pop=100
# p=1 gen  4: best_d64=0.6407188685  pop=100
# p=1 gen  4: best_d64=0.6407188685  pop=-1
3,6,1,0.640718868498,5351,5.1,0.44225821675515053,0.2883436771044954
# p=2 gen  1: best_d64=0.6917989458  pop=100
# p=2 gen  2: best_d64=0.6917989458  pop=100
# p=2 gen  3: best_d64=0.6917989458  pop=100
# p=2 gen  4: best_d64=0.6917989458  pop=100
# p=2 gen  4: best_d64=0.6917989458  pop=-1
3,6,2,0.691798945824,11523,0.8,0.33797609362906633;5.718461684911488,1.2147710732033787;2.9323000683873226
# p=3 gen  1: best_d64=0.7232487546  pop=100
# p=3 gen  2: best_d64=0.7232487546  pop=100
# p=3 gen  3: best_d64=0.7232487546  pop=100
# p=3 gen  4: best_d64=0.7232487546  pop=100
# p=3 gen  4: best_d64=0.7232487546  pop=-1
3,6,3,0.723248754631,16690,1.7,0.2897617588353757;5.796067661634588;5.724470035677665,1.1933200198340024;2.8589022199175265;2.9695427874922378
# p=4 gen  1: best_d64=0.7444820666  pop=100
# p=4 gen  2: best_d64=0.7444820666  pop=100
# p=4 gen  3: best_d64=0.7444820666  pop=100
# p=4 gen  4: best_d64=0.7444820666  pop=100
# p=4 gen  4: best_d64=0.7444820666  pop=-1
3,6,4,0.744482066636,19187,5.9,2.8816488670165574;2.7011327021087657;3.634482588531094;5.725052516651321,0.3826052158197886;1.8759236277615734;1.822078969759328;1.718742964738662
# p=5 gen  1: best_d64=0.7472136196  pop=100
# p=5 gen  2: best_d64=0.7515839406  pop=100
# p=5 gen  3: best_d64=0.7515839406  pop=100
# p=5 gen  4: best_d64=0.7515839406  pop=100
# p=5 gen  5: best_d64=0.7515839406  pop=100
# p=5 gen  5: best_d64=0.7515839406  pop=-1
3,6,5,0.751583940550,25403,35.3,0.3867654024683608;5.633081287488239;3.5765987967490087;0.4956980332902991;0.5586174978857943,0.07619866012839165;1.2520885347414514;2.850462995104328;2.9003067795121353;1.4315249103645133
# p=6 gen  1: best_d64=0.7604161871  pop=100
# p=6 gen  2: best_d64=0.7722408027  pop=100
# p=6 gen  3: best_d64=0.7722408532  pop=100
# p=6 gen  4: best_d64=0.7722408532  pop=100
# p=6 gen  5: best_d64=0.7722408532  pop=100
# p=6 gen  6: best_d64=0.7722408532  pop=100
# p=6 gen  6: best_d64=0.7722408532  pop=-1
3,6,6,0.772240853157,32349,209.3,6.0588329977979125;3.531666035639205;5.861344032019044;2.692928807425507;0.49385161561160246;0.5587976040715459,1.1847014319234226;1.255365347165606;2.856111163659318;1.3120922949137803;2.9260119045009385;1.4536960849122054
# p=7 gen  1: best_d64=0.7548559381  pop=100
# p=7 gen  2: best_d64=0.7649607662  pop=100
# p=7 gen  3: best_d64=0.7663746136  pop=100
# p=7 gen  4: best_d64=0.7663793768  pop=100
# p=7 gen  5: best_d64=0.7756699955  pop=100
# p=7 gen  6: best_d64=0.7756704741  pop=100
# p=7 gen  7: best_d64=0.7756704741  pop=100
# p=7 gen  8: best_d64=0.7756704742  pop=100
# p=7 gen  9: best_d64=0.7756704742  pop=100
# p=7 gen  9: best_d64=0.7756704742  pop=-1
3,6,7,0.775670474184,51017,1440.3,2.923428225025433;2.7599872385572373;5.871600243162262;2.706258869827958;3.5875124223094192;0.5813077454635771;4.053792051026794,0.3864583499140311;0.3164737044851079;0.28859397167109785;1.8411876669405127;0.23050618707186465;1.6951298963709398;1.5098920302529646
# p=8 gen  1: best_d64=0.7567742130  pop=100
# p=8 gen  2: best_d64=0.7648487317  pop=100
# p=8 gen  3: best_d64=0.7727866627  pop=100
=== QAOA Double64 Swarm ===
Task:  3 / 15
Pair:  k=3, D=6
Node:  swift-c3dnodesetssd-2
CPUs:  28
Start: Tue Apr 21 23:05:36 UTC 2026
Job:   1357786_3

--- Node diagnostics ---
Hostname: swift-c3dnodesetssd-2
Memory:                  total        used        free      shared  buff/cache   available
Mem:           1.4Ti       9.1Gi       1.4Ti       3.3Mi       2.2Gi       1.4Ti
Disk:     10.17.247.218:/nfsshare   25T   15T  9.1T  62% /home
Julia:    /home/stephenjordan_google_com/julia-1.12.5/bin/julia
Git HEAD: 7b59647

Removing stale results/swarm-d64-k3d6.csv
Checking Julia environment...
Environment ready.

Starting swarm_chain_d64.jl with 28 threads at Tue Apr 21 23:05:39 UTC 2026
# swarm-d64 chain: k=3, D=6, p=1-15, pop=100, gens=10, burst=20, seed=42
k,D,p,ctilde,evals,wall_seconds,gamma,beta
# p=1 gen  1: best_d64=0.6407188685  pop=100
# p=1 gen  2: best_d64=0.6407188685  pop=100
# p=1 gen  3: best_d64=0.6407188685  pop=100
# p=1 gen  4: best_d64=0.6407188685  pop=100
# p=1 gen  4: best_d64=0.6407188685  pop=-1
3,6,1,0.640718868498,5572,5.1,0.44225821675515053,0.2883436771044954
# p=2 gen  1: best_d64=0.6917989458  pop=100
# p=2 gen  2: best_d64=0.6917989458  pop=100
# p=2 gen  3: best_d64=0.6917989458  pop=100
# p=2 gen  4: best_d64=0.6917989458  pop=100
# p=2 gen  4: best_d64=0.6917989458  pop=-1
3,6,2,0.691798945824,11524,0.8,0.33797609362906633;5.718461684911488,1.2147710732033787;2.9323000683873226
# p=3 gen  1: best_d64=0.7232487546  pop=100
# p=3 gen  2: best_d64=0.7232487546  pop=100
# p=3 gen  3: best_d64=0.7232487546  pop=100
# p=3 gen  4: best_d64=0.7232487546  pop=100
# p=3 gen  4: best_d64=0.7232487546  pop=-1
3,6,3,0.723248754631,16637,1.6,0.2897617588353757;5.796067661634588;5.724470035677665,1.1933200198340024;2.8589022199175265;2.9695427874922378
# p=4 gen  1: best_d64=0.7444820666  pop=100
# p=4 gen  2: best_d64=0.7444820666  pop=100
# p=4 gen  3: best_d64=0.7444820666  pop=100
# p=4 gen  4: best_d64=0.7444820666  pop=100
# p=4 gen  4: best_d64=0.7444820666  pop=-1
3,6,4,0.744482066636,19185,5.8,2.8816488670165574;2.7011327021087657;3.634482588531094;5.725052516651321,0.3826052158197886;1.8759236277615734;1.822078969759328;1.718742964738662
# p=5 gen  1: best_d64=0.7472136196  pop=100
# p=5 gen  2: best_d64=0.7515839406  pop=100
# p=5 gen  3: best_d64=0.7515839406  pop=100
# p=5 gen  4: best_d64=0.7515839406  pop=100
# p=5 gen  5: best_d64=0.7515839406  pop=100
# p=5 gen  5: best_d64=0.7515839406  pop=-1
3,6,5,0.751583940550,25404,35.2,0.3867654024683608;5.633081287488239;3.5765987967490087;0.4956980332902991;0.5586174978857943,0.07619866012839165;1.2520885347414514;2.850462995104328;2.9003067795121353;1.4315249103645133
# p=6 gen  1: best_d64=0.7604161871  pop=100
# p=6 gen  2: best_d64=0.7722408027  pop=100
# p=6 gen  3: best_d64=0.7722408532  pop=100
# p=6 gen  4: best_d64=0.7722408532  pop=100
# p=6 gen  5: best_d64=0.7722408532  pop=100
# p=6 gen  6: best_d64=0.7722408532  pop=100
# p=6 gen  6: best_d64=0.7722408532  pop=-1
3,6,6,0.772240853157,32349,201.1,6.0588329977979125;3.531666035639205;5.861344032019044;2.692928807425507;0.49385161561160246;0.5587976040715459,1.1847014319234226;1.255365347165606;2.856111163659318;1.3120922949137803;2.9260119045009385;1.4536960849122054
# p=7 gen  1: best_d64=0.7548559381  pop=100
# p=7 gen  2: best_d64=0.7649607662  pop=100
# p=7 gen  3: best_d64=0.7663746136  pop=100
# p=7 gen  4: best_d64=0.7663793768  pop=100
# p=7 gen  5: best_d64=0.7756699955  pop=100
# p=7 gen  6: best_d64=0.7756704741  pop=100
# p=7 gen  7: best_d64=0.7756704741  pop=100
# p=7 gen  8: best_d64=0.7756704742  pop=100
# p=7 gen  9: best_d64=0.7756704742  pop=100
# p=7 gen  9: best_d64=0.7756704742  pop=-1
3,6,7,0.775670474184,51017,1443.8,2.923428225025433;2.7599872385572373;5.871600243162262;2.706258869827958;3.5875124223094192;0.5813077454635771;4.053792051026794,0.3864583499140311;0.3164737044851079;0.28859397167109785;1.8411876669405127;0.23050618707186465;1.6951298963709398;1.5098920302529646
# p=8 gen  1: best_d64=0.7567742130  pop=100
# p=8 gen  2: best_d64=0.7648487317  pop=100
=== QAOA Double64 Swarm ===
Task:  3 / 15
Pair:  k=3, D=6
Node:  swift-c3dnodesetssd-16
CPUs:  28
Start: Wed Apr 22 00:19:07 UTC 2026
Job:   1357786_3

--- Node diagnostics ---
Hostname: swift-c3dnodesetssd-16
Memory:                  total        used        free      shared  buff/cache   available
Mem:           1.4Ti       9.5Gi       1.4Ti       3.3Mi       3.1Gi       1.4Ti
Disk:     10.17.247.218:/nfsshare   25T   15T  9.1T  62% /home
Julia:    /home/stephenjordan_google_com/julia-1.12.5/bin/julia
Git HEAD: 25cb9d9

Removing stale results/swarm-d64-k3d6.csv
Checking Julia environment...
Environment ready.

Starting swarm_chain_d64.jl with 28 threads at Wed Apr 22 00:19:09 UTC 2026
# swarm-d64 chain: k=3, D=6, p=1-15, pop=100, gens=10, burst=20, seed=42
k,D,p,ctilde,evals,wall_seconds,gamma,beta
# p=1 gen  1: best_d64=0.6407188685  pop=100
# p=1 gen  2: best_d64=0.6407188685  pop=100
# p=1 gen  3: best_d64=0.6407188685  pop=100
# p=1 gen  4: best_d64=0.6407188685  pop=100
# p=1 gen  4: best_d64=0.6407188685  pop=-1
3,6,1,0.640718868498,5507,5.2,0.44225821675515053,0.2883436771044954
# p=2 gen  1: best_d64=0.6917989458  pop=100
# p=2 gen  2: best_d64=0.6917989458  pop=100
# p=2 gen  3: best_d64=0.6917989458  pop=100
# p=2 gen  4: best_d64=0.6917989458  pop=100
# p=2 gen  4: best_d64=0.6917989458  pop=-1
3,6,2,0.691798945824,11459,0.8,0.33797609362906633;5.718461684911488,1.2147710732033787;2.9323000683873226
# p=3 gen  1: best_d64=0.7232487546  pop=100
# p=3 gen  2: best_d64=0.7232487546  pop=100
# p=3 gen  3: best_d64=0.7232487546  pop=100
# p=3 gen  4: best_d64=0.7232487546  pop=100
# p=3 gen  4: best_d64=0.7232487546  pop=-1
3,6,3,0.723248754631,16595,1.7,0.2897617588353757;5.796067661634588;5.724470035677665,1.1933200198340024;2.8589022199175265;2.9695427874922378
# p=4 gen  1: best_d64=0.7444820666  pop=100
# p=4 gen  2: best_d64=0.7444820666  pop=100
# p=4 gen  3: best_d64=0.7444820666  pop=100
# p=4 gen  4: best_d64=0.7444820666  pop=100
# p=4 gen  4: best_d64=0.7444820666  pop=-1
3,6,4,0.744482066636,19060,5.9,2.8816488670165574;2.7011327021087657;3.634482588531094;5.725052516651321,0.3826052158197886;1.8759236277615734;1.822078969759328;1.718742964738662
# p=5 gen  1: best_d64=0.7472136196  pop=100
# p=5 gen  2: best_d64=0.7515839406  pop=100
# p=5 gen  3: best_d64=0.7515839406  pop=100
# p=5 gen  4: best_d64=0.7515839406  pop=100
# p=5 gen  5: best_d64=0.7515839406  pop=100
# p=5 gen  5: best_d64=0.7515839406  pop=-1
3,6,5,0.751583940550,25404,35.2,0.3867654024683608;5.633081287488239;3.5765987967490087;0.4956980332902991;0.5586174978857943,0.07619866012839165;1.2520885347414514;2.850462995104328;2.9003067795121353;1.4315249103645133
# p=6 gen  1: best_d64=0.7604161871  pop=100
# p=6 gen  2: best_d64=0.7722408027  pop=100
# p=6 gen  3: best_d64=0.7722408532  pop=100
# p=6 gen  4: best_d64=0.7722408532  pop=100
# p=6 gen  5: best_d64=0.7722408532  pop=100
# p=6 gen  6: best_d64=0.7722408532  pop=100
# p=6 gen  6: best_d64=0.7722408532  pop=-1
3,6,6,0.772240853157,32349,201.3,6.0588329977979125;3.531666035639205;5.861344032019044;2.692928807425507;0.49385161561160246;0.5587976040715459,1.1847014319234226;1.255365347165606;2.856111163659318;1.3120922949137803;2.9260119045009385;1.4536960849122054
# p=7 gen  1: best_d64=0.7548559381  pop=100
# p=7 gen  2: best_d64=0.7649607662  pop=100
# p=7 gen  3: best_d64=0.7663746136  pop=100
# p=7 gen  4: best_d64=0.7663793768  pop=100
# p=7 gen  5: best_d64=0.7756699955  pop=100
# p=7 gen  6: best_d64=0.7756704741  pop=100
# p=7 gen  7: best_d64=0.7756704741  pop=100
# p=7 gen  8: best_d64=0.7756704742  pop=100
# p=7 gen  9: best_d64=0.7756704742  pop=100
# p=7 gen  9: best_d64=0.7756704742  pop=-1
3,6,7,0.775670474184,51017,1443.9,2.923428225025433;2.7599872385572373;5.871600243162262;2.706258869827958;3.5875124223094192;0.5813077454635771;4.053792051026794,0.3864583499140311;0.3164737044851079;0.28859397167109785;1.8411876669405127;0.23050618707186465;1.6951298963709398;1.5098920302529646
=== QAOA Double64 Swarm ===
Task:  3 / 15
Pair:  k=3, D=6
Node:  swift-c3dnodesetssd-13
CPUs:  28
Start: Wed Apr 22 01:01:07 UTC 2026
Job:   1357786_3

--- Node diagnostics ---
Hostname: swift-c3dnodesetssd-13
Memory:                  total        used        free      shared  buff/cache   available
Mem:           1.4Ti       9.1Gi       1.4Ti       3.3Mi       2.2Gi       1.4Ti
Disk:     10.17.247.218:/nfsshare   25T   15T  9.1T  62% /home
Julia:    /home/stephenjordan_google_com/julia-1.12.5/bin/julia
Git HEAD: 25cb9d9

Removing stale results/swarm-d64-k3d6.csv
Checking Julia environment...
Environment ready.

Starting swarm_chain_d64.jl with 28 threads at Wed Apr 22 01:01:09 UTC 2026
# swarm-d64 chain: k=3, D=6, p=1-15, pop=100, gens=10, burst=20, seed=42
k,D,p,ctilde,evals,wall_seconds,gamma,beta
# p=1 gen  1: best_d64=0.6407188685  pop=100
# p=1 gen  2: best_d64=0.6407188685  pop=100
# p=1 gen  3: best_d64=0.6407188685  pop=100
# p=1 gen  4: best_d64=0.6407188685  pop=100
# p=1 gen  4: best_d64=0.6407188685  pop=-1
3,6,1,0.640718868498,5568,5.1,0.44225821675515053,0.2883436771044954
# p=2 gen  1: best_d64=0.6917989458  pop=100
# p=2 gen  2: best_d64=0.6917989458  pop=100
# p=2 gen  3: best_d64=0.6917989458  pop=100
# p=2 gen  4: best_d64=0.6917989458  pop=100
# p=2 gen  4: best_d64=0.6917989458  pop=-1
3,6,2,0.691798945824,11485,0.8,0.33797609362906633;5.718461684911488,1.2147710732033787;2.9323000683873226
# p=3 gen  1: best_d64=0.7232487546  pop=100
# p=3 gen  2: best_d64=0.7232487546  pop=100
# p=3 gen  3: best_d64=0.7232487546  pop=100
# p=3 gen  4: best_d64=0.7232487546  pop=100
# p=3 gen  4: best_d64=0.7232487546  pop=-1
3,6,3,0.723248754631,16629,1.7,0.2897617588353757;5.796067661634588;5.724470035677665,1.1933200198340024;2.8589022199175265;2.9695427874922378
# p=4 gen  1: best_d64=0.7444820666  pop=100
# p=4 gen  2: best_d64=0.7444820666  pop=100
# p=4 gen  3: best_d64=0.7444820666  pop=100
# p=4 gen  4: best_d64=0.7444820666  pop=100
# p=4 gen  4: best_d64=0.7444820666  pop=-1
3,6,4,0.744482066636,19125,5.9,2.8816488670165574;2.7011327021087657;3.634482588531094;5.725052516651321,0.3826052158197886;1.8759236277615734;1.822078969759328;1.718742964738662
# p=5 gen  1: best_d64=0.7472136196  pop=100
# p=5 gen  2: best_d64=0.7515839406  pop=100
# p=5 gen  3: best_d64=0.7515839406  pop=100
# p=5 gen  4: best_d64=0.7515839406  pop=100
# p=5 gen  5: best_d64=0.7515839406  pop=100
# p=5 gen  5: best_d64=0.7515839406  pop=-1
3,6,5,0.751583940550,25404,35.2,0.3867654024683608;5.633081287488239;3.5765987967490087;0.4956980332902991;0.5586174978857943,0.07619866012839165;1.2520885347414514;2.850462995104328;2.9003067795121353;1.4315249103645133
# p=6 gen  1: best_d64=0.7604161871  pop=100
# p=6 gen  2: best_d64=0.7722408027  pop=100
# p=6 gen  3: best_d64=0.7722408532  pop=100
# p=6 gen  4: best_d64=0.7722408532  pop=100
# p=6 gen  5: best_d64=0.7722408532  pop=100
# p=6 gen  6: best_d64=0.7722408532  pop=100
# p=6 gen  6: best_d64=0.7722408532  pop=-1
3,6,6,0.772240853157,32290,201.9,6.0588329977979125;3.531666035639205;5.861344032019044;2.692928807425507;0.49385161561160246;0.5587976040715459,1.1847014319234226;1.255365347165606;2.856111163659318;1.3120922949137803;2.9260119045009385;1.4536960849122054
# p=7 gen  1: best_d64=0.7548559381  pop=100
# p=7 gen  2: best_d64=0.7649607662  pop=100
# p=7 gen  3: best_d64=0.7663746136  pop=100
# p=7 gen  4: best_d64=0.7663793768  pop=100
# p=7 gen  5: best_d64=0.7756699955  pop=100
# p=7 gen  6: best_d64=0.7756704741  pop=100
# p=7 gen  7: best_d64=0.7756704741  pop=100
# p=7 gen  8: best_d64=0.7756704742  pop=100
=== QAOA Double64 Swarm ===
Task:  3 / 15
Pair:  k=3, D=6
Node:  swift-c3dnodesetssd-2
CPUs:  28
Start: Wed Apr 22 01:33:39 UTC 2026
Job:   1357786_3

--- Node diagnostics ---
Hostname: swift-c3dnodesetssd-2
Memory:                  total        used        free      shared  buff/cache   available
Mem:           1.4Ti       9.2Gi       1.4Ti       3.3Mi       2.3Gi       1.4Ti
Disk:     10.17.247.218:/nfsshare   25T   15T  9.1T  62% /home
Julia:    /home/stephenjordan_google_com/julia-1.12.5/bin/julia
Git HEAD: 25cb9d9

Removing stale results/swarm-d64-k3d6.csv
Checking Julia environment...
Environment ready.

Starting swarm_chain_d64.jl with 28 threads at Wed Apr 22 01:33:42 UTC 2026
# swarm-d64 chain: k=3, D=6, p=1-15, pop=100, gens=10, burst=20, seed=42
k,D,p,ctilde,evals,wall_seconds,gamma,beta
# p=1 gen  1: best_d64=0.6407188685  pop=100
# p=1 gen  2: best_d64=0.6407188685  pop=100
# p=1 gen  3: best_d64=0.6407188685  pop=100
# p=1 gen  4: best_d64=0.6407188685  pop=100
# p=1 gen  4: best_d64=0.6407188685  pop=-1
3,6,1,0.640718868498,5629,5.1,0.44225821675515053,0.2883436771044954
# p=2 gen  1: best_d64=0.6917989458  pop=100
# p=2 gen  2: best_d64=0.6917989458  pop=100
# p=2 gen  3: best_d64=0.6917989458  pop=100
# p=2 gen  4: best_d64=0.6917989458  pop=100
# p=2 gen  4: best_d64=0.6917989458  pop=-1
3,6,2,0.691798945824,11525,0.8,0.33797609362906633;5.718461684911488,1.2147710732033787;2.9323000683873226
# p=3 gen  1: best_d64=0.7232487546  pop=100
# p=3 gen  2: best_d64=0.7232487546  pop=100
# p=3 gen  3: best_d64=0.7232487546  pop=100
# p=3 gen  4: best_d64=0.7232487546  pop=100
# p=3 gen  4: best_d64=0.7232487546  pop=-1
3,6,3,0.723248754631,16689,1.7,0.2897617588353757;5.796067661634588;5.724470035677665,1.1933200198340024;2.8589022199175265;2.9695427874922378
# p=4 gen  1: best_d64=0.7444820666  pop=100
# p=4 gen  2: best_d64=0.7444820666  pop=100
# p=4 gen  3: best_d64=0.7444820666  pop=100
# p=4 gen  4: best_d64=0.7444820666  pop=100
# p=4 gen  4: best_d64=0.7444820666  pop=-1
3,6,4,0.744482066636,18998,5.9,2.8816488670165574;2.7011327021087657;3.634482588531094;5.725052516651321,0.3826052158197886;1.8759236277615734;1.822078969759328;1.718742964738662
# p=5 gen  1: best_d64=0.7472136196  pop=100
# p=5 gen  2: best_d64=0.7515839406  pop=100
# p=5 gen  3: best_d64=0.7515839406  pop=100
# p=5 gen  4: best_d64=0.7515839406  pop=100
# p=5 gen  5: best_d64=0.7515839406  pop=100
# p=5 gen  5: best_d64=0.7515839406  pop=-1
3,6,5,0.751583940550,25403,35.0,0.3867654024683608;5.633081287488239;3.5765987967490087;0.4956980332902991;0.5586174978857943,0.07619866012839165;1.2520885347414514;2.850462995104328;2.9003067795121353;1.4315249103645133
# p=6 gen  1: best_d64=0.7604161871  pop=100
# p=6 gen  2: best_d64=0.7722408027  pop=100
# p=6 gen  3: best_d64=0.7722408532  pop=100
# p=6 gen  4: best_d64=0.7722408532  pop=100
# p=6 gen  5: best_d64=0.7722408532  pop=100
# p=6 gen  6: best_d64=0.7722408532  pop=100
# p=6 gen  6: best_d64=0.7722408532  pop=-1
3,6,6,0.772240853157,32349,201.0,6.0588329977979125;3.531666035639205;5.861344032019044;2.692928807425507;0.49385161561160246;0.5587976040715459,1.1847014319234226;1.255365347165606;2.856111163659318;1.3120922949137803;2.9260119045009385;1.4536960849122054
# p=7 gen  1: best_d64=0.7548559381  pop=100
# p=7 gen  2: best_d64=0.7649607662  pop=100
# p=7 gen  3: best_d64=0.7663746136  pop=100
=== QAOA Double64 Swarm ===
Task:  3 / 15
Pair:  k=3, D=6
Node:  swift-c3dnodesetssd-2
CPUs:  28
Start: Wed Apr 22 01:52:39 UTC 2026
Job:   1357786_3

--- Node diagnostics ---
Hostname: swift-c3dnodesetssd-2
Memory:                  total        used        free      shared  buff/cache   available
Mem:           1.4Ti       9.2Gi       1.4Ti       3.3Mi       2.3Gi       1.4Ti
Disk:     10.17.247.218:/nfsshare   25T   15T  9.1T  62% /home
Julia:    /home/stephenjordan_google_com/julia-1.12.5/bin/julia
Git HEAD: 25cb9d9

Removing stale results/swarm-d64-k3d6.csv
Checking Julia environment...
Environment ready.

Starting swarm_chain_d64.jl with 28 threads at Wed Apr 22 01:52:44 UTC 2026
# swarm-d64 chain: k=3, D=6, p=1-15, pop=100, gens=10, burst=20, seed=42
k,D,p,ctilde,evals,wall_seconds,gamma,beta
# p=1 gen  1: best_d64=0.6407188685  pop=100
# p=1 gen  2: best_d64=0.6407188685  pop=100
# p=1 gen  3: best_d64=0.6407188685  pop=100
# p=1 gen  4: best_d64=0.6407188685  pop=100
# p=1 gen  4: best_d64=0.6407188685  pop=-1
3,6,1,0.640718868498,5562,5.2,0.44225821675515053,0.2883436771044954
# p=2 gen  1: best_d64=0.6917989458  pop=100
# p=2 gen  2: best_d64=0.6917989458  pop=100
# p=2 gen  3: best_d64=0.6917989458  pop=100
# p=2 gen  4: best_d64=0.6917989458  pop=100
# p=2 gen  4: best_d64=0.6917989458  pop=-1
3,6,2,0.691798945824,11522,0.8,0.33797609362906633;5.718461684911488,1.2147710732033787;2.9323000683873226
# p=3 gen  1: best_d64=0.7232487546  pop=100
# p=3 gen  2: best_d64=0.7232487546  pop=100
# p=3 gen  3: best_d64=0.7232487546  pop=100
# p=3 gen  4: best_d64=0.7232487546  pop=100
# p=3 gen  4: best_d64=0.7232487546  pop=-1
3,6,3,0.723248754631,16591,1.7,0.2897617588353757;5.796067661634588;5.724470035677665,1.1933200198340024;2.8589022199175265;2.9695427874922378
# p=4 gen  1: best_d64=0.7444820666  pop=100
# p=4 gen  2: best_d64=0.7444820666  pop=100
# p=4 gen  3: best_d64=0.7444820666  pop=100
# p=4 gen  4: best_d64=0.7444820666  pop=100
# p=4 gen  4: best_d64=0.7444820666  pop=-1
3,6,4,0.744482066636,19051,5.8,2.8816488670165574;2.7011327021087657;3.634482588531094;5.725052516651321,0.3826052158197886;1.8759236277615734;1.822078969759328;1.718742964738662
# p=5 gen  1: best_d64=0.7472136196  pop=100
# p=5 gen  2: best_d64=0.7515839406  pop=100
# p=5 gen  3: best_d64=0.7515839406  pop=100
# p=5 gen  4: best_d64=0.7515839406  pop=100
# p=5 gen  5: best_d64=0.7515839406  pop=100
# p=5 gen  5: best_d64=0.7515839406  pop=-1
3,6,5,0.751583940550,25402,34.9,0.3867654024683608;5.633081287488239;3.5765987967490087;0.4956980332902991;0.5586174978857943,0.07619866012839165;1.2520885347414514;2.850462995104328;2.9003067795121353;1.4315249103645133
# p=6 gen  1: best_d64=0.7604161871  pop=100
# p=6 gen  2: best_d64=0.7722408027  pop=100
# p=6 gen  3: best_d64=0.7722408532  pop=100
# p=6 gen  4: best_d64=0.7722408532  pop=100
# p=6 gen  5: best_d64=0.7722408532  pop=100
# p=6 gen  6: best_d64=0.7722408532  pop=100
# p=6 gen  6: best_d64=0.7722408532  pop=-1
3,6,6,0.772240853157,32349,200.9,6.0588329977979125;3.531666035639205;5.861344032019044;2.692928807425507;0.49385161561160246;0.5587976040715459,1.1847014319234226;1.255365347165606;2.856111163659318;1.3120922949137803;2.9260119045009385;1.4536960849122054
# p=7 gen  1: best_d64=0.7548559381  pop=100
# p=7 gen  2: best_d64=0.7649607662  pop=100
# p=7 gen  3: best_d64=0.7663746136  pop=100
# p=7 gen  4: best_d64=0.7663793768  pop=100
# p=7 gen  5: best_d64=0.7756699955  pop=100
# p=7 gen  6: best_d64=0.7756704741  pop=100
# p=7 gen  7: best_d64=0.7756704741  pop=100
# p=7 gen  8: best_d64=0.7756704742  pop=100
# p=7 gen  9: best_d64=0.7756704742  pop=100
# p=7 gen  9: best_d64=0.7756704742  pop=-1
3,6,7,0.775670474184,51017,1442.3,2.923428225025433;2.7599872385572373;5.871600243162262;2.706258869827958;3.5875124223094192;0.5813077454635771;4.053792051026794,0.3864583499140311;0.3164737044851079;0.28859397167109785;1.8411876669405127;0.23050618707186465;1.6951298963709398;1.5098920302529646
# p=8 gen  1: best_d64=0.7567742130  pop=100
=== QAOA Double64 Swarm ===
Task:  3 / 15
Pair:  k=3, D=6
Node:  swift-c3dnodesetssd-2
CPUs:  28
Start: Wed Apr 22 02:39:39 UTC 2026
Job:   1357786_3

--- Node diagnostics ---
Hostname: swift-c3dnodesetssd-2
Memory:                  total        used        free      shared  buff/cache   available
Mem:           1.4Ti       9.0Gi       1.4Ti       3.3Mi       2.2Gi       1.4Ti
Disk:     10.17.247.218:/nfsshare   25T   15T  9.1T  62% /home
Julia:    /home/stephenjordan_google_com/julia-1.12.5/bin/julia
Git HEAD: 25cb9d9

Removing stale results/swarm-d64-k3d6.csv
Checking Julia environment...
Environment ready.

Starting swarm_chain_d64.jl with 28 threads at Wed Apr 22 02:39:42 UTC 2026
# swarm-d64 chain: k=3, D=6, p=1-15, pop=100, gens=10, burst=20, seed=42
k,D,p,ctilde,evals,wall_seconds,gamma,beta
# p=1 gen  1: best_d64=0.6407188685  pop=100
# p=1 gen  2: best_d64=0.6407188685  pop=100
# p=1 gen  3: best_d64=0.6407188685  pop=100
# p=1 gen  4: best_d64=0.6407188685  pop=100
# p=1 gen  4: best_d64=0.6407188685  pop=-1
3,6,1,0.640718868498,5513,5.2,0.44225821675515053,0.2883436771044954
# p=2 gen  1: best_d64=0.6917989458  pop=100
# p=2 gen  2: best_d64=0.6917989458  pop=100
# p=2 gen  3: best_d64=0.6917989458  pop=100
# p=2 gen  4: best_d64=0.6917989458  pop=100
# p=2 gen  4: best_d64=0.6917989458  pop=-1
3,6,2,0.691798945824,11523,0.8,0.33797609362906633;5.718461684911488,1.2147710732033787;2.9323000683873226
# p=3 gen  1: best_d64=0.7232487546  pop=100
# p=3 gen  2: best_d64=0.7232487546  pop=100
# p=3 gen  3: best_d64=0.7232487546  pop=100
# p=3 gen  4: best_d64=0.7232487546  pop=100
# p=3 gen  4: best_d64=0.7232487546  pop=-1
3,6,3,0.723248754631,16630,1.7,0.2897617588353757;5.796067661634588;5.724470035677665,1.1933200198340024;2.8589022199175265;2.9695427874922378
# p=4 gen  1: best_d64=0.7444820666  pop=100
# p=4 gen  2: best_d64=0.7444820666  pop=100
# p=4 gen  3: best_d64=0.7444820666  pop=100
# p=4 gen  4: best_d64=0.7444820666  pop=100
# p=4 gen  4: best_d64=0.7444820666  pop=-1
3,6,4,0.744482066636,19156,5.9,2.8816488670165574;2.7011327021087657;3.634482588531094;5.725052516651321,0.3826052158197886;1.8759236277615734;1.822078969759328;1.718742964738662
# p=5 gen  1: best_d64=0.7472136196  pop=100
# p=5 gen  2: best_d64=0.7515839406  pop=100
# p=5 gen  3: best_d64=0.7515839406  pop=100
# p=5 gen  4: best_d64=0.7515839406  pop=100
# p=5 gen  5: best_d64=0.7515839406  pop=100
# p=5 gen  5: best_d64=0.7515839406  pop=-1
3,6,5,0.751583940550,25337,36.0,0.3867654024683608;5.633081287488239;3.5765987967490087;0.4956980332902991;0.5586174978857943,0.07619866012839165;1.2520885347414514;2.850462995104328;2.9003067795121353;1.4315249103645133
# p=6 gen  1: best_d64=0.7604161871  pop=100
# p=6 gen  2: best_d64=0.7722408027  pop=100
# p=6 gen  3: best_d64=0.7722408532  pop=100
# p=6 gen  4: best_d64=0.7722408532  pop=100
# p=6 gen  5: best_d64=0.7722408532  pop=100
# p=6 gen  6: best_d64=0.7722408532  pop=100
# p=6 gen  6: best_d64=0.7722408532  pop=-1
3,6,6,0.772240853157,32289,204.6,6.0588329977979125;3.531666035639205;5.861344032019044;2.692928807425507;0.49385161561160246;0.5587976040715459,1.1847014319234226;1.255365347165606;2.856111163659318;1.3120922949137803;2.9260119045009385;1.4536960849122054
# p=7 gen  1: best_d64=0.7548559381  pop=100
# p=7 gen  2: best_d64=0.7649607662  pop=100
# p=7 gen  3: best_d64=0.7663746136  pop=100
# p=7 gen  4: best_d64=0.7663793768  pop=100
# p=7 gen  5: best_d64=0.7756699955  pop=100
# p=7 gen  6: best_d64=0.7756704741  pop=100
# p=7 gen  7: best_d64=0.7756704741  pop=100
# p=7 gen  8: best_d64=0.7756704742  pop=100
# p=7 gen  9: best_d64=0.7756704742  pop=100
# p=7 gen  9: best_d64=0.7756704742  pop=-1
3,6,7,0.775670474184,51017,1457.0,2.923428225025433;2.7599872385572373;5.871600243162262;2.706258869827958;3.5875124223094192;0.5813077454635771;4.053792051026794,0.3864583499140311;0.3164737044851079;0.28859397167109785;1.8411876669405127;0.23050618707186465;1.6951298963709398;1.5098920302529646
# p=8 gen  1: best_d64=0.7567742130  pop=100
=== QAOA Double64 Swarm ===
Task:  3 / 15
Pair:  k=3, D=6
Node:  swift-c3dnodesetssd-2
CPUs:  28
Start: Wed Apr 22 03:33:09 UTC 2026
Job:   1357786_3

--- Node diagnostics ---
Hostname: swift-c3dnodesetssd-2
Memory:                  total        used        free      shared  buff/cache   available
Mem:           1.4Ti       9.5Gi       1.4Ti       3.3Mi       3.1Gi       1.4Ti
Disk:     10.17.247.218:/nfsshare   25T   15T  9.1T  62% /home
Julia:    /home/stephenjordan_google_com/julia-1.12.5/bin/julia
Git HEAD: 25cb9d9

Removing stale results/swarm-d64-k3d6.csv
Checking Julia environment...
Environment ready.

Starting swarm_chain_d64.jl with 28 threads at Wed Apr 22 03:33:13 UTC 2026
# swarm-d64 chain: k=3, D=6, p=1-15, pop=100, gens=10, burst=20, seed=42
k,D,p,ctilde,evals,wall_seconds,gamma,beta
# p=1 gen  1: best_d64=0.6407188685  pop=100
# p=1 gen  2: best_d64=0.6407188685  pop=100
# p=1 gen  3: best_d64=0.6407188685  pop=100
# p=1 gen  4: best_d64=0.6407188685  pop=100
# p=1 gen  4: best_d64=0.6407188685  pop=-1
3,6,1,0.640718868498,5434,5.1,0.44225821675515053,0.2883436771044954
# p=2 gen  1: best_d64=0.6917989458  pop=100
# p=2 gen  2: best_d64=0.6917989458  pop=100
# p=2 gen  3: best_d64=0.6917989458  pop=100
# p=2 gen  4: best_d64=0.6917989458  pop=100
# p=2 gen  4: best_d64=0.6917989458  pop=-1
3,6,2,0.691798945824,11524,0.8,0.33797609362906633;5.718461684911488,1.2147710732033787;2.9323000683873226
# p=3 gen  1: best_d64=0.7232487546  pop=100
# p=3 gen  2: best_d64=0.7232487546  pop=100
# p=3 gen  3: best_d64=0.7232487546  pop=100
# p=3 gen  4: best_d64=0.7232487546  pop=100
# p=3 gen  4: best_d64=0.7232487546  pop=-1
3,6,3,0.723248754631,16628,1.7,0.2897617588353757;5.796067661634588;5.724470035677665,1.1933200198340024;2.8589022199175265;2.9695427874922378
# p=4 gen  1: best_d64=0.7444820666  pop=100
# p=4 gen  2: best_d64=0.7444820666  pop=100
# p=4 gen  3: best_d64=0.7444820666  pop=100
# p=4 gen  4: best_d64=0.7444820666  pop=100
# p=4 gen  4: best_d64=0.7444820666  pop=-1
3,6,4,0.744482066636,19188,5.8,2.8816488670165574;2.7011327021087657;3.634482588531094;5.725052516651321,0.3826052158197886;1.8759236277615734;1.822078969759328;1.718742964738662
# p=5 gen  1: best_d64=0.7472136196  pop=100
# p=5 gen  2: best_d64=0.7515839406  pop=100
# p=5 gen  3: best_d64=0.7515839406  pop=100
# p=5 gen  4: best_d64=0.7515839406  pop=100
# p=5 gen  5: best_d64=0.7515839406  pop=100
# p=5 gen  5: best_d64=0.7515839406  pop=-1
3,6,5,0.751583940550,25403,35.3,0.3867654024683608;5.633081287488239;3.5765987967490087;0.4956980332902991;0.5586174978857943,0.07619866012839165;1.2520885347414514;2.850462995104328;2.9003067795121353;1.4315249103645133
# p=6 gen  1: best_d64=0.7604161871  pop=100
# p=6 gen  2: best_d64=0.7722408027  pop=100
# p=6 gen  3: best_d64=0.7722408532  pop=100
# p=6 gen  4: best_d64=0.7722408532  pop=100
# p=6 gen  5: best_d64=0.7722408532  pop=100
# p=6 gen  6: best_d64=0.7722408532  pop=100
# p=6 gen  6: best_d64=0.7722408532  pop=-1
3,6,6,0.772240853157,32349,201.5,6.0588329977979125;3.531666035639205;5.861344032019044;2.692928807425507;0.49385161561160246;0.5587976040715459,1.1847014319234226;1.255365347165606;2.856111163659318;1.3120922949137803;2.9260119045009385;1.4536960849122054
# p=7 gen  1: best_d64=0.7548559381  pop=100
# p=7 gen  2: best_d64=0.7649607662  pop=100
# p=7 gen  3: best_d64=0.7663746136  pop=100
# p=7 gen  4: best_d64=0.7663793768  pop=100
# p=7 gen  5: best_d64=0.7756699955  pop=100
# p=7 gen  6: best_d64=0.7756704741  pop=100
# p=7 gen  7: best_d64=0.7756704741  pop=100
# p=7 gen  8: best_d64=0.7756704742  pop=100
# p=7 gen  9: best_d64=0.7756704742  pop=100
# p=7 gen  9: best_d64=0.7756704742  pop=-1
3,6,7,0.775670474184,51017,1439.7,2.923428225025433;2.7599872385572373;5.871600243162262;2.706258869827958;3.5875124223094192;0.5813077454635771;4.053792051026794,0.3864583499140311;0.3164737044851079;0.28859397167109785;1.8411876669405127;0.23050618707186465;1.6951298963709398;1.5098920302529646
# p=8 gen  1: best_d64=0.7567742130  pop=100
=== QAOA Double64 Swarm ===
Task:  3 / 15
Pair:  k=3, D=6
Node:  swift-c3dnodesetssd-3
CPUs:  28
Start: Wed Apr 22 04:25:10 UTC 2026
Job:   1357786_3

--- Node diagnostics ---
Hostname: swift-c3dnodesetssd-3
Memory:                  total        used        free      shared  buff/cache   available
Mem:           1.4Ti       9.1Gi       1.4Ti       3.3Mi       2.2Gi       1.4Ti
Disk:     10.17.247.218:/nfsshare   25T   15T  9.1T  62% /home
Julia:    /home/stephenjordan_google_com/julia-1.12.5/bin/julia
Git HEAD: 25cb9d9

Removing stale results/swarm-d64-k3d6.csv
Checking Julia environment...
Environment ready.

Starting swarm_chain_d64.jl with 28 threads at Wed Apr 22 04:25:14 UTC 2026
# swarm-d64 chain: k=3, D=6, p=1-15, pop=100, gens=10, burst=20, seed=42
k,D,p,ctilde,evals,wall_seconds,gamma,beta
# p=1 gen  1: best_d64=0.6407188685  pop=100
# p=1 gen  2: best_d64=0.6407188685  pop=100
# p=1 gen  3: best_d64=0.6407188685  pop=100
# p=1 gen  4: best_d64=0.6407188685  pop=100
# p=1 gen  4: best_d64=0.6407188685  pop=-1
3,6,1,0.640718868498,5595,5.1,0.44225821675515053,0.2883436771044954
# p=2 gen  1: best_d64=0.6917989458  pop=100
# p=2 gen  2: best_d64=0.6917989458  pop=100
# p=2 gen  3: best_d64=0.6917989458  pop=100
# p=2 gen  4: best_d64=0.6917989458  pop=100
# p=2 gen  4: best_d64=0.6917989458  pop=-1
3,6,2,0.691798945824,11524,0.8,0.33797609362906633;5.718461684911488,1.2147710732033787;2.9323000683873226
# p=3 gen  1: best_d64=0.7232487546  pop=100
# p=3 gen  2: best_d64=0.7232487546  pop=100
# p=3 gen  3: best_d64=0.7232487546  pop=100
# p=3 gen  4: best_d64=0.7232487546  pop=100
# p=3 gen  4: best_d64=0.7232487546  pop=-1
3,6,3,0.723248754631,16686,1.7,0.2897617588353757;5.796067661634588;5.724470035677665,1.1933200198340024;2.8589022199175265;2.9695427874922378
# p=4 gen  1: best_d64=0.7444820666  pop=100
# p=4 gen  2: best_d64=0.7444820666  pop=100
# p=4 gen  3: best_d64=0.7444820666  pop=100
# p=4 gen  4: best_d64=0.7444820666  pop=100
# p=4 gen  4: best_d64=0.7444820666  pop=-1
3,6,4,0.744482066636,19124,5.9,2.8816488670165574;2.7011327021087657;3.634482588531094;5.725052516651321,0.3826052158197886;1.8759236277615734;1.822078969759328;1.718742964738662
# p=5 gen  1: best_d64=0.7472136196  pop=100
# p=5 gen  2: best_d64=0.7515839406  pop=100
# p=5 gen  3: best_d64=0.7515839406  pop=100
# p=5 gen  4: best_d64=0.7515839406  pop=100
# p=5 gen  5: best_d64=0.7515839406  pop=100
# p=5 gen  5: best_d64=0.7515839406  pop=-1
3,6,5,0.751583940550,25404,35.0,0.3867654024683608;5.633081287488239;3.5765987967490087;0.4956980332902991;0.5586174978857943,0.07619866012839165;1.2520885347414514;2.850462995104328;2.9003067795121353;1.4315249103645133
# p=6 gen  1: best_d64=0.7604161871  pop=100
# p=6 gen  2: best_d64=0.7722408027  pop=100
# p=6 gen  3: best_d64=0.7722408532  pop=100
# p=6 gen  4: best_d64=0.7722408532  pop=100
# p=6 gen  5: best_d64=0.7722408532  pop=100
# p=6 gen  6: best_d64=0.7722408532  pop=100
# p=6 gen  6: best_d64=0.7722408532  pop=-1
3,6,6,0.772240853157,32349,200.5,6.0588329977979125;3.531666035639205;5.861344032019044;2.692928807425507;0.49385161561160246;0.5587976040715459,1.1847014319234226;1.255365347165606;2.856111163659318;1.3120922949137803;2.9260119045009385;1.4536960849122054
# p=7 gen  1: best_d64=0.7548559381  pop=100
# p=7 gen  2: best_d64=0.7649607662  pop=100
# p=7 gen  3: best_d64=0.7663746136  pop=100
# p=7 gen  4: best_d64=0.7663793768  pop=100
# p=7 gen  5: best_d64=0.7756699955  pop=100
# p=7 gen  6: best_d64=0.7756704741  pop=100
# p=7 gen  7: best_d64=0.7756704741  pop=100
# p=7 gen  8: best_d64=0.7756704742  pop=100
# p=7 gen  9: best_d64=0.7756704742  pop=100
# p=7 gen  9: best_d64=0.7756704742  pop=-1
3,6,7,0.775670474184,51017,1438.6,2.923428225025433;2.7599872385572373;5.871600243162262;2.706258869827958;3.5875124223094192;0.5813077454635771;4.053792051026794,0.3864583499140311;0.3164737044851079;0.28859397167109785;1.8411876669405127;0.23050618707186465;1.6951298963709398;1.5098920302529646
# p=8 gen  1: best_d64=0.7567742130  pop=100
# p=8 gen  2: best_d64=0.7648487317  pop=100
# p=8 gen  3: best_d64=0.7727866627  pop=100
# p=8 gen  4: best_d64=0.7764195735  pop=100
# p=8 gen  5: best_d64=0.7764197072  pop=100
# p=8 gen  6: best_d64=0.7764197160  pop=100
# p=8 gen  7: best_d64=0.7764197160  pop=100
# p=8 gen  8: best_d64=0.7764197160  pop=100
# p=8 gen  9: best_d64=0.7764197161  pop=100
# p=8 gen  9: best_d64=0.7764197161  pop=-1
3,6,8,0.776419716102,53008,5943.0,3.5118721734555547;5.681469322432628;2.754621827564192;0.425374637825967;5.068589552639751;3.9045091358455006;5.783521635668388;0.5608251971107475,0.06252961221745654;2.817939269346647;1.2671794989254075;1.290892032398155;3.1361348402106;2.8842481234036406;1.3616376035235824;1.4581211552397324
# p=9 gen  1: best_d64=0.7625810039  pop=100
# p=9 gen  2: best_d64=0.7660842776  pop=100
=== QAOA Double64 Swarm ===
Task:  3 / 15
Pair:  k=3, D=6
Node:  swift-c3dnodesetssd-3
CPUs:  28
Start: Wed Apr 22 08:34:41 UTC 2026
Job:   1357786_3

--- Node diagnostics ---
Hostname: swift-c3dnodesetssd-3
Memory:                  total        used        free      shared  buff/cache   available
Mem:           1.4Ti       9.1Gi       1.4Ti       3.3Mi       2.2Gi       1.4Ti
Disk:     10.17.247.218:/nfsshare   25T   15T  9.1T  62% /home
Julia:    /home/stephenjordan_google_com/julia-1.12.5/bin/julia
Git HEAD: 25cb9d9

Removing stale results/swarm-d64-k3d6.csv
Checking Julia environment...
Environment ready.

Starting swarm_chain_d64.jl with 28 threads at Wed Apr 22 08:34:46 UTC 2026
# swarm-d64 chain: k=3, D=6, p=1-15, pop=100, gens=10, burst=20, seed=42
k,D,p,ctilde,evals,wall_seconds,gamma,beta
# p=1 gen  1: best_d64=0.6407188685  pop=100
# p=1 gen  2: best_d64=0.6407188685  pop=100
# p=1 gen  3: best_d64=0.6407188685  pop=100
# p=1 gen  4: best_d64=0.6407188685  pop=100
# p=1 gen  4: best_d64=0.6407188685  pop=-1
3,6,1,0.640718868498,5643,5.1,0.44225821675515053,0.2883436771044954
# p=2 gen  1: best_d64=0.6917989458  pop=100
# p=2 gen  2: best_d64=0.6917989458  pop=100
# p=2 gen  3: best_d64=0.6917989458  pop=100
# p=2 gen  4: best_d64=0.6917989458  pop=100
# p=2 gen  4: best_d64=0.6917989458  pop=-1
3,6,2,0.691798945824,11521,0.8,0.33797609362906633;5.718461684911488,1.2147710732033787;2.9323000683873226
# p=3 gen  1: best_d64=0.7232487546  pop=100
# p=3 gen  2: best_d64=0.7232487546  pop=100
# p=3 gen  3: best_d64=0.7232487546  pop=100
# p=3 gen  4: best_d64=0.7232487546  pop=100
# p=3 gen  4: best_d64=0.7232487546  pop=-1
3,6,3,0.723248754631,16626,1.7,0.2897617588353757;5.796067661634588;5.724470035677665,1.1933200198340024;2.8589022199175265;2.9695427874922378
# p=4 gen  1: best_d64=0.7444820666  pop=100
# p=4 gen  2: best_d64=0.7444820666  pop=100
# p=4 gen  3: best_d64=0.7444820666  pop=100
# p=4 gen  4: best_d64=0.7444820666  pop=100
# p=4 gen  4: best_d64=0.7444820666  pop=-1
3,6,4,0.744482066636,19190,5.9,2.8816488670165574;2.7011327021087657;3.634482588531094;5.725052516651321,0.3826052158197886;1.8759236277615734;1.822078969759328;1.718742964738662
# p=5 gen  1: best_d64=0.7472136196  pop=100
# p=5 gen  2: best_d64=0.7515839406  pop=100
# p=5 gen  3: best_d64=0.7515839406  pop=100
# p=5 gen  4: best_d64=0.7515839406  pop=100
# p=5 gen  5: best_d64=0.7515839406  pop=100
# p=5 gen  5: best_d64=0.7515839406  pop=-1
3,6,5,0.751583940550,25340,35.4,0.3867654024683608;5.633081287488239;3.5765987967490087;0.4956980332902991;0.5586174978857943,0.07619866012839165;1.2520885347414514;2.850462995104328;2.9003067795121353;1.4315249103645133
# p=6 gen  1: best_d64=0.7604161871  pop=100
# p=6 gen  2: best_d64=0.7722408027  pop=100
# p=6 gen  3: best_d64=0.7722408532  pop=100
# p=6 gen  4: best_d64=0.7722408532  pop=100
# p=6 gen  5: best_d64=0.7722408532  pop=100
# p=6 gen  6: best_d64=0.7722408532  pop=100
# p=6 gen  6: best_d64=0.7722408532  pop=-1
3,6,6,0.772240853157,32349,209.1,6.0588329977979125;3.531666035639205;5.861344032019044;2.692928807425507;0.49385161561160246;0.5587976040715459,1.1847014319234226;1.255365347165606;2.856111163659318;1.3120922949137803;2.9260119045009385;1.4536960849122054
# p=7 gen  1: best_d64=0.7548559381  pop=100
# p=7 gen  2: best_d64=0.7649607662  pop=100
=== QAOA Double64 Swarm ===
Task:  3 / 15
Pair:  k=3, D=6
Node:  swift-c3dnodesetssd-2
CPUs:  28
Start: Wed Apr 22 08:50:42 UTC 2026
Job:   1357786_3

--- Node diagnostics ---
Hostname: swift-c3dnodesetssd-2
Memory:                  total        used        free      shared  buff/cache   available
Mem:           1.4Ti       9.1Gi       1.4Ti       3.3Mi       2.2Gi       1.4Ti
Disk:     10.17.247.218:/nfsshare   25T   15T  9.1T  62% /home
Julia:    /home/stephenjordan_google_com/julia-1.12.5/bin/julia
Git HEAD: 25cb9d9

Removing stale results/swarm-d64-k3d6.csv
Checking Julia environment...
Environment ready.

Starting swarm_chain_d64.jl with 28 threads at Wed Apr 22 08:50:50 UTC 2026
# swarm-d64 chain: k=3, D=6, p=1-15, pop=100, gens=10, burst=20, seed=42
k,D,p,ctilde,evals,wall_seconds,gamma,beta
# p=1 gen  1: best_d64=0.6407188685  pop=100
# p=1 gen  2: best_d64=0.6407188685  pop=100
# p=1 gen  3: best_d64=0.6407188685  pop=100
# p=1 gen  4: best_d64=0.6407188685  pop=100
# p=1 gen  4: best_d64=0.6407188685  pop=-1
3,6,1,0.640718868498,5416,5.1,0.44225821675515053,0.2883436771044954
# p=2 gen  1: best_d64=0.6917989458  pop=100
# p=2 gen  2: best_d64=0.6917989458  pop=100
# p=2 gen  3: best_d64=0.6917989458  pop=100
# p=2 gen  4: best_d64=0.6917989458  pop=100
# p=2 gen  4: best_d64=0.6917989458  pop=-1
3,6,2,0.691798945824,11525,0.8,0.33797609362906633;5.718461684911488,1.2147710732033787;2.9323000683873226
# p=3 gen  1: best_d64=0.7232487546  pop=100
# p=3 gen  2: best_d64=0.7232487546  pop=100
# p=3 gen  3: best_d64=0.7232487546  pop=100
# p=3 gen  4: best_d64=0.7232487546  pop=100
# p=3 gen  4: best_d64=0.7232487546  pop=-1
3,6,3,0.723248754631,16632,1.7,0.2897617588353757;5.796067661634588;5.724470035677665,1.1933200198340024;2.8589022199175265;2.9695427874922378
# p=4 gen  1: best_d64=0.7444820666  pop=100
# p=4 gen  2: best_d64=0.7444820666  pop=100
# p=4 gen  3: best_d64=0.7444820666  pop=100
# p=4 gen  4: best_d64=0.7444820666  pop=100
# p=4 gen  4: best_d64=0.7444820666  pop=-1
3,6,4,0.744482066636,19158,6.0,2.8816488670165574;2.7011327021087657;3.634482588531094;5.725052516651321,0.3826052158197886;1.8759236277615734;1.822078969759328;1.718742964738662
# p=5 gen  1: best_d64=0.7472136196  pop=100
# p=5 gen  2: best_d64=0.7515839406  pop=100
# p=5 gen  3: best_d64=0.7515839406  pop=100
# p=5 gen  4: best_d64=0.7515839406  pop=100
# p=5 gen  5: best_d64=0.7515839406  pop=100
# p=5 gen  5: best_d64=0.7515839406  pop=-1
3,6,5,0.751583940550,25404,35.4,0.3867654024683608;5.633081287488239;3.5765987967490087;0.4956980332902991;0.5586174978857943,0.07619866012839165;1.2520885347414514;2.850462995104328;2.9003067795121353;1.4315249103645133
# p=6 gen  1: best_d64=0.7604161871  pop=100
# p=6 gen  2: best_d64=0.7722408027  pop=100
# p=6 gen  3: best_d64=0.7722408532  pop=100
# p=6 gen  4: best_d64=0.7722408532  pop=100
# p=6 gen  5: best_d64=0.7722408532  pop=100
# p=6 gen  6: best_d64=0.7722408532  pop=100
# p=6 gen  6: best_d64=0.7722408532  pop=-1
3,6,6,0.772240853157,32349,201.8,6.0588329977979125;3.531666035639205;5.861344032019044;2.692928807425507;0.49385161561160246;0.5587976040715459,1.1847014319234226;1.255365347165606;2.856111163659318;1.3120922949137803;2.9260119045009385;1.4536960849122054
# p=7 gen  1: best_d64=0.7548559381  pop=100
# p=7 gen  2: best_d64=0.7649607662  pop=100
# p=7 gen  3: best_d64=0.7663746136  pop=100
# p=7 gen  4: best_d64=0.7663793768  pop=100
# p=7 gen  5: best_d64=0.7756699955  pop=100
# p=7 gen  6: best_d64=0.7756704741  pop=100
# p=7 gen  7: best_d64=0.7756704741  pop=100
# p=7 gen  8: best_d64=0.7756704742  pop=100
# p=7 gen  9: best_d64=0.7756704742  pop=100
# p=7 gen  9: best_d64=0.7756704742  pop=-1
3,6,7,0.775670474184,51017,1434.5,2.923428225025433;2.7599872385572373;5.871600243162262;2.706258869827958;3.5875124223094192;0.5813077454635771;4.053792051026794,0.3864583499140311;0.3164737044851079;0.28859397167109785;1.8411876669405127;0.23050618707186465;1.6951298963709398;1.5098920302529646
# p=8 gen  1: best_d64=0.7567742130  pop=100
# p=8 gen  2: best_d64=0.7648487317  pop=100
# p=8 gen  3: best_d64=0.7727866627  pop=100
# p=8 gen  4: best_d64=0.7764195735  pop=100
# p=8 gen  5: best_d64=0.7764197072  pop=100
# p=8 gen  6: best_d64=0.7764197160  pop=100
# p=8 gen  7: best_d64=0.7764197160  pop=100
# p=8 gen  8: best_d64=0.7764197160  pop=100
# p=8 gen  9: best_d64=0.7764197161  pop=100
# p=8 gen  9: best_d64=0.7764197161  pop=-1
3,6,8,0.776419716102,53008,5939.1,3.5118721734555547;5.681469322432628;2.754621827564192;0.425374637825967;5.068589552639751;3.9045091358455006;5.783521635668388;0.5608251971107475,0.06252961221745654;2.817939269346647;1.2671794989254075;1.290892032398155;3.1361348402106;2.8842481234036406;1.3616376035235824;1.4581211552397324
# p=9 gen  1: best_d64=0.7625810039  pop=100
# p=9 gen  2: best_d64=0.7660842776  pop=100
# p=9 gen  3: best_d64=0.7745747459  pop=100
# p=9 gen  4: best_d64=0.7763232893  pop=100
# p=9 gen  5: best_d64=0.7866305942  pop=100
# p=9 gen  6: best_d64=0.7866390593  pop=100
# p=9 gen  7: best_d64=0.7866390638  pop=100
# p=9 gen  8: best_d64=0.7866390638  pop=100
# p=9 gen  9: best_d64=0.7866390638  pop=100
# p=9 gen 10: best_d64=0.7866390638  pop=100
# p=9 gen 10: best_d64=0.7866390638  pop=-1
3,6,9,0.786639063770,60844,29432.9,3.3480432915789953;0.3618083631908845;2.726702397365843;3.2493646966197622;3.699090311964465;3.0215257428906583;2.525096189369632;3.6382814135737864;2.581150504335689,2.7562170603057905;1.2574775620925616;2.60613504418072;1.7805721296604335;2.677288436395156;1.7462723424485955;1.327988256010594;1.3772917854745725;3.040491054989327
# p=10 gen  1: best_d64=0.7935074152  pop=100
# p=10 gen  2: best_d64=0.7935081131  pop=100
# p=10 gen  3: best_d64=0.7935081172  pop=100
# p=10 gen  4: best_d64=0.7935081172  pop=100
# p=10 gen  5: best_d64=0.7935081172  pop=100
# p=10 gen  6: best_d64=0.7935081172  pop=100
# p=10 gen  6: best_d64=0.7935081172  pop=-1
3,6,10,0.793508117233,37379,91632.1,3.339882850533628;0.3501083507442662;2.7385300833238597;3.244699103536203;3.67534038522887;3.018340493792828;2.5524814643585687;3.5864745753556804;2.645300285423854;2.5794990604317207,2.757140378639507;1.258612837455748;2.606088016514378;1.7777660534288644;2.685228712074266;1.7294230997801057;1.310180765667368;1.3424609484568815;2.9575512515585136;3.0486964219149484
# p=11 gen  1: best_d64=0.7994311974  pop=100
# p=11 gen  2: best_d64=0.7994316652  pop=100
# p=11 gen  3: best_d64=0.7994316706  pop=100
# p=11 gen  4: best_d64=0.7994316707  pop=100
# p=11 gen  5: best_d64=0.7994316707  pop=100
# p=11 gen  6: best_d64=0.7994316707  pop=100
# p=11 gen  6: best_d64=0.7994316707  pop=-1
3,6,11,0.799431670680,36373,425142.7,3.333182900840317;0.34044468996953525;2.748369792989992;3.2401002600441084;3.657009496307317;3.0173390120371115;2.5719817389989794;3.5594676174643287;2.6990220779968883;2.643027086720302;2.5762515101268075,2.7581294260432077;1.2600469693910874;2.6068636990374876;1.7761066280390798;2.6899755847957247;1.7203342738432266;1.3025939002684253;1.3227872490761206;2.9225775165418693;2.9675229131664183;3.055247926342965
/var/spool/slurmd/job1357789/slurm_script: line 124:  9846 Killed                  julia --project=. -t ${SLURM_CPUS_PER_TASK:-28} scripts/swarm_chain_d64.jl $K $D 15 100 10 20 42

Exit code: 137
Done: Tue Apr 28 18:56:56 UTC 2026
FAILED — pushing logs
