=== QAOA Double64 Swarm ===
Task:  1 / 15
Pair:  k=3, D=4
Node:  swift-c3dnodeset-0
CPUs:  28
Start: Fri Apr 10 23:15:07 UTC 2026
Job:   1326039_1

--- Node diagnostics ---
Hostname: swift-c3dnodeset-0
Memory:                  total        used        free      shared  buff/cache   available
Mem:           2.8Ti        13Gi       2.8Ti       3.9Mi       1.6Gi       2.8Ti
Disk:     10.17.247.218:/nfsshare   25T   15T  9.6T  60% /home
Julia:    /home/stephenjordan_google_com/julia-1.12.5/bin/julia
Git HEAD: 411f899

Checking Julia environment...
Environment ready.

Starting swarm_chain_d64.jl with 28 threads at Fri Apr 10 23:15:09 UTC 2026
# swarm-d64 chain: k=3, D=4, p=1-15, pop=100, gens=10, burst=20, seed=42
k,D,p,ctilde,evals,wall_seconds,gamma,beta
# p=1 gen  1: best_d64=0.6760566601  pop=100
# p=1 gen  2: best_d64=0.6760566601  pop=100
# p=1 gen  3: best_d64=0.6760566601  pop=100
# p=1 gen  4: best_d64=0.6760566601  pop=100
# p=1 gen  4: best_d64=0.6760566601  pop=-1
3,4,1,0.676056660061,5643,5.5,2.591542135873866,2.854221306911619
# p=2 gen  1: best_d64=0.7391227847  pop=100
# p=2 gen  2: best_d64=0.7391227847  pop=100
# p=2 gen  3: best_d64=0.7391227847  pop=100
# p=2 gen  4: best_d64=0.7391227847  pop=100
# p=2 gen  4: best_d64=0.7391227847  pop=-1
3,4,2,0.739122784672,11461,1.3,2.7191318341854074;2.4203993772399452,2.778000234751337;2.9301352528631184
# p=3 gen  1: best_d64=0.7771440626  pop=100
# p=3 gen  2: best_d64=0.7771440626  pop=100
# p=3 gen  3: best_d64=0.7771440626  pop=100
# p=3 gen  4: best_d64=0.7771440626  pop=100
# p=3 gen  4: best_d64=0.7771440626  pop=-1
3,4,3,0.777144062579,16887,2.9,0.36139473697403895;5.658936677687307;2.4131631520576433,1.954568320890278;0.29547135445385975;1.746714088066846
# p=4 gen  1: best_d64=0.7899577179  pop=100
# p=4 gen  2: best_d64=0.8022011775  pop=100
# p=4 gen  3: best_d64=0.8022040181  pop=100
# p=4 gen  4: best_d64=0.8022040181  pop=100
# p=4 gen  5: best_d64=0.8022040181  pop=100
# p=4 gen  6: best_d64=0.8022040181  pop=100
# p=4 gen  6: best_d64=0.8022040181  pop=-1
3,4,4,0.802204018074,26383,14.4,2.8172818861672635;2.578009781160912;0.6416408236957178;2.408306231445225,0.3871000508508094;1.8855913808432738;1.8369360967139021;1.7237506821326922
# p=5 gen  1: best_d64=0.8031547287  pop=100
# p=5 gen  2: best_d64=0.8114350697  pop=100
# p=5 gen  3: best_d64=0.8114350697  pop=100
# p=5 gen  4: best_d64=0.8114398574  pop=100
# p=5 gen  5: best_d64=0.8114398574  pop=100
# p=5 gen  6: best_d64=0.8114398574  pop=100
# p=5 gen  7: best_d64=0.8114398574  pop=100
# p=5 gen  7: best_d64=0.8114398574  pop=-1
3,4,5,0.811439857423,32633,83.2,3.45336163188236;0.5449490686920344;2.5041863021693946;2.971607869057202;2.1528986795894696,2.752947280295601;1.2537480828186045;1.048754806187682;1.820156433592521;2.9926481050277953
=== QAOA Double64 Swarm ===
Task:  1 / 15
Pair:  k=3, D=4
Node:  swift-c3dnodesetssd-15
CPUs:  28
Start: Fri Apr 10 23:52:28 UTC 2026
Job:   1326055_1

--- Node diagnostics ---
Hostname: swift-c3dnodesetssd-15
Memory:                  total        used        free      shared  buff/cache   available
Mem:           1.4Ti       9.0Gi       1.4Ti       3.3Mi       2.2Gi       1.4Ti
Disk:     10.17.247.218:/nfsshare   25T   15T  9.6T  60% /home
Julia:    /home/stephenjordan_google_com/julia-1.12.5/bin/julia
Git HEAD: 411f899

Checking Julia environment...
Environment ready.

Starting swarm_chain_d64.jl with 28 threads at Fri Apr 10 23:52:34 UTC 2026
# swarm-d64 chain: k=3, D=4, p=1-15, pop=100, gens=10, burst=20, seed=42
k,D,p,ctilde,evals,wall_seconds,gamma,beta
# p=1 gen  1: best_d64=0.6760566601  pop=100
# p=1 gen  2: best_d64=0.6760566601  pop=100
# p=1 gen  3: best_d64=0.6760566601  pop=100
# p=1 gen  4: best_d64=0.6760566601  pop=100
# p=1 gen  4: best_d64=0.6760566601  pop=-1
3,4,1,0.676056660061,5564,5.3,2.591542135873866,2.854221306911619
# p=2 gen  1: best_d64=0.7391227847  pop=100
# p=2 gen  2: best_d64=0.7391227847  pop=100
# p=2 gen  3: best_d64=0.7391227847  pop=100
# p=2 gen  4: best_d64=0.7391227847  pop=100
# p=2 gen  4: best_d64=0.7391227847  pop=-1
3,4,2,0.739122784672,11503,0.9,2.7191318341854074;2.4203993772399452,2.778000234751337;2.9301352528631184
# p=3 gen  1: best_d64=0.7771440626  pop=100
# p=3 gen  2: best_d64=0.7771440626  pop=100
# p=3 gen  3: best_d64=0.7771440626  pop=100
# p=3 gen  4: best_d64=0.7771440626  pop=100
# p=3 gen  4: best_d64=0.7771440626  pop=-1
3,4,3,0.777144062579,16674,2.1,0.36139473697403895;5.658936677687307;2.4131631520576433,1.954568320890278;0.29547135445385975;1.746714088066846
# p=4 gen  1: best_d64=0.7899577179  pop=100
# p=4 gen  2: best_d64=0.8022011775  pop=100
# p=4 gen  3: best_d64=0.8022040181  pop=100
# p=4 gen  4: best_d64=0.8022040181  pop=100
# p=4 gen  5: best_d64=0.8022040181  pop=100
# p=4 gen  6: best_d64=0.8022040181  pop=100
# p=4 gen  6: best_d64=0.8022040181  pop=-1
3,4,4,0.802204018074,25912,11.6,2.8172818861672635;2.578009781160912;0.6416408236957178;2.408306231445225,0.3871000508508094;1.8855913808432738;1.8369360967139021;1.7237506821326922
# p=5 gen  1: best_d64=0.8031547287  pop=100
# p=5 gen  2: best_d64=0.8114350697  pop=100
# p=5 gen  3: best_d64=0.8114350697  pop=100
# p=5 gen  4: best_d64=0.8114398574  pop=100
# p=5 gen  5: best_d64=0.8114398574  pop=100
# p=5 gen  6: best_d64=0.8114398574  pop=100
# p=5 gen  7: best_d64=0.8114398574  pop=100
# p=5 gen  7: best_d64=0.8114398574  pop=-1
3,4,5,0.811439857423,32938,70.1,3.45336163188236;0.5449490686920344;2.5041863021693946;2.971607869057202;2.1528986795894696,2.752947280295601;1.2537480828186045;1.048754806187682;1.820156433592521;2.9926481050277953
# p=6 gen  1: best_d64=0.8246965585  pop=100
# p=6 gen  2: best_d64=0.8246967312  pop=100
# p=6 gen  3: best_d64=0.8246967312  pop=100
# p=6 gen  4: best_d64=0.8246967312  pop=100
# p=6 gen  5: best_d64=0.8246967312  pop=100
# p=6 gen  5: best_d64=0.8246967312  pop=-1
3,4,6,0.824696731210,29342,285.2,5.990405102857599;3.657924974569561;0.5934709566945535;3.30680502662239;5.39783008905682;3.886051360246229,1.9599775474958927;0.319006831546994;2.08068091022417;2.9407009124759553;1.816583619111721;0.1271339258279434
# p=7 gen  1: best_d64=0.8381399176  pop=100
# p=7 gen  2: best_d64=0.8381401004  pop=100
# p=7 gen  3: best_d64=0.8381401004  pop=100
# p=7 gen  4: best_d64=0.8381401004  pop=100
# p=7 gen  5: best_d64=0.8381401004  pop=100
# p=7 gen  5: best_d64=0.8381401004  pop=-1
3,4,7,0.838140100433,31549,1307.9,6.007772747127111;3.6309169311200793;0.5660103685809522;3.3252762389943586;5.439623778901955;3.801166154592135;3.893282848092085,1.9588929497317464;0.31865331243922235;2.0758493920034415;2.9633686976589577;1.8423488237920935;0.22494027165822286;0.11773210381199653
# p=8 gen  1: best_d64=0.8479039822  pop=100
# p=8 gen  2: best_d64=0.8479068303  pop=100
# p=8 gen  3: best_d64=0.8479068304  pop=100
# p=8 gen  4: best_d64=0.8479068304  pop=100
# p=8 gen  5: best_d64=0.8479068305  pop=100
# p=8 gen  6: best_d64=0.8479068305  pop=100
# p=8 gen  6: best_d64=0.8479068305  pop=-1
3,4,8,0.847906830487,38209,6874.9,6.020907641183572;3.6118140622834307;0.5431377141769643;3.309382966220593;5.502629046380569;3.7301828538665234;3.7885715084879754;3.883307639905015,1.9578864421936846;0.3176849586496047;2.0717179683300375;2.9732950401690643;1.8527025897590876;0.2529715923969675;0.21440364613355659;0.10953004747682865
# p=9 gen  1: best_d64=0.8559527708  pop=100
# p=9 gen  2: best_d64=0.8559547910  pop=100
# p=9 gen  3: best_d64=0.8559547926  pop=100
# p=9 gen  4: best_d64=0.8559547926  pop=100
# p=9 gen  5: best_d64=0.8559547926  pop=100
# p=9 gen  6: best_d64=0.8559547926  pop=100
# p=9 gen  6: best_d64=0.8559547926  pop=-1
3,4,9,0.855954792613,38883,35238.4,6.032488457560404;3.59445221712093;0.5228745337385893;3.30288127777654;5.535322601360919;3.6934741542818297;3.729001912141871;3.790881729627679;3.8876770562654612,1.9564561369216382;0.3151881822955622;2.062330364383919;2.9848899990903757;1.8571530042239075;0.2718956621634694;0.24646605341287495;0.20628007977333362;0.10260433461716102
# p=10 gen  1: best_d64=0.8628148882  pop=100
# p=10 gen  2: best_d64=0.8628175614  pop=100
# p=10 gen  3: best_d64=0.8628175872  pop=100
# p=10 gen  4: best_d64=0.8628175872  pop=100
=== QAOA Double64 Swarm ===
Task:  1 / 15
Pair:  k=3, D=4
Node:  swift-c3dnodesetssd-0
CPUs:  28
Start: Wed Apr 15 04:30:32 UTC 2026
Job:   1357786_1

--- Node diagnostics ---
Hostname: swift-c3dnodesetssd-0
Memory:                  total        used        free      shared  buff/cache   available
Mem:           1.4Ti       9.2Gi       1.4Ti       3.3Mi       2.4Gi       1.4Ti
Disk:     10.17.247.218:/nfsshare   25T   15T  9.5T  61% /home
Julia:    /home/stephenjordan_google_com/julia-1.12.5/bin/julia
Git HEAD: 605aa66

Removing stale results/swarm-d64-k3d4.csv
Checking Julia environment...
Environment ready.

Starting swarm_chain_d64.jl with 28 threads at Wed Apr 15 04:30:48 UTC 2026
# swarm-d64 chain: k=3, D=4, p=1-15, pop=100, gens=10, burst=20, seed=42
k,D,p,ctilde,evals,wall_seconds,gamma,beta
# p=1 gen  1: best_d64=0.6760566601  pop=100
# p=1 gen  2: best_d64=0.6760566601  pop=100
# p=1 gen  3: best_d64=0.6760566601  pop=100
# p=1 gen  4: best_d64=0.6760566601  pop=100
# p=1 gen  4: best_d64=0.6760566601  pop=-1
3,4,1,0.676056660061,5542,5.5,2.591542135873866,2.854221306911619
# p=2 gen  1: best_d64=0.7391227847  pop=100
# p=2 gen  2: best_d64=0.7391227847  pop=100
# p=2 gen  3: best_d64=0.7391227847  pop=100
# p=2 gen  4: best_d64=0.7391227847  pop=100
# p=2 gen  4: best_d64=0.7391227847  pop=-1
3,4,2,0.739122784672,11502,0.9,2.7191318341854074;2.4203993772399452,2.778000234751337;2.9301352528631184
# p=3 gen  1: best_d64=0.7771440626  pop=100
# p=3 gen  2: best_d64=0.7771440626  pop=100
# p=3 gen  3: best_d64=0.7771440626  pop=100
# p=3 gen  4: best_d64=0.7771440626  pop=100
# p=3 gen  4: best_d64=0.7771440626  pop=-1
3,4,3,0.777144062579,16838,2.1,0.36139473697403895;5.658936677687307;2.4131631520576433,1.954568320890278;0.29547135445385975;1.746714088066846
# p=4 gen  1: best_d64=0.7899577179  pop=100
# p=4 gen  2: best_d64=0.8022011775  pop=100
# p=4 gen  3: best_d64=0.8022040181  pop=100
# p=4 gen  4: best_d64=0.8022040181  pop=100
# p=4 gen  5: best_d64=0.8022040181  pop=100
# p=4 gen  6: best_d64=0.8022040181  pop=100
# p=4 gen  6: best_d64=0.8022040181  pop=-1
3,4,4,0.802204018074,26177,11.7,2.8172818861672635;2.578009781160912;0.6416408236957178;2.408306231445225,0.3871000508508094;1.8855913808432738;1.8369360967139021;1.7237506821326922
# p=5 gen  1: best_d64=0.8031547287  pop=100
# p=5 gen  2: best_d64=0.8114350697  pop=100
# p=5 gen  3: best_d64=0.8114350697  pop=100
# p=5 gen  4: best_d64=0.8114398574  pop=100
# p=5 gen  5: best_d64=0.8114398574  pop=100
# p=5 gen  6: best_d64=0.8114398574  pop=100
# p=5 gen  7: best_d64=0.8114398574  pop=100
# p=5 gen  7: best_d64=0.8114398574  pop=-1
3,4,5,0.811439857423,32931,70.3,3.45336163188236;0.5449490686920344;2.5041863021693946;2.971607869057202;2.1528986795894696,2.752947280295601;1.2537480828186045;1.048754806187682;1.820156433592521;2.9926481050277953
# p=6 gen  1: best_d64=0.8246965585  pop=100
# p=6 gen  2: best_d64=0.8246967312  pop=100
# p=6 gen  3: best_d64=0.8246967312  pop=100
# p=6 gen  4: best_d64=0.8246967312  pop=100
# p=6 gen  5: best_d64=0.8246967312  pop=100
# p=6 gen  5: best_d64=0.8246967312  pop=-1
3,4,6,0.824696731210,29346,287.3,5.990405102857599;3.657924974569561;0.5934709566945535;3.30680502662239;5.39783008905682;3.886051360246229,1.9599775474958927;0.319006831546994;2.08068091022417;2.9407009124759553;1.816583619111721;0.1271339258279434
# p=7 gen  1: best_d64=0.8381399176  pop=100
# p=7 gen  2: best_d64=0.8381401004  pop=100
# p=7 gen  3: best_d64=0.8381401004  pop=100
# p=7 gen  4: best_d64=0.8381401004  pop=100
# p=7 gen  5: best_d64=0.8381401004  pop=100
# p=7 gen  5: best_d64=0.8381401004  pop=-1
3,4,7,0.838140100433,31549,1312.8,6.007772747127111;3.6309169311200793;0.5660103685809522;3.3252762389943586;5.439623778901955;3.801166154592135;3.893282848092085,1.9588929497317464;0.31865331243922235;2.0758493920034415;2.9633686976589577;1.8423488237920935;0.22494027165822286;0.11773210381199653
# p=8 gen  1: best_d64=0.8479039822  pop=100
# p=8 gen  2: best_d64=0.8479068303  pop=100
# p=8 gen  3: best_d64=0.8479068304  pop=100
# p=8 gen  4: best_d64=0.8479068304  pop=100
# p=8 gen  5: best_d64=0.8479068305  pop=100
# p=8 gen  6: best_d64=0.8479068305  pop=100
# p=8 gen  6: best_d64=0.8479068305  pop=-1
3,4,8,0.847906830487,38209,6889.3,6.020907641183572;3.6118140622834307;0.5431377141769643;3.309382966220593;5.502629046380569;3.7301828538665234;3.7885715084879754;3.883307639905015,1.9578864421936846;0.3176849586496047;2.0717179683300375;2.9732950401690643;1.8527025897590876;0.2529715923969675;0.21440364613355659;0.10953004747682865
# p=9 gen  1: best_d64=0.8559527708  pop=100
# p=9 gen  2: best_d64=0.8559547910  pop=100
# p=9 gen  3: best_d64=0.8559547926  pop=100
# p=9 gen  4: best_d64=0.8559547926  pop=100
# p=9 gen  5: best_d64=0.8559547926  pop=100
# p=9 gen  6: best_d64=0.8559547926  pop=100
# p=9 gen  6: best_d64=0.8559547926  pop=-1
3,4,9,0.855954792613,38883,35272.6,6.032488457560404;3.59445221712093;0.5228745337385893;3.30288127777654;5.535322601360919;3.6934741542818297;3.729001912141871;3.790881729627679;3.8876770562654612,1.9564561369216382;0.3151881822955622;2.062330364383919;2.9848899990903757;1.8571530042239075;0.2718956621634694;0.24646605341287495;0.20628007977333362;0.10260433461716102
# p=10 gen  1: best_d64=0.8628148882  pop=100
# p=10 gen  2: best_d64=0.8628175614  pop=100
# p=10 gen  3: best_d64=0.8628175872  pop=100
# p=10 gen  4: best_d64=0.8628175872  pop=100
# p=10 gen  5: best_d64=0.8628175872  pop=100
# p=10 gen  6: best_d64=0.8628175872  pop=100
# p=10 gen  6: best_d64=0.8628175872  pop=-1
3,4,10,0.862817587251,39241,166237.9,6.041961168801087;3.580150272930868;0.5069983714945901;3.2976694309942984;5.559741220542023;3.6704225451422308;3.6883269586054164;3.7265023580137897;3.7900522882568635;3.888074938783504,1.9549531045107986;0.31255011637563507;2.055842650812547;2.9912612428435947;1.8572184391021227;0.2772632830197488;0.265129299868697;0.2391478172597267;0.19821146369727907;0.09722099566338978
# p=11 gen  1: best_d64=0.8685406711  pop=100
# p=11 gen  2: best_d64=0.8685444168  pop=100
=== QAOA Double64 Swarm ===
Task:  1 / 15
Pair:  k=3, D=4
Node:  swift-c3dnodesetssd-0
CPUs:  28
Start: Tue Apr 21 14:12:25 UTC 2026
Job:   1357786_1

--- Node diagnostics ---
Hostname: swift-c3dnodesetssd-0
Memory:                  total        used        free      shared  buff/cache   available
Mem:           1.4Ti       9.1Gi       1.4Ti       3.3Mi       2.3Gi       1.4Ti
Disk:     10.17.247.218:/nfsshare   25T   15T  9.2T  62% /home
Julia:    /home/stephenjordan_google_com/julia-1.12.5/bin/julia
Git HEAD: 7b59647

Removing stale results/swarm-d64-k3d4.csv
Checking Julia environment...
Precompiling packages...
    QaoaXorsat Being precompiled by another machine (hostname: swift-c3dnodesetssd-10, pid: 9762, pidfile: /home/stephenjordan_google_com/.julia/compiled/v1.12/QaoaXorsat/qgVWo_H0iNu.ji.pidfile)
  70948.6 ms  ✓ QaoaXorsat
  1 dependency successfully precompiled in 74 seconds. 52 already precompiled.
Environment ready.

Starting swarm_chain_d64.jl with 28 threads at Tue Apr 21 14:13:56 UTC 2026
# swarm-d64 chain: k=3, D=4, p=1-15, pop=100, gens=10, burst=20, seed=42
k,D,p,ctilde,evals,wall_seconds,gamma,beta
# p=1 gen  1: best_d64=0.6760566601  pop=100
# p=1 gen  2: best_d64=0.6760566601  pop=100
# p=1 gen  3: best_d64=0.6760566601  pop=100
# p=1 gen  4: best_d64=0.6760566601  pop=100
# p=1 gen  4: best_d64=0.6760566601  pop=-1
3,4,1,0.676056660061,5575,5.1,2.591542135873866,2.854221306911619
# p=2 gen  1: best_d64=0.7391227847  pop=100
# p=2 gen  2: best_d64=0.7391227847  pop=100
# p=2 gen  3: best_d64=0.7391227847  pop=100
# p=2 gen  4: best_d64=0.7391227847  pop=100
# p=2 gen  4: best_d64=0.7391227847  pop=-1
3,4,2,0.739122784672,11502,0.8,2.7191318341854074;2.4203993772399452,2.778000234751337;2.9301352528631184
# p=3 gen  1: best_d64=0.7771440626  pop=100
# p=3 gen  2: best_d64=0.7771440626  pop=100
# p=3 gen  3: best_d64=0.7771440626  pop=100
# p=3 gen  4: best_d64=0.7771440626  pop=100
# p=3 gen  4: best_d64=0.7771440626  pop=-1
3,4,3,0.777144062579,16815,1.6,0.36139473697403895;5.658936677687307;2.4131631520576433,1.954568320890278;0.29547135445385975;1.746714088066846
# p=4 gen  1: best_d64=0.7899577179  pop=100
# p=4 gen  2: best_d64=0.8022011775  pop=100
# p=4 gen  3: best_d64=0.8022040181  pop=100
# p=4 gen  4: best_d64=0.8022040181  pop=100
# p=4 gen  5: best_d64=0.8022040181  pop=100
# p=4 gen  6: best_d64=0.8022040181  pop=100
# p=4 gen  6: best_d64=0.8022040181  pop=-1
3,4,4,0.802204018074,26500,7.9,2.8172818861672635;2.578009781160912;0.6416408236957178;2.408306231445225,0.3871000508508094;1.8855913808432738;1.8369360967139021;1.7237506821326922
# p=5 gen  1: best_d64=0.8031547287  pop=100
# p=5 gen  2: best_d64=0.8114350697  pop=100
# p=5 gen  3: best_d64=0.8114350697  pop=100
# p=5 gen  4: best_d64=0.8114398574  pop=100
# p=5 gen  5: best_d64=0.8114398574  pop=100
# p=5 gen  6: best_d64=0.8114398574  pop=100
# p=5 gen  7: best_d64=0.8114398574  pop=100
# p=5 gen  7: best_d64=0.8114398574  pop=-1
3,4,5,0.811439857423,32983,46.0,3.45336163188236;0.5449490686920344;2.5041863021693946;2.971607869057202;2.1528986795894696,2.752947280295601;1.2537480828186045;1.048754806187682;1.820156433592521;2.9926481050277953
# p=6 gen  1: best_d64=0.8246965585  pop=100
# p=6 gen  2: best_d64=0.8246967312  pop=100
# p=6 gen  3: best_d64=0.8246967312  pop=100
# p=6 gen  4: best_d64=0.8246967312  pop=100
# p=6 gen  5: best_d64=0.8246967312  pop=100
# p=6 gen  5: best_d64=0.8246967312  pop=-1
3,4,6,0.824696731210,29283,163.0,5.990405102857599;3.657924974569561;0.5934709566945535;3.30680502662239;5.39783008905682;3.886051360246229,1.9599775474958927;0.319006831546994;2.08068091022417;2.9407009124759553;1.816583619111721;0.1271339258279434
# p=7 gen  1: best_d64=0.8381399176  pop=100
# p=7 gen  2: best_d64=0.8381401004  pop=100
# p=7 gen  3: best_d64=0.8381401004  pop=100
# p=7 gen  4: best_d64=0.8381401004  pop=100
# p=7 gen  5: best_d64=0.8381401004  pop=100
# p=7 gen  5: best_d64=0.8381401004  pop=-1
3,4,7,0.838140100433,31549,748.2,6.007772747127111;3.6309169311200793;0.5660103685809522;3.3252762389943586;5.439623778901955;3.801166154592135;3.893282848092085,1.9588929497317464;0.31865331243922235;2.0758493920034415;2.9633686976589577;1.8423488237920935;0.22494027165822286;0.11773210381199653
# p=8 gen  1: best_d64=0.8479039822  pop=100
# p=8 gen  2: best_d64=0.8479068303  pop=100
# p=8 gen  3: best_d64=0.8479068304  pop=100
# p=8 gen  4: best_d64=0.8479068304  pop=100
# p=8 gen  5: best_d64=0.8479068305  pop=100
# p=8 gen  6: best_d64=0.8479068305  pop=100
# p=8 gen  6: best_d64=0.8479068305  pop=-1
3,4,8,0.847906830487,38209,3789.9,6.020907641183572;3.6118140622834307;0.5431377141769643;3.309382966220593;5.502629046380569;3.7301828538665234;3.7885715084879754;3.883307639905015,1.9578864421936846;0.3176849586496047;2.0717179683300375;2.9732950401690643;1.8527025897590876;0.2529715923969675;0.21440364613355659;0.10953004747682865
# p=9 gen  1: best_d64=0.8559527708  pop=100
# p=9 gen  2: best_d64=0.8559547910  pop=100
# p=9 gen  3: best_d64=0.8559547926  pop=100
# p=9 gen  4: best_d64=0.8559547926  pop=100
# p=9 gen  5: best_d64=0.8559547926  pop=100
# p=9 gen  6: best_d64=0.8559547926  pop=100
# p=9 gen  6: best_d64=0.8559547926  pop=-1
3,4,9,0.855954792613,38883,18682.2,6.032488457560404;3.59445221712093;0.5228745337385893;3.30288127777654;5.535322601360919;3.6934741542818297;3.729001912141871;3.790881729627679;3.8876770562654612,1.9564561369216382;0.3151881822955622;2.062330364383919;2.9848899990903757;1.8571530042239075;0.2718956621634694;0.24646605341287495;0.20628007977333362;0.10260433461716102
=== QAOA Double64 Swarm ===
Task:  1 / 15
Pair:  k=3, D=4
Node:  swift-c3dnodesetssd-0
CPUs:  28
Start: Tue Apr 21 20:55:32 UTC 2026
Job:   1357786_1

--- Node diagnostics ---
Hostname: swift-c3dnodesetssd-0
Memory:                  total        used        free      shared  buff/cache   available
Mem:           1.4Ti       9.0Gi       1.4Ti       3.3Mi       2.2Gi       1.4Ti
Disk:     10.17.247.218:/nfsshare   25T   15T  9.1T  62% /home
Julia:    /home/stephenjordan_google_com/julia-1.12.5/bin/julia
Git HEAD: 7b59647

Removing stale results/swarm-d64-k3d4.csv
Checking Julia environment...
Environment ready.

Starting swarm_chain_d64.jl with 28 threads at Tue Apr 21 20:55:35 UTC 2026
# swarm-d64 chain: k=3, D=4, p=1-15, pop=100, gens=10, burst=20, seed=42
k,D,p,ctilde,evals,wall_seconds,gamma,beta
# p=1 gen  1: best_d64=0.6760566601  pop=100
# p=1 gen  2: best_d64=0.6760566601  pop=100
# p=1 gen  3: best_d64=0.6760566601  pop=100
# p=1 gen  4: best_d64=0.6760566601  pop=100
# p=1 gen  4: best_d64=0.6760566601  pop=-1
3,4,1,0.676056660061,5602,5.0,2.591542135873866,2.854221306911619
# p=2 gen  1: best_d64=0.7391227847  pop=100
# p=2 gen  2: best_d64=0.7391227847  pop=100
# p=2 gen  3: best_d64=0.7391227847  pop=100
# p=2 gen  4: best_d64=0.7391227847  pop=100
# p=2 gen  4: best_d64=0.7391227847  pop=-1
3,4,2,0.739122784672,11503,0.9,2.7191318341854074;2.4203993772399452,2.778000234751337;2.9301352528631184
# p=3 gen  1: best_d64=0.7771440626  pop=100
# p=3 gen  2: best_d64=0.7771440626  pop=100
# p=3 gen  3: best_d64=0.7771440626  pop=100
# p=3 gen  4: best_d64=0.7771440626  pop=100
# p=3 gen  4: best_d64=0.7771440626  pop=-1
3,4,3,0.777144062579,16867,1.6,0.36139473697403895;5.658936677687307;2.4131631520576433,1.954568320890278;0.29547135445385975;1.746714088066846
# p=4 gen  1: best_d64=0.7899577179  pop=100
# p=4 gen  2: best_d64=0.8022011775  pop=100
# p=4 gen  3: best_d64=0.8022040181  pop=100
# p=4 gen  4: best_d64=0.8022040181  pop=100
# p=4 gen  5: best_d64=0.8022040181  pop=100
# p=4 gen  6: best_d64=0.8022040181  pop=100
# p=4 gen  6: best_d64=0.8022040181  pop=-1
3,4,4,0.802204018074,26495,7.8,2.8172818861672635;2.578009781160912;0.6416408236957178;2.408306231445225,0.3871000508508094;1.8855913808432738;1.8369360967139021;1.7237506821326922
# p=5 gen  1: best_d64=0.8031547287  pop=100
# p=5 gen  2: best_d64=0.8114350697  pop=100
# p=5 gen  3: best_d64=0.8114350697  pop=100
# p=5 gen  4: best_d64=0.8114398574  pop=100
# p=5 gen  5: best_d64=0.8114398574  pop=100
# p=5 gen  6: best_d64=0.8114398574  pop=100
# p=5 gen  7: best_d64=0.8114398574  pop=100
# p=5 gen  7: best_d64=0.8114398574  pop=-1
3,4,5,0.811439857423,32993,46.1,3.45336163188236;0.5449490686920344;2.5041863021693946;2.971607869057202;2.1528986795894696,2.752947280295601;1.2537480828186045;1.048754806187682;1.820156433592521;2.9926481050277953
# p=6 gen  1: best_d64=0.8246965585  pop=100
# p=6 gen  2: best_d64=0.8246967312  pop=100
# p=6 gen  3: best_d64=0.8246967312  pop=100
# p=6 gen  4: best_d64=0.8246967312  pop=100
# p=6 gen  5: best_d64=0.8246967312  pop=100
# p=6 gen  5: best_d64=0.8246967312  pop=-1
3,4,6,0.824696731210,29400,162.5,5.990405102857599;3.657924974569561;0.5934709566945535;3.30680502662239;5.39783008905682;3.886051360246229,1.9599775474958927;0.319006831546994;2.08068091022417;2.9407009124759553;1.816583619111721;0.1271339258279434
# p=7 gen  1: best_d64=0.8381399176  pop=100
# p=7 gen  2: best_d64=0.8381401004  pop=100
# p=7 gen  3: best_d64=0.8381401004  pop=100
=== QAOA Double64 Swarm ===
Task:  1 / 15
Pair:  k=3, D=4
Node:  swift-c3dnodesetssd-0
CPUs:  28
Start: Tue Apr 21 21:13:32 UTC 2026
Job:   1357786_1

--- Node diagnostics ---
Hostname: swift-c3dnodesetssd-0
Memory:                  total        used        free      shared  buff/cache   available
Mem:           1.4Ti       9.0Gi       1.4Ti       3.3Mi       2.2Gi       1.4Ti
Disk:     10.17.247.218:/nfsshare   25T   15T  9.1T  62% /home
Julia:    /home/stephenjordan_google_com/julia-1.12.5/bin/julia
Git HEAD: 7b59647

Removing stale results/swarm-d64-k3d4.csv
Checking Julia environment...
Environment ready.

Starting swarm_chain_d64.jl with 28 threads at Tue Apr 21 21:13:35 UTC 2026
# swarm-d64 chain: k=3, D=4, p=1-15, pop=100, gens=10, burst=20, seed=42
k,D,p,ctilde,evals,wall_seconds,gamma,beta
# p=1 gen  1: best_d64=0.6760566601  pop=100
# p=1 gen  2: best_d64=0.6760566601  pop=100
# p=1 gen  3: best_d64=0.6760566601  pop=100
# p=1 gen  4: best_d64=0.6760566601  pop=100
# p=1 gen  4: best_d64=0.6760566601  pop=-1
3,4,1,0.676056660061,5563,5.1,2.591542135873866,2.854221306911619
# p=2 gen  1: best_d64=0.7391227847  pop=100
# p=2 gen  2: best_d64=0.7391227847  pop=100
# p=2 gen  3: best_d64=0.7391227847  pop=100
# p=2 gen  4: best_d64=0.7391227847  pop=100
# p=2 gen  4: best_d64=0.7391227847  pop=-1
3,4,2,0.739122784672,11504,0.8,2.7191318341854074;2.4203993772399452,2.778000234751337;2.9301352528631184
# p=3 gen  1: best_d64=0.7771440626  pop=100
# p=3 gen  2: best_d64=0.7771440626  pop=100
# p=3 gen  3: best_d64=0.7771440626  pop=100
# p=3 gen  4: best_d64=0.7771440626  pop=100
# p=3 gen  4: best_d64=0.7771440626  pop=-1
3,4,3,0.777144062579,16887,1.6,0.36139473697403895;5.658936677687307;2.4131631520576433,1.954568320890278;0.29547135445385975;1.746714088066846
# p=4 gen  1: best_d64=0.7899577179  pop=100
# p=4 gen  2: best_d64=0.8022011775  pop=100
# p=4 gen  3: best_d64=0.8022040181  pop=100
# p=4 gen  4: best_d64=0.8022040181  pop=100
# p=4 gen  5: best_d64=0.8022040181  pop=100
# p=4 gen  6: best_d64=0.8022040181  pop=100
# p=4 gen  6: best_d64=0.8022040181  pop=-1
3,4,4,0.802204018074,26475,7.8,2.8172818861672635;2.578009781160912;0.6416408236957178;2.408306231445225,0.3871000508508094;1.8855913808432738;1.8369360967139021;1.7237506821326922
# p=5 gen  1: best_d64=0.8031547287  pop=100
# p=5 gen  2: best_d64=0.8114350697  pop=100
# p=5 gen  3: best_d64=0.8114350697  pop=100
# p=5 gen  4: best_d64=0.8114398574  pop=100
# p=5 gen  5: best_d64=0.8114398574  pop=100
# p=5 gen  6: best_d64=0.8114398574  pop=100
# p=5 gen  7: best_d64=0.8114398574  pop=100
# p=5 gen  7: best_d64=0.8114398574  pop=-1
3,4,5,0.811439857423,32933,46.1,3.45336163188236;0.5449490686920344;2.5041863021693946;2.971607869057202;2.1528986795894696,2.752947280295601;1.2537480828186045;1.048754806187682;1.820156433592521;2.9926481050277953
# p=6 gen  1: best_d64=0.8246965585  pop=100
# p=6 gen  2: best_d64=0.8246967312  pop=100
# p=6 gen  3: best_d64=0.8246967312  pop=100
# p=6 gen  4: best_d64=0.8246967312  pop=100
# p=6 gen  5: best_d64=0.8246967312  pop=100
# p=6 gen  5: best_d64=0.8246967312  pop=-1
3,4,6,0.824696731210,29400,163.2,5.990405102857599;3.657924974569561;0.5934709566945535;3.30680502662239;5.39783008905682;3.886051360246229,1.9599775474958927;0.319006831546994;2.08068091022417;2.9407009124759553;1.816583619111721;0.1271339258279434
# p=7 gen  1: best_d64=0.8381399176  pop=100
# p=7 gen  2: best_d64=0.8381401004  pop=100
# p=7 gen  3: best_d64=0.8381401004  pop=100
# p=7 gen  4: best_d64=0.8381401004  pop=100
# p=7 gen  5: best_d64=0.8381401004  pop=100
# p=7 gen  5: best_d64=0.8381401004  pop=-1
3,4,7,0.838140100433,31549,750.4,6.007772747127111;3.6309169311200793;0.5660103685809522;3.3252762389943586;5.439623778901955;3.801166154592135;3.893282848092085,1.9588929497317464;0.31865331243922235;2.0758493920034415;2.9633686976589577;1.8423488237920935;0.22494027165822286;0.11773210381199653
# p=8 gen  1: best_d64=0.8479039822  pop=100
=== QAOA Double64 Swarm ===
Task:  1 / 15
Pair:  k=3, D=4
Node:  swift-c3dnodesetssd-8
CPUs:  28
Start: Tue Apr 21 21:50:01 UTC 2026
Job:   1357786_1

--- Node diagnostics ---
Hostname: swift-c3dnodesetssd-8
Memory:                  total        used        free      shared  buff/cache   available
Mem:           1.4Ti       9.1Gi       1.4Ti       3.3Mi       2.3Gi       1.4Ti
Disk:     10.17.247.218:/nfsshare   25T   15T  9.1T  62% /home
Julia:    /home/stephenjordan_google_com/julia-1.12.5/bin/julia
Git HEAD: 7b59647

Removing stale results/swarm-d64-k3d4.csv
Checking Julia environment...
Environment ready.

Starting swarm_chain_d64.jl with 28 threads at Tue Apr 21 21:50:04 UTC 2026
# swarm-d64 chain: k=3, D=4, p=1-15, pop=100, gens=10, burst=20, seed=42
k,D,p,ctilde,evals,wall_seconds,gamma,beta
# p=1 gen  1: best_d64=0.6760566601  pop=100
# p=1 gen  2: best_d64=0.6760566601  pop=100
# p=1 gen  3: best_d64=0.6760566601  pop=100
# p=1 gen  4: best_d64=0.6760566601  pop=100
# p=1 gen  4: best_d64=0.6760566601  pop=-1
3,4,1,0.676056660061,5566,5.1,2.591542135873866,2.854221306911619
# p=2 gen  1: best_d64=0.7391227847  pop=100
# p=2 gen  2: best_d64=0.7391227847  pop=100
# p=2 gen  3: best_d64=0.7391227847  pop=100
# p=2 gen  4: best_d64=0.7391227847  pop=100
# p=2 gen  4: best_d64=0.7391227847  pop=-1
3,4,2,0.739122784672,11501,0.9,2.7191318341854074;2.4203993772399452,2.778000234751337;2.9301352528631184
# p=3 gen  1: best_d64=0.7771440626  pop=100
# p=3 gen  2: best_d64=0.7771440626  pop=100
# p=3 gen  3: best_d64=0.7771440626  pop=100
# p=3 gen  4: best_d64=0.7771440626  pop=100
# p=3 gen  4: best_d64=0.7771440626  pop=-1
3,4,3,0.777144062579,16831,1.6,0.36139473697403895;5.658936677687307;2.4131631520576433,1.954568320890278;0.29547135445385975;1.746714088066846
# p=4 gen  1: best_d64=0.7899577179  pop=100
# p=4 gen  2: best_d64=0.8022011775  pop=100
# p=4 gen  3: best_d64=0.8022040181  pop=100
# p=4 gen  4: best_d64=0.8022040181  pop=100
# p=4 gen  5: best_d64=0.8022040181  pop=100
# p=4 gen  6: best_d64=0.8022040181  pop=100
# p=4 gen  6: best_d64=0.8022040181  pop=-1
3,4,4,0.802204018074,26468,7.8,2.8172818861672635;2.578009781160912;0.6416408236957178;2.408306231445225,0.3871000508508094;1.8855913808432738;1.8369360967139021;1.7237506821326922
# p=5 gen  1: best_d64=0.8031547287  pop=100
# p=5 gen  2: best_d64=0.8114350697  pop=100
# p=5 gen  3: best_d64=0.8114350697  pop=100
# p=5 gen  4: best_d64=0.8114398574  pop=100
# p=5 gen  5: best_d64=0.8114398574  pop=100
# p=5 gen  6: best_d64=0.8114398574  pop=100
# p=5 gen  7: best_d64=0.8114398574  pop=100
# p=5 gen  7: best_d64=0.8114398574  pop=-1
3,4,5,0.811439857423,32995,46.0,3.45336163188236;0.5449490686920344;2.5041863021693946;2.971607869057202;2.1528986795894696,2.752947280295601;1.2537480828186045;1.048754806187682;1.820156433592521;2.9926481050277953
# p=6 gen  1: best_d64=0.8246965585  pop=100
# p=6 gen  2: best_d64=0.8246967312  pop=100
# p=6 gen  3: best_d64=0.8246967312  pop=100
# p=6 gen  4: best_d64=0.8246967312  pop=100
# p=6 gen  5: best_d64=0.8246967312  pop=100
# p=6 gen  5: best_d64=0.8246967312  pop=-1
3,4,6,0.824696731210,29400,162.8,5.990405102857599;3.657924974569561;0.5934709566945535;3.30680502662239;5.39783008905682;3.886051360246229,1.9599775474958927;0.319006831546994;2.08068091022417;2.9407009124759553;1.816583619111721;0.1271339258279434
# p=7 gen  1: best_d64=0.8381399176  pop=100
# p=7 gen  2: best_d64=0.8381401004  pop=100
# p=7 gen  3: best_d64=0.8381401004  pop=100
# p=7 gen  4: best_d64=0.8381401004  pop=100
# p=7 gen  5: best_d64=0.8381401004  pop=100
# p=7 gen  5: best_d64=0.8381401004  pop=-1
3,4,7,0.838140100433,31549,747.9,6.007772747127111;3.6309169311200793;0.5660103685809522;3.3252762389943586;5.439623778901955;3.801166154592135;3.893282848092085,1.9588929497317464;0.31865331243922235;2.0758493920034415;2.9633686976589577;1.8423488237920935;0.22494027165822286;0.11773210381199653
# p=8 gen  1: best_d64=0.8479039822  pop=100
# p=8 gen  2: best_d64=0.8479068303  pop=100
# p=8 gen  3: best_d64=0.8479068304  pop=100
# p=8 gen  4: best_d64=0.8479068304  pop=100
# p=8 gen  5: best_d64=0.8479068305  pop=100
=== QAOA Double64 Swarm ===
Task:  1 / 15
Pair:  k=3, D=4
Node:  swift-c3dnodesetssd-0
CPUs:  28
Start: Tue Apr 21 23:05:36 UTC 2026
Job:   1357786_1

--- Node diagnostics ---
Hostname: swift-c3dnodesetssd-0
Memory:                  total        used        free      shared  buff/cache   available
Mem:           1.4Ti       9.2Gi       1.4Ti       3.3Mi       2.4Gi       1.4Ti
Disk:     10.17.247.218:/nfsshare   25T   15T  9.1T  62% /home
Julia:    /home/stephenjordan_google_com/julia-1.12.5/bin/julia
Git HEAD: 7b59647

Removing stale results/swarm-d64-k3d4.csv
Checking Julia environment...
Environment ready.

Starting swarm_chain_d64.jl with 28 threads at Tue Apr 21 23:05:39 UTC 2026
# swarm-d64 chain: k=3, D=4, p=1-15, pop=100, gens=10, burst=20, seed=42
k,D,p,ctilde,evals,wall_seconds,gamma,beta
# p=1 gen  1: best_d64=0.6760566601  pop=100
# p=1 gen  2: best_d64=0.6760566601  pop=100
# p=1 gen  3: best_d64=0.6760566601  pop=100
# p=1 gen  4: best_d64=0.6760566601  pop=100
# p=1 gen  4: best_d64=0.6760566601  pop=-1
3,4,1,0.676056660061,5607,5.1,2.591542135873866,2.854221306911619
# p=2 gen  1: best_d64=0.7391227847  pop=100
# p=2 gen  2: best_d64=0.7391227847  pop=100
# p=2 gen  3: best_d64=0.7391227847  pop=100
# p=2 gen  4: best_d64=0.7391227847  pop=100
# p=2 gen  4: best_d64=0.7391227847  pop=-1
3,4,2,0.739122784672,11504,0.8,2.7191318341854074;2.4203993772399452,2.778000234751337;2.9301352528631184
# p=3 gen  1: best_d64=0.7771440626  pop=100
# p=3 gen  2: best_d64=0.7771440626  pop=100
# p=3 gen  3: best_d64=0.7771440626  pop=100
# p=3 gen  4: best_d64=0.7771440626  pop=100
# p=3 gen  4: best_d64=0.7771440626  pop=-1
3,4,3,0.777144062579,16889,1.6,0.36139473697403895;5.658936677687307;2.4131631520576433,1.954568320890278;0.29547135445385975;1.746714088066846
# p=4 gen  1: best_d64=0.7899577179  pop=100
# p=4 gen  2: best_d64=0.8022011775  pop=100
# p=4 gen  3: best_d64=0.8022040181  pop=100
# p=4 gen  4: best_d64=0.8022040181  pop=100
# p=4 gen  5: best_d64=0.8022040181  pop=100
# p=4 gen  6: best_d64=0.8022040181  pop=100
# p=4 gen  6: best_d64=0.8022040181  pop=-1
3,4,4,0.802204018074,26432,7.8,2.8172818861672635;2.578009781160912;0.6416408236957178;2.408306231445225,0.3871000508508094;1.8855913808432738;1.8369360967139021;1.7237506821326922
# p=5 gen  1: best_d64=0.8031547287  pop=100
# p=5 gen  2: best_d64=0.8114350697  pop=100
# p=5 gen  3: best_d64=0.8114350697  pop=100
# p=5 gen  4: best_d64=0.8114398574  pop=100
# p=5 gen  5: best_d64=0.8114398574  pop=100
# p=5 gen  6: best_d64=0.8114398574  pop=100
# p=5 gen  7: best_d64=0.8114398574  pop=100
# p=5 gen  7: best_d64=0.8114398574  pop=-1
3,4,5,0.811439857423,32995,46.0,3.45336163188236;0.5449490686920344;2.5041863021693946;2.971607869057202;2.1528986795894696,2.752947280295601;1.2537480828186045;1.048754806187682;1.820156433592521;2.9926481050277953
# p=6 gen  1: best_d64=0.8246965585  pop=100
# p=6 gen  2: best_d64=0.8246967312  pop=100
# p=6 gen  3: best_d64=0.8246967312  pop=100
# p=6 gen  4: best_d64=0.8246967312  pop=100
# p=6 gen  5: best_d64=0.8246967312  pop=100
# p=6 gen  5: best_d64=0.8246967312  pop=-1
3,4,6,0.824696731210,29400,169.7,5.990405102857599;3.657924974569561;0.5934709566945535;3.30680502662239;5.39783008905682;3.886051360246229,1.9599775474958927;0.319006831546994;2.08068091022417;2.9407009124759553;1.816583619111721;0.1271339258279434
# p=7 gen  1: best_d64=0.8381399176  pop=100
# p=7 gen  2: best_d64=0.8381401004  pop=100
# p=7 gen  3: best_d64=0.8381401004  pop=100
# p=7 gen  4: best_d64=0.8381401004  pop=100
# p=7 gen  5: best_d64=0.8381401004  pop=100
# p=7 gen  5: best_d64=0.8381401004  pop=-1
3,4,7,0.838140100433,31549,752.1,6.007772747127111;3.6309169311200793;0.5660103685809522;3.3252762389943586;5.439623778901955;3.801166154592135;3.893282848092085,1.9588929497317464;0.31865331243922235;2.0758493920034415;2.9633686976589577;1.8423488237920935;0.22494027165822286;0.11773210381199653
# p=8 gen  1: best_d64=0.8479039822  pop=100
# p=8 gen  2: best_d64=0.8479068303  pop=100
# p=8 gen  3: best_d64=0.8479068304  pop=100
# p=8 gen  4: best_d64=0.8479068304  pop=100
=== QAOA Double64 Swarm ===
Task:  1 / 15
Pair:  k=3, D=4
Node:  swift-c3dnodesetssd-0
CPUs:  28
Start: Wed Apr 22 00:11:37 UTC 2026
Job:   1357786_1

--- Node diagnostics ---
Hostname: swift-c3dnodesetssd-0
Memory:                  total        used        free      shared  buff/cache   available
Mem:           1.4Ti       9.1Gi       1.4Ti       3.3Mi       2.2Gi       1.4Ti
Disk:     10.17.247.218:/nfsshare   25T   15T  9.1T  62% /home
Julia:    /home/stephenjordan_google_com/julia-1.12.5/bin/julia
Git HEAD: 25cb9d9

Removing stale results/swarm-d64-k3d4.csv
Checking Julia environment...
Environment ready.

Starting swarm_chain_d64.jl with 28 threads at Wed Apr 22 00:11:40 UTC 2026
# swarm-d64 chain: k=3, D=4, p=1-15, pop=100, gens=10, burst=20, seed=42
k,D,p,ctilde,evals,wall_seconds,gamma,beta
# p=1 gen  1: best_d64=0.6760566601  pop=100
# p=1 gen  2: best_d64=0.6760566601  pop=100
# p=1 gen  3: best_d64=0.6760566601  pop=100
# p=1 gen  4: best_d64=0.6760566601  pop=100
# p=1 gen  4: best_d64=0.6760566601  pop=-1
3,4,1,0.676056660061,5565,5.1,2.591542135873866,2.854221306911619
# p=2 gen  1: best_d64=0.7391227847  pop=100
# p=2 gen  2: best_d64=0.7391227847  pop=100
# p=2 gen  3: best_d64=0.7391227847  pop=100
# p=2 gen  4: best_d64=0.7391227847  pop=100
# p=2 gen  4: best_d64=0.7391227847  pop=-1
3,4,2,0.739122784672,11501,0.9,2.7191318341854074;2.4203993772399452,2.778000234751337;2.9301352528631184
# p=3 gen  1: best_d64=0.7771440626  pop=100
# p=3 gen  2: best_d64=0.7771440626  pop=100
# p=3 gen  3: best_d64=0.7771440626  pop=100
# p=3 gen  4: best_d64=0.7771440626  pop=100
# p=3 gen  4: best_d64=0.7771440626  pop=-1
3,4,3,0.777144062579,16827,1.7,0.36139473697403895;5.658936677687307;2.4131631520576433,1.954568320890278;0.29547135445385975;1.746714088066846
# p=4 gen  1: best_d64=0.7899577179  pop=100
# p=4 gen  2: best_d64=0.8022011775  pop=100
# p=4 gen  3: best_d64=0.8022040181  pop=100
# p=4 gen  4: best_d64=0.8022040181  pop=100
# p=4 gen  5: best_d64=0.8022040181  pop=100
# p=4 gen  6: best_d64=0.8022040181  pop=100
# p=4 gen  6: best_d64=0.8022040181  pop=-1
3,4,4,0.802204018074,26512,8.0,2.8172818861672635;2.578009781160912;0.6416408236957178;2.408306231445225,0.3871000508508094;1.8855913808432738;1.8369360967139021;1.7237506821326922
# p=5 gen  1: best_d64=0.8031547287  pop=100
# p=5 gen  2: best_d64=0.8114350697  pop=100
# p=5 gen  3: best_d64=0.8114350697  pop=100
# p=5 gen  4: best_d64=0.8114398574  pop=100
# p=5 gen  5: best_d64=0.8114398574  pop=100
# p=5 gen  6: best_d64=0.8114398574  pop=100
# p=5 gen  7: best_d64=0.8114398574  pop=100
# p=5 gen  7: best_d64=0.8114398574  pop=-1
3,4,5,0.811439857423,32993,46.9,3.45336163188236;0.5449490686920344;2.5041863021693946;2.971607869057202;2.1528986795894696,2.752947280295601;1.2537480828186045;1.048754806187682;1.820156433592521;2.9926481050277953
# p=6 gen  1: best_d64=0.8246965585  pop=100
# p=6 gen  2: best_d64=0.8246967312  pop=100
# p=6 gen  3: best_d64=0.8246967312  pop=100
# p=6 gen  4: best_d64=0.8246967312  pop=100
# p=6 gen  5: best_d64=0.8246967312  pop=100
# p=6 gen  5: best_d64=0.8246967312  pop=-1
3,4,6,0.824696731210,29400,164.5,5.990405102857599;3.657924974569561;0.5934709566945535;3.30680502662239;5.39783008905682;3.886051360246229,1.9599775474958927;0.319006831546994;2.08068091022417;2.9407009124759553;1.816583619111721;0.1271339258279434
# p=7 gen  1: best_d64=0.8381399176  pop=100
# p=7 gen  2: best_d64=0.8381401004  pop=100
# p=7 gen  3: best_d64=0.8381401004  pop=100
# p=7 gen  4: best_d64=0.8381401004  pop=100
# p=7 gen  5: best_d64=0.8381401004  pop=100
# p=7 gen  5: best_d64=0.8381401004  pop=-1
3,4,7,0.838140100433,31549,753.3,6.007772747127111;3.6309169311200793;0.5660103685809522;3.3252762389943586;5.439623778901955;3.801166154592135;3.893282848092085,1.9588929497317464;0.31865331243922235;2.0758493920034415;2.9633686976589577;1.8423488237920935;0.22494027165822286;0.11773210381199653
# p=8 gen  1: best_d64=0.8479039822  pop=100
=== QAOA Double64 Swarm ===
Task:  1 / 15
Pair:  k=3, D=4
Node:  swift-c3dnodesetssd-0
CPUs:  28
Start: Wed Apr 22 00:45:07 UTC 2026
Job:   1357786_1

--- Node diagnostics ---
Hostname: swift-c3dnodesetssd-0
Memory:                  total        used        free      shared  buff/cache   available
Mem:           1.4Ti       9.2Gi       1.4Ti       3.3Mi       2.3Gi       1.4Ti
Disk:     10.17.247.218:/nfsshare   25T   15T  9.1T  62% /home
Julia:    /home/stephenjordan_google_com/julia-1.12.5/bin/julia
Git HEAD: 25cb9d9

Removing stale results/swarm-d64-k3d4.csv
Checking Julia environment...
Environment ready.

Starting swarm_chain_d64.jl with 28 threads at Wed Apr 22 00:45:10 UTC 2026
# swarm-d64 chain: k=3, D=4, p=1-15, pop=100, gens=10, burst=20, seed=42
k,D,p,ctilde,evals,wall_seconds,gamma,beta
# p=1 gen  1: best_d64=0.6760566601  pop=100
# p=1 gen  2: best_d64=0.6760566601  pop=100
# p=1 gen  3: best_d64=0.6760566601  pop=100
# p=1 gen  4: best_d64=0.6760566601  pop=100
# p=1 gen  4: best_d64=0.6760566601  pop=-1
3,4,1,0.676056660061,5523,5.1,2.591542135873866,2.854221306911619
# p=2 gen  1: best_d64=0.7391227847  pop=100
# p=2 gen  2: best_d64=0.7391227847  pop=100
# p=2 gen  3: best_d64=0.7391227847  pop=100
# p=2 gen  4: best_d64=0.7391227847  pop=100
# p=2 gen  4: best_d64=0.7391227847  pop=-1
3,4,2,0.739122784672,11443,0.8,2.7191318341854074;2.4203993772399452,2.778000234751337;2.9301352528631184
# p=3 gen  1: best_d64=0.7771440626  pop=100
# p=3 gen  2: best_d64=0.7771440626  pop=100
# p=3 gen  3: best_d64=0.7771440626  pop=100
# p=3 gen  4: best_d64=0.7771440626  pop=100
# p=3 gen  4: best_d64=0.7771440626  pop=-1
3,4,3,0.777144062579,16771,1.6,0.36139473697403895;5.658936677687307;2.4131631520576433,1.954568320890278;0.29547135445385975;1.746714088066846
# p=4 gen  1: best_d64=0.7899577179  pop=100
# p=4 gen  2: best_d64=0.8022011775  pop=100
# p=4 gen  3: best_d64=0.8022040181  pop=100
# p=4 gen  4: best_d64=0.8022040181  pop=100
# p=4 gen  5: best_d64=0.8022040181  pop=100
# p=4 gen  6: best_d64=0.8022040181  pop=100
# p=4 gen  6: best_d64=0.8022040181  pop=-1
3,4,4,0.802204018074,26565,7.9,2.8172818861672635;2.578009781160912;0.6416408236957178;2.408306231445225,0.3871000508508094;1.8855913808432738;1.8369360967139021;1.7237506821326922
# p=5 gen  1: best_d64=0.8031547287  pop=100
# p=5 gen  2: best_d64=0.8114350697  pop=100
# p=5 gen  3: best_d64=0.8114350697  pop=100
# p=5 gen  4: best_d64=0.8114398574  pop=100
# p=5 gen  5: best_d64=0.8114398574  pop=100
# p=5 gen  6: best_d64=0.8114398574  pop=100
# p=5 gen  7: best_d64=0.8114398574  pop=100
# p=5 gen  7: best_d64=0.8114398574  pop=-1
3,4,5,0.811439857423,32995,46.4,3.45336163188236;0.5449490686920344;2.5041863021693946;2.971607869057202;2.1528986795894696,2.752947280295601;1.2537480828186045;1.048754806187682;1.820156433592521;2.9926481050277953
# p=6 gen  1: best_d64=0.8246965585  pop=100
# p=6 gen  2: best_d64=0.8246967312  pop=100
# p=6 gen  3: best_d64=0.8246967312  pop=100
# p=6 gen  4: best_d64=0.8246967312  pop=100
# p=6 gen  5: best_d64=0.8246967312  pop=100
# p=6 gen  5: best_d64=0.8246967312  pop=-1
3,4,6,0.824696731210,29400,163.8,5.990405102857599;3.657924974569561;0.5934709566945535;3.30680502662239;5.39783008905682;3.886051360246229,1.9599775474958927;0.319006831546994;2.08068091022417;2.9407009124759553;1.816583619111721;0.1271339258279434
# p=7 gen  1: best_d64=0.8381399176  pop=100
# p=7 gen  2: best_d64=0.8381401004  pop=100
# p=7 gen  3: best_d64=0.8381401004  pop=100
# p=7 gen  4: best_d64=0.8381401004  pop=100
# p=7 gen  5: best_d64=0.8381401004  pop=100
# p=7 gen  5: best_d64=0.8381401004  pop=-1
3,4,7,0.838140100433,31549,753.0,6.007772747127111;3.6309169311200793;0.5660103685809522;3.3252762389943586;5.439623778901955;3.801166154592135;3.893282848092085,1.9588929497317464;0.31865331243922235;2.0758493920034415;2.9633686976589577;1.8423488237920935;0.22494027165822286;0.11773210381199653
# p=8 gen  1: best_d64=0.8479039822  pop=100
# p=8 gen  2: best_d64=0.8479068303  pop=100
=== QAOA Double64 Swarm ===
Task:  1 / 15
Pair:  k=3, D=4
Node:  swift-c3dnodesetssd-0
CPUs:  28
Start: Wed Apr 22 01:33:39 UTC 2026
Job:   1357786_1

--- Node diagnostics ---
Hostname: swift-c3dnodesetssd-0
Memory:                  total        used        free      shared  buff/cache   available
Mem:           1.4Ti       9.3Gi       1.4Ti       3.3Mi       2.5Gi       1.4Ti
Disk:     10.17.247.218:/nfsshare   25T   15T  9.1T  62% /home
Julia:    /home/stephenjordan_google_com/julia-1.12.5/bin/julia
Git HEAD: 25cb9d9

Removing stale results/swarm-d64-k3d4.csv
Checking Julia environment...
Environment ready.

Starting swarm_chain_d64.jl with 28 threads at Wed Apr 22 01:33:42 UTC 2026
# swarm-d64 chain: k=3, D=4, p=1-15, pop=100, gens=10, burst=20, seed=42
k,D,p,ctilde,evals,wall_seconds,gamma,beta
# p=1 gen  1: best_d64=0.6760566601  pop=100
# p=1 gen  2: best_d64=0.6760566601  pop=100
# p=1 gen  3: best_d64=0.6760566601  pop=100
# p=1 gen  4: best_d64=0.6760566601  pop=100
# p=1 gen  4: best_d64=0.6760566601  pop=-1
3,4,1,0.676056660061,5637,5.1,2.591542135873866,2.854221306911619
# p=2 gen  1: best_d64=0.7391227847  pop=100
# p=2 gen  2: best_d64=0.7391227847  pop=100
# p=2 gen  3: best_d64=0.7391227847  pop=100
# p=2 gen  4: best_d64=0.7391227847  pop=100
# p=2 gen  4: best_d64=0.7391227847  pop=-1
3,4,2,0.739122784672,11502,0.9,2.7191318341854074;2.4203993772399452,2.778000234751337;2.9301352528631184
# p=3 gen  1: best_d64=0.7771440626  pop=100
# p=3 gen  2: best_d64=0.7771440626  pop=100
# p=3 gen  3: best_d64=0.7771440626  pop=100
# p=3 gen  4: best_d64=0.7771440626  pop=100
# p=3 gen  4: best_d64=0.7771440626  pop=-1
3,4,3,0.777144062579,16832,1.7,0.36139473697403895;5.658936677687307;2.4131631520576433,1.954568320890278;0.29547135445385975;1.746714088066846
# p=4 gen  1: best_d64=0.7899577179  pop=100
# p=4 gen  2: best_d64=0.8022011775  pop=100
# p=4 gen  3: best_d64=0.8022040181  pop=100
# p=4 gen  4: best_d64=0.8022040181  pop=100
# p=4 gen  5: best_d64=0.8022040181  pop=100
# p=4 gen  6: best_d64=0.8022040181  pop=100
# p=4 gen  6: best_d64=0.8022040181  pop=-1
3,4,4,0.802204018074,26481,8.0,2.8172818861672635;2.578009781160912;0.6416408236957178;2.408306231445225,0.3871000508508094;1.8855913808432738;1.8369360967139021;1.7237506821326922
# p=5 gen  1: best_d64=0.8031547287  pop=100
# p=5 gen  2: best_d64=0.8114350697  pop=100
# p=5 gen  3: best_d64=0.8114350697  pop=100
# p=5 gen  4: best_d64=0.8114398574  pop=100
# p=5 gen  5: best_d64=0.8114398574  pop=100
# p=5 gen  6: best_d64=0.8114398574  pop=100
# p=5 gen  7: best_d64=0.8114398574  pop=100
# p=5 gen  7: best_d64=0.8114398574  pop=-1
3,4,5,0.811439857423,32993,46.7,3.45336163188236;0.5449490686920344;2.5041863021693946;2.971607869057202;2.1528986795894696,2.752947280295601;1.2537480828186045;1.048754806187682;1.820156433592521;2.9926481050277953
# p=6 gen  1: best_d64=0.8246965585  pop=100
# p=6 gen  2: best_d64=0.8246967312  pop=100
# p=6 gen  3: best_d64=0.8246967312  pop=100
# p=6 gen  4: best_d64=0.8246967312  pop=100
# p=6 gen  5: best_d64=0.8246967312  pop=100
# p=6 gen  5: best_d64=0.8246967312  pop=-1
3,4,6,0.824696731210,29400,164.0,5.990405102857599;3.657924974569561;0.5934709566945535;3.30680502662239;5.39783008905682;3.886051360246229,1.9599775474958927;0.319006831546994;2.08068091022417;2.9407009124759553;1.816583619111721;0.1271339258279434
# p=7 gen  1: best_d64=0.8381399176  pop=100
# p=7 gen  2: best_d64=0.8381401004  pop=100
# p=7 gen  3: best_d64=0.8381401004  pop=100
=== QAOA Double64 Swarm ===
Task:  1 / 15
Pair:  k=3, D=4
Node:  swift-c3dnodesetssd-0
CPUs:  28
Start: Wed Apr 22 01:51:40 UTC 2026
Job:   1357786_1

--- Node diagnostics ---
Hostname: swift-c3dnodesetssd-0
Memory:                  total        used        free      shared  buff/cache   available
Mem:           1.4Ti       9.0Gi       1.4Ti       3.3Mi       2.2Gi       1.4Ti
Disk:     10.17.247.218:/nfsshare   25T   15T  9.1T  62% /home
Julia:    /home/stephenjordan_google_com/julia-1.12.5/bin/julia
Git HEAD: 25cb9d9

Removing stale results/swarm-d64-k3d4.csv
Checking Julia environment...
Environment ready.

Starting swarm_chain_d64.jl with 28 threads at Wed Apr 22 01:51:42 UTC 2026
# swarm-d64 chain: k=3, D=4, p=1-15, pop=100, gens=10, burst=20, seed=42
k,D,p,ctilde,evals,wall_seconds,gamma,beta
# p=1 gen  1: best_d64=0.6760566601  pop=100
# p=1 gen  2: best_d64=0.6760566601  pop=100
# p=1 gen  3: best_d64=0.6760566601  pop=100
# p=1 gen  4: best_d64=0.6760566601  pop=100
# p=1 gen  4: best_d64=0.6760566601  pop=-1
3,4,1,0.676056660061,5580,5.1,2.591542135873866,2.854221306911619
# p=2 gen  1: best_d64=0.7391227847  pop=100
# p=2 gen  2: best_d64=0.7391227847  pop=100
# p=2 gen  3: best_d64=0.7391227847  pop=100
# p=2 gen  4: best_d64=0.7391227847  pop=100
# p=2 gen  4: best_d64=0.7391227847  pop=-1
3,4,2,0.739122784672,11504,0.8,2.7191318341854074;2.4203993772399452,2.778000234751337;2.9301352528631184
# p=3 gen  1: best_d64=0.7771440626  pop=100
# p=3 gen  2: best_d64=0.7771440626  pop=100
# p=3 gen  3: best_d64=0.7771440626  pop=100
# p=3 gen  4: best_d64=0.7771440626  pop=100
# p=3 gen  4: best_d64=0.7771440626  pop=-1
3,4,3,0.777144062579,16828,1.7,0.36139473697403895;5.658936677687307;2.4131631520576433,1.954568320890278;0.29547135445385975;1.746714088066846
# p=4 gen  1: best_d64=0.7899577179  pop=100
# p=4 gen  2: best_d64=0.8022011775  pop=100
# p=4 gen  3: best_d64=0.8022040181  pop=100
# p=4 gen  4: best_d64=0.8022040181  pop=100
# p=4 gen  5: best_d64=0.8022040181  pop=100
# p=4 gen  6: best_d64=0.8022040181  pop=100
# p=4 gen  6: best_d64=0.8022040181  pop=-1
3,4,4,0.802204018074,26429,8.0,2.8172818861672635;2.578009781160912;0.6416408236957178;2.408306231445225,0.3871000508508094;1.8855913808432738;1.8369360967139021;1.7237506821326922
# p=5 gen  1: best_d64=0.8031547287  pop=100
# p=5 gen  2: best_d64=0.8114350697  pop=100
# p=5 gen  3: best_d64=0.8114350697  pop=100
# p=5 gen  4: best_d64=0.8114398574  pop=100
# p=5 gen  5: best_d64=0.8114398574  pop=100
# p=5 gen  6: best_d64=0.8114398574  pop=100
# p=5 gen  7: best_d64=0.8114398574  pop=100
# p=5 gen  7: best_d64=0.8114398574  pop=-1
3,4,5,0.811439857423,32995,46.7,3.45336163188236;0.5449490686920344;2.5041863021693946;2.971607869057202;2.1528986795894696,2.752947280295601;1.2537480828186045;1.048754806187682;1.820156433592521;2.9926481050277953
# p=6 gen  1: best_d64=0.8246965585  pop=100
# p=6 gen  2: best_d64=0.8246967312  pop=100
# p=6 gen  3: best_d64=0.8246967312  pop=100
# p=6 gen  4: best_d64=0.8246967312  pop=100
# p=6 gen  5: best_d64=0.8246967312  pop=100
# p=6 gen  5: best_d64=0.8246967312  pop=-1
3,4,6,0.824696731210,29341,164.1,5.990405102857599;3.657924974569561;0.5934709566945535;3.30680502662239;5.39783008905682;3.886051360246229,1.9599775474958927;0.319006831546994;2.08068091022417;2.9407009124759553;1.816583619111721;0.1271339258279434
# p=7 gen  1: best_d64=0.8381399176  pop=100
# p=7 gen  2: best_d64=0.8381401004  pop=100
# p=7 gen  3: best_d64=0.8381401004  pop=100
# p=7 gen  4: best_d64=0.8381401004  pop=100
# p=7 gen  5: best_d64=0.8381401004  pop=100
# p=7 gen  5: best_d64=0.8381401004  pop=-1
3,4,7,0.838140100433,31549,755.6,6.007772747127111;3.6309169311200793;0.5660103685809522;3.3252762389943586;5.439623778901955;3.801166154592135;3.893282848092085,1.9588929497317464;0.31865331243922235;2.0758493920034415;2.9633686976589577;1.8423488237920935;0.22494027165822286;0.11773210381199653
# p=8 gen  1: best_d64=0.8479039822  pop=100
# p=8 gen  2: best_d64=0.8479068303  pop=100
=== QAOA Double64 Swarm ===
Task:  1 / 15
Pair:  k=3, D=4
Node:  swift-c3dnodesetssd-0
CPUs:  28
Start: Wed Apr 22 02:39:39 UTC 2026
Job:   1357786_1

--- Node diagnostics ---
Hostname: swift-c3dnodesetssd-0
Memory:                  total        used        free      shared  buff/cache   available
Mem:           1.4Ti       9.1Gi       1.4Ti       3.3Mi       2.2Gi       1.4Ti
Disk:     10.17.247.218:/nfsshare   25T   15T  9.1T  62% /home
Julia:    /home/stephenjordan_google_com/julia-1.12.5/bin/julia
Git HEAD: 25cb9d9

Removing stale results/swarm-d64-k3d4.csv
Checking Julia environment...
Environment ready.

Starting swarm_chain_d64.jl with 28 threads at Wed Apr 22 02:39:42 UTC 2026
# swarm-d64 chain: k=3, D=4, p=1-15, pop=100, gens=10, burst=20, seed=42
k,D,p,ctilde,evals,wall_seconds,gamma,beta
# p=1 gen  1: best_d64=0.6760566601  pop=100
# p=1 gen  2: best_d64=0.6760566601  pop=100
# p=1 gen  3: best_d64=0.6760566601  pop=100
# p=1 gen  4: best_d64=0.6760566601  pop=100
# p=1 gen  4: best_d64=0.6760566601  pop=-1
3,4,1,0.676056660061,5477,5.1,2.591542135873866,2.854221306911619
# p=2 gen  1: best_d64=0.7391227847  pop=100
# p=2 gen  2: best_d64=0.7391227847  pop=100
# p=2 gen  3: best_d64=0.7391227847  pop=100
# p=2 gen  4: best_d64=0.7391227847  pop=100
# p=2 gen  4: best_d64=0.7391227847  pop=-1
3,4,2,0.739122784672,11503,0.9,2.7191318341854074;2.4203993772399452,2.778000234751337;2.9301352528631184
# p=3 gen  1: best_d64=0.7771440626  pop=100
# p=3 gen  2: best_d64=0.7771440626  pop=100
# p=3 gen  3: best_d64=0.7771440626  pop=100
# p=3 gen  4: best_d64=0.7771440626  pop=100
# p=3 gen  4: best_d64=0.7771440626  pop=-1
3,4,3,0.777144062579,16834,1.6,0.36139473697403895;5.658936677687307;2.4131631520576433,1.954568320890278;0.29547135445385975;1.746714088066846
# p=4 gen  1: best_d64=0.7899577179  pop=100
# p=4 gen  2: best_d64=0.8022011775  pop=100
# p=4 gen  3: best_d64=0.8022040181  pop=100
# p=4 gen  4: best_d64=0.8022040181  pop=100
# p=4 gen  5: best_d64=0.8022040181  pop=100
# p=4 gen  6: best_d64=0.8022040181  pop=100
# p=4 gen  6: best_d64=0.8022040181  pop=-1
3,4,4,0.802204018074,26479,7.9,2.8172818861672635;2.578009781160912;0.6416408236957178;2.408306231445225,0.3871000508508094;1.8855913808432738;1.8369360967139021;1.7237506821326922
# p=5 gen  1: best_d64=0.8031547287  pop=100
# p=5 gen  2: best_d64=0.8114350697  pop=100
# p=5 gen  3: best_d64=0.8114350697  pop=100
# p=5 gen  4: best_d64=0.8114398574  pop=100
# p=5 gen  5: best_d64=0.8114398574  pop=100
# p=5 gen  6: best_d64=0.8114398574  pop=100
# p=5 gen  7: best_d64=0.8114398574  pop=100
# p=5 gen  7: best_d64=0.8114398574  pop=-1
3,4,5,0.811439857423,32992,46.4,3.45336163188236;0.5449490686920344;2.5041863021693946;2.971607869057202;2.1528986795894696,2.752947280295601;1.2537480828186045;1.048754806187682;1.820156433592521;2.9926481050277953
# p=6 gen  1: best_d64=0.8246965585  pop=100
# p=6 gen  2: best_d64=0.8246967312  pop=100
# p=6 gen  3: best_d64=0.8246967312  pop=100
# p=6 gen  4: best_d64=0.8246967312  pop=100
# p=6 gen  5: best_d64=0.8246967312  pop=100
# p=6 gen  5: best_d64=0.8246967312  pop=-1
3,4,6,0.824696731210,29400,163.7,5.990405102857599;3.657924974569561;0.5934709566945535;3.30680502662239;5.39783008905682;3.886051360246229,1.9599775474958927;0.319006831546994;2.08068091022417;2.9407009124759553;1.816583619111721;0.1271339258279434
# p=7 gen  1: best_d64=0.8381399176  pop=100
# p=7 gen  2: best_d64=0.8381401004  pop=100
# p=7 gen  3: best_d64=0.8381401004  pop=100
# p=7 gen  4: best_d64=0.8381401004  pop=100
# p=7 gen  5: best_d64=0.8381401004  pop=100
# p=7 gen  5: best_d64=0.8381401004  pop=-1
3,4,7,0.838140100433,31549,749.6,6.007772747127111;3.6309169311200793;0.5660103685809522;3.3252762389943586;5.439623778901955;3.801166154592135;3.893282848092085,1.9588929497317464;0.31865331243922235;2.0758493920034415;2.9633686976589577;1.8423488237920935;0.22494027165822286;0.11773210381199653
# p=8 gen  1: best_d64=0.8479039822  pop=100
# p=8 gen  2: best_d64=0.8479068303  pop=100
# p=8 gen  3: best_d64=0.8479068304  pop=100
=== QAOA Double64 Swarm ===
Task:  1 / 15
Pair:  k=3, D=4
Node:  swift-c3dnodesetssd-0
CPUs:  28
Start: Wed Apr 22 03:33:09 UTC 2026
Job:   1357786_1

--- Node diagnostics ---
Hostname: swift-c3dnodesetssd-0
Memory:                  total        used        free      shared  buff/cache   available
Mem:           1.4Ti       9.6Gi       1.4Ti       3.3Mi       3.1Gi       1.4Ti
Disk:     10.17.247.218:/nfsshare   25T   15T  9.1T  62% /home
Julia:    /home/stephenjordan_google_com/julia-1.12.5/bin/julia
Git HEAD: 25cb9d9

Removing stale results/swarm-d64-k3d4.csv
Checking Julia environment...
Environment ready.

Starting swarm_chain_d64.jl with 28 threads at Wed Apr 22 03:33:13 UTC 2026
# swarm-d64 chain: k=3, D=4, p=1-15, pop=100, gens=10, burst=20, seed=42
k,D,p,ctilde,evals,wall_seconds,gamma,beta
# p=1 gen  1: best_d64=0.6760566601  pop=100
# p=1 gen  2: best_d64=0.6760566601  pop=100
# p=1 gen  3: best_d64=0.6760566601  pop=100
# p=1 gen  4: best_d64=0.6760566601  pop=100
# p=1 gen  4: best_d64=0.6760566601  pop=-1
3,4,1,0.676056660061,5652,5.1,2.591542135873866,2.854221306911619
# p=2 gen  1: best_d64=0.7391227847  pop=100
# p=2 gen  2: best_d64=0.7391227847  pop=100
# p=2 gen  3: best_d64=0.7391227847  pop=100
# p=2 gen  4: best_d64=0.7391227847  pop=100
# p=2 gen  4: best_d64=0.7391227847  pop=-1
3,4,2,0.739122784672,11503,0.8,2.7191318341854074;2.4203993772399452,2.778000234751337;2.9301352528631184
# p=3 gen  1: best_d64=0.7771440626  pop=100
# p=3 gen  2: best_d64=0.7771440626  pop=100
# p=3 gen  3: best_d64=0.7771440626  pop=100
# p=3 gen  4: best_d64=0.7771440626  pop=100
# p=3 gen  4: best_d64=0.7771440626  pop=-1
3,4,3,0.777144062579,16745,1.6,0.36139473697403895;5.658936677687307;2.4131631520576433,1.954568320890278;0.29547135445385975;1.746714088066846
# p=4 gen  1: best_d64=0.7899577179  pop=100
# p=4 gen  2: best_d64=0.8022011775  pop=100
# p=4 gen  3: best_d64=0.8022040181  pop=100
# p=4 gen  4: best_d64=0.8022040181  pop=100
# p=4 gen  5: best_d64=0.8022040181  pop=100
# p=4 gen  6: best_d64=0.8022040181  pop=100
# p=4 gen  6: best_d64=0.8022040181  pop=-1
3,4,4,0.802204018074,26490,7.9,2.8172818861672635;2.578009781160912;0.6416408236957178;2.408306231445225,0.3871000508508094;1.8855913808432738;1.8369360967139021;1.7237506821326922
# p=5 gen  1: best_d64=0.8031547287  pop=100
# p=5 gen  2: best_d64=0.8114350697  pop=100
# p=5 gen  3: best_d64=0.8114350697  pop=100
# p=5 gen  4: best_d64=0.8114398574  pop=100
# p=5 gen  5: best_d64=0.8114398574  pop=100
# p=5 gen  6: best_d64=0.8114398574  pop=100
# p=5 gen  7: best_d64=0.8114398574  pop=100
# p=5 gen  7: best_d64=0.8114398574  pop=-1
3,4,5,0.811439857423,32856,46.4,3.45336163188236;0.5449490686920344;2.5041863021693946;2.971607869057202;2.1528986795894696,2.752947280295601;1.2537480828186045;1.048754806187682;1.820156433592521;2.9926481050277953
# p=6 gen  1: best_d64=0.8246965585  pop=100
# p=6 gen  2: best_d64=0.8246967312  pop=100
# p=6 gen  3: best_d64=0.8246967312  pop=100
# p=6 gen  4: best_d64=0.8246967312  pop=100
# p=6 gen  5: best_d64=0.8246967312  pop=100
# p=6 gen  5: best_d64=0.8246967312  pop=-1
3,4,6,0.824696731210,29400,163.1,5.990405102857599;3.657924974569561;0.5934709566945535;3.30680502662239;5.39783008905682;3.886051360246229,1.9599775474958927;0.319006831546994;2.08068091022417;2.9407009124759553;1.816583619111721;0.1271339258279434
# p=7 gen  1: best_d64=0.8381399176  pop=100
# p=7 gen  2: best_d64=0.8381401004  pop=100
# p=7 gen  3: best_d64=0.8381401004  pop=100
# p=7 gen  4: best_d64=0.8381401004  pop=100
# p=7 gen  5: best_d64=0.8381401004  pop=100
# p=7 gen  5: best_d64=0.8381401004  pop=-1
3,4,7,0.838140100433,31549,749.2,6.007772747127111;3.6309169311200793;0.5660103685809522;3.3252762389943586;5.439623778901955;3.801166154592135;3.893282848092085,1.9588929497317464;0.31865331243922235;2.0758493920034415;2.9633686976589577;1.8423488237920935;0.22494027165822286;0.11773210381199653
# p=8 gen  1: best_d64=0.8479039822  pop=100
# p=8 gen  2: best_d64=0.8479068303  pop=100
=== QAOA Double64 Swarm ===
Task:  1 / 15
Pair:  k=3, D=4
Node:  swift-c3dnodesetssd-1
CPUs:  28
Start: Wed Apr 22 04:25:10 UTC 2026
Job:   1357786_1

--- Node diagnostics ---
Hostname: swift-c3dnodesetssd-1
Memory:                  total        used        free      shared  buff/cache   available
Mem:           1.4Ti       9.1Gi       1.4Ti       3.3Mi       2.2Gi       1.4Ti
Disk:     10.17.247.218:/nfsshare   25T   15T  9.1T  62% /home
Julia:    /home/stephenjordan_google_com/julia-1.12.5/bin/julia
Git HEAD: 25cb9d9

Removing stale results/swarm-d64-k3d4.csv
Checking Julia environment...
Environment ready.

Starting swarm_chain_d64.jl with 28 threads at Wed Apr 22 04:25:14 UTC 2026
# swarm-d64 chain: k=3, D=4, p=1-15, pop=100, gens=10, burst=20, seed=42
k,D,p,ctilde,evals,wall_seconds,gamma,beta
# p=1 gen  1: best_d64=0.6760566601  pop=100
# p=1 gen  2: best_d64=0.6760566601  pop=100
# p=1 gen  3: best_d64=0.6760566601  pop=100
# p=1 gen  4: best_d64=0.6760566601  pop=100
# p=1 gen  4: best_d64=0.6760566601  pop=-1
3,4,1,0.676056660061,5528,5.1,2.591542135873866,2.854221306911619
# p=2 gen  1: best_d64=0.7391227847  pop=100
# p=2 gen  2: best_d64=0.7391227847  pop=100
# p=2 gen  3: best_d64=0.7391227847  pop=100
# p=2 gen  4: best_d64=0.7391227847  pop=100
# p=2 gen  4: best_d64=0.7391227847  pop=-1
3,4,2,0.739122784672,11502,0.9,2.7191318341854074;2.4203993772399452,2.778000234751337;2.9301352528631184
# p=3 gen  1: best_d64=0.7771440626  pop=100
# p=3 gen  2: best_d64=0.7771440626  pop=100
# p=3 gen  3: best_d64=0.7771440626  pop=100
# p=3 gen  4: best_d64=0.7771440626  pop=100
# p=3 gen  4: best_d64=0.7771440626  pop=-1
3,4,3,0.777144062579,16863,1.6,0.36139473697403895;5.658936677687307;2.4131631520576433,1.954568320890278;0.29547135445385975;1.746714088066846
# p=4 gen  1: best_d64=0.7899577179  pop=100
# p=4 gen  2: best_d64=0.8022011775  pop=100
# p=4 gen  3: best_d64=0.8022040181  pop=100
# p=4 gen  4: best_d64=0.8022040181  pop=100
# p=4 gen  5: best_d64=0.8022040181  pop=100
# p=4 gen  6: best_d64=0.8022040181  pop=100
# p=4 gen  6: best_d64=0.8022040181  pop=-1
3,4,4,0.802204018074,26503,7.8,2.8172818861672635;2.578009781160912;0.6416408236957178;2.408306231445225,0.3871000508508094;1.8855913808432738;1.8369360967139021;1.7237506821326922
# p=5 gen  1: best_d64=0.8031547287  pop=100
# p=5 gen  2: best_d64=0.8114350697  pop=100
# p=5 gen  3: best_d64=0.8114350697  pop=100
# p=5 gen  4: best_d64=0.8114398574  pop=100
# p=5 gen  5: best_d64=0.8114398574  pop=100
# p=5 gen  6: best_d64=0.8114398574  pop=100
# p=5 gen  7: best_d64=0.8114398574  pop=100
# p=5 gen  7: best_d64=0.8114398574  pop=-1
3,4,5,0.811439857423,32995,46.3,3.45336163188236;0.5449490686920344;2.5041863021693946;2.971607869057202;2.1528986795894696,2.752947280295601;1.2537480828186045;1.048754806187682;1.820156433592521;2.9926481050277953
# p=6 gen  1: best_d64=0.8246965585  pop=100
# p=6 gen  2: best_d64=0.8246967312  pop=100
# p=6 gen  3: best_d64=0.8246967312  pop=100
# p=6 gen  4: best_d64=0.8246967312  pop=100
# p=6 gen  5: best_d64=0.8246967312  pop=100
# p=6 gen  5: best_d64=0.8246967312  pop=-1
3,4,6,0.824696731210,29400,169.7,5.990405102857599;3.657924974569561;0.5934709566945535;3.30680502662239;5.39783008905682;3.886051360246229,1.9599775474958927;0.319006831546994;2.08068091022417;2.9407009124759553;1.816583619111721;0.1271339258279434
# p=7 gen  1: best_d64=0.8381399176  pop=100
# p=7 gen  2: best_d64=0.8381401004  pop=100
# p=7 gen  3: best_d64=0.8381401004  pop=100
# p=7 gen  4: best_d64=0.8381401004  pop=100
# p=7 gen  5: best_d64=0.8381401004  pop=100
# p=7 gen  5: best_d64=0.8381401004  pop=-1
3,4,7,0.838140100433,31488,748.8,6.007772747127111;3.6309169311200793;0.5660103685809522;3.3252762389943586;5.439623778901955;3.801166154592135;3.893282848092085,1.9588929497317464;0.31865331243922235;2.0758493920034415;2.9633686976589577;1.8423488237920935;0.22494027165822286;0.11773210381199653
# p=8 gen  1: best_d64=0.8479039822  pop=100
# p=8 gen  2: best_d64=0.8479068303  pop=100
# p=8 gen  3: best_d64=0.8479068304  pop=100
# p=8 gen  4: best_d64=0.8479068304  pop=100
# p=8 gen  5: best_d64=0.8479068305  pop=100
# p=8 gen  6: best_d64=0.8479068305  pop=100
# p=8 gen  6: best_d64=0.8479068305  pop=-1
3,4,8,0.847906830487,38209,3755.7,6.020907641183572;3.6118140622834307;0.5431377141769643;3.309382966220593;5.502629046380569;3.7301828538665234;3.7885715084879754;3.883307639905015,1.9578864421936846;0.3176849586496047;2.0717179683300375;2.9732950401690643;1.8527025897590876;0.2529715923969675;0.21440364613355659;0.10953004747682865
# p=9 gen  1: best_d64=0.8559527708  pop=100
# p=9 gen  2: best_d64=0.8559547910  pop=100
# p=9 gen  3: best_d64=0.8559547926  pop=100
=== QAOA Double64 Swarm ===
Task:  1 / 15
Pair:  k=3, D=4
Node:  swift-c3dnodesetssd-0
CPUs:  28
Start: Wed Apr 22 08:34:41 UTC 2026
Job:   1357786_1

--- Node diagnostics ---
Hostname: swift-c3dnodesetssd-0
Memory:                  total        used        free      shared  buff/cache   available
Mem:           1.4Ti       9.1Gi       1.4Ti       3.3Mi       2.2Gi       1.4Ti
Disk:     10.17.247.218:/nfsshare   25T   15T  9.1T  62% /home
Julia:    /home/stephenjordan_google_com/julia-1.12.5/bin/julia
Git HEAD: 25cb9d9

Removing stale results/swarm-d64-k3d4.csv
Checking Julia environment...
Environment ready.

Starting swarm_chain_d64.jl with 28 threads at Wed Apr 22 08:34:46 UTC 2026
# swarm-d64 chain: k=3, D=4, p=1-15, pop=100, gens=10, burst=20, seed=42
k,D,p,ctilde,evals,wall_seconds,gamma,beta
# p=1 gen  1: best_d64=0.6760566601  pop=100
# p=1 gen  2: best_d64=0.6760566601  pop=100
# p=1 gen  3: best_d64=0.6760566601  pop=100
# p=1 gen  4: best_d64=0.6760566601  pop=100
# p=1 gen  4: best_d64=0.6760566601  pop=-1
3,4,1,0.676056660061,5572,5.1,2.591542135873866,2.854221306911619
# p=2 gen  1: best_d64=0.7391227847  pop=100
# p=2 gen  2: best_d64=0.7391227847  pop=100
# p=2 gen  3: best_d64=0.7391227847  pop=100
# p=2 gen  4: best_d64=0.7391227847  pop=100
# p=2 gen  4: best_d64=0.7391227847  pop=-1
3,4,2,0.739122784672,11504,0.8,2.7191318341854074;2.4203993772399452,2.778000234751337;2.9301352528631184
# p=3 gen  1: best_d64=0.7771440626  pop=100
# p=3 gen  2: best_d64=0.7771440626  pop=100
# p=3 gen  3: best_d64=0.7771440626  pop=100
# p=3 gen  4: best_d64=0.7771440626  pop=100
# p=3 gen  4: best_d64=0.7771440626  pop=-1
3,4,3,0.777144062579,16776,1.6,0.36139473697403895;5.658936677687307;2.4131631520576433,1.954568320890278;0.29547135445385975;1.746714088066846
# p=4 gen  1: best_d64=0.7899577179  pop=100
# p=4 gen  2: best_d64=0.8022011775  pop=100
# p=4 gen  3: best_d64=0.8022040181  pop=100
# p=4 gen  4: best_d64=0.8022040181  pop=100
# p=4 gen  5: best_d64=0.8022040181  pop=100
# p=4 gen  6: best_d64=0.8022040181  pop=100
# p=4 gen  6: best_d64=0.8022040181  pop=-1
3,4,4,0.802204018074,26384,7.8,2.8172818861672635;2.578009781160912;0.6416408236957178;2.408306231445225,0.3871000508508094;1.8855913808432738;1.8369360967139021;1.7237506821326922
# p=5 gen  1: best_d64=0.8031547287  pop=100
# p=5 gen  2: best_d64=0.8114350697  pop=100
# p=5 gen  3: best_d64=0.8114350697  pop=100
# p=5 gen  4: best_d64=0.8114398574  pop=100
# p=5 gen  5: best_d64=0.8114398574  pop=100
# p=5 gen  6: best_d64=0.8114398574  pop=100
# p=5 gen  7: best_d64=0.8114398574  pop=100
# p=5 gen  7: best_d64=0.8114398574  pop=-1
3,4,5,0.811439857423,32993,45.5,3.45336163188236;0.5449490686920344;2.5041863021693946;2.971607869057202;2.1528986795894696,2.752947280295601;1.2537480828186045;1.048754806187682;1.820156433592521;2.9926481050277953
# p=6 gen  1: best_d64=0.8246965585  pop=100
# p=6 gen  2: best_d64=0.8246967312  pop=100
# p=6 gen  3: best_d64=0.8246967312  pop=100
# p=6 gen  4: best_d64=0.8246967312  pop=100
# p=6 gen  5: best_d64=0.8246967312  pop=100
# p=6 gen  5: best_d64=0.8246967312  pop=-1
3,4,6,0.824696731210,29400,161.9,5.990405102857599;3.657924974569561;0.5934709566945535;3.30680502662239;5.39783008905682;3.886051360246229,1.9599775474958927;0.319006831546994;2.08068091022417;2.9407009124759553;1.816583619111721;0.1271339258279434
# p=7 gen  1: best_d64=0.8381399176  pop=100
# p=7 gen  2: best_d64=0.8381401004  pop=100
# p=7 gen  3: best_d64=0.8381401004  pop=100
=== QAOA Double64 Swarm ===
Task:  1 / 15
Pair:  k=3, D=4
Node:  swift-c3dnodesetssd-0
CPUs:  28
Start: Wed Apr 22 08:50:42 UTC 2026
Job:   1357786_1

--- Node diagnostics ---
Hostname: swift-c3dnodesetssd-0
Memory:                  total        used        free      shared  buff/cache   available
Mem:           1.4Ti       9.1Gi       1.4Ti       3.3Mi       2.2Gi       1.4Ti
Disk:     10.17.247.218:/nfsshare   25T   15T  9.1T  62% /home
Julia:    /home/stephenjordan_google_com/julia-1.12.5/bin/julia
Git HEAD: 25cb9d9

Removing stale results/swarm-d64-k3d4.csv
Checking Julia environment...
Environment ready.

Starting swarm_chain_d64.jl with 28 threads at Wed Apr 22 08:50:50 UTC 2026
# swarm-d64 chain: k=3, D=4, p=1-15, pop=100, gens=10, burst=20, seed=42
k,D,p,ctilde,evals,wall_seconds,gamma,beta
# p=1 gen  1: best_d64=0.6760566601  pop=100
# p=1 gen  2: best_d64=0.6760566601  pop=100
# p=1 gen  3: best_d64=0.6760566601  pop=100
# p=1 gen  4: best_d64=0.6760566601  pop=100
# p=1 gen  4: best_d64=0.6760566601  pop=-1
3,4,1,0.676056660061,5613,5.2,2.591542135873866,2.854221306911619
# p=2 gen  1: best_d64=0.7391227847  pop=100
# p=2 gen  2: best_d64=0.7391227847  pop=100
# p=2 gen  3: best_d64=0.7391227847  pop=100
# p=2 gen  4: best_d64=0.7391227847  pop=100
# p=2 gen  4: best_d64=0.7391227847  pop=-1
3,4,2,0.739122784672,11502,0.9,2.7191318341854074;2.4203993772399452,2.778000234751337;2.9301352528631184
# p=3 gen  1: best_d64=0.7771440626  pop=100
# p=3 gen  2: best_d64=0.7771440626  pop=100
# p=3 gen  3: best_d64=0.7771440626  pop=100
# p=3 gen  4: best_d64=0.7771440626  pop=100
# p=3 gen  4: best_d64=0.7771440626  pop=-1
3,4,3,0.777144062579,16848,1.7,0.36139473697403895;5.658936677687307;2.4131631520576433,1.954568320890278;0.29547135445385975;1.746714088066846
# p=4 gen  1: best_d64=0.7899577179  pop=100
# p=4 gen  2: best_d64=0.8022011775  pop=100
# p=4 gen  3: best_d64=0.8022040181  pop=100
# p=4 gen  4: best_d64=0.8022040181  pop=100
# p=4 gen  5: best_d64=0.8022040181  pop=100
# p=4 gen  6: best_d64=0.8022040181  pop=100
# p=4 gen  6: best_d64=0.8022040181  pop=-1
3,4,4,0.802204018074,26369,8.1,2.8172818861672635;2.578009781160912;0.6416408236957178;2.408306231445225,0.3871000508508094;1.8855913808432738;1.8369360967139021;1.7237506821326922
# p=5 gen  1: best_d64=0.8031547287  pop=100
# p=5 gen  2: best_d64=0.8114350697  pop=100
# p=5 gen  3: best_d64=0.8114350697  pop=100
# p=5 gen  4: best_d64=0.8114398574  pop=100
# p=5 gen  5: best_d64=0.8114398574  pop=100
# p=5 gen  6: best_d64=0.8114398574  pop=100
# p=5 gen  7: best_d64=0.8114398574  pop=100
# p=5 gen  7: best_d64=0.8114398574  pop=-1
3,4,5,0.811439857423,32993,47.0,3.45336163188236;0.5449490686920344;2.5041863021693946;2.971607869057202;2.1528986795894696,2.752947280295601;1.2537480828186045;1.048754806187682;1.820156433592521;2.9926481050277953
# p=6 gen  1: best_d64=0.8246965585  pop=100
# p=6 gen  2: best_d64=0.8246967312  pop=100
# p=6 gen  3: best_d64=0.8246967312  pop=100
# p=6 gen  4: best_d64=0.8246967312  pop=100
# p=6 gen  5: best_d64=0.8246967312  pop=100
# p=6 gen  5: best_d64=0.8246967312  pop=-1
3,4,6,0.824696731210,29400,164.9,5.990405102857599;3.657924974569561;0.5934709566945535;3.30680502662239;5.39783008905682;3.886051360246229,1.9599775474958927;0.319006831546994;2.08068091022417;2.9407009124759553;1.816583619111721;0.1271339258279434
# p=7 gen  1: best_d64=0.8381399176  pop=100
# p=7 gen  2: best_d64=0.8381401004  pop=100
# p=7 gen  3: best_d64=0.8381401004  pop=100
# p=7 gen  4: best_d64=0.8381401004  pop=100
# p=7 gen  5: best_d64=0.8381401004  pop=100
# p=7 gen  5: best_d64=0.8381401004  pop=-1
3,4,7,0.838140100433,31495,753.5,6.007772747127111;3.6309169311200793;0.5660103685809522;3.3252762389943586;5.439623778901955;3.801166154592135;3.893282848092085,1.9588929497317464;0.31865331243922235;2.0758493920034415;2.9633686976589577;1.8423488237920935;0.22494027165822286;0.11773210381199653
# p=8 gen  1: best_d64=0.8479039822  pop=100
# p=8 gen  2: best_d64=0.8479068303  pop=100
# p=8 gen  3: best_d64=0.8479068304  pop=100
# p=8 gen  4: best_d64=0.8479068304  pop=100
# p=8 gen  5: best_d64=0.8479068305  pop=100
# p=8 gen  6: best_d64=0.8479068305  pop=100
# p=8 gen  6: best_d64=0.8479068305  pop=-1
3,4,8,0.847906830487,38209,3811.3,6.020907641183572;3.6118140622834307;0.5431377141769643;3.309382966220593;5.502629046380569;3.7301828538665234;3.7885715084879754;3.883307639905015,1.9578864421936846;0.3176849586496047;2.0717179683300375;2.9732950401690643;1.8527025897590876;0.2529715923969675;0.21440364613355659;0.10953004747682865
# p=9 gen  1: best_d64=0.8559527708  pop=100
# p=9 gen  2: best_d64=0.8559547910  pop=100
# p=9 gen  3: best_d64=0.8559547926  pop=100
# p=9 gen  4: best_d64=0.8559547926  pop=100
# p=9 gen  5: best_d64=0.8559547926  pop=100
# p=9 gen  6: best_d64=0.8559547926  pop=100
# p=9 gen  6: best_d64=0.8559547926  pop=-1
3,4,9,0.855954792613,38883,18791.6,6.032488457560404;3.59445221712093;0.5228745337385893;3.30288127777654;5.535322601360919;3.6934741542818297;3.729001912141871;3.790881729627679;3.8876770562654612,1.9564561369216382;0.3151881822955622;2.062330364383919;2.9848899990903757;1.8571530042239075;0.2718956621634694;0.24646605341287495;0.20628007977333362;0.10260433461716102
# p=10 gen  1: best_d64=0.8628148882  pop=100
# p=10 gen  2: best_d64=0.8628175614  pop=100
# p=10 gen  3: best_d64=0.8628175872  pop=100
# p=10 gen  4: best_d64=0.8628175872  pop=100
# p=10 gen  5: best_d64=0.8628175872  pop=100
# p=10 gen  6: best_d64=0.8628175872  pop=100
# p=10 gen  6: best_d64=0.8628175872  pop=-1
3,4,10,0.862817587251,39241,86510.7,6.041961168801087;3.580150272930868;0.5069983714945901;3.2976694309942984;5.559741220542023;3.6704225451422308;3.6883269586054164;3.7265023580137897;3.7900522882568635;3.888074938783504,1.9549531045107986;0.31255011637563507;2.055842650812547;2.9912612428435947;1.8572184391021227;0.2772632830197488;0.265129299868697;0.2391478172597267;0.19821146369727907;0.09722099566338978
# p=11 gen  1: best_d64=0.8685406711  pop=100
# p=11 gen  2: best_d64=0.8685444168  pop=100
# p=11 gen  3: best_d64=0.8685445317  pop=100
# p=11 gen  4: best_d64=0.8685445329  pop=100
# p=11 gen  5: best_d64=0.8685445330  pop=100
# p=11 gen  6: best_d64=0.8685445330  pop=100
# p=11 gen  7: best_d64=0.8685445330  pop=100
# p=11 gen  7: best_d64=0.8685445330  pop=-1
3,4,11,0.868544533050,46232,476413.2,6.049887200651521;3.568246551356947;0.49295957363161114;3.2903625128200513;5.582867262745154;3.6538267716772506;3.665499423019524;3.6836101312794107;3.7238861199748126;3.7889031923975254;3.887090683456062,1.95351806811791;0.30989963678360993;2.048539008683738;2.996720409416276;1.8555493072665632;0.2789245997885043;0.27189943774769687;0.2597338436748235;0.23299613431134408;0.19143359800962123;0.09252977965047797
/var/spool/slurmd/job1357787/slurm_script: line 124:  9833 Killed                  julia --project=. -t ${SLURM_CPUS_PER_TASK:-28} scripts/swarm_chain_d64.jl $K $D 15 100 10 20 42

Exit code: 137
Done: Wed Apr 29 04:01:15 UTC 2026
FAILED — pushing logs
