=== QAOA Double64 Swarm ===
Task:  7 / 15
Pair:  k=4, D=6
Node:  swift-c3dnodesetssd-19
CPUs:  28
Start: Fri Apr 10 23:52:28 UTC 2026
Job:   1326055_7

--- Node diagnostics ---
Hostname: swift-c3dnodesetssd-19
Memory:                  total        used        free      shared  buff/cache   available
Mem:           1.4Ti       9.2Gi       1.4Ti       3.3Mi       2.4Gi       1.4Ti
Disk:     10.17.247.218:/nfsshare   25T   15T  9.6T  60% /home
Julia:    /home/stephenjordan_google_com/julia-1.12.5/bin/julia
Git HEAD: 411f899

Checking Julia environment...
Environment ready.

Starting swarm_chain_d64.jl with 28 threads at Fri Apr 10 23:52:34 UTC 2026
# swarm-d64 chain: k=4, D=6, p=1-15, pop=100, gens=10, burst=20, seed=42
k,D,p,ctilde,evals,wall_seconds,gamma,beta
# p=1 gen  1: best_d64=0.6504496451  pop=100
# p=1 gen  2: best_d64=0.6504496451  pop=100
# p=1 gen  3: best_d64=0.6504496451  pop=100
# p=1 gen  4: best_d64=0.6504496451  pop=100
# p=1 gen  4: best_d64=0.6504496451  pop=-1
4,6,1,0.650449645147,5314,5.2,2.681372850052866,2.9076093330846535
# p=2 gen  1: best_d64=0.7062141793  pop=100
# p=2 gen  2: best_d64=0.7062141793  pop=100
# p=2 gen  3: best_d64=0.7062141793  pop=100
# p=2 gen  4: best_d64=0.7062141793  pop=100
# p=2 gen  4: best_d64=0.7062141793  pop=-1
4,6,2,0.706214179347,11644,1.0,2.785221535540404;2.576456116180442,2.865344287920116;2.9691966724107566
# p=3 gen  1: best_d64=0.7404841760  pop=100
# p=3 gen  2: best_d64=0.7404841760  pop=100
# p=3 gen  3: best_d64=0.7404841760  pop=100
# p=3 gen  4: best_d64=0.7404841760  pop=100
# p=3 gen  4: best_d64=0.7404841760  pop=-1
4,6,3,0.740484176043,15662,2.3,2.833517396705865;2.650746017998597;2.5871620562240114,2.8561539087112346;2.917781362432399;2.9970244374153836
# p=4 gen  1: best_d64=0.7637578963  pop=100
# p=4 gen  2: best_d64=0.7637578963  pop=100
# p=4 gen  3: best_d64=0.7637578963  pop=100
# p=4 gen  4: best_d64=0.7637578963  pop=100
# p=4 gen  4: best_d64=0.7637578963  pop=-1
4,6,4,0.763757896276,18820,9.4,2.8623197362981005;2.6955086755619053;2.6507473407925577;2.592994000846834,2.856747335989799;2.907486133332634;2.9374707689467905;3.0152226749694884
# p=5 gen  1: best_d64=0.7809325939  pop=100
# p=5 gen  2: best_d64=0.7809325939  pop=100
# p=5 gen  3: best_d64=0.7809325939  pop=100
# p=5 gen  4: best_d64=0.7809325939  pop=100
# p=5 gen  4: best_d64=0.7809325939  pop=-1
4,6,5,0.780932593877,21559,48.9,2.881875274181333;2.7222789384629684;2.692097663896763;2.6551127019337066;2.597178844983422,2.8582311457802736;2.9062262353558794;2.925216901852848;2.9499294433915706;3.028668201499824
# p=6 gen  1: best_d64=0.7941895810  pop=100
# p=6 gen  2: best_d64=0.7941895810  pop=100
# p=6 gen  3: best_d64=0.7941895810  pop=100
# p=6 gen  4: best_d64=0.7941895810  pop=100
# p=6 gen  4: best_d64=0.7941895810  pop=-1
4,6,6,0.794189580995,23735,254.0,2.8959969398675334;2.7418235433032816;2.716140565844522;2.696463088566928;2.6605419914683344;2.5997883645511792,2.8602711774818586;2.907773103802823;2.9218985055985116;2.9349607643947535;2.9600017798277505;3.039205261477469
# p=7 gen  1: best_d64=0.8047564409  pop=100
# p=7 gen  2: best_d64=0.8047564414  pop=100
# p=7 gen  3: best_d64=0.8047564414  pop=100
# p=7 gen  4: best_d64=0.8047564414  pop=100
# p=7 gen  5: best_d64=0.8047564414  pop=100
# p=7 gen  5: best_d64=0.8047564414  pop=-1
4,6,7,0.804756441379,28419,1378.4,2.9069060989156066;2.756820277975697;2.733189665707144;2.719735258441037;2.703119499906862;2.6646974668350145;2.6012419448606727,2.8624829405644188;2.9100644394688335;2.9224140083762045;2.9291416353096253;2.942244022416119;2.9687531705512034;3.047662694236865
# p=8 gen  1: best_d64=0.8133887877  pop=100
# p=8 gen  2: best_d64=0.8133887921  pop=100
# p=8 gen  3: best_d64=0.8133887921  pop=100
# p=8 gen  4: best_d64=0.8133887921  pop=100
# p=8 gen  5: best_d64=0.8133887921  pop=100
# p=8 gen  5: best_d64=0.8133887921  pop=-1
4,6,8,0.813388792090,27850,5766.4,2.915610307239412;2.7688611666979863;2.746148845298327;2.7358100046839717;2.7267374042942585;2.7090007375448315;2.6674814589741;2.6019561393130117,2.864664698173275;2.91264294762443;2.924169788403528;2.9284306071806396;2.934034941733527;2.94844588373805;2.97659049102673;3.0546303541963025
# p=9 gen  1: best_d64=0.8205805840  pop=100
# p=9 gen  2: best_d64=0.8205806536  pop=100
# p=9 gen  3: best_d64=0.8205806536  pop=100
# p=9 gen  4: best_d64=0.8205806536  pop=100
# p=9 gen  5: best_d64=0.8205806536  pop=100
# p=9 gen  5: best_d64=0.8205806536  pop=-1
4,6,9,0.820580653626,28626,28700.1,2.922733752918351;2.778807253526823;2.7564634966421315;2.747712527242223;2.742568505881194;2.7334572229464453;2.713591072632393;2.6690174115888294;2.6020498610404994,2.8667424590646147;2.9152112116662194;2.9264113658210085;2.929380198203915;2.9321582826858497;2.9380166605151405;2.9540917463755263;2.983750745351755;3.060542144936199
# p=10 gen  1: best_d64=0.8266711882  pop=100
# p=10 gen  2: best_d64=0.8266713248  pop=100
# p=10 gen  3: best_d64=0.8266713248  pop=100
# p=10 gen  4: best_d64=0.8266713248  pop=100
# p=10 gen  5: best_d64=0.8266713248  pop=100
# p=10 gen  5: best_d64=0.8266713248  pop=-1
4,6,10,0.826671324828,25915,126348.8,2.928691818772301;2.787207320601086;2.7649624344479493;2.7570755421878586;2.754058354337745;2.7493840028084846;2.7391571432814543;2.7169198794485907;2.669507923220093;2.6015804238377527,2.868685637660499;2.9176624025031708;2.928763666487028;2.931122764344506;2.9322281337394913;2.9350621049434817;2.9416502033729155;2.9594234777365864;2.990375525036846;3.065664625173046
=== QAOA Double64 Swarm ===
Task:  7 / 15
Pair:  k=4, D=6
Node:  swift-c3dnodesetssd-15
CPUs:  28
Start: Wed Apr 15 04:45:02 UTC 2026
Job:   1357786_7

--- Node diagnostics ---
Hostname: swift-c3dnodesetssd-15
Memory:                  total        used        free      shared  buff/cache   available
Mem:           1.4Ti       9.1Gi       1.4Ti       3.3Mi       2.2Gi       1.4Ti
Disk:     10.17.247.218:/nfsshare   25T   15T  9.5T  61% /home
Julia:    /home/stephenjordan_google_com/julia-1.12.5/bin/julia
Git HEAD: 605aa66

Removing stale results/swarm-d64-k4d6.csv
Checking Julia environment...
Environment ready.

Starting swarm_chain_d64.jl with 28 threads at Wed Apr 15 04:45:08 UTC 2026
# swarm-d64 chain: k=4, D=6, p=1-15, pop=100, gens=10, burst=20, seed=42
k,D,p,ctilde,evals,wall_seconds,gamma,beta
# p=1 gen  1: best_d64=0.6504496451  pop=100
# p=1 gen  2: best_d64=0.6504496451  pop=100
# p=1 gen  3: best_d64=0.6504496451  pop=100
# p=1 gen  4: best_d64=0.6504496451  pop=100
# p=1 gen  4: best_d64=0.6504496451  pop=-1
4,6,1,0.650449645147,5237,5.3,2.681372850052866,2.9076093330846535
# p=2 gen  1: best_d64=0.7062141793  pop=100
# p=2 gen  2: best_d64=0.7062141793  pop=100
# p=2 gen  3: best_d64=0.7062141793  pop=100
# p=2 gen  4: best_d64=0.7062141793  pop=100
# p=2 gen  4: best_d64=0.7062141793  pop=-1
4,6,2,0.706214179347,11646,0.9,2.785221535540404;2.576456116180442,2.865344287920116;2.9691966724107566
# p=3 gen  1: best_d64=0.7404841760  pop=100
# p=3 gen  2: best_d64=0.7404841760  pop=100
# p=3 gen  3: best_d64=0.7404841760  pop=100
# p=3 gen  4: best_d64=0.7404841760  pop=100
# p=3 gen  4: best_d64=0.7404841760  pop=-1
4,6,3,0.740484176043,15665,2.3,2.833517396705865;2.650746017998597;2.5871620562240114,2.8561539087112346;2.917781362432399;2.9970244374153836
# p=4 gen  1: best_d64=0.7637578963  pop=100
# p=4 gen  2: best_d64=0.7637578963  pop=100
# p=4 gen  3: best_d64=0.7637578963  pop=100
# p=4 gen  4: best_d64=0.7637578963  pop=100
# p=4 gen  4: best_d64=0.7637578963  pop=-1
4,6,4,0.763757896276,18612,9.2,2.8623197362981005;2.6955086755619053;2.6507473407925577;2.592994000846834,2.856747335989799;2.907486133332634;2.9374707689467905;3.0152226749694884
# p=5 gen  1: best_d64=0.7809325939  pop=100
# p=5 gen  2: best_d64=0.7809325939  pop=100
# p=5 gen  3: best_d64=0.7809325939  pop=100
# p=5 gen  4: best_d64=0.7809325939  pop=100
# p=5 gen  4: best_d64=0.7809325939  pop=-1
4,6,5,0.780932593877,21630,47.5,2.881875274181333;2.7222789384629684;2.692097663896763;2.6551127019337066;2.597178844983422,2.8582311457802736;2.9062262353558794;2.925216901852848;2.9499294433915706;3.028668201499824
# p=6 gen  1: best_d64=0.7941895810  pop=100
# p=6 gen  2: best_d64=0.7941895810  pop=100
# p=6 gen  3: best_d64=0.7941895810  pop=100
# p=6 gen  4: best_d64=0.7941895810  pop=100
# p=6 gen  4: best_d64=0.7941895810  pop=-1
4,6,6,0.794189580995,23670,250.6,2.8959969398675334;2.7418235433032816;2.716140565844522;2.696463088566928;2.6605419914683344;2.5997883645511792,2.8602711774818586;2.907773103802823;2.9218985055985116;2.9349607643947535;2.9600017798277505;3.039205261477469
# p=7 gen  1: best_d64=0.8047564409  pop=100
# p=7 gen  2: best_d64=0.8047564414  pop=100
# p=7 gen  3: best_d64=0.8047564414  pop=100
# p=7 gen  4: best_d64=0.8047564414  pop=100
# p=7 gen  5: best_d64=0.8047564414  pop=100
# p=7 gen  5: best_d64=0.8047564414  pop=-1
4,6,7,0.804756441379,28419,1361.5,2.9069060989156066;2.756820277975697;2.733189665707144;2.719735258441037;2.703119499906862;2.6646974668350145;2.6012419448606727,2.8624829405644188;2.9100644394688335;2.9224140083762045;2.9291416353096253;2.942244022416119;2.9687531705512034;3.047662694236865
# p=8 gen  1: best_d64=0.8133887877  pop=100
# p=8 gen  2: best_d64=0.8133887921  pop=100
# p=8 gen  3: best_d64=0.8133887921  pop=100
# p=8 gen  4: best_d64=0.8133887921  pop=100
# p=8 gen  5: best_d64=0.8133887921  pop=100
# p=8 gen  5: best_d64=0.8133887921  pop=-1
4,6,8,0.813388792090,27850,5727.2,2.915610307239412;2.7688611666979863;2.746148845298327;2.7358100046839717;2.7267374042942585;2.7090007375448315;2.6674814589741;2.6019561393130117,2.864664698173275;2.91264294762443;2.924169788403528;2.9284306071806396;2.934034941733527;2.94844588373805;2.97659049102673;3.0546303541963025
# p=9 gen  1: best_d64=0.8205805840  pop=100
# p=9 gen  2: best_d64=0.8205806536  pop=100
# p=9 gen  3: best_d64=0.8205806536  pop=100
# p=9 gen  4: best_d64=0.8205806536  pop=100
# p=9 gen  5: best_d64=0.8205806536  pop=100
# p=9 gen  5: best_d64=0.8205806536  pop=-1
4,6,9,0.820580653626,28626,28475.5,2.922733752918351;2.778807253526823;2.7564634966421315;2.747712527242223;2.742568505881194;2.7334572229464453;2.713591072632393;2.6690174115888294;2.6020498610404994,2.8667424590646147;2.9152112116662194;2.9264113658210085;2.929380198203915;2.9321582826858497;2.9380166605151405;2.9540917463755263;2.983750745351755;3.060542144936199
# p=10 gen  1: best_d64=0.8266711882  pop=100
# p=10 gen  2: best_d64=0.8266713248  pop=100
# p=10 gen  3: best_d64=0.8266713248  pop=100
# p=10 gen  4: best_d64=0.8266713248  pop=100
# p=10 gen  5: best_d64=0.8266713248  pop=100
# p=10 gen  5: best_d64=0.8266713248  pop=-1
4,6,10,0.826671324828,25915,125591.2,2.928691818772301;2.787207320601086;2.7649624344479493;2.7570755421878586;2.754058354337745;2.7493840028084846;2.7391571432814543;2.7169198794485907;2.669507923220093;2.6015804238377527,2.868685637660499;2.9176624025031708;2.928763666487028;2.931122764344506;2.9322281337394913;2.9350621049434817;2.9416502033729155;2.9594234777365864;2.990375525036846;3.065664625173046
# p=11 gen  1: best_d64=0.8318993189  pop=100
# p=11 gen  2: best_d64=0.8318998302  pop=100
# p=11 gen  3: best_d64=0.8318998302  pop=100
=== QAOA Double64 Swarm ===
Task:  7 / 15
Pair:  k=4, D=6
Node:  swift-c3dnodesetssd-6
CPUs:  28
Start: Tue Apr 21 14:12:25 UTC 2026
Job:   1357786_7

--- Node diagnostics ---
Hostname: swift-c3dnodesetssd-6
Memory:                  total        used        free      shared  buff/cache   available
Mem:           1.4Ti       9.1Gi       1.4Ti       3.3Mi       2.2Gi       1.4Ti
Disk:     10.17.247.218:/nfsshare   25T   15T  9.2T  62% /home
Julia:    /home/stephenjordan_google_com/julia-1.12.5/bin/julia
Git HEAD: 7b59647

Removing stale results/swarm-d64-k4d6.csv
Checking Julia environment...
Precompiling packages...
    QaoaXorsat Being precompiled by another machine (hostname: swift-c3dnodesetssd-10, pid: 9762, pidfile: /home/stephenjordan_google_com/.julia/compiled/v1.12/QaoaXorsat/qgVWo_H0iNu.ji.pidfile)
  60934.0 ms  ✓ QaoaXorsat
  1 dependency successfully precompiled in 64 seconds. 52 already precompiled.
Environment ready.

Starting swarm_chain_d64.jl with 28 threads at Tue Apr 21 14:13:46 UTC 2026
# swarm-d64 chain: k=4, D=6, p=1-15, pop=100, gens=10, burst=20, seed=42
k,D,p,ctilde,evals,wall_seconds,gamma,beta
# p=1 gen  1: best_d64=0.6504496451  pop=100
# p=1 gen  2: best_d64=0.6504496451  pop=100
# p=1 gen  3: best_d64=0.6504496451  pop=100
# p=1 gen  4: best_d64=0.6504496451  pop=100
# p=1 gen  4: best_d64=0.6504496451  pop=-1
4,6,1,0.650449645147,5340,5.1,2.681372850052866,2.9076093330846535
# p=2 gen  1: best_d64=0.7062141793  pop=100
# p=2 gen  2: best_d64=0.7062141793  pop=100
# p=2 gen  3: best_d64=0.7062141793  pop=100
# p=2 gen  4: best_d64=0.7062141793  pop=100
# p=2 gen  4: best_d64=0.7062141793  pop=-1
4,6,2,0.706214179347,11644,0.9,2.785221535540404;2.576456116180442,2.865344287920116;2.9691966724107566
# p=3 gen  1: best_d64=0.7404841760  pop=100
# p=3 gen  2: best_d64=0.7404841760  pop=100
# p=3 gen  3: best_d64=0.7404841760  pop=100
# p=3 gen  4: best_d64=0.7404841760  pop=100
# p=3 gen  4: best_d64=0.7404841760  pop=-1
4,6,3,0.740484176043,15592,1.9,2.833517396705865;2.650746017998597;2.5871620562240114,2.8561539087112346;2.917781362432399;2.9970244374153836
# p=4 gen  1: best_d64=0.7637578963  pop=100
# p=4 gen  2: best_d64=0.7637578963  pop=100
# p=4 gen  3: best_d64=0.7637578963  pop=100
# p=4 gen  4: best_d64=0.7637578963  pop=100
# p=4 gen  4: best_d64=0.7637578963  pop=-1
4,6,4,0.763757896276,18928,6.4,2.8623197362981005;2.6955086755619053;2.6507473407925577;2.592994000846834,2.856747335989799;2.907486133332634;2.9374707689467905;3.0152226749694884
# p=5 gen  1: best_d64=0.7809325939  pop=100
# p=5 gen  2: best_d64=0.7809325939  pop=100
# p=5 gen  3: best_d64=0.7809325939  pop=100
# p=5 gen  4: best_d64=0.7809325939  pop=100
# p=5 gen  4: best_d64=0.7809325939  pop=-1
4,6,5,0.780932593877,21630,31.2,2.881875274181333;2.7222789384629684;2.692097663896763;2.6551127019337066;2.597178844983422,2.8582311457802736;2.9062262353558794;2.925216901852848;2.9499294433915706;3.028668201499824
# p=6 gen  1: best_d64=0.7941895810  pop=100
# p=6 gen  2: best_d64=0.7941895810  pop=100
# p=6 gen  3: best_d64=0.7941895810  pop=100
# p=6 gen  4: best_d64=0.7941895810  pop=100
# p=6 gen  4: best_d64=0.7941895810  pop=-1
4,6,6,0.794189580995,23735,150.5,2.8959969398675334;2.7418235433032816;2.716140565844522;2.696463088566928;2.6605419914683344;2.5997883645511792,2.8602711774818586;2.907773103802823;2.9218985055985116;2.9349607643947535;2.9600017798277505;3.039205261477469
# p=7 gen  1: best_d64=0.8047564409  pop=100
# p=7 gen  2: best_d64=0.8047564414  pop=100
# p=7 gen  3: best_d64=0.8047564414  pop=100
# p=7 gen  4: best_d64=0.8047564414  pop=100
# p=7 gen  5: best_d64=0.8047564414  pop=100
# p=7 gen  5: best_d64=0.8047564414  pop=-1
4,6,7,0.804756441379,28419,832.1,2.9069060989156066;2.756820277975697;2.733189665707144;2.719735258441037;2.703119499906862;2.6646974668350145;2.6012419448606727,2.8624829405644188;2.9100644394688335;2.9224140083762045;2.9291416353096253;2.942244022416119;2.9687531705512034;3.047662694236865
# p=8 gen  1: best_d64=0.8133887877  pop=100
# p=8 gen  2: best_d64=0.8133887921  pop=100
# p=8 gen  3: best_d64=0.8133887921  pop=100
# p=8 gen  4: best_d64=0.8133887921  pop=100
# p=8 gen  5: best_d64=0.8133887921  pop=100
# p=8 gen  5: best_d64=0.8133887921  pop=-1
4,6,8,0.813388792090,27850,3370.6,2.915610307239412;2.7688611666979863;2.746148845298327;2.7358100046839717;2.7267374042942585;2.7090007375448315;2.6674814589741;2.6019561393130117,2.864664698173275;2.91264294762443;2.924169788403528;2.9284306071806396;2.934034941733527;2.94844588373805;2.97659049102673;3.0546303541963025
# p=9 gen  1: best_d64=0.8205805840  pop=100
# p=9 gen  2: best_d64=0.8205806536  pop=100
# p=9 gen  3: best_d64=0.8205806536  pop=100
# p=9 gen  4: best_d64=0.8205806536  pop=100
# p=9 gen  5: best_d64=0.8205806536  pop=100
# p=9 gen  5: best_d64=0.8205806536  pop=-1
4,6,9,0.820580653626,28626,15915.4,2.922733752918351;2.778807253526823;2.7564634966421315;2.747712527242223;2.742568505881194;2.7334572229464453;2.713591072632393;2.6690174115888294;2.6020498610404994,2.8667424590646147;2.9152112116662194;2.9264113658210085;2.929380198203915;2.9321582826858497;2.9380166605151405;2.9540917463755263;2.983750745351755;3.060542144936199
=== QAOA Double64 Swarm ===
Task:  7 / 15
Pair:  k=4, D=6
Node:  swift-c3dnodesetssd-6
CPUs:  28
Start: Tue Apr 21 20:55:32 UTC 2026
Job:   1357786_7

--- Node diagnostics ---
Hostname: swift-c3dnodesetssd-6
Memory:                  total        used        free      shared  buff/cache   available
Mem:           1.4Ti       9.1Gi       1.4Ti       3.3Mi       2.2Gi       1.4Ti
Disk:     10.17.247.218:/nfsshare   25T   15T  9.1T  62% /home
Julia:    /home/stephenjordan_google_com/julia-1.12.5/bin/julia
Git HEAD: 7b59647

Removing stale results/swarm-d64-k4d6.csv
Checking Julia environment...
Environment ready.

Starting swarm_chain_d64.jl with 28 threads at Tue Apr 21 20:55:35 UTC 2026
# swarm-d64 chain: k=4, D=6, p=1-15, pop=100, gens=10, burst=20, seed=42
k,D,p,ctilde,evals,wall_seconds,gamma,beta
# p=1 gen  1: best_d64=0.6504496451  pop=100
# p=1 gen  2: best_d64=0.6504496451  pop=100
# p=1 gen  3: best_d64=0.6504496451  pop=100
# p=1 gen  4: best_d64=0.6504496451  pop=100
# p=1 gen  4: best_d64=0.6504496451  pop=-1
4,6,1,0.650449645147,5229,5.2,2.681372850052866,2.9076093330846535
# p=2 gen  1: best_d64=0.7062141793  pop=100
# p=2 gen  2: best_d64=0.7062141793  pop=100
# p=2 gen  3: best_d64=0.7062141793  pop=100
# p=2 gen  4: best_d64=0.7062141793  pop=100
# p=2 gen  4: best_d64=0.7062141793  pop=-1
4,6,2,0.706214179347,11645,0.8,2.785221535540404;2.576456116180442,2.865344287920116;2.9691966724107566
# p=3 gen  1: best_d64=0.7404841760  pop=100
# p=3 gen  2: best_d64=0.7404841760  pop=100
# p=3 gen  3: best_d64=0.7404841760  pop=100
# p=3 gen  4: best_d64=0.7404841760  pop=100
# p=3 gen  4: best_d64=0.7404841760  pop=-1
4,6,3,0.740484176043,15664,1.8,2.833517396705865;2.650746017998597;2.5871620562240114,2.8561539087112346;2.917781362432399;2.9970244374153836
# p=4 gen  1: best_d64=0.7637578963  pop=100
# p=4 gen  2: best_d64=0.7637578963  pop=100
# p=4 gen  3: best_d64=0.7637578963  pop=100
# p=4 gen  4: best_d64=0.7637578963  pop=100
# p=4 gen  4: best_d64=0.7637578963  pop=-1
4,6,4,0.763757896276,18928,6.3,2.8623197362981005;2.6955086755619053;2.6507473407925577;2.592994000846834,2.856747335989799;2.907486133332634;2.9374707689467905;3.0152226749694884
# p=5 gen  1: best_d64=0.7809325939  pop=100
# p=5 gen  2: best_d64=0.7809325939  pop=100
# p=5 gen  3: best_d64=0.7809325939  pop=100
# p=5 gen  4: best_d64=0.7809325939  pop=100
# p=5 gen  4: best_d64=0.7809325939  pop=-1
4,6,5,0.780932593877,21630,30.6,2.881875274181333;2.7222789384629684;2.692097663896763;2.6551127019337066;2.597178844983422,2.8582311457802736;2.9062262353558794;2.925216901852848;2.9499294433915706;3.028668201499824
# p=6 gen  1: best_d64=0.7941895810  pop=100
# p=6 gen  2: best_d64=0.7941895810  pop=100
# p=6 gen  3: best_d64=0.7941895810  pop=100
# p=6 gen  4: best_d64=0.7941895810  pop=100
# p=6 gen  4: best_d64=0.7941895810  pop=-1
4,6,6,0.794189580995,23735,148.9,2.8959969398675334;2.7418235433032816;2.716140565844522;2.696463088566928;2.6605419914683344;2.5997883645511792,2.8602711774818586;2.907773103802823;2.9218985055985116;2.9349607643947535;2.9600017798277505;3.039205261477469
# p=7 gen  1: best_d64=0.8047564409  pop=100
# p=7 gen  2: best_d64=0.8047564414  pop=100
# p=7 gen  3: best_d64=0.8047564414  pop=100
=== QAOA Double64 Swarm ===
Task:  7 / 15
Pair:  k=4, D=6
Node:  swift-c3dnodesetssd-6
CPUs:  28
Start: Tue Apr 21 21:14:01 UTC 2026
Job:   1357786_7

--- Node diagnostics ---
Hostname: swift-c3dnodesetssd-6
Memory:                  total        used        free      shared  buff/cache   available
Mem:           1.4Ti       9.0Gi       1.4Ti       3.3Mi       2.2Gi       1.4Ti
Disk:     10.17.247.218:/nfsshare   25T   15T  9.1T  62% /home
Julia:    /home/stephenjordan_google_com/julia-1.12.5/bin/julia
Git HEAD: 7b59647

Removing stale results/swarm-d64-k4d6.csv
Checking Julia environment...
Environment ready.

Starting swarm_chain_d64.jl with 28 threads at Tue Apr 21 21:14:03 UTC 2026
# swarm-d64 chain: k=4, D=6, p=1-15, pop=100, gens=10, burst=20, seed=42
k,D,p,ctilde,evals,wall_seconds,gamma,beta
# p=1 gen  1: best_d64=0.6504496451  pop=100
# p=1 gen  2: best_d64=0.6504496451  pop=100
# p=1 gen  3: best_d64=0.6504496451  pop=100
# p=1 gen  4: best_d64=0.6504496451  pop=100
# p=1 gen  4: best_d64=0.6504496451  pop=-1
4,6,1,0.650449645147,5256,5.1,2.681372850052866,2.9076093330846535
# p=2 gen  1: best_d64=0.7062141793  pop=100
# p=2 gen  2: best_d64=0.7062141793  pop=100
# p=2 gen  3: best_d64=0.7062141793  pop=100
# p=2 gen  4: best_d64=0.7062141793  pop=100
# p=2 gen  4: best_d64=0.7062141793  pop=-1
4,6,2,0.706214179347,11646,0.9,2.785221535540404;2.576456116180442,2.865344287920116;2.9691966724107566
# p=3 gen  1: best_d64=0.7404841760  pop=100
# p=3 gen  2: best_d64=0.7404841760  pop=100
# p=3 gen  3: best_d64=0.7404841760  pop=100
# p=3 gen  4: best_d64=0.7404841760  pop=100
# p=3 gen  4: best_d64=0.7404841760  pop=-1
4,6,3,0.740484176043,15605,1.9,2.833517396705865;2.650746017998597;2.5871620562240114,2.8561539087112346;2.917781362432399;2.9970244374153836
# p=4 gen  1: best_d64=0.7637578963  pop=100
# p=4 gen  2: best_d64=0.7637578963  pop=100
# p=4 gen  3: best_d64=0.7637578963  pop=100
# p=4 gen  4: best_d64=0.7637578963  pop=100
# p=4 gen  4: best_d64=0.7637578963  pop=-1
4,6,4,0.763757896276,18821,6.3,2.8623197362981005;2.6955086755619053;2.6507473407925577;2.592994000846834,2.856747335989799;2.907486133332634;2.9374707689467905;3.0152226749694884
# p=5 gen  1: best_d64=0.7809325939  pop=100
# p=5 gen  2: best_d64=0.7809325939  pop=100
# p=5 gen  3: best_d64=0.7809325939  pop=100
# p=5 gen  4: best_d64=0.7809325939  pop=100
# p=5 gen  4: best_d64=0.7809325939  pop=-1
4,6,5,0.780932593877,21572,31.2,2.881875274181333;2.7222789384629684;2.692097663896763;2.6551127019337066;2.597178844983422,2.8582311457802736;2.9062262353558794;2.925216901852848;2.9499294433915706;3.028668201499824
# p=6 gen  1: best_d64=0.7941895810  pop=100
# p=6 gen  2: best_d64=0.7941895810  pop=100
# p=6 gen  3: best_d64=0.7941895810  pop=100
# p=6 gen  4: best_d64=0.7941895810  pop=100
# p=6 gen  4: best_d64=0.7941895810  pop=-1
4,6,6,0.794189580995,23735,151.0,2.8959969398675334;2.7418235433032816;2.716140565844522;2.696463088566928;2.6605419914683344;2.5997883645511792,2.8602711774818586;2.907773103802823;2.9218985055985116;2.9349607643947535;2.9600017798277505;3.039205261477469
# p=7 gen  1: best_d64=0.8047564409  pop=100
# p=7 gen  2: best_d64=0.8047564414  pop=100
# p=7 gen  3: best_d64=0.8047564414  pop=100
# p=7 gen  4: best_d64=0.8047564414  pop=100
# p=7 gen  5: best_d64=0.8047564414  pop=100
# p=7 gen  5: best_d64=0.8047564414  pop=-1
4,6,7,0.804756441379,28419,825.3,2.9069060989156066;2.756820277975697;2.733189665707144;2.719735258441037;2.703119499906862;2.6646974668350145;2.6012419448606727,2.8624829405644188;2.9100644394688335;2.9224140083762045;2.9291416353096253;2.942244022416119;2.9687531705512034;3.047662694236865
# p=8 gen  1: best_d64=0.8133887877  pop=100
=== QAOA Double64 Swarm ===
Task:  7 / 15
Pair:  k=4, D=6
Node:  swift-c3dnodesetssd-21
CPUs:  28
Start: Tue Apr 21 21:50:01 UTC 2026
Job:   1357786_7

--- Node diagnostics ---
Hostname: swift-c3dnodesetssd-21
Memory:                  total        used        free      shared  buff/cache   available
Mem:           1.4Ti       9.0Gi       1.4Ti       3.3Mi       2.0Gi       1.4Ti
Disk:     10.17.247.218:/nfsshare   25T   15T  9.1T  62% /home
Julia:    /home/stephenjordan_google_com/julia-1.12.5/bin/julia
Git HEAD: 7b59647

Removing stale results/swarm-d64-k4d6.csv
Checking Julia environment...
Environment ready.

Starting swarm_chain_d64.jl with 28 threads at Tue Apr 21 21:50:05 UTC 2026
# swarm-d64 chain: k=4, D=6, p=1-15, pop=100, gens=10, burst=20, seed=42
k,D,p,ctilde,evals,wall_seconds,gamma,beta
# p=1 gen  1: best_d64=0.6504496451  pop=100
# p=1 gen  2: best_d64=0.6504496451  pop=100
# p=1 gen  3: best_d64=0.6504496451  pop=100
# p=1 gen  4: best_d64=0.6504496451  pop=100
# p=1 gen  4: best_d64=0.6504496451  pop=-1
4,6,1,0.650449645147,5196,5.0,2.681372850052866,2.9076093330846535
# p=2 gen  1: best_d64=0.7062141793  pop=100
# p=2 gen  2: best_d64=0.7062141793  pop=100
# p=2 gen  3: best_d64=0.7062141793  pop=100
# p=2 gen  4: best_d64=0.7062141793  pop=100
# p=2 gen  4: best_d64=0.7062141793  pop=-1
4,6,2,0.706214179347,11646,0.9,2.785221535540404;2.576456116180442,2.865344287920116;2.9691966724107566
# p=3 gen  1: best_d64=0.7404841760  pop=100
# p=3 gen  2: best_d64=0.7404841760  pop=100
# p=3 gen  3: best_d64=0.7404841760  pop=100
# p=3 gen  4: best_d64=0.7404841760  pop=100
# p=3 gen  4: best_d64=0.7404841760  pop=-1
4,6,3,0.740484176043,15662,1.7,2.833517396705865;2.650746017998597;2.5871620562240114,2.8561539087112346;2.917781362432399;2.9970244374153836
# p=4 gen  1: best_d64=0.7637578963  pop=100
# p=4 gen  2: best_d64=0.7637578963  pop=100
# p=4 gen  3: best_d64=0.7637578963  pop=100
# p=4 gen  4: best_d64=0.7637578963  pop=100
# p=4 gen  4: best_d64=0.7637578963  pop=-1
4,6,4,0.763757896276,18741,6.1,2.8623197362981005;2.6955086755619053;2.6507473407925577;2.592994000846834,2.856747335989799;2.907486133332634;2.9374707689467905;3.0152226749694884
# p=5 gen  1: best_d64=0.7809325939  pop=100
# p=5 gen  2: best_d64=0.7809325939  pop=100
# p=5 gen  3: best_d64=0.7809325939  pop=100
# p=5 gen  4: best_d64=0.7809325939  pop=100
# p=5 gen  4: best_d64=0.7809325939  pop=-1
4,6,5,0.780932593877,21562,30.3,2.881875274181333;2.7222789384629684;2.692097663896763;2.6551127019337066;2.597178844983422,2.8582311457802736;2.9062262353558794;2.925216901852848;2.9499294433915706;3.028668201499824
# p=6 gen  1: best_d64=0.7941895810  pop=100
# p=6 gen  2: best_d64=0.7941895810  pop=100
# p=6 gen  3: best_d64=0.7941895810  pop=100
# p=6 gen  4: best_d64=0.7941895810  pop=100
# p=6 gen  4: best_d64=0.7941895810  pop=-1
4,6,6,0.794189580995,23678,147.8,2.8959969398675334;2.7418235433032816;2.716140565844522;2.696463088566928;2.6605419914683344;2.5997883645511792,2.8602711774818586;2.907773103802823;2.9218985055985116;2.9349607643947535;2.9600017798277505;3.039205261477469
# p=7 gen  1: best_d64=0.8047564409  pop=100
# p=7 gen  2: best_d64=0.8047564414  pop=100
# p=7 gen  3: best_d64=0.8047564414  pop=100
# p=7 gen  4: best_d64=0.8047564414  pop=100
# p=7 gen  5: best_d64=0.8047564414  pop=100
# p=7 gen  5: best_d64=0.8047564414  pop=-1
4,6,7,0.804756441379,28419,817.2,2.9069060989156066;2.756820277975697;2.733189665707144;2.719735258441037;2.703119499906862;2.6646974668350145;2.6012419448606727,2.8624829405644188;2.9100644394688335;2.9224140083762045;2.9291416353096253;2.942244022416119;2.9687531705512034;3.047662694236865
# p=8 gen  1: best_d64=0.8133887877  pop=100
# p=8 gen  2: best_d64=0.8133887921  pop=100
# p=8 gen  3: best_d64=0.8133887921  pop=100
# p=8 gen  4: best_d64=0.8133887921  pop=100
=== QAOA Double64 Swarm ===
Task:  7 / 15
Pair:  k=4, D=6
Node:  swift-c3dnodesetssd-6
CPUs:  28
Start: Tue Apr 21 23:05:36 UTC 2026
Job:   1357786_7

--- Node diagnostics ---
Hostname: swift-c3dnodesetssd-6
Memory:                  total        used        free      shared  buff/cache   available
Mem:           1.4Ti       9.1Gi       1.4Ti       3.3Mi       2.2Gi       1.4Ti
Disk:     10.17.247.218:/nfsshare   25T   15T  9.1T  62% /home
Julia:    /home/stephenjordan_google_com/julia-1.12.5/bin/julia
Git HEAD: 7b59647

Removing stale results/swarm-d64-k4d6.csv
Checking Julia environment...
Environment ready.

Starting swarm_chain_d64.jl with 28 threads at Tue Apr 21 23:05:39 UTC 2026
# swarm-d64 chain: k=4, D=6, p=1-15, pop=100, gens=10, burst=20, seed=42
k,D,p,ctilde,evals,wall_seconds,gamma,beta
# p=1 gen  1: best_d64=0.6504496451  pop=100
# p=1 gen  2: best_d64=0.6504496451  pop=100
# p=1 gen  3: best_d64=0.6504496451  pop=100
# p=1 gen  4: best_d64=0.6504496451  pop=100
# p=1 gen  4: best_d64=0.6504496451  pop=-1
4,6,1,0.650449645147,5262,5.1,2.681372850052866,2.9076093330846535
# p=2 gen  1: best_d64=0.7062141793  pop=100
# p=2 gen  2: best_d64=0.7062141793  pop=100
# p=2 gen  3: best_d64=0.7062141793  pop=100
# p=2 gen  4: best_d64=0.7062141793  pop=100
# p=2 gen  4: best_d64=0.7062141793  pop=-1
4,6,2,0.706214179347,11643,0.9,2.785221535540404;2.576456116180442,2.865344287920116;2.9691966724107566
# p=3 gen  1: best_d64=0.7404841760  pop=100
# p=3 gen  2: best_d64=0.7404841760  pop=100
# p=3 gen  3: best_d64=0.7404841760  pop=100
# p=3 gen  4: best_d64=0.7404841760  pop=100
# p=3 gen  4: best_d64=0.7404841760  pop=-1
4,6,3,0.740484176043,15662,1.8,2.833517396705865;2.650746017998597;2.5871620562240114,2.8561539087112346;2.917781362432399;2.9970244374153836
# p=4 gen  1: best_d64=0.7637578963  pop=100
# p=4 gen  2: best_d64=0.7637578963  pop=100
# p=4 gen  3: best_d64=0.7637578963  pop=100
# p=4 gen  4: best_d64=0.7637578963  pop=100
# p=4 gen  4: best_d64=0.7637578963  pop=-1
4,6,4,0.763757896276,18924,6.2,2.8623197362981005;2.6955086755619053;2.6507473407925577;2.592994000846834,2.856747335989799;2.907486133332634;2.9374707689467905;3.0152226749694884
# p=5 gen  1: best_d64=0.7809325939  pop=100
# p=5 gen  2: best_d64=0.7809325939  pop=100
# p=5 gen  3: best_d64=0.7809325939  pop=100
# p=5 gen  4: best_d64=0.7809325939  pop=100
# p=5 gen  4: best_d64=0.7809325939  pop=-1
4,6,5,0.780932593877,21629,30.5,2.881875274181333;2.7222789384629684;2.692097663896763;2.6551127019337066;2.597178844983422,2.8582311457802736;2.9062262353558794;2.925216901852848;2.9499294433915706;3.028668201499824
# p=6 gen  1: best_d64=0.7941895810  pop=100
# p=6 gen  2: best_d64=0.7941895810  pop=100
# p=6 gen  3: best_d64=0.7941895810  pop=100
# p=6 gen  4: best_d64=0.7941895810  pop=100
# p=6 gen  4: best_d64=0.7941895810  pop=-1
4,6,6,0.794189580995,23735,148.5,2.8959969398675334;2.7418235433032816;2.716140565844522;2.696463088566928;2.6605419914683344;2.5997883645511792,2.8602711774818586;2.907773103802823;2.9218985055985116;2.9349607643947535;2.9600017798277505;3.039205261477469
# p=7 gen  1: best_d64=0.8047564409  pop=100
# p=7 gen  2: best_d64=0.8047564414  pop=100
# p=7 gen  3: best_d64=0.8047564414  pop=100
# p=7 gen  4: best_d64=0.8047564414  pop=100
# p=7 gen  5: best_d64=0.8047564414  pop=100
# p=7 gen  5: best_d64=0.8047564414  pop=-1
4,6,7,0.804756441379,28419,825.8,2.9069060989156066;2.756820277975697;2.733189665707144;2.719735258441037;2.703119499906862;2.6646974668350145;2.6012419448606727,2.8624829405644188;2.9100644394688335;2.9224140083762045;2.9291416353096253;2.942244022416119;2.9687531705512034;3.047662694236865
# p=8 gen  1: best_d64=0.8133887877  pop=100
# p=8 gen  2: best_d64=0.8133887921  pop=100
# p=8 gen  3: best_d64=0.8133887921  pop=100
=== QAOA Double64 Swarm ===
Task:  7 / 15
Pair:  k=4, D=6
Node:  swift-c3dnodesetssd-5
CPUs:  28
Start: Wed Apr 22 00:11:37 UTC 2026
Job:   1357786_7

--- Node diagnostics ---
Hostname: swift-c3dnodesetssd-5
Memory:                  total        used        free      shared  buff/cache   available
Mem:           1.4Ti       9.1Gi       1.4Ti       3.3Mi       2.2Gi       1.4Ti
Disk:     10.17.247.218:/nfsshare   25T   15T  9.1T  62% /home
Julia:    /home/stephenjordan_google_com/julia-1.12.5/bin/julia
Git HEAD: 25cb9d9

Removing stale results/swarm-d64-k4d6.csv
Checking Julia environment...
Environment ready.

Starting swarm_chain_d64.jl with 28 threads at Wed Apr 22 00:11:40 UTC 2026
# swarm-d64 chain: k=4, D=6, p=1-15, pop=100, gens=10, burst=20, seed=42
k,D,p,ctilde,evals,wall_seconds,gamma,beta
# p=1 gen  1: best_d64=0.6504496451  pop=100
# p=1 gen  2: best_d64=0.6504496451  pop=100
# p=1 gen  3: best_d64=0.6504496451  pop=100
# p=1 gen  4: best_d64=0.6504496451  pop=100
# p=1 gen  4: best_d64=0.6504496451  pop=-1
4,6,1,0.650449645147,5352,5.2,2.681372850052866,2.9076093330846535
# p=2 gen  1: best_d64=0.7062141793  pop=100
# p=2 gen  2: best_d64=0.7062141793  pop=100
# p=2 gen  3: best_d64=0.7062141793  pop=100
# p=2 gen  4: best_d64=0.7062141793  pop=100
# p=2 gen  4: best_d64=0.7062141793  pop=-1
4,6,2,0.706214179347,11645,0.9,2.785221535540404;2.576456116180442,2.865344287920116;2.9691966724107566
# p=3 gen  1: best_d64=0.7404841760  pop=100
# p=3 gen  2: best_d64=0.7404841760  pop=100
# p=3 gen  3: best_d64=0.7404841760  pop=100
# p=3 gen  4: best_d64=0.7404841760  pop=100
# p=3 gen  4: best_d64=0.7404841760  pop=-1
4,6,3,0.740484176043,15519,1.9,2.833517396705865;2.650746017998597;2.5871620562240114,2.8561539087112346;2.917781362432399;2.9970244374153836
# p=4 gen  1: best_d64=0.7637578963  pop=100
# p=4 gen  2: best_d64=0.7637578963  pop=100
# p=4 gen  3: best_d64=0.7637578963  pop=100
# p=4 gen  4: best_d64=0.7637578963  pop=100
# p=4 gen  4: best_d64=0.7637578963  pop=-1
4,6,4,0.763757896276,18876,6.4,2.8623197362981005;2.6955086755619053;2.6507473407925577;2.592994000846834,2.856747335989799;2.907486133332634;2.9374707689467905;3.0152226749694884
# p=5 gen  1: best_d64=0.7809325939  pop=100
# p=5 gen  2: best_d64=0.7809325939  pop=100
# p=5 gen  3: best_d64=0.7809325939  pop=100
# p=5 gen  4: best_d64=0.7809325939  pop=100
# p=5 gen  4: best_d64=0.7809325939  pop=-1
4,6,5,0.780932593877,21630,31.1,2.881875274181333;2.7222789384629684;2.692097663896763;2.6551127019337066;2.597178844983422,2.8582311457802736;2.9062262353558794;2.925216901852848;2.9499294433915706;3.028668201499824
# p=6 gen  1: best_d64=0.7941895810  pop=100
# p=6 gen  2: best_d64=0.7941895810  pop=100
# p=6 gen  3: best_d64=0.7941895810  pop=100
# p=6 gen  4: best_d64=0.7941895810  pop=100
# p=6 gen  4: best_d64=0.7941895810  pop=-1
4,6,6,0.794189580995,23673,150.6,2.8959969398675334;2.7418235433032816;2.716140565844522;2.696463088566928;2.6605419914683344;2.5997883645511792,2.8602711774818586;2.907773103802823;2.9218985055985116;2.9349607643947535;2.9600017798277505;3.039205261477469
# p=7 gen  1: best_d64=0.8047564409  pop=100
# p=7 gen  2: best_d64=0.8047564414  pop=100
# p=7 gen  3: best_d64=0.8047564414  pop=100
# p=7 gen  4: best_d64=0.8047564414  pop=100
# p=7 gen  5: best_d64=0.8047564414  pop=100
# p=7 gen  5: best_d64=0.8047564414  pop=-1
4,6,7,0.804756441379,28419,826.5,2.9069060989156066;2.756820277975697;2.733189665707144;2.719735258441037;2.703119499906862;2.6646974668350145;2.6012419448606727,2.8624829405644188;2.9100644394688335;2.9224140083762045;2.9291416353096253;2.942244022416119;2.9687531705512034;3.047662694236865
=== QAOA Double64 Swarm ===
Task:  7 / 15
Pair:  k=4, D=6
Node:  swift-c3dnodesetssd-4
CPUs:  28
Start: Wed Apr 22 00:44:37 UTC 2026
Job:   1357786_7

--- Node diagnostics ---
Hostname: swift-c3dnodesetssd-4
Memory:                  total        used        free      shared  buff/cache   available
Mem:           1.4Ti       9.2Gi       1.4Ti       3.8Mi       2.3Gi       1.4Ti
Disk:     10.17.247.218:/nfsshare   25T   15T  9.1T  62% /home
Julia:    /home/stephenjordan_google_com/julia-1.12.5/bin/julia
Git HEAD: 25cb9d9

Removing stale results/swarm-d64-k4d6.csv
Checking Julia environment...
Environment ready.

Starting swarm_chain_d64.jl with 28 threads at Wed Apr 22 00:44:40 UTC 2026
# swarm-d64 chain: k=4, D=6, p=1-15, pop=100, gens=10, burst=20, seed=42
k,D,p,ctilde,evals,wall_seconds,gamma,beta
# p=1 gen  1: best_d64=0.6504496451  pop=100
# p=1 gen  2: best_d64=0.6504496451  pop=100
# p=1 gen  3: best_d64=0.6504496451  pop=100
# p=1 gen  4: best_d64=0.6504496451  pop=100
# p=1 gen  4: best_d64=0.6504496451  pop=-1
4,6,1,0.650449645147,5228,5.1,2.681372850052866,2.9076093330846535
# p=2 gen  1: best_d64=0.7062141793  pop=100
# p=2 gen  2: best_d64=0.7062141793  pop=100
# p=2 gen  3: best_d64=0.7062141793  pop=100
# p=2 gen  4: best_d64=0.7062141793  pop=100
# p=2 gen  4: best_d64=0.7062141793  pop=-1
4,6,2,0.706214179347,11644,0.9,2.785221535540404;2.576456116180442,2.865344287920116;2.9691966724107566
# p=3 gen  1: best_d64=0.7404841760  pop=100
# p=3 gen  2: best_d64=0.7404841760  pop=100
# p=3 gen  3: best_d64=0.7404841760  pop=100
# p=3 gen  4: best_d64=0.7404841760  pop=100
# p=3 gen  4: best_d64=0.7404841760  pop=-1
4,6,3,0.740484176043,15645,1.9,2.833517396705865;2.650746017998597;2.5871620562240114,2.8561539087112346;2.917781362432399;2.9970244374153836
# p=4 gen  1: best_d64=0.7637578963  pop=100
# p=4 gen  2: best_d64=0.7637578963  pop=100
# p=4 gen  3: best_d64=0.7637578963  pop=100
# p=4 gen  4: best_d64=0.7637578963  pop=100
# p=4 gen  4: best_d64=0.7637578963  pop=-1
4,6,4,0.763757896276,18849,6.4,2.8623197362981005;2.6955086755619053;2.6507473407925577;2.592994000846834,2.856747335989799;2.907486133332634;2.9374707689467905;3.0152226749694884
# p=5 gen  1: best_d64=0.7809325939  pop=100
# p=5 gen  2: best_d64=0.7809325939  pop=100
# p=5 gen  3: best_d64=0.7809325939  pop=100
# p=5 gen  4: best_d64=0.7809325939  pop=100
# p=5 gen  4: best_d64=0.7809325939  pop=-1
4,6,5,0.780932593877,21630,31.2,2.881875274181333;2.7222789384629684;2.692097663896763;2.6551127019337066;2.597178844983422,2.8582311457802736;2.9062262353558794;2.925216901852848;2.9499294433915706;3.028668201499824
# p=6 gen  1: best_d64=0.7941895810  pop=100
# p=6 gen  2: best_d64=0.7941895810  pop=100
# p=6 gen  3: best_d64=0.7941895810  pop=100
# p=6 gen  4: best_d64=0.7941895810  pop=100
# p=6 gen  4: best_d64=0.7941895810  pop=-1
4,6,6,0.794189580995,23735,150.2,2.8959969398675334;2.7418235433032816;2.716140565844522;2.696463088566928;2.6605419914683344;2.5997883645511792,2.8602711774818586;2.907773103802823;2.9218985055985116;2.9349607643947535;2.9600017798277505;3.039205261477469
# p=7 gen  1: best_d64=0.8047564409  pop=100
# p=7 gen  2: best_d64=0.8047564414  pop=100
# p=7 gen  3: best_d64=0.8047564414  pop=100
# p=7 gen  4: best_d64=0.8047564414  pop=100
# p=7 gen  5: best_d64=0.8047564414  pop=100
# p=7 gen  5: best_d64=0.8047564414  pop=-1
4,6,7,0.804756441379,28418,828.2,2.9069060989156066;2.756820277975697;2.733189665707144;2.719735258441037;2.703119499906862;2.6646974668350145;2.6012419448606727,2.8624829405644188;2.9100644394688335;2.9224140083762045;2.9291416353096253;2.942244022416119;2.9687531705512034;3.047662694236865
# p=8 gen  1: best_d64=0.8133887877  pop=100
# p=8 gen  2: best_d64=0.8133887921  pop=100
=== QAOA Double64 Swarm ===
Task:  7 / 15
Pair:  k=4, D=6
Node:  swift-c3dnodesetssd-6
CPUs:  28
Start: Wed Apr 22 01:33:09 UTC 2026
Job:   1357786_7

--- Node diagnostics ---
Hostname: swift-c3dnodesetssd-6
Memory:                  total        used        free      shared  buff/cache   available
Mem:           1.4Ti       9.1Gi       1.4Ti       3.3Mi       2.2Gi       1.4Ti
Disk:     10.17.247.218:/nfsshare   25T   15T  9.1T  62% /home
Julia:    /home/stephenjordan_google_com/julia-1.12.5/bin/julia
Git HEAD: 25cb9d9

Removing stale results/swarm-d64-k4d6.csv
Checking Julia environment...
Environment ready.

Starting swarm_chain_d64.jl with 28 threads at Wed Apr 22 01:33:12 UTC 2026
# swarm-d64 chain: k=4, D=6, p=1-15, pop=100, gens=10, burst=20, seed=42
k,D,p,ctilde,evals,wall_seconds,gamma,beta
# p=1 gen  1: best_d64=0.6504496451  pop=100
# p=1 gen  2: best_d64=0.6504496451  pop=100
# p=1 gen  3: best_d64=0.6504496451  pop=100
# p=1 gen  4: best_d64=0.6504496451  pop=100
# p=1 gen  4: best_d64=0.6504496451  pop=-1
4,6,1,0.650449645147,5242,5.1,2.681372850052866,2.9076093330846535
# p=2 gen  1: best_d64=0.7062141793  pop=100
# p=2 gen  2: best_d64=0.7062141793  pop=100
# p=2 gen  3: best_d64=0.7062141793  pop=100
# p=2 gen  4: best_d64=0.7062141793  pop=100
# p=2 gen  4: best_d64=0.7062141793  pop=-1
4,6,2,0.706214179347,11645,0.9,2.785221535540404;2.576456116180442,2.865344287920116;2.9691966724107566
# p=3 gen  1: best_d64=0.7404841760  pop=100
# p=3 gen  2: best_d64=0.7404841760  pop=100
# p=3 gen  3: best_d64=0.7404841760  pop=100
# p=3 gen  4: best_d64=0.7404841760  pop=100
# p=3 gen  4: best_d64=0.7404841760  pop=-1
4,6,3,0.740484176043,15664,1.8,2.833517396705865;2.650746017998597;2.5871620562240114,2.8561539087112346;2.917781362432399;2.9970244374153836
# p=4 gen  1: best_d64=0.7637578963  pop=100
# p=4 gen  2: best_d64=0.7637578963  pop=100
# p=4 gen  3: best_d64=0.7637578963  pop=100
# p=4 gen  4: best_d64=0.7637578963  pop=100
# p=4 gen  4: best_d64=0.7637578963  pop=-1
4,6,4,0.763757896276,18928,6.3,2.8623197362981005;2.6955086755619053;2.6507473407925577;2.592994000846834,2.856747335989799;2.907486133332634;2.9374707689467905;3.0152226749694884
# p=5 gen  1: best_d64=0.7809325939  pop=100
# p=5 gen  2: best_d64=0.7809325939  pop=100
# p=5 gen  3: best_d64=0.7809325939  pop=100
# p=5 gen  4: best_d64=0.7809325939  pop=100
# p=5 gen  4: best_d64=0.7809325939  pop=-1
4,6,5,0.780932593877,21593,30.6,2.881875274181333;2.7222789384629684;2.692097663896763;2.6551127019337066;2.597178844983422,2.8582311457802736;2.9062262353558794;2.925216901852848;2.9499294433915706;3.028668201499824
# p=6 gen  1: best_d64=0.7941895810  pop=100
# p=6 gen  2: best_d64=0.7941895810  pop=100
# p=6 gen  3: best_d64=0.7941895810  pop=100
# p=6 gen  4: best_d64=0.7941895810  pop=100
# p=6 gen  4: best_d64=0.7941895810  pop=-1
4,6,6,0.794189580995,23735,149.0,2.8959969398675334;2.7418235433032816;2.716140565844522;2.696463088566928;2.6605419914683344;2.5997883645511792,2.8602711774818586;2.907773103802823;2.9218985055985116;2.9349607643947535;2.9600017798277505;3.039205261477469
# p=7 gen  1: best_d64=0.8047564409  pop=100
# p=7 gen  2: best_d64=0.8047564414  pop=100
# p=7 gen  3: best_d64=0.8047564414  pop=100
=== QAOA Double64 Swarm ===
Task:  7 / 15
Pair:  k=4, D=6
Node:  swift-c3dnodesetssd-6
CPUs:  28
Start: Wed Apr 22 01:51:09 UTC 2026
Job:   1357786_7

--- Node diagnostics ---
Hostname: swift-c3dnodesetssd-6
Memory:                  total        used        free      shared  buff/cache   available
Mem:           1.4Ti       9.1Gi       1.4Ti       3.3Mi       2.2Gi       1.4Ti
Disk:     10.17.247.218:/nfsshare   25T   15T  9.1T  62% /home
Julia:    /home/stephenjordan_google_com/julia-1.12.5/bin/julia
Git HEAD: 25cb9d9

Removing stale results/swarm-d64-k4d6.csv
Checking Julia environment...
Environment ready.

Starting swarm_chain_d64.jl with 28 threads at Wed Apr 22 01:51:12 UTC 2026
# swarm-d64 chain: k=4, D=6, p=1-15, pop=100, gens=10, burst=20, seed=42
k,D,p,ctilde,evals,wall_seconds,gamma,beta
# p=1 gen  1: best_d64=0.6504496451  pop=100
# p=1 gen  2: best_d64=0.6504496451  pop=100
# p=1 gen  3: best_d64=0.6504496451  pop=100
# p=1 gen  4: best_d64=0.6504496451  pop=100
# p=1 gen  4: best_d64=0.6504496451  pop=-1
4,6,1,0.650449645147,5277,5.1,2.681372850052866,2.9076093330846535
# p=2 gen  1: best_d64=0.7062141793  pop=100
# p=2 gen  2: best_d64=0.7062141793  pop=100
# p=2 gen  3: best_d64=0.7062141793  pop=100
# p=2 gen  4: best_d64=0.7062141793  pop=100
# p=2 gen  4: best_d64=0.7062141793  pop=-1
4,6,2,0.706214179347,11637,0.9,2.785221535540404;2.576456116180442,2.865344287920116;2.9691966724107566
# p=3 gen  1: best_d64=0.7404841760  pop=100
# p=3 gen  2: best_d64=0.7404841760  pop=100
# p=3 gen  3: best_d64=0.7404841760  pop=100
# p=3 gen  4: best_d64=0.7404841760  pop=100
# p=3 gen  4: best_d64=0.7404841760  pop=-1
4,6,3,0.740484176043,15607,1.8,2.833517396705865;2.650746017998597;2.5871620562240114,2.8561539087112346;2.917781362432399;2.9970244374153836
# p=4 gen  1: best_d64=0.7637578963  pop=100
# p=4 gen  2: best_d64=0.7637578963  pop=100
# p=4 gen  3: best_d64=0.7637578963  pop=100
# p=4 gen  4: best_d64=0.7637578963  pop=100
# p=4 gen  4: best_d64=0.7637578963  pop=-1
4,6,4,0.763757896276,18903,6.3,2.8623197362981005;2.6955086755619053;2.6507473407925577;2.592994000846834,2.856747335989799;2.907486133332634;2.9374707689467905;3.0152226749694884
# p=5 gen  1: best_d64=0.7809325939  pop=100
# p=5 gen  2: best_d64=0.7809325939  pop=100
# p=5 gen  3: best_d64=0.7809325939  pop=100
# p=5 gen  4: best_d64=0.7809325939  pop=100
# p=5 gen  4: best_d64=0.7809325939  pop=-1
4,6,5,0.780932593877,21630,30.7,2.881875274181333;2.7222789384629684;2.692097663896763;2.6551127019337066;2.597178844983422,2.8582311457802736;2.9062262353558794;2.925216901852848;2.9499294433915706;3.028668201499824
# p=6 gen  1: best_d64=0.7941895810  pop=100
# p=6 gen  2: best_d64=0.7941895810  pop=100
# p=6 gen  3: best_d64=0.7941895810  pop=100
# p=6 gen  4: best_d64=0.7941895810  pop=100
# p=6 gen  4: best_d64=0.7941895810  pop=-1
4,6,6,0.794189580995,23735,149.3,2.8959969398675334;2.7418235433032816;2.716140565844522;2.696463088566928;2.6605419914683344;2.5997883645511792,2.8602711774818586;2.907773103802823;2.9218985055985116;2.9349607643947535;2.9600017798277505;3.039205261477469
# p=7 gen  1: best_d64=0.8047564409  pop=100
# p=7 gen  2: best_d64=0.8047564414  pop=100
# p=7 gen  3: best_d64=0.8047564414  pop=100
# p=7 gen  4: best_d64=0.8047564414  pop=100
# p=7 gen  5: best_d64=0.8047564414  pop=100
# p=7 gen  5: best_d64=0.8047564414  pop=-1
4,6,7,0.804756441379,28419,823.6,2.9069060989156066;2.756820277975697;2.733189665707144;2.719735258441037;2.703119499906862;2.6646974668350145;2.6012419448606727,2.8624829405644188;2.9100644394688335;2.9224140083762045;2.9291416353096253;2.942244022416119;2.9687531705512034;3.047662694236865
# p=8 gen  1: best_d64=0.8133887877  pop=100
# p=8 gen  2: best_d64=0.8133887921  pop=100
=== QAOA Double64 Swarm ===
Task:  7 / 15
Pair:  k=4, D=6
Node:  swift-c3dnodesetssd-6
CPUs:  28
Start: Wed Apr 22 02:39:39 UTC 2026
Job:   1357786_7

--- Node diagnostics ---
Hostname: swift-c3dnodesetssd-6
Memory:                  total        used        free      shared  buff/cache   available
Mem:           1.4Ti       9.2Gi       1.4Ti       3.3Mi       2.4Gi       1.4Ti
Disk:     10.17.247.218:/nfsshare   25T   15T  9.1T  62% /home
Julia:    /home/stephenjordan_google_com/julia-1.12.5/bin/julia
Git HEAD: 25cb9d9

Removing stale results/swarm-d64-k4d6.csv
Checking Julia environment...
Environment ready.

Starting swarm_chain_d64.jl with 28 threads at Wed Apr 22 02:39:42 UTC 2026
# swarm-d64 chain: k=4, D=6, p=1-15, pop=100, gens=10, burst=20, seed=42
k,D,p,ctilde,evals,wall_seconds,gamma,beta
# p=1 gen  1: best_d64=0.6504496451  pop=100
# p=1 gen  2: best_d64=0.6504496451  pop=100
# p=1 gen  3: best_d64=0.6504496451  pop=100
# p=1 gen  4: best_d64=0.6504496451  pop=100
# p=1 gen  4: best_d64=0.6504496451  pop=-1
4,6,1,0.650449645147,5314,5.1,2.681372850052866,2.9076093330846535
# p=2 gen  1: best_d64=0.7062141793  pop=100
# p=2 gen  2: best_d64=0.7062141793  pop=100
# p=2 gen  3: best_d64=0.7062141793  pop=100
# p=2 gen  4: best_d64=0.7062141793  pop=100
# p=2 gen  4: best_d64=0.7062141793  pop=-1
4,6,2,0.706214179347,11646,0.8,2.785221535540404;2.576456116180442,2.865344287920116;2.9691966724107566
# p=3 gen  1: best_d64=0.7404841760  pop=100
# p=3 gen  2: best_d64=0.7404841760  pop=100
# p=3 gen  3: best_d64=0.7404841760  pop=100
# p=3 gen  4: best_d64=0.7404841760  pop=100
# p=3 gen  4: best_d64=0.7404841760  pop=-1
4,6,3,0.740484176043,15613,1.8,2.833517396705865;2.650746017998597;2.5871620562240114,2.8561539087112346;2.917781362432399;2.9970244374153836
# p=4 gen  1: best_d64=0.7637578963  pop=100
# p=4 gen  2: best_d64=0.7637578963  pop=100
# p=4 gen  3: best_d64=0.7637578963  pop=100
# p=4 gen  4: best_d64=0.7637578963  pop=100
# p=4 gen  4: best_d64=0.7637578963  pop=-1
4,6,4,0.763757896276,18929,6.2,2.8623197362981005;2.6955086755619053;2.6507473407925577;2.592994000846834,2.856747335989799;2.907486133332634;2.9374707689467905;3.0152226749694884
# p=5 gen  1: best_d64=0.7809325939  pop=100
# p=5 gen  2: best_d64=0.7809325939  pop=100
# p=5 gen  3: best_d64=0.7809325939  pop=100
# p=5 gen  4: best_d64=0.7809325939  pop=100
# p=5 gen  4: best_d64=0.7809325939  pop=-1
4,6,5,0.780932593877,21630,30.5,2.881875274181333;2.7222789384629684;2.692097663896763;2.6551127019337066;2.597178844983422,2.8582311457802736;2.9062262353558794;2.925216901852848;2.9499294433915706;3.028668201499824
# p=6 gen  1: best_d64=0.7941895810  pop=100
# p=6 gen  2: best_d64=0.7941895810  pop=100
# p=6 gen  3: best_d64=0.7941895810  pop=100
# p=6 gen  4: best_d64=0.7941895810  pop=100
# p=6 gen  4: best_d64=0.7941895810  pop=-1
4,6,6,0.794189580995,23735,148.7,2.8959969398675334;2.7418235433032816;2.716140565844522;2.696463088566928;2.6605419914683344;2.5997883645511792,2.8602711774818586;2.907773103802823;2.9218985055985116;2.9349607643947535;2.9600017798277505;3.039205261477469
# p=7 gen  1: best_d64=0.8047564409  pop=100
# p=7 gen  2: best_d64=0.8047564414  pop=100
# p=7 gen  3: best_d64=0.8047564414  pop=100
# p=7 gen  4: best_d64=0.8047564414  pop=100
# p=7 gen  5: best_d64=0.8047564414  pop=100
# p=7 gen  5: best_d64=0.8047564414  pop=-1
4,6,7,0.804756441379,28419,821.1,2.9069060989156066;2.756820277975697;2.733189665707144;2.719735258441037;2.703119499906862;2.6646974668350145;2.6012419448606727,2.8624829405644188;2.9100644394688335;2.9224140083762045;2.9291416353096253;2.942244022416119;2.9687531705512034;3.047662694236865
# p=8 gen  1: best_d64=0.8133887877  pop=100
# p=8 gen  2: best_d64=0.8133887921  pop=100
=== QAOA Double64 Swarm ===
Task:  7 / 15
Pair:  k=4, D=6
Node:  swift-c3dnodesetssd-6
CPUs:  28
Start: Wed Apr 22 03:33:09 UTC 2026
Job:   1357786_7

--- Node diagnostics ---
Hostname: swift-c3dnodesetssd-6
Memory:                  total        used        free      shared  buff/cache   available
Mem:           1.4Ti       9.2Gi       1.4Ti       3.3Mi       2.4Gi       1.4Ti
Disk:     10.17.247.218:/nfsshare   25T   15T  9.1T  62% /home
Julia:    /home/stephenjordan_google_com/julia-1.12.5/bin/julia
Git HEAD: 25cb9d9

Removing stale results/swarm-d64-k4d6.csv
Checking Julia environment...
Environment ready.

Starting swarm_chain_d64.jl with 28 threads at Wed Apr 22 03:33:13 UTC 2026
# swarm-d64 chain: k=4, D=6, p=1-15, pop=100, gens=10, burst=20, seed=42
k,D,p,ctilde,evals,wall_seconds,gamma,beta
# p=1 gen  1: best_d64=0.6504496451  pop=100
# p=1 gen  2: best_d64=0.6504496451  pop=100
# p=1 gen  3: best_d64=0.6504496451  pop=100
# p=1 gen  4: best_d64=0.6504496451  pop=100
# p=1 gen  4: best_d64=0.6504496451  pop=-1
4,6,1,0.650449645147,5274,5.1,2.681372850052866,2.9076093330846535
# p=2 gen  1: best_d64=0.7062141793  pop=100
# p=2 gen  2: best_d64=0.7062141793  pop=100
# p=2 gen  3: best_d64=0.7062141793  pop=100
# p=2 gen  4: best_d64=0.7062141793  pop=100
# p=2 gen  4: best_d64=0.7062141793  pop=-1
4,6,2,0.706214179347,11645,0.9,2.785221535540404;2.576456116180442,2.865344287920116;2.9691966724107566
# p=3 gen  1: best_d64=0.7404841760  pop=100
# p=3 gen  2: best_d64=0.7404841760  pop=100
# p=3 gen  3: best_d64=0.7404841760  pop=100
# p=3 gen  4: best_d64=0.7404841760  pop=100
# p=3 gen  4: best_d64=0.7404841760  pop=-1
4,6,3,0.740484176043,15457,1.8,2.833517396705865;2.650746017998597;2.5871620562240114,2.8561539087112346;2.917781362432399;2.9970244374153836
# p=4 gen  1: best_d64=0.7637578963  pop=100
# p=4 gen  2: best_d64=0.7637578963  pop=100
# p=4 gen  3: best_d64=0.7637578963  pop=100
# p=4 gen  4: best_d64=0.7637578963  pop=100
# p=4 gen  4: best_d64=0.7637578963  pop=-1
4,6,4,0.763757896276,18825,6.2,2.8623197362981005;2.6955086755619053;2.6507473407925577;2.592994000846834,2.856747335989799;2.907486133332634;2.9374707689467905;3.0152226749694884
# p=5 gen  1: best_d64=0.7809325939  pop=100
# p=5 gen  2: best_d64=0.7809325939  pop=100
# p=5 gen  3: best_d64=0.7809325939  pop=100
# p=5 gen  4: best_d64=0.7809325939  pop=100
# p=5 gen  4: best_d64=0.7809325939  pop=-1
4,6,5,0.780932593877,21630,30.5,2.881875274181333;2.7222789384629684;2.692097663896763;2.6551127019337066;2.597178844983422,2.8582311457802736;2.9062262353558794;2.925216901852848;2.9499294433915706;3.028668201499824
# p=6 gen  1: best_d64=0.7941895810  pop=100
# p=6 gen  2: best_d64=0.7941895810  pop=100
# p=6 gen  3: best_d64=0.7941895810  pop=100
# p=6 gen  4: best_d64=0.7941895810  pop=100
# p=6 gen  4: best_d64=0.7941895810  pop=-1
4,6,6,0.794189580995,23673,148.0,2.8959969398675334;2.7418235433032816;2.716140565844522;2.696463088566928;2.6605419914683344;2.5997883645511792,2.8602711774818586;2.907773103802823;2.9218985055985116;2.9349607643947535;2.9600017798277505;3.039205261477469
# p=7 gen  1: best_d64=0.8047564409  pop=100
# p=7 gen  2: best_d64=0.8047564414  pop=100
# p=7 gen  3: best_d64=0.8047564414  pop=100
# p=7 gen  4: best_d64=0.8047564414  pop=100
# p=7 gen  5: best_d64=0.8047564414  pop=100
# p=7 gen  5: best_d64=0.8047564414  pop=-1
4,6,7,0.804756441379,28419,819.7,2.9069060989156066;2.756820277975697;2.733189665707144;2.719735258441037;2.703119499906862;2.6646974668350145;2.6012419448606727,2.8624829405644188;2.9100644394688335;2.9224140083762045;2.9291416353096253;2.942244022416119;2.9687531705512034;3.047662694236865
# p=8 gen  1: best_d64=0.8133887877  pop=100
# p=8 gen  2: best_d64=0.8133887921  pop=100
=== QAOA Double64 Swarm ===
Task:  7 / 15
Pair:  k=4, D=6
Node:  swift-c3dnodesetssd-11
CPUs:  28
Start: Wed Apr 22 04:25:10 UTC 2026
Job:   1357786_7

--- Node diagnostics ---
Hostname: swift-c3dnodesetssd-11
Memory:                  total        used        free      shared  buff/cache   available
Mem:           1.4Ti       9.1Gi       1.4Ti       3.3Mi       2.3Gi       1.4Ti
Disk:     10.17.247.218:/nfsshare   25T   15T  9.1T  62% /home
Julia:    /home/stephenjordan_google_com/julia-1.12.5/bin/julia
Git HEAD: 25cb9d9

Removing stale results/swarm-d64-k4d6.csv
Checking Julia environment...
Environment ready.

Starting swarm_chain_d64.jl with 28 threads at Wed Apr 22 04:25:14 UTC 2026
# swarm-d64 chain: k=4, D=6, p=1-15, pop=100, gens=10, burst=20, seed=42
k,D,p,ctilde,evals,wall_seconds,gamma,beta
# p=1 gen  1: best_d64=0.6504496451  pop=100
# p=1 gen  2: best_d64=0.6504496451  pop=100
# p=1 gen  3: best_d64=0.6504496451  pop=100
# p=1 gen  4: best_d64=0.6504496451  pop=100
# p=1 gen  4: best_d64=0.6504496451  pop=-1
4,6,1,0.650449645147,5254,5.2,2.681372850052866,2.9076093330846535
# p=2 gen  1: best_d64=0.7062141793  pop=100
# p=2 gen  2: best_d64=0.7062141793  pop=100
# p=2 gen  3: best_d64=0.7062141793  pop=100
# p=2 gen  4: best_d64=0.7062141793  pop=100
# p=2 gen  4: best_d64=0.7062141793  pop=-1
4,6,2,0.706214179347,11645,0.9,2.785221535540404;2.576456116180442,2.865344287920116;2.9691966724107566
# p=3 gen  1: best_d64=0.7404841760  pop=100
# p=3 gen  2: best_d64=0.7404841760  pop=100
# p=3 gen  3: best_d64=0.7404841760  pop=100
# p=3 gen  4: best_d64=0.7404841760  pop=100
# p=3 gen  4: best_d64=0.7404841760  pop=-1
4,6,3,0.740484176043,15662,1.8,2.833517396705865;2.650746017998597;2.5871620562240114,2.8561539087112346;2.917781362432399;2.9970244374153836
# p=4 gen  1: best_d64=0.7637578963  pop=100
# p=4 gen  2: best_d64=0.7637578963  pop=100
# p=4 gen  3: best_d64=0.7637578963  pop=100
# p=4 gen  4: best_d64=0.7637578963  pop=100
# p=4 gen  4: best_d64=0.7637578963  pop=-1
4,6,4,0.763757896276,18929,6.3,2.8623197362981005;2.6955086755619053;2.6507473407925577;2.592994000846834,2.856747335989799;2.907486133332634;2.9374707689467905;3.0152226749694884
# p=5 gen  1: best_d64=0.7809325939  pop=100
# p=5 gen  2: best_d64=0.7809325939  pop=100
# p=5 gen  3: best_d64=0.7809325939  pop=100
# p=5 gen  4: best_d64=0.7809325939  pop=100
# p=5 gen  4: best_d64=0.7809325939  pop=-1
4,6,5,0.780932593877,21630,30.6,2.881875274181333;2.7222789384629684;2.692097663896763;2.6551127019337066;2.597178844983422,2.8582311457802736;2.9062262353558794;2.925216901852848;2.9499294433915706;3.028668201499824
# p=6 gen  1: best_d64=0.7941895810  pop=100
# p=6 gen  2: best_d64=0.7941895810  pop=100
# p=6 gen  3: best_d64=0.7941895810  pop=100
# p=6 gen  4: best_d64=0.7941895810  pop=100
# p=6 gen  4: best_d64=0.7941895810  pop=-1
4,6,6,0.794189580995,23735,148.5,2.8959969398675334;2.7418235433032816;2.716140565844522;2.696463088566928;2.6605419914683344;2.5997883645511792,2.8602711774818586;2.907773103802823;2.9218985055985116;2.9349607643947535;2.9600017798277505;3.039205261477469
# p=7 gen  1: best_d64=0.8047564409  pop=100
# p=7 gen  2: best_d64=0.8047564414  pop=100
# p=7 gen  3: best_d64=0.8047564414  pop=100
# p=7 gen  4: best_d64=0.8047564414  pop=100
# p=7 gen  5: best_d64=0.8047564414  pop=100
# p=7 gen  5: best_d64=0.8047564414  pop=-1
4,6,7,0.804756441379,28419,821.8,2.9069060989156066;2.756820277975697;2.733189665707144;2.719735258441037;2.703119499906862;2.6646974668350145;2.6012419448606727,2.8624829405644188;2.9100644394688335;2.9224140083762045;2.9291416353096253;2.942244022416119;2.9687531705512034;3.047662694236865
# p=8 gen  1: best_d64=0.8133887877  pop=100
# p=8 gen  2: best_d64=0.8133887921  pop=100
# p=8 gen  3: best_d64=0.8133887921  pop=100
# p=8 gen  4: best_d64=0.8133887921  pop=100
# p=8 gen  5: best_d64=0.8133887921  pop=100
# p=8 gen  5: best_d64=0.8133887921  pop=-1
4,6,8,0.813388792090,27850,3360.2,2.915610307239412;2.7688611666979863;2.746148845298327;2.7358100046839717;2.7267374042942585;2.7090007375448315;2.6674814589741;2.6019561393130117,2.864664698173275;2.91264294762443;2.924169788403528;2.9284306071806396;2.934034941733527;2.94844588373805;2.97659049102673;3.0546303541963025
# p=9 gen  1: best_d64=0.8205805840  pop=100
# p=9 gen  2: best_d64=0.8205806536  pop=100
# p=9 gen  3: best_d64=0.8205806536  pop=100
=== QAOA Double64 Swarm ===
Task:  7 / 15
Pair:  k=4, D=6
Node:  swift-c3dnodesetssd-8
CPUs:  28
Start: Wed Apr 22 08:34:41 UTC 2026
Job:   1357786_7

--- Node diagnostics ---
Hostname: swift-c3dnodesetssd-8
Memory:                  total        used        free      shared  buff/cache   available
Mem:           1.4Ti       9.2Gi       1.4Ti       3.3Mi       2.5Gi       1.4Ti
Disk:     10.17.247.218:/nfsshare   25T   15T  9.1T  62% /home
Julia:    /home/stephenjordan_google_com/julia-1.12.5/bin/julia
Git HEAD: 25cb9d9

Removing stale results/swarm-d64-k4d6.csv
Checking Julia environment...
Environment ready.

Starting swarm_chain_d64.jl with 28 threads at Wed Apr 22 08:34:46 UTC 2026
# swarm-d64 chain: k=4, D=6, p=1-15, pop=100, gens=10, burst=20, seed=42
k,D,p,ctilde,evals,wall_seconds,gamma,beta
# p=1 gen  1: best_d64=0.6504496451  pop=100
# p=1 gen  2: best_d64=0.6504496451  pop=100
# p=1 gen  3: best_d64=0.6504496451  pop=100
# p=1 gen  4: best_d64=0.6504496451  pop=100
# p=1 gen  4: best_d64=0.6504496451  pop=-1
4,6,1,0.650449645147,5303,5.1,2.681372850052866,2.9076093330846535
# p=2 gen  1: best_d64=0.7062141793  pop=100
# p=2 gen  2: best_d64=0.7062141793  pop=100
# p=2 gen  3: best_d64=0.7062141793  pop=100
# p=2 gen  4: best_d64=0.7062141793  pop=100
# p=2 gen  4: best_d64=0.7062141793  pop=-1
4,6,2,0.706214179347,11645,0.8,2.785221535540404;2.576456116180442,2.865344287920116;2.9691966724107566
# p=3 gen  1: best_d64=0.7404841760  pop=100
# p=3 gen  2: best_d64=0.7404841760  pop=100
# p=3 gen  3: best_d64=0.7404841760  pop=100
# p=3 gen  4: best_d64=0.7404841760  pop=100
# p=3 gen  4: best_d64=0.7404841760  pop=-1
4,6,3,0.740484176043,15587,1.8,2.833517396705865;2.650746017998597;2.5871620562240114,2.8561539087112346;2.917781362432399;2.9970244374153836
# p=4 gen  1: best_d64=0.7637578963  pop=100
# p=4 gen  2: best_d64=0.7637578963  pop=100
# p=4 gen  3: best_d64=0.7637578963  pop=100
# p=4 gen  4: best_d64=0.7637578963  pop=100
# p=4 gen  4: best_d64=0.7637578963  pop=-1
4,6,4,0.763757896276,18765,6.2,2.8623197362981005;2.6955086755619053;2.6507473407925577;2.592994000846834,2.856747335989799;2.907486133332634;2.9374707689467905;3.0152226749694884
# p=5 gen  1: best_d64=0.7809325939  pop=100
# p=5 gen  2: best_d64=0.7809325939  pop=100
# p=5 gen  3: best_d64=0.7809325939  pop=100
# p=5 gen  4: best_d64=0.7809325939  pop=100
# p=5 gen  4: best_d64=0.7809325939  pop=-1
4,6,5,0.780932593877,21630,30.6,2.881875274181333;2.7222789384629684;2.692097663896763;2.6551127019337066;2.597178844983422,2.8582311457802736;2.9062262353558794;2.925216901852848;2.9499294433915706;3.028668201499824
# p=6 gen  1: best_d64=0.7941895810  pop=100
# p=6 gen  2: best_d64=0.7941895810  pop=100
# p=6 gen  3: best_d64=0.7941895810  pop=100
# p=6 gen  4: best_d64=0.7941895810  pop=100
# p=6 gen  4: best_d64=0.7941895810  pop=-1
4,6,6,0.794189580995,23735,148.6,2.8959969398675334;2.7418235433032816;2.716140565844522;2.696463088566928;2.6605419914683344;2.5997883645511792,2.8602711774818586;2.907773103802823;2.9218985055985116;2.9349607643947535;2.9600017798277505;3.039205261477469
# p=7 gen  1: best_d64=0.8047564409  pop=100
# p=7 gen  2: best_d64=0.8047564414  pop=100
=== QAOA Double64 Swarm ===
Task:  7 / 15
Pair:  k=4, D=6
Node:  swift-c3dnodesetssd-6
CPUs:  28
Start: Wed Apr 22 08:50:42 UTC 2026
Job:   1357786_7

--- Node diagnostics ---
Hostname: swift-c3dnodesetssd-6
Memory:                  total        used        free      shared  buff/cache   available
Mem:           1.4Ti       9.1Gi       1.4Ti       3.3Mi       2.2Gi       1.4Ti
Disk:     10.17.247.218:/nfsshare   25T   15T  9.1T  62% /home
Julia:    /home/stephenjordan_google_com/julia-1.12.5/bin/julia
Git HEAD: 25cb9d9

Removing stale results/swarm-d64-k4d6.csv
Checking Julia environment...
Environment ready.

Starting swarm_chain_d64.jl with 28 threads at Wed Apr 22 08:50:50 UTC 2026
# swarm-d64 chain: k=4, D=6, p=1-15, pop=100, gens=10, burst=20, seed=42
k,D,p,ctilde,evals,wall_seconds,gamma,beta
# p=1 gen  1: best_d64=0.6504496451  pop=100
# p=1 gen  2: best_d64=0.6504496451  pop=100
# p=1 gen  3: best_d64=0.6504496451  pop=100
# p=1 gen  4: best_d64=0.6504496451  pop=100
# p=1 gen  4: best_d64=0.6504496451  pop=-1
4,6,1,0.650449645147,5331,5.2,2.681372850052866,2.9076093330846535
# p=2 gen  1: best_d64=0.7062141793  pop=100
# p=2 gen  2: best_d64=0.7062141793  pop=100
# p=2 gen  3: best_d64=0.7062141793  pop=100
# p=2 gen  4: best_d64=0.7062141793  pop=100
# p=2 gen  4: best_d64=0.7062141793  pop=-1
4,6,2,0.706214179347,11598,1.0,2.785221535540404;2.576456116180442,2.865344287920116;2.9691966724107566
# p=3 gen  1: best_d64=0.7404841760  pop=100
# p=3 gen  2: best_d64=0.7404841760  pop=100
# p=3 gen  3: best_d64=0.7404841760  pop=100
# p=3 gen  4: best_d64=0.7404841760  pop=100
# p=3 gen  4: best_d64=0.7404841760  pop=-1
4,6,3,0.740484176043,15600,1.9,2.833517396705865;2.650746017998597;2.5871620562240114,2.8561539087112346;2.917781362432399;2.9970244374153836
# p=4 gen  1: best_d64=0.7637578963  pop=100
# p=4 gen  2: best_d64=0.7637578963  pop=100
# p=4 gen  3: best_d64=0.7637578963  pop=100
# p=4 gen  4: best_d64=0.7637578963  pop=100
# p=4 gen  4: best_d64=0.7637578963  pop=-1
4,6,4,0.763757896276,18926,6.4,2.8623197362981005;2.6955086755619053;2.6507473407925577;2.592994000846834,2.856747335989799;2.907486133332634;2.9374707689467905;3.0152226749694884
# p=5 gen  1: best_d64=0.7809325939  pop=100
# p=5 gen  2: best_d64=0.7809325939  pop=100
# p=5 gen  3: best_d64=0.7809325939  pop=100
# p=5 gen  4: best_d64=0.7809325939  pop=100
# p=5 gen  4: best_d64=0.7809325939  pop=-1
4,6,5,0.780932593877,21630,31.1,2.881875274181333;2.7222789384629684;2.692097663896763;2.6551127019337066;2.597178844983422,2.8582311457802736;2.9062262353558794;2.925216901852848;2.9499294433915706;3.028668201499824
# p=6 gen  1: best_d64=0.7941895810  pop=100
# p=6 gen  2: best_d64=0.7941895810  pop=100
# p=6 gen  3: best_d64=0.7941895810  pop=100
# p=6 gen  4: best_d64=0.7941895810  pop=100
# p=6 gen  4: best_d64=0.7941895810  pop=-1
4,6,6,0.794189580995,23735,150.2,2.8959969398675334;2.7418235433032816;2.716140565844522;2.696463088566928;2.6605419914683344;2.5997883645511792,2.8602711774818586;2.907773103802823;2.9218985055985116;2.9349607643947535;2.9600017798277505;3.039205261477469
# p=7 gen  1: best_d64=0.8047564409  pop=100
# p=7 gen  2: best_d64=0.8047564414  pop=100
# p=7 gen  3: best_d64=0.8047564414  pop=100
# p=7 gen  4: best_d64=0.8047564414  pop=100
# p=7 gen  5: best_d64=0.8047564414  pop=100
# p=7 gen  5: best_d64=0.8047564414  pop=-1
4,6,7,0.804756441379,28419,824.2,2.9069060989156066;2.756820277975697;2.733189665707144;2.719735258441037;2.703119499906862;2.6646974668350145;2.6012419448606727,2.8624829405644188;2.9100644394688335;2.9224140083762045;2.9291416353096253;2.942244022416119;2.9687531705512034;3.047662694236865
# p=8 gen  1: best_d64=0.8133887877  pop=100
# p=8 gen  2: best_d64=0.8133887921  pop=100
# p=8 gen  3: best_d64=0.8133887921  pop=100
# p=8 gen  4: best_d64=0.8133887921  pop=100
# p=8 gen  5: best_d64=0.8133887921  pop=100
# p=8 gen  5: best_d64=0.8133887921  pop=-1
4,6,8,0.813388792090,27850,3352.3,2.915610307239412;2.7688611666979863;2.746148845298327;2.7358100046839717;2.7267374042942585;2.7090007375448315;2.6674814589741;2.6019561393130117,2.864664698173275;2.91264294762443;2.924169788403528;2.9284306071806396;2.934034941733527;2.94844588373805;2.97659049102673;3.0546303541963025
# p=9 gen  1: best_d64=0.8205805840  pop=100
# p=9 gen  2: best_d64=0.8205806536  pop=100
# p=9 gen  3: best_d64=0.8205806536  pop=100
# p=9 gen  4: best_d64=0.8205806536  pop=100
# p=9 gen  5: best_d64=0.8205806536  pop=100
# p=9 gen  5: best_d64=0.8205806536  pop=-1
4,6,9,0.820580653626,28626,15871.2,2.922733752918351;2.778807253526823;2.7564634966421315;2.747712527242223;2.742568505881194;2.7334572229464453;2.713591072632393;2.6690174115888294;2.6020498610404994,2.8667424590646147;2.9152112116662194;2.9264113658210085;2.929380198203915;2.9321582826858497;2.9380166605151405;2.9540917463755263;2.983750745351755;3.060542144936199
# p=10 gen  1: best_d64=0.8266711882  pop=100
# p=10 gen  2: best_d64=0.8266713248  pop=100
# p=10 gen  3: best_d64=0.8266713248  pop=100
# p=10 gen  4: best_d64=0.8266713248  pop=100
# p=10 gen  5: best_d64=0.8266713248  pop=100
# p=10 gen  5: best_d64=0.8266713248  pop=-1
4,6,10,0.826671324828,25915,71944.4,2.928691818772301;2.787207320601086;2.7649624344479493;2.7570755421878586;2.754058354337745;2.7493840028084846;2.7391571432814543;2.7169198794485907;2.669507923220093;2.6015804238377527,2.868685637660499;2.9176624025031708;2.928763666487028;2.931122764344506;2.9322281337394913;2.9350621049434817;2.9416502033729155;2.9594234777365864;2.990375525036846;3.065664625173046
# p=11 gen  1: best_d64=0.8318993189  pop=100
# p=11 gen  2: best_d64=0.8318998302  pop=100
# p=11 gen  3: best_d64=0.8318998302  pop=100
# p=11 gen  4: best_d64=0.8318998302  pop=100
# p=11 gen  5: best_d64=0.8318998302  pop=100
# p=11 gen  5: best_d64=0.8318998302  pop=-1
4,6,11,0.831899830211,26770,327368.2,2.9337738283599952;2.794440895499427;2.7721530991755916;2.764745133226223;2.762982751186011;2.7607832844593894;2.755411223541933;2.743728028074678;2.7191746248510538;2.6692042560688423;2.600682966683631,2.8704910749841672;2.9199602955167205;2.9310753221630677;2.9331517325520235;2.93338865679554;2.934219103853191;2.9377018293259836;2.945166083708657;2.9645371759821684;2.9965320804489006;3.0701476431437285
/var/spool/slurmd/job1357793/slurm_script: line 124:  9847 Killed                  julia --project=. -t ${SLURM_CPUS_PER_TASK:-28} scripts/swarm_chain_d64.jl $K $D 15 100 10 20 42

Exit code: 137
Done: Mon Apr 27 05:39:18 UTC 2026
FAILED — pushing logs
