=== QAOA Double64 Swarm ===
Task:  4 / 15
Pair:  k=3, D=7
Node:  swift-c3dnodesetssd-17
CPUs:  28
Start: Fri Apr 10 23:52:28 UTC 2026
Job:   1326055_4

--- Node diagnostics ---
Hostname: swift-c3dnodesetssd-17
Memory:                  total        used        free      shared  buff/cache   available
Mem:           1.4Ti       9.1Gi       1.4Ti       3.3Mi       2.2Gi       1.4Ti
Disk:     10.17.247.218:/nfsshare   25T   15T  9.6T  60% /home
Julia:    /home/stephenjordan_google_com/julia-1.12.5/bin/julia
Git HEAD: 411f899

Checking Julia environment...
Environment ready.

Starting swarm_chain_d64.jl with 28 threads at Fri Apr 10 23:52:34 UTC 2026
# swarm-d64 chain: k=3, D=7, p=1-15, pop=100, gens=10, burst=20, seed=42
k,D,p,ctilde,evals,wall_seconds,gamma,beta
# p=1 gen  1: best_d64=0.6295193811  pop=100
# p=1 gen  2: best_d64=0.6295193811  pop=100
# p=1 gen  3: best_d64=0.6295193811  pop=100
# p=1 gen  4: best_d64=0.6295193811  pop=100
# p=1 gen  4: best_d64=0.6295193811  pop=-1
3,7,1,0.629519381067,4655,5.2,2.733858904725481,1.2821940507752825
# p=2 gen  1: best_d64=0.6767253835  pop=100
# p=2 gen  2: best_d64=0.6767253835  pop=100
# p=2 gen  3: best_d64=0.6767253835  pop=100
# p=2 gen  4: best_d64=0.6767253835  pop=100
# p=2 gen  4: best_d64=0.6767253835  pop=-1
3,7,2,0.676725383483,11116,0.8,3.4528856862841972;5.765971673541466,1.2166191440069114;1.361973665680147
# p=3 gen  1: best_d64=0.7059039632  pop=100
# p=3 gen  2: best_d64=0.7059039632  pop=100
# p=3 gen  3: best_d64=0.7059039632  pop=100
# p=3 gen  4: best_d64=0.7059039632  pop=100
# p=3 gen  4: best_d64=0.7059039632  pop=-1
3,7,3,0.705903963232,16001,2.1,3.4085282093470592;0.44562818977284147;2.632673353938303,2.7657183539573498;1.2911418794544518;1.7420279461302288
# p=4 gen  1: best_d64=0.7120270602  pop=100
# p=4 gen  2: best_d64=0.7257101622  pop=100
# p=4 gen  3: best_d64=0.7257101622  pop=100
# p=4 gen  4: best_d64=0.7257101622  pop=100
# p=4 gen  5: best_d64=0.7257101622  pop=100
# p=4 gen  5: best_d64=0.7257101622  pop=-1
3,7,4,0.725710162242,21535,10.6,6.043691762566224;2.7384990522395776;5.834445413792251;3.648538499045253,2.760180269925901;0.30254937731339515;1.818417975503999;1.4239129442490803
# p=5 gen  1: best_d64=0.7305386523  pop=100
# p=5 gen  2: best_d64=0.7305386523  pop=100
# p=5 gen  3: best_d64=0.7403936123  pop=100
# p=5 gen  4: best_d64=0.7403974581  pop=100
# p=5 gen  5: best_d64=0.7403974581  pop=100
# p=5 gen  6: best_d64=0.7403974581  pop=100
# p=5 gen  7: best_d64=0.7403974581  pop=100
# p=5 gen  7: best_d64=0.7403974581  pop=-1
3,7,5,0.740397458097,30627,71.5,3.3621486957198887;5.90658683884887;2.733232414221867;3.5906927637379615;2.635631440110802,1.955275627161269;0.3107570899492468;1.2982521970389964;1.7981285001996086;3.012290096521656
# p=6 gen  1: best_d64=0.7517459626  pop=100
# p=6 gen  2: best_d64=0.7517459626  pop=100
# p=6 gen  3: best_d64=0.7517459626  pop=100
# p=6 gen  4: best_d64=0.7517459626  pop=100
# p=6 gen  4: best_d64=0.7517459626  pop=-1
3,7,6,0.751745962603,23614,246.4,3.348180391651597;0.3568556044014698;2.757461646331867;0.4079892482826223;5.834904669685364;5.777382314628832,0.38541363556021535;1.8845405243175806;1.2877666418395959;1.3151882897865401;2.9303109061644754;3.0257260876768224
# p=7 gen  1: best_d64=0.7608133673  pop=100
# p=7 gen  2: best_d64=0.7608133673  pop=100
# p=7 gen  3: best_d64=0.7608133673  pop=100
# p=7 gen  4: best_d64=0.7608133673  pop=100
# p=7 gen  4: best_d64=0.7608133673  pop=-1
3,7,7,0.760813367288,24393,1108.3,3.3372805199990445;0.3416975594638734;2.7747834950399;0.38449294623549946;5.87784721751585;5.8350570641496065;5.776996481488028,0.385418381627806;1.885317909942193;1.2835335672045225;1.3018176789617988;2.8991180264820597;2.9437654569980993;3.036342050202096
# p=8 gen  1: best_d64=0.7682466173  pop=100
# p=8 gen  2: best_d64=0.7682466177  pop=100
# p=8 gen  3: best_d64=0.7682466177  pop=100
# p=8 gen  4: best_d64=0.7682466177  pop=100
# p=8 gen  5: best_d64=0.7682466177  pop=100
# p=8 gen  5: best_d64=0.7682466177  pop=-1
3,7,8,0.768246617692,29912,5819.5,3.328523354609617;0.32946422647818596;2.7880189601744694;0.36827555348047447;5.901422665372776;5.880230210027133;5.834344476857688;5.77619634091122,0.3849158596178624;1.8848486407273857;1.2821457673023087;1.2956408712608094;2.8832686209209535;2.9102301087560303;2.9554540839590775;3.045039910946043
# p=9 gen  1: best_d64=0.7744650596  pop=100
# p=9 gen  2: best_d64=0.7744650626  pop=100
# p=9 gen  3: best_d64=0.7744650626  pop=100
# p=9 gen  4: best_d64=0.7744650626  pop=100
# p=9 gen  5: best_d64=0.7744650626  pop=100
# p=9 gen  5: best_d64=0.7744650626  pop=-1
3,7,9,0.774465062569,29976,27786.9,3.321293148396225;0.3192834335488556;2.7986069714515125;0.3561407354402846;5.917486495670802;5.904267880540936;5.881745361105383;5.832925571242406;5.77504809562845,0.3841352066180568;1.8837681140363567;1.2822162953781067;1.29307292740045;2.8752333570986197;2.892171163665486;2.9201397951826675;2.9658045345352093;3.052334273292568
# p=10 gen  1: best_d64=0.7797521834  pop=100
# p=10 gen  2: best_d64=0.7797521897  pop=100
# p=10 gen  3: best_d64=0.7797521897  pop=100
# p=10 gen  4: best_d64=0.7797521897  pop=100
# p=10 gen  5: best_d64=0.7797521897  pop=100
# p=10 gen  5: best_d64=0.7797521897  pop=-1
3,7,10,0.779752189700,29561,132827.9,3.3151847952517843;0.31060237444820005;2.8073905599669096;0.3465667359619074;5.929258187538061;5.920739237428134;5.906402061615217;5.882443800589954;5.831038894807277;5.773681303326632,0.3831958221940806;1.882379954712617;1.2830665566380757;1.292346267932702;2.8714381139533995;2.882321590436663;2.9001827756513348;2.929180030663641;2.9750449087065913;3.0585312851596194
=== QAOA Double64 Swarm ===
Task:  4 / 15
Pair:  k=3, D=7
Node:  swift-c3dnodesetssd-3
CPUs:  28
Start: Wed Apr 15 04:31:02 UTC 2026
Job:   1357786_4

--- Node diagnostics ---
Hostname: swift-c3dnodesetssd-3
Memory:                  total        used        free      shared  buff/cache   available
Mem:           1.4Ti       9.1Gi       1.4Ti       3.3Mi       2.2Gi       1.4Ti
Disk:     10.17.247.218:/nfsshare   25T   15T  9.5T  61% /home
Julia:    /home/stephenjordan_google_com/julia-1.12.5/bin/julia
Git HEAD: 605aa66

Removing stale results/swarm-d64-k3d7.csv
Checking Julia environment...
Environment ready.

Starting swarm_chain_d64.jl with 28 threads at Wed Apr 15 04:31:08 UTC 2026
# swarm-d64 chain: k=3, D=7, p=1-15, pop=100, gens=10, burst=20, seed=42
k,D,p,ctilde,evals,wall_seconds,gamma,beta
# p=1 gen  1: best_d64=0.6295193811  pop=100
# p=1 gen  2: best_d64=0.6295193811  pop=100
# p=1 gen  3: best_d64=0.6295193811  pop=100
# p=1 gen  4: best_d64=0.6295193811  pop=100
# p=1 gen  4: best_d64=0.6295193811  pop=-1
3,7,1,0.629519381067,4584,5.2,2.733858904725481,1.2821940507752825
# p=2 gen  1: best_d64=0.6767253835  pop=100
# p=2 gen  2: best_d64=0.6767253835  pop=100
# p=2 gen  3: best_d64=0.6767253835  pop=100
# p=2 gen  4: best_d64=0.6767253835  pop=100
# p=2 gen  4: best_d64=0.6767253835  pop=-1
3,7,2,0.676725383483,11117,0.8,3.4528856862841972;5.765971673541466,1.2166191440069114;1.361973665680147
# p=3 gen  1: best_d64=0.7059039632  pop=100
# p=3 gen  2: best_d64=0.7059039632  pop=100
# p=3 gen  3: best_d64=0.7059039632  pop=100
# p=3 gen  4: best_d64=0.7059039632  pop=100
# p=3 gen  4: best_d64=0.7059039632  pop=-1
3,7,3,0.705903963232,16082,2.2,3.4085282093470592;0.44562818977284147;2.632673353938303,2.7657183539573498;1.2911418794544518;1.7420279461302288
# p=4 gen  1: best_d64=0.7120270602  pop=100
# p=4 gen  2: best_d64=0.7257101622  pop=100
# p=4 gen  3: best_d64=0.7257101622  pop=100
# p=4 gen  4: best_d64=0.7257101622  pop=100
# p=4 gen  5: best_d64=0.7257101622  pop=100
# p=4 gen  5: best_d64=0.7257101622  pop=-1
3,7,4,0.725710162242,21723,10.5,6.043691762566224;2.7384990522395776;5.834445413792251;3.648538499045253,2.760180269925901;0.30254937731339515;1.818417975503999;1.4239129442490803
# p=5 gen  1: best_d64=0.7305386523  pop=100
# p=5 gen  2: best_d64=0.7305386523  pop=100
# p=5 gen  3: best_d64=0.7403936123  pop=100
# p=5 gen  4: best_d64=0.7403974581  pop=100
# p=5 gen  5: best_d64=0.7403974581  pop=100
# p=5 gen  6: best_d64=0.7403974581  pop=100
# p=5 gen  7: best_d64=0.7403974581  pop=100
# p=5 gen  7: best_d64=0.7403974581  pop=-1
3,7,5,0.740397458097,30578,71.3,3.3621486957198887;5.90658683884887;2.733232414221867;3.5906927637379615;2.635631440110802,1.955275627161269;0.3107570899492468;1.2982521970389964;1.7981285001996086;3.012290096521656
# p=6 gen  1: best_d64=0.7517459626  pop=100
# p=6 gen  2: best_d64=0.7517459626  pop=100
# p=6 gen  3: best_d64=0.7517459626  pop=100
# p=6 gen  4: best_d64=0.7517459626  pop=100
# p=6 gen  4: best_d64=0.7517459626  pop=-1
3,7,6,0.751745962603,23673,246.4,3.348180391651597;0.3568556044014698;2.757461646331867;0.4079892482826223;5.834904669685364;5.777382314628832,0.38541363556021535;1.8845405243175806;1.2877666418395959;1.3151882897865401;2.9303109061644754;3.0257260876768224
# p=7 gen  1: best_d64=0.7608133673  pop=100
# p=7 gen  2: best_d64=0.7608133673  pop=100
# p=7 gen  3: best_d64=0.7608133673  pop=100
# p=7 gen  4: best_d64=0.7608133673  pop=100
# p=7 gen  4: best_d64=0.7608133673  pop=-1
3,7,7,0.760813367288,24450,1113.5,3.3372805199990445;0.3416975594638734;2.7747834950399;0.38449294623549946;5.87784721751585;5.8350570641496065;5.776996481488028,0.385418381627806;1.885317909942193;1.2835335672045225;1.3018176789617988;2.8991180264820597;2.9437654569980993;3.036342050202096
# p=8 gen  1: best_d64=0.7682466173  pop=100
# p=8 gen  2: best_d64=0.7682466177  pop=100
# p=8 gen  3: best_d64=0.7682466177  pop=100
# p=8 gen  4: best_d64=0.7682466177  pop=100
# p=8 gen  5: best_d64=0.7682466177  pop=100
# p=8 gen  5: best_d64=0.7682466177  pop=-1
3,7,8,0.768246617692,29912,5836.3,3.328523354609617;0.32946422647818596;2.7880189601744694;0.36827555348047447;5.901422665372776;5.880230210027133;5.834344476857688;5.77619634091122,0.3849158596178624;1.8848486407273857;1.2821457673023087;1.2956408712608094;2.8832686209209535;2.9102301087560303;2.9554540839590775;3.045039910946043
# p=9 gen  1: best_d64=0.7744650596  pop=100
# p=9 gen  2: best_d64=0.7744650626  pop=100
# p=9 gen  3: best_d64=0.7744650626  pop=100
# p=9 gen  4: best_d64=0.7744650626  pop=100
# p=9 gen  5: best_d64=0.7744650626  pop=100
# p=9 gen  5: best_d64=0.7744650626  pop=-1
3,7,9,0.774465062569,29976,27806.6,3.321293148396225;0.3192834335488556;2.7986069714515125;0.3561407354402846;5.917486495670802;5.904267880540936;5.881745361105383;5.832925571242406;5.77504809562845,0.3841352066180568;1.8837681140363567;1.2822162953781067;1.29307292740045;2.8752333570986197;2.892171163665486;2.9201397951826675;2.9658045345352093;3.052334273292568
# p=10 gen  1: best_d64=0.7797521834  pop=100
# p=10 gen  2: best_d64=0.7797521897  pop=100
# p=10 gen  3: best_d64=0.7797521897  pop=100
# p=10 gen  4: best_d64=0.7797521897  pop=100
# p=10 gen  5: best_d64=0.7797521897  pop=100
# p=10 gen  5: best_d64=0.7797521897  pop=-1
3,7,10,0.779752189700,29561,132596.7,3.3151847952517843;0.31060237444820005;2.8073905599669096;0.3465667359619074;5.929258187538061;5.920739237428134;5.906402061615217;5.882443800589954;5.831038894807277;5.773681303326632,0.3831958221940806;1.882379954712617;1.2830665566380757;1.292346267932702;2.8714381139533995;2.882321590436663;2.9001827756513348;2.929180030663641;2.9750449087065913;3.0585312851596194
# p=11 gen  1: best_d64=0.7843074801  pop=100
# p=11 gen  2: best_d64=0.7843075046  pop=100
# p=11 gen  3: best_d64=0.7843075046  pop=100
=== QAOA Double64 Swarm ===
Task:  4 / 15
Pair:  k=3, D=7
Node:  swift-c3dnodesetssd-3
CPUs:  28
Start: Tue Apr 21 14:12:25 UTC 2026
Job:   1357786_4

--- Node diagnostics ---
Hostname: swift-c3dnodesetssd-3
Memory:                  total        used        free      shared  buff/cache   available
Mem:           1.4Ti       9.2Gi       1.4Ti       3.3Mi       2.4Gi       1.4Ti
Disk:     10.17.247.218:/nfsshare   25T   15T  9.2T  62% /home
Julia:    /home/stephenjordan_google_com/julia-1.12.5/bin/julia
Git HEAD: 7b59647

Removing stale results/swarm-d64-k3d7.csv
Checking Julia environment...
Precompiling packages...
    QaoaXorsat Being precompiled by another machine (hostname: swift-c3dnodesetssd-10, pid: 9762, pidfile: /home/stephenjordan_google_com/.julia/compiled/v1.12/QaoaXorsat/qgVWo_H0iNu.ji.pidfile)
  30890.4 ms  ✓ QaoaXorsat
  1 dependency successfully precompiled in 34 seconds. 52 already precompiled.
Environment ready.

Starting swarm_chain_d64.jl with 28 threads at Tue Apr 21 14:13:16 UTC 2026
# swarm-d64 chain: k=3, D=7, p=1-15, pop=100, gens=10, burst=20, seed=42
k,D,p,ctilde,evals,wall_seconds,gamma,beta
# p=1 gen  1: best_d64=0.6295193811  pop=100
# p=1 gen  2: best_d64=0.6295193811  pop=100
# p=1 gen  3: best_d64=0.6295193811  pop=100
# p=1 gen  4: best_d64=0.6295193811  pop=100
# p=1 gen  4: best_d64=0.6295193811  pop=-1
3,7,1,0.629519381067,4625,5.1,2.733858904725481,1.2821940507752825
# p=2 gen  1: best_d64=0.6767253835  pop=100
# p=2 gen  2: best_d64=0.6767253835  pop=100
# p=2 gen  3: best_d64=0.6767253835  pop=100
# p=2 gen  4: best_d64=0.6767253835  pop=100
# p=2 gen  4: best_d64=0.6767253835  pop=-1
3,7,2,0.676725383483,11118,0.8,3.4528856862841972;5.765971673541466,1.2166191440069114;1.361973665680147
# p=3 gen  1: best_d64=0.7059039632  pop=100
# p=3 gen  2: best_d64=0.7059039632  pop=100
# p=3 gen  3: best_d64=0.7059039632  pop=100
# p=3 gen  4: best_d64=0.7059039632  pop=100
# p=3 gen  4: best_d64=0.7059039632  pop=-1
3,7,3,0.705903963232,16084,1.7,3.4085282093470592;0.44562818977284147;2.632673353938303,2.7657183539573498;1.2911418794544518;1.7420279461302288
# p=4 gen  1: best_d64=0.7120270602  pop=100
# p=4 gen  2: best_d64=0.7257101622  pop=100
# p=4 gen  3: best_d64=0.7257101622  pop=100
# p=4 gen  4: best_d64=0.7257101622  pop=100
# p=4 gen  5: best_d64=0.7257101622  pop=100
# p=4 gen  5: best_d64=0.7257101622  pop=-1
3,7,4,0.725710162242,21874,7.2,6.043691762566224;2.7384990522395776;5.834445413792251;3.648538499045253,2.760180269925901;0.30254937731339515;1.818417975503999;1.4239129442490803
# p=5 gen  1: best_d64=0.7305386523  pop=100
# p=5 gen  2: best_d64=0.7305386523  pop=100
# p=5 gen  3: best_d64=0.7403936123  pop=100
# p=5 gen  4: best_d64=0.7403974581  pop=100
# p=5 gen  5: best_d64=0.7403974581  pop=100
# p=5 gen  6: best_d64=0.7403974581  pop=100
# p=5 gen  7: best_d64=0.7403974581  pop=100
# p=5 gen  7: best_d64=0.7403974581  pop=-1
3,7,5,0.740397458097,30819,46.7,3.3621486957198887;5.90658683884887;2.733232414221867;3.5906927637379615;2.635631440110802,1.955275627161269;0.3107570899492468;1.2982521970389964;1.7981285001996086;3.012290096521656
# p=6 gen  1: best_d64=0.7517459626  pop=100
# p=6 gen  2: best_d64=0.7517459626  pop=100
# p=6 gen  3: best_d64=0.7517459626  pop=100
# p=6 gen  4: best_d64=0.7517459626  pop=100
# p=6 gen  4: best_d64=0.7517459626  pop=-1
3,7,6,0.751745962603,23673,145.1,3.348180391651597;0.3568556044014698;2.757461646331867;0.4079892482826223;5.834904669685364;5.777382314628832,0.38541363556021535;1.8845405243175806;1.2877666418395959;1.3151882897865401;2.9303109061644754;3.0257260876768224
# p=7 gen  1: best_d64=0.7608133673  pop=100
# p=7 gen  2: best_d64=0.7608133673  pop=100
# p=7 gen  3: best_d64=0.7608133673  pop=100
# p=7 gen  4: best_d64=0.7608133673  pop=100
# p=7 gen  4: best_d64=0.7608133673  pop=-1
3,7,7,0.760813367288,24450,655.6,3.3372805199990445;0.3416975594638734;2.7747834950399;0.38449294623549946;5.87784721751585;5.8350570641496065;5.776996481488028,0.385418381627806;1.885317909942193;1.2835335672045225;1.3018176789617988;2.8991180264820597;2.9437654569980993;3.036342050202096
# p=8 gen  1: best_d64=0.7682466173  pop=100
# p=8 gen  2: best_d64=0.7682466177  pop=100
# p=8 gen  3: best_d64=0.7682466177  pop=100
# p=8 gen  4: best_d64=0.7682466177  pop=100
# p=8 gen  5: best_d64=0.7682466177  pop=100
# p=8 gen  5: best_d64=0.7682466177  pop=-1
3,7,8,0.768246617692,29912,3325.4,3.328523354609617;0.32946422647818596;2.7880189601744694;0.36827555348047447;5.901422665372776;5.880230210027133;5.834344476857688;5.77619634091122,0.3849158596178624;1.8848486407273857;1.2821457673023087;1.2956408712608094;2.8832686209209535;2.9102301087560303;2.9554540839590775;3.045039910946043
# p=9 gen  1: best_d64=0.7744650596  pop=100
# p=9 gen  2: best_d64=0.7744650626  pop=100
# p=9 gen  3: best_d64=0.7744650626  pop=100
# p=9 gen  4: best_d64=0.7744650626  pop=100
# p=9 gen  5: best_d64=0.7744650626  pop=100
# p=9 gen  5: best_d64=0.7744650626  pop=-1
3,7,9,0.774465062569,29976,14754.9,3.321293148396225;0.3192834335488556;2.7986069714515125;0.3561407354402846;5.917486495670802;5.904267880540936;5.881745361105383;5.832925571242406;5.77504809562845,0.3841352066180568;1.8837681140363567;1.2822162953781067;1.29307292740045;2.8752333570986197;2.892171163665486;2.9201397951826675;2.9658045345352093;3.052334273292568
=== QAOA Double64 Swarm ===
Task:  4 / 15
Pair:  k=3, D=7
Node:  swift-c3dnodesetssd-3
CPUs:  28
Start: Tue Apr 21 20:55:32 UTC 2026
Job:   1357786_4

--- Node diagnostics ---
Hostname: swift-c3dnodesetssd-3
Memory:                  total        used        free      shared  buff/cache   available
Mem:           1.4Ti       9.2Gi       1.4Ti       3.3Mi       2.5Gi       1.4Ti
Disk:     10.17.247.218:/nfsshare   25T   15T  9.1T  62% /home
Julia:    /home/stephenjordan_google_com/julia-1.12.5/bin/julia
Git HEAD: 7b59647

Removing stale results/swarm-d64-k3d7.csv
Checking Julia environment...
Environment ready.

Starting swarm_chain_d64.jl with 28 threads at Tue Apr 21 20:55:35 UTC 2026
# swarm-d64 chain: k=3, D=7, p=1-15, pop=100, gens=10, burst=20, seed=42
k,D,p,ctilde,evals,wall_seconds,gamma,beta
# p=1 gen  1: best_d64=0.6295193811  pop=100
# p=1 gen  2: best_d64=0.6295193811  pop=100
# p=1 gen  3: best_d64=0.6295193811  pop=100
# p=1 gen  4: best_d64=0.6295193811  pop=100
# p=1 gen  4: best_d64=0.6295193811  pop=-1
3,7,1,0.629519381067,4641,5.1,2.733858904725481,1.2821940507752825
# p=2 gen  1: best_d64=0.6767253835  pop=100
# p=2 gen  2: best_d64=0.6767253835  pop=100
# p=2 gen  3: best_d64=0.6767253835  pop=100
# p=2 gen  4: best_d64=0.6767253835  pop=100
# p=2 gen  4: best_d64=0.6767253835  pop=-1
3,7,2,0.676725383483,11119,0.8,3.4528856862841972;5.765971673541466,1.2166191440069114;1.361973665680147
# p=3 gen  1: best_d64=0.7059039632  pop=100
# p=3 gen  2: best_d64=0.7059039632  pop=100
# p=3 gen  3: best_d64=0.7059039632  pop=100
# p=3 gen  4: best_d64=0.7059039632  pop=100
# p=3 gen  4: best_d64=0.7059039632  pop=-1
3,7,3,0.705903963232,16082,1.7,3.4085282093470592;0.44562818977284147;2.632673353938303,2.7657183539573498;1.2911418794544518;1.7420279461302288
# p=4 gen  1: best_d64=0.7120270602  pop=100
# p=4 gen  2: best_d64=0.7257101622  pop=100
# p=4 gen  3: best_d64=0.7257101622  pop=100
# p=4 gen  4: best_d64=0.7257101622  pop=100
# p=4 gen  5: best_d64=0.7257101622  pop=100
# p=4 gen  5: best_d64=0.7257101622  pop=-1
3,7,4,0.725710162242,21727,7.3,6.043691762566224;2.7384990522395776;5.834445413792251;3.648538499045253,2.760180269925901;0.30254937731339515;1.818417975503999;1.4239129442490803
# p=5 gen  1: best_d64=0.7305386523  pop=100
# p=5 gen  2: best_d64=0.7305386523  pop=100
# p=5 gen  3: best_d64=0.7403936123  pop=100
# p=5 gen  4: best_d64=0.7403974581  pop=100
# p=5 gen  5: best_d64=0.7403974581  pop=100
# p=5 gen  6: best_d64=0.7403974581  pop=100
# p=5 gen  7: best_d64=0.7403974581  pop=100
# p=5 gen  7: best_d64=0.7403974581  pop=-1
3,7,5,0.740397458097,30819,46.8,3.3621486957198887;5.90658683884887;2.733232414221867;3.5906927637379615;2.635631440110802,1.955275627161269;0.3107570899492468;1.2982521970389964;1.7981285001996086;3.012290096521656
# p=6 gen  1: best_d64=0.7517459626  pop=100
# p=6 gen  2: best_d64=0.7517459626  pop=100
# p=6 gen  3: best_d64=0.7517459626  pop=100
# p=6 gen  4: best_d64=0.7517459626  pop=100
# p=6 gen  4: best_d64=0.7517459626  pop=-1
3,7,6,0.751745962603,23673,145.6,3.348180391651597;0.3568556044014698;2.757461646331867;0.4079892482826223;5.834904669685364;5.777382314628832,0.38541363556021535;1.8845405243175806;1.2877666418395959;1.3151882897865401;2.9303109061644754;3.0257260876768224
# p=7 gen  1: best_d64=0.7608133673  pop=100
# p=7 gen  2: best_d64=0.7608133673  pop=100
# p=7 gen  3: best_d64=0.7608133673  pop=100
=== QAOA Double64 Swarm ===
Task:  4 / 15
Pair:  k=3, D=7
Node:  swift-c3dnodesetssd-3
CPUs:  28
Start: Tue Apr 21 21:14:01 UTC 2026
Job:   1357786_4

--- Node diagnostics ---
Hostname: swift-c3dnodesetssd-3
Memory:                  total        used        free      shared  buff/cache   available
Mem:           1.4Ti       9.1Gi       1.4Ti       3.3Mi       2.2Gi       1.4Ti
Disk:     10.17.247.218:/nfsshare   25T   15T  9.1T  62% /home
Julia:    /home/stephenjordan_google_com/julia-1.12.5/bin/julia
Git HEAD: 7b59647

Removing stale results/swarm-d64-k3d7.csv
Checking Julia environment...
Environment ready.

Starting swarm_chain_d64.jl with 28 threads at Tue Apr 21 21:14:03 UTC 2026
# swarm-d64 chain: k=3, D=7, p=1-15, pop=100, gens=10, burst=20, seed=42
k,D,p,ctilde,evals,wall_seconds,gamma,beta
# p=1 gen  1: best_d64=0.6295193811  pop=100
# p=1 gen  2: best_d64=0.6295193811  pop=100
# p=1 gen  3: best_d64=0.6295193811  pop=100
# p=1 gen  4: best_d64=0.6295193811  pop=100
# p=1 gen  4: best_d64=0.6295193811  pop=-1
3,7,1,0.629519381067,4644,5.1,2.733858904725481,1.2821940507752825
# p=2 gen  1: best_d64=0.6767253835  pop=100
# p=2 gen  2: best_d64=0.6767253835  pop=100
# p=2 gen  3: best_d64=0.6767253835  pop=100
# p=2 gen  4: best_d64=0.6767253835  pop=100
# p=2 gen  4: best_d64=0.6767253835  pop=-1
3,7,2,0.676725383483,11118,0.8,3.4528856862841972;5.765971673541466,1.2166191440069114;1.361973665680147
# p=3 gen  1: best_d64=0.7059039632  pop=100
# p=3 gen  2: best_d64=0.7059039632  pop=100
# p=3 gen  3: best_d64=0.7059039632  pop=100
# p=3 gen  4: best_d64=0.7059039632  pop=100
# p=3 gen  4: best_d64=0.7059039632  pop=-1
3,7,3,0.705903963232,15976,1.7,3.4085282093470592;0.44562818977284147;2.632673353938303,2.7657183539573498;1.2911418794544518;1.7420279461302288
# p=4 gen  1: best_d64=0.7120270602  pop=100
# p=4 gen  2: best_d64=0.7257101622  pop=100
# p=4 gen  3: best_d64=0.7257101622  pop=100
# p=4 gen  4: best_d64=0.7257101622  pop=100
# p=4 gen  5: best_d64=0.7257101622  pop=100
# p=4 gen  5: best_d64=0.7257101622  pop=-1
3,7,4,0.725710162242,21851,7.3,6.043691762566224;2.7384990522395776;5.834445413792251;3.648538499045253,2.760180269925901;0.30254937731339515;1.818417975503999;1.4239129442490803
# p=5 gen  1: best_d64=0.7305386523  pop=100
# p=5 gen  2: best_d64=0.7305386523  pop=100
# p=5 gen  3: best_d64=0.7403936123  pop=100
# p=5 gen  4: best_d64=0.7403974581  pop=100
# p=5 gen  5: best_d64=0.7403974581  pop=100
# p=5 gen  6: best_d64=0.7403974581  pop=100
# p=5 gen  7: best_d64=0.7403974581  pop=100
# p=5 gen  7: best_d64=0.7403974581  pop=-1
3,7,5,0.740397458097,30818,46.6,3.3621486957198887;5.90658683884887;2.733232414221867;3.5906927637379615;2.635631440110802,1.955275627161269;0.3107570899492468;1.2982521970389964;1.7981285001996086;3.012290096521656
# p=6 gen  1: best_d64=0.7517459626  pop=100
# p=6 gen  2: best_d64=0.7517459626  pop=100
# p=6 gen  3: best_d64=0.7517459626  pop=100
# p=6 gen  4: best_d64=0.7517459626  pop=100
# p=6 gen  4: best_d64=0.7517459626  pop=-1
3,7,6,0.751745962603,23673,145.3,3.348180391651597;0.3568556044014698;2.757461646331867;0.4079892482826223;5.834904669685364;5.777382314628832,0.38541363556021535;1.8845405243175806;1.2877666418395959;1.3151882897865401;2.9303109061644754;3.0257260876768224
# p=7 gen  1: best_d64=0.7608133673  pop=100
# p=7 gen  2: best_d64=0.7608133673  pop=100
# p=7 gen  3: best_d64=0.7608133673  pop=100
# p=7 gen  4: best_d64=0.7608133673  pop=100
# p=7 gen  4: best_d64=0.7608133673  pop=-1
3,7,7,0.760813367288,24450,655.1,3.3372805199990445;0.3416975594638734;2.7747834950399;0.38449294623549946;5.87784721751585;5.8350570641496065;5.776996481488028,0.385418381627806;1.885317909942193;1.2835335672045225;1.3018176789617988;2.8991180264820597;2.9437654569980993;3.036342050202096
# p=8 gen  1: best_d64=0.7682466173  pop=100
=== QAOA Double64 Swarm ===
Task:  4 / 15
Pair:  k=3, D=7
Node:  swift-c3dnodesetssd-18
CPUs:  28
Start: Tue Apr 21 21:50:01 UTC 2026
Job:   1357786_4

--- Node diagnostics ---
Hostname: swift-c3dnodesetssd-18
Memory:                  total        used        free      shared  buff/cache   available
Mem:           1.4Ti       9.2Gi       1.4Ti       3.3Mi       2.4Gi       1.4Ti
Disk:     10.17.247.218:/nfsshare   25T   15T  9.1T  62% /home
Julia:    /home/stephenjordan_google_com/julia-1.12.5/bin/julia
Git HEAD: 7b59647

Removing stale results/swarm-d64-k3d7.csv
Checking Julia environment...
Environment ready.

Starting swarm_chain_d64.jl with 28 threads at Tue Apr 21 21:50:04 UTC 2026
# swarm-d64 chain: k=3, D=7, p=1-15, pop=100, gens=10, burst=20, seed=42
k,D,p,ctilde,evals,wall_seconds,gamma,beta
# p=1 gen  1: best_d64=0.6295193811  pop=100
# p=1 gen  2: best_d64=0.6295193811  pop=100
# p=1 gen  3: best_d64=0.6295193811  pop=100
# p=1 gen  4: best_d64=0.6295193811  pop=100
# p=1 gen  4: best_d64=0.6295193811  pop=-1
3,7,1,0.629519381067,4647,5.1,2.733858904725481,1.2821940507752825
# p=2 gen  1: best_d64=0.6767253835  pop=100
# p=2 gen  2: best_d64=0.6767253835  pop=100
# p=2 gen  3: best_d64=0.6767253835  pop=100
# p=2 gen  4: best_d64=0.6767253835  pop=100
# p=2 gen  4: best_d64=0.6767253835  pop=-1
3,7,2,0.676725383483,11118,0.8,3.4528856862841972;5.765971673541466,1.2166191440069114;1.361973665680147
# p=3 gen  1: best_d64=0.7059039632  pop=100
# p=3 gen  2: best_d64=0.7059039632  pop=100
# p=3 gen  3: best_d64=0.7059039632  pop=100
# p=3 gen  4: best_d64=0.7059039632  pop=100
# p=3 gen  4: best_d64=0.7059039632  pop=-1
3,7,3,0.705903963232,16056,1.7,3.4085282093470592;0.44562818977284147;2.632673353938303,2.7657183539573498;1.2911418794544518;1.7420279461302288
# p=4 gen  1: best_d64=0.7120270602  pop=100
# p=4 gen  2: best_d64=0.7257101622  pop=100
# p=4 gen  3: best_d64=0.7257101622  pop=100
# p=4 gen  4: best_d64=0.7257101622  pop=100
# p=4 gen  5: best_d64=0.7257101622  pop=100
# p=4 gen  5: best_d64=0.7257101622  pop=-1
3,7,4,0.725710162242,21944,7.3,6.043691762566224;2.7384990522395776;5.834445413792251;3.648538499045253,2.760180269925901;0.30254937731339515;1.818417975503999;1.4239129442490803
# p=5 gen  1: best_d64=0.7305386523  pop=100
# p=5 gen  2: best_d64=0.7305386523  pop=100
# p=5 gen  3: best_d64=0.7403936123  pop=100
# p=5 gen  4: best_d64=0.7403974581  pop=100
# p=5 gen  5: best_d64=0.7403974581  pop=100
# p=5 gen  6: best_d64=0.7403974581  pop=100
# p=5 gen  7: best_d64=0.7403974581  pop=100
# p=5 gen  7: best_d64=0.7403974581  pop=-1
3,7,5,0.740397458097,30816,46.9,3.3621486957198887;5.90658683884887;2.733232414221867;3.5906927637379615;2.635631440110802,1.955275627161269;0.3107570899492468;1.2982521970389964;1.7981285001996086;3.012290096521656
# p=6 gen  1: best_d64=0.7517459626  pop=100
# p=6 gen  2: best_d64=0.7517459626  pop=100
# p=6 gen  3: best_d64=0.7517459626  pop=100
# p=6 gen  4: best_d64=0.7517459626  pop=100
# p=6 gen  4: best_d64=0.7517459626  pop=-1
3,7,6,0.751745962603,23673,145.2,3.348180391651597;0.3568556044014698;2.757461646331867;0.4079892482826223;5.834904669685364;5.777382314628832,0.38541363556021535;1.8845405243175806;1.2877666418395959;1.3151882897865401;2.9303109061644754;3.0257260876768224
# p=7 gen  1: best_d64=0.7608133673  pop=100
# p=7 gen  2: best_d64=0.7608133673  pop=100
# p=7 gen  3: best_d64=0.7608133673  pop=100
# p=7 gen  4: best_d64=0.7608133673  pop=100
# p=7 gen  4: best_d64=0.7608133673  pop=-1
3,7,7,0.760813367288,24450,658.0,3.3372805199990445;0.3416975594638734;2.7747834950399;0.38449294623549946;5.87784721751585;5.8350570641496065;5.776996481488028,0.385418381627806;1.885317909942193;1.2835335672045225;1.3018176789617988;2.8991180264820597;2.9437654569980993;3.036342050202096
# p=8 gen  1: best_d64=0.7682466173  pop=100
# p=8 gen  2: best_d64=0.7682466177  pop=100
# p=8 gen  3: best_d64=0.7682466177  pop=100
# p=8 gen  4: best_d64=0.7682466177  pop=100
# p=8 gen  5: best_d64=0.7682466177  pop=100
# p=8 gen  5: best_d64=0.7682466177  pop=-1
3,7,8,0.768246617692,29912,3330.3,3.328523354609617;0.32946422647818596;2.7880189601744694;0.36827555348047447;5.901422665372776;5.880230210027133;5.834344476857688;5.77619634091122,0.3849158596178624;1.8848486407273857;1.2821457673023087;1.2956408712608094;2.8832686209209535;2.9102301087560303;2.9554540839590775;3.045039910946043
=== QAOA Double64 Swarm ===
Task:  4 / 15
Pair:  k=3, D=7
Node:  swift-c3dnodesetssd-3
CPUs:  28
Start: Tue Apr 21 23:06:06 UTC 2026
Job:   1357786_4

--- Node diagnostics ---
Hostname: swift-c3dnodesetssd-3
Memory:                  total        used        free      shared  buff/cache   available
Mem:           1.4Ti       9.0Gi       1.4Ti       3.3Mi       2.2Gi       1.4Ti
Disk:     10.17.247.218:/nfsshare   25T   15T  9.1T  62% /home
Julia:    /home/stephenjordan_google_com/julia-1.12.5/bin/julia
Git HEAD: 7b59647

Removing stale results/swarm-d64-k3d7.csv
Checking Julia environment...
Environment ready.

Starting swarm_chain_d64.jl with 28 threads at Tue Apr 21 23:06:08 UTC 2026
# swarm-d64 chain: k=3, D=7, p=1-15, pop=100, gens=10, burst=20, seed=42
k,D,p,ctilde,evals,wall_seconds,gamma,beta
# p=1 gen  1: best_d64=0.6295193811  pop=100
# p=1 gen  2: best_d64=0.6295193811  pop=100
# p=1 gen  3: best_d64=0.6295193811  pop=100
# p=1 gen  4: best_d64=0.6295193811  pop=100
# p=1 gen  4: best_d64=0.6295193811  pop=-1
3,7,1,0.629519381067,4655,5.1,2.733858904725481,1.2821940507752825
# p=2 gen  1: best_d64=0.6767253835  pop=100
# p=2 gen  2: best_d64=0.6767253835  pop=100
# p=2 gen  3: best_d64=0.6767253835  pop=100
# p=2 gen  4: best_d64=0.6767253835  pop=100
# p=2 gen  4: best_d64=0.6767253835  pop=-1
3,7,2,0.676725383483,11120,0.8,3.4528856862841972;5.765971673541466,1.2166191440069114;1.361973665680147
# p=3 gen  1: best_d64=0.7059039632  pop=100
# p=3 gen  2: best_d64=0.7059039632  pop=100
# p=3 gen  3: best_d64=0.7059039632  pop=100
# p=3 gen  4: best_d64=0.7059039632  pop=100
# p=3 gen  4: best_d64=0.7059039632  pop=-1
3,7,3,0.705903963232,16085,1.7,3.4085282093470592;0.44562818977284147;2.632673353938303,2.7657183539573498;1.2911418794544518;1.7420279461302288
# p=4 gen  1: best_d64=0.7120270602  pop=100
# p=4 gen  2: best_d64=0.7257101622  pop=100
# p=4 gen  3: best_d64=0.7257101622  pop=100
# p=4 gen  4: best_d64=0.7257101622  pop=100
# p=4 gen  5: best_d64=0.7257101622  pop=100
# p=4 gen  5: best_d64=0.7257101622  pop=-1
3,7,4,0.725710162242,21787,7.2,6.043691762566224;2.7384990522395776;5.834445413792251;3.648538499045253,2.760180269925901;0.30254937731339515;1.818417975503999;1.4239129442490803
# p=5 gen  1: best_d64=0.7305386523  pop=100
# p=5 gen  2: best_d64=0.7305386523  pop=100
# p=5 gen  3: best_d64=0.7403936123  pop=100
# p=5 gen  4: best_d64=0.7403974581  pop=100
# p=5 gen  5: best_d64=0.7403974581  pop=100
# p=5 gen  6: best_d64=0.7403974581  pop=100
# p=5 gen  7: best_d64=0.7403974581  pop=100
# p=5 gen  7: best_d64=0.7403974581  pop=-1
3,7,5,0.740397458097,30820,46.9,3.3621486957198887;5.90658683884887;2.733232414221867;3.5906927637379615;2.635631440110802,1.955275627161269;0.3107570899492468;1.2982521970389964;1.7981285001996086;3.012290096521656
# p=6 gen  1: best_d64=0.7517459626  pop=100
# p=6 gen  2: best_d64=0.7517459626  pop=100
# p=6 gen  3: best_d64=0.7517459626  pop=100
# p=6 gen  4: best_d64=0.7517459626  pop=100
# p=6 gen  4: best_d64=0.7517459626  pop=-1
3,7,6,0.751745962603,23603,145.5,3.348180391651597;0.3568556044014698;2.757461646331867;0.4079892482826223;5.834904669685364;5.777382314628832,0.38541363556021535;1.8845405243175806;1.2877666418395959;1.3151882897865401;2.9303109061644754;3.0257260876768224
# p=7 gen  1: best_d64=0.7608133673  pop=100
# p=7 gen  2: best_d64=0.7608133673  pop=100
# p=7 gen  3: best_d64=0.7608133673  pop=100
# p=7 gen  4: best_d64=0.7608133673  pop=100
# p=7 gen  4: best_d64=0.7608133673  pop=-1
3,7,7,0.760813367288,24450,657.3,3.3372805199990445;0.3416975594638734;2.7747834950399;0.38449294623549946;5.87784721751585;5.8350570641496065;5.776996481488028,0.385418381627806;1.885317909942193;1.2835335672045225;1.3018176789617988;2.8991180264820597;2.9437654569980993;3.036342050202096
# p=8 gen  1: best_d64=0.7682466173  pop=100
# p=8 gen  2: best_d64=0.7682466177  pop=100
# p=8 gen  3: best_d64=0.7682466177  pop=100
# p=8 gen  4: best_d64=0.7682466177  pop=100
=== QAOA Double64 Swarm ===
Task:  4 / 15
Pair:  k=3, D=7
Node:  swift-c3dnodesetssd-3
CPUs:  28
Start: Wed Apr 22 00:11:37 UTC 2026
Job:   1357786_4

--- Node diagnostics ---
Hostname: swift-c3dnodesetssd-3
Memory:                  total        used        free      shared  buff/cache   available
Mem:           1.4Ti       9.1Gi       1.4Ti       3.3Mi       2.2Gi       1.4Ti
Disk:     10.17.247.218:/nfsshare   25T   15T  9.1T  62% /home
Julia:    /home/stephenjordan_google_com/julia-1.12.5/bin/julia
Git HEAD: 25cb9d9

Removing stale results/swarm-d64-k3d7.csv
Checking Julia environment...
Environment ready.

Starting swarm_chain_d64.jl with 28 threads at Wed Apr 22 00:11:40 UTC 2026
# swarm-d64 chain: k=3, D=7, p=1-15, pop=100, gens=10, burst=20, seed=42
k,D,p,ctilde,evals,wall_seconds,gamma,beta
# p=1 gen  1: best_d64=0.6295193811  pop=100
# p=1 gen  2: best_d64=0.6295193811  pop=100
# p=1 gen  3: best_d64=0.6295193811  pop=100
# p=1 gen  4: best_d64=0.6295193811  pop=100
# p=1 gen  4: best_d64=0.6295193811  pop=-1
3,7,1,0.629519381067,4606,5.1,2.733858904725481,1.2821940507752825
# p=2 gen  1: best_d64=0.6767253835  pop=100
# p=2 gen  2: best_d64=0.6767253835  pop=100
# p=2 gen  3: best_d64=0.6767253835  pop=100
# p=2 gen  4: best_d64=0.6767253835  pop=100
# p=2 gen  4: best_d64=0.6767253835  pop=-1
3,7,2,0.676725383483,11119,0.8,3.4528856862841972;5.765971673541466,1.2166191440069114;1.361973665680147
# p=3 gen  1: best_d64=0.7059039632  pop=100
# p=3 gen  2: best_d64=0.7059039632  pop=100
# p=3 gen  3: best_d64=0.7059039632  pop=100
# p=3 gen  4: best_d64=0.7059039632  pop=100
# p=3 gen  4: best_d64=0.7059039632  pop=-1
3,7,3,0.705903963232,16084,1.7,3.4085282093470592;0.44562818977284147;2.632673353938303,2.7657183539573498;1.2911418794544518;1.7420279461302288
# p=4 gen  1: best_d64=0.7120270602  pop=100
# p=4 gen  2: best_d64=0.7257101622  pop=100
# p=4 gen  3: best_d64=0.7257101622  pop=100
# p=4 gen  4: best_d64=0.7257101622  pop=100
# p=4 gen  5: best_d64=0.7257101622  pop=100
# p=4 gen  5: best_d64=0.7257101622  pop=-1
3,7,4,0.725710162242,21857,7.3,6.043691762566224;2.7384990522395776;5.834445413792251;3.648538499045253,2.760180269925901;0.30254937731339515;1.818417975503999;1.4239129442490803
# p=5 gen  1: best_d64=0.7305386523  pop=100
# p=5 gen  2: best_d64=0.7305386523  pop=100
# p=5 gen  3: best_d64=0.7403936123  pop=100
# p=5 gen  4: best_d64=0.7403974581  pop=100
# p=5 gen  5: best_d64=0.7403974581  pop=100
# p=5 gen  6: best_d64=0.7403974581  pop=100
# p=5 gen  7: best_d64=0.7403974581  pop=100
# p=5 gen  7: best_d64=0.7403974581  pop=-1
3,7,5,0.740397458097,30816,46.8,3.3621486957198887;5.90658683884887;2.733232414221867;3.5906927637379615;2.635631440110802,1.955275627161269;0.3107570899492468;1.2982521970389964;1.7981285001996086;3.012290096521656
# p=6 gen  1: best_d64=0.7517459626  pop=100
# p=6 gen  2: best_d64=0.7517459626  pop=100
# p=6 gen  3: best_d64=0.7517459626  pop=100
# p=6 gen  4: best_d64=0.7517459626  pop=100
# p=6 gen  4: best_d64=0.7517459626  pop=-1
3,7,6,0.751745962603,23616,145.8,3.348180391651597;0.3568556044014698;2.757461646331867;0.4079892482826223;5.834904669685364;5.777382314628832,0.38541363556021535;1.8845405243175806;1.2877666418395959;1.3151882897865401;2.9303109061644754;3.0257260876768224
# p=7 gen  1: best_d64=0.7608133673  pop=100
# p=7 gen  2: best_d64=0.7608133673  pop=100
# p=7 gen  3: best_d64=0.7608133673  pop=100
# p=7 gen  4: best_d64=0.7608133673  pop=100
# p=7 gen  4: best_d64=0.7608133673  pop=-1
3,7,7,0.760813367288,24450,659.1,3.3372805199990445;0.3416975594638734;2.7747834950399;0.38449294623549946;5.87784721751585;5.8350570641496065;5.776996481488028,0.385418381627806;1.885317909942193;1.2835335672045225;1.3018176789617988;2.8991180264820597;2.9437654569980993;3.036342050202096
# p=8 gen  1: best_d64=0.7682466173  pop=100
=== QAOA Double64 Swarm ===
Task:  4 / 15
Pair:  k=3, D=7
Node:  swift-c3dnodesetssd-2
CPUs:  28
Start: Wed Apr 22 00:45:07 UTC 2026
Job:   1357786_4

--- Node diagnostics ---
Hostname: swift-c3dnodesetssd-2
Memory:                  total        used        free      shared  buff/cache   available
Mem:           1.4Ti       9.1Gi       1.4Ti       3.3Mi       2.3Gi       1.4Ti
Disk:     10.17.247.218:/nfsshare   25T   15T  9.1T  62% /home
Julia:    /home/stephenjordan_google_com/julia-1.12.5/bin/julia
Git HEAD: 25cb9d9

Removing stale results/swarm-d64-k3d7.csv
Checking Julia environment...
Environment ready.

Starting swarm_chain_d64.jl with 28 threads at Wed Apr 22 00:45:10 UTC 2026
# swarm-d64 chain: k=3, D=7, p=1-15, pop=100, gens=10, burst=20, seed=42
k,D,p,ctilde,evals,wall_seconds,gamma,beta
# p=1 gen  1: best_d64=0.6295193811  pop=100
# p=1 gen  2: best_d64=0.6295193811  pop=100
# p=1 gen  3: best_d64=0.6295193811  pop=100
# p=1 gen  4: best_d64=0.6295193811  pop=100
# p=1 gen  4: best_d64=0.6295193811  pop=-1
3,7,1,0.629519381067,4587,5.1,2.733858904725481,1.2821940507752825
# p=2 gen  1: best_d64=0.6767253835  pop=100
# p=2 gen  2: best_d64=0.6767253835  pop=100
# p=2 gen  3: best_d64=0.6767253835  pop=100
# p=2 gen  4: best_d64=0.6767253835  pop=100
# p=2 gen  4: best_d64=0.6767253835  pop=-1
3,7,2,0.676725383483,11120,0.8,3.4528856862841972;5.765971673541466,1.2166191440069114;1.361973665680147
# p=3 gen  1: best_d64=0.7059039632  pop=100
# p=3 gen  2: best_d64=0.7059039632  pop=100
# p=3 gen  3: best_d64=0.7059039632  pop=100
# p=3 gen  4: best_d64=0.7059039632  pop=100
# p=3 gen  4: best_d64=0.7059039632  pop=-1
3,7,3,0.705903963232,16083,1.8,3.4085282093470592;0.44562818977284147;2.632673353938303,2.7657183539573498;1.2911418794544518;1.7420279461302288
# p=4 gen  1: best_d64=0.7120270602  pop=100
# p=4 gen  2: best_d64=0.7257101622  pop=100
# p=4 gen  3: best_d64=0.7257101622  pop=100
# p=4 gen  4: best_d64=0.7257101622  pop=100
# p=4 gen  5: best_d64=0.7257101622  pop=100
# p=4 gen  5: best_d64=0.7257101622  pop=-1
3,7,4,0.725710162242,21818,7.4,6.043691762566224;2.7384990522395776;5.834445413792251;3.648538499045253,2.760180269925901;0.30254937731339515;1.818417975503999;1.4239129442490803
# p=5 gen  1: best_d64=0.7305386523  pop=100
# p=5 gen  2: best_d64=0.7305386523  pop=100
# p=5 gen  3: best_d64=0.7403936123  pop=100
# p=5 gen  4: best_d64=0.7403974581  pop=100
# p=5 gen  5: best_d64=0.7403974581  pop=100
# p=5 gen  6: best_d64=0.7403974581  pop=100
# p=5 gen  7: best_d64=0.7403974581  pop=100
# p=5 gen  7: best_d64=0.7403974581  pop=-1
3,7,5,0.740397458097,30819,47.6,3.3621486957198887;5.90658683884887;2.733232414221867;3.5906927637379615;2.635631440110802,1.955275627161269;0.3107570899492468;1.2982521970389964;1.7981285001996086;3.012290096521656
# p=6 gen  1: best_d64=0.7517459626  pop=100
# p=6 gen  2: best_d64=0.7517459626  pop=100
# p=6 gen  3: best_d64=0.7517459626  pop=100
# p=6 gen  4: best_d64=0.7517459626  pop=100
# p=6 gen  4: best_d64=0.7517459626  pop=-1
3,7,6,0.751745962603,23673,147.0,3.348180391651597;0.3568556044014698;2.757461646331867;0.4079892482826223;5.834904669685364;5.777382314628832,0.38541363556021535;1.8845405243175806;1.2877666418395959;1.3151882897865401;2.9303109061644754;3.0257260876768224
# p=7 gen  1: best_d64=0.7608133673  pop=100
# p=7 gen  2: best_d64=0.7608133673  pop=100
# p=7 gen  3: best_d64=0.7608133673  pop=100
# p=7 gen  4: best_d64=0.7608133673  pop=100
# p=7 gen  4: best_d64=0.7608133673  pop=-1
3,7,7,0.760813367288,24450,663.5,3.3372805199990445;0.3416975594638734;2.7747834950399;0.38449294623549946;5.87784721751585;5.8350570641496065;5.776996481488028,0.385418381627806;1.885317909942193;1.2835335672045225;1.3018176789617988;2.8991180264820597;2.9437654569980993;3.036342050202096
# p=8 gen  1: best_d64=0.7682466173  pop=100
# p=8 gen  2: best_d64=0.7682466177  pop=100
=== QAOA Double64 Swarm ===
Task:  4 / 15
Pair:  k=3, D=7
Node:  swift-c3dnodesetssd-3
CPUs:  28
Start: Wed Apr 22 01:33:09 UTC 2026
Job:   1357786_4

--- Node diagnostics ---
Hostname: swift-c3dnodesetssd-3
Memory:                  total        used        free      shared  buff/cache   available
Mem:           1.4Ti       9.1Gi       1.4Ti       3.3Mi       2.2Gi       1.4Ti
Disk:     10.17.247.218:/nfsshare   25T   15T  9.1T  62% /home
Julia:    /home/stephenjordan_google_com/julia-1.12.5/bin/julia
Git HEAD: 25cb9d9

Removing stale results/swarm-d64-k3d7.csv
Checking Julia environment...
Environment ready.

Starting swarm_chain_d64.jl with 28 threads at Wed Apr 22 01:33:12 UTC 2026
# swarm-d64 chain: k=3, D=7, p=1-15, pop=100, gens=10, burst=20, seed=42
k,D,p,ctilde,evals,wall_seconds,gamma,beta
# p=1 gen  1: best_d64=0.6295193811  pop=100
# p=1 gen  2: best_d64=0.6295193811  pop=100
# p=1 gen  3: best_d64=0.6295193811  pop=100
# p=1 gen  4: best_d64=0.6295193811  pop=100
# p=1 gen  4: best_d64=0.6295193811  pop=-1
3,7,1,0.629519381067,4655,5.0,2.733858904725481,1.2821940507752825
# p=2 gen  1: best_d64=0.6767253835  pop=100
# p=2 gen  2: best_d64=0.6767253835  pop=100
# p=2 gen  3: best_d64=0.6767253835  pop=100
# p=2 gen  4: best_d64=0.6767253835  pop=100
# p=2 gen  4: best_d64=0.6767253835  pop=-1
3,7,2,0.676725383483,11120,0.9,3.4528856862841972;5.765971673541466,1.2166191440069114;1.361973665680147
# p=3 gen  1: best_d64=0.7059039632  pop=100
# p=3 gen  2: best_d64=0.7059039632  pop=100
# p=3 gen  3: best_d64=0.7059039632  pop=100
# p=3 gen  4: best_d64=0.7059039632  pop=100
# p=3 gen  4: best_d64=0.7059039632  pop=-1
3,7,3,0.705903963232,16026,1.7,3.4085282093470592;0.44562818977284147;2.632673353938303,2.7657183539573498;1.2911418794544518;1.7420279461302288
# p=4 gen  1: best_d64=0.7120270602  pop=100
# p=4 gen  2: best_d64=0.7257101622  pop=100
# p=4 gen  3: best_d64=0.7257101622  pop=100
# p=4 gen  4: best_d64=0.7257101622  pop=100
# p=4 gen  5: best_d64=0.7257101622  pop=100
# p=4 gen  5: best_d64=0.7257101622  pop=-1
3,7,4,0.725710162242,21842,7.3,6.043691762566224;2.7384990522395776;5.834445413792251;3.648538499045253,2.760180269925901;0.30254937731339515;1.818417975503999;1.4239129442490803
# p=5 gen  1: best_d64=0.7305386523  pop=100
# p=5 gen  2: best_d64=0.7305386523  pop=100
# p=5 gen  3: best_d64=0.7403936123  pop=100
# p=5 gen  4: best_d64=0.7403974581  pop=100
# p=5 gen  5: best_d64=0.7403974581  pop=100
# p=5 gen  6: best_d64=0.7403974581  pop=100
# p=5 gen  7: best_d64=0.7403974581  pop=100
# p=5 gen  7: best_d64=0.7403974581  pop=-1
3,7,5,0.740397458097,30788,47.1,3.3621486957198887;5.90658683884887;2.733232414221867;3.5906927637379615;2.635631440110802,1.955275627161269;0.3107570899492468;1.2982521970389964;1.7981285001996086;3.012290096521656
# p=6 gen  1: best_d64=0.7517459626  pop=100
# p=6 gen  2: best_d64=0.7517459626  pop=100
# p=6 gen  3: best_d64=0.7517459626  pop=100
# p=6 gen  4: best_d64=0.7517459626  pop=100
# p=6 gen  4: best_d64=0.7517459626  pop=-1
3,7,6,0.751745962603,23673,146.1,3.348180391651597;0.3568556044014698;2.757461646331867;0.4079892482826223;5.834904669685364;5.777382314628832,0.38541363556021535;1.8845405243175806;1.2877666418395959;1.3151882897865401;2.9303109061644754;3.0257260876768224
# p=7 gen  1: best_d64=0.7608133673  pop=100
# p=7 gen  2: best_d64=0.7608133673  pop=100
# p=7 gen  3: best_d64=0.7608133673  pop=100
=== QAOA Double64 Swarm ===
Task:  4 / 15
Pair:  k=3, D=7
Node:  swift-c3dnodesetssd-3
CPUs:  28
Start: Wed Apr 22 01:51:09 UTC 2026
Job:   1357786_4

--- Node diagnostics ---
Hostname: swift-c3dnodesetssd-3
Memory:                  total        used        free      shared  buff/cache   available
Mem:           1.4Ti       9.2Gi       1.4Ti       3.3Mi       2.4Gi       1.4Ti
Disk:     10.17.247.218:/nfsshare   25T   15T  9.1T  62% /home
Julia:    /home/stephenjordan_google_com/julia-1.12.5/bin/julia
Git HEAD: 25cb9d9

Removing stale results/swarm-d64-k3d7.csv
Checking Julia environment...
Environment ready.

Starting swarm_chain_d64.jl with 28 threads at Wed Apr 22 01:51:12 UTC 2026
# swarm-d64 chain: k=3, D=7, p=1-15, pop=100, gens=10, burst=20, seed=42
k,D,p,ctilde,evals,wall_seconds,gamma,beta
# p=1 gen  1: best_d64=0.6295193811  pop=100
# p=1 gen  2: best_d64=0.6295193811  pop=100
# p=1 gen  3: best_d64=0.6295193811  pop=100
# p=1 gen  4: best_d64=0.6295193811  pop=100
# p=1 gen  4: best_d64=0.6295193811  pop=-1
3,7,1,0.629519381067,4655,5.1,2.733858904725481,1.2821940507752825
# p=2 gen  1: best_d64=0.6767253835  pop=100
# p=2 gen  2: best_d64=0.6767253835  pop=100
# p=2 gen  3: best_d64=0.6767253835  pop=100
# p=2 gen  4: best_d64=0.6767253835  pop=100
# p=2 gen  4: best_d64=0.6767253835  pop=-1
3,7,2,0.676725383483,11120,0.8,3.4528856862841972;5.765971673541466,1.2166191440069114;1.361973665680147
# p=3 gen  1: best_d64=0.7059039632  pop=100
# p=3 gen  2: best_d64=0.7059039632  pop=100
# p=3 gen  3: best_d64=0.7059039632  pop=100
# p=3 gen  4: best_d64=0.7059039632  pop=100
# p=3 gen  4: best_d64=0.7059039632  pop=-1
3,7,3,0.705903963232,16083,1.7,3.4085282093470592;0.44562818977284147;2.632673353938303,2.7657183539573498;1.2911418794544518;1.7420279461302288
# p=4 gen  1: best_d64=0.7120270602  pop=100
# p=4 gen  2: best_d64=0.7257101622  pop=100
# p=4 gen  3: best_d64=0.7257101622  pop=100
# p=4 gen  4: best_d64=0.7257101622  pop=100
# p=4 gen  5: best_d64=0.7257101622  pop=100
# p=4 gen  5: best_d64=0.7257101622  pop=-1
3,7,4,0.725710162242,21884,7.2,6.043691762566224;2.7384990522395776;5.834445413792251;3.648538499045253,2.760180269925901;0.30254937731339515;1.818417975503999;1.4239129442490803
# p=5 gen  1: best_d64=0.7305386523  pop=100
# p=5 gen  2: best_d64=0.7305386523  pop=100
# p=5 gen  3: best_d64=0.7403936123  pop=100
# p=5 gen  4: best_d64=0.7403974581  pop=100
# p=5 gen  5: best_d64=0.7403974581  pop=100
# p=5 gen  6: best_d64=0.7403974581  pop=100
# p=5 gen  7: best_d64=0.7403974581  pop=100
# p=5 gen  7: best_d64=0.7403974581  pop=-1
3,7,5,0.740397458097,30681,46.7,3.3621486957198887;5.90658683884887;2.733232414221867;3.5906927637379615;2.635631440110802,1.955275627161269;0.3107570899492468;1.2982521970389964;1.7981285001996086;3.012290096521656
# p=6 gen  1: best_d64=0.7517459626  pop=100
# p=6 gen  2: best_d64=0.7517459626  pop=100
# p=6 gen  3: best_d64=0.7517459626  pop=100
# p=6 gen  4: best_d64=0.7517459626  pop=100
# p=6 gen  4: best_d64=0.7517459626  pop=-1
3,7,6,0.751745962603,23672,145.0,3.348180391651597;0.3568556044014698;2.757461646331867;0.4079892482826223;5.834904669685364;5.777382314628832,0.38541363556021535;1.8845405243175806;1.2877666418395959;1.3151882897865401;2.9303109061644754;3.0257260876768224
# p=7 gen  1: best_d64=0.7608133673  pop=100
# p=7 gen  2: best_d64=0.7608133673  pop=100
# p=7 gen  3: best_d64=0.7608133673  pop=100
# p=7 gen  4: best_d64=0.7608133673  pop=100
# p=7 gen  4: best_d64=0.7608133673  pop=-1
3,7,7,0.760813367288,24390,655.8,3.3372805199990445;0.3416975594638734;2.7747834950399;0.38449294623549946;5.87784721751585;5.8350570641496065;5.776996481488028,0.385418381627806;1.885317909942193;1.2835335672045225;1.3018176789617988;2.8991180264820597;2.9437654569980993;3.036342050202096
# p=8 gen  1: best_d64=0.7682466173  pop=100
# p=8 gen  2: best_d64=0.7682466177  pop=100
=== QAOA Double64 Swarm ===
Task:  4 / 15
Pair:  k=3, D=7
Node:  swift-c3dnodesetssd-3
CPUs:  28
Start: Wed Apr 22 02:39:39 UTC 2026
Job:   1357786_4

--- Node diagnostics ---
Hostname: swift-c3dnodesetssd-3
Memory:                  total        used        free      shared  buff/cache   available
Mem:           1.4Ti       9.7Gi       1.4Ti       3.3Mi       3.2Gi       1.4Ti
Disk:     10.17.247.218:/nfsshare   25T   15T  9.1T  62% /home
Julia:    /home/stephenjordan_google_com/julia-1.12.5/bin/julia
Git HEAD: 25cb9d9

Removing stale results/swarm-d64-k3d7.csv
Checking Julia environment...
Environment ready.

Starting swarm_chain_d64.jl with 28 threads at Wed Apr 22 02:39:42 UTC 2026
# swarm-d64 chain: k=3, D=7, p=1-15, pop=100, gens=10, burst=20, seed=42
k,D,p,ctilde,evals,wall_seconds,gamma,beta
# p=1 gen  1: best_d64=0.6295193811  pop=100
# p=1 gen  2: best_d64=0.6295193811  pop=100
# p=1 gen  3: best_d64=0.6295193811  pop=100
# p=1 gen  4: best_d64=0.6295193811  pop=100
# p=1 gen  4: best_d64=0.6295193811  pop=-1
3,7,1,0.629519381067,4645,5.0,2.733858904725481,1.2821940507752825
# p=2 gen  1: best_d64=0.6767253835  pop=100
# p=2 gen  2: best_d64=0.6767253835  pop=100
# p=2 gen  3: best_d64=0.6767253835  pop=100
# p=2 gen  4: best_d64=0.6767253835  pop=100
# p=2 gen  4: best_d64=0.6767253835  pop=-1
3,7,2,0.676725383483,11118,0.8,3.4528856862841972;5.765971673541466,1.2166191440069114;1.361973665680147
# p=3 gen  1: best_d64=0.7059039632  pop=100
# p=3 gen  2: best_d64=0.7059039632  pop=100
# p=3 gen  3: best_d64=0.7059039632  pop=100
# p=3 gen  4: best_d64=0.7059039632  pop=100
# p=3 gen  4: best_d64=0.7059039632  pop=-1
3,7,3,0.705903963232,15982,1.7,3.4085282093470592;0.44562818977284147;2.632673353938303,2.7657183539573498;1.2911418794544518;1.7420279461302288
# p=4 gen  1: best_d64=0.7120270602  pop=100
# p=4 gen  2: best_d64=0.7257101622  pop=100
# p=4 gen  3: best_d64=0.7257101622  pop=100
# p=4 gen  4: best_d64=0.7257101622  pop=100
# p=4 gen  5: best_d64=0.7257101622  pop=100
# p=4 gen  5: best_d64=0.7257101622  pop=-1
3,7,4,0.725710162242,21944,7.3,6.043691762566224;2.7384990522395776;5.834445413792251;3.648538499045253,2.760180269925901;0.30254937731339515;1.818417975503999;1.4239129442490803
# p=5 gen  1: best_d64=0.7305386523  pop=100
# p=5 gen  2: best_d64=0.7305386523  pop=100
# p=5 gen  3: best_d64=0.7403936123  pop=100
# p=5 gen  4: best_d64=0.7403974581  pop=100
# p=5 gen  5: best_d64=0.7403974581  pop=100
# p=5 gen  6: best_d64=0.7403974581  pop=100
# p=5 gen  7: best_d64=0.7403974581  pop=100
# p=5 gen  7: best_d64=0.7403974581  pop=-1
3,7,5,0.740397458097,30819,47.2,3.3621486957198887;5.90658683884887;2.733232414221867;3.5906927637379615;2.635631440110802,1.955275627161269;0.3107570899492468;1.2982521970389964;1.7981285001996086;3.012290096521656
# p=6 gen  1: best_d64=0.7517459626  pop=100
# p=6 gen  2: best_d64=0.7517459626  pop=100
# p=6 gen  3: best_d64=0.7517459626  pop=100
# p=6 gen  4: best_d64=0.7517459626  pop=100
# p=6 gen  4: best_d64=0.7517459626  pop=-1
3,7,6,0.751745962603,23673,146.5,3.348180391651597;0.3568556044014698;2.757461646331867;0.4079892482826223;5.834904669685364;5.777382314628832,0.38541363556021535;1.8845405243175806;1.2877666418395959;1.3151882897865401;2.9303109061644754;3.0257260876768224
# p=7 gen  1: best_d64=0.7608133673  pop=100
# p=7 gen  2: best_d64=0.7608133673  pop=100
# p=7 gen  3: best_d64=0.7608133673  pop=100
# p=7 gen  4: best_d64=0.7608133673  pop=100
# p=7 gen  4: best_d64=0.7608133673  pop=-1
3,7,7,0.760813367288,24450,660.0,3.3372805199990445;0.3416975594638734;2.7747834950399;0.38449294623549946;5.87784721751585;5.8350570641496065;5.776996481488028,0.385418381627806;1.885317909942193;1.2835335672045225;1.3018176789617988;2.8991180264820597;2.9437654569980993;3.036342050202096
# p=8 gen  1: best_d64=0.7682466173  pop=100
# p=8 gen  2: best_d64=0.7682466177  pop=100
# p=8 gen  3: best_d64=0.7682466177  pop=100
=== QAOA Double64 Swarm ===
Task:  4 / 15
Pair:  k=3, D=7
Node:  swift-c3dnodesetssd-3
CPUs:  28
Start: Wed Apr 22 03:33:09 UTC 2026
Job:   1357786_4

--- Node diagnostics ---
Hostname: swift-c3dnodesetssd-3
Memory:                  total        used        free      shared  buff/cache   available
Mem:           1.4Ti       9.1Gi       1.4Ti       3.3Mi       2.2Gi       1.4Ti
Disk:     10.17.247.218:/nfsshare   25T   15T  9.1T  62% /home
Julia:    /home/stephenjordan_google_com/julia-1.12.5/bin/julia
Git HEAD: 25cb9d9

Removing stale results/swarm-d64-k3d7.csv
Checking Julia environment...
Environment ready.

Starting swarm_chain_d64.jl with 28 threads at Wed Apr 22 03:33:13 UTC 2026
# swarm-d64 chain: k=3, D=7, p=1-15, pop=100, gens=10, burst=20, seed=42
k,D,p,ctilde,evals,wall_seconds,gamma,beta
# p=1 gen  1: best_d64=0.6295193811  pop=100
# p=1 gen  2: best_d64=0.6295193811  pop=100
# p=1 gen  3: best_d64=0.6295193811  pop=100
# p=1 gen  4: best_d64=0.6295193811  pop=100
# p=1 gen  4: best_d64=0.6295193811  pop=-1
3,7,1,0.629519381067,4637,5.1,2.733858904725481,1.2821940507752825
# p=2 gen  1: best_d64=0.6767253835  pop=100
# p=2 gen  2: best_d64=0.6767253835  pop=100
# p=2 gen  3: best_d64=0.6767253835  pop=100
# p=2 gen  4: best_d64=0.6767253835  pop=100
# p=2 gen  4: best_d64=0.6767253835  pop=-1
3,7,2,0.676725383483,11114,0.8,3.4528856862841972;5.765971673541466,1.2166191440069114;1.361973665680147
# p=3 gen  1: best_d64=0.7059039632  pop=100
# p=3 gen  2: best_d64=0.7059039632  pop=100
# p=3 gen  3: best_d64=0.7059039632  pop=100
# p=3 gen  4: best_d64=0.7059039632  pop=100
# p=3 gen  4: best_d64=0.7059039632  pop=-1
3,7,3,0.705903963232,16083,1.8,3.4085282093470592;0.44562818977284147;2.632673353938303,2.7657183539573498;1.2911418794544518;1.7420279461302288
# p=4 gen  1: best_d64=0.7120270602  pop=100
# p=4 gen  2: best_d64=0.7257101622  pop=100
# p=4 gen  3: best_d64=0.7257101622  pop=100
# p=4 gen  4: best_d64=0.7257101622  pop=100
# p=4 gen  5: best_d64=0.7257101622  pop=100
# p=4 gen  5: best_d64=0.7257101622  pop=-1
3,7,4,0.725710162242,21940,7.2,6.043691762566224;2.7384990522395776;5.834445413792251;3.648538499045253,2.760180269925901;0.30254937731339515;1.818417975503999;1.4239129442490803
# p=5 gen  1: best_d64=0.7305386523  pop=100
# p=5 gen  2: best_d64=0.7305386523  pop=100
# p=5 gen  3: best_d64=0.7403936123  pop=100
# p=5 gen  4: best_d64=0.7403974581  pop=100
# p=5 gen  5: best_d64=0.7403974581  pop=100
# p=5 gen  6: best_d64=0.7403974581  pop=100
# p=5 gen  7: best_d64=0.7403974581  pop=100
# p=5 gen  7: best_d64=0.7403974581  pop=-1
3,7,5,0.740397458097,30820,46.9,3.3621486957198887;5.90658683884887;2.733232414221867;3.5906927637379615;2.635631440110802,1.955275627161269;0.3107570899492468;1.2982521970389964;1.7981285001996086;3.012290096521656
# p=6 gen  1: best_d64=0.7517459626  pop=100
# p=6 gen  2: best_d64=0.7517459626  pop=100
# p=6 gen  3: best_d64=0.7517459626  pop=100
# p=6 gen  4: best_d64=0.7517459626  pop=100
# p=6 gen  4: best_d64=0.7517459626  pop=-1
3,7,6,0.751745962603,23673,145.4,3.348180391651597;0.3568556044014698;2.757461646331867;0.4079892482826223;5.834904669685364;5.777382314628832,0.38541363556021535;1.8845405243175806;1.2877666418395959;1.3151882897865401;2.9303109061644754;3.0257260876768224
# p=7 gen  1: best_d64=0.7608133673  pop=100
# p=7 gen  2: best_d64=0.7608133673  pop=100
# p=7 gen  3: best_d64=0.7608133673  pop=100
# p=7 gen  4: best_d64=0.7608133673  pop=100
# p=7 gen  4: best_d64=0.7608133673  pop=-1
3,7,7,0.760813367288,24450,659.7,3.3372805199990445;0.3416975594638734;2.7747834950399;0.38449294623549946;5.87784721751585;5.8350570641496065;5.776996481488028,0.385418381627806;1.885317909942193;1.2835335672045225;1.3018176789617988;2.8991180264820597;2.9437654569980993;3.036342050202096
# p=8 gen  1: best_d64=0.7682466173  pop=100
# p=8 gen  2: best_d64=0.7682466177  pop=100
=== QAOA Double64 Swarm ===
Task:  4 / 15
Pair:  k=3, D=7
Node:  swift-c3dnodesetssd-5
CPUs:  28
Start: Wed Apr 22 04:25:10 UTC 2026
Job:   1357786_4

--- Node diagnostics ---
Hostname: swift-c3dnodesetssd-5
Memory:                  total        used        free      shared  buff/cache   available
Mem:           1.4Ti       9.1Gi       1.4Ti       3.3Mi       2.2Gi       1.4Ti
Disk:     10.17.247.218:/nfsshare   25T   15T  9.1T  62% /home
Julia:    /home/stephenjordan_google_com/julia-1.12.5/bin/julia
Git HEAD: 25cb9d9

Removing stale results/swarm-d64-k3d7.csv
Checking Julia environment...
Environment ready.

Starting swarm_chain_d64.jl with 28 threads at Wed Apr 22 04:25:14 UTC 2026
# swarm-d64 chain: k=3, D=7, p=1-15, pop=100, gens=10, burst=20, seed=42
k,D,p,ctilde,evals,wall_seconds,gamma,beta
# p=1 gen  1: best_d64=0.6295193811  pop=100
# p=1 gen  2: best_d64=0.6295193811  pop=100
# p=1 gen  3: best_d64=0.6295193811  pop=100
# p=1 gen  4: best_d64=0.6295193811  pop=100
# p=1 gen  4: best_d64=0.6295193811  pop=-1
3,7,1,0.629519381067,4642,5.1,2.733858904725481,1.2821940507752825
# p=2 gen  1: best_d64=0.6767253835  pop=100
# p=2 gen  2: best_d64=0.6767253835  pop=100
# p=2 gen  3: best_d64=0.6767253835  pop=100
# p=2 gen  4: best_d64=0.6767253835  pop=100
# p=2 gen  4: best_d64=0.6767253835  pop=-1
3,7,2,0.676725383483,11119,0.8,3.4528856862841972;5.765971673541466,1.2166191440069114;1.361973665680147
# p=3 gen  1: best_d64=0.7059039632  pop=100
# p=3 gen  2: best_d64=0.7059039632  pop=100
# p=3 gen  3: best_d64=0.7059039632  pop=100
# p=3 gen  4: best_d64=0.7059039632  pop=100
# p=3 gen  4: best_d64=0.7059039632  pop=-1
3,7,3,0.705903963232,16085,1.8,3.4085282093470592;0.44562818977284147;2.632673353938303,2.7657183539573498;1.2911418794544518;1.7420279461302288
# p=4 gen  1: best_d64=0.7120270602  pop=100
# p=4 gen  2: best_d64=0.7257101622  pop=100
# p=4 gen  3: best_d64=0.7257101622  pop=100
# p=4 gen  4: best_d64=0.7257101622  pop=100
# p=4 gen  5: best_d64=0.7257101622  pop=100
# p=4 gen  5: best_d64=0.7257101622  pop=-1
3,7,4,0.725710162242,21943,7.5,6.043691762566224;2.7384990522395776;5.834445413792251;3.648538499045253,2.760180269925901;0.30254937731339515;1.818417975503999;1.4239129442490803
# p=5 gen  1: best_d64=0.7305386523  pop=100
# p=5 gen  2: best_d64=0.7305386523  pop=100
# p=5 gen  3: best_d64=0.7403936123  pop=100
# p=5 gen  4: best_d64=0.7403974581  pop=100
# p=5 gen  5: best_d64=0.7403974581  pop=100
# p=5 gen  6: best_d64=0.7403974581  pop=100
# p=5 gen  7: best_d64=0.7403974581  pop=100
# p=5 gen  7: best_d64=0.7403974581  pop=-1
3,7,5,0.740397458097,30820,48.3,3.3621486957198887;5.90658683884887;2.733232414221867;3.5906927637379615;2.635631440110802,1.955275627161269;0.3107570899492468;1.2982521970389964;1.7981285001996086;3.012290096521656
# p=6 gen  1: best_d64=0.7517459626  pop=100
# p=6 gen  2: best_d64=0.7517459626  pop=100
# p=6 gen  3: best_d64=0.7517459626  pop=100
# p=6 gen  4: best_d64=0.7517459626  pop=100
# p=6 gen  4: best_d64=0.7517459626  pop=-1
3,7,6,0.751745962603,23605,152.8,3.348180391651597;0.3568556044014698;2.757461646331867;0.4079892482826223;5.834904669685364;5.777382314628832,0.38541363556021535;1.8845405243175806;1.2877666418395959;1.3151882897865401;2.9303109061644754;3.0257260876768224
# p=7 gen  1: best_d64=0.7608133673  pop=100
# p=7 gen  2: best_d64=0.7608133673  pop=100
# p=7 gen  3: best_d64=0.7608133673  pop=100
# p=7 gen  4: best_d64=0.7608133673  pop=100
# p=7 gen  4: best_d64=0.7608133673  pop=-1
3,7,7,0.760813367288,24450,659.8,3.3372805199990445;0.3416975594638734;2.7747834950399;0.38449294623549946;5.87784721751585;5.8350570641496065;5.776996481488028,0.385418381627806;1.885317909942193;1.2835335672045225;1.3018176789617988;2.8991180264820597;2.9437654569980993;3.036342050202096
# p=8 gen  1: best_d64=0.7682466173  pop=100
# p=8 gen  2: best_d64=0.7682466177  pop=100
# p=8 gen  3: best_d64=0.7682466177  pop=100
# p=8 gen  4: best_d64=0.7682466177  pop=100
# p=8 gen  5: best_d64=0.7682466177  pop=100
# p=8 gen  5: best_d64=0.7682466177  pop=-1
3,7,8,0.768246617692,29912,3343.6,3.328523354609617;0.32946422647818596;2.7880189601744694;0.36827555348047447;5.901422665372776;5.880230210027133;5.834344476857688;5.77619634091122,0.3849158596178624;1.8848486407273857;1.2821457673023087;1.2956408712608094;2.8832686209209535;2.9102301087560303;2.9554540839590775;3.045039910946043
# p=9 gen  1: best_d64=0.7744650596  pop=100
# p=9 gen  2: best_d64=0.7744650626  pop=100
# p=9 gen  3: best_d64=0.7744650626  pop=100
=== QAOA Double64 Swarm ===
Task:  4 / 15
Pair:  k=3, D=7
Node:  swift-c3dnodesetssd-4
CPUs:  28
Start: Wed Apr 22 08:34:41 UTC 2026
Job:   1357786_4

--- Node diagnostics ---
Hostname: swift-c3dnodesetssd-4
Memory:                  total        used        free      shared  buff/cache   available
Mem:           1.4Ti       9.0Gi       1.4Ti       3.3Mi       2.2Gi       1.4Ti
Disk:     10.17.247.218:/nfsshare   25T   15T  9.1T  62% /home
Julia:    /home/stephenjordan_google_com/julia-1.12.5/bin/julia
Git HEAD: 25cb9d9

Removing stale results/swarm-d64-k3d7.csv
Checking Julia environment...
Environment ready.

Starting swarm_chain_d64.jl with 28 threads at Wed Apr 22 08:34:46 UTC 2026
# swarm-d64 chain: k=3, D=7, p=1-15, pop=100, gens=10, burst=20, seed=42
k,D,p,ctilde,evals,wall_seconds,gamma,beta
# p=1 gen  1: best_d64=0.6295193811  pop=100
# p=1 gen  2: best_d64=0.6295193811  pop=100
# p=1 gen  3: best_d64=0.6295193811  pop=100
# p=1 gen  4: best_d64=0.6295193811  pop=100
# p=1 gen  4: best_d64=0.6295193811  pop=-1
3,7,1,0.629519381067,4652,5.1,2.733858904725481,1.2821940507752825
# p=2 gen  1: best_d64=0.6767253835  pop=100
# p=2 gen  2: best_d64=0.6767253835  pop=100
# p=2 gen  3: best_d64=0.6767253835  pop=100
# p=2 gen  4: best_d64=0.6767253835  pop=100
# p=2 gen  4: best_d64=0.6767253835  pop=-1
3,7,2,0.676725383483,11120,0.8,3.4528856862841972;5.765971673541466,1.2166191440069114;1.361973665680147
# p=3 gen  1: best_d64=0.7059039632  pop=100
# p=3 gen  2: best_d64=0.7059039632  pop=100
# p=3 gen  3: best_d64=0.7059039632  pop=100
# p=3 gen  4: best_d64=0.7059039632  pop=100
# p=3 gen  4: best_d64=0.7059039632  pop=-1
3,7,3,0.705903963232,16055,1.7,3.4085282093470592;0.44562818977284147;2.632673353938303,2.7657183539573498;1.2911418794544518;1.7420279461302288
# p=4 gen  1: best_d64=0.7120270602  pop=100
# p=4 gen  2: best_d64=0.7257101622  pop=100
# p=4 gen  3: best_d64=0.7257101622  pop=100
# p=4 gen  4: best_d64=0.7257101622  pop=100
# p=4 gen  5: best_d64=0.7257101622  pop=100
# p=4 gen  5: best_d64=0.7257101622  pop=-1
3,7,4,0.725710162242,21866,7.2,6.043691762566224;2.7384990522395776;5.834445413792251;3.648538499045253,2.760180269925901;0.30254937731339515;1.818417975503999;1.4239129442490803
# p=5 gen  1: best_d64=0.7305386523  pop=100
# p=5 gen  2: best_d64=0.7305386523  pop=100
# p=5 gen  3: best_d64=0.7403936123  pop=100
# p=5 gen  4: best_d64=0.7403974581  pop=100
# p=5 gen  5: best_d64=0.7403974581  pop=100
# p=5 gen  6: best_d64=0.7403974581  pop=100
# p=5 gen  7: best_d64=0.7403974581  pop=100
# p=5 gen  7: best_d64=0.7403974581  pop=-1
3,7,5,0.740397458097,30764,46.6,3.3621486957198887;5.90658683884887;2.733232414221867;3.5906927637379615;2.635631440110802,1.955275627161269;0.3107570899492468;1.2982521970389964;1.7981285001996086;3.012290096521656
# p=6 gen  1: best_d64=0.7517459626  pop=100
# p=6 gen  2: best_d64=0.7517459626  pop=100
# p=6 gen  3: best_d64=0.7517459626  pop=100
# p=6 gen  4: best_d64=0.7517459626  pop=100
# p=6 gen  4: best_d64=0.7517459626  pop=-1
3,7,6,0.751745962603,23617,145.0,3.348180391651597;0.3568556044014698;2.757461646331867;0.4079892482826223;5.834904669685364;5.777382314628832,0.38541363556021535;1.8845405243175806;1.2877666418395959;1.3151882897865401;2.9303109061644754;3.0257260876768224
# p=7 gen  1: best_d64=0.7608133673  pop=100
# p=7 gen  2: best_d64=0.7608133673  pop=100
=== QAOA Double64 Swarm ===
Task:  4 / 15
Pair:  k=3, D=7
Node:  swift-c3dnodesetssd-3
CPUs:  28
Start: Wed Apr 22 08:50:42 UTC 2026
Job:   1357786_4

--- Node diagnostics ---
Hostname: swift-c3dnodesetssd-3
Memory:                  total        used        free      shared  buff/cache   available
Mem:           1.4Ti       9.0Gi       1.4Ti       3.3Mi       2.0Gi       1.4Ti
Disk:     10.17.247.218:/nfsshare   25T   15T  9.1T  62% /home
Julia:    /home/stephenjordan_google_com/julia-1.12.5/bin/julia
Git HEAD: 25cb9d9

Removing stale results/swarm-d64-k3d7.csv
Checking Julia environment...
Environment ready.

Starting swarm_chain_d64.jl with 28 threads at Wed Apr 22 08:50:50 UTC 2026
# swarm-d64 chain: k=3, D=7, p=1-15, pop=100, gens=10, burst=20, seed=42
k,D,p,ctilde,evals,wall_seconds,gamma,beta
# p=1 gen  1: best_d64=0.6295193811  pop=100
# p=1 gen  2: best_d64=0.6295193811  pop=100
# p=1 gen  3: best_d64=0.6295193811  pop=100
# p=1 gen  4: best_d64=0.6295193811  pop=100
# p=1 gen  4: best_d64=0.6295193811  pop=-1
3,7,1,0.629519381067,4635,5.2,2.733858904725481,1.2821940507752825
# p=2 gen  1: best_d64=0.6767253835  pop=100
# p=2 gen  2: best_d64=0.6767253835  pop=100
# p=2 gen  3: best_d64=0.6767253835  pop=100
# p=2 gen  4: best_d64=0.6767253835  pop=100
# p=2 gen  4: best_d64=0.6767253835  pop=-1
3,7,2,0.676725383483,11118,0.9,3.4528856862841972;5.765971673541466,1.2166191440069114;1.361973665680147
# p=3 gen  1: best_d64=0.7059039632  pop=100
# p=3 gen  2: best_d64=0.7059039632  pop=100
# p=3 gen  3: best_d64=0.7059039632  pop=100
# p=3 gen  4: best_d64=0.7059039632  pop=100
# p=3 gen  4: best_d64=0.7059039632  pop=-1
3,7,3,0.705903963232,16083,1.8,3.4085282093470592;0.44562818977284147;2.632673353938303,2.7657183539573498;1.2911418794544518;1.7420279461302288
# p=4 gen  1: best_d64=0.7120270602  pop=100
# p=4 gen  2: best_d64=0.7257101622  pop=100
# p=4 gen  3: best_d64=0.7257101622  pop=100
# p=4 gen  4: best_d64=0.7257101622  pop=100
# p=4 gen  5: best_d64=0.7257101622  pop=100
# p=4 gen  5: best_d64=0.7257101622  pop=-1
3,7,4,0.725710162242,21943,7.3,6.043691762566224;2.7384990522395776;5.834445413792251;3.648538499045253,2.760180269925901;0.30254937731339515;1.818417975503999;1.4239129442490803
# p=5 gen  1: best_d64=0.7305386523  pop=100
# p=5 gen  2: best_d64=0.7305386523  pop=100
# p=5 gen  3: best_d64=0.7403936123  pop=100
# p=5 gen  4: best_d64=0.7403974581  pop=100
# p=5 gen  5: best_d64=0.7403974581  pop=100
# p=5 gen  6: best_d64=0.7403974581  pop=100
# p=5 gen  7: best_d64=0.7403974581  pop=100
# p=5 gen  7: best_d64=0.7403974581  pop=-1
3,7,5,0.740397458097,30698,47.0,3.3621486957198887;5.90658683884887;2.733232414221867;3.5906927637379615;2.635631440110802,1.955275627161269;0.3107570899492468;1.2982521970389964;1.7981285001996086;3.012290096521656
# p=6 gen  1: best_d64=0.7517459626  pop=100
# p=6 gen  2: best_d64=0.7517459626  pop=100
# p=6 gen  3: best_d64=0.7517459626  pop=100
# p=6 gen  4: best_d64=0.7517459626  pop=100
# p=6 gen  4: best_d64=0.7517459626  pop=-1
3,7,6,0.751745962603,23673,145.8,3.348180391651597;0.3568556044014698;2.757461646331867;0.4079892482826223;5.834904669685364;5.777382314628832,0.38541363556021535;1.8845405243175806;1.2877666418395959;1.3151882897865401;2.9303109061644754;3.0257260876768224
# p=7 gen  1: best_d64=0.7608133673  pop=100
# p=7 gen  2: best_d64=0.7608133673  pop=100
# p=7 gen  3: best_d64=0.7608133673  pop=100
# p=7 gen  4: best_d64=0.7608133673  pop=100
# p=7 gen  4: best_d64=0.7608133673  pop=-1
3,7,7,0.760813367288,24450,658.7,3.3372805199990445;0.3416975594638734;2.7747834950399;0.38449294623549946;5.87784721751585;5.8350570641496065;5.776996481488028,0.385418381627806;1.885317909942193;1.2835335672045225;1.3018176789617988;2.8991180264820597;2.9437654569980993;3.036342050202096
# p=8 gen  1: best_d64=0.7682466173  pop=100
# p=8 gen  2: best_d64=0.7682466177  pop=100
# p=8 gen  3: best_d64=0.7682466177  pop=100
# p=8 gen  4: best_d64=0.7682466177  pop=100
# p=8 gen  5: best_d64=0.7682466177  pop=100
# p=8 gen  5: best_d64=0.7682466177  pop=-1
3,7,8,0.768246617692,29912,3325.1,3.328523354609617;0.32946422647818596;2.7880189601744694;0.36827555348047447;5.901422665372776;5.880230210027133;5.834344476857688;5.77619634091122,0.3849158596178624;1.8848486407273857;1.2821457673023087;1.2956408712608094;2.8832686209209535;2.9102301087560303;2.9554540839590775;3.045039910946043
# p=9 gen  1: best_d64=0.7744650596  pop=100
# p=9 gen  2: best_d64=0.7744650626  pop=100
# p=9 gen  3: best_d64=0.7744650626  pop=100
# p=9 gen  4: best_d64=0.7744650626  pop=100
# p=9 gen  5: best_d64=0.7744650626  pop=100
# p=9 gen  5: best_d64=0.7744650626  pop=-1
3,7,9,0.774465062569,29976,14727.8,3.321293148396225;0.3192834335488556;2.7986069714515125;0.3561407354402846;5.917486495670802;5.904267880540936;5.881745361105383;5.832925571242406;5.77504809562845,0.3841352066180568;1.8837681140363567;1.2822162953781067;1.29307292740045;2.8752333570986197;2.892171163665486;2.9201397951826675;2.9658045345352093;3.052334273292568
# p=10 gen  1: best_d64=0.7797521834  pop=100
# p=10 gen  2: best_d64=0.7797521897  pop=100
# p=10 gen  3: best_d64=0.7797521897  pop=100
# p=10 gen  4: best_d64=0.7797521897  pop=100
# p=10 gen  5: best_d64=0.7797521897  pop=100
# p=10 gen  5: best_d64=0.7797521897  pop=-1
3,7,10,0.779752189700,29561,72332.3,3.3151847952517843;0.31060237444820005;2.8073905599669096;0.3465667359619074;5.929258187538061;5.920739237428134;5.906402061615217;5.882443800589954;5.831038894807277;5.773681303326632,0.3831958221940806;1.882379954712617;1.2830665566380757;1.292346267932702;2.8714381139533995;2.882321590436663;2.9001827756513348;2.929180030663641;2.9750449087065913;3.0585312851596194
# p=11 gen  1: best_d64=0.7843074801  pop=100
# p=11 gen  2: best_d64=0.7843075046  pop=100
# p=11 gen  3: best_d64=0.7843075046  pop=100
# p=11 gen  4: best_d64=0.7843075046  pop=100
# p=11 gen  5: best_d64=0.7843075046  pop=100
# p=11 gen  5: best_d64=0.7843075046  pop=-1
3,7,11,0.784307504632,28439,341004.2,3.309935703799742;0.30307385387614916;2.814864634519249;0.33871517906478416;5.938403149302849;5.932519759744316;5.923611613656787;5.907738882214876;5.882463644097405;5.8288620479639235;5.772203513722529,0.382174123845212;1.880841705957916;1.2843241867875987;1.2926731886063627;2.869862182367064;2.8772312347480793;2.8886403684925694;2.9076549059609818;2.9375226537766688;2.9833532302923604;3.063860926767826
/var/spool/slurmd/job1357790/slurm_script: line 124:  8623 Killed                  julia --project=. -t ${SLURM_CPUS_PER_TASK:-28} scripts/swarm_chain_d64.jl $K $D 15 100 10 20 42

Exit code: 137
Done: Mon Apr 27 09:10:44 UTC 2026
FAILED — pushing logs
