=== QAOA Double64 Swarm ===
Task:  9 / 15
Pair:  k=4, D=8
Node:  swift-c3dnodesetssd-20
CPUs:  28
Start: Fri Apr 10 23:52:58 UTC 2026
Job:   1326055_9

--- Node diagnostics ---
Hostname: swift-c3dnodesetssd-20
Memory:                  total        used        free      shared  buff/cache   available
Mem:           1.4Ti       9.1Gi       1.4Ti       3.3Mi       2.4Gi       1.4Ti
Disk:     10.17.247.218:/nfsshare   25T   15T  9.6T  60% /home
Julia:    /home/stephenjordan_google_com/julia-1.12.5/bin/julia
Git HEAD: 411f899

Checking Julia environment...
Environment ready.

Starting swarm_chain_d64.jl with 28 threads at Fri Apr 10 23:53:04 UTC 2026
# swarm-d64 chain: k=4, D=8, p=1-15, pop=100, gens=10, burst=20, seed=42
k,D,p,ctilde,evals,wall_seconds,gamma,beta
# p=1 gen  1: best_d64=0.6291249318  pop=100
# p=1 gen  2: best_d64=0.6291249318  pop=100
# p=1 gen  3: best_d64=0.6291249318  pop=100
# p=1 gen  4: best_d64=0.6291249318  pop=100
# p=1 gen  4: best_d64=0.6291249318  pop=-1
4,8,1,0.629124931820,4737,5.2,2.7457815416768456,1.3361488991550294
# p=2 gen  1: best_d64=0.6773738825  pop=100
# p=2 gen  2: best_d64=0.6773738825  pop=100
# p=2 gen  3: best_d64=0.6773738825  pop=100
# p=2 gen  4: best_d64=0.6773738825  pop=100
# p=2 gen  4: best_d64=0.6773738825  pop=-1
4,8,2,0.677373882496,10250,0.9,0.306077152824493;3.621579302735371,0.27440948476693683;0.17217110763530963
# p=3 gen  1: best_d64=0.7072594747  pop=100
# p=3 gen  2: best_d64=0.7072594747  pop=100
# p=3 gen  3: best_d64=0.7072594747  pop=100
# p=3 gen  4: best_d64=0.7072594747  pop=100
# p=3 gen  4: best_d64=0.7072594747  pop=-1
4,8,3,0.707259474723,15408,2.2,0.2647148935322309;3.557958059118283;3.6077631079060155,0.2840627529040016;0.22042744594072575;0.14372012435817044
# p=4 gen  1: best_d64=0.7277841522  pop=100
# p=4 gen  2: best_d64=0.7277841522  pop=100
# p=4 gen  3: best_d64=0.7277841522  pop=100
# p=4 gen  4: best_d64=0.7277841522  pop=100
# p=4 gen  4: best_d64=0.7277841522  pop=-1
4,8,4,0.727784152166,17681,9.1,3.3815845224659515;0.378664773656572;3.5544138423276035;3.6003277052270772,1.854863730859665;1.8024267841316675;1.7705131659222497;0.12506989007718103
# p=5 gen  1: best_d64=0.7430780611  pop=100
# p=5 gen  2: best_d64=0.7430780611  pop=100
# p=5 gen  3: best_d64=0.7430780611  pop=100
# p=5 gen  4: best_d64=0.7430780611  pop=100
# p=5 gen  4: best_d64=0.7430780611  pop=-1
4,8,5,0.743078061124,18799,45.4,3.364617137811027;0.35573764034318406;3.5199818712974205;3.5492499263568327;3.595244418294372,1.853782346924679;1.8044691256499152;1.7841891966509418;0.18660391425272171;0.11140960058569335
# p=6 gen  1: best_d64=0.7549724796  pop=100
# p=6 gen  2: best_d64=0.7549724796  pop=100
# p=6 gen  3: best_d64=0.7549724796  pop=100
# p=6 gen  4: best_d64=0.7549724796  pop=100
# p=6 gen  4: best_d64=0.7549724796  pop=-1
4,8,6,0.754972479611,20853,228.1,3.3523400380466515;0.3390054505745655;3.499388052719709;3.5147799122335437;3.544027514590966;3.5919590649150885,1.8520535949311476;1.803413674488837;1.7881789713981489;0.2033601450828084;0.17613187034075503;0.10073666683186543
# p=7 gen  1: best_d64=0.7645203559  pop=100
# p=7 gen  2: best_d64=0.7645203559  pop=100
# p=7 gen  3: best_d64=0.7645203559  pop=100
# p=7 gen  4: best_d64=0.7645203559  pop=100
# p=7 gen  4: best_d64=0.7645203559  pop=-1
4,8,7,0.764520355931,20618,974.0,3.3428883723666094;0.3261703694598067;3.484934240271695;3.4949883158495143;3.5082440958361834;3.540253426209964;3.58988239064888,1.850083183254067;1.8014873801970148;1.7882831101528058;0.20961656655682295;0.1957989597637202;0.16706085373675766;0.0921555393897248
# p=8 gen  1: best_d64=0.7723733959  pop=100
# p=8 gen  2: best_d64=0.7723733960  pop=100
# p=8 gen  3: best_d64=0.7723733960  pop=100
# p=8 gen  4: best_d64=0.7723733960  pop=100
# p=8 gen  4: best_d64=0.7723733960  pop=-1
4,8,8,0.772373395985,20372,4431.9,3.3353668275082717;0.31589273657873507;3.4739107101300895;3.4814601489607115;3.488445504169785;3.502733298708786;3.5378172469233817;3.588613623509666,1.8480922098786363;1.7992011038054447;1.786928438071041;0.2111601943100089;0.20421556176886113;0.18927417232818294;0.15894195894090957;0.08506135228029493
# p=9 gen  1: best_d64=0.7789576171  pop=100
# p=9 gen  2: best_d64=0.7789576180  pop=100
# p=9 gen  3: best_d64=0.7789576180  pop=100
# p=9 gen  4: best_d64=0.7789576180  pop=100
# p=9 gen  5: best_d64=0.7789576180  pop=100
# p=9 gen  5: best_d64=0.7789576180  pop=-1
4,8,9,0.778957618041,24348,25269.3,3.329220443569553;0.30740313148838466;3.465128865091389;3.4713731768583256;3.475101377196359;3.482569756062733;3.4984963483108116;3.536491744830979;3.5879695593997174,1.846161602043331;1.796848677507845;1.7850080196068128;0.21065157071498808;0.20715916158126949;0.19971146702939832;0.18327335252751448;0.15154854822073044;0.07904805608293826
# p=10 gen  1: best_d64=0.7845649677  pop=100
# p=10 gen  2: best_d64=0.7845649922  pop=100
# p=10 gen  3: best_d64=0.7845649922  pop=100
# p=10 gen  4: best_d64=0.7845649922  pop=100
# p=10 gen  5: best_d64=0.7845649922  pop=100
# p=10 gen  5: best_d64=0.7845649922  pop=-1
4,8,10,0.784564992229,23297,126564.3,3.324081025147755;0.3002184948209276;3.4578801730574593;3.4634132618291242;3.4653865153475247;3.469037243064381;3.477774283965299;3.495420393389169;3.5360124381100753;3.5878004815483613,1.8443231906147106;1.7945548092237744;1.7828891415689778;0.20926557147596644;0.20757890742221768;0.20399424354686313;0.1955489281692218;0.17759212004751265;0.14475781670777566;0.07386745533393294
=== QAOA Double64 Swarm ===
Task:  9 / 15
Pair:  k=4, D=8
Node:  swift-c3dnodesetssd-8
CPUs:  28
Start: Wed Apr 15 04:30:32 UTC 2026
Job:   1357786_9

--- Node diagnostics ---
Hostname: swift-c3dnodesetssd-8
Memory:                  total        used        free      shared  buff/cache   available
Mem:           1.4Ti       9.1Gi       1.4Ti       3.3Mi       2.2Gi       1.4Ti
Disk:     10.17.247.218:/nfsshare   25T   15T  9.5T  61% /home
Julia:    /home/stephenjordan_google_com/julia-1.12.5/bin/julia
Git HEAD: 605aa66

Removing stale results/swarm-d64-k4d8.csv
Checking Julia environment...
Environment ready.

Starting swarm_chain_d64.jl with 28 threads at Wed Apr 15 04:30:48 UTC 2026
# swarm-d64 chain: k=4, D=8, p=1-15, pop=100, gens=10, burst=20, seed=42
k,D,p,ctilde,evals,wall_seconds,gamma,beta
# p=1 gen  1: best_d64=0.6291249318  pop=100
# p=1 gen  2: best_d64=0.6291249318  pop=100
# p=1 gen  3: best_d64=0.6291249318  pop=100
# p=1 gen  4: best_d64=0.6291249318  pop=100
# p=1 gen  4: best_d64=0.6291249318  pop=-1
4,8,1,0.629124931820,4733,5.4,2.7457815416768456,1.3361488991550294
# p=2 gen  1: best_d64=0.6773738825  pop=100
# p=2 gen  2: best_d64=0.6773738825  pop=100
# p=2 gen  3: best_d64=0.6773738825  pop=100
# p=2 gen  4: best_d64=0.6773738825  pop=100
# p=2 gen  4: best_d64=0.6773738825  pop=-1
4,8,2,0.677373882496,10249,0.9,0.306077152824493;3.621579302735371,0.27440948476693683;0.17217110763530963
# p=3 gen  1: best_d64=0.7072594747  pop=100
# p=3 gen  2: best_d64=0.7072594747  pop=100
# p=3 gen  3: best_d64=0.7072594747  pop=100
# p=3 gen  4: best_d64=0.7072594747  pop=100
# p=3 gen  4: best_d64=0.7072594747  pop=-1
4,8,3,0.707259474723,15494,2.2,0.2647148935322309;3.557958059118283;3.6077631079060155,0.2840627529040016;0.22042744594072575;0.14372012435817044
# p=4 gen  1: best_d64=0.7277841522  pop=100
# p=4 gen  2: best_d64=0.7277841522  pop=100
# p=4 gen  3: best_d64=0.7277841522  pop=100
# p=4 gen  4: best_d64=0.7277841522  pop=100
# p=4 gen  4: best_d64=0.7277841522  pop=-1
4,8,4,0.727784152166,17710,8.9,3.3815845224659515;0.378664773656572;3.5544138423276035;3.6003277052270772,1.854863730859665;1.8024267841316675;1.7705131659222497;0.12506989007718103
# p=5 gen  1: best_d64=0.7430780611  pop=100
# p=5 gen  2: best_d64=0.7430780611  pop=100
# p=5 gen  3: best_d64=0.7430780611  pop=100
# p=5 gen  4: best_d64=0.7430780611  pop=100
# p=5 gen  4: best_d64=0.7430780611  pop=-1
4,8,5,0.743078061124,18508,45.1,3.364617137811027;0.35573764034318406;3.5199818712974205;3.5492499263568327;3.595244418294372,1.853782346924679;1.8044691256499152;1.7841891966509418;0.18660391425272171;0.11140960058569335
# p=6 gen  1: best_d64=0.7549724796  pop=100
# p=6 gen  2: best_d64=0.7549724796  pop=100
# p=6 gen  3: best_d64=0.7549724796  pop=100
# p=6 gen  4: best_d64=0.7549724796  pop=100
# p=6 gen  4: best_d64=0.7549724796  pop=-1
4,8,6,0.754972479611,20776,225.5,3.3523400380466515;0.3390054505745655;3.499388052719709;3.5147799122335437;3.544027514590966;3.5919590649150885,1.8520535949311476;1.803413674488837;1.7881789713981489;0.2033601450828084;0.17613187034075503;0.10073666683186543
# p=7 gen  1: best_d64=0.7645203559  pop=100
# p=7 gen  2: best_d64=0.7645203559  pop=100
# p=7 gen  3: best_d64=0.7645203559  pop=100
# p=7 gen  4: best_d64=0.7645203559  pop=100
# p=7 gen  4: best_d64=0.7645203559  pop=-1
4,8,7,0.764520355931,20618,970.1,3.3428883723666094;0.3261703694598067;3.484934240271695;3.4949883158495143;3.5082440958361834;3.540253426209964;3.58988239064888,1.850083183254067;1.8014873801970148;1.7882831101528058;0.20961656655682295;0.1957989597637202;0.16706085373675766;0.0921555393897248
# p=8 gen  1: best_d64=0.7723733959  pop=100
# p=8 gen  2: best_d64=0.7723733960  pop=100
# p=8 gen  3: best_d64=0.7723733960  pop=100
# p=8 gen  4: best_d64=0.7723733960  pop=100
# p=8 gen  4: best_d64=0.7723733960  pop=-1
4,8,8,0.772373395985,20372,4395.9,3.3353668275082717;0.31589273657873507;3.4739107101300895;3.4814601489607115;3.488445504169785;3.502733298708786;3.5378172469233817;3.588613623509666,1.8480922098786363;1.7992011038054447;1.786928438071041;0.2111601943100089;0.20421556176886113;0.18927417232818294;0.15894195894090957;0.08506135228029493
# p=9 gen  1: best_d64=0.7789576171  pop=100
# p=9 gen  2: best_d64=0.7789576180  pop=100
# p=9 gen  3: best_d64=0.7789576180  pop=100
# p=9 gen  4: best_d64=0.7789576180  pop=100
# p=9 gen  5: best_d64=0.7789576180  pop=100
# p=9 gen  5: best_d64=0.7789576180  pop=-1
4,8,9,0.778957618041,24348,25180.4,3.329220443569553;0.30740313148838466;3.465128865091389;3.4713731768583256;3.475101377196359;3.482569756062733;3.4984963483108116;3.536491744830979;3.5879695593997174,1.846161602043331;1.796848677507845;1.7850080196068128;0.21065157071498808;0.20715916158126949;0.19971146702939832;0.18327335252751448;0.15154854822073044;0.07904805608293826
# p=10 gen  1: best_d64=0.7845649677  pop=100
# p=10 gen  2: best_d64=0.7845649922  pop=100
# p=10 gen  3: best_d64=0.7845649922  pop=100
# p=10 gen  4: best_d64=0.7845649922  pop=100
# p=10 gen  5: best_d64=0.7845649922  pop=100
# p=10 gen  5: best_d64=0.7845649922  pop=-1
4,8,10,0.784564992229,23297,126589.2,3.324081025147755;0.3002184948209276;3.4578801730574593;3.4634132618291242;3.4653865153475247;3.469037243064381;3.477774283965299;3.495420393389169;3.5360124381100753;3.5878004815483613,1.8443231906147106;1.7945548092237744;1.7828891415689778;0.20926557147596644;0.20757890742221768;0.20399424354686313;0.1955489281692218;0.17759212004751265;0.14475781670777566;0.07386745533393294
# p=11 gen  1: best_d64=0.7894023281  pop=100
# p=11 gen  2: best_d64=0.7894023970  pop=100
# p=11 gen  3: best_d64=0.7894023970  pop=100
# p=11 gen  4: best_d64=0.7894023970  pop=100
=== QAOA Double64 Swarm ===
Task:  9 / 15
Pair:  k=4, D=8
Node:  swift-c3dnodesetssd-8
CPUs:  28
Start: Tue Apr 21 14:12:25 UTC 2026
Job:   1357786_9

--- Node diagnostics ---
Hostname: swift-c3dnodesetssd-8
Memory:                  total        used        free      shared  buff/cache   available
Mem:           1.4Ti       9.2Gi       1.4Ti       3.3Mi       2.3Gi       1.4Ti
Disk:     10.17.247.218:/nfsshare   25T   15T  9.2T  62% /home
Julia:    /home/stephenjordan_google_com/julia-1.12.5/bin/julia
Git HEAD: 7b59647

Removing stale results/swarm-d64-k4d8.csv
Checking Julia environment...
Precompiling packages...
    QaoaXorsat Being precompiled by another machine (hostname: swift-c3dnodesetssd-10, pid: 9762, pidfile: /home/stephenjordan_google_com/.julia/compiled/v1.12/QaoaXorsat/qgVWo_H0iNu.ji.pidfile)
 101015.5 ms  ✓ QaoaXorsat
  1 dependency successfully precompiled in 104 seconds. 52 already precompiled.
Environment ready.

Starting swarm_chain_d64.jl with 28 threads at Tue Apr 21 14:14:26 UTC 2026
# swarm-d64 chain: k=4, D=8, p=1-15, pop=100, gens=10, burst=20, seed=42
k,D,p,ctilde,evals,wall_seconds,gamma,beta
# p=1 gen  1: best_d64=0.6291249318  pop=100
# p=1 gen  2: best_d64=0.6291249318  pop=100
# p=1 gen  3: best_d64=0.6291249318  pop=100
# p=1 gen  4: best_d64=0.6291249318  pop=100
# p=1 gen  4: best_d64=0.6291249318  pop=-1
4,8,1,0.629124931820,4736,5.1,2.7457815416768456,1.3361488991550294
# p=2 gen  1: best_d64=0.6773738825  pop=100
# p=2 gen  2: best_d64=0.6773738825  pop=100
# p=2 gen  3: best_d64=0.6773738825  pop=100
# p=2 gen  4: best_d64=0.6773738825  pop=100
# p=2 gen  4: best_d64=0.6773738825  pop=-1
4,8,2,0.677373882496,10249,0.8,0.306077152824493;3.621579302735371,0.27440948476693683;0.17217110763530963
# p=3 gen  1: best_d64=0.7072594747  pop=100
# p=3 gen  2: best_d64=0.7072594747  pop=100
# p=3 gen  3: best_d64=0.7072594747  pop=100
# p=3 gen  4: best_d64=0.7072594747  pop=100
# p=3 gen  4: best_d64=0.7072594747  pop=-1
4,8,3,0.707259474723,15494,1.7,0.2647148935322309;3.557958059118283;3.6077631079060155,0.2840627529040016;0.22042744594072575;0.14372012435817044
# p=4 gen  1: best_d64=0.7277841522  pop=100
# p=4 gen  2: best_d64=0.7277841522  pop=100
# p=4 gen  3: best_d64=0.7277841522  pop=100
# p=4 gen  4: best_d64=0.7277841522  pop=100
# p=4 gen  4: best_d64=0.7277841522  pop=-1
4,8,4,0.727784152166,17812,6.2,3.3815845224659515;0.378664773656572;3.5544138423276035;3.6003277052270772,1.854863730859665;1.8024267841316675;1.7705131659222497;0.12506989007718103
# p=5 gen  1: best_d64=0.7430780611  pop=100
# p=5 gen  2: best_d64=0.7430780611  pop=100
# p=5 gen  3: best_d64=0.7430780611  pop=100
# p=5 gen  4: best_d64=0.7430780611  pop=100
# p=5 gen  4: best_d64=0.7430780611  pop=-1
4,8,5,0.743078061124,18914,29.8,3.364617137811027;0.35573764034318406;3.5199818712974205;3.5492499263568327;3.595244418294372,1.853782346924679;1.8044691256499152;1.7841891966509418;0.18660391425272171;0.11140960058569335
# p=6 gen  1: best_d64=0.7549724796  pop=100
# p=6 gen  2: best_d64=0.7549724796  pop=100
# p=6 gen  3: best_d64=0.7549724796  pop=100
# p=6 gen  4: best_d64=0.7549724796  pop=100
# p=6 gen  4: best_d64=0.7549724796  pop=-1
4,8,6,0.754972479611,20855,137.1,3.3523400380466515;0.3390054505745655;3.499388052719709;3.5147799122335437;3.544027514590966;3.5919590649150885,1.8520535949311476;1.803413674488837;1.7881789713981489;0.2033601450828084;0.17613187034075503;0.10073666683186543
# p=7 gen  1: best_d64=0.7645203559  pop=100
# p=7 gen  2: best_d64=0.7645203559  pop=100
# p=7 gen  3: best_d64=0.7645203559  pop=100
# p=7 gen  4: best_d64=0.7645203559  pop=100
# p=7 gen  4: best_d64=0.7645203559  pop=-1
4,8,7,0.764520355931,20621,583.8,3.3428883723666094;0.3261703694598067;3.484934240271695;3.4949883158495143;3.5082440958361834;3.540253426209964;3.58988239064888,1.850083183254067;1.8014873801970148;1.7882831101528058;0.20961656655682295;0.1957989597637202;0.16706085373675766;0.0921555393897248
# p=8 gen  1: best_d64=0.7723733959  pop=100
# p=8 gen  2: best_d64=0.7723733960  pop=100
# p=8 gen  3: best_d64=0.7723733960  pop=100
# p=8 gen  4: best_d64=0.7723733960  pop=100
# p=8 gen  4: best_d64=0.7723733960  pop=-1
4,8,8,0.772373395985,20363,2688.2,3.3353668275082717;0.31589273657873507;3.4739107101300895;3.4814601489607115;3.488445504169785;3.502733298708786;3.5378172469233817;3.588613623509666,1.8480922098786363;1.7992011038054447;1.786928438071041;0.2111601943100089;0.20421556176886113;0.18927417232818294;0.15894195894090957;0.08506135228029493
# p=9 gen  1: best_d64=0.7789576171  pop=100
# p=9 gen  2: best_d64=0.7789576180  pop=100
# p=9 gen  3: best_d64=0.7789576180  pop=100
# p=9 gen  4: best_d64=0.7789576180  pop=100
# p=9 gen  5: best_d64=0.7789576180  pop=100
# p=9 gen  5: best_d64=0.7789576180  pop=-1
4,8,9,0.778957618041,24376,14437.3,3.329220443569557;0.30740313148841847;3.465128865091411;3.4713731768582967;3.47510137719631;3.4825697560627185;3.4984963483107863;3.536491744830928;3.5879695593996628,1.8461616020432863;1.7968486775078167;1.7850080196068132;0.21065157071507773;0.20715916158128858;0.19971146702936127;0.18327335252747506;0.151548548220726;0.07904805608296545
=== QAOA Double64 Swarm ===
Task:  9 / 15
Pair:  k=4, D=8
Node:  swift-c3dnodesetssd-8
CPUs:  28
Start: Tue Apr 21 21:02:31 UTC 2026
Job:   1357786_9

--- Node diagnostics ---
Hostname: swift-c3dnodesetssd-8
Memory:                  total        used        free      shared  buff/cache   available
Mem:           1.4Ti       9.1Gi       1.4Ti       3.3Mi       2.2Gi       1.4Ti
Disk:     10.17.247.218:/nfsshare   25T   15T  9.1T  62% /home
Julia:    /home/stephenjordan_google_com/julia-1.12.5/bin/julia
Git HEAD: 7b59647

Removing stale results/swarm-d64-k4d8.csv
Checking Julia environment...
Environment ready.

Starting swarm_chain_d64.jl with 28 threads at Tue Apr 21 21:02:33 UTC 2026
# swarm-d64 chain: k=4, D=8, p=1-15, pop=100, gens=10, burst=20, seed=42
k,D,p,ctilde,evals,wall_seconds,gamma,beta
# p=1 gen  1: best_d64=0.6291249318  pop=100
# p=1 gen  2: best_d64=0.6291249318  pop=100
# p=1 gen  3: best_d64=0.6291249318  pop=100
# p=1 gen  4: best_d64=0.6291249318  pop=100
# p=1 gen  4: best_d64=0.6291249318  pop=-1
4,8,1,0.629124931820,4711,5.1,2.7457815416768456,1.3361488991550294
# p=2 gen  1: best_d64=0.6773738825  pop=100
# p=2 gen  2: best_d64=0.6773738825  pop=100
# p=2 gen  3: best_d64=0.6773738825  pop=100
# p=2 gen  4: best_d64=0.6773738825  pop=100
# p=2 gen  4: best_d64=0.6773738825  pop=-1
4,8,2,0.677373882496,10248,0.8,0.306077152824493;3.621579302735371,0.27440948476693683;0.17217110763530963
# p=3 gen  1: best_d64=0.7072594747  pop=100
# p=3 gen  2: best_d64=0.7072594747  pop=100
# p=3 gen  3: best_d64=0.7072594747  pop=100
# p=3 gen  4: best_d64=0.7072594747  pop=100
# p=3 gen  4: best_d64=0.7072594747  pop=-1
4,8,3,0.707259474723,15439,1.7,0.2647148935322309;3.557958059118283;3.6077631079060155,0.2840627529040016;0.22042744594072575;0.14372012435817044
# p=4 gen  1: best_d64=0.7277841522  pop=100
# p=4 gen  2: best_d64=0.7277841522  pop=100
# p=4 gen  3: best_d64=0.7277841522  pop=100
# p=4 gen  4: best_d64=0.7277841522  pop=100
# p=4 gen  4: best_d64=0.7277841522  pop=-1
4,8,4,0.727784152166,17766,6.2,3.3815845224659515;0.378664773656572;3.5544138423276035;3.6003277052270772,1.854863730859665;1.8024267841316675;1.7705131659222497;0.12506989007718103
# p=5 gen  1: best_d64=0.7430780611  pop=100
# p=5 gen  2: best_d64=0.7430780611  pop=100
# p=5 gen  3: best_d64=0.7430780611  pop=100
# p=5 gen  4: best_d64=0.7430780611  pop=100
# p=5 gen  4: best_d64=0.7430780611  pop=-1
4,8,5,0.743078061124,18842,29.8,3.364617137811027;0.35573764034318406;3.5199818712974205;3.5492499263568327;3.595244418294372,1.853782346924679;1.8044691256499152;1.7841891966509418;0.18660391425272171;0.11140960058569335
# p=6 gen  1: best_d64=0.7549724796  pop=100
# p=6 gen  2: best_d64=0.7549724796  pop=100
# p=6 gen  3: best_d64=0.7549724796  pop=100
# p=6 gen  4: best_d64=0.7549724796  pop=100
# p=6 gen  4: best_d64=0.7549724796  pop=-1
4,8,6,0.754972479611,20855,137.2,3.3523400380466515;0.3390054505745655;3.499388052719709;3.5147799122335437;3.544027514590966;3.5919590649150885,1.8520535949311476;1.803413674488837;1.7881789713981489;0.2033601450828084;0.17613187034075503;0.10073666683186543
# p=7 gen  1: best_d64=0.7645203559  pop=100
# p=7 gen  2: best_d64=0.7645203559  pop=100
# p=7 gen  3: best_d64=0.7645203559  pop=100
# p=7 gen  4: best_d64=0.7645203559  pop=100
# p=7 gen  4: best_d64=0.7645203559  pop=-1
4,8,7,0.764520355931,20621,584.1,3.3428883723666094;0.3261703694598067;3.484934240271695;3.4949883158495143;3.5082440958361834;3.540253426209964;3.58988239064888,1.850083183254067;1.8014873801970148;1.7882831101528058;0.20961656655682295;0.1957989597637202;0.16706085373675766;0.0921555393897248
=== QAOA Double64 Swarm ===
Task:  9 / 15
Pair:  k=4, D=8
Node:  swift-c3dnodesetssd-15
CPUs:  28
Start: Tue Apr 21 21:23:31 UTC 2026
Job:   1357786_9

--- Node diagnostics ---
Hostname: swift-c3dnodesetssd-15
Memory:                  total        used        free      shared  buff/cache   available
Mem:           1.4Ti       9.1Gi       1.4Ti       3.3Mi       2.2Gi       1.4Ti
Disk:     10.17.247.218:/nfsshare   25T   15T  9.1T  62% /home
Julia:    /home/stephenjordan_google_com/julia-1.12.5/bin/julia
Git HEAD: 7b59647

Removing stale results/swarm-d64-k4d8.csv
Checking Julia environment...
Environment ready.

Starting swarm_chain_d64.jl with 28 threads at Tue Apr 21 21:23:33 UTC 2026
# swarm-d64 chain: k=4, D=8, p=1-15, pop=100, gens=10, burst=20, seed=42
k,D,p,ctilde,evals,wall_seconds,gamma,beta
# p=1 gen  1: best_d64=0.6291249318  pop=100
# p=1 gen  2: best_d64=0.6291249318  pop=100
# p=1 gen  3: best_d64=0.6291249318  pop=100
# p=1 gen  4: best_d64=0.6291249318  pop=100
# p=1 gen  4: best_d64=0.6291249318  pop=-1
4,8,1,0.629124931820,4734,5.1,2.7457815416768456,1.3361488991550294
# p=2 gen  1: best_d64=0.6773738825  pop=100
# p=2 gen  2: best_d64=0.6773738825  pop=100
# p=2 gen  3: best_d64=0.6773738825  pop=100
# p=2 gen  4: best_d64=0.6773738825  pop=100
# p=2 gen  4: best_d64=0.6773738825  pop=-1
4,8,2,0.677373882496,10249,0.8,0.306077152824493;3.621579302735371,0.27440948476693683;0.17217110763530963
# p=3 gen  1: best_d64=0.7072594747  pop=100
# p=3 gen  2: best_d64=0.7072594747  pop=100
# p=3 gen  3: best_d64=0.7072594747  pop=100
# p=3 gen  4: best_d64=0.7072594747  pop=100
# p=3 gen  4: best_d64=0.7072594747  pop=-1
4,8,3,0.707259474723,15417,1.7,0.2647148935322309;3.557958059118283;3.6077631079060155,0.2840627529040016;0.22042744594072575;0.14372012435817044
# p=4 gen  1: best_d64=0.7277841522  pop=100
# p=4 gen  2: best_d64=0.7277841522  pop=100
# p=4 gen  3: best_d64=0.7277841522  pop=100
# p=4 gen  4: best_d64=0.7277841522  pop=100
# p=4 gen  4: best_d64=0.7277841522  pop=-1
4,8,4,0.727784152166,17813,6.2,3.3815845224659515;0.378664773656572;3.5544138423276035;3.6003277052270772,1.854863730859665;1.8024267841316675;1.7705131659222497;0.12506989007718103
# p=5 gen  1: best_d64=0.7430780611  pop=100
# p=5 gen  2: best_d64=0.7430780611  pop=100
# p=5 gen  3: best_d64=0.7430780611  pop=100
# p=5 gen  4: best_d64=0.7430780611  pop=100
# p=5 gen  4: best_d64=0.7430780611  pop=-1
4,8,5,0.743078061124,18911,29.8,3.364617137811027;0.35573764034318406;3.5199818712974205;3.5492499263568327;3.595244418294372,1.853782346924679;1.8044691256499152;1.7841891966509418;0.18660391425272171;0.11140960058569335
# p=6 gen  1: best_d64=0.7549724796  pop=100
# p=6 gen  2: best_d64=0.7549724796  pop=100
# p=6 gen  3: best_d64=0.7549724796  pop=100
# p=6 gen  4: best_d64=0.7549724796  pop=100
# p=6 gen  4: best_d64=0.7549724796  pop=-1
4,8,6,0.754972479611,20855,137.1,3.3523400380466515;0.3390054505745655;3.499388052719709;3.5147799122335437;3.544027514590966;3.5919590649150885,1.8520535949311476;1.803413674488837;1.7881789713981489;0.2033601450828084;0.17613187034075503;0.10073666683186543
# p=7 gen  1: best_d64=0.7645203559  pop=100
# p=7 gen  2: best_d64=0.7645203559  pop=100
# p=7 gen  3: best_d64=0.7645203559  pop=100
# p=7 gen  4: best_d64=0.7645203559  pop=100
# p=7 gen  4: best_d64=0.7645203559  pop=-1
4,8,7,0.764520355931,20621,582.2,3.3428883723666094;0.3261703694598067;3.484934240271695;3.4949883158495143;3.5082440958361834;3.540253426209964;3.58988239064888,1.850083183254067;1.8014873801970148;1.7882831101528058;0.20961656655682295;0.1957989597637202;0.16706085373675766;0.0921555393897248
# p=8 gen  1: best_d64=0.7723733959  pop=100
# p=8 gen  2: best_d64=0.7723733960  pop=100
# p=8 gen  3: best_d64=0.7723733960  pop=100
# p=8 gen  4: best_d64=0.7723733960  pop=100
# p=8 gen  4: best_d64=0.7723733960  pop=-1
4,8,8,0.772373395985,20363,2665.6,3.3353668275082717;0.31589273657873507;3.4739107101300895;3.4814601489607115;3.488445504169785;3.502733298708786;3.5378172469233817;3.588613623509666,1.8480922098786363;1.7992011038054447;1.786928438071041;0.2111601943100089;0.20421556176886113;0.18927417232818294;0.15894195894090957;0.08506135228029493
=== QAOA Double64 Swarm ===
Task:  9 / 15
Pair:  k=4, D=8
Node:  swift-c3dnodesetssd-8
CPUs:  28
Start: Tue Apr 21 23:05:36 UTC 2026
Job:   1357786_9

--- Node diagnostics ---
Hostname: swift-c3dnodesetssd-8
Memory:                  total        used        free      shared  buff/cache   available
Mem:           1.4Ti       9.0Gi       1.4Ti       3.3Mi       2.2Gi       1.4Ti
Disk:     10.17.247.218:/nfsshare   25T   15T  9.1T  62% /home
Julia:    /home/stephenjordan_google_com/julia-1.12.5/bin/julia
Git HEAD: 7b59647

Removing stale results/swarm-d64-k4d8.csv
Checking Julia environment...
Environment ready.

Starting swarm_chain_d64.jl with 28 threads at Tue Apr 21 23:05:39 UTC 2026
# swarm-d64 chain: k=4, D=8, p=1-15, pop=100, gens=10, burst=20, seed=42
k,D,p,ctilde,evals,wall_seconds,gamma,beta
# p=1 gen  1: best_d64=0.6291249318  pop=100
# p=1 gen  2: best_d64=0.6291249318  pop=100
# p=1 gen  3: best_d64=0.6291249318  pop=100
# p=1 gen  4: best_d64=0.6291249318  pop=100
# p=1 gen  4: best_d64=0.6291249318  pop=-1
4,8,1,0.629124931820,4723,5.1,2.7457815416768456,1.3361488991550294
# p=2 gen  1: best_d64=0.6773738825  pop=100
# p=2 gen  2: best_d64=0.6773738825  pop=100
# p=2 gen  3: best_d64=0.6773738825  pop=100
# p=2 gen  4: best_d64=0.6773738825  pop=100
# p=2 gen  4: best_d64=0.6773738825  pop=-1
4,8,2,0.677373882496,10247,0.8,0.306077152824493;3.621579302735371,0.27440948476693683;0.17217110763530963
# p=3 gen  1: best_d64=0.7072594747  pop=100
# p=3 gen  2: best_d64=0.7072594747  pop=100
# p=3 gen  3: best_d64=0.7072594747  pop=100
# p=3 gen  4: best_d64=0.7072594747  pop=100
# p=3 gen  4: best_d64=0.7072594747  pop=-1
4,8,3,0.707259474723,15494,1.7,0.2647148935322309;3.557958059118283;3.6077631079060155,0.2840627529040016;0.22042744594072575;0.14372012435817044
# p=4 gen  1: best_d64=0.7277841522  pop=100
# p=4 gen  2: best_d64=0.7277841522  pop=100
# p=4 gen  3: best_d64=0.7277841522  pop=100
# p=4 gen  4: best_d64=0.7277841522  pop=100
# p=4 gen  4: best_d64=0.7277841522  pop=-1
4,8,4,0.727784152166,17752,6.2,3.3815845224659515;0.378664773656572;3.5544138423276035;3.6003277052270772,1.854863730859665;1.8024267841316675;1.7705131659222497;0.12506989007718103
# p=5 gen  1: best_d64=0.7430780611  pop=100
# p=5 gen  2: best_d64=0.7430780611  pop=100
# p=5 gen  3: best_d64=0.7430780611  pop=100
# p=5 gen  4: best_d64=0.7430780611  pop=100
# p=5 gen  4: best_d64=0.7430780611  pop=-1
4,8,5,0.743078061124,18866,29.7,3.364617137811027;0.35573764034318406;3.5199818712974205;3.5492499263568327;3.595244418294372,1.853782346924679;1.8044691256499152;1.7841891966509418;0.18660391425272171;0.11140960058569335
# p=6 gen  1: best_d64=0.7549724796  pop=100
# p=6 gen  2: best_d64=0.7549724796  pop=100
# p=6 gen  3: best_d64=0.7549724796  pop=100
# p=6 gen  4: best_d64=0.7549724796  pop=100
# p=6 gen  4: best_d64=0.7549724796  pop=-1
4,8,6,0.754972479611,20855,137.0,3.3523400380466515;0.3390054505745655;3.499388052719709;3.5147799122335437;3.544027514590966;3.5919590649150885,1.8520535949311476;1.803413674488837;1.7881789713981489;0.2033601450828084;0.17613187034075503;0.10073666683186543
# p=7 gen  1: best_d64=0.7645203559  pop=100
# p=7 gen  2: best_d64=0.7645203559  pop=100
# p=7 gen  3: best_d64=0.7645203559  pop=100
# p=7 gen  4: best_d64=0.7645203559  pop=100
# p=7 gen  4: best_d64=0.7645203559  pop=-1
4,8,7,0.764520355931,20621,581.1,3.3428883723666094;0.3261703694598067;3.484934240271695;3.4949883158495143;3.5082440958361834;3.540253426209964;3.58988239064888,1.850083183254067;1.8014873801970148;1.7882831101528058;0.20961656655682295;0.1957989597637202;0.16706085373675766;0.0921555393897248
# p=8 gen  1: best_d64=0.7723733959  pop=100
# p=8 gen  2: best_d64=0.7723733960  pop=100
# p=8 gen  3: best_d64=0.7723733960  pop=100
# p=8 gen  4: best_d64=0.7723733960  pop=100
# p=8 gen  4: best_d64=0.7723733960  pop=-1
4,8,8,0.772373395985,20363,2666.5,3.3353668275082717;0.31589273657873507;3.4739107101300895;3.4814601489607115;3.488445504169785;3.502733298708786;3.5378172469233817;3.588613623509666,1.8480922098786363;1.7992011038054447;1.786928438071041;0.2111601943100089;0.20421556176886113;0.18927417232818294;0.15894195894090957;0.08506135228029493
=== QAOA Double64 Swarm ===
Task:  9 / 15
Pair:  k=4, D=8
Node:  swift-c3dnodesetssd-7
CPUs:  28
Start: Wed Apr 22 00:11:37 UTC 2026
Job:   1357786_9

--- Node diagnostics ---
Hostname: swift-c3dnodesetssd-7
Memory:                  total        used        free      shared  buff/cache   available
Mem:           1.4Ti       9.1Gi       1.4Ti       3.3Mi       2.2Gi       1.4Ti
Disk:     10.17.247.218:/nfsshare   25T   15T  9.1T  62% /home
Julia:    /home/stephenjordan_google_com/julia-1.12.5/bin/julia
Git HEAD: 25cb9d9

Removing stale results/swarm-d64-k4d8.csv
Checking Julia environment...
Environment ready.

Starting swarm_chain_d64.jl with 28 threads at Wed Apr 22 00:11:40 UTC 2026
# swarm-d64 chain: k=4, D=8, p=1-15, pop=100, gens=10, burst=20, seed=42
k,D,p,ctilde,evals,wall_seconds,gamma,beta
# p=1 gen  1: best_d64=0.6291249318  pop=100
# p=1 gen  2: best_d64=0.6291249318  pop=100
# p=1 gen  3: best_d64=0.6291249318  pop=100
# p=1 gen  4: best_d64=0.6291249318  pop=100
# p=1 gen  4: best_d64=0.6291249318  pop=-1
4,8,1,0.629124931820,4707,5.1,2.7457815416768456,1.3361488991550294
# p=2 gen  1: best_d64=0.6773738825  pop=100
# p=2 gen  2: best_d64=0.6773738825  pop=100
# p=2 gen  3: best_d64=0.6773738825  pop=100
# p=2 gen  4: best_d64=0.6773738825  pop=100
# p=2 gen  4: best_d64=0.6773738825  pop=-1
4,8,2,0.677373882496,10251,0.9,0.306077152824493;3.621579302735371,0.27440948476693683;0.17217110763530963
# p=3 gen  1: best_d64=0.7072594747  pop=100
# p=3 gen  2: best_d64=0.7072594747  pop=100
# p=3 gen  3: best_d64=0.7072594747  pop=100
# p=3 gen  4: best_d64=0.7072594747  pop=100
# p=3 gen  4: best_d64=0.7072594747  pop=-1
4,8,3,0.707259474723,15398,1.8,0.2647148935322309;3.557958059118283;3.6077631079060155,0.2840627529040016;0.22042744594072575;0.14372012435817044
# p=4 gen  1: best_d64=0.7277841522  pop=100
# p=4 gen  2: best_d64=0.7277841522  pop=100
# p=4 gen  3: best_d64=0.7277841522  pop=100
# p=4 gen  4: best_d64=0.7277841522  pop=100
# p=4 gen  4: best_d64=0.7277841522  pop=-1
4,8,4,0.727784152166,17810,6.4,3.3815845224659515;0.378664773656572;3.5544138423276035;3.6003277052270772,1.854863730859665;1.8024267841316675;1.7705131659222497;0.12506989007718103
# p=5 gen  1: best_d64=0.7430780611  pop=100
# p=5 gen  2: best_d64=0.7430780611  pop=100
# p=5 gen  3: best_d64=0.7430780611  pop=100
# p=5 gen  4: best_d64=0.7430780611  pop=100
# p=5 gen  4: best_d64=0.7430780611  pop=-1
4,8,5,0.743078061124,18915,30.3,3.364617137811027;0.35573764034318406;3.5199818712974205;3.5492499263568327;3.595244418294372,1.853782346924679;1.8044691256499152;1.7841891966509418;0.18660391425272171;0.11140960058569335
# p=6 gen  1: best_d64=0.7549724796  pop=100
# p=6 gen  2: best_d64=0.7549724796  pop=100
# p=6 gen  3: best_d64=0.7549724796  pop=100
# p=6 gen  4: best_d64=0.7549724796  pop=100
# p=6 gen  4: best_d64=0.7549724796  pop=-1
4,8,6,0.754972479611,20855,137.7,3.3523400380466515;0.3390054505745655;3.499388052719709;3.5147799122335437;3.544027514590966;3.5919590649150885,1.8520535949311476;1.803413674488837;1.7881789713981489;0.2033601450828084;0.17613187034075503;0.10073666683186543
# p=7 gen  1: best_d64=0.7645203559  pop=100
# p=7 gen  2: best_d64=0.7645203559  pop=100
# p=7 gen  3: best_d64=0.7645203559  pop=100
# p=7 gen  4: best_d64=0.7645203559  pop=100
# p=7 gen  4: best_d64=0.7645203559  pop=-1
4,8,7,0.764520355931,20621,582.1,3.3428883723666094;0.3261703694598067;3.484934240271695;3.4949883158495143;3.5082440958361834;3.540253426209964;3.58988239064888,1.850083183254067;1.8014873801970148;1.7882831101528058;0.20961656655682295;0.1957989597637202;0.16706085373675766;0.0921555393897248
# p=8 gen  1: best_d64=0.7723733959  pop=100
=== QAOA Double64 Swarm ===
Task:  9 / 15
Pair:  k=4, D=8
Node:  swift-c3dnodesetssd-6
CPUs:  28
Start: Wed Apr 22 00:45:07 UTC 2026
Job:   1357786_9

--- Node diagnostics ---
Hostname: swift-c3dnodesetssd-6
Memory:                  total        used        free      shared  buff/cache   available
Mem:           1.4Ti       9.1Gi       1.4Ti       3.3Mi       2.2Gi       1.4Ti
Disk:     10.17.247.218:/nfsshare   25T   15T  9.1T  62% /home
Julia:    /home/stephenjordan_google_com/julia-1.12.5/bin/julia
Git HEAD: 25cb9d9

Removing stale results/swarm-d64-k4d8.csv
Checking Julia environment...
Environment ready.

Starting swarm_chain_d64.jl with 28 threads at Wed Apr 22 00:45:10 UTC 2026
# swarm-d64 chain: k=4, D=8, p=1-15, pop=100, gens=10, burst=20, seed=42
k,D,p,ctilde,evals,wall_seconds,gamma,beta
# p=1 gen  1: best_d64=0.6291249318  pop=100
# p=1 gen  2: best_d64=0.6291249318  pop=100
# p=1 gen  3: best_d64=0.6291249318  pop=100
# p=1 gen  4: best_d64=0.6291249318  pop=100
# p=1 gen  4: best_d64=0.6291249318  pop=-1
4,8,1,0.629124931820,4694,5.1,2.7457815416768456,1.3361488991550294
# p=2 gen  1: best_d64=0.6773738825  pop=100
# p=2 gen  2: best_d64=0.6773738825  pop=100
# p=2 gen  3: best_d64=0.6773738825  pop=100
# p=2 gen  4: best_d64=0.6773738825  pop=100
# p=2 gen  4: best_d64=0.6773738825  pop=-1
4,8,2,0.677373882496,10195,0.8,0.306077152824493;3.621579302735371,0.27440948476693683;0.17217110763530963
# p=3 gen  1: best_d64=0.7072594747  pop=100
# p=3 gen  2: best_d64=0.7072594747  pop=100
# p=3 gen  3: best_d64=0.7072594747  pop=100
# p=3 gen  4: best_d64=0.7072594747  pop=100
# p=3 gen  4: best_d64=0.7072594747  pop=-1
4,8,3,0.707259474723,15475,1.7,0.2647148935322309;3.557958059118283;3.6077631079060155,0.2840627529040016;0.22042744594072575;0.14372012435817044
# p=4 gen  1: best_d64=0.7277841522  pop=100
# p=4 gen  2: best_d64=0.7277841522  pop=100
# p=4 gen  3: best_d64=0.7277841522  pop=100
# p=4 gen  4: best_d64=0.7277841522  pop=100
# p=4 gen  4: best_d64=0.7277841522  pop=-1
4,8,4,0.727784152166,17813,6.1,3.3815845224659515;0.378664773656572;3.5544138423276035;3.6003277052270772,1.854863730859665;1.8024267841316675;1.7705131659222497;0.12506989007718103
# p=5 gen  1: best_d64=0.7430780611  pop=100
# p=5 gen  2: best_d64=0.7430780611  pop=100
# p=5 gen  3: best_d64=0.7430780611  pop=100
# p=5 gen  4: best_d64=0.7430780611  pop=100
# p=5 gen  4: best_d64=0.7430780611  pop=-1
4,8,5,0.743078061124,18915,29.7,3.364617137811027;0.35573764034318406;3.5199818712974205;3.5492499263568327;3.595244418294372,1.853782346924679;1.8044691256499152;1.7841891966509418;0.18660391425272171;0.11140960058569335
# p=6 gen  1: best_d64=0.7549724796  pop=100
# p=6 gen  2: best_d64=0.7549724796  pop=100
# p=6 gen  3: best_d64=0.7549724796  pop=100
# p=6 gen  4: best_d64=0.7549724796  pop=100
# p=6 gen  4: best_d64=0.7549724796  pop=-1
4,8,6,0.754972479611,20855,137.3,3.3523400380466515;0.3390054505745655;3.499388052719709;3.5147799122335437;3.544027514590966;3.5919590649150885,1.8520535949311476;1.803413674488837;1.7881789713981489;0.2033601450828084;0.17613187034075503;0.10073666683186543
# p=7 gen  1: best_d64=0.7645203559  pop=100
# p=7 gen  2: best_d64=0.7645203559  pop=100
# p=7 gen  3: best_d64=0.7645203559  pop=100
# p=7 gen  4: best_d64=0.7645203559  pop=100
# p=7 gen  4: best_d64=0.7645203559  pop=-1
4,8,7,0.764520355931,20621,583.3,3.3428883723666094;0.3261703694598067;3.484934240271695;3.4949883158495143;3.5082440958361834;3.540253426209964;3.58988239064888,1.850083183254067;1.8014873801970148;1.7882831101528058;0.20961656655682295;0.1957989597637202;0.16706085373675766;0.0921555393897248
# p=8 gen  1: best_d64=0.7723733959  pop=100
# p=8 gen  2: best_d64=0.7723733960  pop=100
=== QAOA Double64 Swarm ===
Task:  9 / 15
Pair:  k=4, D=8
Node:  swift-c3dnodesetssd-8
CPUs:  28
Start: Wed Apr 22 01:33:09 UTC 2026
Job:   1357786_9

--- Node diagnostics ---
Hostname: swift-c3dnodesetssd-8
Memory:                  total        used        free      shared  buff/cache   available
Mem:           1.4Ti       9.1Gi       1.4Ti       3.3Mi       2.2Gi       1.4Ti
Disk:     10.17.247.218:/nfsshare   25T   15T  9.1T  62% /home
Julia:    /home/stephenjordan_google_com/julia-1.12.5/bin/julia
Git HEAD: 25cb9d9

Removing stale results/swarm-d64-k4d8.csv
Checking Julia environment...
Environment ready.

Starting swarm_chain_d64.jl with 28 threads at Wed Apr 22 01:33:12 UTC 2026
# swarm-d64 chain: k=4, D=8, p=1-15, pop=100, gens=10, burst=20, seed=42
k,D,p,ctilde,evals,wall_seconds,gamma,beta
# p=1 gen  1: best_d64=0.6291249318  pop=100
# p=1 gen  2: best_d64=0.6291249318  pop=100
# p=1 gen  3: best_d64=0.6291249318  pop=100
# p=1 gen  4: best_d64=0.6291249318  pop=100
# p=1 gen  4: best_d64=0.6291249318  pop=-1
4,8,1,0.629124931820,4734,5.1,2.7457815416768456,1.3361488991550294
# p=2 gen  1: best_d64=0.6773738825  pop=100
# p=2 gen  2: best_d64=0.6773738825  pop=100
# p=2 gen  3: best_d64=0.6773738825  pop=100
# p=2 gen  4: best_d64=0.6773738825  pop=100
# p=2 gen  4: best_d64=0.6773738825  pop=-1
4,8,2,0.677373882496,10251,0.8,0.306077152824493;3.621579302735371,0.27440948476693683;0.17217110763530963
# p=3 gen  1: best_d64=0.7072594747  pop=100
# p=3 gen  2: best_d64=0.7072594747  pop=100
# p=3 gen  3: best_d64=0.7072594747  pop=100
# p=3 gen  4: best_d64=0.7072594747  pop=100
# p=3 gen  4: best_d64=0.7072594747  pop=-1
4,8,3,0.707259474723,15401,1.7,0.2647148935322309;3.557958059118283;3.6077631079060155,0.2840627529040016;0.22042744594072575;0.14372012435817044
# p=4 gen  1: best_d64=0.7277841522  pop=100
# p=4 gen  2: best_d64=0.7277841522  pop=100
# p=4 gen  3: best_d64=0.7277841522  pop=100
# p=4 gen  4: best_d64=0.7277841522  pop=100
# p=4 gen  4: best_d64=0.7277841522  pop=-1
4,8,4,0.727784152166,17813,6.2,3.3815845224659515;0.378664773656572;3.5544138423276035;3.6003277052270772,1.854863730859665;1.8024267841316675;1.7705131659222497;0.12506989007718103
# p=5 gen  1: best_d64=0.7430780611  pop=100
# p=5 gen  2: best_d64=0.7430780611  pop=100
# p=5 gen  3: best_d64=0.7430780611  pop=100
# p=5 gen  4: best_d64=0.7430780611  pop=100
# p=5 gen  4: best_d64=0.7430780611  pop=-1
4,8,5,0.743078061124,18914,29.8,3.364617137811027;0.35573764034318406;3.5199818712974205;3.5492499263568327;3.595244418294372,1.853782346924679;1.8044691256499152;1.7841891966509418;0.18660391425272171;0.11140960058569335
# p=6 gen  1: best_d64=0.7549724796  pop=100
# p=6 gen  2: best_d64=0.7549724796  pop=100
# p=6 gen  3: best_d64=0.7549724796  pop=100
# p=6 gen  4: best_d64=0.7549724796  pop=100
# p=6 gen  4: best_d64=0.7549724796  pop=-1
4,8,6,0.754972479611,20855,137.2,3.3523400380466515;0.3390054505745655;3.499388052719709;3.5147799122335437;3.544027514590966;3.5919590649150885,1.8520535949311476;1.803413674488837;1.7881789713981489;0.2033601450828084;0.17613187034075503;0.10073666683186543
# p=7 gen  1: best_d64=0.7645203559  pop=100
# p=7 gen  2: best_d64=0.7645203559  pop=100
# p=7 gen  3: best_d64=0.7645203559  pop=100
# p=7 gen  4: best_d64=0.7645203559  pop=100
# p=7 gen  4: best_d64=0.7645203559  pop=-1
4,8,7,0.764520355931,20621,582.9,3.3428883723666094;0.3261703694598067;3.484934240271695;3.4949883158495143;3.5082440958361834;3.540253426209964;3.58988239064888,1.850083183254067;1.8014873801970148;1.7882831101528058;0.20961656655682295;0.1957989597637202;0.16706085373675766;0.0921555393897248
=== QAOA Double64 Swarm ===
Task:  9 / 15
Pair:  k=4, D=8
Node:  swift-c3dnodesetssd-8
CPUs:  28
Start: Wed Apr 22 01:52:39 UTC 2026
Job:   1357786_9

--- Node diagnostics ---
Hostname: swift-c3dnodesetssd-8
Memory:                  total        used        free      shared  buff/cache   available
Mem:           1.4Ti       9.1Gi       1.4Ti       3.3Mi       2.3Gi       1.4Ti
Disk:     10.17.247.218:/nfsshare   25T   15T  9.1T  62% /home
Julia:    /home/stephenjordan_google_com/julia-1.12.5/bin/julia
Git HEAD: 25cb9d9

Removing stale results/swarm-d64-k4d8.csv
Checking Julia environment...
Environment ready.

Starting swarm_chain_d64.jl with 28 threads at Wed Apr 22 01:52:44 UTC 2026
# swarm-d64 chain: k=4, D=8, p=1-15, pop=100, gens=10, burst=20, seed=42
k,D,p,ctilde,evals,wall_seconds,gamma,beta
# p=1 gen  1: best_d64=0.6291249318  pop=100
# p=1 gen  2: best_d64=0.6291249318  pop=100
# p=1 gen  3: best_d64=0.6291249318  pop=100
# p=1 gen  4: best_d64=0.6291249318  pop=100
# p=1 gen  4: best_d64=0.6291249318  pop=-1
4,8,1,0.629124931820,4706,5.2,2.7457815416768456,1.3361488991550294
# p=2 gen  1: best_d64=0.6773738825  pop=100
# p=2 gen  2: best_d64=0.6773738825  pop=100
# p=2 gen  3: best_d64=0.6773738825  pop=100
# p=2 gen  4: best_d64=0.6773738825  pop=100
# p=2 gen  4: best_d64=0.6773738825  pop=-1
4,8,2,0.677373882496,10251,0.8,0.306077152824493;3.621579302735371,0.27440948476693683;0.17217110763530963
# p=3 gen  1: best_d64=0.7072594747  pop=100
# p=3 gen  2: best_d64=0.7072594747  pop=100
# p=3 gen  3: best_d64=0.7072594747  pop=100
# p=3 gen  4: best_d64=0.7072594747  pop=100
# p=3 gen  4: best_d64=0.7072594747  pop=-1
4,8,3,0.707259474723,15355,1.7,0.2647148935322309;3.557958059118283;3.6077631079060155,0.2840627529040016;0.22042744594072575;0.14372012435817044
# p=4 gen  1: best_d64=0.7277841522  pop=100
# p=4 gen  2: best_d64=0.7277841522  pop=100
# p=4 gen  3: best_d64=0.7277841522  pop=100
# p=4 gen  4: best_d64=0.7277841522  pop=100
# p=4 gen  4: best_d64=0.7277841522  pop=-1
4,8,4,0.727784152166,17811,6.2,3.3815845224659515;0.378664773656572;3.5544138423276035;3.6003277052270772,1.854863730859665;1.8024267841316675;1.7705131659222497;0.12506989007718103
# p=5 gen  1: best_d64=0.7430780611  pop=100
# p=5 gen  2: best_d64=0.7430780611  pop=100
# p=5 gen  3: best_d64=0.7430780611  pop=100
# p=5 gen  4: best_d64=0.7430780611  pop=100
# p=5 gen  4: best_d64=0.7430780611  pop=-1
4,8,5,0.743078061124,18915,29.8,3.364617137811027;0.35573764034318406;3.5199818712974205;3.5492499263568327;3.595244418294372,1.853782346924679;1.8044691256499152;1.7841891966509418;0.18660391425272171;0.11140960058569335
# p=6 gen  1: best_d64=0.7549724796  pop=100
# p=6 gen  2: best_d64=0.7549724796  pop=100
# p=6 gen  3: best_d64=0.7549724796  pop=100
# p=6 gen  4: best_d64=0.7549724796  pop=100
# p=6 gen  4: best_d64=0.7549724796  pop=-1
4,8,6,0.754972479611,20855,137.0,3.3523400380466515;0.3390054505745655;3.499388052719709;3.5147799122335437;3.544027514590966;3.5919590649150885,1.8520535949311476;1.803413674488837;1.7881789713981489;0.2033601450828084;0.17613187034075503;0.10073666683186543
# p=7 gen  1: best_d64=0.7645203559  pop=100
# p=7 gen  2: best_d64=0.7645203559  pop=100
# p=7 gen  3: best_d64=0.7645203559  pop=100
# p=7 gen  4: best_d64=0.7645203559  pop=100
# p=7 gen  4: best_d64=0.7645203559  pop=-1
4,8,7,0.764520355931,20621,582.7,3.3428883723666094;0.3261703694598067;3.484934240271695;3.4949883158495143;3.5082440958361834;3.540253426209964;3.58988239064888,1.850083183254067;1.8014873801970148;1.7882831101528058;0.20961656655682295;0.1957989597637202;0.16706085373675766;0.0921555393897248
# p=8 gen  1: best_d64=0.7723733959  pop=100
# p=8 gen  2: best_d64=0.7723733960  pop=100
=== QAOA Double64 Swarm ===
Task:  9 / 15
Pair:  k=4, D=8
Node:  swift-c3dnodesetssd-8
CPUs:  28
Start: Wed Apr 22 02:39:39 UTC 2026
Job:   1357786_9

--- Node diagnostics ---
Hostname: swift-c3dnodesetssd-8
Memory:                  total        used        free      shared  buff/cache   available
Mem:           1.4Ti       9.1Gi       1.4Ti       3.3Mi       2.2Gi       1.4Ti
Disk:     10.17.247.218:/nfsshare   25T   15T  9.1T  62% /home
Julia:    /home/stephenjordan_google_com/julia-1.12.5/bin/julia
Git HEAD: 25cb9d9

Removing stale results/swarm-d64-k4d8.csv
Checking Julia environment...
Environment ready.

Starting swarm_chain_d64.jl with 28 threads at Wed Apr 22 02:39:42 UTC 2026
# swarm-d64 chain: k=4, D=8, p=1-15, pop=100, gens=10, burst=20, seed=42
k,D,p,ctilde,evals,wall_seconds,gamma,beta
# p=1 gen  1: best_d64=0.6291249318  pop=100
# p=1 gen  2: best_d64=0.6291249318  pop=100
# p=1 gen  3: best_d64=0.6291249318  pop=100
# p=1 gen  4: best_d64=0.6291249318  pop=100
# p=1 gen  4: best_d64=0.6291249318  pop=-1
4,8,1,0.629124931820,4710,5.1,2.7457815416768456,1.3361488991550294
# p=2 gen  1: best_d64=0.6773738825  pop=100
# p=2 gen  2: best_d64=0.6773738825  pop=100
# p=2 gen  3: best_d64=0.6773738825  pop=100
# p=2 gen  4: best_d64=0.6773738825  pop=100
# p=2 gen  4: best_d64=0.6773738825  pop=-1
4,8,2,0.677373882496,10251,0.8,0.306077152824493;3.621579302735371,0.27440948476693683;0.17217110763530963
# p=3 gen  1: best_d64=0.7072594747  pop=100
# p=3 gen  2: best_d64=0.7072594747  pop=100
# p=3 gen  3: best_d64=0.7072594747  pop=100
# p=3 gen  4: best_d64=0.7072594747  pop=100
# p=3 gen  4: best_d64=0.7072594747  pop=-1
4,8,3,0.707259474723,15428,1.7,0.2647148935322309;3.557958059118283;3.6077631079060155,0.2840627529040016;0.22042744594072575;0.14372012435817044
# p=4 gen  1: best_d64=0.7277841522  pop=100
# p=4 gen  2: best_d64=0.7277841522  pop=100
# p=4 gen  3: best_d64=0.7277841522  pop=100
# p=4 gen  4: best_d64=0.7277841522  pop=100
# p=4 gen  4: best_d64=0.7277841522  pop=-1
4,8,4,0.727784152166,17812,6.2,3.3815845224659515;0.378664773656572;3.5544138423276035;3.6003277052270772,1.854863730859665;1.8024267841316675;1.7705131659222497;0.12506989007718103
# p=5 gen  1: best_d64=0.7430780611  pop=100
# p=5 gen  2: best_d64=0.7430780611  pop=100
# p=5 gen  3: best_d64=0.7430780611  pop=100
# p=5 gen  4: best_d64=0.7430780611  pop=100
# p=5 gen  4: best_d64=0.7430780611  pop=-1
4,8,5,0.743078061124,18915,29.8,3.364617137811027;0.35573764034318406;3.5199818712974205;3.5492499263568327;3.595244418294372,1.853782346924679;1.8044691256499152;1.7841891966509418;0.18660391425272171;0.11140960058569335
# p=6 gen  1: best_d64=0.7549724796  pop=100
# p=6 gen  2: best_d64=0.7549724796  pop=100
# p=6 gen  3: best_d64=0.7549724796  pop=100
# p=6 gen  4: best_d64=0.7549724796  pop=100
# p=6 gen  4: best_d64=0.7549724796  pop=-1
4,8,6,0.754972479611,20855,137.0,3.3523400380466515;0.3390054505745655;3.499388052719709;3.5147799122335437;3.544027514590966;3.5919590649150885,1.8520535949311476;1.803413674488837;1.7881789713981489;0.2033601450828084;0.17613187034075503;0.10073666683186543
# p=7 gen  1: best_d64=0.7645203559  pop=100
# p=7 gen  2: best_d64=0.7645203559  pop=100
# p=7 gen  3: best_d64=0.7645203559  pop=100
# p=7 gen  4: best_d64=0.7645203559  pop=100
# p=7 gen  4: best_d64=0.7645203559  pop=-1
4,8,7,0.764520355931,20621,580.2,3.3428883723666094;0.3261703694598067;3.484934240271695;3.4949883158495143;3.5082440958361834;3.540253426209964;3.58988239064888,1.850083183254067;1.8014873801970148;1.7882831101528058;0.20961656655682295;0.1957989597637202;0.16706085373675766;0.0921555393897248
# p=8 gen  1: best_d64=0.7723733959  pop=100
# p=8 gen  2: best_d64=0.7723733960  pop=100
# p=8 gen  3: best_d64=0.7723733960  pop=100
=== QAOA Double64 Swarm ===
Task:  9 / 15
Pair:  k=4, D=8
Node:  swift-c3dnodesetssd-8
CPUs:  28
Start: Wed Apr 22 03:33:09 UTC 2026
Job:   1357786_9

--- Node diagnostics ---
Hostname: swift-c3dnodesetssd-8
Memory:                  total        used        free      shared  buff/cache   available
Mem:           1.4Ti       9.0Gi       1.4Ti       3.3Mi       2.2Gi       1.4Ti
Disk:     10.17.247.218:/nfsshare   25T   15T  9.1T  62% /home
Julia:    /home/stephenjordan_google_com/julia-1.12.5/bin/julia
Git HEAD: 25cb9d9

Removing stale results/swarm-d64-k4d8.csv
Checking Julia environment...
Environment ready.

Starting swarm_chain_d64.jl with 28 threads at Wed Apr 22 03:33:13 UTC 2026
# swarm-d64 chain: k=4, D=8, p=1-15, pop=100, gens=10, burst=20, seed=42
k,D,p,ctilde,evals,wall_seconds,gamma,beta
# p=1 gen  1: best_d64=0.6291249318  pop=100
# p=1 gen  2: best_d64=0.6291249318  pop=100
# p=1 gen  3: best_d64=0.6291249318  pop=100
# p=1 gen  4: best_d64=0.6291249318  pop=100
# p=1 gen  4: best_d64=0.6291249318  pop=-1
4,8,1,0.629124931820,4707,5.1,2.7457815416768456,1.3361488991550294
# p=2 gen  1: best_d64=0.6773738825  pop=100
# p=2 gen  2: best_d64=0.6773738825  pop=100
# p=2 gen  3: best_d64=0.6773738825  pop=100
# p=2 gen  4: best_d64=0.6773738825  pop=100
# p=2 gen  4: best_d64=0.6773738825  pop=-1
4,8,2,0.677373882496,10250,0.8,0.306077152824493;3.621579302735371,0.27440948476693683;0.17217110763530963
# p=3 gen  1: best_d64=0.7072594747  pop=100
# p=3 gen  2: best_d64=0.7072594747  pop=100
# p=3 gen  3: best_d64=0.7072594747  pop=100
# p=3 gen  4: best_d64=0.7072594747  pop=100
# p=3 gen  4: best_d64=0.7072594747  pop=-1
4,8,3,0.707259474723,15490,1.7,0.2647148935322309;3.557958059118283;3.6077631079060155,0.2840627529040016;0.22042744594072575;0.14372012435817044
# p=4 gen  1: best_d64=0.7277841522  pop=100
# p=4 gen  2: best_d64=0.7277841522  pop=100
# p=4 gen  3: best_d64=0.7277841522  pop=100
# p=4 gen  4: best_d64=0.7277841522  pop=100
# p=4 gen  4: best_d64=0.7277841522  pop=-1
4,8,4,0.727784152166,17783,6.4,3.3815845224659515;0.378664773656572;3.5544138423276035;3.6003277052270772,1.854863730859665;1.8024267841316675;1.7705131659222497;0.12506989007718103
# p=5 gen  1: best_d64=0.7430780611  pop=100
# p=5 gen  2: best_d64=0.7430780611  pop=100
# p=5 gen  3: best_d64=0.7430780611  pop=100
# p=5 gen  4: best_d64=0.7430780611  pop=100
# p=5 gen  4: best_d64=0.7430780611  pop=-1
4,8,5,0.743078061124,18780,30.4,3.364617137811027;0.35573764034318406;3.5199818712974205;3.5492499263568327;3.595244418294372,1.853782346924679;1.8044691256499152;1.7841891966509418;0.18660391425272171;0.11140960058569335
# p=6 gen  1: best_d64=0.7549724796  pop=100
# p=6 gen  2: best_d64=0.7549724796  pop=100
# p=6 gen  3: best_d64=0.7549724796  pop=100
# p=6 gen  4: best_d64=0.7549724796  pop=100
# p=6 gen  4: best_d64=0.7549724796  pop=-1
4,8,6,0.754972479611,20855,138.4,3.3523400380466515;0.3390054505745655;3.499388052719709;3.5147799122335437;3.544027514590966;3.5919590649150885,1.8520535949311476;1.803413674488837;1.7881789713981489;0.2033601450828084;0.17613187034075503;0.10073666683186543
# p=7 gen  1: best_d64=0.7645203559  pop=100
# p=7 gen  2: best_d64=0.7645203559  pop=100
# p=7 gen  3: best_d64=0.7645203559  pop=100
# p=7 gen  4: best_d64=0.7645203559  pop=100
# p=7 gen  4: best_d64=0.7645203559  pop=-1
4,8,7,0.764520355931,20621,581.3,3.3428883723666094;0.3261703694598067;3.484934240271695;3.4949883158495143;3.5082440958361834;3.540253426209964;3.58988239064888,1.850083183254067;1.8014873801970148;1.7882831101528058;0.20961656655682295;0.1957989597637202;0.16706085373675766;0.0921555393897248
# p=8 gen  1: best_d64=0.7723733959  pop=100
# p=8 gen  2: best_d64=0.7723733960  pop=100
=== QAOA Double64 Swarm ===
Task:  9 / 15
Pair:  k=4, D=8
Node:  swift-c3dnodesetssd-15
CPUs:  28
Start: Wed Apr 22 04:25:10 UTC 2026
Job:   1357786_9

--- Node diagnostics ---
Hostname: swift-c3dnodesetssd-15
Memory:                  total        used        free      shared  buff/cache   available
Mem:           1.4Ti       9.0Gi       1.4Ti       3.3Mi       2.2Gi       1.4Ti
Disk:     10.17.247.218:/nfsshare   25T   15T  9.1T  62% /home
Julia:    /home/stephenjordan_google_com/julia-1.12.5/bin/julia
Git HEAD: 25cb9d9

Removing stale results/swarm-d64-k4d8.csv
Checking Julia environment...
Environment ready.

Starting swarm_chain_d64.jl with 28 threads at Wed Apr 22 04:25:13 UTC 2026
# swarm-d64 chain: k=4, D=8, p=1-15, pop=100, gens=10, burst=20, seed=42
k,D,p,ctilde,evals,wall_seconds,gamma,beta
# p=1 gen  1: best_d64=0.6291249318  pop=100
# p=1 gen  2: best_d64=0.6291249318  pop=100
# p=1 gen  3: best_d64=0.6291249318  pop=100
# p=1 gen  4: best_d64=0.6291249318  pop=100
# p=1 gen  4: best_d64=0.6291249318  pop=-1
4,8,1,0.629124931820,4705,5.1,2.7457815416768456,1.3361488991550294
# p=2 gen  1: best_d64=0.6773738825  pop=100
# p=2 gen  2: best_d64=0.6773738825  pop=100
# p=2 gen  3: best_d64=0.6773738825  pop=100
# p=2 gen  4: best_d64=0.6773738825  pop=100
# p=2 gen  4: best_d64=0.6773738825  pop=-1
4,8,2,0.677373882496,10251,0.8,0.306077152824493;3.621579302735371,0.27440948476693683;0.17217110763530963
# p=3 gen  1: best_d64=0.7072594747  pop=100
# p=3 gen  2: best_d64=0.7072594747  pop=100
# p=3 gen  3: best_d64=0.7072594747  pop=100
# p=3 gen  4: best_d64=0.7072594747  pop=100
# p=3 gen  4: best_d64=0.7072594747  pop=-1
4,8,3,0.707259474723,15475,1.7,0.2647148935322309;3.557958059118283;3.6077631079060155,0.2840627529040016;0.22042744594072575;0.14372012435817044
# p=4 gen  1: best_d64=0.7277841522  pop=100
# p=4 gen  2: best_d64=0.7277841522  pop=100
# p=4 gen  3: best_d64=0.7277841522  pop=100
# p=4 gen  4: best_d64=0.7277841522  pop=100
# p=4 gen  4: best_d64=0.7277841522  pop=-1
4,8,4,0.727784152166,17703,6.2,3.3815845224659515;0.378664773656572;3.5544138423276035;3.6003277052270772,1.854863730859665;1.8024267841316675;1.7705131659222497;0.12506989007718103
# p=5 gen  1: best_d64=0.7430780611  pop=100
# p=5 gen  2: best_d64=0.7430780611  pop=100
# p=5 gen  3: best_d64=0.7430780611  pop=100
# p=5 gen  4: best_d64=0.7430780611  pop=100
# p=5 gen  4: best_d64=0.7430780611  pop=-1
4,8,5,0.743078061124,18910,29.8,3.364617137811027;0.35573764034318406;3.5199818712974205;3.5492499263568327;3.595244418294372,1.853782346924679;1.8044691256499152;1.7841891966509418;0.18660391425272171;0.11140960058569335
# p=6 gen  1: best_d64=0.7549724796  pop=100
# p=6 gen  2: best_d64=0.7549724796  pop=100
# p=6 gen  3: best_d64=0.7549724796  pop=100
# p=6 gen  4: best_d64=0.7549724796  pop=100
# p=6 gen  4: best_d64=0.7549724796  pop=-1
4,8,6,0.754972479611,20855,137.5,3.3523400380466515;0.3390054505745655;3.499388052719709;3.5147799122335437;3.544027514590966;3.5919590649150885,1.8520535949311476;1.803413674488837;1.7881789713981489;0.2033601450828084;0.17613187034075503;0.10073666683186543
# p=7 gen  1: best_d64=0.7645203559  pop=100
# p=7 gen  2: best_d64=0.7645203559  pop=100
# p=7 gen  3: best_d64=0.7645203559  pop=100
# p=7 gen  4: best_d64=0.7645203559  pop=100
# p=7 gen  4: best_d64=0.7645203559  pop=-1
4,8,7,0.764520355931,20621,582.9,3.3428883723666094;0.3261703694598067;3.484934240271695;3.4949883158495143;3.5082440958361834;3.540253426209964;3.58988239064888,1.850083183254067;1.8014873801970148;1.7882831101528058;0.20961656655682295;0.1957989597637202;0.16706085373675766;0.0921555393897248
# p=8 gen  1: best_d64=0.7723733959  pop=100
# p=8 gen  2: best_d64=0.7723733960  pop=100
# p=8 gen  3: best_d64=0.7723733960  pop=100
# p=8 gen  4: best_d64=0.7723733960  pop=100
# p=8 gen  4: best_d64=0.7723733960  pop=-1
4,8,8,0.772373395985,20363,2689.2,3.3353668275082717;0.31589273657873507;3.4739107101300895;3.4814601489607115;3.488445504169785;3.502733298708786;3.5378172469233817;3.588613623509666,1.8480922098786363;1.7992011038054447;1.786928438071041;0.2111601943100089;0.20421556176886113;0.18927417232818294;0.15894195894090957;0.08506135228029493
# p=9 gen  1: best_d64=0.7789576171  pop=100
# p=9 gen  2: best_d64=0.7789576180  pop=100
# p=9 gen  3: best_d64=0.7789576180  pop=100
=== QAOA Double64 Swarm ===
Task:  9 / 15
Pair:  k=4, D=8
Node:  swift-c3dnodesetssd-12
CPUs:  28
Start: Wed Apr 22 08:34:41 UTC 2026
Job:   1357786_9

--- Node diagnostics ---
Hostname: swift-c3dnodesetssd-12
Memory:                  total        used        free      shared  buff/cache   available
Mem:           1.4Ti       9.1Gi       1.4Ti       3.3Mi       2.2Gi       1.4Ti
Disk:     10.17.247.218:/nfsshare   25T   15T  9.1T  62% /home
Julia:    /home/stephenjordan_google_com/julia-1.12.5/bin/julia
Git HEAD: 25cb9d9

Removing stale results/swarm-d64-k4d8.csv
Checking Julia environment...
Environment ready.

Starting swarm_chain_d64.jl with 28 threads at Wed Apr 22 08:34:46 UTC 2026
# swarm-d64 chain: k=4, D=8, p=1-15, pop=100, gens=10, burst=20, seed=42
k,D,p,ctilde,evals,wall_seconds,gamma,beta
# p=1 gen  1: best_d64=0.6291249318  pop=100
# p=1 gen  2: best_d64=0.6291249318  pop=100
# p=1 gen  3: best_d64=0.6291249318  pop=100
# p=1 gen  4: best_d64=0.6291249318  pop=100
# p=1 gen  4: best_d64=0.6291249318  pop=-1
4,8,1,0.629124931820,4738,5.1,2.7457815416768456,1.3361488991550294
# p=2 gen  1: best_d64=0.6773738825  pop=100
# p=2 gen  2: best_d64=0.6773738825  pop=100
# p=2 gen  3: best_d64=0.6773738825  pop=100
# p=2 gen  4: best_d64=0.6773738825  pop=100
# p=2 gen  4: best_d64=0.6773738825  pop=-1
4,8,2,0.677373882496,10248,0.8,0.306077152824493;3.621579302735371,0.27440948476693683;0.17217110763530963
# p=3 gen  1: best_d64=0.7072594747  pop=100
# p=3 gen  2: best_d64=0.7072594747  pop=100
# p=3 gen  3: best_d64=0.7072594747  pop=100
# p=3 gen  4: best_d64=0.7072594747  pop=100
# p=3 gen  4: best_d64=0.7072594747  pop=-1
4,8,3,0.707259474723,15495,1.7,0.2647148935322309;3.557958059118283;3.6077631079060155,0.2840627529040016;0.22042744594072575;0.14372012435817044
# p=4 gen  1: best_d64=0.7277841522  pop=100
# p=4 gen  2: best_d64=0.7277841522  pop=100
# p=4 gen  3: best_d64=0.7277841522  pop=100
# p=4 gen  4: best_d64=0.7277841522  pop=100
# p=4 gen  4: best_d64=0.7277841522  pop=-1
4,8,4,0.727784152166,17753,6.2,3.3815845224659515;0.378664773656572;3.5544138423276035;3.6003277052270772,1.854863730859665;1.8024267841316675;1.7705131659222497;0.12506989007718103
# p=5 gen  1: best_d64=0.7430780611  pop=100
# p=5 gen  2: best_d64=0.7430780611  pop=100
# p=5 gen  3: best_d64=0.7430780611  pop=100
# p=5 gen  4: best_d64=0.7430780611  pop=100
# p=5 gen  4: best_d64=0.7430780611  pop=-1
4,8,5,0.743078061124,18915,29.6,3.364617137811027;0.35573764034318406;3.5199818712974205;3.5492499263568327;3.595244418294372,1.853782346924679;1.8044691256499152;1.7841891966509418;0.18660391425272171;0.11140960058569335
# p=6 gen  1: best_d64=0.7549724796  pop=100
# p=6 gen  2: best_d64=0.7549724796  pop=100
# p=6 gen  3: best_d64=0.7549724796  pop=100
# p=6 gen  4: best_d64=0.7549724796  pop=100
# p=6 gen  4: best_d64=0.7549724796  pop=-1
4,8,6,0.754972479611,20855,136.7,3.3523400380466515;0.3390054505745655;3.499388052719709;3.5147799122335437;3.544027514590966;3.5919590649150885,1.8520535949311476;1.803413674488837;1.7881789713981489;0.2033601450828084;0.17613187034075503;0.10073666683186543
# p=7 gen  1: best_d64=0.7645203559  pop=100
# p=7 gen  2: best_d64=0.7645203559  pop=100
# p=7 gen  3: best_d64=0.7645203559  pop=100
=== QAOA Double64 Swarm ===
Task:  9 / 15
Pair:  k=4, D=8
Node:  swift-c3dnodesetssd-8
CPUs:  28
Start: Wed Apr 22 08:50:42 UTC 2026
Job:   1357786_9

--- Node diagnostics ---
Hostname: swift-c3dnodesetssd-8
Memory:                  total        used        free      shared  buff/cache   available
Mem:           1.4Ti       9.1Gi       1.4Ti       3.3Mi       2.2Gi       1.4Ti
Disk:     10.17.247.218:/nfsshare   25T   15T  9.1T  62% /home
Julia:    /home/stephenjordan_google_com/julia-1.12.5/bin/julia
Git HEAD: 25cb9d9

Removing stale results/swarm-d64-k4d8.csv
Checking Julia environment...
Environment ready.

Starting swarm_chain_d64.jl with 28 threads at Wed Apr 22 08:50:50 UTC 2026
# swarm-d64 chain: k=4, D=8, p=1-15, pop=100, gens=10, burst=20, seed=42
k,D,p,ctilde,evals,wall_seconds,gamma,beta
# p=1 gen  1: best_d64=0.6291249318  pop=100
# p=1 gen  2: best_d64=0.6291249318  pop=100
# p=1 gen  3: best_d64=0.6291249318  pop=100
# p=1 gen  4: best_d64=0.6291249318  pop=100
# p=1 gen  4: best_d64=0.6291249318  pop=-1
4,8,1,0.629124931820,4737,5.2,2.7457815416768456,1.3361488991550294
# p=2 gen  1: best_d64=0.6773738825  pop=100
# p=2 gen  2: best_d64=0.6773738825  pop=100
# p=2 gen  3: best_d64=0.6773738825  pop=100
# p=2 gen  4: best_d64=0.6773738825  pop=100
# p=2 gen  4: best_d64=0.6773738825  pop=-1
4,8,2,0.677373882496,10250,0.8,0.306077152824493;3.621579302735371,0.27440948476693683;0.17217110763530963
# p=3 gen  1: best_d64=0.7072594747  pop=100
# p=3 gen  2: best_d64=0.7072594747  pop=100
# p=3 gen  3: best_d64=0.7072594747  pop=100
# p=3 gen  4: best_d64=0.7072594747  pop=100
# p=3 gen  4: best_d64=0.7072594747  pop=-1
4,8,3,0.707259474723,15493,1.8,0.2647148935322309;3.557958059118283;3.6077631079060155,0.2840627529040016;0.22042744594072575;0.14372012435817044
# p=4 gen  1: best_d64=0.7277841522  pop=100
# p=4 gen  2: best_d64=0.7277841522  pop=100
# p=4 gen  3: best_d64=0.7277841522  pop=100
# p=4 gen  4: best_d64=0.7277841522  pop=100
# p=4 gen  4: best_d64=0.7277841522  pop=-1
4,8,4,0.727784152166,17812,6.3,3.3815845224659515;0.378664773656572;3.5544138423276035;3.6003277052270772,1.854863730859665;1.8024267841316675;1.7705131659222497;0.12506989007718103
# p=5 gen  1: best_d64=0.7430780611  pop=100
# p=5 gen  2: best_d64=0.7430780611  pop=100
# p=5 gen  3: best_d64=0.7430780611  pop=100
# p=5 gen  4: best_d64=0.7430780611  pop=100
# p=5 gen  4: best_d64=0.7430780611  pop=-1
4,8,5,0.743078061124,18914,30.3,3.364617137811027;0.35573764034318406;3.5199818712974205;3.5492499263568327;3.595244418294372,1.853782346924679;1.8044691256499152;1.7841891966509418;0.18660391425272171;0.11140960058569335
# p=6 gen  1: best_d64=0.7549724796  pop=100
# p=6 gen  2: best_d64=0.7549724796  pop=100
# p=6 gen  3: best_d64=0.7549724796  pop=100
# p=6 gen  4: best_d64=0.7549724796  pop=100
# p=6 gen  4: best_d64=0.7549724796  pop=-1
4,8,6,0.754972479611,20855,138.3,3.3523400380466515;0.3390054505745655;3.499388052719709;3.5147799122335437;3.544027514590966;3.5919590649150885,1.8520535949311476;1.803413674488837;1.7881789713981489;0.2033601450828084;0.17613187034075503;0.10073666683186543
# p=7 gen  1: best_d64=0.7645203559  pop=100
# p=7 gen  2: best_d64=0.7645203559  pop=100
# p=7 gen  3: best_d64=0.7645203559  pop=100
# p=7 gen  4: best_d64=0.7645203559  pop=100
# p=7 gen  4: best_d64=0.7645203559  pop=-1
4,8,7,0.764520355931,20621,586.7,3.3428883723666094;0.3261703694598067;3.484934240271695;3.4949883158495143;3.5082440958361834;3.540253426209964;3.58988239064888,1.850083183254067;1.8014873801970148;1.7882831101528058;0.20961656655682295;0.1957989597637202;0.16706085373675766;0.0921555393897248
# p=8 gen  1: best_d64=0.7723733959  pop=100
# p=8 gen  2: best_d64=0.7723733960  pop=100
# p=8 gen  3: best_d64=0.7723733960  pop=100
# p=8 gen  4: best_d64=0.7723733960  pop=100
# p=8 gen  4: best_d64=0.7723733960  pop=-1
4,8,8,0.772373395985,20363,2695.6,3.3353668275082717;0.31589273657873507;3.4739107101300895;3.4814601489607115;3.488445504169785;3.502733298708786;3.5378172469233817;3.588613623509666,1.8480922098786363;1.7992011038054447;1.786928438071041;0.2111601943100089;0.20421556176886113;0.18927417232818294;0.15894195894090957;0.08506135228029493
# p=9 gen  1: best_d64=0.7789576171  pop=100
# p=9 gen  2: best_d64=0.7789576180  pop=100
# p=9 gen  3: best_d64=0.7789576180  pop=100
# p=9 gen  4: best_d64=0.7789576180  pop=100
# p=9 gen  5: best_d64=0.7789576180  pop=100
# p=9 gen  5: best_d64=0.7789576180  pop=-1
4,8,9,0.778957618041,24376,14405.0,3.329220443569557;0.30740313148841847;3.465128865091411;3.4713731768582967;3.47510137719631;3.4825697560627185;3.4984963483107863;3.536491744830928;3.5879695593996628,1.8461616020432863;1.7968486775078167;1.7850080196068132;0.21065157071507773;0.20715916158128858;0.19971146702936127;0.18327335252747506;0.151548548220726;0.07904805608296545
# p=10 gen  1: best_d64=0.7845649677  pop=100
# p=10 gen  2: best_d64=0.7845649922  pop=100
# p=10 gen  3: best_d64=0.7845649922  pop=100
# p=10 gen  4: best_d64=0.7845649922  pop=100
# p=10 gen  5: best_d64=0.7845649922  pop=100
# p=10 gen  5: best_d64=0.7845649922  pop=-1
4,8,10,0.784564992229,22910,76409.1,3.324081025147755;0.30021849482092733;3.4578801730574598;3.4634132618291242;3.465386515347525;3.469037243064382;3.477774283965299;3.4954203933891694;3.536012438110077;3.5878004815483635,1.8443231906147108;1.7945548092237744;1.782889141568978;0.20926557147596742;0.20757890742221854;0.20399424354686324;0.19554892816922192;0.17759212004751318;0.14475781670777624;0.07386745533393305
# p=11 gen  1: best_d64=0.7894023281  pop=100
# p=11 gen  2: best_d64=0.7894023970  pop=100
# p=11 gen  3: best_d64=0.7894023970  pop=100
# p=11 gen  4: best_d64=0.7894023970  pop=100
# p=11 gen  5: best_d64=0.7894023970  pop=100
# p=11 gen  5: best_d64=0.7894023970  pop=-1
4,8,11,0.789402397034,21190,275892.0,3.3197021452796873;0.2940276106562846;3.451737433211963;3.456872478513882;3.4578145079266642;3.4594070669022368;3.463793836958337;3.4740555922407053;3.493301555006972;3.5361518364448794;3.587975810432533,1.8425888423604504;1.7923718983510475;1.7807440122217826;0.20749161721842735;0.2068045067607031;0.20537539716374267;0.20109300080853434;0.19150444171967548;0.17215502245762546;0.1384967487992388;0.06935629734522822
/var/spool/slurmd/job1357795/slurm_script: line 124:  9080 Killed                  julia --project=. -t ${SLURM_CPUS_PER_TASK:-28} scripts/swarm_chain_d64.jl $K $D 15 100 10 20 42

Exit code: 137
Done: Sun Apr 26 15:56:32 UTC 2026
FAILED — pushing logs
