=== QAOA Double64 Swarm ===
Task:  11 / 15
Pair:  k=5, D=7
Node:  swift-c3dnodesetssd-35
CPUs:  28
Start: Fri Apr 10 23:41:07 UTC 2026
Job:   1326055_11

--- Node diagnostics ---
Hostname: swift-c3dnodesetssd-35
Memory:                  total        used        free      shared  buff/cache   available
Mem:           1.4Ti       9.2Gi       1.4Ti       3.3Mi       2.4Gi       1.4Ti
Disk:     10.17.247.218:/nfsshare   25T   15T  9.6T  60% /home
Julia:    /home/stephenjordan_google_com/julia-1.12.5/bin/julia
Git HEAD: 411f899

Checking Julia environment...
Environment ready.

Starting swarm_chain_d64.jl with 28 threads at Fri Apr 10 23:41:12 UTC 2026
# swarm-d64 chain: k=5, D=7, p=1-15, pop=100, gens=10, burst=20, seed=42
k,D,p,ctilde,evals,wall_seconds,gamma,beta
# p=1 gen  1: best_d64=0.6461863546  pop=100
# p=1 gen  2: best_d64=0.6461863546  pop=100
# p=1 gen  3: best_d64=0.6461863546  pop=100
# p=1 gen  4: best_d64=0.6461863546  pop=100
# p=1 gen  4: best_d64=0.6461863546  pop=-1
5,7,1,0.646186354604,5031,5.2,3.579847468402955,1.770881077985515
# p=2 gen  1: best_d64=0.7008179027  pop=100
# p=2 gen  2: best_d64=0.7008179027  pop=100
# p=2 gen  3: best_d64=0.7008179027  pop=100
# p=2 gen  4: best_d64=0.7008179027  pop=100
# p=2 gen  4: best_d64=0.7008179027  pop=-1
5,7,2,0.700817902677,10596,0.9,0.34424389571899744;5.763152448273254,1.7983181094137461;1.7193471686151456
# p=3 gen  1: best_d64=0.7344287910  pop=100
# p=3 gen  2: best_d64=0.7344287910  pop=100
# p=3 gen  3: best_d64=0.7344287910  pop=100
# p=3 gen  4: best_d64=0.7344287910  pop=100
# p=3 gen  4: best_d64=0.7344287910  pop=-1
5,7,3,0.734428791030,15320,2.2,5.982524986293951;3.5969080625296086;0.5033652233557422,1.3396055589452758;0.18641077870169798;1.6965466486601606
# p=4 gen  1: best_d64=0.7399949014  pop=100
# p=4 gen  2: best_d64=0.7429704935  pop=100
# p=4 gen  3: best_d64=0.7452250805  pop=100
# p=4 gen  4: best_d64=0.7453463832  pop=100
# p=4 gen  5: best_d64=0.7453463832  pop=100
# p=4 gen  6: best_d64=0.7453463832  pop=100
# p=4 gen  7: best_d64=0.7453463832  pop=100
# p=4 gen  7: best_d64=0.7453463832  pop=-1
5,7,4,0.745346383171,26945,14.7,3.000850960876483;2.7496608463929855;3.594633469348517;2.642539688072651,1.0320724608094696;1.7829315101224237;1.3909602581971485;1.6904860853477048
# p=5 gen  1: best_d64=0.7622358758  pop=100
# p=5 gen  2: best_d64=0.7622823442  pop=100
# p=5 gen  3: best_d64=0.7622823442  pop=100
# p=5 gen  4: best_d64=0.7622823442  pop=100
# p=5 gen  5: best_d64=0.7622823442  pop=100
# p=5 gen  5: best_d64=0.7622823442  pop=-1
5,7,5,0.762282344234,22515,55.2,2.8717294125512107;5.871870317072629;0.6035696400557518;6.169029090029146;0.48821786449348326,2.9125320908186607;1.3763425058887842;0.12955102742022462;2.8341231668579794;3.037400662628884
# p=6 gen  1: best_d64=0.7775941657  pop=100
# p=6 gen  2: best_d64=0.7775941670  pop=100
# p=6 gen  3: best_d64=0.7775941670  pop=100
# p=6 gen  4: best_d64=0.7775941670  pop=100
# p=6 gen  5: best_d64=0.7775941670  pop=100
# p=6 gen  5: best_d64=0.7775941670  pop=-1
5,7,6,0.777594167012,24921,283.3,2.8872827554014293;5.892818650815883;0.5668787124639767;6.168866931577277;0.4435558776721507;0.48740462250158384,2.915420289824585;1.3793649558033554;0.11462808957145877;2.8335884324792144;2.9825875402390682;3.045443534053596
# p=7 gen  1: best_d64=0.7899789865  pop=100
# p=7 gen  2: best_d64=0.7899790690  pop=100
# p=7 gen  3: best_d64=0.7899790690  pop=100
# p=7 gen  4: best_d64=0.7899790690  pop=100
# p=7 gen  5: best_d64=0.7899790690  pop=100
# p=7 gen  5: best_d64=0.7899790690  pop=-1
5,7,7,0.789979069045,24131,1256.8,2.8986952697564417;5.908303223042496;0.5460524726450539;6.168223543029362;0.40776282432640526;0.42992840246533465;0.4804983379535995,2.9181521737082865;1.3826996471964392;0.1045072584869173;2.839519725220179;2.971409191773359;2.9875363939305593;3.0528382596575785
# p=8 gen  1: best_d64=0.7998802976  pop=100
# p=8 gen  2: best_d64=0.7998809120  pop=100
# p=8 gen  3: best_d64=0.7998809120  pop=100
# p=8 gen  4: best_d64=0.7998809120  pop=100
# p=8 gen  5: best_d64=0.7998809121  pop=100
# p=8 gen  5: best_d64=0.7998809121  pop=-1
5,7,8,0.799880912063,23746,5351.0,2.9075242117733464;5.920283704742554;0.5281184455188827;6.170942288956945;0.3881962678193793;0.39306903858398334;0.4235120658539001;0.4773243155494876,2.920743086221066;1.385954005775849;0.09755681436743283;2.846339699629358;2.967818408287024;2.9739036822239604;2.9936975956498197;3.0599232460286188
# p=9 gen  1: best_d64=0.8080360281  pop=100
# p=9 gen  2: best_d64=0.8080371741  pop=100
# p=9 gen  3: best_d64=0.8080371751  pop=100
# p=9 gen  4: best_d64=0.8080371751  pop=100
# p=9 gen  5: best_d64=0.8080371751  pop=100
# p=9 gen  6: best_d64=0.8080371751  pop=100
# p=9 gen  6: best_d64=0.8080371751  pop=-1
5,7,9,0.808037175140,28028,30291.7,2.914568716654498;5.929906961706141;0.51299056749693;6.174403580537776;0.3743856264593472;0.37260179164308527;0.3851684957766857;0.4192875781115705;0.47570664154249553,2.9231231709843075;1.3889538827267434;0.09213614842549765;2.8532620070193198;2.968038643767101;2.9683700418212635;2.977775553794027;2.9996669844187376;3.0657308319368175
# p=10 gen  1: best_d64=0.8148701512  pop=100
# p=10 gen  2: best_d64=0.8148719289  pop=100
# p=10 gen  3: best_d64=0.8148719491  pop=100
# p=10 gen  4: best_d64=0.8148719491  pop=100
# p=10 gen  5: best_d64=0.8148719491  pop=100
# p=10 gen  6: best_d64=0.8148719491  pop=100
# p=10 gen  6: best_d64=0.8148719491  pop=-1
5,7,10,0.814871949126,25238,132223.5,2.920438370737112;5.938018641351506;0.4993325744860985;6.178406581187078;0.3639193081626959;0.3588460036779323;0.3640779364925981;0.3792273058388673;0.41645876269259857;0.4744618904345553,2.9253309966054677;1.3917324767899921;0.0877047993827085;2.8598795520598403;2.9694434052834286;2.9675348191245;2.970369837005177;2.9815988673683003;3.0051558760018082;3.0705823548306315
=== QAOA Double64 Swarm ===
Task:  11 / 15
Pair:  k=5, D=7
Node:  swift-c3dnodesetssd-10
CPUs:  28
Start: Wed Apr 15 04:32:02 UTC 2026
Job:   1357786_11

--- Node diagnostics ---
Hostname: swift-c3dnodesetssd-10
Memory:                  total        used        free      shared  buff/cache   available
Mem:           1.4Ti       9.1Gi       1.4Ti       3.3Mi       2.2Gi       1.4Ti
Disk:     10.17.247.218:/nfsshare   25T   15T  9.5T  61% /home
Julia:    /home/stephenjordan_google_com/julia-1.12.5/bin/julia
Git HEAD: 605aa66

Removing stale results/swarm-d64-k5d7.csv
Checking Julia environment...
Environment ready.

Starting swarm_chain_d64.jl with 28 threads at Wed Apr 15 04:32:08 UTC 2026
# swarm-d64 chain: k=5, D=7, p=1-15, pop=100, gens=10, burst=20, seed=42
k,D,p,ctilde,evals,wall_seconds,gamma,beta
# p=1 gen  1: best_d64=0.6461863546  pop=100
# p=1 gen  2: best_d64=0.6461863546  pop=100
# p=1 gen  3: best_d64=0.6461863546  pop=100
# p=1 gen  4: best_d64=0.6461863546  pop=100
# p=1 gen  4: best_d64=0.6461863546  pop=-1
5,7,1,0.646186354604,5016,5.2,3.579847468402955,1.770881077985515
# p=2 gen  1: best_d64=0.7008179027  pop=100
# p=2 gen  2: best_d64=0.7008179027  pop=100
# p=2 gen  3: best_d64=0.7008179027  pop=100
# p=2 gen  4: best_d64=0.7008179027  pop=100
# p=2 gen  4: best_d64=0.7008179027  pop=-1
5,7,2,0.700817902677,10603,0.9,0.34424389571899744;5.763152448273254,1.7983181094137461;1.7193471686151456
# p=3 gen  1: best_d64=0.7344287910  pop=100
# p=3 gen  2: best_d64=0.7344287910  pop=100
# p=3 gen  3: best_d64=0.7344287910  pop=100
# p=3 gen  4: best_d64=0.7344287910  pop=100
# p=3 gen  4: best_d64=0.7344287910  pop=-1
5,7,3,0.734428791030,15178,2.2,5.982524986293951;3.5969080625296086;0.5033652233557422,1.3396055589452758;0.18641077870169798;1.6965466486601606
# p=4 gen  1: best_d64=0.7399949014  pop=100
# p=4 gen  2: best_d64=0.7429704935  pop=100
# p=4 gen  3: best_d64=0.7452250805  pop=100
# p=4 gen  4: best_d64=0.7453463832  pop=100
# p=4 gen  5: best_d64=0.7453463832  pop=100
# p=4 gen  6: best_d64=0.7453463832  pop=100
# p=4 gen  7: best_d64=0.7453463832  pop=100
# p=4 gen  7: best_d64=0.7453463832  pop=-1
5,7,4,0.745346383171,26821,14.3,3.000850960876483;2.7496608463929855;3.594633469348517;2.642539688072651,1.0320724608094696;1.7829315101224237;1.3909602581971485;1.6904860853477048
# p=5 gen  1: best_d64=0.7622358758  pop=100
# p=5 gen  2: best_d64=0.7622823442  pop=100
# p=5 gen  3: best_d64=0.7622823442  pop=100
# p=5 gen  4: best_d64=0.7622823442  pop=100
# p=5 gen  5: best_d64=0.7622823442  pop=100
# p=5 gen  5: best_d64=0.7622823442  pop=-1
5,7,5,0.762282344234,22612,54.3,2.8717294125512107;5.871870317072629;0.6035696400557518;6.169029090029146;0.48821786449348326,2.9125320908186607;1.3763425058887842;0.12955102742022462;2.8341231668579794;3.037400662628884
# p=6 gen  1: best_d64=0.7775941657  pop=100
# p=6 gen  2: best_d64=0.7775941670  pop=100
# p=6 gen  3: best_d64=0.7775941670  pop=100
# p=6 gen  4: best_d64=0.7775941670  pop=100
# p=6 gen  5: best_d64=0.7775941670  pop=100
# p=6 gen  5: best_d64=0.7775941670  pop=-1
5,7,6,0.777594167012,24983,279.9,2.8872827554014293;5.892818650815883;0.5668787124639767;6.168866931577277;0.4435558776721507;0.48740462250158384,2.915420289824585;1.3793649558033554;0.11462808957145877;2.8335884324792144;2.9825875402390682;3.045443534053596
# p=7 gen  1: best_d64=0.7899789865  pop=100
# p=7 gen  2: best_d64=0.7899790690  pop=100
# p=7 gen  3: best_d64=0.7899790690  pop=100
# p=7 gen  4: best_d64=0.7899790690  pop=100
# p=7 gen  5: best_d64=0.7899790690  pop=100
# p=7 gen  5: best_d64=0.7899790690  pop=-1
5,7,7,0.789979069045,24131,1248.5,2.8986952697564417;5.908303223042496;0.5460524726450539;6.168223543029362;0.40776282432640526;0.42992840246533465;0.4804983379535995,2.9181521737082865;1.3826996471964392;0.1045072584869173;2.839519725220179;2.971409191773359;2.9875363939305593;3.0528382596575785
# p=8 gen  1: best_d64=0.7998802976  pop=100
# p=8 gen  2: best_d64=0.7998809120  pop=100
# p=8 gen  3: best_d64=0.7998809120  pop=100
# p=8 gen  4: best_d64=0.7998809120  pop=100
# p=8 gen  5: best_d64=0.7998809121  pop=100
# p=8 gen  5: best_d64=0.7998809121  pop=-1
5,7,8,0.799880912063,23746,5293.4,2.9075242117733464;5.920283704742554;0.5281184455188827;6.170942288956945;0.3881962678193793;0.39306903858398334;0.4235120658539001;0.4773243155494876,2.920743086221066;1.385954005775849;0.09755681436743283;2.846339699629358;2.967818408287024;2.9739036822239604;2.9936975956498197;3.0599232460286188
# p=9 gen  1: best_d64=0.8080360281  pop=100
# p=9 gen  2: best_d64=0.8080371741  pop=100
# p=9 gen  3: best_d64=0.8080371751  pop=100
# p=9 gen  4: best_d64=0.8080371751  pop=100
# p=9 gen  5: best_d64=0.8080371751  pop=100
# p=9 gen  6: best_d64=0.8080371751  pop=100
# p=9 gen  6: best_d64=0.8080371751  pop=-1
5,7,9,0.808037175140,28028,30175.9,2.914568716654498;5.929906961706141;0.51299056749693;6.174403580537776;0.3743856264593472;0.37260179164308527;0.3851684957766857;0.4192875781115705;0.47570664154249553,2.9231231709843075;1.3889538827267434;0.09213614842549765;2.8532620070193198;2.968038643767101;2.9683700418212635;2.977775553794027;2.9996669844187376;3.0657308319368175
# p=10 gen  1: best_d64=0.8148701512  pop=100
# p=10 gen  2: best_d64=0.8148719289  pop=100
# p=10 gen  3: best_d64=0.8148719491  pop=100
# p=10 gen  4: best_d64=0.8148719491  pop=100
# p=10 gen  5: best_d64=0.8148719491  pop=100
# p=10 gen  6: best_d64=0.8148719491  pop=100
# p=10 gen  6: best_d64=0.8148719491  pop=-1
5,7,10,0.814871949126,25238,132068.3,2.920438370737112;5.938018641351506;0.4993325744860985;6.178406581187078;0.3639193081626959;0.3588460036779323;0.3640779364925981;0.3792273058388673;0.41645876269259857;0.4744618904345553,2.9253309966054677;1.3917324767899921;0.0877047993827085;2.8598795520598403;2.9694434052834286;2.9675348191245;2.970369837005177;2.9815988673683003;3.0051558760018082;3.0705823548306315
# p=11 gen  1: best_d64=0.8206922294  pop=100
# p=11 gen  2: best_d64=0.8206943735  pop=100
# p=11 gen  3: best_d64=0.8206944317  pop=100
=== QAOA Double64 Swarm ===
Task:  11 / 15
Pair:  k=5, D=7
Node:  swift-c3dnodesetssd-10
CPUs:  28
Start: Tue Apr 21 14:12:25 UTC 2026
Job:   1357786_11

--- Node diagnostics ---
Hostname: swift-c3dnodesetssd-10
Memory:                  total        used        free      shared  buff/cache   available
Mem:           1.4Ti       9.0Gi       1.4Ti       3.3Mi       2.2Gi       1.4Ti
Disk:     10.17.247.218:/nfsshare   25T   15T  9.2T  62% /home
Julia:    /home/stephenjordan_google_com/julia-1.12.5/bin/julia
Git HEAD: 7b59647

Removing stale results/swarm-d64-k5d7.csv
Checking Julia environment...
Precompiling packages...
   2602.2 ms  ✓ QaoaXorsat
  1 dependency successfully precompiled in 5 seconds. 52 already precompiled.
Environment ready.

Starting swarm_chain_d64.jl with 28 threads at Tue Apr 21 14:12:47 UTC 2026
# swarm-d64 chain: k=5, D=7, p=1-15, pop=100, gens=10, burst=20, seed=42
k,D,p,ctilde,evals,wall_seconds,gamma,beta
# p=1 gen  1: best_d64=0.6461863546  pop=100
# p=1 gen  2: best_d64=0.6461863546  pop=100
# p=1 gen  3: best_d64=0.6461863546  pop=100
# p=1 gen  4: best_d64=0.6461863546  pop=100
# p=1 gen  4: best_d64=0.6461863546  pop=-1
5,7,1,0.646186354604,5023,5.5,3.579847468402955,1.770881077985515
# p=2 gen  1: best_d64=0.7008179027  pop=100
# p=2 gen  2: best_d64=0.7008179027  pop=100
# p=2 gen  3: best_d64=0.7008179027  pop=100
# p=2 gen  4: best_d64=0.7008179027  pop=100
# p=2 gen  4: best_d64=0.7008179027  pop=-1
5,7,2,0.700817902677,10604,0.9,0.34424389571899744;5.763152448273254,1.7983181094137461;1.7193471686151456
# p=3 gen  1: best_d64=0.7344287910  pop=100
# p=3 gen  2: best_d64=0.7344287910  pop=100
# p=3 gen  3: best_d64=0.7344287910  pop=100
# p=3 gen  4: best_d64=0.7344287910  pop=100
# p=3 gen  4: best_d64=0.7344287910  pop=-1
5,7,3,0.734428791030,15341,1.8,5.982524986293951;3.5969080625296086;0.5033652233557422,1.3396055589452758;0.18641077870169798;1.6965466486601606
# p=4 gen  1: best_d64=0.7399949014  pop=100
# p=4 gen  2: best_d64=0.7429704935  pop=100
# p=4 gen  3: best_d64=0.7452250805  pop=100
# p=4 gen  4: best_d64=0.7453463832  pop=100
# p=4 gen  5: best_d64=0.7453463832  pop=100
# p=4 gen  6: best_d64=0.7453463832  pop=100
# p=4 gen  7: best_d64=0.7453463832  pop=100
# p=4 gen  7: best_d64=0.7453463832  pop=-1
5,7,4,0.745346383171,27022,10.2,3.000850960876483;2.7496608463929855;3.594633469348517;2.642539688072651,1.0320724608094696;1.7829315101224237;1.3909602581971485;1.6904860853477048
# p=5 gen  1: best_d64=0.7622358758  pop=100
# p=5 gen  2: best_d64=0.7622823442  pop=100
# p=5 gen  3: best_d64=0.7622823442  pop=100
# p=5 gen  4: best_d64=0.7622823442  pop=100
# p=5 gen  5: best_d64=0.7622823442  pop=100
# p=5 gen  5: best_d64=0.7622823442  pop=-1
5,7,5,0.762282344234,22713,36.7,2.8717294125512107;5.871870317072629;0.6035696400557518;6.169029090029146;0.48821786449348326,2.9125320908186607;1.3763425058887842;0.12955102742022462;2.8341231668579794;3.037400662628884
# p=6 gen  1: best_d64=0.7775941657  pop=100
# p=6 gen  2: best_d64=0.7775941670  pop=100
# p=6 gen  3: best_d64=0.7775941670  pop=100
# p=6 gen  4: best_d64=0.7775941670  pop=100
# p=6 gen  5: best_d64=0.7775941670  pop=100
# p=6 gen  5: best_d64=0.7775941670  pop=-1
5,7,6,0.777594167012,24983,173.4,2.8872827554014293;5.892818650815883;0.5668787124639767;6.168866931577277;0.4435558776721507;0.48740462250158384,2.915420289824585;1.3793649558033554;0.11462808957145877;2.8335884324792144;2.9825875402390682;3.045443534053596
# p=7 gen  1: best_d64=0.7899789865  pop=100
# p=7 gen  2: best_d64=0.7899790690  pop=100
# p=7 gen  3: best_d64=0.7899790690  pop=100
# p=7 gen  4: best_d64=0.7899790690  pop=100
# p=7 gen  5: best_d64=0.7899790690  pop=100
# p=7 gen  5: best_d64=0.7899790690  pop=-1
5,7,7,0.789979069045,24131,777.9,2.8986952697564417;5.908303223042496;0.5460524726450539;6.168223543029362;0.40776282432640526;0.42992840246533465;0.4804983379535995,2.9181521737082865;1.3826996471964392;0.1045072584869173;2.839519725220179;2.971409191773359;2.9875363939305593;3.0528382596575785
# p=8 gen  1: best_d64=0.7998802976  pop=100
# p=8 gen  2: best_d64=0.7998809120  pop=100
# p=8 gen  3: best_d64=0.7998809120  pop=100
# p=8 gen  4: best_d64=0.7998809120  pop=100
# p=8 gen  5: best_d64=0.7998809121  pop=100
# p=8 gen  5: best_d64=0.7998809121  pop=-1
5,7,8,0.799880912063,23746,3274.5,2.9075242117733464;5.920283704742554;0.5281184455188827;6.170942288956945;0.3881962678193793;0.39306903858398334;0.4235120658539001;0.4773243155494876,2.920743086221066;1.385954005775849;0.09755681436743283;2.846339699629358;2.967818408287024;2.9739036822239604;2.9936975956498197;3.0599232460286188
# p=9 gen  1: best_d64=0.8080360281  pop=100
# p=9 gen  2: best_d64=0.8080371741  pop=100
# p=9 gen  3: best_d64=0.8080371751  pop=100
# p=9 gen  4: best_d64=0.8080371751  pop=100
# p=9 gen  5: best_d64=0.8080371751  pop=100
# p=9 gen  6: best_d64=0.8080371751  pop=100
# p=9 gen  6: best_d64=0.8080371751  pop=-1
5,7,9,0.808037175140,28028,17612.5,2.914568716654498;5.929906961706141;0.51299056749693;6.174403580537776;0.3743856264593472;0.37260179164308527;0.3851684957766857;0.4192875781115705;0.47570664154249553,2.9231231709843075;1.3889538827267434;0.09213614842549765;2.8532620070193198;2.968038643767101;2.9683700418212635;2.977775553794027;2.9996669844187376;3.0657308319368175
=== QAOA Double64 Swarm ===
Task:  11 / 15
Pair:  k=5, D=7
Node:  swift-c3dnodesetssd-10
CPUs:  28
Start: Tue Apr 21 20:55:32 UTC 2026
Job:   1357786_11

--- Node diagnostics ---
Hostname: swift-c3dnodesetssd-10
Memory:                  total        used        free      shared  buff/cache   available
Mem:           1.4Ti       9.0Gi       1.4Ti       3.3Mi       2.2Gi       1.4Ti
Disk:     10.17.247.218:/nfsshare   25T   15T  9.1T  62% /home
Julia:    /home/stephenjordan_google_com/julia-1.12.5/bin/julia
Git HEAD: 7b59647

Removing stale results/swarm-d64-k5d7.csv
Checking Julia environment...
Environment ready.

Starting swarm_chain_d64.jl with 28 threads at Tue Apr 21 20:55:35 UTC 2026
# swarm-d64 chain: k=5, D=7, p=1-15, pop=100, gens=10, burst=20, seed=42
k,D,p,ctilde,evals,wall_seconds,gamma,beta
# p=1 gen  1: best_d64=0.6461863546  pop=100
# p=1 gen  2: best_d64=0.6461863546  pop=100
# p=1 gen  3: best_d64=0.6461863546  pop=100
# p=1 gen  4: best_d64=0.6461863546  pop=100
# p=1 gen  4: best_d64=0.6461863546  pop=-1
5,7,1,0.646186354604,5012,5.2,3.579847468402955,1.770881077985515
# p=2 gen  1: best_d64=0.7008179027  pop=100
# p=2 gen  2: best_d64=0.7008179027  pop=100
# p=2 gen  3: best_d64=0.7008179027  pop=100
# p=2 gen  4: best_d64=0.7008179027  pop=100
# p=2 gen  4: best_d64=0.7008179027  pop=-1
5,7,2,0.700817902677,10604,0.9,0.34424389571899744;5.763152448273254,1.7983181094137461;1.7193471686151456
# p=3 gen  1: best_d64=0.7344287910  pop=100
# p=3 gen  2: best_d64=0.7344287910  pop=100
# p=3 gen  3: best_d64=0.7344287910  pop=100
# p=3 gen  4: best_d64=0.7344287910  pop=100
# p=3 gen  4: best_d64=0.7344287910  pop=-1
5,7,3,0.734428791030,15284,1.8,5.982524986293951;3.5969080625296086;0.5033652233557422,1.3396055589452758;0.18641077870169798;1.6965466486601606
# p=4 gen  1: best_d64=0.7399949014  pop=100
# p=4 gen  2: best_d64=0.7429704935  pop=100
# p=4 gen  3: best_d64=0.7452250805  pop=100
# p=4 gen  4: best_d64=0.7453463832  pop=100
# p=4 gen  5: best_d64=0.7453463832  pop=100
# p=4 gen  6: best_d64=0.7453463832  pop=100
# p=4 gen  7: best_d64=0.7453463832  pop=100
# p=4 gen  7: best_d64=0.7453463832  pop=-1
5,7,4,0.745346383171,27010,10.0,3.000850960876483;2.7496608463929855;3.594633469348517;2.642539688072651,1.0320724608094696;1.7829315101224237;1.3909602581971485;1.6904860853477048
# p=5 gen  1: best_d64=0.7622358758  pop=100
# p=5 gen  2: best_d64=0.7622823442  pop=100
# p=5 gen  3: best_d64=0.7622823442  pop=100
# p=5 gen  4: best_d64=0.7622823442  pop=100
# p=5 gen  5: best_d64=0.7622823442  pop=100
# p=5 gen  5: best_d64=0.7622823442  pop=-1
5,7,5,0.762282344234,22714,35.7,2.8717294125512107;5.871870317072629;0.6035696400557518;6.169029090029146;0.48821786449348326,2.9125320908186607;1.3763425058887842;0.12955102742022462;2.8341231668579794;3.037400662628884
# p=6 gen  1: best_d64=0.7775941657  pop=100
# p=6 gen  2: best_d64=0.7775941670  pop=100
# p=6 gen  3: best_d64=0.7775941670  pop=100
# p=6 gen  4: best_d64=0.7775941670  pop=100
# p=6 gen  5: best_d64=0.7775941670  pop=100
# p=6 gen  5: best_d64=0.7775941670  pop=-1
5,7,6,0.777594167012,24983,170.7,2.8872827554014293;5.892818650815883;0.5668787124639767;6.168866931577277;0.4435558776721507;0.48740462250158384,2.915420289824585;1.3793649558033554;0.11462808957145877;2.8335884324792144;2.9825875402390682;3.045443534053596
# p=7 gen  1: best_d64=0.7899789865  pop=100
# p=7 gen  2: best_d64=0.7899790690  pop=100
# p=7 gen  3: best_d64=0.7899790690  pop=100
=== QAOA Double64 Swarm ===
Task:  11 / 15
Pair:  k=5, D=7
Node:  swift-c3dnodesetssd-10
CPUs:  28
Start: Tue Apr 21 21:13:32 UTC 2026
Job:   1357786_11

--- Node diagnostics ---
Hostname: swift-c3dnodesetssd-10
Memory:                  total        used        free      shared  buff/cache   available
Mem:           1.4Ti       9.1Gi       1.4Ti       3.3Mi       2.4Gi       1.4Ti
Disk:     10.17.247.218:/nfsshare   25T   15T  9.1T  62% /home
Julia:    /home/stephenjordan_google_com/julia-1.12.5/bin/julia
Git HEAD: 7b59647

Removing stale results/swarm-d64-k5d7.csv
Checking Julia environment...
Environment ready.

Starting swarm_chain_d64.jl with 28 threads at Tue Apr 21 21:13:35 UTC 2026
# swarm-d64 chain: k=5, D=7, p=1-15, pop=100, gens=10, burst=20, seed=42
k,D,p,ctilde,evals,wall_seconds,gamma,beta
# p=1 gen  1: best_d64=0.6461863546  pop=100
# p=1 gen  2: best_d64=0.6461863546  pop=100
# p=1 gen  3: best_d64=0.6461863546  pop=100
# p=1 gen  4: best_d64=0.6461863546  pop=100
# p=1 gen  4: best_d64=0.6461863546  pop=-1
5,7,1,0.646186354604,5025,5.1,3.579847468402955,1.770881077985515
# p=2 gen  1: best_d64=0.7008179027  pop=100
# p=2 gen  2: best_d64=0.7008179027  pop=100
# p=2 gen  3: best_d64=0.7008179027  pop=100
# p=2 gen  4: best_d64=0.7008179027  pop=100
# p=2 gen  4: best_d64=0.7008179027  pop=-1
5,7,2,0.700817902677,10603,0.9,0.34424389571899744;5.763152448273254,1.7983181094137461;1.7193471686151456
# p=3 gen  1: best_d64=0.7344287910  pop=100
# p=3 gen  2: best_d64=0.7344287910  pop=100
# p=3 gen  3: best_d64=0.7344287910  pop=100
# p=3 gen  4: best_d64=0.7344287910  pop=100
# p=3 gen  4: best_d64=0.7344287910  pop=-1
5,7,3,0.734428791030,15296,1.7,5.982524986293951;3.5969080625296086;0.5033652233557422,1.3396055589452758;0.18641077870169798;1.6965466486601606
# p=4 gen  1: best_d64=0.7399949014  pop=100
# p=4 gen  2: best_d64=0.7429704935  pop=100
# p=4 gen  3: best_d64=0.7452250805  pop=100
# p=4 gen  4: best_d64=0.7453463832  pop=100
# p=4 gen  5: best_d64=0.7453463832  pop=100
# p=4 gen  6: best_d64=0.7453463832  pop=100
# p=4 gen  7: best_d64=0.7453463832  pop=100
# p=4 gen  7: best_d64=0.7453463832  pop=-1
5,7,4,0.745346383171,27086,10.0,3.000850960876483;2.7496608463929855;3.594633469348517;2.642539688072651,1.0320724608094696;1.7829315101224237;1.3909602581971485;1.6904860853477048
# p=5 gen  1: best_d64=0.7622358758  pop=100
# p=5 gen  2: best_d64=0.7622823442  pop=100
# p=5 gen  3: best_d64=0.7622823442  pop=100
# p=5 gen  4: best_d64=0.7622823442  pop=100
# p=5 gen  5: best_d64=0.7622823442  pop=100
# p=5 gen  5: best_d64=0.7622823442  pop=-1
5,7,5,0.762282344234,22715,35.9,2.8717294125512107;5.871870317072629;0.6035696400557518;6.169029090029146;0.48821786449348326,2.9125320908186607;1.3763425058887842;0.12955102742022462;2.8341231668579794;3.037400662628884
# p=6 gen  1: best_d64=0.7775941657  pop=100
# p=6 gen  2: best_d64=0.7775941670  pop=100
# p=6 gen  3: best_d64=0.7775941670  pop=100
# p=6 gen  4: best_d64=0.7775941670  pop=100
# p=6 gen  5: best_d64=0.7775941670  pop=100
# p=6 gen  5: best_d64=0.7775941670  pop=-1
5,7,6,0.777594167012,24983,171.0,2.8872827554014293;5.892818650815883;0.5668787124639767;6.168866931577277;0.4435558776721507;0.48740462250158384,2.915420289824585;1.3793649558033554;0.11462808957145877;2.8335884324792144;2.9825875402390682;3.045443534053596
# p=7 gen  1: best_d64=0.7899789865  pop=100
# p=7 gen  2: best_d64=0.7899790690  pop=100
# p=7 gen  3: best_d64=0.7899790690  pop=100
# p=7 gen  4: best_d64=0.7899790690  pop=100
# p=7 gen  5: best_d64=0.7899790690  pop=100
# p=7 gen  5: best_d64=0.7899790690  pop=-1
5,7,7,0.789979069045,24131,772.7,2.8986952697564417;5.908303223042496;0.5460524726450539;6.168223543029362;0.40776282432640526;0.42992840246533465;0.4804983379535995,2.9181521737082865;1.3826996471964392;0.1045072584869173;2.839519725220179;2.971409191773359;2.9875363939305593;3.0528382596575785
# p=8 gen  1: best_d64=0.7998802976  pop=100
=== QAOA Double64 Swarm ===
Task:  11 / 15
Pair:  k=5, D=7
Node:  swift-c3dnodesetssd-24
CPUs:  28
Start: Tue Apr 21 21:50:01 UTC 2026
Job:   1357786_11

--- Node diagnostics ---
Hostname: swift-c3dnodesetssd-24
Memory:                  total        used        free      shared  buff/cache   available
Mem:           1.4Ti       9.1Gi       1.4Ti       3.3Mi       2.2Gi       1.4Ti
Disk:     10.17.247.218:/nfsshare   25T   15T  9.1T  62% /home
Julia:    /home/stephenjordan_google_com/julia-1.12.5/bin/julia
Git HEAD: 7b59647

Removing stale results/swarm-d64-k5d7.csv
Checking Julia environment...
Environment ready.

Starting swarm_chain_d64.jl with 28 threads at Tue Apr 21 21:50:05 UTC 2026
# swarm-d64 chain: k=5, D=7, p=1-15, pop=100, gens=10, burst=20, seed=42
k,D,p,ctilde,evals,wall_seconds,gamma,beta
# p=1 gen  1: best_d64=0.6461863546  pop=100
# p=1 gen  2: best_d64=0.6461863546  pop=100
# p=1 gen  3: best_d64=0.6461863546  pop=100
# p=1 gen  4: best_d64=0.6461863546  pop=100
# p=1 gen  4: best_d64=0.6461863546  pop=-1
5,7,1,0.646186354604,5029,5.1,3.579847468402955,1.770881077985515
# p=2 gen  1: best_d64=0.7008179027  pop=100
# p=2 gen  2: best_d64=0.7008179027  pop=100
# p=2 gen  3: best_d64=0.7008179027  pop=100
# p=2 gen  4: best_d64=0.7008179027  pop=100
# p=2 gen  4: best_d64=0.7008179027  pop=-1
5,7,2,0.700817902677,10604,0.9,0.34424389571899744;5.763152448273254,1.7983181094137461;1.7193471686151456
# p=3 gen  1: best_d64=0.7344287910  pop=100
# p=3 gen  2: best_d64=0.7344287910  pop=100
# p=3 gen  3: best_d64=0.7344287910  pop=100
# p=3 gen  4: best_d64=0.7344287910  pop=100
# p=3 gen  4: best_d64=0.7344287910  pop=-1
5,7,3,0.734428791030,15321,1.8,5.982524986293951;3.5969080625296086;0.5033652233557422,1.3396055589452758;0.18641077870169798;1.6965466486601606
# p=4 gen  1: best_d64=0.7399949014  pop=100
# p=4 gen  2: best_d64=0.7429704935  pop=100
# p=4 gen  3: best_d64=0.7452250805  pop=100
# p=4 gen  4: best_d64=0.7453463832  pop=100
# p=4 gen  5: best_d64=0.7453463832  pop=100
# p=4 gen  6: best_d64=0.7453463832  pop=100
# p=4 gen  7: best_d64=0.7453463832  pop=100
# p=4 gen  7: best_d64=0.7453463832  pop=-1
5,7,4,0.745346383171,26882,10.0,3.000850960876483;2.7496608463929855;3.594633469348517;2.642539688072651,1.0320724608094696;1.7829315101224237;1.3909602581971485;1.6904860853477048
# p=5 gen  1: best_d64=0.7622358758  pop=100
# p=5 gen  2: best_d64=0.7622823442  pop=100
# p=5 gen  3: best_d64=0.7622823442  pop=100
# p=5 gen  4: best_d64=0.7622823442  pop=100
# p=5 gen  5: best_d64=0.7622823442  pop=100
# p=5 gen  5: best_d64=0.7622823442  pop=-1
5,7,5,0.762282344234,22711,36.0,2.8717294125512107;5.871870317072629;0.6035696400557518;6.169029090029146;0.48821786449348326,2.9125320908186607;1.3763425058887842;0.12955102742022462;2.8341231668579794;3.037400662628884
# p=6 gen  1: best_d64=0.7775941657  pop=100
# p=6 gen  2: best_d64=0.7775941670  pop=100
# p=6 gen  3: best_d64=0.7775941670  pop=100
# p=6 gen  4: best_d64=0.7775941670  pop=100
# p=6 gen  5: best_d64=0.7775941670  pop=100
# p=6 gen  5: best_d64=0.7775941670  pop=-1
5,7,6,0.777594167012,24923,172.4,2.8872827554014293;5.892818650815883;0.5668787124639767;6.168866931577277;0.4435558776721507;0.48740462250158384,2.915420289824585;1.3793649558033554;0.11462808957145877;2.8335884324792144;2.9825875402390682;3.045443534053596
# p=7 gen  1: best_d64=0.7899789865  pop=100
# p=7 gen  2: best_d64=0.7899790690  pop=100
# p=7 gen  3: best_d64=0.7899790690  pop=100
# p=7 gen  4: best_d64=0.7899790690  pop=100
# p=7 gen  5: best_d64=0.7899790690  pop=100
# p=7 gen  5: best_d64=0.7899790690  pop=-1
5,7,7,0.789979069045,24130,770.7,2.8986952697564417;5.908303223042496;0.5460524726450539;6.168223543029362;0.40776282432640526;0.42992840246533465;0.4804983379535995,2.9181521737082865;1.3826996471964392;0.1045072584869173;2.839519725220179;2.971409191773359;2.9875363939305593;3.0528382596575785
# p=8 gen  1: best_d64=0.7998802976  pop=100
# p=8 gen  2: best_d64=0.7998809120  pop=100
# p=8 gen  3: best_d64=0.7998809120  pop=100
# p=8 gen  4: best_d64=0.7998809120  pop=100
# p=8 gen  5: best_d64=0.7998809121  pop=100
# p=8 gen  5: best_d64=0.7998809121  pop=-1
5,7,8,0.799880912063,23746,3248.7,2.9075242117733464;5.920283704742554;0.5281184455188827;6.170942288956945;0.3881962678193793;0.39306903858398334;0.4235120658539001;0.4773243155494876,2.920743086221066;1.385954005775849;0.09755681436743283;2.846339699629358;2.967818408287024;2.9739036822239604;2.9936975956498197;3.0599232460286188
# p=9 gen  1: best_d64=0.8080360281  pop=100
=== QAOA Double64 Swarm ===
Task:  11 / 15
Pair:  k=5, D=7
Node:  swift-c3dnodesetssd-9
CPUs:  28
Start: Wed Apr 22 00:11:37 UTC 2026
Job:   1357786_11

--- Node diagnostics ---
Hostname: swift-c3dnodesetssd-9
Memory:                  total        used        free      shared  buff/cache   available
Mem:           1.4Ti       9.0Gi       1.4Ti       3.3Mi       2.2Gi       1.4Ti
Disk:     10.17.247.218:/nfsshare   25T   15T  9.1T  62% /home
Julia:    /home/stephenjordan_google_com/julia-1.12.5/bin/julia
Git HEAD: 25cb9d9

Removing stale results/swarm-d64-k5d7.csv
Checking Julia environment...
Environment ready.

Starting swarm_chain_d64.jl with 28 threads at Wed Apr 22 00:11:40 UTC 2026
# swarm-d64 chain: k=5, D=7, p=1-15, pop=100, gens=10, burst=20, seed=42
k,D,p,ctilde,evals,wall_seconds,gamma,beta
# p=1 gen  1: best_d64=0.6461863546  pop=100
# p=1 gen  2: best_d64=0.6461863546  pop=100
# p=1 gen  3: best_d64=0.6461863546  pop=100
# p=1 gen  4: best_d64=0.6461863546  pop=100
# p=1 gen  4: best_d64=0.6461863546  pop=-1
5,7,1,0.646186354604,5033,5.1,3.579847468402955,1.770881077985515
# p=2 gen  1: best_d64=0.7008179027  pop=100
# p=2 gen  2: best_d64=0.7008179027  pop=100
# p=2 gen  3: best_d64=0.7008179027  pop=100
# p=2 gen  4: best_d64=0.7008179027  pop=100
# p=2 gen  4: best_d64=0.7008179027  pop=-1
5,7,2,0.700817902677,10605,0.9,0.34424389571899744;5.763152448273254,1.7983181094137461;1.7193471686151456
# p=3 gen  1: best_d64=0.7344287910  pop=100
# p=3 gen  2: best_d64=0.7344287910  pop=100
# p=3 gen  3: best_d64=0.7344287910  pop=100
# p=3 gen  4: best_d64=0.7344287910  pop=100
# p=3 gen  4: best_d64=0.7344287910  pop=-1
5,7,3,0.734428791030,15271,1.8,5.982524986293951;3.5969080625296086;0.5033652233557422,1.3396055589452758;0.18641077870169798;1.6965466486601606
# p=4 gen  1: best_d64=0.7399949014  pop=100
# p=4 gen  2: best_d64=0.7429704935  pop=100
# p=4 gen  3: best_d64=0.7452250805  pop=100
# p=4 gen  4: best_d64=0.7453463832  pop=100
# p=4 gen  5: best_d64=0.7453463832  pop=100
# p=4 gen  6: best_d64=0.7453463832  pop=100
# p=4 gen  7: best_d64=0.7453463832  pop=100
# p=4 gen  7: best_d64=0.7453463832  pop=-1
5,7,4,0.745346383171,27020,10.0,3.000850960876483;2.7496608463929855;3.594633469348517;2.642539688072651,1.0320724608094696;1.7829315101224237;1.3909602581971485;1.6904860853477048
# p=5 gen  1: best_d64=0.7622358758  pop=100
# p=5 gen  2: best_d64=0.7622823442  pop=100
# p=5 gen  3: best_d64=0.7622823442  pop=100
# p=5 gen  4: best_d64=0.7622823442  pop=100
# p=5 gen  5: best_d64=0.7622823442  pop=100
# p=5 gen  5: best_d64=0.7622823442  pop=-1
5,7,5,0.762282344234,22715,35.9,2.8717294125512107;5.871870317072629;0.6035696400557518;6.169029090029146;0.48821786449348326,2.9125320908186607;1.3763425058887842;0.12955102742022462;2.8341231668579794;3.037400662628884
# p=6 gen  1: best_d64=0.7775941657  pop=100
# p=6 gen  2: best_d64=0.7775941670  pop=100
# p=6 gen  3: best_d64=0.7775941670  pop=100
# p=6 gen  4: best_d64=0.7775941670  pop=100
# p=6 gen  5: best_d64=0.7775941670  pop=100
# p=6 gen  5: best_d64=0.7775941670  pop=-1
5,7,6,0.777594167012,24983,171.2,2.8872827554014293;5.892818650815883;0.5668787124639767;6.168866931577277;0.4435558776721507;0.48740462250158384,2.915420289824585;1.3793649558033554;0.11462808957145877;2.8335884324792144;2.9825875402390682;3.045443534053596
# p=7 gen  1: best_d64=0.7899789865  pop=100
# p=7 gen  2: best_d64=0.7899790690  pop=100
# p=7 gen  3: best_d64=0.7899790690  pop=100
# p=7 gen  4: best_d64=0.7899790690  pop=100
# p=7 gen  5: best_d64=0.7899790690  pop=100
# p=7 gen  5: best_d64=0.7899790690  pop=-1
5,7,7,0.789979069045,24131,770.9,2.8986952697564417;5.908303223042496;0.5460524726450539;6.168223543029362;0.40776282432640526;0.42992840246533465;0.4804983379535995,2.9181521737082865;1.3826996471964392;0.1045072584869173;2.839519725220179;2.971409191773359;2.9875363939305593;3.0528382596575785
# p=8 gen  1: best_d64=0.7998802976  pop=100
=== QAOA Double64 Swarm ===
Task:  11 / 15
Pair:  k=5, D=7
Node:  swift-c3dnodesetssd-8
CPUs:  28
Start: Wed Apr 22 00:45:07 UTC 2026
Job:   1357786_11

--- Node diagnostics ---
Hostname: swift-c3dnodesetssd-8
Memory:                  total        used        free      shared  buff/cache   available
Mem:           1.4Ti       9.5Gi       1.4Ti       3.3Mi       3.1Gi       1.4Ti
Disk:     10.17.247.218:/nfsshare   25T   15T  9.1T  62% /home
Julia:    /home/stephenjordan_google_com/julia-1.12.5/bin/julia
Git HEAD: 25cb9d9

Removing stale results/swarm-d64-k5d7.csv
Checking Julia environment...
Environment ready.

Starting swarm_chain_d64.jl with 28 threads at Wed Apr 22 00:45:10 UTC 2026
# swarm-d64 chain: k=5, D=7, p=1-15, pop=100, gens=10, burst=20, seed=42
k,D,p,ctilde,evals,wall_seconds,gamma,beta
# p=1 gen  1: best_d64=0.6461863546  pop=100
# p=1 gen  2: best_d64=0.6461863546  pop=100
# p=1 gen  3: best_d64=0.6461863546  pop=100
# p=1 gen  4: best_d64=0.6461863546  pop=100
# p=1 gen  4: best_d64=0.6461863546  pop=-1
5,7,1,0.646186354604,4969,5.1,3.579847468402955,1.770881077985515
# p=2 gen  1: best_d64=0.7008179027  pop=100
# p=2 gen  2: best_d64=0.7008179027  pop=100
# p=2 gen  3: best_d64=0.7008179027  pop=100
# p=2 gen  4: best_d64=0.7008179027  pop=100
# p=2 gen  4: best_d64=0.7008179027  pop=-1
5,7,2,0.700817902677,10604,0.9,0.34424389571899744;5.763152448273254,1.7983181094137461;1.7193471686151456
# p=3 gen  1: best_d64=0.7344287910  pop=100
# p=3 gen  2: best_d64=0.7344287910  pop=100
# p=3 gen  3: best_d64=0.7344287910  pop=100
# p=3 gen  4: best_d64=0.7344287910  pop=100
# p=3 gen  4: best_d64=0.7344287910  pop=-1
5,7,3,0.734428791030,15348,1.8,5.982524986293951;3.5969080625296086;0.5033652233557422,1.3396055589452758;0.18641077870169798;1.6965466486601606
# p=4 gen  1: best_d64=0.7399949014  pop=100
# p=4 gen  2: best_d64=0.7429704935  pop=100
# p=4 gen  3: best_d64=0.7452250805  pop=100
# p=4 gen  4: best_d64=0.7453463832  pop=100
# p=4 gen  5: best_d64=0.7453463832  pop=100
# p=4 gen  6: best_d64=0.7453463832  pop=100
# p=4 gen  7: best_d64=0.7453463832  pop=100
# p=4 gen  7: best_d64=0.7453463832  pop=-1
5,7,4,0.745346383171,27081,10.2,3.000850960876483;2.7496608463929855;3.594633469348517;2.642539688072651,1.0320724608094696;1.7829315101224237;1.3909602581971485;1.6904860853477048
# p=5 gen  1: best_d64=0.7622358758  pop=100
# p=5 gen  2: best_d64=0.7622823442  pop=100
# p=5 gen  3: best_d64=0.7622823442  pop=100
# p=5 gen  4: best_d64=0.7622823442  pop=100
# p=5 gen  5: best_d64=0.7622823442  pop=100
# p=5 gen  5: best_d64=0.7622823442  pop=-1
5,7,5,0.762282344234,22714,36.5,2.8717294125512107;5.871870317072629;0.6035696400557518;6.169029090029146;0.48821786449348326,2.9125320908186607;1.3763425058887842;0.12955102742022462;2.8341231668579794;3.037400662628884
# p=6 gen  1: best_d64=0.7775941657  pop=100
# p=6 gen  2: best_d64=0.7775941670  pop=100
# p=6 gen  3: best_d64=0.7775941670  pop=100
# p=6 gen  4: best_d64=0.7775941670  pop=100
# p=6 gen  5: best_d64=0.7775941670  pop=100
# p=6 gen  5: best_d64=0.7775941670  pop=-1
5,7,6,0.777594167012,24983,173.5,2.8872827554014293;5.892818650815883;0.5668787124639767;6.168866931577277;0.4435558776721507;0.48740462250158384,2.915420289824585;1.3793649558033554;0.11462808957145877;2.8335884324792144;2.9825875402390682;3.045443534053596
# p=7 gen  1: best_d64=0.7899789865  pop=100
# p=7 gen  2: best_d64=0.7899790690  pop=100
# p=7 gen  3: best_d64=0.7899790690  pop=100
# p=7 gen  4: best_d64=0.7899790690  pop=100
# p=7 gen  5: best_d64=0.7899790690  pop=100
# p=7 gen  5: best_d64=0.7899790690  pop=-1
5,7,7,0.789979069045,24131,781.3,2.8986952697564417;5.908303223042496;0.5460524726450539;6.168223543029362;0.40776282432640526;0.42992840246533465;0.4804983379535995,2.9181521737082865;1.3826996471964392;0.1045072584869173;2.839519725220179;2.971409191773359;2.9875363939305593;3.0528382596575785
# p=8 gen  1: best_d64=0.7998802976  pop=100
# p=8 gen  2: best_d64=0.7998809120  pop=100
=== QAOA Double64 Swarm ===
Task:  11 / 15
Pair:  k=5, D=7
Node:  swift-c3dnodesetssd-10
CPUs:  28
Start: Wed Apr 22 01:33:39 UTC 2026
Job:   1357786_11

--- Node diagnostics ---
Hostname: swift-c3dnodesetssd-10
Memory:                  total        used        free      shared  buff/cache   available
Mem:           1.4Ti       9.1Gi       1.4Ti       3.3Mi       2.4Gi       1.4Ti
Disk:     10.17.247.218:/nfsshare   25T   15T  9.1T  62% /home
Julia:    /home/stephenjordan_google_com/julia-1.12.5/bin/julia
Git HEAD: 25cb9d9

Removing stale results/swarm-d64-k5d7.csv
Checking Julia environment...
Environment ready.

Starting swarm_chain_d64.jl with 28 threads at Wed Apr 22 01:33:42 UTC 2026
# swarm-d64 chain: k=5, D=7, p=1-15, pop=100, gens=10, burst=20, seed=42
k,D,p,ctilde,evals,wall_seconds,gamma,beta
# p=1 gen  1: best_d64=0.6461863546  pop=100
# p=1 gen  2: best_d64=0.6461863546  pop=100
# p=1 gen  3: best_d64=0.6461863546  pop=100
# p=1 gen  4: best_d64=0.6461863546  pop=100
# p=1 gen  4: best_d64=0.6461863546  pop=-1
5,7,1,0.646186354604,5005,5.1,3.579847468402955,1.770881077985515
# p=2 gen  1: best_d64=0.7008179027  pop=100
# p=2 gen  2: best_d64=0.7008179027  pop=100
# p=2 gen  3: best_d64=0.7008179027  pop=100
# p=2 gen  4: best_d64=0.7008179027  pop=100
# p=2 gen  4: best_d64=0.7008179027  pop=-1
5,7,2,0.700817902677,10604,0.9,0.34424389571899744;5.763152448273254,1.7983181094137461;1.7193471686151456
# p=3 gen  1: best_d64=0.7344287910  pop=100
# p=3 gen  2: best_d64=0.7344287910  pop=100
# p=3 gen  3: best_d64=0.7344287910  pop=100
# p=3 gen  4: best_d64=0.7344287910  pop=100
# p=3 gen  4: best_d64=0.7344287910  pop=-1
5,7,3,0.734428791030,15259,1.7,5.982524986293951;3.5969080625296086;0.5033652233557422,1.3396055589452758;0.18641077870169798;1.6965466486601606
# p=4 gen  1: best_d64=0.7399949014  pop=100
# p=4 gen  2: best_d64=0.7429704935  pop=100
# p=4 gen  3: best_d64=0.7452250805  pop=100
# p=4 gen  4: best_d64=0.7453463832  pop=100
# p=4 gen  5: best_d64=0.7453463832  pop=100
# p=4 gen  6: best_d64=0.7453463832  pop=100
# p=4 gen  7: best_d64=0.7453463832  pop=100
# p=4 gen  7: best_d64=0.7453463832  pop=-1
5,7,4,0.745346383171,27086,9.9,3.000850960876483;2.7496608463929855;3.594633469348517;2.642539688072651,1.0320724608094696;1.7829315101224237;1.3909602581971485;1.6904860853477048
# p=5 gen  1: best_d64=0.7622358758  pop=100
# p=5 gen  2: best_d64=0.7622823442  pop=100
# p=5 gen  3: best_d64=0.7622823442  pop=100
# p=5 gen  4: best_d64=0.7622823442  pop=100
# p=5 gen  5: best_d64=0.7622823442  pop=100
# p=5 gen  5: best_d64=0.7622823442  pop=-1
5,7,5,0.762282344234,22650,35.8,2.8717294125512107;5.871870317072629;0.6035696400557518;6.169029090029146;0.48821786449348326,2.9125320908186607;1.3763425058887842;0.12955102742022462;2.8341231668579794;3.037400662628884
# p=6 gen  1: best_d64=0.7775941657  pop=100
# p=6 gen  2: best_d64=0.7775941670  pop=100
# p=6 gen  3: best_d64=0.7775941670  pop=100
# p=6 gen  4: best_d64=0.7775941670  pop=100
# p=6 gen  5: best_d64=0.7775941670  pop=100
# p=6 gen  5: best_d64=0.7775941670  pop=-1
5,7,6,0.777594167012,24983,171.5,2.8872827554014293;5.892818650815883;0.5668787124639767;6.168866931577277;0.4435558776721507;0.48740462250158384,2.915420289824585;1.3793649558033554;0.11462808957145877;2.8335884324792144;2.9825875402390682;3.045443534053596
# p=7 gen  1: best_d64=0.7899789865  pop=100
# p=7 gen  2: best_d64=0.7899790690  pop=100
# p=7 gen  3: best_d64=0.7899790690  pop=100
=== QAOA Double64 Swarm ===
Task:  11 / 15
Pair:  k=5, D=7
Node:  swift-c3dnodesetssd-10
CPUs:  28
Start: Wed Apr 22 01:51:09 UTC 2026
Job:   1357786_11

--- Node diagnostics ---
Hostname: swift-c3dnodesetssd-10
Memory:                  total        used        free      shared  buff/cache   available
Mem:           1.4Ti       9.1Gi       1.4Ti       3.3Mi       2.2Gi       1.4Ti
Disk:     10.17.247.218:/nfsshare   25T   15T  9.1T  62% /home
Julia:    /home/stephenjordan_google_com/julia-1.12.5/bin/julia
Git HEAD: 25cb9d9

Removing stale results/swarm-d64-k5d7.csv
Checking Julia environment...
Environment ready.

Starting swarm_chain_d64.jl with 28 threads at Wed Apr 22 01:51:12 UTC 2026
# swarm-d64 chain: k=5, D=7, p=1-15, pop=100, gens=10, burst=20, seed=42
k,D,p,ctilde,evals,wall_seconds,gamma,beta
# p=1 gen  1: best_d64=0.6461863546  pop=100
# p=1 gen  2: best_d64=0.6461863546  pop=100
# p=1 gen  3: best_d64=0.6461863546  pop=100
# p=1 gen  4: best_d64=0.6461863546  pop=100
# p=1 gen  4: best_d64=0.6461863546  pop=-1
5,7,1,0.646186354604,5026,5.2,3.579847468402955,1.770881077985515
# p=2 gen  1: best_d64=0.7008179027  pop=100
# p=2 gen  2: best_d64=0.7008179027  pop=100
# p=2 gen  3: best_d64=0.7008179027  pop=100
# p=2 gen  4: best_d64=0.7008179027  pop=100
# p=2 gen  4: best_d64=0.7008179027  pop=-1
5,7,2,0.700817902677,10604,0.9,0.34424389571899744;5.763152448273254,1.7983181094137461;1.7193471686151456
# p=3 gen  1: best_d64=0.7344287910  pop=100
# p=3 gen  2: best_d64=0.7344287910  pop=100
# p=3 gen  3: best_d64=0.7344287910  pop=100
# p=3 gen  4: best_d64=0.7344287910  pop=100
# p=3 gen  4: best_d64=0.7344287910  pop=-1
5,7,3,0.734428791030,15309,1.8,5.982524986293951;3.5969080625296086;0.5033652233557422,1.3396055589452758;0.18641077870169798;1.6965466486601606
# p=4 gen  1: best_d64=0.7399949014  pop=100
# p=4 gen  2: best_d64=0.7429704935  pop=100
# p=4 gen  3: best_d64=0.7452250805  pop=100
# p=4 gen  4: best_d64=0.7453463832  pop=100
# p=4 gen  5: best_d64=0.7453463832  pop=100
# p=4 gen  6: best_d64=0.7453463832  pop=100
# p=4 gen  7: best_d64=0.7453463832  pop=100
# p=4 gen  7: best_d64=0.7453463832  pop=-1
5,7,4,0.745346383171,27088,10.3,3.000850960876483;2.7496608463929855;3.594633469348517;2.642539688072651,1.0320724608094696;1.7829315101224237;1.3909602581971485;1.6904860853477048
# p=5 gen  1: best_d64=0.7622358758  pop=100
# p=5 gen  2: best_d64=0.7622823442  pop=100
# p=5 gen  3: best_d64=0.7622823442  pop=100
# p=5 gen  4: best_d64=0.7622823442  pop=100
# p=5 gen  5: best_d64=0.7622823442  pop=100
# p=5 gen  5: best_d64=0.7622823442  pop=-1
5,7,5,0.762282344234,22715,36.7,2.8717294125512107;5.871870317072629;0.6035696400557518;6.169029090029146;0.48821786449348326,2.9125320908186607;1.3763425058887842;0.12955102742022462;2.8341231668579794;3.037400662628884
# p=6 gen  1: best_d64=0.7775941657  pop=100
# p=6 gen  2: best_d64=0.7775941670  pop=100
# p=6 gen  3: best_d64=0.7775941670  pop=100
# p=6 gen  4: best_d64=0.7775941670  pop=100
# p=6 gen  5: best_d64=0.7775941670  pop=100
# p=6 gen  5: best_d64=0.7775941670  pop=-1
5,7,6,0.777594167012,24946,173.9,2.8872827554014293;5.892818650815883;0.5668787124639767;6.168866931577277;0.4435558776721507;0.48740462250158384,2.915420289824585;1.3793649558033554;0.11462808957145877;2.8335884324792144;2.9825875402390682;3.045443534053596
# p=7 gen  1: best_d64=0.7899789865  pop=100
# p=7 gen  2: best_d64=0.7899790690  pop=100
# p=7 gen  3: best_d64=0.7899790690  pop=100
# p=7 gen  4: best_d64=0.7899790690  pop=100
# p=7 gen  5: best_d64=0.7899790690  pop=100
# p=7 gen  5: best_d64=0.7899790690  pop=-1
5,7,7,0.789979069045,24131,779.1,2.8986952697564417;5.908303223042496;0.5460524726450539;6.168223543029362;0.40776282432640526;0.42992840246533465;0.4804983379535995,2.9181521737082865;1.3826996471964392;0.1045072584869173;2.839519725220179;2.971409191773359;2.9875363939305593;3.0528382596575785
# p=8 gen  1: best_d64=0.7998802976  pop=100
# p=8 gen  2: best_d64=0.7998809120  pop=100
=== QAOA Double64 Swarm ===
Task:  11 / 15
Pair:  k=5, D=7
Node:  swift-c3dnodesetssd-10
CPUs:  28
Start: Wed Apr 22 02:39:39 UTC 2026
Job:   1357786_11

--- Node diagnostics ---
Hostname: swift-c3dnodesetssd-10
Memory:                  total        used        free      shared  buff/cache   available
Mem:           1.4Ti       9.7Gi       1.4Ti       3.3Mi       3.3Gi       1.4Ti
Disk:     10.17.247.218:/nfsshare   25T   15T  9.1T  62% /home
Julia:    /home/stephenjordan_google_com/julia-1.12.5/bin/julia
Git HEAD: 25cb9d9

Removing stale results/swarm-d64-k5d7.csv
Checking Julia environment...
Environment ready.

Starting swarm_chain_d64.jl with 28 threads at Wed Apr 22 02:39:42 UTC 2026
# swarm-d64 chain: k=5, D=7, p=1-15, pop=100, gens=10, burst=20, seed=42
k,D,p,ctilde,evals,wall_seconds,gamma,beta
# p=1 gen  1: best_d64=0.6461863546  pop=100
# p=1 gen  2: best_d64=0.6461863546  pop=100
# p=1 gen  3: best_d64=0.6461863546  pop=100
# p=1 gen  4: best_d64=0.6461863546  pop=100
# p=1 gen  4: best_d64=0.6461863546  pop=-1
5,7,1,0.646186354604,5022,5.1,3.579847468402955,1.770881077985515
# p=2 gen  1: best_d64=0.7008179027  pop=100
# p=2 gen  2: best_d64=0.7008179027  pop=100
# p=2 gen  3: best_d64=0.7008179027  pop=100
# p=2 gen  4: best_d64=0.7008179027  pop=100
# p=2 gen  4: best_d64=0.7008179027  pop=-1
5,7,2,0.700817902677,10605,0.9,0.34424389571899744;5.763152448273254,1.7983181094137461;1.7193471686151456
# p=3 gen  1: best_d64=0.7344287910  pop=100
# p=3 gen  2: best_d64=0.7344287910  pop=100
# p=3 gen  3: best_d64=0.7344287910  pop=100
# p=3 gen  4: best_d64=0.7344287910  pop=100
# p=3 gen  4: best_d64=0.7344287910  pop=-1
5,7,3,0.734428791030,15342,1.7,5.982524986293951;3.5969080625296086;0.5033652233557422,1.3396055589452758;0.18641077870169798;1.6965466486601606
# p=4 gen  1: best_d64=0.7399949014  pop=100
# p=4 gen  2: best_d64=0.7429704935  pop=100
# p=4 gen  3: best_d64=0.7452250805  pop=100
# p=4 gen  4: best_d64=0.7453463832  pop=100
# p=4 gen  5: best_d64=0.7453463832  pop=100
# p=4 gen  6: best_d64=0.7453463832  pop=100
# p=4 gen  7: best_d64=0.7453463832  pop=100
# p=4 gen  7: best_d64=0.7453463832  pop=-1
5,7,4,0.745346383171,27007,10.0,3.000850960876483;2.7496608463929855;3.594633469348517;2.642539688072651,1.0320724608094696;1.7829315101224237;1.3909602581971485;1.6904860853477048
# p=5 gen  1: best_d64=0.7622358758  pop=100
# p=5 gen  2: best_d64=0.7622823442  pop=100
# p=5 gen  3: best_d64=0.7622823442  pop=100
# p=5 gen  4: best_d64=0.7622823442  pop=100
# p=5 gen  5: best_d64=0.7622823442  pop=100
# p=5 gen  5: best_d64=0.7622823442  pop=-1
5,7,5,0.762282344234,22642,35.9,2.8717294125512107;5.871870317072629;0.6035696400557518;6.169029090029146;0.48821786449348326,2.9125320908186607;1.3763425058887842;0.12955102742022462;2.8341231668579794;3.037400662628884
# p=6 gen  1: best_d64=0.7775941657  pop=100
# p=6 gen  2: best_d64=0.7775941670  pop=100
# p=6 gen  3: best_d64=0.7775941670  pop=100
# p=6 gen  4: best_d64=0.7775941670  pop=100
# p=6 gen  5: best_d64=0.7775941670  pop=100
# p=6 gen  5: best_d64=0.7775941670  pop=-1
5,7,6,0.777594167012,24918,171.5,2.8872827554014293;5.892818650815883;0.5668787124639767;6.168866931577277;0.4435558776721507;0.48740462250158384,2.915420289824585;1.3793649558033554;0.11462808957145877;2.8335884324792144;2.9825875402390682;3.045443534053596
# p=7 gen  1: best_d64=0.7899789865  pop=100
# p=7 gen  2: best_d64=0.7899790690  pop=100
# p=7 gen  3: best_d64=0.7899790690  pop=100
# p=7 gen  4: best_d64=0.7899790690  pop=100
# p=7 gen  5: best_d64=0.7899790690  pop=100
# p=7 gen  5: best_d64=0.7899790690  pop=-1
5,7,7,0.789979069045,24131,770.7,2.8986952697564417;5.908303223042496;0.5460524726450539;6.168223543029362;0.40776282432640526;0.42992840246533465;0.4804983379535995,2.9181521737082865;1.3826996471964392;0.1045072584869173;2.839519725220179;2.971409191773359;2.9875363939305593;3.0528382596575785
# p=8 gen  1: best_d64=0.7998802976  pop=100
# p=8 gen  2: best_d64=0.7998809120  pop=100
=== QAOA Double64 Swarm ===
Task:  11 / 15
Pair:  k=5, D=7
Node:  swift-c3dnodesetssd-10
CPUs:  28
Start: Wed Apr 22 03:33:09 UTC 2026
Job:   1357786_11

--- Node diagnostics ---
Hostname: swift-c3dnodesetssd-10
Memory:                  total        used        free      shared  buff/cache   available
Mem:           1.4Ti       9.0Gi       1.4Ti       3.3Mi       2.0Gi       1.4Ti
Disk:     10.17.247.218:/nfsshare   25T   15T  9.1T  62% /home
Julia:    /home/stephenjordan_google_com/julia-1.12.5/bin/julia
Git HEAD: 25cb9d9

Removing stale results/swarm-d64-k5d7.csv
Checking Julia environment...
Environment ready.

Starting swarm_chain_d64.jl with 28 threads at Wed Apr 22 03:33:13 UTC 2026
# swarm-d64 chain: k=5, D=7, p=1-15, pop=100, gens=10, burst=20, seed=42
k,D,p,ctilde,evals,wall_seconds,gamma,beta
# p=1 gen  1: best_d64=0.6461863546  pop=100
# p=1 gen  2: best_d64=0.6461863546  pop=100
# p=1 gen  3: best_d64=0.6461863546  pop=100
# p=1 gen  4: best_d64=0.6461863546  pop=100
# p=1 gen  4: best_d64=0.6461863546  pop=-1
5,7,1,0.646186354604,4979,5.1,3.579847468402955,1.770881077985515
# p=2 gen  1: best_d64=0.7008179027  pop=100
# p=2 gen  2: best_d64=0.7008179027  pop=100
# p=2 gen  3: best_d64=0.7008179027  pop=100
# p=2 gen  4: best_d64=0.7008179027  pop=100
# p=2 gen  4: best_d64=0.7008179027  pop=-1
5,7,2,0.700817902677,10605,0.9,0.34424389571899744;5.763152448273254,1.7983181094137461;1.7193471686151456
# p=3 gen  1: best_d64=0.7344287910  pop=100
# p=3 gen  2: best_d64=0.7344287910  pop=100
# p=3 gen  3: best_d64=0.7344287910  pop=100
# p=3 gen  4: best_d64=0.7344287910  pop=100
# p=3 gen  4: best_d64=0.7344287910  pop=-1
5,7,3,0.734428791030,15353,1.8,5.982524986293951;3.5969080625296086;0.5033652233557422,1.3396055589452758;0.18641077870169798;1.6965466486601606
# p=4 gen  1: best_d64=0.7399949014  pop=100
# p=4 gen  2: best_d64=0.7429704935  pop=100
# p=4 gen  3: best_d64=0.7452250805  pop=100
# p=4 gen  4: best_d64=0.7453463832  pop=100
# p=4 gen  5: best_d64=0.7453463832  pop=100
# p=4 gen  6: best_d64=0.7453463832  pop=100
# p=4 gen  7: best_d64=0.7453463832  pop=100
# p=4 gen  7: best_d64=0.7453463832  pop=-1
5,7,4,0.745346383171,27089,10.0,3.000850960876483;2.7496608463929855;3.594633469348517;2.642539688072651,1.0320724608094696;1.7829315101224237;1.3909602581971485;1.6904860853477048
# p=5 gen  1: best_d64=0.7622358758  pop=100
# p=5 gen  2: best_d64=0.7622823442  pop=100
# p=5 gen  3: best_d64=0.7622823442  pop=100
# p=5 gen  4: best_d64=0.7622823442  pop=100
# p=5 gen  5: best_d64=0.7622823442  pop=100
# p=5 gen  5: best_d64=0.7622823442  pop=-1
5,7,5,0.762282344234,22715,36.1,2.8717294125512107;5.871870317072629;0.6035696400557518;6.169029090029146;0.48821786449348326,2.9125320908186607;1.3763425058887842;0.12955102742022462;2.8341231668579794;3.037400662628884
# p=6 gen  1: best_d64=0.7775941657  pop=100
# p=6 gen  2: best_d64=0.7775941670  pop=100
# p=6 gen  3: best_d64=0.7775941670  pop=100
# p=6 gen  4: best_d64=0.7775941670  pop=100
# p=6 gen  5: best_d64=0.7775941670  pop=100
# p=6 gen  5: best_d64=0.7775941670  pop=-1
5,7,6,0.777594167012,24983,172.1,2.8872827554014293;5.892818650815883;0.5668787124639767;6.168866931577277;0.4435558776721507;0.48740462250158384,2.915420289824585;1.3793649558033554;0.11462808957145877;2.8335884324792144;2.9825875402390682;3.045443534053596
# p=7 gen  1: best_d64=0.7899789865  pop=100
# p=7 gen  2: best_d64=0.7899790690  pop=100
# p=7 gen  3: best_d64=0.7899790690  pop=100
# p=7 gen  4: best_d64=0.7899790690  pop=100
# p=7 gen  5: best_d64=0.7899790690  pop=100
# p=7 gen  5: best_d64=0.7899790690  pop=-1
5,7,7,0.789979069045,24131,775.4,2.8986952697564417;5.908303223042496;0.5460524726450539;6.168223543029362;0.40776282432640526;0.42992840246533465;0.4804983379535995,2.9181521737082865;1.3826996471964392;0.1045072584869173;2.839519725220179;2.971409191773359;2.9875363939305593;3.0528382596575785
# p=8 gen  1: best_d64=0.7998802976  pop=100
# p=8 gen  2: best_d64=0.7998809120  pop=100
=== QAOA Double64 Swarm ===
Task:  11 / 15
Pair:  k=5, D=7
Node:  swift-c3dnodesetssd-17
CPUs:  28
Start: Wed Apr 22 04:24:40 UTC 2026
Job:   1357786_11

--- Node diagnostics ---
Hostname: swift-c3dnodesetssd-17
Memory:                  total        used        free      shared  buff/cache   available
Mem:           1.4Ti       9.1Gi       1.4Ti       3.3Mi       2.2Gi       1.4Ti
Disk:     10.17.247.218:/nfsshare   25T   15T  9.1T  62% /home
Julia:    /home/stephenjordan_google_com/julia-1.12.5/bin/julia
Git HEAD: 25cb9d9

Removing stale results/swarm-d64-k5d7.csv
Checking Julia environment...
Environment ready.

Starting swarm_chain_d64.jl with 28 threads at Wed Apr 22 04:24:42 UTC 2026
# swarm-d64 chain: k=5, D=7, p=1-15, pop=100, gens=10, burst=20, seed=42
k,D,p,ctilde,evals,wall_seconds,gamma,beta
# p=1 gen  1: best_d64=0.6461863546  pop=100
# p=1 gen  2: best_d64=0.6461863546  pop=100
# p=1 gen  3: best_d64=0.6461863546  pop=100
# p=1 gen  4: best_d64=0.6461863546  pop=100
# p=1 gen  4: best_d64=0.6461863546  pop=-1
5,7,1,0.646186354604,4983,5.1,3.579847468402955,1.770881077985515
# p=2 gen  1: best_d64=0.7008179027  pop=100
# p=2 gen  2: best_d64=0.7008179027  pop=100
# p=2 gen  3: best_d64=0.7008179027  pop=100
# p=2 gen  4: best_d64=0.7008179027  pop=100
# p=2 gen  4: best_d64=0.7008179027  pop=-1
5,7,2,0.700817902677,10605,0.9,0.34424389571899744;5.763152448273254,1.7983181094137461;1.7193471686151456
# p=3 gen  1: best_d64=0.7344287910  pop=100
# p=3 gen  2: best_d64=0.7344287910  pop=100
# p=3 gen  3: best_d64=0.7344287910  pop=100
# p=3 gen  4: best_d64=0.7344287910  pop=100
# p=3 gen  4: best_d64=0.7344287910  pop=-1
5,7,3,0.734428791030,15215,1.7,5.982524986293951;3.5969080625296086;0.5033652233557422,1.3396055589452758;0.18641077870169798;1.6965466486601606
# p=4 gen  1: best_d64=0.7399949014  pop=100
# p=4 gen  2: best_d64=0.7429704935  pop=100
# p=4 gen  3: best_d64=0.7452250805  pop=100
# p=4 gen  4: best_d64=0.7453463832  pop=100
# p=4 gen  5: best_d64=0.7453463832  pop=100
# p=4 gen  6: best_d64=0.7453463832  pop=100
# p=4 gen  7: best_d64=0.7453463832  pop=100
# p=4 gen  7: best_d64=0.7453463832  pop=-1
5,7,4,0.745346383171,26930,10.0,3.000850960876483;2.7496608463929855;3.594633469348517;2.642539688072651,1.0320724608094696;1.7829315101224237;1.3909602581971485;1.6904860853477048
# p=5 gen  1: best_d64=0.7622358758  pop=100
# p=5 gen  2: best_d64=0.7622823442  pop=100
# p=5 gen  3: best_d64=0.7622823442  pop=100
# p=5 gen  4: best_d64=0.7622823442  pop=100
# p=5 gen  5: best_d64=0.7622823442  pop=100
# p=5 gen  5: best_d64=0.7622823442  pop=-1
5,7,5,0.762282344234,22715,35.9,2.8717294125512107;5.871870317072629;0.6035696400557518;6.169029090029146;0.48821786449348326,2.9125320908186607;1.3763425058887842;0.12955102742022462;2.8341231668579794;3.037400662628884
# p=6 gen  1: best_d64=0.7775941657  pop=100
# p=6 gen  2: best_d64=0.7775941670  pop=100
# p=6 gen  3: best_d64=0.7775941670  pop=100
# p=6 gen  4: best_d64=0.7775941670  pop=100
# p=6 gen  5: best_d64=0.7775941670  pop=100
# p=6 gen  5: best_d64=0.7775941670  pop=-1
5,7,6,0.777594167012,24976,171.7,2.8872827554014293;5.892818650815883;0.5668787124639767;6.168866931577277;0.4435558776721507;0.48740462250158384,2.915420289824585;1.3793649558033554;0.11462808957145877;2.8335884324792144;2.9825875402390682;3.045443534053596
# p=7 gen  1: best_d64=0.7899789865  pop=100
# p=7 gen  2: best_d64=0.7899790690  pop=100
# p=7 gen  3: best_d64=0.7899790690  pop=100
# p=7 gen  4: best_d64=0.7899790690  pop=100
# p=7 gen  5: best_d64=0.7899790690  pop=100
# p=7 gen  5: best_d64=0.7899790690  pop=-1
5,7,7,0.789979069045,24131,774.7,2.8986952697564417;5.908303223042496;0.5460524726450539;6.168223543029362;0.40776282432640526;0.42992840246533465;0.4804983379535995,2.9181521737082865;1.3826996471964392;0.1045072584869173;2.839519725220179;2.971409191773359;2.9875363939305593;3.0528382596575785
# p=8 gen  1: best_d64=0.7998802976  pop=100
# p=8 gen  2: best_d64=0.7998809120  pop=100
# p=8 gen  3: best_d64=0.7998809120  pop=100
# p=8 gen  4: best_d64=0.7998809120  pop=100
# p=8 gen  5: best_d64=0.7998809121  pop=100
# p=8 gen  5: best_d64=0.7998809121  pop=-1
5,7,8,0.799880912063,23746,3257.9,2.9075242117733464;5.920283704742554;0.5281184455188827;6.170942288956945;0.3881962678193793;0.39306903858398334;0.4235120658539001;0.4773243155494876,2.920743086221066;1.385954005775849;0.09755681436743283;2.846339699629358;2.967818408287024;2.9739036822239604;2.9936975956498197;3.0599232460286188
# p=9 gen  1: best_d64=0.8080360281  pop=100
# p=9 gen  2: best_d64=0.8080371741  pop=100
# p=9 gen  3: best_d64=0.8080371751  pop=100
=== QAOA Double64 Swarm ===
Task:  11 / 15
Pair:  k=5, D=7
Node:  swift-c3dnodesetssd-14
CPUs:  28
Start: Wed Apr 22 08:34:41 UTC 2026
Job:   1357786_11

--- Node diagnostics ---
Hostname: swift-c3dnodesetssd-14
Memory:                  total        used        free      shared  buff/cache   available
Mem:           1.4Ti       9.0Gi       1.4Ti       3.3Mi       2.2Gi       1.4Ti
Disk:     10.17.247.218:/nfsshare   25T   15T  9.1T  62% /home
Julia:    /home/stephenjordan_google_com/julia-1.12.5/bin/julia
Git HEAD: 25cb9d9

Removing stale results/swarm-d64-k5d7.csv
Checking Julia environment...
Environment ready.

Starting swarm_chain_d64.jl with 28 threads at Wed Apr 22 08:34:46 UTC 2026
# swarm-d64 chain: k=5, D=7, p=1-15, pop=100, gens=10, burst=20, seed=42
k,D,p,ctilde,evals,wall_seconds,gamma,beta
# p=1 gen  1: best_d64=0.6461863546  pop=100
# p=1 gen  2: best_d64=0.6461863546  pop=100
# p=1 gen  3: best_d64=0.6461863546  pop=100
# p=1 gen  4: best_d64=0.6461863546  pop=100
# p=1 gen  4: best_d64=0.6461863546  pop=-1
5,7,1,0.646186354604,5010,5.1,3.579847468402955,1.770881077985515
# p=2 gen  1: best_d64=0.7008179027  pop=100
# p=2 gen  2: best_d64=0.7008179027  pop=100
# p=2 gen  3: best_d64=0.7008179027  pop=100
# p=2 gen  4: best_d64=0.7008179027  pop=100
# p=2 gen  4: best_d64=0.7008179027  pop=-1
5,7,2,0.700817902677,10605,0.9,0.34424389571899744;5.763152448273254,1.7983181094137461;1.7193471686151456
# p=3 gen  1: best_d64=0.7344287910  pop=100
# p=3 gen  2: best_d64=0.7344287910  pop=100
# p=3 gen  3: best_d64=0.7344287910  pop=100
# p=3 gen  4: best_d64=0.7344287910  pop=100
# p=3 gen  4: best_d64=0.7344287910  pop=-1
5,7,3,0.734428791030,15328,1.8,5.982524986293951;3.5969080625296086;0.5033652233557422,1.3396055589452758;0.18641077870169798;1.6965466486601606
# p=4 gen  1: best_d64=0.7399949014  pop=100
# p=4 gen  2: best_d64=0.7429704935  pop=100
# p=4 gen  3: best_d64=0.7452250805  pop=100
# p=4 gen  4: best_d64=0.7453463832  pop=100
# p=4 gen  5: best_d64=0.7453463832  pop=100
# p=4 gen  6: best_d64=0.7453463832  pop=100
# p=4 gen  7: best_d64=0.7453463832  pop=100
# p=4 gen  7: best_d64=0.7453463832  pop=-1
5,7,4,0.745346383171,27015,10.0,3.000850960876483;2.7496608463929855;3.594633469348517;2.642539688072651,1.0320724608094696;1.7829315101224237;1.3909602581971485;1.6904860853477048
# p=5 gen  1: best_d64=0.7622358758  pop=100
# p=5 gen  2: best_d64=0.7622823442  pop=100
# p=5 gen  3: best_d64=0.7622823442  pop=100
# p=5 gen  4: best_d64=0.7622823442  pop=100
# p=5 gen  5: best_d64=0.7622823442  pop=100
# p=5 gen  5: best_d64=0.7622823442  pop=-1
5,7,5,0.762282344234,22715,36.0,2.8717294125512107;5.871870317072629;0.6035696400557518;6.169029090029146;0.48821786449348326,2.9125320908186607;1.3763425058887842;0.12955102742022462;2.8341231668579794;3.037400662628884
# p=6 gen  1: best_d64=0.7775941657  pop=100
# p=6 gen  2: best_d64=0.7775941670  pop=100
# p=6 gen  3: best_d64=0.7775941670  pop=100
# p=6 gen  4: best_d64=0.7775941670  pop=100
# p=6 gen  5: best_d64=0.7775941670  pop=100
# p=6 gen  5: best_d64=0.7775941670  pop=-1
5,7,6,0.777594167012,24983,171.7,2.8872827554014293;5.892818650815883;0.5668787124639767;6.168866931577277;0.4435558776721507;0.48740462250158384,2.915420289824585;1.3793649558033554;0.11462808957145877;2.8335884324792144;2.9825875402390682;3.045443534053596
# p=7 gen  1: best_d64=0.7899789865  pop=100
# p=7 gen  2: best_d64=0.7899790690  pop=100
=== QAOA Double64 Swarm ===
Task:  11 / 15
Pair:  k=5, D=7
Node:  swift-c3dnodesetssd-10
CPUs:  28
Start: Wed Apr 22 08:50:42 UTC 2026
Job:   1357786_11

--- Node diagnostics ---
Hostname: swift-c3dnodesetssd-10
Memory:                  total        used        free      shared  buff/cache   available
Mem:           1.4Ti       9.1Gi       1.4Ti       3.3Mi       2.2Gi       1.4Ti
Disk:     10.17.247.218:/nfsshare   25T   15T  9.1T  62% /home
Julia:    /home/stephenjordan_google_com/julia-1.12.5/bin/julia
Git HEAD: 25cb9d9

Removing stale results/swarm-d64-k5d7.csv
Checking Julia environment...
Environment ready.

Starting swarm_chain_d64.jl with 28 threads at Wed Apr 22 08:50:51 UTC 2026
# swarm-d64 chain: k=5, D=7, p=1-15, pop=100, gens=10, burst=20, seed=42
k,D,p,ctilde,evals,wall_seconds,gamma,beta
# p=1 gen  1: best_d64=0.6461863546  pop=100
# p=1 gen  2: best_d64=0.6461863546  pop=100
# p=1 gen  3: best_d64=0.6461863546  pop=100
# p=1 gen  4: best_d64=0.6461863546  pop=100
# p=1 gen  4: best_d64=0.6461863546  pop=-1
5,7,1,0.646186354604,4993,5.2,3.579847468402955,1.770881077985515
# p=2 gen  1: best_d64=0.7008179027  pop=100
# p=2 gen  2: best_d64=0.7008179027  pop=100
# p=2 gen  3: best_d64=0.7008179027  pop=100
# p=2 gen  4: best_d64=0.7008179027  pop=100
# p=2 gen  4: best_d64=0.7008179027  pop=-1
5,7,2,0.700817902677,10602,1.0,0.34424389571899744;5.763152448273254,1.7983181094137461;1.7193471686151456
# p=3 gen  1: best_d64=0.7344287910  pop=100
# p=3 gen  2: best_d64=0.7344287910  pop=100
# p=3 gen  3: best_d64=0.7344287910  pop=100
# p=3 gen  4: best_d64=0.7344287910  pop=100
# p=3 gen  4: best_d64=0.7344287910  pop=-1
5,7,3,0.734428791030,15288,1.8,5.982524986293951;3.5969080625296086;0.5033652233557422,1.3396055589452758;0.18641077870169798;1.6965466486601606
# p=4 gen  1: best_d64=0.7399949014  pop=100
# p=4 gen  2: best_d64=0.7429704935  pop=100
# p=4 gen  3: best_d64=0.7452250805  pop=100
# p=4 gen  4: best_d64=0.7453463832  pop=100
# p=4 gen  5: best_d64=0.7453463832  pop=100
# p=4 gen  6: best_d64=0.7453463832  pop=100
# p=4 gen  7: best_d64=0.7453463832  pop=100
# p=4 gen  7: best_d64=0.7453463832  pop=-1
5,7,4,0.745346383171,27015,10.2,3.000850960876483;2.7496608463929855;3.594633469348517;2.642539688072651,1.0320724608094696;1.7829315101224237;1.3909602581971485;1.6904860853477048
# p=5 gen  1: best_d64=0.7622358758  pop=100
# p=5 gen  2: best_d64=0.7622823442  pop=100
# p=5 gen  3: best_d64=0.7622823442  pop=100
# p=5 gen  4: best_d64=0.7622823442  pop=100
# p=5 gen  5: best_d64=0.7622823442  pop=100
# p=5 gen  5: best_d64=0.7622823442  pop=-1
5,7,5,0.762282344234,22714,36.3,2.8717294125512107;5.871870317072629;0.6035696400557518;6.169029090029146;0.48821786449348326,2.9125320908186607;1.3763425058887842;0.12955102742022462;2.8341231668579794;3.037400662628884
# p=6 gen  1: best_d64=0.7775941657  pop=100
# p=6 gen  2: best_d64=0.7775941670  pop=100
# p=6 gen  3: best_d64=0.7775941670  pop=100
# p=6 gen  4: best_d64=0.7775941670  pop=100
# p=6 gen  5: best_d64=0.7775941670  pop=100
# p=6 gen  5: best_d64=0.7775941670  pop=-1
5,7,6,0.777594167012,24983,172.5,2.8872827554014293;5.892818650815883;0.5668787124639767;6.168866931577277;0.4435558776721507;0.48740462250158384,2.915420289824585;1.3793649558033554;0.11462808957145877;2.8335884324792144;2.9825875402390682;3.045443534053596
# p=7 gen  1: best_d64=0.7899789865  pop=100
# p=7 gen  2: best_d64=0.7899790690  pop=100
# p=7 gen  3: best_d64=0.7899790690  pop=100
# p=7 gen  4: best_d64=0.7899790690  pop=100
# p=7 gen  5: best_d64=0.7899790690  pop=100
# p=7 gen  5: best_d64=0.7899790690  pop=-1
5,7,7,0.789979069045,24131,776.2,2.8986952697564417;5.908303223042496;0.5460524726450539;6.168223543029362;0.40776282432640526;0.42992840246533465;0.4804983379535995,2.9181521737082865;1.3826996471964392;0.1045072584869173;2.839519725220179;2.971409191773359;2.9875363939305593;3.0528382596575785
# p=8 gen  1: best_d64=0.7998802976  pop=100
# p=8 gen  2: best_d64=0.7998809120  pop=100
# p=8 gen  3: best_d64=0.7998809120  pop=100
# p=8 gen  4: best_d64=0.7998809120  pop=100
# p=8 gen  5: best_d64=0.7998809121  pop=100
# p=8 gen  5: best_d64=0.7998809121  pop=-1
5,7,8,0.799880912063,23746,3254.3,2.9075242117733464;5.920283704742554;0.5281184455188827;6.170942288956945;0.3881962678193793;0.39306903858398334;0.4235120658539001;0.4773243155494876,2.920743086221066;1.385954005775849;0.09755681436743283;2.846339699629358;2.967818408287024;2.9739036822239604;2.9936975956498197;3.0599232460286188
# p=9 gen  1: best_d64=0.8080360281  pop=100
# p=9 gen  2: best_d64=0.8080371741  pop=100
# p=9 gen  3: best_d64=0.8080371751  pop=100
# p=9 gen  4: best_d64=0.8080371751  pop=100
# p=9 gen  5: best_d64=0.8080371751  pop=100
# p=9 gen  6: best_d64=0.8080371751  pop=100
# p=9 gen  6: best_d64=0.8080371751  pop=-1
5,7,9,0.808037175140,28028,17600.5,2.914568716654498;5.929906961706141;0.51299056749693;6.174403580537776;0.3743856264593472;0.37260179164308527;0.3851684957766857;0.4192875781115705;0.47570664154249553,2.9231231709843075;1.3889538827267434;0.09213614842549765;2.8532620070193198;2.968038643767101;2.9683700418212635;2.977775553794027;2.9996669844187376;3.0657308319368175
# p=10 gen  1: best_d64=0.8148701512  pop=100
# p=10 gen  2: best_d64=0.8148719289  pop=100
# p=10 gen  3: best_d64=0.8148719491  pop=100
# p=10 gen  4: best_d64=0.8148719491  pop=100
# p=10 gen  5: best_d64=0.8148719491  pop=100
# p=10 gen  6: best_d64=0.8148719491  pop=100
# p=10 gen  6: best_d64=0.8148719491  pop=-1
5,7,10,0.814871949126,25238,77825.2,2.920438370737112;5.938018641351506;0.4993325744860985;6.178406581187078;0.3639193081626959;0.3588460036779323;0.3640779364925981;0.3792273058388673;0.41645876269259857;0.4744618904345553,2.9253309966054677;1.3917324767899921;0.0877047993827085;2.8598795520598403;2.9694434052834286;2.9675348191245;2.970369837005177;2.9815988673683003;3.0051558760018082;3.0705823548306315
# p=11 gen  1: best_d64=0.8206922294  pop=100
# p=11 gen  2: best_d64=0.8206943735  pop=100
# p=11 gen  3: best_d64=0.8206944317  pop=100
# p=11 gen  4: best_d64=0.8206944317  pop=100
# p=11 gen  5: best_d64=0.8206944317  pop=100
# p=11 gen  6: best_d64=0.8206944317  pop=100
# p=11 gen  6: best_d64=0.8206944317  pop=-1
5,7,11,0.820694431695,23909,349692.9,2.9254173264646735;5.94496503801757;0.4871591028350538;6.182395270515676;0.35553068283270045;0.34895247282011915;0.35032756130226994;0.35730669650838737;0.3748740250209329;0.41482844315572076;0.4738782319685212,2.9273542080862254;1.394254309284463;0.08398864970838692;2.866038087024504;2.9713407995890018;2.9681800052836937;2.9686327797630265;2.9725164351154025;2.9853628396515357;3.0103244794728043;3.0748600614348875
/var/spool/slurmd/job1357797/slurm_script: line 124:  9832 Killed                  julia --project=. -t ${SLURM_CPUS_PER_TASK:-28} scripts/swarm_chain_d64.jl $K $D 15 100 10 20 42

Exit code: 137
Done: Mon Apr 27 13:56:19 UTC 2026
FAILED — pushing logs
