=== QAOA Double64 Swarm ===
Task:  8 / 15
Pair:  k=4, D=7
Node:  swift-c3dnodesetssd-32
CPUs:  28
Start: Fri Apr 10 23:41:07 UTC 2026
Job:   1326055_8

--- Node diagnostics ---
Hostname: swift-c3dnodesetssd-32
Memory:                  total        used        free      shared  buff/cache   available
Mem:           1.4Ti       9.1Gi       1.4Ti       3.3Mi       2.2Gi       1.4Ti
Disk:     10.17.247.218:/nfsshare   25T   15T  9.6T  60% /home
Julia:    /home/stephenjordan_google_com/julia-1.12.5/bin/julia
Git HEAD: 411f899

Checking Julia environment...
Environment ready.

Starting swarm_chain_d64.jl with 28 threads at Fri Apr 10 23:41:13 UTC 2026
# swarm-d64 chain: k=4, D=7, p=1-15, pop=100, gens=10, burst=20, seed=42
k,D,p,ctilde,evals,wall_seconds,gamma,beta
# p=1 gen  1: best_d64=0.6385703467  pop=100
# p=1 gen  2: best_d64=0.6385703467  pop=100
# p=1 gen  3: best_d64=0.6385703467  pop=100
# p=1 gen  4: best_d64=0.6385703467  pop=100
# p=1 gen  4: best_d64=0.6385703467  pop=-1
4,7,1,0.638570346665,5259,5.1,0.4243867844634167,0.23436715393405064
# p=2 gen  1: best_d64=0.6901692402  pop=100
# p=2 gen  2: best_d64=0.6901692402  pop=100
# p=2 gen  3: best_d64=0.6901692402  pop=100
# p=2 gen  4: best_d64=0.6901692402  pop=100
# p=2 gen  4: best_d64=0.6901692402  pop=-1
4,7,2,0.690169240157,11507,0.9,5.9548361807627765;5.7658463648271265,2.8664232999074146;1.3985399315916176
# p=3 gen  1: best_d64=0.7220300541  pop=100
# p=3 gen  2: best_d64=0.7220300541  pop=100
# p=3 gen  3: best_d64=0.7220300541  pop=100
# p=3 gen  4: best_d64=0.7220300541  pop=100
# p=3 gen  4: best_d64=0.7220300541  pop=-1
4,7,3,0.722030054121,16159,2.1,5.9992505968697305;5.834173638504823;5.7786117856946335,2.856953907823379;1.3489733729472453;1.4267349538480822
# p=4 gen  1: best_d64=0.7438133568  pop=100
# p=4 gen  2: best_d64=0.7438133568  pop=100
# p=4 gen  3: best_d64=0.7438133568  pop=100
# p=4 gen  4: best_d64=0.7438133568  pop=100
# p=4 gen  4: best_d64=0.7438133568  pop=-1
4,7,4,0.743813356815,18468,9.4,6.025780096951948;5.874945047419997;5.836350837729066;5.785460252382933,2.857194232669074;1.3381207048786343;1.369246837561465;1.4452018550378793
# p=5 gen  1: best_d64=0.7599801312  pop=100
# p=5 gen  2: best_d64=0.7599801312  pop=100
# p=5 gen  3: best_d64=0.7599801312  pop=100
# p=5 gen  4: best_d64=0.7599801312  pop=100
# p=5 gen  4: best_d64=0.7599801312  pop=-1
4,7,5,0.759980131191,18763,42.0,6.043911945254735;5.899588495239273;5.873812489307809;5.8412007157629136;5.790187261233586,2.858443517392058;1.3364082340628314;1.3561221219450963;1.3820613540083284;1.458773558595775
# p=6 gen  1: best_d64=0.7725130617  pop=100
# p=6 gen  2: best_d64=0.7725130617  pop=100
# p=6 gen  3: best_d64=0.7725130617  pop=100
# p=6 gen  4: best_d64=0.7725130617  pop=100
# p=6 gen  4: best_d64=0.7725130617  pop=-1
4,7,6,0.772513061672,22401,239.8,6.0570192535133;5.917568777160059;5.895955885148392;5.878767186105896;5.846522448996204;5.793209313984998,2.8603038771894282;1.3376688009240798;1.3524380588395852;1.3660121853422402;1.3923393422299388;1.469384120645939
# p=7 gen  1: best_d64=0.7825443745  pop=100
# p=7 gen  2: best_d64=0.7825443745  pop=100
# p=7 gen  3: best_d64=0.7825443745  pop=100
# p=7 gen  4: best_d64=0.7825443745  pop=100
# p=7 gen  4: best_d64=0.7825443745  pop=-1
4,7,7,0.782544374537,22578,1080.0,6.067119902743091;5.931360138616851;5.911545354274427;5.9000769366961245;5.885445986477214;5.850472670363046;5.795045871984746,2.8623762256086787;1.3397499094459748;1.3525835757464892;1.35997775712329;1.3734508997191377;1.40125961867735;1.4779101074829302
# p=8 gen  1: best_d64=0.7907724064  pop=100
# p=8 gen  2: best_d64=0.7907724067  pop=100
# p=8 gen  3: best_d64=0.7907724067  pop=100
# p=8 gen  4: best_d64=0.7907724067  pop=100
# p=8 gen  5: best_d64=0.7907724067  pop=100
# p=8 gen  5: best_d64=0.7907724067  pop=-1
4,7,8,0.790772406738,25923,5594.8,6.07516399295478;5.942411162917763;5.923420373858064;5.914719692435868;5.906828649464768;5.891185251045478;5.853059242124984;5.796086679329416,2.86444780511016;1.3421588188723426;1.3541122249073339;1.3587627777545521;1.3651540815158145;1.3798446281113683;1.409252037232691;1.4849531841649588
# p=9 gen  1: best_d64=0.7976534717  pop=100
# p=9 gen  2: best_d64=0.7976534782  pop=100
# p=9 gen  3: best_d64=0.7976534782  pop=100
# p=9 gen  4: best_d64=0.7976534782  pop=100
# p=9 gen  5: best_d64=0.7976534782  pop=100
# p=9 gen  5: best_d64=0.7976534782  pop=-1
4,7,9,0.797653478183,27123,25681.8,6.0817411942090285;5.951541426902382;5.932877470228205;5.925601808137856;5.921285652958504;5.91304843081326;5.895627106932256;5.85447241456435;5.796500267309429,2.8664418596869035;1.344603624107764;1.3561679049056083;1.3594653957284133;1.3626356357929756;1.3694238932769616;1.3857068887874038;1.4165452596033032;1.4909273545719262
# p=10 gen  1: best_d64=0.8035003530  pop=100
# p=10 gen  2: best_d64=0.8035003773  pop=100
# p=10 gen  3: best_d64=0.8035003773  pop=100
# p=10 gen  4: best_d64=0.8035003773  pop=100
# p=10 gen  5: best_d64=0.8035003773  pop=100
# p=10 gen  5: best_d64=0.8035003773  pop=-1
4,7,10,0.803500377283,25205,126166.2,6.087241277371045;5.959261957708454;5.940678319367325;5.934182989942802;5.931777478837123;5.927693407085729;5.918199619991456;5.898856278307844;5.854958759789384;5.796406435838349,2.8683263513344155;1.3469657866595368;1.3583862085762184;1.361005838176602;1.362427238213191;1.3656827042131865;1.3733477383409896;1.3912527417377807;1.4232638648180742;1.4960849390791278
=== QAOA Double64 Swarm ===
Task:  8 / 15
Pair:  k=4, D=7
Node:  swift-c3dnodesetssd-7
CPUs:  28
Start: Wed Apr 15 04:31:02 UTC 2026
Job:   1357786_8

--- Node diagnostics ---
Hostname: swift-c3dnodesetssd-7
Memory:                  total        used        free      shared  buff/cache   available
Mem:           1.4Ti       9.1Gi       1.4Ti       3.3Mi       2.2Gi       1.4Ti
Disk:     10.17.247.218:/nfsshare   25T   15T  9.5T  61% /home
Julia:    /home/stephenjordan_google_com/julia-1.12.5/bin/julia
Git HEAD: 605aa66

Removing stale results/swarm-d64-k4d7.csv
Checking Julia environment...
Environment ready.

Starting swarm_chain_d64.jl with 28 threads at Wed Apr 15 04:31:08 UTC 2026
# swarm-d64 chain: k=4, D=7, p=1-15, pop=100, gens=10, burst=20, seed=42
k,D,p,ctilde,evals,wall_seconds,gamma,beta
# p=1 gen  1: best_d64=0.6385703467  pop=100
# p=1 gen  2: best_d64=0.6385703467  pop=100
# p=1 gen  3: best_d64=0.6385703467  pop=100
# p=1 gen  4: best_d64=0.6385703467  pop=100
# p=1 gen  4: best_d64=0.6385703467  pop=-1
4,7,1,0.638570346665,5265,5.2,0.4243867844634167,0.23436715393405064
# p=2 gen  1: best_d64=0.6901692402  pop=100
# p=2 gen  2: best_d64=0.6901692402  pop=100
# p=2 gen  3: best_d64=0.6901692402  pop=100
# p=2 gen  4: best_d64=0.6901692402  pop=100
# p=2 gen  4: best_d64=0.6901692402  pop=-1
4,7,2,0.690169240157,11505,0.9,5.9548361807627765;5.7658463648271265,2.8664232999074146;1.3985399315916176
# p=3 gen  1: best_d64=0.7220300541  pop=100
# p=3 gen  2: best_d64=0.7220300541  pop=100
# p=3 gen  3: best_d64=0.7220300541  pop=100
# p=3 gen  4: best_d64=0.7220300541  pop=100
# p=3 gen  4: best_d64=0.7220300541  pop=-1
4,7,3,0.722030054121,16159,2.2,5.9992505968697305;5.834173638504823;5.7786117856946335,2.856953907823379;1.3489733729472453;1.4267349538480822
# p=4 gen  1: best_d64=0.7438133568  pop=100
# p=4 gen  2: best_d64=0.7438133568  pop=100
# p=4 gen  3: best_d64=0.7438133568  pop=100
# p=4 gen  4: best_d64=0.7438133568  pop=100
# p=4 gen  4: best_d64=0.7438133568  pop=-1
4,7,4,0.743813356815,18458,9.6,6.025780096951948;5.874945047419997;5.836350837729066;5.785460252382933,2.857194232669074;1.3381207048786343;1.369246837561465;1.4452018550378793
# p=5 gen  1: best_d64=0.7599801312  pop=100
# p=5 gen  2: best_d64=0.7599801312  pop=100
# p=5 gen  3: best_d64=0.7599801312  pop=100
# p=5 gen  4: best_d64=0.7599801312  pop=100
# p=5 gen  4: best_d64=0.7599801312  pop=-1
4,7,5,0.759980131191,18795,41.7,6.043911945254735;5.899588495239273;5.873812489307809;5.8412007157629136;5.790187261233586,2.858443517392058;1.3364082340628314;1.3561221219450963;1.3820613540083284;1.458773558595775
# p=6 gen  1: best_d64=0.7725130617  pop=100
# p=6 gen  2: best_d64=0.7725130617  pop=100
# p=6 gen  3: best_d64=0.7725130617  pop=100
# p=6 gen  4: best_d64=0.7725130617  pop=100
# p=6 gen  4: best_d64=0.7725130617  pop=-1
4,7,6,0.772513061672,22401,239.7,6.0570192535133;5.917568777160059;5.895955885148392;5.878767186105896;5.846522448996204;5.793209313984998,2.8603038771894282;1.3376688009240798;1.3524380588395852;1.3660121853422402;1.3923393422299388;1.469384120645939
# p=7 gen  1: best_d64=0.7825443745  pop=100
# p=7 gen  2: best_d64=0.7825443745  pop=100
# p=7 gen  3: best_d64=0.7825443745  pop=100
# p=7 gen  4: best_d64=0.7825443745  pop=100
# p=7 gen  4: best_d64=0.7825443745  pop=-1
4,7,7,0.782544374537,22578,1063.9,6.067119902743091;5.931360138616851;5.911545354274427;5.9000769366961245;5.885445986477214;5.850472670363046;5.795045871984746,2.8623762256086787;1.3397499094459748;1.3525835757464892;1.35997775712329;1.3734508997191377;1.40125961867735;1.4779101074829302
# p=8 gen  1: best_d64=0.7907724064  pop=100
# p=8 gen  2: best_d64=0.7907724067  pop=100
# p=8 gen  3: best_d64=0.7907724067  pop=100
# p=8 gen  4: best_d64=0.7907724067  pop=100
# p=8 gen  5: best_d64=0.7907724067  pop=100
# p=8 gen  5: best_d64=0.7907724067  pop=-1
4,7,8,0.790772406738,25923,5617.9,6.07516399295478;5.942411162917763;5.923420373858064;5.914719692435868;5.906828649464768;5.891185251045478;5.853059242124984;5.796086679329416,2.86444780511016;1.3421588188723426;1.3541122249073339;1.3587627777545521;1.3651540815158145;1.3798446281113683;1.409252037232691;1.4849531841649588
# p=9 gen  1: best_d64=0.7976534717  pop=100
# p=9 gen  2: best_d64=0.7976534782  pop=100
# p=9 gen  3: best_d64=0.7976534782  pop=100
# p=9 gen  4: best_d64=0.7976534782  pop=100
# p=9 gen  5: best_d64=0.7976534782  pop=100
# p=9 gen  5: best_d64=0.7976534782  pop=-1
4,7,9,0.797653478183,27123,25757.3,6.0817411942090285;5.951541426902382;5.932877470228205;5.925601808137856;5.921285652958504;5.91304843081326;5.895627106932256;5.85447241456435;5.796500267309429,2.8664418596869035;1.344603624107764;1.3561679049056083;1.3594653957284133;1.3626356357929756;1.3694238932769616;1.3857068887874038;1.4165452596033032;1.4909273545719262
# p=10 gen  1: best_d64=0.8035003530  pop=100
# p=10 gen  2: best_d64=0.8035003773  pop=100
# p=10 gen  3: best_d64=0.8035003773  pop=100
# p=10 gen  4: best_d64=0.8035003773  pop=100
# p=10 gen  5: best_d64=0.8035003773  pop=100
# p=10 gen  5: best_d64=0.8035003773  pop=-1
4,7,10,0.803500377283,25205,126135.9,6.087241277371045;5.959261957708454;5.940678319367325;5.934182989942802;5.931777478837123;5.927693407085729;5.918199619991456;5.898856278307844;5.854958759789384;5.796406435838349,2.8683263513344155;1.3469657866595368;1.3583862085762184;1.361005838176602;1.362427238213191;1.3656827042131865;1.3733477383409896;1.3912527417377807;1.4232638648180742;1.4960849390791278
# p=11 gen  1: best_d64=0.8085340978  pop=100
# p=11 gen  2: best_d64=0.8085341776  pop=100
# p=11 gen  3: best_d64=0.8085341776  pop=100
=== QAOA Double64 Swarm ===
Task:  8 / 15
Pair:  k=4, D=7
Node:  swift-c3dnodesetssd-7
CPUs:  28
Start: Tue Apr 21 14:12:25 UTC 2026
Job:   1357786_8

--- Node diagnostics ---
Hostname: swift-c3dnodesetssd-7
Memory:                  total        used        free      shared  buff/cache   available
Mem:           1.4Ti       9.1Gi       1.4Ti       3.3Mi       2.2Gi       1.4Ti
Disk:     10.17.247.218:/nfsshare   25T   15T  9.2T  62% /home
Julia:    /home/stephenjordan_google_com/julia-1.12.5/bin/julia
Git HEAD: 7b59647

Removing stale results/swarm-d64-k4d7.csv
Checking Julia environment...
Precompiling packages...
    QaoaXorsat Being precompiled by another machine (hostname: swift-c3dnodesetssd-10, pid: 9762, pidfile: /home/stephenjordan_google_com/.julia/compiled/v1.12/QaoaXorsat/qgVWo_H0iNu.ji.pidfile)
 131082.9 ms  ✓ QaoaXorsat
  1 dependency successfully precompiled in 134 seconds. 52 already precompiled.
Environment ready.

Starting swarm_chain_d64.jl with 28 threads at Tue Apr 21 14:14:56 UTC 2026
# swarm-d64 chain: k=4, D=7, p=1-15, pop=100, gens=10, burst=20, seed=42
k,D,p,ctilde,evals,wall_seconds,gamma,beta
# p=1 gen  1: best_d64=0.6385703467  pop=100
# p=1 gen  2: best_d64=0.6385703467  pop=100
# p=1 gen  3: best_d64=0.6385703467  pop=100
# p=1 gen  4: best_d64=0.6385703467  pop=100
# p=1 gen  4: best_d64=0.6385703467  pop=-1
4,7,1,0.638570346665,5266,5.1,0.4243867844634167,0.23436715393405064
# p=2 gen  1: best_d64=0.6901692402  pop=100
# p=2 gen  2: best_d64=0.6901692402  pop=100
# p=2 gen  3: best_d64=0.6901692402  pop=100
# p=2 gen  4: best_d64=0.6901692402  pop=100
# p=2 gen  4: best_d64=0.6901692402  pop=-1
4,7,2,0.690169240157,11505,0.9,5.9548361807627765;5.7658463648271265,2.8664232999074146;1.3985399315916176
# p=3 gen  1: best_d64=0.7220300541  pop=100
# p=3 gen  2: best_d64=0.7220300541  pop=100
# p=3 gen  3: best_d64=0.7220300541  pop=100
# p=3 gen  4: best_d64=0.7220300541  pop=100
# p=3 gen  4: best_d64=0.7220300541  pop=-1
4,7,3,0.722030054121,16161,1.7,5.9992505968697305;5.834173638504823;5.7786117856946335,2.856953907823379;1.3489733729472453;1.4267349538480822
# p=4 gen  1: best_d64=0.7438133568  pop=100
# p=4 gen  2: best_d64=0.7438133568  pop=100
# p=4 gen  3: best_d64=0.7438133568  pop=100
# p=4 gen  4: best_d64=0.7438133568  pop=100
# p=4 gen  4: best_d64=0.7438133568  pop=-1
4,7,4,0.743813356815,18593,6.5,6.025780096951948;5.874945047419997;5.836350837729066;5.785460252382933,2.857194232669074;1.3381207048786343;1.369246837561465;1.4452018550378793
# p=5 gen  1: best_d64=0.7599801312  pop=100
# p=5 gen  2: best_d64=0.7599801312  pop=100
# p=5 gen  3: best_d64=0.7599801312  pop=100
# p=5 gen  4: best_d64=0.7599801312  pop=100
# p=5 gen  4: best_d64=0.7599801312  pop=-1
4,7,5,0.759980131191,18849,26.7,6.043911945254735;5.899588495239273;5.873812489307809;5.8412007157629136;5.790187261233586,2.858443517392058;1.3364082340628314;1.3561221219450963;1.3820613540083284;1.458773558595775
# p=6 gen  1: best_d64=0.7725130617  pop=100
# p=6 gen  2: best_d64=0.7725130617  pop=100
# p=6 gen  3: best_d64=0.7725130617  pop=100
# p=6 gen  4: best_d64=0.7725130617  pop=100
# p=6 gen  4: best_d64=0.7725130617  pop=-1
4,7,6,0.772513061672,22401,140.9,6.0570192535133;5.917568777160059;5.895955885148392;5.878767186105896;5.846522448996204;5.793209313984998,2.8603038771894282;1.3376688009240798;1.3524380588395852;1.3660121853422402;1.3923393422299388;1.469384120645939
# p=7 gen  1: best_d64=0.7825443745  pop=100
# p=7 gen  2: best_d64=0.7825443745  pop=100
# p=7 gen  3: best_d64=0.7825443745  pop=100
# p=7 gen  4: best_d64=0.7825443745  pop=100
# p=7 gen  4: best_d64=0.7825443745  pop=-1
4,7,7,0.782544374537,22578,626.6,6.067119902743091;5.931360138616851;5.911545354274427;5.9000769366961245;5.885445986477214;5.850472670363046;5.795045871984746,2.8623762256086787;1.3397499094459748;1.3525835757464892;1.35997775712329;1.3734508997191377;1.40125961867735;1.4779101074829302
# p=8 gen  1: best_d64=0.7907724064  pop=100
# p=8 gen  2: best_d64=0.7907724067  pop=100
# p=8 gen  3: best_d64=0.7907724067  pop=100
# p=8 gen  4: best_d64=0.7907724067  pop=100
# p=8 gen  5: best_d64=0.7907724067  pop=100
# p=8 gen  5: best_d64=0.7907724067  pop=-1
4,7,8,0.790772406738,25923,3377.3,6.07516399295478;5.942411162917763;5.923420373858064;5.914719692435868;5.906828649464768;5.891185251045478;5.853059242124984;5.796086679329416,2.86444780511016;1.3421588188723426;1.3541122249073339;1.3587627777545521;1.3651540815158145;1.3798446281113683;1.409252037232691;1.4849531841649588
# p=9 gen  1: best_d64=0.7976534717  pop=100
# p=9 gen  2: best_d64=0.7976534782  pop=100
# p=9 gen  3: best_d64=0.7976534782  pop=100
# p=9 gen  4: best_d64=0.7976534782  pop=100
# p=9 gen  5: best_d64=0.7976534782  pop=100
# p=9 gen  5: best_d64=0.7976534782  pop=-1
4,7,9,0.797653478183,27123,13797.7,6.0817411942090285;5.951541426902382;5.932877470228205;5.925601808137856;5.921285652958504;5.91304843081326;5.895627106932256;5.85447241456435;5.796500267309429,2.8664418596869035;1.344603624107764;1.3561679049056083;1.3594653957284133;1.3626356357929756;1.3694238932769616;1.3857068887874038;1.4165452596033032;1.4909273545719262
=== QAOA Double64 Swarm ===
Task:  8 / 15
Pair:  k=4, D=7
Node:  swift-c3dnodesetssd-7
CPUs:  28
Start: Tue Apr 21 20:55:32 UTC 2026
Job:   1357786_8

--- Node diagnostics ---
Hostname: swift-c3dnodesetssd-7
Memory:                  total        used        free      shared  buff/cache   available
Mem:           1.4Ti       9.0Gi       1.4Ti       3.3Mi       2.2Gi       1.4Ti
Disk:     10.17.247.218:/nfsshare   25T   15T  9.1T  62% /home
Julia:    /home/stephenjordan_google_com/julia-1.12.5/bin/julia
Git HEAD: 7b59647

Removing stale results/swarm-d64-k4d7.csv
Checking Julia environment...
Environment ready.

Starting swarm_chain_d64.jl with 28 threads at Tue Apr 21 20:55:35 UTC 2026
# swarm-d64 chain: k=4, D=7, p=1-15, pop=100, gens=10, burst=20, seed=42
k,D,p,ctilde,evals,wall_seconds,gamma,beta
# p=1 gen  1: best_d64=0.6385703467  pop=100
# p=1 gen  2: best_d64=0.6385703467  pop=100
# p=1 gen  3: best_d64=0.6385703467  pop=100
# p=1 gen  4: best_d64=0.6385703467  pop=100
# p=1 gen  4: best_d64=0.6385703467  pop=-1
4,7,1,0.638570346665,5210,5.1,0.4243867844634167,0.23436715393405064
# p=2 gen  1: best_d64=0.6901692402  pop=100
# p=2 gen  2: best_d64=0.6901692402  pop=100
# p=2 gen  3: best_d64=0.6901692402  pop=100
# p=2 gen  4: best_d64=0.6901692402  pop=100
# p=2 gen  4: best_d64=0.6901692402  pop=-1
4,7,2,0.690169240157,11506,0.9,5.9548361807627765;5.7658463648271265,2.8664232999074146;1.3985399315916176
# p=3 gen  1: best_d64=0.7220300541  pop=100
# p=3 gen  2: best_d64=0.7220300541  pop=100
# p=3 gen  3: best_d64=0.7220300541  pop=100
# p=3 gen  4: best_d64=0.7220300541  pop=100
# p=3 gen  4: best_d64=0.7220300541  pop=-1
4,7,3,0.722030054121,15961,1.7,5.9992505968697305;5.834173638504823;5.7786117856946335,2.856953907823379;1.3489733729472453;1.4267349538480822
# p=4 gen  1: best_d64=0.7438133568  pop=100
# p=4 gen  2: best_d64=0.7438133568  pop=100
# p=4 gen  3: best_d64=0.7438133568  pop=100
# p=4 gen  4: best_d64=0.7438133568  pop=100
# p=4 gen  4: best_d64=0.7438133568  pop=-1
4,7,4,0.743813356815,18594,6.6,6.025780096951948;5.874945047419997;5.836350837729066;5.785460252382933,2.857194232669074;1.3381207048786343;1.369246837561465;1.4452018550378793
# p=5 gen  1: best_d64=0.7599801312  pop=100
# p=5 gen  2: best_d64=0.7599801312  pop=100
# p=5 gen  3: best_d64=0.7599801312  pop=100
# p=5 gen  4: best_d64=0.7599801312  pop=100
# p=5 gen  4: best_d64=0.7599801312  pop=-1
4,7,5,0.759980131191,18850,27.0,6.043911945254735;5.899588495239273;5.873812489307809;5.8412007157629136;5.790187261233586,2.858443517392058;1.3364082340628314;1.3561221219450963;1.3820613540083284;1.458773558595775
# p=6 gen  1: best_d64=0.7725130617  pop=100
# p=6 gen  2: best_d64=0.7725130617  pop=100
# p=6 gen  3: best_d64=0.7725130617  pop=100
# p=6 gen  4: best_d64=0.7725130617  pop=100
# p=6 gen  4: best_d64=0.7725130617  pop=-1
4,7,6,0.772513061672,22401,141.6,6.0570192535133;5.917568777160059;5.895955885148392;5.878767186105896;5.846522448996204;5.793209313984998,2.8603038771894282;1.3376688009240798;1.3524380588395852;1.3660121853422402;1.3923393422299388;1.469384120645939
# p=7 gen  1: best_d64=0.7825443745  pop=100
# p=7 gen  2: best_d64=0.7825443745  pop=100
# p=7 gen  3: best_d64=0.7825443745  pop=100
=== QAOA Double64 Swarm ===
Task:  8 / 15
Pair:  k=4, D=7
Node:  swift-c3dnodesetssd-7
CPUs:  28
Start: Tue Apr 21 21:13:32 UTC 2026
Job:   1357786_8

--- Node diagnostics ---
Hostname: swift-c3dnodesetssd-7
Memory:                  total        used        free      shared  buff/cache   available
Mem:           1.4Ti       9.2Gi       1.4Ti       3.3Mi       2.4Gi       1.4Ti
Disk:     10.17.247.218:/nfsshare   25T   15T  9.1T  62% /home
Julia:    /home/stephenjordan_google_com/julia-1.12.5/bin/julia
Git HEAD: 7b59647

Removing stale results/swarm-d64-k4d7.csv
Checking Julia environment...
Environment ready.

Starting swarm_chain_d64.jl with 28 threads at Tue Apr 21 21:13:35 UTC 2026
# swarm-d64 chain: k=4, D=7, p=1-15, pop=100, gens=10, burst=20, seed=42
k,D,p,ctilde,evals,wall_seconds,gamma,beta
# p=1 gen  1: best_d64=0.6385703467  pop=100
# p=1 gen  2: best_d64=0.6385703467  pop=100
# p=1 gen  3: best_d64=0.6385703467  pop=100
# p=1 gen  4: best_d64=0.6385703467  pop=100
# p=1 gen  4: best_d64=0.6385703467  pop=-1
4,7,1,0.638570346665,5261,5.1,0.4243867844634167,0.23436715393405064
# p=2 gen  1: best_d64=0.6901692402  pop=100
# p=2 gen  2: best_d64=0.6901692402  pop=100
# p=2 gen  3: best_d64=0.6901692402  pop=100
# p=2 gen  4: best_d64=0.6901692402  pop=100
# p=2 gen  4: best_d64=0.6901692402  pop=-1
4,7,2,0.690169240157,11505,0.9,5.9548361807627765;5.7658463648271265,2.8664232999074146;1.3985399315916176
# p=3 gen  1: best_d64=0.7220300541  pop=100
# p=3 gen  2: best_d64=0.7220300541  pop=100
# p=3 gen  3: best_d64=0.7220300541  pop=100
# p=3 gen  4: best_d64=0.7220300541  pop=100
# p=3 gen  4: best_d64=0.7220300541  pop=-1
4,7,3,0.722030054121,16161,1.8,5.9992505968697305;5.834173638504823;5.7786117856946335,2.856953907823379;1.3489733729472453;1.4267349538480822
# p=4 gen  1: best_d64=0.7438133568  pop=100
# p=4 gen  2: best_d64=0.7438133568  pop=100
# p=4 gen  3: best_d64=0.7438133568  pop=100
# p=4 gen  4: best_d64=0.7438133568  pop=100
# p=4 gen  4: best_d64=0.7438133568  pop=-1
4,7,4,0.743813356815,18590,6.5,6.025780096951948;5.874945047419997;5.836350837729066;5.785460252382933,2.857194232669074;1.3381207048786343;1.369246837561465;1.4452018550378793
# p=5 gen  1: best_d64=0.7599801312  pop=100
# p=5 gen  2: best_d64=0.7599801312  pop=100
# p=5 gen  3: best_d64=0.7599801312  pop=100
# p=5 gen  4: best_d64=0.7599801312  pop=100
# p=5 gen  4: best_d64=0.7599801312  pop=-1
4,7,5,0.759980131191,18850,26.6,6.043911945254735;5.899588495239273;5.873812489307809;5.8412007157629136;5.790187261233586,2.858443517392058;1.3364082340628314;1.3561221219450963;1.3820613540083284;1.458773558595775
# p=6 gen  1: best_d64=0.7725130617  pop=100
# p=6 gen  2: best_d64=0.7725130617  pop=100
# p=6 gen  3: best_d64=0.7725130617  pop=100
# p=6 gen  4: best_d64=0.7725130617  pop=100
# p=6 gen  4: best_d64=0.7725130617  pop=-1
4,7,6,0.772513061672,22401,140.4,6.0570192535133;5.917568777160059;5.895955885148392;5.878767186105896;5.846522448996204;5.793209313984998,2.8603038771894282;1.3376688009240798;1.3524380588395852;1.3660121853422402;1.3923393422299388;1.469384120645939
# p=7 gen  1: best_d64=0.7825443745  pop=100
# p=7 gen  2: best_d64=0.7825443745  pop=100
# p=7 gen  3: best_d64=0.7825443745  pop=100
# p=7 gen  4: best_d64=0.7825443745  pop=100
# p=7 gen  4: best_d64=0.7825443745  pop=-1
4,7,7,0.782544374537,22578,624.8,6.067119902743091;5.931360138616851;5.911545354274427;5.9000769366961245;5.885445986477214;5.850472670363046;5.795045871984746,2.8623762256086787;1.3397499094459748;1.3525835757464892;1.35997775712329;1.3734508997191377;1.40125961867735;1.4779101074829302
# p=8 gen  1: best_d64=0.7907724064  pop=100
=== QAOA Double64 Swarm ===
Task:  8 / 15
Pair:  k=4, D=7
Node:  swift-c3dnodesetssd-22
CPUs:  28
Start: Tue Apr 21 21:50:01 UTC 2026
Job:   1357786_8

--- Node diagnostics ---
Hostname: swift-c3dnodesetssd-22
Memory:                  total        used        free      shared  buff/cache   available
Mem:           1.4Ti       9.0Gi       1.4Ti       3.3Mi       2.2Gi       1.4Ti
Disk:     10.17.247.218:/nfsshare   25T   15T  9.1T  62% /home
Julia:    /home/stephenjordan_google_com/julia-1.12.5/bin/julia
Git HEAD: 7b59647

Removing stale results/swarm-d64-k4d7.csv
Checking Julia environment...
Environment ready.

Starting swarm_chain_d64.jl with 28 threads at Tue Apr 21 21:50:05 UTC 2026
# swarm-d64 chain: k=4, D=7, p=1-15, pop=100, gens=10, burst=20, seed=42
k,D,p,ctilde,evals,wall_seconds,gamma,beta
# p=1 gen  1: best_d64=0.6385703467  pop=100
# p=1 gen  2: best_d64=0.6385703467  pop=100
# p=1 gen  3: best_d64=0.6385703467  pop=100
# p=1 gen  4: best_d64=0.6385703467  pop=100
# p=1 gen  4: best_d64=0.6385703467  pop=-1
4,7,1,0.638570346665,5245,5.1,0.4243867844634167,0.23436715393405064
# p=2 gen  1: best_d64=0.6901692402  pop=100
# p=2 gen  2: best_d64=0.6901692402  pop=100
# p=2 gen  3: best_d64=0.6901692402  pop=100
# p=2 gen  4: best_d64=0.6901692402  pop=100
# p=2 gen  4: best_d64=0.6901692402  pop=-1
4,7,2,0.690169240157,11507,0.9,5.9548361807627765;5.7658463648271265,2.8664232999074146;1.3985399315916176
# p=3 gen  1: best_d64=0.7220300541  pop=100
# p=3 gen  2: best_d64=0.7220300541  pop=100
# p=3 gen  3: best_d64=0.7220300541  pop=100
# p=3 gen  4: best_d64=0.7220300541  pop=100
# p=3 gen  4: best_d64=0.7220300541  pop=-1
4,7,3,0.722030054121,16076,1.7,5.9992505968697305;5.834173638504823;5.7786117856946335,2.856953907823379;1.3489733729472453;1.4267349538480822
# p=4 gen  1: best_d64=0.7438133568  pop=100
# p=4 gen  2: best_d64=0.7438133568  pop=100
# p=4 gen  3: best_d64=0.7438133568  pop=100
# p=4 gen  4: best_d64=0.7438133568  pop=100
# p=4 gen  4: best_d64=0.7438133568  pop=-1
4,7,4,0.743813356815,18544,6.5,6.025780096951948;5.874945047419997;5.836350837729066;5.785460252382933,2.857194232669074;1.3381207048786343;1.369246837561465;1.4452018550378793
# p=5 gen  1: best_d64=0.7599801312  pop=100
# p=5 gen  2: best_d64=0.7599801312  pop=100
# p=5 gen  3: best_d64=0.7599801312  pop=100
# p=5 gen  4: best_d64=0.7599801312  pop=100
# p=5 gen  4: best_d64=0.7599801312  pop=-1
4,7,5,0.759980131191,18790,27.0,6.043911945254735;5.899588495239273;5.873812489307809;5.8412007157629136;5.790187261233586,2.858443517392058;1.3364082340628314;1.3561221219450963;1.3820613540083284;1.458773558595775
# p=6 gen  1: best_d64=0.7725130617  pop=100
# p=6 gen  2: best_d64=0.7725130617  pop=100
# p=6 gen  3: best_d64=0.7725130617  pop=100
# p=6 gen  4: best_d64=0.7725130617  pop=100
# p=6 gen  4: best_d64=0.7725130617  pop=-1
4,7,6,0.772513061672,22341,141.4,6.0570192535133;5.917568777160059;5.895955885148392;5.878767186105896;5.846522448996204;5.793209313984998,2.8603038771894282;1.3376688009240798;1.3524380588395852;1.3660121853422402;1.3923393422299388;1.469384120645939
# p=7 gen  1: best_d64=0.7825443745  pop=100
# p=7 gen  2: best_d64=0.7825443745  pop=100
# p=7 gen  3: best_d64=0.7825443745  pop=100
# p=7 gen  4: best_d64=0.7825443745  pop=100
# p=7 gen  4: best_d64=0.7825443745  pop=-1
4,7,7,0.782544374537,22578,626.0,6.067119902743091;5.931360138616851;5.911545354274427;5.9000769366961245;5.885445986477214;5.850472670363046;5.795045871984746,2.8623762256086787;1.3397499094459748;1.3525835757464892;1.35997775712329;1.3734508997191377;1.40125961867735;1.4779101074829302
# p=8 gen  1: best_d64=0.7907724064  pop=100
# p=8 gen  2: best_d64=0.7907724067  pop=100
# p=8 gen  3: best_d64=0.7907724067  pop=100
# p=8 gen  4: best_d64=0.7907724067  pop=100
# p=8 gen  5: best_d64=0.7907724067  pop=100
# p=8 gen  5: best_d64=0.7907724067  pop=-1
4,7,8,0.790772406738,25923,3377.3,6.07516399295478;5.942411162917763;5.923420373858064;5.914719692435868;5.906828649464768;5.891185251045478;5.853059242124984;5.796086679329416,2.86444780511016;1.3421588188723426;1.3541122249073339;1.3587627777545521;1.3651540815158145;1.3798446281113683;1.409252037232691;1.4849531841649588
=== QAOA Double64 Swarm ===
Task:  8 / 15
Pair:  k=4, D=7
Node:  swift-c3dnodesetssd-7
CPUs:  28
Start: Tue Apr 21 23:05:36 UTC 2026
Job:   1357786_8

--- Node diagnostics ---
Hostname: swift-c3dnodesetssd-7
Memory:                  total        used        free      shared  buff/cache   available
Mem:           1.4Ti       9.1Gi       1.4Ti       3.3Mi       2.2Gi       1.4Ti
Disk:     10.17.247.218:/nfsshare   25T   15T  9.1T  62% /home
Julia:    /home/stephenjordan_google_com/julia-1.12.5/bin/julia
Git HEAD: 7b59647

Removing stale results/swarm-d64-k4d7.csv
Checking Julia environment...
Environment ready.

Starting swarm_chain_d64.jl with 28 threads at Tue Apr 21 23:05:39 UTC 2026
# swarm-d64 chain: k=4, D=7, p=1-15, pop=100, gens=10, burst=20, seed=42
k,D,p,ctilde,evals,wall_seconds,gamma,beta
# p=1 gen  1: best_d64=0.6385703467  pop=100
# p=1 gen  2: best_d64=0.6385703467  pop=100
# p=1 gen  3: best_d64=0.6385703467  pop=100
# p=1 gen  4: best_d64=0.6385703467  pop=100
# p=1 gen  4: best_d64=0.6385703467  pop=-1
4,7,1,0.638570346665,5224,5.1,0.4243867844634167,0.23436715393405064
# p=2 gen  1: best_d64=0.6901692402  pop=100
# p=2 gen  2: best_d64=0.6901692402  pop=100
# p=2 gen  3: best_d64=0.6901692402  pop=100
# p=2 gen  4: best_d64=0.6901692402  pop=100
# p=2 gen  4: best_d64=0.6901692402  pop=-1
4,7,2,0.690169240157,11505,0.9,5.9548361807627765;5.7658463648271265,2.8664232999074146;1.3985399315916176
# p=3 gen  1: best_d64=0.7220300541  pop=100
# p=3 gen  2: best_d64=0.7220300541  pop=100
# p=3 gen  3: best_d64=0.7220300541  pop=100
# p=3 gen  4: best_d64=0.7220300541  pop=100
# p=3 gen  4: best_d64=0.7220300541  pop=-1
4,7,3,0.722030054121,16151,1.8,5.9992505968697305;5.834173638504823;5.7786117856946335,2.856953907823379;1.3489733729472453;1.4267349538480822
# p=4 gen  1: best_d64=0.7438133568  pop=100
# p=4 gen  2: best_d64=0.7438133568  pop=100
# p=4 gen  3: best_d64=0.7438133568  pop=100
# p=4 gen  4: best_d64=0.7438133568  pop=100
# p=4 gen  4: best_d64=0.7438133568  pop=-1
4,7,4,0.743813356815,18391,6.6,6.025780096951948;5.874945047419997;5.836350837729066;5.785460252382933,2.857194232669074;1.3381207048786343;1.369246837561465;1.4452018550378793
# p=5 gen  1: best_d64=0.7599801312  pop=100
# p=5 gen  2: best_d64=0.7599801312  pop=100
# p=5 gen  3: best_d64=0.7599801312  pop=100
# p=5 gen  4: best_d64=0.7599801312  pop=100
# p=5 gen  4: best_d64=0.7599801312  pop=-1
4,7,5,0.759980131191,18786,26.8,6.043911945254735;5.899588495239273;5.873812489307809;5.8412007157629136;5.790187261233586,2.858443517392058;1.3364082340628314;1.3561221219450963;1.3820613540083284;1.458773558595775
# p=6 gen  1: best_d64=0.7725130617  pop=100
# p=6 gen  2: best_d64=0.7725130617  pop=100
# p=6 gen  3: best_d64=0.7725130617  pop=100
# p=6 gen  4: best_d64=0.7725130617  pop=100
# p=6 gen  4: best_d64=0.7725130617  pop=-1
4,7,6,0.772513061672,22401,141.5,6.0570192535133;5.917568777160059;5.895955885148392;5.878767186105896;5.846522448996204;5.793209313984998,2.8603038771894282;1.3376688009240798;1.3524380588395852;1.3660121853422402;1.3923393422299388;1.469384120645939
# p=7 gen  1: best_d64=0.7825443745  pop=100
# p=7 gen  2: best_d64=0.7825443745  pop=100
# p=7 gen  3: best_d64=0.7825443745  pop=100
# p=7 gen  4: best_d64=0.7825443745  pop=100
# p=7 gen  4: best_d64=0.7825443745  pop=-1
4,7,7,0.782544374537,22578,625.5,6.067119902743091;5.931360138616851;5.911545354274427;5.9000769366961245;5.885445986477214;5.850472670363046;5.795045871984746,2.8623762256086787;1.3397499094459748;1.3525835757464892;1.35997775712329;1.3734508997191377;1.40125961867735;1.4779101074829302
# p=8 gen  1: best_d64=0.7907724064  pop=100
# p=8 gen  2: best_d64=0.7907724067  pop=100
# p=8 gen  3: best_d64=0.7907724067  pop=100
# p=8 gen  4: best_d64=0.7907724067  pop=100
=== QAOA Double64 Swarm ===
Task:  8 / 15
Pair:  k=4, D=7
Node:  swift-c3dnodesetssd-6
CPUs:  28
Start: Wed Apr 22 00:11:37 UTC 2026
Job:   1357786_8

--- Node diagnostics ---
Hostname: swift-c3dnodesetssd-6
Memory:                  total        used        free      shared  buff/cache   available
Mem:           1.4Ti       9.1Gi       1.4Ti       3.3Mi       2.2Gi       1.4Ti
Disk:     10.17.247.218:/nfsshare   25T   15T  9.1T  62% /home
Julia:    /home/stephenjordan_google_com/julia-1.12.5/bin/julia
Git HEAD: 25cb9d9

Removing stale results/swarm-d64-k4d7.csv
Checking Julia environment...
Environment ready.

Starting swarm_chain_d64.jl with 28 threads at Wed Apr 22 00:11:40 UTC 2026
# swarm-d64 chain: k=4, D=7, p=1-15, pop=100, gens=10, burst=20, seed=42
k,D,p,ctilde,evals,wall_seconds,gamma,beta
# p=1 gen  1: best_d64=0.6385703467  pop=100
# p=1 gen  2: best_d64=0.6385703467  pop=100
# p=1 gen  3: best_d64=0.6385703467  pop=100
# p=1 gen  4: best_d64=0.6385703467  pop=100
# p=1 gen  4: best_d64=0.6385703467  pop=-1
4,7,1,0.638570346665,5238,5.1,0.4243867844634167,0.23436715393405064
# p=2 gen  1: best_d64=0.6901692402  pop=100
# p=2 gen  2: best_d64=0.6901692402  pop=100
# p=2 gen  3: best_d64=0.6901692402  pop=100
# p=2 gen  4: best_d64=0.6901692402  pop=100
# p=2 gen  4: best_d64=0.6901692402  pop=-1
4,7,2,0.690169240157,11506,0.9,5.9548361807627765;5.7658463648271265,2.8664232999074146;1.3985399315916176
# p=3 gen  1: best_d64=0.7220300541  pop=100
# p=3 gen  2: best_d64=0.7220300541  pop=100
# p=3 gen  3: best_d64=0.7220300541  pop=100
# p=3 gen  4: best_d64=0.7220300541  pop=100
# p=3 gen  4: best_d64=0.7220300541  pop=-1
4,7,3,0.722030054121,16159,1.7,5.9992505968697305;5.834173638504823;5.7786117856946335,2.856953907823379;1.3489733729472453;1.4267349538480822
# p=4 gen  1: best_d64=0.7438133568  pop=100
# p=4 gen  2: best_d64=0.7438133568  pop=100
# p=4 gen  3: best_d64=0.7438133568  pop=100
# p=4 gen  4: best_d64=0.7438133568  pop=100
# p=4 gen  4: best_d64=0.7438133568  pop=-1
4,7,4,0.743813356815,18594,6.6,6.025780096951948;5.874945047419997;5.836350837729066;5.785460252382933,2.857194232669074;1.3381207048786343;1.369246837561465;1.4452018550378793
# p=5 gen  1: best_d64=0.7599801312  pop=100
# p=5 gen  2: best_d64=0.7599801312  pop=100
# p=5 gen  3: best_d64=0.7599801312  pop=100
# p=5 gen  4: best_d64=0.7599801312  pop=100
# p=5 gen  4: best_d64=0.7599801312  pop=-1
4,7,5,0.759980131191,18850,27.1,6.043911945254735;5.899588495239273;5.873812489307809;5.8412007157629136;5.790187261233586,2.858443517392058;1.3364082340628314;1.3561221219450963;1.3820613540083284;1.458773558595775
# p=6 gen  1: best_d64=0.7725130617  pop=100
# p=6 gen  2: best_d64=0.7725130617  pop=100
# p=6 gen  3: best_d64=0.7725130617  pop=100
# p=6 gen  4: best_d64=0.7725130617  pop=100
# p=6 gen  4: best_d64=0.7725130617  pop=-1
4,7,6,0.772513061672,22401,142.2,6.0570192535133;5.917568777160059;5.895955885148392;5.878767186105896;5.846522448996204;5.793209313984998,2.8603038771894282;1.3376688009240798;1.3524380588395852;1.3660121853422402;1.3923393422299388;1.469384120645939
# p=7 gen  1: best_d64=0.7825443745  pop=100
# p=7 gen  2: best_d64=0.7825443745  pop=100
# p=7 gen  3: best_d64=0.7825443745  pop=100
# p=7 gen  4: best_d64=0.7825443745  pop=100
# p=7 gen  4: best_d64=0.7825443745  pop=-1
4,7,7,0.782544374537,22578,629.3,6.067119902743091;5.931360138616851;5.911545354274427;5.9000769366961245;5.885445986477214;5.850472670363046;5.795045871984746,2.8623762256086787;1.3397499094459748;1.3525835757464892;1.35997775712329;1.3734508997191377;1.40125961867735;1.4779101074829302
# p=8 gen  1: best_d64=0.7907724064  pop=100
=== QAOA Double64 Swarm ===
Task:  8 / 15
Pair:  k=4, D=7
Node:  swift-c3dnodesetssd-5
CPUs:  28
Start: Wed Apr 22 00:44:37 UTC 2026
Job:   1357786_8

--- Node diagnostics ---
Hostname: swift-c3dnodesetssd-5
Memory:                  total        used        free      shared  buff/cache   available
Mem:           1.4Ti       9.1Gi       1.4Ti       3.3Mi       2.2Gi       1.4Ti
Disk:     10.17.247.218:/nfsshare   25T   15T  9.1T  62% /home
Julia:    /home/stephenjordan_google_com/julia-1.12.5/bin/julia
Git HEAD: 25cb9d9

Removing stale results/swarm-d64-k4d7.csv
Checking Julia environment...
Environment ready.

Starting swarm_chain_d64.jl with 28 threads at Wed Apr 22 00:44:40 UTC 2026
# swarm-d64 chain: k=4, D=7, p=1-15, pop=100, gens=10, burst=20, seed=42
k,D,p,ctilde,evals,wall_seconds,gamma,beta
# p=1 gen  1: best_d64=0.6385703467  pop=100
# p=1 gen  2: best_d64=0.6385703467  pop=100
# p=1 gen  3: best_d64=0.6385703467  pop=100
# p=1 gen  4: best_d64=0.6385703467  pop=100
# p=1 gen  4: best_d64=0.6385703467  pop=-1
4,7,1,0.638570346665,5266,5.1,0.4243867844634167,0.23436715393405064
# p=2 gen  1: best_d64=0.6901692402  pop=100
# p=2 gen  2: best_d64=0.6901692402  pop=100
# p=2 gen  3: best_d64=0.6901692402  pop=100
# p=2 gen  4: best_d64=0.6901692402  pop=100
# p=2 gen  4: best_d64=0.6901692402  pop=-1
4,7,2,0.690169240157,11506,0.9,5.9548361807627765;5.7658463648271265,2.8664232999074146;1.3985399315916176
# p=3 gen  1: best_d64=0.7220300541  pop=100
# p=3 gen  2: best_d64=0.7220300541  pop=100
# p=3 gen  3: best_d64=0.7220300541  pop=100
# p=3 gen  4: best_d64=0.7220300541  pop=100
# p=3 gen  4: best_d64=0.7220300541  pop=-1
4,7,3,0.722030054121,16021,1.8,5.9992505968697305;5.834173638504823;5.7786117856946335,2.856953907823379;1.3489733729472453;1.4267349538480822
# p=4 gen  1: best_d64=0.7438133568  pop=100
# p=4 gen  2: best_d64=0.7438133568  pop=100
# p=4 gen  3: best_d64=0.7438133568  pop=100
# p=4 gen  4: best_d64=0.7438133568  pop=100
# p=4 gen  4: best_d64=0.7438133568  pop=-1
4,7,4,0.743813356815,18523,6.7,6.025780096951948;5.874945047419997;5.836350837729066;5.785460252382933,2.857194232669074;1.3381207048786343;1.369246837561465;1.4452018550378793
# p=5 gen  1: best_d64=0.7599801312  pop=100
# p=5 gen  2: best_d64=0.7599801312  pop=100
# p=5 gen  3: best_d64=0.7599801312  pop=100
# p=5 gen  4: best_d64=0.7599801312  pop=100
# p=5 gen  4: best_d64=0.7599801312  pop=-1
4,7,5,0.759980131191,18850,27.6,6.043911945254735;5.899588495239273;5.873812489307809;5.8412007157629136;5.790187261233586,2.858443517392058;1.3364082340628314;1.3561221219450963;1.3820613540083284;1.458773558595775
# p=6 gen  1: best_d64=0.7725130617  pop=100
# p=6 gen  2: best_d64=0.7725130617  pop=100
# p=6 gen  3: best_d64=0.7725130617  pop=100
# p=6 gen  4: best_d64=0.7725130617  pop=100
# p=6 gen  4: best_d64=0.7725130617  pop=-1
4,7,6,0.772513061672,22401,143.8,6.0570192535133;5.917568777160059;5.895955885148392;5.878767186105896;5.846522448996204;5.793209313984998,2.8603038771894282;1.3376688009240798;1.3524380588395852;1.3660121853422402;1.3923393422299388;1.469384120645939
# p=7 gen  1: best_d64=0.7825443745  pop=100
# p=7 gen  2: best_d64=0.7825443745  pop=100
# p=7 gen  3: best_d64=0.7825443745  pop=100
# p=7 gen  4: best_d64=0.7825443745  pop=100
# p=7 gen  4: best_d64=0.7825443745  pop=-1
4,7,7,0.782544374537,22578,632.9,6.067119902743091;5.931360138616851;5.911545354274427;5.9000769366961245;5.885445986477214;5.850472670363046;5.795045871984746,2.8623762256086787;1.3397499094459748;1.3525835757464892;1.35997775712329;1.3734508997191377;1.40125961867735;1.4779101074829302
# p=8 gen  1: best_d64=0.7907724064  pop=100
# p=8 gen  2: best_d64=0.7907724067  pop=100
=== QAOA Double64 Swarm ===
Task:  8 / 15
Pair:  k=4, D=7
Node:  swift-c3dnodesetssd-7
CPUs:  28
Start: Wed Apr 22 01:33:09 UTC 2026
Job:   1357786_8

--- Node diagnostics ---
Hostname: swift-c3dnodesetssd-7
Memory:                  total        used        free      shared  buff/cache   available
Mem:           1.4Ti       9.1Gi       1.4Ti       3.3Mi       2.2Gi       1.4Ti
Disk:     10.17.247.218:/nfsshare   25T   15T  9.1T  62% /home
Julia:    /home/stephenjordan_google_com/julia-1.12.5/bin/julia
Git HEAD: 25cb9d9

Removing stale results/swarm-d64-k4d7.csv
Checking Julia environment...
Environment ready.

Starting swarm_chain_d64.jl with 28 threads at Wed Apr 22 01:33:12 UTC 2026
# swarm-d64 chain: k=4, D=7, p=1-15, pop=100, gens=10, burst=20, seed=42
k,D,p,ctilde,evals,wall_seconds,gamma,beta
# p=1 gen  1: best_d64=0.6385703467  pop=100
# p=1 gen  2: best_d64=0.6385703467  pop=100
# p=1 gen  3: best_d64=0.6385703467  pop=100
# p=1 gen  4: best_d64=0.6385703467  pop=100
# p=1 gen  4: best_d64=0.6385703467  pop=-1
4,7,1,0.638570346665,5279,5.0,0.4243867844634167,0.23436715393405064
# p=2 gen  1: best_d64=0.6901692402  pop=100
# p=2 gen  2: best_d64=0.6901692402  pop=100
# p=2 gen  3: best_d64=0.6901692402  pop=100
# p=2 gen  4: best_d64=0.6901692402  pop=100
# p=2 gen  4: best_d64=0.6901692402  pop=-1
4,7,2,0.690169240157,11505,0.9,5.9548361807627765;5.7658463648271265,2.8664232999074146;1.3985399315916176
# p=3 gen  1: best_d64=0.7220300541  pop=100
# p=3 gen  2: best_d64=0.7220300541  pop=100
# p=3 gen  3: best_d64=0.7220300541  pop=100
# p=3 gen  4: best_d64=0.7220300541  pop=100
# p=3 gen  4: best_d64=0.7220300541  pop=-1
4,7,3,0.722030054121,16043,1.8,5.9992505968697305;5.834173638504823;5.7786117856946335,2.856953907823379;1.3489733729472453;1.4267349538480822
# p=4 gen  1: best_d64=0.7438133568  pop=100
# p=4 gen  2: best_d64=0.7438133568  pop=100
# p=4 gen  3: best_d64=0.7438133568  pop=100
# p=4 gen  4: best_d64=0.7438133568  pop=100
# p=4 gen  4: best_d64=0.7438133568  pop=-1
4,7,4,0.743813356815,18554,6.6,6.025780096951948;5.874945047419997;5.836350837729066;5.785460252382933,2.857194232669074;1.3381207048786343;1.369246837561465;1.4452018550378793
# p=5 gen  1: best_d64=0.7599801312  pop=100
# p=5 gen  2: best_d64=0.7599801312  pop=100
# p=5 gen  3: best_d64=0.7599801312  pop=100
# p=5 gen  4: best_d64=0.7599801312  pop=100
# p=5 gen  4: best_d64=0.7599801312  pop=-1
4,7,5,0.759980131191,18850,27.2,6.043911945254735;5.899588495239273;5.873812489307809;5.8412007157629136;5.790187261233586,2.858443517392058;1.3364082340628314;1.3561221219450963;1.3820613540083284;1.458773558595775
# p=6 gen  1: best_d64=0.7725130617  pop=100
# p=6 gen  2: best_d64=0.7725130617  pop=100
# p=6 gen  3: best_d64=0.7725130617  pop=100
# p=6 gen  4: best_d64=0.7725130617  pop=100
# p=6 gen  4: best_d64=0.7725130617  pop=-1
4,7,6,0.772513061672,22401,142.6,6.0570192535133;5.917568777160059;5.895955885148392;5.878767186105896;5.846522448996204;5.793209313984998,2.8603038771894282;1.3376688009240798;1.3524380588395852;1.3660121853422402;1.3923393422299388;1.469384120645939
# p=7 gen  1: best_d64=0.7825443745  pop=100
# p=7 gen  2: best_d64=0.7825443745  pop=100
# p=7 gen  3: best_d64=0.7825443745  pop=100
# p=7 gen  4: best_d64=0.7825443745  pop=100
# p=7 gen  4: best_d64=0.7825443745  pop=-1
4,7,7,0.782544374537,22578,633.9,6.067119902743091;5.931360138616851;5.911545354274427;5.9000769366961245;5.885445986477214;5.850472670363046;5.795045871984746,2.8623762256086787;1.3397499094459748;1.3525835757464892;1.35997775712329;1.3734508997191377;1.40125961867735;1.4779101074829302
=== QAOA Double64 Swarm ===
Task:  8 / 15
Pair:  k=4, D=7
Node:  swift-c3dnodesetssd-7
CPUs:  28
Start: Wed Apr 22 01:52:39 UTC 2026
Job:   1357786_8

--- Node diagnostics ---
Hostname: swift-c3dnodesetssd-7
Memory:                  total        used        free      shared  buff/cache   available
Mem:           1.4Ti       9.2Gi       1.4Ti       3.3Mi       2.3Gi       1.4Ti
Disk:     10.17.247.218:/nfsshare   25T   15T  9.1T  62% /home
Julia:    /home/stephenjordan_google_com/julia-1.12.5/bin/julia
Git HEAD: 25cb9d9

Removing stale results/swarm-d64-k4d7.csv
Checking Julia environment...
Environment ready.

Starting swarm_chain_d64.jl with 28 threads at Wed Apr 22 01:52:44 UTC 2026
# swarm-d64 chain: k=4, D=7, p=1-15, pop=100, gens=10, burst=20, seed=42
k,D,p,ctilde,evals,wall_seconds,gamma,beta
# p=1 gen  1: best_d64=0.6385703467  pop=100
# p=1 gen  2: best_d64=0.6385703467  pop=100
# p=1 gen  3: best_d64=0.6385703467  pop=100
# p=1 gen  4: best_d64=0.6385703467  pop=100
# p=1 gen  4: best_d64=0.6385703467  pop=-1
4,7,1,0.638570346665,5254,5.1,0.4243867844634167,0.23436715393405064
# p=2 gen  1: best_d64=0.6901692402  pop=100
# p=2 gen  2: best_d64=0.6901692402  pop=100
# p=2 gen  3: best_d64=0.6901692402  pop=100
# p=2 gen  4: best_d64=0.6901692402  pop=100
# p=2 gen  4: best_d64=0.6901692402  pop=-1
4,7,2,0.690169240157,11507,0.9,5.9548361807627765;5.7658463648271265,2.8664232999074146;1.3985399315916176
# p=3 gen  1: best_d64=0.7220300541  pop=100
# p=3 gen  2: best_d64=0.7220300541  pop=100
# p=3 gen  3: best_d64=0.7220300541  pop=100
# p=3 gen  4: best_d64=0.7220300541  pop=100
# p=3 gen  4: best_d64=0.7220300541  pop=-1
4,7,3,0.722030054121,16091,1.8,5.9992505968697305;5.834173638504823;5.7786117856946335,2.856953907823379;1.3489733729472453;1.4267349538480822
# p=4 gen  1: best_d64=0.7438133568  pop=100
# p=4 gen  2: best_d64=0.7438133568  pop=100
# p=4 gen  3: best_d64=0.7438133568  pop=100
# p=4 gen  4: best_d64=0.7438133568  pop=100
# p=4 gen  4: best_d64=0.7438133568  pop=-1
4,7,4,0.743813356815,18537,6.7,6.025780096951948;5.874945047419997;5.836350837729066;5.785460252382933,2.857194232669074;1.3381207048786343;1.369246837561465;1.4452018550378793
# p=5 gen  1: best_d64=0.7599801312  pop=100
# p=5 gen  2: best_d64=0.7599801312  pop=100
# p=5 gen  3: best_d64=0.7599801312  pop=100
# p=5 gen  4: best_d64=0.7599801312  pop=100
# p=5 gen  4: best_d64=0.7599801312  pop=-1
4,7,5,0.759980131191,18775,27.5,6.043911945254735;5.899588495239273;5.873812489307809;5.8412007157629136;5.790187261233586,2.858443517392058;1.3364082340628314;1.3561221219450963;1.3820613540083284;1.458773558595775
# p=6 gen  1: best_d64=0.7725130617  pop=100
# p=6 gen  2: best_d64=0.7725130617  pop=100
# p=6 gen  3: best_d64=0.7725130617  pop=100
# p=6 gen  4: best_d64=0.7725130617  pop=100
# p=6 gen  4: best_d64=0.7725130617  pop=-1
4,7,6,0.772513061672,22401,143.6,6.0570192535133;5.917568777160059;5.895955885148392;5.878767186105896;5.846522448996204;5.793209313984998,2.8603038771894282;1.3376688009240798;1.3524380588395852;1.3660121853422402;1.3923393422299388;1.469384120645939
# p=7 gen  1: best_d64=0.7825443745  pop=100
# p=7 gen  2: best_d64=0.7825443745  pop=100
# p=7 gen  3: best_d64=0.7825443745  pop=100
# p=7 gen  4: best_d64=0.7825443745  pop=100
# p=7 gen  4: best_d64=0.7825443745  pop=-1
4,7,7,0.782544374537,22578,632.0,6.067119902743091;5.931360138616851;5.911545354274427;5.9000769366961245;5.885445986477214;5.850472670363046;5.795045871984746,2.8623762256086787;1.3397499094459748;1.3525835757464892;1.35997775712329;1.3734508997191377;1.40125961867735;1.4779101074829302
# p=8 gen  1: best_d64=0.7907724064  pop=100
# p=8 gen  2: best_d64=0.7907724067  pop=100
=== QAOA Double64 Swarm ===
Task:  8 / 15
Pair:  k=4, D=7
Node:  swift-c3dnodesetssd-7
CPUs:  28
Start: Wed Apr 22 02:39:39 UTC 2026
Job:   1357786_8

--- Node diagnostics ---
Hostname: swift-c3dnodesetssd-7
Memory:                  total        used        free      shared  buff/cache   available
Mem:           1.4Ti       9.1Gi       1.4Ti       3.3Mi       2.2Gi       1.4Ti
Disk:     10.17.247.218:/nfsshare   25T   15T  9.1T  62% /home
Julia:    /home/stephenjordan_google_com/julia-1.12.5/bin/julia
Git HEAD: 25cb9d9

Removing stale results/swarm-d64-k4d7.csv
Checking Julia environment...
Environment ready.

Starting swarm_chain_d64.jl with 28 threads at Wed Apr 22 02:39:42 UTC 2026
# swarm-d64 chain: k=4, D=7, p=1-15, pop=100, gens=10, burst=20, seed=42
k,D,p,ctilde,evals,wall_seconds,gamma,beta
# p=1 gen  1: best_d64=0.6385703467  pop=100
# p=1 gen  2: best_d64=0.6385703467  pop=100
# p=1 gen  3: best_d64=0.6385703467  pop=100
# p=1 gen  4: best_d64=0.6385703467  pop=100
# p=1 gen  4: best_d64=0.6385703467  pop=-1
4,7,1,0.638570346665,5269,5.1,0.4243867844634167,0.23436715393405064
# p=2 gen  1: best_d64=0.6901692402  pop=100
# p=2 gen  2: best_d64=0.6901692402  pop=100
# p=2 gen  3: best_d64=0.6901692402  pop=100
# p=2 gen  4: best_d64=0.6901692402  pop=100
# p=2 gen  4: best_d64=0.6901692402  pop=-1
4,7,2,0.690169240157,11506,0.9,5.9548361807627765;5.7658463648271265,2.8664232999074146;1.3985399315916176
# p=3 gen  1: best_d64=0.7220300541  pop=100
# p=3 gen  2: best_d64=0.7220300541  pop=100
# p=3 gen  3: best_d64=0.7220300541  pop=100
# p=3 gen  4: best_d64=0.7220300541  pop=100
# p=3 gen  4: best_d64=0.7220300541  pop=-1
4,7,3,0.722030054121,16158,1.7,5.9992505968697305;5.834173638504823;5.7786117856946335,2.856953907823379;1.3489733729472453;1.4267349538480822
# p=4 gen  1: best_d64=0.7438133568  pop=100
# p=4 gen  2: best_d64=0.7438133568  pop=100
# p=4 gen  3: best_d64=0.7438133568  pop=100
# p=4 gen  4: best_d64=0.7438133568  pop=100
# p=4 gen  4: best_d64=0.7438133568  pop=-1
4,7,4,0.743813356815,18507,6.6,6.025780096951948;5.874945047419997;5.836350837729066;5.785460252382933,2.857194232669074;1.3381207048786343;1.369246837561465;1.4452018550378793
# p=5 gen  1: best_d64=0.7599801312  pop=100
# p=5 gen  2: best_d64=0.7599801312  pop=100
# p=5 gen  3: best_d64=0.7599801312  pop=100
# p=5 gen  4: best_d64=0.7599801312  pop=100
# p=5 gen  4: best_d64=0.7599801312  pop=-1
4,7,5,0.759980131191,18850,27.0,6.043911945254735;5.899588495239273;5.873812489307809;5.8412007157629136;5.790187261233586,2.858443517392058;1.3364082340628314;1.3561221219450963;1.3820613540083284;1.458773558595775
# p=6 gen  1: best_d64=0.7725130617  pop=100
# p=6 gen  2: best_d64=0.7725130617  pop=100
# p=6 gen  3: best_d64=0.7725130617  pop=100
# p=6 gen  4: best_d64=0.7725130617  pop=100
# p=6 gen  4: best_d64=0.7725130617  pop=-1
4,7,6,0.772513061672,22326,141.5,6.0570192535133;5.917568777160059;5.895955885148392;5.878767186105896;5.846522448996204;5.793209313984998,2.8603038771894282;1.3376688009240798;1.3524380588395852;1.3660121853422402;1.3923393422299388;1.469384120645939
# p=7 gen  1: best_d64=0.7825443745  pop=100
# p=7 gen  2: best_d64=0.7825443745  pop=100
# p=7 gen  3: best_d64=0.7825443745  pop=100
# p=7 gen  4: best_d64=0.7825443745  pop=100
# p=7 gen  4: best_d64=0.7825443745  pop=-1
4,7,7,0.782544374537,22578,629.3,6.067119902743091;5.931360138616851;5.911545354274427;5.9000769366961245;5.885445986477214;5.850472670363046;5.795045871984746,2.8623762256086787;1.3397499094459748;1.3525835757464892;1.35997775712329;1.3734508997191377;1.40125961867735;1.4779101074829302
# p=8 gen  1: best_d64=0.7907724064  pop=100
# p=8 gen  2: best_d64=0.7907724067  pop=100
# p=8 gen  3: best_d64=0.7907724067  pop=100
=== QAOA Double64 Swarm ===
Task:  8 / 15
Pair:  k=4, D=7
Node:  swift-c3dnodesetssd-7
CPUs:  28
Start: Wed Apr 22 03:33:09 UTC 2026
Job:   1357786_8

--- Node diagnostics ---
Hostname: swift-c3dnodesetssd-7
Memory:                  total        used        free      shared  buff/cache   available
Mem:           1.4Ti       9.2Gi       1.4Ti       3.3Mi       2.3Gi       1.4Ti
Disk:     10.17.247.218:/nfsshare   25T   15T  9.1T  62% /home
Julia:    /home/stephenjordan_google_com/julia-1.12.5/bin/julia
Git HEAD: 25cb9d9

Removing stale results/swarm-d64-k4d7.csv
Checking Julia environment...
Environment ready.

Starting swarm_chain_d64.jl with 28 threads at Wed Apr 22 03:33:13 UTC 2026
# swarm-d64 chain: k=4, D=7, p=1-15, pop=100, gens=10, burst=20, seed=42
k,D,p,ctilde,evals,wall_seconds,gamma,beta
# p=1 gen  1: best_d64=0.6385703467  pop=100
# p=1 gen  2: best_d64=0.6385703467  pop=100
# p=1 gen  3: best_d64=0.6385703467  pop=100
# p=1 gen  4: best_d64=0.6385703467  pop=100
# p=1 gen  4: best_d64=0.6385703467  pop=-1
4,7,1,0.638570346665,5268,5.1,0.4243867844634167,0.23436715393405064
# p=2 gen  1: best_d64=0.6901692402  pop=100
# p=2 gen  2: best_d64=0.6901692402  pop=100
# p=2 gen  3: best_d64=0.6901692402  pop=100
# p=2 gen  4: best_d64=0.6901692402  pop=100
# p=2 gen  4: best_d64=0.6901692402  pop=-1
4,7,2,0.690169240157,11507,0.9,5.9548361807627765;5.7658463648271265,2.8664232999074146;1.3985399315916176
# p=3 gen  1: best_d64=0.7220300541  pop=100
# p=3 gen  2: best_d64=0.7220300541  pop=100
# p=3 gen  3: best_d64=0.7220300541  pop=100
# p=3 gen  4: best_d64=0.7220300541  pop=100
# p=3 gen  4: best_d64=0.7220300541  pop=-1
4,7,3,0.722030054121,16159,1.7,5.9992505968697305;5.834173638504823;5.7786117856946335,2.856953907823379;1.3489733729472453;1.4267349538480822
# p=4 gen  1: best_d64=0.7438133568  pop=100
# p=4 gen  2: best_d64=0.7438133568  pop=100
# p=4 gen  3: best_d64=0.7438133568  pop=100
# p=4 gen  4: best_d64=0.7438133568  pop=100
# p=4 gen  4: best_d64=0.7438133568  pop=-1
4,7,4,0.743813356815,18534,6.6,6.025780096951948;5.874945047419997;5.836350837729066;5.785460252382933,2.857194232669074;1.3381207048786343;1.369246837561465;1.4452018550378793
# p=5 gen  1: best_d64=0.7599801312  pop=100
# p=5 gen  2: best_d64=0.7599801312  pop=100
# p=5 gen  3: best_d64=0.7599801312  pop=100
# p=5 gen  4: best_d64=0.7599801312  pop=100
# p=5 gen  4: best_d64=0.7599801312  pop=-1
4,7,5,0.759980131191,18850,26.8,6.043911945254735;5.899588495239273;5.873812489307809;5.8412007157629136;5.790187261233586,2.858443517392058;1.3364082340628314;1.3561221219450963;1.3820613540083284;1.458773558595775
# p=6 gen  1: best_d64=0.7725130617  pop=100
# p=6 gen  2: best_d64=0.7725130617  pop=100
# p=6 gen  3: best_d64=0.7725130617  pop=100
# p=6 gen  4: best_d64=0.7725130617  pop=100
# p=6 gen  4: best_d64=0.7725130617  pop=-1
4,7,6,0.772513061672,22401,141.2,6.0570192535133;5.917568777160059;5.895955885148392;5.878767186105896;5.846522448996204;5.793209313984998,2.8603038771894282;1.3376688009240798;1.3524380588395852;1.3660121853422402;1.3923393422299388;1.469384120645939
# p=7 gen  1: best_d64=0.7825443745  pop=100
# p=7 gen  2: best_d64=0.7825443745  pop=100
# p=7 gen  3: best_d64=0.7825443745  pop=100
# p=7 gen  4: best_d64=0.7825443745  pop=100
# p=7 gen  4: best_d64=0.7825443745  pop=-1
4,7,7,0.782544374537,22578,629.3,6.067119902743091;5.931360138616851;5.911545354274427;5.9000769366961245;5.885445986477214;5.850472670363046;5.795045871984746,2.8623762256086787;1.3397499094459748;1.3525835757464892;1.35997775712329;1.3734508997191377;1.40125961867735;1.4779101074829302
# p=8 gen  1: best_d64=0.7907724064  pop=100
# p=8 gen  2: best_d64=0.7907724067  pop=100
=== QAOA Double64 Swarm ===
Task:  8 / 15
Pair:  k=4, D=7
Node:  swift-c3dnodesetssd-0
CPUs:  28
Start: Wed Apr 22 04:33:10 UTC 2026
Job:   1357786_8

--- Node diagnostics ---
Hostname: swift-c3dnodesetssd-0
Memory:                  total        used        free      shared  buff/cache   available
Mem:           1.4Ti       9.1Gi       1.4Ti       3.3Mi       2.2Gi       1.4Ti
Disk:     10.17.247.218:/nfsshare   25T   15T  9.1T  62% /home
Julia:    /home/stephenjordan_google_com/julia-1.12.5/bin/julia
Git HEAD: 25cb9d9

Removing stale results/swarm-d64-k4d7.csv
Checking Julia environment...
Environment ready.

Starting swarm_chain_d64.jl with 28 threads at Wed Apr 22 04:33:15 UTC 2026
# swarm-d64 chain: k=4, D=7, p=1-15, pop=100, gens=10, burst=20, seed=42
k,D,p,ctilde,evals,wall_seconds,gamma,beta
# p=1 gen  1: best_d64=0.6385703467  pop=100
# p=1 gen  2: best_d64=0.6385703467  pop=100
# p=1 gen  3: best_d64=0.6385703467  pop=100
# p=1 gen  4: best_d64=0.6385703467  pop=100
# p=1 gen  4: best_d64=0.6385703467  pop=-1
4,7,1,0.638570346665,5270,5.2,0.4243867844634167,0.23436715393405064
# p=2 gen  1: best_d64=0.6901692402  pop=100
# p=2 gen  2: best_d64=0.6901692402  pop=100
# p=2 gen  3: best_d64=0.6901692402  pop=100
# p=2 gen  4: best_d64=0.6901692402  pop=100
# p=2 gen  4: best_d64=0.6901692402  pop=-1
4,7,2,0.690169240157,11507,0.9,5.9548361807627765;5.7658463648271265,2.8664232999074146;1.3985399315916176
# p=3 gen  1: best_d64=0.7220300541  pop=100
# p=3 gen  2: best_d64=0.7220300541  pop=100
# p=3 gen  3: best_d64=0.7220300541  pop=100
# p=3 gen  4: best_d64=0.7220300541  pop=100
# p=3 gen  4: best_d64=0.7220300541  pop=-1
4,7,3,0.722030054121,16160,1.7,5.9992505968697305;5.834173638504823;5.7786117856946335,2.856953907823379;1.3489733729472453;1.4267349538480822
# p=4 gen  1: best_d64=0.7438133568  pop=100
# p=4 gen  2: best_d64=0.7438133568  pop=100
# p=4 gen  3: best_d64=0.7438133568  pop=100
# p=4 gen  4: best_d64=0.7438133568  pop=100
# p=4 gen  4: best_d64=0.7438133568  pop=-1
4,7,4,0.743813356815,18592,6.6,6.025780096951948;5.874945047419997;5.836350837729066;5.785460252382933,2.857194232669074;1.3381207048786343;1.369246837561465;1.4452018550378793
# p=5 gen  1: best_d64=0.7599801312  pop=100
# p=5 gen  2: best_d64=0.7599801312  pop=100
# p=5 gen  3: best_d64=0.7599801312  pop=100
# p=5 gen  4: best_d64=0.7599801312  pop=100
# p=5 gen  4: best_d64=0.7599801312  pop=-1
4,7,5,0.759980131191,18775,26.7,6.043911945254735;5.899588495239273;5.873812489307809;5.8412007157629136;5.790187261233586,2.858443517392058;1.3364082340628314;1.3561221219450963;1.3820613540083284;1.458773558595775
# p=6 gen  1: best_d64=0.7725130617  pop=100
# p=6 gen  2: best_d64=0.7725130617  pop=100
# p=6 gen  3: best_d64=0.7725130617  pop=100
# p=6 gen  4: best_d64=0.7725130617  pop=100
# p=6 gen  4: best_d64=0.7725130617  pop=-1
4,7,6,0.772513061672,22401,140.8,6.0570192535133;5.917568777160059;5.895955885148392;5.878767186105896;5.846522448996204;5.793209313984998,2.8603038771894282;1.3376688009240798;1.3524380588395852;1.3660121853422402;1.3923393422299388;1.469384120645939
# p=7 gen  1: best_d64=0.7825443745  pop=100
# p=7 gen  2: best_d64=0.7825443745  pop=100
# p=7 gen  3: best_d64=0.7825443745  pop=100
# p=7 gen  4: best_d64=0.7825443745  pop=100
# p=7 gen  4: best_d64=0.7825443745  pop=-1
4,7,7,0.782544374537,22578,626.8,6.067119902743091;5.931360138616851;5.911545354274427;5.9000769366961245;5.885445986477214;5.850472670363046;5.795045871984746,2.8623762256086787;1.3397499094459748;1.3525835757464892;1.35997775712329;1.3734508997191377;1.40125961867735;1.4779101074829302
# p=8 gen  1: best_d64=0.7907724064  pop=100
# p=8 gen  2: best_d64=0.7907724067  pop=100
# p=8 gen  3: best_d64=0.7907724067  pop=100
# p=8 gen  4: best_d64=0.7907724067  pop=100
# p=8 gen  5: best_d64=0.7907724067  pop=100
# p=8 gen  5: best_d64=0.7907724067  pop=-1
4,7,8,0.790772406738,25923,3377.4,6.07516399295478;5.942411162917763;5.923420373858064;5.914719692435868;5.906828649464768;5.891185251045478;5.853059242124984;5.796086679329416,2.86444780511016;1.3421588188723426;1.3541122249073339;1.3587627777545521;1.3651540815158145;1.3798446281113683;1.409252037232691;1.4849531841649588
# p=9 gen  1: best_d64=0.7976534717  pop=100
# p=9 gen  2: best_d64=0.7976534782  pop=100
# p=9 gen  3: best_d64=0.7976534782  pop=100
=== QAOA Double64 Swarm ===
Task:  8 / 15
Pair:  k=4, D=7
Node:  swift-c3dnodesetssd-10
CPUs:  28
Start: Wed Apr 22 08:34:41 UTC 2026
Job:   1357786_8

--- Node diagnostics ---
Hostname: swift-c3dnodesetssd-10
Memory:                  total        used        free      shared  buff/cache   available
Mem:           1.4Ti       9.1Gi       1.4Ti       3.3Mi       2.2Gi       1.4Ti
Disk:     10.17.247.218:/nfsshare   25T   15T  9.1T  62% /home
Julia:    /home/stephenjordan_google_com/julia-1.12.5/bin/julia
Git HEAD: 25cb9d9

Removing stale results/swarm-d64-k4d7.csv
Checking Julia environment...
Environment ready.

Starting swarm_chain_d64.jl with 28 threads at Wed Apr 22 08:34:46 UTC 2026
# swarm-d64 chain: k=4, D=7, p=1-15, pop=100, gens=10, burst=20, seed=42
k,D,p,ctilde,evals,wall_seconds,gamma,beta
# p=1 gen  1: best_d64=0.6385703467  pop=100
# p=1 gen  2: best_d64=0.6385703467  pop=100
# p=1 gen  3: best_d64=0.6385703467  pop=100
# p=1 gen  4: best_d64=0.6385703467  pop=100
# p=1 gen  4: best_d64=0.6385703467  pop=-1
4,7,1,0.638570346665,5266,5.1,0.4243867844634167,0.23436715393405064
# p=2 gen  1: best_d64=0.6901692402  pop=100
# p=2 gen  2: best_d64=0.6901692402  pop=100
# p=2 gen  3: best_d64=0.6901692402  pop=100
# p=2 gen  4: best_d64=0.6901692402  pop=100
# p=2 gen  4: best_d64=0.6901692402  pop=-1
4,7,2,0.690169240157,11505,0.8,5.9548361807627765;5.7658463648271265,2.8664232999074146;1.3985399315916176
# p=3 gen  1: best_d64=0.7220300541  pop=100
# p=3 gen  2: best_d64=0.7220300541  pop=100
# p=3 gen  3: best_d64=0.7220300541  pop=100
# p=3 gen  4: best_d64=0.7220300541  pop=100
# p=3 gen  4: best_d64=0.7220300541  pop=-1
4,7,3,0.722030054121,16154,1.7,5.9992505968697305;5.834173638504823;5.7786117856946335,2.856953907823379;1.3489733729472453;1.4267349538480822
# p=4 gen  1: best_d64=0.7438133568  pop=100
# p=4 gen  2: best_d64=0.7438133568  pop=100
# p=4 gen  3: best_d64=0.7438133568  pop=100
# p=4 gen  4: best_d64=0.7438133568  pop=100
# p=4 gen  4: best_d64=0.7438133568  pop=-1
4,7,4,0.743813356815,18593,6.5,6.025780096951948;5.874945047419997;5.836350837729066;5.785460252382933,2.857194232669074;1.3381207048786343;1.369246837561465;1.4452018550378793
# p=5 gen  1: best_d64=0.7599801312  pop=100
# p=5 gen  2: best_d64=0.7599801312  pop=100
# p=5 gen  3: best_d64=0.7599801312  pop=100
# p=5 gen  4: best_d64=0.7599801312  pop=100
# p=5 gen  4: best_d64=0.7599801312  pop=-1
4,7,5,0.759980131191,18786,27.0,6.043911945254735;5.899588495239273;5.873812489307809;5.8412007157629136;5.790187261233586,2.858443517392058;1.3364082340628314;1.3561221219450963;1.3820613540083284;1.458773558595775
# p=6 gen  1: best_d64=0.7725130617  pop=100
# p=6 gen  2: best_d64=0.7725130617  pop=100
# p=6 gen  3: best_d64=0.7725130617  pop=100
# p=6 gen  4: best_d64=0.7725130617  pop=100
# p=6 gen  4: best_d64=0.7725130617  pop=-1
4,7,6,0.772513061672,22401,141.2,6.0570192535133;5.917568777160059;5.895955885148392;5.878767186105896;5.846522448996204;5.793209313984998,2.8603038771894282;1.3376688009240798;1.3524380588395852;1.3660121853422402;1.3923393422299388;1.469384120645939
# p=7 gen  1: best_d64=0.7825443745  pop=100
# p=7 gen  2: best_d64=0.7825443745  pop=100
# p=7 gen  3: best_d64=0.7825443745  pop=100
=== QAOA Double64 Swarm ===
Task:  8 / 15
Pair:  k=4, D=7
Node:  swift-c3dnodesetssd-7
CPUs:  28
Start: Wed Apr 22 08:50:42 UTC 2026
Job:   1357786_8

--- Node diagnostics ---
Hostname: swift-c3dnodesetssd-7
Memory:                  total        used        free      shared  buff/cache   available
Mem:           1.4Ti       9.0Gi       1.4Ti       3.3Mi       2.2Gi       1.4Ti
Disk:     10.17.247.218:/nfsshare   25T   15T  9.1T  62% /home
Julia:    /home/stephenjordan_google_com/julia-1.12.5/bin/julia
Git HEAD: 25cb9d9

Removing stale results/swarm-d64-k4d7.csv
Checking Julia environment...
Environment ready.

Starting swarm_chain_d64.jl with 28 threads at Wed Apr 22 08:50:50 UTC 2026
# swarm-d64 chain: k=4, D=7, p=1-15, pop=100, gens=10, burst=20, seed=42
k,D,p,ctilde,evals,wall_seconds,gamma,beta
# p=1 gen  1: best_d64=0.6385703467  pop=100
# p=1 gen  2: best_d64=0.6385703467  pop=100
# p=1 gen  3: best_d64=0.6385703467  pop=100
# p=1 gen  4: best_d64=0.6385703467  pop=100
# p=1 gen  4: best_d64=0.6385703467  pop=-1
4,7,1,0.638570346665,5277,5.1,0.4243867844634167,0.23436715393405064
# p=2 gen  1: best_d64=0.6901692402  pop=100
# p=2 gen  2: best_d64=0.6901692402  pop=100
# p=2 gen  3: best_d64=0.6901692402  pop=100
# p=2 gen  4: best_d64=0.6901692402  pop=100
# p=2 gen  4: best_d64=0.6901692402  pop=-1
4,7,2,0.690169240157,11506,0.9,5.9548361807627765;5.7658463648271265,2.8664232999074146;1.3985399315916176
# p=3 gen  1: best_d64=0.7220300541  pop=100
# p=3 gen  2: best_d64=0.7220300541  pop=100
# p=3 gen  3: best_d64=0.7220300541  pop=100
# p=3 gen  4: best_d64=0.7220300541  pop=100
# p=3 gen  4: best_d64=0.7220300541  pop=-1
4,7,3,0.722030054121,16106,1.8,5.9992505968697305;5.834173638504823;5.7786117856946335,2.856953907823379;1.3489733729472453;1.4267349538480822
# p=4 gen  1: best_d64=0.7438133568  pop=100
# p=4 gen  2: best_d64=0.7438133568  pop=100
# p=4 gen  3: best_d64=0.7438133568  pop=100
# p=4 gen  4: best_d64=0.7438133568  pop=100
# p=4 gen  4: best_d64=0.7438133568  pop=-1
4,7,4,0.743813356815,18504,6.6,6.025780096951948;5.874945047419997;5.836350837729066;5.785460252382933,2.857194232669074;1.3381207048786343;1.369246837561465;1.4452018550378793
# p=5 gen  1: best_d64=0.7599801312  pop=100
# p=5 gen  2: best_d64=0.7599801312  pop=100
# p=5 gen  3: best_d64=0.7599801312  pop=100
# p=5 gen  4: best_d64=0.7599801312  pop=100
# p=5 gen  4: best_d64=0.7599801312  pop=-1
4,7,5,0.759980131191,18796,26.9,6.043911945254735;5.899588495239273;5.873812489307809;5.8412007157629136;5.790187261233586,2.858443517392058;1.3364082340628314;1.3561221219450963;1.3820613540083284;1.458773558595775
# p=6 gen  1: best_d64=0.7725130617  pop=100
# p=6 gen  2: best_d64=0.7725130617  pop=100
# p=6 gen  3: best_d64=0.7725130617  pop=100
# p=6 gen  4: best_d64=0.7725130617  pop=100
# p=6 gen  4: best_d64=0.7725130617  pop=-1
4,7,6,0.772513061672,22326,141.5,6.0570192535133;5.917568777160059;5.895955885148392;5.878767186105896;5.846522448996204;5.793209313984998,2.8603038771894282;1.3376688009240798;1.3524380588395852;1.3660121853422402;1.3923393422299388;1.469384120645939
# p=7 gen  1: best_d64=0.7825443745  pop=100
# p=7 gen  2: best_d64=0.7825443745  pop=100
# p=7 gen  3: best_d64=0.7825443745  pop=100
# p=7 gen  4: best_d64=0.7825443745  pop=100
# p=7 gen  4: best_d64=0.7825443745  pop=-1
4,7,7,0.782544374537,22578,625.0,6.067119902743091;5.931360138616851;5.911545354274427;5.9000769366961245;5.885445986477214;5.850472670363046;5.795045871984746,2.8623762256086787;1.3397499094459748;1.3525835757464892;1.35997775712329;1.3734508997191377;1.40125961867735;1.4779101074829302
# p=8 gen  1: best_d64=0.7907724064  pop=100
# p=8 gen  2: best_d64=0.7907724067  pop=100
# p=8 gen  3: best_d64=0.7907724067  pop=100
# p=8 gen  4: best_d64=0.7907724067  pop=100
# p=8 gen  5: best_d64=0.7907724067  pop=100
# p=8 gen  5: best_d64=0.7907724067  pop=-1
4,7,8,0.790772406738,25923,3377.3,6.07516399295478;5.942411162917763;5.923420373858064;5.914719692435868;5.906828649464768;5.891185251045478;5.853059242124984;5.796086679329416,2.86444780511016;1.3421588188723426;1.3541122249073339;1.3587627777545521;1.3651540815158145;1.3798446281113683;1.409252037232691;1.4849531841649588
# p=9 gen  1: best_d64=0.7976534717  pop=100
# p=9 gen  2: best_d64=0.7976534782  pop=100
# p=9 gen  3: best_d64=0.7976534782  pop=100
# p=9 gen  4: best_d64=0.7976534782  pop=100
# p=9 gen  5: best_d64=0.7976534782  pop=100
# p=9 gen  5: best_d64=0.7976534782  pop=-1
4,7,9,0.797653478183,27123,13777.8,6.0817411942090285;5.951541426902382;5.932877470228205;5.925601808137856;5.921285652958504;5.91304843081326;5.895627106932256;5.85447241456435;5.796500267309429,2.8664418596869035;1.344603624107764;1.3561679049056083;1.3594653957284133;1.3626356357929756;1.3694238932769616;1.3857068887874038;1.4165452596033032;1.4909273545719262
# p=10 gen  1: best_d64=0.8035003530  pop=100
# p=10 gen  2: best_d64=0.8035003773  pop=100
# p=10 gen  3: best_d64=0.8035003773  pop=100
# p=10 gen  4: best_d64=0.8035003773  pop=100
# p=10 gen  5: best_d64=0.8035003773  pop=100
# p=10 gen  5: best_d64=0.8035003773  pop=-1
4,7,10,0.803500377283,25205,72968.2,6.087241277371045;5.959261957708454;5.940678319367325;5.934182989942802;5.931777478837123;5.927693407085729;5.918199619991456;5.898856278307844;5.854958759789384;5.796406435838349,2.8683263513344155;1.3469657866595368;1.3583862085762184;1.361005838176602;1.362427238213191;1.3656827042131865;1.3733477383409896;1.3912527417377807;1.4232638648180742;1.4960849390791278
# p=11 gen  1: best_d64=0.8085340978  pop=100
# p=11 gen  2: best_d64=0.8085341776  pop=100
# p=11 gen  3: best_d64=0.8085341776  pop=100
# p=11 gen  4: best_d64=0.8085341776  pop=100
# p=11 gen  5: best_d64=0.8085341776  pop=100
# p=11 gen  5: best_d64=0.8085341776  pop=-1
4,7,11,0.808534177652,24536,303569.2,6.091930615087452;5.965913593744151;5.947284767479461;5.941225858022099;5.939944141471822;5.9381009151277695;5.933285984277436;5.922239907270485;5.901071300530623;5.854753618764672;5.795934318402968,2.8700938520596493;1.3491990137663257;1.3606037758093261;1.3628880907031233;1.363374782895573;1.3645223335363044;1.3684674471058056;1.3771520953064544;1.3965636273517632;1.4294773281166042;1.5005845005906813
/var/spool/slurmd/job1357794/slurm_script: line 124:  9802 Killed                  julia --project=. -t ${SLURM_CPUS_PER_TASK:-28} scripts/swarm_chain_d64.jl $K $D 15 100 10 20 42

Exit code: 137
Done: Sun Apr 26 22:41:40 UTC 2026
FAILED — pushing logs
