=== QAOA Double64 Swarm ===
Task:  13 / 15
Pair:  k=6, D=7
Node:  swift-c3dnodesetssd-12
CPUs:  28
Start: Fri Apr 10 23:35:37 UTC 2026
Job:   1326055_13

--- Node diagnostics ---
Hostname: swift-c3dnodesetssd-12
Memory:                  total        used        free      shared  buff/cache   available
Mem:           1.4Ti       9.2Gi       1.4Ti       3.3Mi       2.4Gi       1.4Ti
Disk:     10.17.247.218:/nfsshare   25T   15T  9.6T  60% /home
Julia:    /home/stephenjordan_google_com/julia-1.12.5/bin/julia
Git HEAD: 411f899

Checking Julia environment...
Environment ready.

Starting swarm_chain_d64.jl with 28 threads at Fri Apr 10 23:35:42 UTC 2026
# swarm-d64 chain: k=6, D=7, p=1-15, pop=100, gens=10, burst=20, seed=42
k,D,p,ctilde,evals,wall_seconds,gamma,beta
# p=1 gen  1: best_d64=0.6526955270  pop=100
# p=1 gen  2: best_d64=0.6526955270  pop=100
# p=1 gen  3: best_d64=0.6526955270  pop=100
# p=1 gen  4: best_d64=0.6526955270  pop=100
# p=1 gen  4: best_d64=0.6526955270  pop=-1
6,7,1,0.652695526988,5561,5.3,3.5916642468077327,1.3946965568580345
# p=2 gen  1: best_d64=0.7095635623  pop=100
# p=2 gen  2: best_d64=0.7095635623  pop=100
# p=2 gen  3: best_d64=0.7095635623  pop=100
# p=2 gen  4: best_d64=0.7095635623  pop=100
# p=2 gen  4: best_d64=0.7095635623  pop=-1
6,7,2,0.709563562343,10511,0.9,3.5000682805627923;3.6647236201636533,1.3753744953457168;1.7025056099759248
# p=3 gen  1: best_d64=0.7443808692  pop=100
# p=3 gen  2: best_d64=0.7443808692  pop=100
# p=3 gen  3: best_d64=0.7443808692  pop=100
# p=3 gen  4: best_d64=0.7443808692  pop=100
# p=3 gen  4: best_d64=0.7443808692  pop=-1
6,7,3,0.744380869194,14145,2.2,5.967301339019954;5.821466530431259;5.780023813203595,1.3748427328763104;2.9792856151965856;3.0291257675195404
# p=4 gen  1: best_d64=0.7680942431  pop=100
# p=4 gen  2: best_d64=0.7680942431  pop=100
# p=4 gen  3: best_d64=0.7680942431  pop=100
# p=4 gen  4: best_d64=0.7680942431  pop=100
# p=4 gen  4: best_d64=0.7680942431  pop=-1
6,7,4,0.768094243107,16752,9.1,5.992056994285144;5.858987320299657;5.833145789300854;5.7924139051167645,1.3786342092988333;2.976964922929002;2.9895387413884147;3.0419339562867944
# p=5 gen  1: best_d64=0.7855598781  pop=100
# p=5 gen  2: best_d64=0.7855598781  pop=100
# p=5 gen  3: best_d64=0.7855598781  pop=100
# p=5 gen  4: best_d64=0.7855598781  pop=100
# p=5 gen  4: best_d64=0.7855598781  pop=-1
6,7,5,0.785559878081,18946,44.7,6.008916204279446;5.881082197054229;5.866978037027024;5.845136522013441;5.8014027791545555,1.3821464611374883;2.97898841677503;2.984871629113302;2.996025636255875;3.051487902309015
# p=6 gen  1: best_d64=0.7990280382  pop=100
# p=6 gen  2: best_d64=0.7990280383  pop=100
# p=6 gen  3: best_d64=0.7990280384  pop=100
# p=6 gen  4: best_d64=0.7990280384  pop=100
# p=6 gen  4: best_d64=0.7990280384  pop=-1
6,7,6,0.799028038399,19478,227.8,6.020911071359044;5.896835679455803;5.886724896063178;5.878936166898882;5.855936685929402;5.80781341746101,1.3852160445613677;2.9821526329676478;2.9852048844782417;2.988888798529412;3.0014963189633956;3.0591634440593447
# p=7 gen  1: best_d64=0.8097431499  pop=100
# p=7 gen  2: best_d64=0.8097432072  pop=100
# p=7 gen  3: best_d64=0.8097432072  pop=100
# p=7 gen  4: best_d64=0.8097432072  pop=100
# p=7 gen  5: best_d64=0.8097432072  pop=100
# p=7 gen  5: best_d64=0.8097432072  pop=-1
6,7,7,0.809743207239,23355,1208.6,6.030022886227829;5.908993087239093;5.900447327249119;5.898128847364168;5.890676781115369;5.8641945666365825;5.812192449470437,1.3879724134276585;2.985257263518359;2.98738092513058;2.987357578668181;2.9918925689724007;3.0065957473038467;3.065509014586116
# p=8 gen  1: best_d64=0.8184748274  pop=100
# p=8 gen  2: best_d64=0.8184751638  pop=100
# p=8 gen  3: best_d64=0.8184751638  pop=100
# p=8 gen  4: best_d64=0.8184751638  pop=100
# p=8 gen  5: best_d64=0.8184751638  pop=100
# p=8 gen  5: best_d64=0.8184751638  pop=-1
6,7,8,0.818475163792,21182,5233.2,6.037250344185709;5.918755171246062;5.910839551067758;5.911354096380025;5.910243106377687;5.900276421159541;5.870227929334858;5.81516981005042,1.3904263096637768;2.9881117433944144;2.989939545133526;2.988568745778118;2.988561616229103;2.9946874358250346;3.0114495429263006;3.0708443527373706
# p=9 gen  1: best_d64=0.8257266216  pop=100
# p=9 gen  2: best_d64=0.8257276337  pop=100
# p=9 gen  3: best_d64=0.8257276337  pop=100
# p=9 gen  4: best_d64=0.8257276337  pop=100
# p=9 gen  5: best_d64=0.8257276337  pop=100
# p=9 gen  5: best_d64=0.8257276337  pop=-1
6,7,9,0.825727633699,21398,24239.2,6.04315549161676;5.9268526695937815;5.9191342973325725;5.921152275069181;5.9234085335792885;5.920663354555717;5.90780889405682;5.874520297301178;5.817173213778123,1.3926103278480668;2.9906902977425216;2.992463574310362;2.9904723678912197;2.9888918687926767;2.9896810602555677;2.9974746568667094;3.0160874018922557;3.0754135024824962
# p=10 gen  1: best_d64=0.8318402063  pop=100
# p=10 gen  2: best_d64=0.8318478435  pop=100
# p=10 gen  3: best_d64=0.8318478446  pop=100
# p=10 gen  4: best_d64=0.8318478446  pop=100
# p=10 gen  5: best_d64=0.8318478446  pop=100
# p=10 gen  6: best_d64=0.8318478446  pop=100
# p=10 gen  6: best_d64=0.8318478446  pop=-1
6,7,10,0.831847844585,21883,127236.4,6.048099609920984;5.933713525664355;5.9259794406355875;5.928881639289238;5.933020255425538;5.933909694340362;5.929226457866978;5.913598960787252;5.877439244627499;5.818410069261263,1.3945563856168341;2.9929971454533;2.994820111882824;2.9925898154148634;2.990129064000452;2.9892059930741137;2.9909247892032287;3.0003098102825545;3.0205211580601574;3.0793993989199215
=== QAOA Double64 Swarm ===
Task:  13 / 15
Pair:  k=6, D=7
Node:  swift-c3dnodesetssd-12
CPUs:  28
Start: Wed Apr 15 04:31:02 UTC 2026
Job:   1357786_13

--- Node diagnostics ---
Hostname: swift-c3dnodesetssd-12
Memory:                  total        used        free      shared  buff/cache   available
Mem:           1.4Ti       9.0Gi       1.4Ti       3.3Mi       2.2Gi       1.4Ti
Disk:     10.17.247.218:/nfsshare   25T   15T  9.5T  61% /home
Julia:    /home/stephenjordan_google_com/julia-1.12.5/bin/julia
Git HEAD: 605aa66

Removing stale results/swarm-d64-k6d7.csv
Checking Julia environment...
Environment ready.

Starting swarm_chain_d64.jl with 28 threads at Wed Apr 15 04:31:08 UTC 2026
# swarm-d64 chain: k=6, D=7, p=1-15, pop=100, gens=10, burst=20, seed=42
k,D,p,ctilde,evals,wall_seconds,gamma,beta
# p=1 gen  1: best_d64=0.6526955270  pop=100
# p=1 gen  2: best_d64=0.6526955270  pop=100
# p=1 gen  3: best_d64=0.6526955270  pop=100
# p=1 gen  4: best_d64=0.6526955270  pop=100
# p=1 gen  4: best_d64=0.6526955270  pop=-1
6,7,1,0.652695526988,5522,5.2,3.5916642468077327,1.3946965568580345
# p=2 gen  1: best_d64=0.7095635623  pop=100
# p=2 gen  2: best_d64=0.7095635623  pop=100
# p=2 gen  3: best_d64=0.7095635623  pop=100
# p=2 gen  4: best_d64=0.7095635623  pop=100
# p=2 gen  4: best_d64=0.7095635623  pop=-1
6,7,2,0.709563562343,10511,0.9,3.5000682805627923;3.6647236201636533,1.3753744953457168;1.7025056099759248
# p=3 gen  1: best_d64=0.7443808692  pop=100
# p=3 gen  2: best_d64=0.7443808692  pop=100
# p=3 gen  3: best_d64=0.7443808692  pop=100
# p=3 gen  4: best_d64=0.7443808692  pop=100
# p=3 gen  4: best_d64=0.7443808692  pop=-1
6,7,3,0.744380869194,14137,2.2,5.967301339019954;5.821466530431259;5.780023813203595,1.3748427328763104;2.9792856151965856;3.0291257675195404
# p=4 gen  1: best_d64=0.7680942431  pop=100
# p=4 gen  2: best_d64=0.7680942431  pop=100
# p=4 gen  3: best_d64=0.7680942431  pop=100
# p=4 gen  4: best_d64=0.7680942431  pop=100
# p=4 gen  4: best_d64=0.7680942431  pop=-1
6,7,4,0.768094243107,16798,9.0,5.992056994285144;5.858987320299657;5.833145789300854;5.7924139051167645,1.3786342092988333;2.976964922929002;2.9895387413884147;3.0419339562867944
# p=5 gen  1: best_d64=0.7855598781  pop=100
# p=5 gen  2: best_d64=0.7855598781  pop=100
# p=5 gen  3: best_d64=0.7855598781  pop=100
# p=5 gen  4: best_d64=0.7855598781  pop=100
# p=5 gen  4: best_d64=0.7855598781  pop=-1
6,7,5,0.785559878081,18862,44.8,6.008916204279446;5.881082197054229;5.866978037027024;5.845136522013441;5.8014027791545555,1.3821464611374883;2.97898841677503;2.984871629113302;2.996025636255875;3.051487902309015
# p=6 gen  1: best_d64=0.7990280382  pop=100
# p=6 gen  2: best_d64=0.7990280383  pop=100
# p=6 gen  3: best_d64=0.7990280384  pop=100
# p=6 gen  4: best_d64=0.7990280384  pop=100
# p=6 gen  4: best_d64=0.7990280384  pop=-1
6,7,6,0.799028038399,19477,224.9,6.020911071359044;5.896835679455803;5.886724896063178;5.878936166898882;5.855936685929402;5.80781341746101,1.3852160445613677;2.9821526329676478;2.9852048844782417;2.988888798529412;3.0014963189633956;3.0591634440593447
# p=7 gen  1: best_d64=0.8097431499  pop=100
# p=7 gen  2: best_d64=0.8097432072  pop=100
# p=7 gen  3: best_d64=0.8097432072  pop=100
# p=7 gen  4: best_d64=0.8097432072  pop=100
# p=7 gen  5: best_d64=0.8097432072  pop=100
# p=7 gen  5: best_d64=0.8097432072  pop=-1
6,7,7,0.809743207239,23414,1187.0,6.030022886227829;5.908993087239093;5.900447327249119;5.898128847364168;5.890676781115369;5.8641945666365825;5.812192449470437,1.3879724134276585;2.985257263518359;2.98738092513058;2.987357578668181;2.9918925689724007;3.0065957473038467;3.065509014586116
# p=8 gen  1: best_d64=0.8184748274  pop=100
# p=8 gen  2: best_d64=0.8184751638  pop=100
# p=8 gen  3: best_d64=0.8184751638  pop=100
# p=8 gen  4: best_d64=0.8184751638  pop=100
# p=8 gen  5: best_d64=0.8184751638  pop=100
# p=8 gen  5: best_d64=0.8184751638  pop=-1
6,7,8,0.818475163792,21182,5225.5,6.037250344185709;5.918755171246062;5.910839551067758;5.911354096380025;5.910243106377687;5.900276421159541;5.870227929334858;5.81516981005042,1.3904263096637768;2.9881117433944144;2.989939545133526;2.988568745778118;2.988561616229103;2.9946874358250346;3.0114495429263006;3.0708443527373706
# p=9 gen  1: best_d64=0.8257266216  pop=100
# p=9 gen  2: best_d64=0.8257276337  pop=100
# p=9 gen  3: best_d64=0.8257276337  pop=100
# p=9 gen  4: best_d64=0.8257276337  pop=100
# p=9 gen  5: best_d64=0.8257276337  pop=100
# p=9 gen  5: best_d64=0.8257276337  pop=-1
6,7,9,0.825727633699,21398,24226.2,6.04315549161676;5.9268526695937815;5.9191342973325725;5.921152275069181;5.9234085335792885;5.920663354555717;5.90780889405682;5.874520297301178;5.817173213778123,1.3926103278480668;2.9906902977425216;2.992463574310362;2.9904723678912197;2.9888918687926767;2.9896810602555677;2.9974746568667094;3.0160874018922557;3.0754135024824962
# p=10 gen  1: best_d64=0.8318402063  pop=100
# p=10 gen  2: best_d64=0.8318478435  pop=100
# p=10 gen  3: best_d64=0.8318478446  pop=100
# p=10 gen  4: best_d64=0.8318478446  pop=100
# p=10 gen  5: best_d64=0.8318478446  pop=100
# p=10 gen  6: best_d64=0.8318478446  pop=100
# p=10 gen  6: best_d64=0.8318478446  pop=-1
6,7,10,0.831847844585,21883,127803.7,6.048099609920984;5.933713525664355;5.9259794406355875;5.928881639289238;5.933020255425538;5.933909694340362;5.929226457866978;5.913598960787252;5.877439244627499;5.818410069261263,1.3945563856168341;2.9929971454533;2.994820111882824;2.9925898154148634;2.990129064000452;2.9892059930741137;2.9909247892032287;3.0003098102825545;3.0205211580601574;3.0793993989199215
# p=11 gen  1: best_d64=0.8370531541  pop=100
# p=11 gen  2: best_d64=0.8370827423  pop=100
# p=11 gen  3: best_d64=0.8370827466  pop=100
# p=11 gen  4: best_d64=0.8370827466  pop=100
=== QAOA Double64 Swarm ===
Task:  13 / 15
Pair:  k=6, D=7
Node:  swift-c3dnodesetssd-12
CPUs:  28
Start: Tue Apr 21 14:12:25 UTC 2026
Job:   1357786_13

--- Node diagnostics ---
Hostname: swift-c3dnodesetssd-12
Memory:                  total        used        free      shared  buff/cache   available
Mem:           1.4Ti       9.2Gi       1.4Ti       3.3Mi       2.2Gi       1.4Ti
Disk:     10.17.247.218:/nfsshare   25T   15T  9.2T  62% /home
Julia:    /home/stephenjordan_google_com/julia-1.12.5/bin/julia
Git HEAD: 7b59647

Removing stale results/swarm-d64-k6d7.csv
Checking Julia environment...
Precompiling packages...
    QaoaXorsat Being precompiled by another machine (hostname: swift-c3dnodesetssd-10, pid: 9762, pidfile: /home/stephenjordan_google_com/.julia/compiled/v1.12/QaoaXorsat/qgVWo_H0iNu.ji.pidfile)
 121031.6 ms  ✓ QaoaXorsat
  1 dependency successfully precompiled in 124 seconds. 52 already precompiled.
Environment ready.

Starting swarm_chain_d64.jl with 28 threads at Tue Apr 21 14:14:46 UTC 2026
# swarm-d64 chain: k=6, D=7, p=1-15, pop=100, gens=10, burst=20, seed=42
k,D,p,ctilde,evals,wall_seconds,gamma,beta
# p=1 gen  1: best_d64=0.6526955270  pop=100
# p=1 gen  2: best_d64=0.6526955270  pop=100
# p=1 gen  3: best_d64=0.6526955270  pop=100
# p=1 gen  4: best_d64=0.6526955270  pop=100
# p=1 gen  4: best_d64=0.6526955270  pop=-1
6,7,1,0.652695526988,5534,5.1,3.5916642468077327,1.3946965568580345
# p=2 gen  1: best_d64=0.7095635623  pop=100
# p=2 gen  2: best_d64=0.7095635623  pop=100
# p=2 gen  3: best_d64=0.7095635623  pop=100
# p=2 gen  4: best_d64=0.7095635623  pop=100
# p=2 gen  4: best_d64=0.7095635623  pop=-1
6,7,2,0.709563562343,10511,0.9,3.5000682805627923;3.6647236201636533,1.3753744953457168;1.7025056099759248
# p=3 gen  1: best_d64=0.7443808692  pop=100
# p=3 gen  2: best_d64=0.7443808692  pop=100
# p=3 gen  3: best_d64=0.7443808692  pop=100
# p=3 gen  4: best_d64=0.7443808692  pop=100
# p=3 gen  4: best_d64=0.7443808692  pop=-1
6,7,3,0.744380869194,14131,1.9,5.967301339019954;5.821466530431259;5.780023813203595,1.3748427328763104;2.9792856151965856;3.0291257675195404
# p=4 gen  1: best_d64=0.7680942431  pop=100
# p=4 gen  2: best_d64=0.7680942431  pop=100
# p=4 gen  3: best_d64=0.7680942431  pop=100
# p=4 gen  4: best_d64=0.7680942431  pop=100
# p=4 gen  4: best_d64=0.7680942431  pop=-1
6,7,4,0.768094243107,16925,6.3,5.992056994285144;5.858987320299657;5.833145789300854;5.7924139051167645,1.3786342092988333;2.976964922929002;2.9895387413884147;3.0419339562867944
# p=5 gen  1: best_d64=0.7855598781  pop=100
# p=5 gen  2: best_d64=0.7855598781  pop=100
# p=5 gen  3: best_d64=0.7855598781  pop=100
# p=5 gen  4: best_d64=0.7855598781  pop=100
# p=5 gen  4: best_d64=0.7855598781  pop=-1
6,7,5,0.785559878081,19017,30.0,6.008916204279446;5.881082197054229;5.866978037027024;5.845136522013441;5.8014027791545555,1.3821464611374883;2.97898841677503;2.984871629113302;2.996025636255875;3.051487902309015
# p=6 gen  1: best_d64=0.7990280382  pop=100
# p=6 gen  2: best_d64=0.7990280383  pop=100
# p=6 gen  3: best_d64=0.7990280384  pop=100
# p=6 gen  4: best_d64=0.7990280384  pop=100
# p=6 gen  4: best_d64=0.7990280384  pop=-1
6,7,6,0.799028038399,19484,143.3,6.020911071359044;5.896835679455803;5.886724896063178;5.878936166898882;5.855936685929402;5.80781341746101,1.3852160445613677;2.9821526329676478;2.9852048844782417;2.988888798529412;3.0014963189633956;3.0591634440593447
# p=7 gen  1: best_d64=0.8097431499  pop=100
# p=7 gen  2: best_d64=0.8097432072  pop=100
# p=7 gen  3: best_d64=0.8097432072  pop=100
# p=7 gen  4: best_d64=0.8097432072  pop=100
# p=7 gen  5: best_d64=0.8097432072  pop=100
# p=7 gen  5: best_d64=0.8097432072  pop=-1
6,7,7,0.809743207239,23414,729.1,6.030022886227829;5.908993087239093;5.900447327249119;5.898128847364168;5.890676781115369;5.8641945666365825;5.812192449470437,1.3879724134276585;2.985257263518359;2.98738092513058;2.987357578668181;2.9918925689724007;3.0065957473038467;3.065509014586116
# p=8 gen  1: best_d64=0.8184748274  pop=100
# p=8 gen  2: best_d64=0.8184751638  pop=100
# p=8 gen  3: best_d64=0.8184751638  pop=100
# p=8 gen  4: best_d64=0.8184751638  pop=100
# p=8 gen  5: best_d64=0.8184751638  pop=100
# p=8 gen  5: best_d64=0.8184751638  pop=-1
6,7,8,0.818475163792,21182,3379.1,6.037250344185709;5.918755171246062;5.910839551067758;5.911354096380025;5.910243106377687;5.900276421159541;5.870227929334858;5.81516981005042,1.3904263096637768;2.9881117433944144;2.989939545133526;2.988568745778118;2.988561616229103;2.9946874358250346;3.0114495429263006;3.0708443527373706
# p=9 gen  1: best_d64=0.8257266216  pop=100
# p=9 gen  2: best_d64=0.8257276337  pop=100
# p=9 gen  3: best_d64=0.8257276337  pop=100
# p=9 gen  4: best_d64=0.8257276337  pop=100
# p=9 gen  5: best_d64=0.8257276337  pop=100
# p=9 gen  5: best_d64=0.8257276337  pop=-1
6,7,9,0.825727633699,21398,14483.5,6.04315549161676;5.9268526695937815;5.9191342973325725;5.921152275069181;5.9234085335792885;5.920663354555717;5.90780889405682;5.874520297301178;5.817173213778123,1.3926103278480668;2.9906902977425216;2.992463574310362;2.9904723678912197;2.9888918687926767;2.9896810602555677;2.9974746568667094;3.0160874018922557;3.0754135024824962
=== QAOA Double64 Swarm ===
Task:  13 / 15
Pair:  k=6, D=7
Node:  swift-c3dnodesetssd-12
CPUs:  28
Start: Tue Apr 21 21:02:31 UTC 2026
Job:   1357786_13

--- Node diagnostics ---
Hostname: swift-c3dnodesetssd-12
Memory:                  total        used        free      shared  buff/cache   available
Mem:           1.4Ti       9.0Gi       1.4Ti       3.3Mi       2.2Gi       1.4Ti
Disk:     10.17.247.218:/nfsshare   25T   15T  9.1T  62% /home
Julia:    /home/stephenjordan_google_com/julia-1.12.5/bin/julia
Git HEAD: 7b59647

Removing stale results/swarm-d64-k6d7.csv
Checking Julia environment...
Environment ready.

Starting swarm_chain_d64.jl with 28 threads at Tue Apr 21 21:02:33 UTC 2026
# swarm-d64 chain: k=6, D=7, p=1-15, pop=100, gens=10, burst=20, seed=42
k,D,p,ctilde,evals,wall_seconds,gamma,beta
# p=1 gen  1: best_d64=0.6526955270  pop=100
# p=1 gen  2: best_d64=0.6526955270  pop=100
# p=1 gen  3: best_d64=0.6526955270  pop=100
# p=1 gen  4: best_d64=0.6526955270  pop=100
# p=1 gen  4: best_d64=0.6526955270  pop=-1
6,7,1,0.652695526988,5591,5.1,3.5916642468077327,1.3946965568580345
# p=2 gen  1: best_d64=0.7095635623  pop=100
# p=2 gen  2: best_d64=0.7095635623  pop=100
# p=2 gen  3: best_d64=0.7095635623  pop=100
# p=2 gen  4: best_d64=0.7095635623  pop=100
# p=2 gen  4: best_d64=0.7095635623  pop=-1
6,7,2,0.709563562343,10509,0.8,3.5000682805627923;3.6647236201636533,1.3753744953457168;1.7025056099759248
# p=3 gen  1: best_d64=0.7443808692  pop=100
# p=3 gen  2: best_d64=0.7443808692  pop=100
# p=3 gen  3: best_d64=0.7443808692  pop=100
# p=3 gen  4: best_d64=0.7443808692  pop=100
# p=3 gen  4: best_d64=0.7443808692  pop=-1
6,7,3,0.744380869194,14001,1.8,5.967301339019954;5.821466530431259;5.780023813203595,1.3748427328763104;2.9792856151965856;3.0291257675195404
# p=4 gen  1: best_d64=0.7680942431  pop=100
# p=4 gen  2: best_d64=0.7680942431  pop=100
# p=4 gen  3: best_d64=0.7680942431  pop=100
# p=4 gen  4: best_d64=0.7680942431  pop=100
# p=4 gen  4: best_d64=0.7680942431  pop=-1
6,7,4,0.768094243107,16881,6.3,5.992056994285144;5.858987320299657;5.833145789300854;5.7924139051167645,1.3786342092988333;2.976964922929002;2.9895387413884147;3.0419339562867944
# p=5 gen  1: best_d64=0.7855598781  pop=100
# p=5 gen  2: best_d64=0.7855598781  pop=100
# p=5 gen  3: best_d64=0.7855598781  pop=100
# p=5 gen  4: best_d64=0.7855598781  pop=100
# p=5 gen  4: best_d64=0.7855598781  pop=-1
6,7,5,0.785559878081,19016,29.3,6.008916204279446;5.881082197054229;5.866978037027024;5.845136522013441;5.8014027791545555,1.3821464611374883;2.97898841677503;2.984871629113302;2.996025636255875;3.051487902309015
# p=6 gen  1: best_d64=0.7990280382  pop=100
# p=6 gen  2: best_d64=0.7990280383  pop=100
# p=6 gen  3: best_d64=0.7990280384  pop=100
# p=6 gen  4: best_d64=0.7990280384  pop=100
# p=6 gen  4: best_d64=0.7990280384  pop=-1
6,7,6,0.799028038399,19473,141.8,6.020911071359044;5.896835679455803;5.886724896063178;5.878936166898882;5.855936685929402;5.80781341746101,1.3852160445613677;2.9821526329676478;2.9852048844782417;2.988888798529412;3.0014963189633956;3.0591634440593447
# p=7 gen  1: best_d64=0.8097431499  pop=100
# p=7 gen  2: best_d64=0.8097432072  pop=100
# p=7 gen  3: best_d64=0.8097432072  pop=100
# p=7 gen  4: best_d64=0.8097432072  pop=100
# p=7 gen  5: best_d64=0.8097432072  pop=100
# p=7 gen  5: best_d64=0.8097432072  pop=-1
6,7,7,0.809743207239,23414,724.2,6.030022886227829;5.908993087239093;5.900447327249119;5.898128847364168;5.890676781115369;5.8641945666365825;5.812192449470437,1.3879724134276585;2.985257263518359;2.98738092513058;2.987357578668181;2.9918925689724007;3.0065957473038467;3.065509014586116
=== QAOA Double64 Swarm ===
Task:  13 / 15
Pair:  k=6, D=7
Node:  swift-c3dnodesetssd-16
CPUs:  28
Start: Tue Apr 21 21:23:31 UTC 2026
Job:   1357786_13

--- Node diagnostics ---
Hostname: swift-c3dnodesetssd-16
Memory:                  total        used        free      shared  buff/cache   available
Mem:           1.4Ti       9.1Gi       1.4Ti       3.3Mi       2.2Gi       1.4Ti
Disk:     10.17.247.218:/nfsshare   25T   15T  9.1T  62% /home
Julia:    /home/stephenjordan_google_com/julia-1.12.5/bin/julia
Git HEAD: 7b59647

Removing stale results/swarm-d64-k6d7.csv
Checking Julia environment...
Environment ready.

Starting swarm_chain_d64.jl with 28 threads at Tue Apr 21 21:23:33 UTC 2026
# swarm-d64 chain: k=6, D=7, p=1-15, pop=100, gens=10, burst=20, seed=42
k,D,p,ctilde,evals,wall_seconds,gamma,beta
# p=1 gen  1: best_d64=0.6526955270  pop=100
# p=1 gen  2: best_d64=0.6526955270  pop=100
# p=1 gen  3: best_d64=0.6526955270  pop=100
# p=1 gen  4: best_d64=0.6526955270  pop=100
# p=1 gen  4: best_d64=0.6526955270  pop=-1
6,7,1,0.652695526988,5548,5.1,3.5916642468077327,1.3946965568580345
# p=2 gen  1: best_d64=0.7095635623  pop=100
# p=2 gen  2: best_d64=0.7095635623  pop=100
# p=2 gen  3: best_d64=0.7095635623  pop=100
# p=2 gen  4: best_d64=0.7095635623  pop=100
# p=2 gen  4: best_d64=0.7095635623  pop=-1
6,7,2,0.709563562343,10510,0.8,3.5000682805627923;3.6647236201636533,1.3753744953457168;1.7025056099759248
# p=3 gen  1: best_d64=0.7443808692  pop=100
# p=3 gen  2: best_d64=0.7443808692  pop=100
# p=3 gen  3: best_d64=0.7443808692  pop=100
# p=3 gen  4: best_d64=0.7443808692  pop=100
# p=3 gen  4: best_d64=0.7443808692  pop=-1
6,7,3,0.744380869194,14160,1.8,5.967301339019954;5.821466530431259;5.780023813203595,1.3748427328763104;2.9792856151965856;3.0291257675195404
# p=4 gen  1: best_d64=0.7680942431  pop=100
# p=4 gen  2: best_d64=0.7680942431  pop=100
# p=4 gen  3: best_d64=0.7680942431  pop=100
# p=4 gen  4: best_d64=0.7680942431  pop=100
# p=4 gen  4: best_d64=0.7680942431  pop=-1
6,7,4,0.768094243107,16926,6.2,5.992056994285144;5.858987320299657;5.833145789300854;5.7924139051167645,1.3786342092988333;2.976964922929002;2.9895387413884147;3.0419339562867944
# p=5 gen  1: best_d64=0.7855598781  pop=100
# p=5 gen  2: best_d64=0.7855598781  pop=100
# p=5 gen  3: best_d64=0.7855598781  pop=100
# p=5 gen  4: best_d64=0.7855598781  pop=100
# p=5 gen  4: best_d64=0.7855598781  pop=-1
6,7,5,0.785559878081,19017,29.4,6.008916204279446;5.881082197054229;5.866978037027024;5.845136522013441;5.8014027791545555,1.3821464611374883;2.97898841677503;2.984871629113302;2.996025636255875;3.051487902309015
# p=6 gen  1: best_d64=0.7990280382  pop=100
# p=6 gen  2: best_d64=0.7990280383  pop=100
# p=6 gen  3: best_d64=0.7990280384  pop=100
# p=6 gen  4: best_d64=0.7990280384  pop=100
# p=6 gen  4: best_d64=0.7990280384  pop=-1
6,7,6,0.799028038399,19543,140.6,6.020911071359044;5.896835679455803;5.886724896063178;5.878936166898882;5.855936685929402;5.80781341746101,1.3852160445613677;2.9821526329676478;2.9852048844782417;2.988888798529412;3.0014963189633956;3.0591634440593447
# p=7 gen  1: best_d64=0.8097431499  pop=100
# p=7 gen  2: best_d64=0.8097432072  pop=100
# p=7 gen  3: best_d64=0.8097432072  pop=100
# p=7 gen  4: best_d64=0.8097432072  pop=100
# p=7 gen  5: best_d64=0.8097432072  pop=100
# p=7 gen  5: best_d64=0.8097432072  pop=-1
6,7,7,0.809743207239,23414,719.0,6.030022886227829;5.908993087239093;5.900447327249119;5.898128847364168;5.890676781115369;5.8641945666365825;5.812192449470437,1.3879724134276585;2.985257263518359;2.98738092513058;2.987357578668181;2.9918925689724007;3.0065957473038467;3.065509014586116
# p=8 gen  1: best_d64=0.8184748274  pop=100
# p=8 gen  2: best_d64=0.8184751638  pop=100
# p=8 gen  3: best_d64=0.8184751638  pop=100
# p=8 gen  4: best_d64=0.8184751638  pop=100
# p=8 gen  5: best_d64=0.8184751638  pop=100
# p=8 gen  5: best_d64=0.8184751638  pop=-1
6,7,8,0.818475163792,21182,3327.1,6.037250344185709;5.918755171246062;5.910839551067758;5.911354096380025;5.910243106377687;5.900276421159541;5.870227929334858;5.81516981005042,1.3904263096637768;2.9881117433944144;2.989939545133526;2.988568745778118;2.988561616229103;2.9946874358250346;3.0114495429263006;3.0708443527373706
=== QAOA Double64 Swarm ===
Task:  13 / 15
Pair:  k=6, D=7
Node:  swift-c3dnodesetssd-10
CPUs:  28
Start: Tue Apr 21 23:05:36 UTC 2026
Job:   1357786_13

--- Node diagnostics ---
Hostname: swift-c3dnodesetssd-10
Memory:                  total        used        free      shared  buff/cache   available
Mem:           1.4Ti       9.1Gi       1.4Ti       3.3Mi       2.2Gi       1.4Ti
Disk:     10.17.247.218:/nfsshare   25T   15T  9.1T  62% /home
Julia:    /home/stephenjordan_google_com/julia-1.12.5/bin/julia
Git HEAD: 7b59647

Removing stale results/swarm-d64-k6d7.csv
Checking Julia environment...
Environment ready.

Starting swarm_chain_d64.jl with 28 threads at Tue Apr 21 23:05:39 UTC 2026
# swarm-d64 chain: k=6, D=7, p=1-15, pop=100, gens=10, burst=20, seed=42
k,D,p,ctilde,evals,wall_seconds,gamma,beta
# p=1 gen  1: best_d64=0.6526955270  pop=100
# p=1 gen  2: best_d64=0.6526955270  pop=100
# p=1 gen  3: best_d64=0.6526955270  pop=100
# p=1 gen  4: best_d64=0.6526955270  pop=100
# p=1 gen  4: best_d64=0.6526955270  pop=-1
6,7,1,0.652695526988,5550,5.1,3.5916642468077327,1.3946965568580345
# p=2 gen  1: best_d64=0.7095635623  pop=100
# p=2 gen  2: best_d64=0.7095635623  pop=100
# p=2 gen  3: best_d64=0.7095635623  pop=100
# p=2 gen  4: best_d64=0.7095635623  pop=100
# p=2 gen  4: best_d64=0.7095635623  pop=-1
6,7,2,0.709563562343,10511,0.8,3.5000682805627923;3.6647236201636533,1.3753744953457168;1.7025056099759248
# p=3 gen  1: best_d64=0.7443808692  pop=100
# p=3 gen  2: best_d64=0.7443808692  pop=100
# p=3 gen  3: best_d64=0.7443808692  pop=100
# p=3 gen  4: best_d64=0.7443808692  pop=100
# p=3 gen  4: best_d64=0.7443808692  pop=-1
6,7,3,0.744380869194,14171,1.8,5.967301339019954;5.821466530431259;5.780023813203595,1.3748427328763104;2.9792856151965856;3.0291257675195404
# p=4 gen  1: best_d64=0.7680942431  pop=100
# p=4 gen  2: best_d64=0.7680942431  pop=100
# p=4 gen  3: best_d64=0.7680942431  pop=100
# p=4 gen  4: best_d64=0.7680942431  pop=100
# p=4 gen  4: best_d64=0.7680942431  pop=-1
6,7,4,0.768094243107,16922,6.3,5.992056994285144;5.858987320299657;5.833145789300854;5.7924139051167645,1.3786342092988333;2.976964922929002;2.9895387413884147;3.0419339562867944
# p=5 gen  1: best_d64=0.7855598781  pop=100
# p=5 gen  2: best_d64=0.7855598781  pop=100
# p=5 gen  3: best_d64=0.7855598781  pop=100
# p=5 gen  4: best_d64=0.7855598781  pop=100
# p=5 gen  4: best_d64=0.7855598781  pop=-1
6,7,5,0.785559878081,19017,29.8,6.008916204279446;5.881082197054229;5.866978037027024;5.845136522013441;5.8014027791545555,1.3821464611374883;2.97898841677503;2.984871629113302;2.996025636255875;3.051487902309015
# p=6 gen  1: best_d64=0.7990280382  pop=100
# p=6 gen  2: best_d64=0.7990280383  pop=100
# p=6 gen  3: best_d64=0.7990280384  pop=100
# p=6 gen  4: best_d64=0.7990280384  pop=100
# p=6 gen  4: best_d64=0.7990280384  pop=-1
6,7,6,0.799028038399,19543,142.1,6.020911071359044;5.896835679455803;5.886724896063178;5.878936166898882;5.855936685929402;5.80781341746101,1.3852160445613677;2.9821526329676478;2.9852048844782417;2.988888798529412;3.0014963189633956;3.0591634440593447
# p=7 gen  1: best_d64=0.8097431499  pop=100
# p=7 gen  2: best_d64=0.8097432072  pop=100
# p=7 gen  3: best_d64=0.8097432072  pop=100
# p=7 gen  4: best_d64=0.8097432072  pop=100
# p=7 gen  5: best_d64=0.8097432072  pop=100
# p=7 gen  5: best_d64=0.8097432072  pop=-1
6,7,7,0.809743207239,23414,724.8,6.030022886227829;5.908993087239093;5.900447327249119;5.898128847364168;5.890676781115369;5.8641945666365825;5.812192449470437,1.3879724134276585;2.985257263518359;2.98738092513058;2.987357578668181;2.9918925689724007;3.0065957473038467;3.065509014586116
# p=8 gen  1: best_d64=0.8184748274  pop=100
# p=8 gen  2: best_d64=0.8184751638  pop=100
# p=8 gen  3: best_d64=0.8184751638  pop=100
# p=8 gen  4: best_d64=0.8184751638  pop=100
=== QAOA Double64 Swarm ===
Task:  13 / 15
Pair:  k=6, D=7
Node:  swift-c3dnodesetssd-12
CPUs:  28
Start: Wed Apr 22 00:11:37 UTC 2026
Job:   1357786_13

--- Node diagnostics ---
Hostname: swift-c3dnodesetssd-12
Memory:                  total        used        free      shared  buff/cache   available
Mem:           1.4Ti       9.2Gi       1.4Ti       3.3Mi       2.3Gi       1.4Ti
Disk:     10.17.247.218:/nfsshare   25T   15T  9.1T  62% /home
Julia:    /home/stephenjordan_google_com/julia-1.12.5/bin/julia
Git HEAD: 25cb9d9

Removing stale results/swarm-d64-k6d7.csv
Checking Julia environment...
Environment ready.

Starting swarm_chain_d64.jl with 28 threads at Wed Apr 22 00:11:41 UTC 2026
# swarm-d64 chain: k=6, D=7, p=1-15, pop=100, gens=10, burst=20, seed=42
k,D,p,ctilde,evals,wall_seconds,gamma,beta
# p=1 gen  1: best_d64=0.6526955270  pop=100
# p=1 gen  2: best_d64=0.6526955270  pop=100
# p=1 gen  3: best_d64=0.6526955270  pop=100
# p=1 gen  4: best_d64=0.6526955270  pop=100
# p=1 gen  4: best_d64=0.6526955270  pop=-1
6,7,1,0.652695526988,5538,5.1,3.5916642468077327,1.3946965568580345
# p=2 gen  1: best_d64=0.7095635623  pop=100
# p=2 gen  2: best_d64=0.7095635623  pop=100
# p=2 gen  3: best_d64=0.7095635623  pop=100
# p=2 gen  4: best_d64=0.7095635623  pop=100
# p=2 gen  4: best_d64=0.7095635623  pop=-1
6,7,2,0.709563562343,10510,0.8,3.5000682805627923;3.6647236201636533,1.3753744953457168;1.7025056099759248
# p=3 gen  1: best_d64=0.7443808692  pop=100
# p=3 gen  2: best_d64=0.7443808692  pop=100
# p=3 gen  3: best_d64=0.7443808692  pop=100
# p=3 gen  4: best_d64=0.7443808692  pop=100
# p=3 gen  4: best_d64=0.7443808692  pop=-1
6,7,3,0.744380869194,14172,1.8,5.967301339019954;5.821466530431259;5.780023813203595,1.3748427328763104;2.9792856151965856;3.0291257675195404
# p=4 gen  1: best_d64=0.7680942431  pop=100
# p=4 gen  2: best_d64=0.7680942431  pop=100
# p=4 gen  3: best_d64=0.7680942431  pop=100
# p=4 gen  4: best_d64=0.7680942431  pop=100
# p=4 gen  4: best_d64=0.7680942431  pop=-1
6,7,4,0.768094243107,16858,6.2,5.992056994285144;5.858987320299657;5.833145789300854;5.7924139051167645,1.3786342092988333;2.976964922929002;2.9895387413884147;3.0419339562867944
# p=5 gen  1: best_d64=0.7855598781  pop=100
# p=5 gen  2: best_d64=0.7855598781  pop=100
# p=5 gen  3: best_d64=0.7855598781  pop=100
# p=5 gen  4: best_d64=0.7855598781  pop=100
# p=5 gen  4: best_d64=0.7855598781  pop=-1
6,7,5,0.785559878081,19017,29.2,6.008916204279446;5.881082197054229;5.866978037027024;5.845136522013441;5.8014027791545555,1.3821464611374883;2.97898841677503;2.984871629113302;2.996025636255875;3.051487902309015
# p=6 gen  1: best_d64=0.7990280382  pop=100
# p=6 gen  2: best_d64=0.7990280383  pop=100
# p=6 gen  3: best_d64=0.7990280384  pop=100
# p=6 gen  4: best_d64=0.7990280384  pop=100
# p=6 gen  4: best_d64=0.7990280384  pop=-1
6,7,6,0.799028038399,19543,141.0,6.020911071359044;5.896835679455803;5.886724896063178;5.878936166898882;5.855936685929402;5.80781341746101,1.3852160445613677;2.9821526329676478;2.9852048844782417;2.988888798529412;3.0014963189633956;3.0591634440593447
# p=7 gen  1: best_d64=0.8097431499  pop=100
# p=7 gen  2: best_d64=0.8097432072  pop=100
# p=7 gen  3: best_d64=0.8097432072  pop=100
# p=7 gen  4: best_d64=0.8097432072  pop=100
# p=7 gen  5: best_d64=0.8097432072  pop=100
# p=7 gen  5: best_d64=0.8097432072  pop=-1
6,7,7,0.809743207239,23414,725.6,6.030022886227829;5.908993087239093;5.900447327249119;5.898128847364168;5.890676781115369;5.8641945666365825;5.812192449470437,1.3879724134276585;2.985257263518359;2.98738092513058;2.987357578668181;2.9918925689724007;3.0065957473038467;3.065509014586116
=== QAOA Double64 Swarm ===
Task:  13 / 15
Pair:  k=6, D=7
Node:  swift-c3dnodesetssd-10
CPUs:  28
Start: Wed Apr 22 00:45:07 UTC 2026
Job:   1357786_13

--- Node diagnostics ---
Hostname: swift-c3dnodesetssd-10
Memory:                  total        used        free      shared  buff/cache   available
Mem:           1.4Ti       9.2Gi       1.4Ti       3.3Mi       2.4Gi       1.4Ti
Disk:     10.17.247.218:/nfsshare   25T   15T  9.1T  62% /home
Julia:    /home/stephenjordan_google_com/julia-1.12.5/bin/julia
Git HEAD: 25cb9d9

Removing stale results/swarm-d64-k6d7.csv
Checking Julia environment...
Environment ready.

Starting swarm_chain_d64.jl with 28 threads at Wed Apr 22 00:45:10 UTC 2026
# swarm-d64 chain: k=6, D=7, p=1-15, pop=100, gens=10, burst=20, seed=42
k,D,p,ctilde,evals,wall_seconds,gamma,beta
# p=1 gen  1: best_d64=0.6526955270  pop=100
# p=1 gen  2: best_d64=0.6526955270  pop=100
# p=1 gen  3: best_d64=0.6526955270  pop=100
# p=1 gen  4: best_d64=0.6526955270  pop=100
# p=1 gen  4: best_d64=0.6526955270  pop=-1
6,7,1,0.652695526988,5590,5.2,3.5916642468077327,1.3946965568580345
# p=2 gen  1: best_d64=0.7095635623  pop=100
# p=2 gen  2: best_d64=0.7095635623  pop=100
# p=2 gen  3: best_d64=0.7095635623  pop=100
# p=2 gen  4: best_d64=0.7095635623  pop=100
# p=2 gen  4: best_d64=0.7095635623  pop=-1
6,7,2,0.709563562343,10510,0.8,3.5000682805627923;3.6647236201636533,1.3753744953457168;1.7025056099759248
# p=3 gen  1: best_d64=0.7443808692  pop=100
# p=3 gen  2: best_d64=0.7443808692  pop=100
# p=3 gen  3: best_d64=0.7443808692  pop=100
# p=3 gen  4: best_d64=0.7443808692  pop=100
# p=3 gen  4: best_d64=0.7443808692  pop=-1
6,7,3,0.744380869194,14094,1.8,5.967301339019954;5.821466530431259;5.780023813203595,1.3748427328763104;2.9792856151965856;3.0291257675195404
# p=4 gen  1: best_d64=0.7680942431  pop=100
# p=4 gen  2: best_d64=0.7680942431  pop=100
# p=4 gen  3: best_d64=0.7680942431  pop=100
# p=4 gen  4: best_d64=0.7680942431  pop=100
# p=4 gen  4: best_d64=0.7680942431  pop=-1
6,7,4,0.768094243107,16925,6.2,5.992056994285144;5.858987320299657;5.833145789300854;5.7924139051167645,1.3786342092988333;2.976964922929002;2.9895387413884147;3.0419339562867944
# p=5 gen  1: best_d64=0.7855598781  pop=100
# p=5 gen  2: best_d64=0.7855598781  pop=100
# p=5 gen  3: best_d64=0.7855598781  pop=100
# p=5 gen  4: best_d64=0.7855598781  pop=100
# p=5 gen  4: best_d64=0.7855598781  pop=-1
6,7,5,0.785559878081,19017,29.2,6.008916204279446;5.881082197054229;5.866978037027024;5.845136522013441;5.8014027791545555,1.3821464611374883;2.97898841677503;2.984871629113302;2.996025636255875;3.051487902309015
# p=6 gen  1: best_d64=0.7990280382  pop=100
# p=6 gen  2: best_d64=0.7990280383  pop=100
# p=6 gen  3: best_d64=0.7990280384  pop=100
# p=6 gen  4: best_d64=0.7990280384  pop=100
# p=6 gen  4: best_d64=0.7990280384  pop=-1
6,7,6,0.799028038399,19543,141.3,6.020911071359044;5.896835679455803;5.886724896063178;5.878936166898882;5.855936685929402;5.80781341746101,1.3852160445613677;2.9821526329676478;2.9852048844782417;2.988888798529412;3.0014963189633956;3.0591634440593447
# p=7 gen  1: best_d64=0.8097431499  pop=100
# p=7 gen  2: best_d64=0.8097432072  pop=100
# p=7 gen  3: best_d64=0.8097432072  pop=100
# p=7 gen  4: best_d64=0.8097432072  pop=100
# p=7 gen  5: best_d64=0.8097432072  pop=100
# p=7 gen  5: best_d64=0.8097432072  pop=-1
6,7,7,0.809743207239,23414,726.4,6.030022886227829;5.908993087239093;5.900447327249119;5.898128847364168;5.890676781115369;5.8641945666365825;5.812192449470437,1.3879724134276585;2.985257263518359;2.98738092513058;2.987357578668181;2.9918925689724007;3.0065957473038467;3.065509014586116
# p=8 gen  1: best_d64=0.8184748274  pop=100
# p=8 gen  2: best_d64=0.8184751638  pop=100
=== QAOA Double64 Swarm ===
Task:  13 / 15
Pair:  k=6, D=7
Node:  swift-c3dnodesetssd-12
CPUs:  28
Start: Wed Apr 22 01:33:39 UTC 2026
Job:   1357786_13

--- Node diagnostics ---
Hostname: swift-c3dnodesetssd-12
Memory:                  total        used        free      shared  buff/cache   available
Mem:           1.4Ti       9.0Gi       1.4Ti       3.3Mi       2.2Gi       1.4Ti
Disk:     10.17.247.218:/nfsshare   25T   15T  9.1T  62% /home
Julia:    /home/stephenjordan_google_com/julia-1.12.5/bin/julia
Git HEAD: 25cb9d9

Removing stale results/swarm-d64-k6d7.csv
Checking Julia environment...
Environment ready.

Starting swarm_chain_d64.jl with 28 threads at Wed Apr 22 01:33:42 UTC 2026
# swarm-d64 chain: k=6, D=7, p=1-15, pop=100, gens=10, burst=20, seed=42
k,D,p,ctilde,evals,wall_seconds,gamma,beta
# p=1 gen  1: best_d64=0.6526955270  pop=100
# p=1 gen  2: best_d64=0.6526955270  pop=100
# p=1 gen  3: best_d64=0.6526955270  pop=100
# p=1 gen  4: best_d64=0.6526955270  pop=100
# p=1 gen  4: best_d64=0.6526955270  pop=-1
6,7,1,0.652695526988,5560,5.1,3.5916642468077327,1.3946965568580345
# p=2 gen  1: best_d64=0.7095635623  pop=100
# p=2 gen  2: best_d64=0.7095635623  pop=100
# p=2 gen  3: best_d64=0.7095635623  pop=100
# p=2 gen  4: best_d64=0.7095635623  pop=100
# p=2 gen  4: best_d64=0.7095635623  pop=-1
6,7,2,0.709563562343,10510,0.8,3.5000682805627923;3.6647236201636533,1.3753744953457168;1.7025056099759248
# p=3 gen  1: best_d64=0.7443808692  pop=100
# p=3 gen  2: best_d64=0.7443808692  pop=100
# p=3 gen  3: best_d64=0.7443808692  pop=100
# p=3 gen  4: best_d64=0.7443808692  pop=100
# p=3 gen  4: best_d64=0.7443808692  pop=-1
6,7,3,0.744380869194,14167,1.8,5.967301339019954;5.821466530431259;5.780023813203595,1.3748427328763104;2.9792856151965856;3.0291257675195404
# p=4 gen  1: best_d64=0.7680942431  pop=100
# p=4 gen  2: best_d64=0.7680942431  pop=100
# p=4 gen  3: best_d64=0.7680942431  pop=100
# p=4 gen  4: best_d64=0.7680942431  pop=100
# p=4 gen  4: best_d64=0.7680942431  pop=-1
6,7,4,0.768094243107,16924,6.2,5.992056994285144;5.858987320299657;5.833145789300854;5.7924139051167645,1.3786342092988333;2.976964922929002;2.9895387413884147;3.0419339562867944
# p=5 gen  1: best_d64=0.7855598781  pop=100
# p=5 gen  2: best_d64=0.7855598781  pop=100
# p=5 gen  3: best_d64=0.7855598781  pop=100
# p=5 gen  4: best_d64=0.7855598781  pop=100
# p=5 gen  4: best_d64=0.7855598781  pop=-1
6,7,5,0.785559878081,18932,29.3,6.008916204279446;5.881082197054229;5.866978037027024;5.845136522013441;5.8014027791545555,1.3821464611374883;2.97898841677503;2.984871629113302;2.996025636255875;3.051487902309015
# p=6 gen  1: best_d64=0.7990280382  pop=100
# p=6 gen  2: best_d64=0.7990280383  pop=100
# p=6 gen  3: best_d64=0.7990280384  pop=100
# p=6 gen  4: best_d64=0.7990280384  pop=100
# p=6 gen  4: best_d64=0.7990280384  pop=-1
6,7,6,0.799028038399,19543,141.1,6.020911071359044;5.896835679455803;5.886724896063178;5.878936166898882;5.855936685929402;5.80781341746101,1.3852160445613677;2.9821526329676478;2.9852048844782417;2.988888798529412;3.0014963189633956;3.0591634440593447
# p=7 gen  1: best_d64=0.8097431499  pop=100
# p=7 gen  2: best_d64=0.8097432072  pop=100
# p=7 gen  3: best_d64=0.8097432072  pop=100
# p=7 gen  4: best_d64=0.8097432072  pop=100
=== QAOA Double64 Swarm ===
Task:  13 / 15
Pair:  k=6, D=7
Node:  swift-c3dnodesetssd-12
CPUs:  28
Start: Wed Apr 22 01:51:09 UTC 2026
Job:   1357786_13

--- Node diagnostics ---
Hostname: swift-c3dnodesetssd-12
Memory:                  total        used        free      shared  buff/cache   available
Mem:           1.4Ti       9.1Gi       1.4Ti       3.3Mi       2.2Gi       1.4Ti
Disk:     10.17.247.218:/nfsshare   25T   15T  9.1T  62% /home
Julia:    /home/stephenjordan_google_com/julia-1.12.5/bin/julia
Git HEAD: 25cb9d9

Removing stale results/swarm-d64-k6d7.csv
Checking Julia environment...
Environment ready.

Starting swarm_chain_d64.jl with 28 threads at Wed Apr 22 01:51:12 UTC 2026
# swarm-d64 chain: k=6, D=7, p=1-15, pop=100, gens=10, burst=20, seed=42
k,D,p,ctilde,evals,wall_seconds,gamma,beta
# p=1 gen  1: best_d64=0.6526955270  pop=100
# p=1 gen  2: best_d64=0.6526955270  pop=100
# p=1 gen  3: best_d64=0.6526955270  pop=100
# p=1 gen  4: best_d64=0.6526955270  pop=100
# p=1 gen  4: best_d64=0.6526955270  pop=-1
6,7,1,0.652695526988,5576,5.1,3.5916642468077327,1.3946965568580345
# p=2 gen  1: best_d64=0.7095635623  pop=100
# p=2 gen  2: best_d64=0.7095635623  pop=100
# p=2 gen  3: best_d64=0.7095635623  pop=100
# p=2 gen  4: best_d64=0.7095635623  pop=100
# p=2 gen  4: best_d64=0.7095635623  pop=-1
6,7,2,0.709563562343,10471,0.8,3.5000682805627923;3.6647236201636533,1.3753744953457168;1.7025056099759248
# p=3 gen  1: best_d64=0.7443808692  pop=100
# p=3 gen  2: best_d64=0.7443808692  pop=100
# p=3 gen  3: best_d64=0.7443808692  pop=100
# p=3 gen  4: best_d64=0.7443808692  pop=100
# p=3 gen  4: best_d64=0.7443808692  pop=-1
6,7,3,0.744380869194,14170,1.8,5.967301339019954;5.821466530431259;5.780023813203595,1.3748427328763104;2.9792856151965856;3.0291257675195404
# p=4 gen  1: best_d64=0.7680942431  pop=100
# p=4 gen  2: best_d64=0.7680942431  pop=100
# p=4 gen  3: best_d64=0.7680942431  pop=100
# p=4 gen  4: best_d64=0.7680942431  pop=100
# p=4 gen  4: best_d64=0.7680942431  pop=-1
6,7,4,0.768094243107,16914,6.3,5.992056994285144;5.858987320299657;5.833145789300854;5.7924139051167645,1.3786342092988333;2.976964922929002;2.9895387413884147;3.0419339562867944
# p=5 gen  1: best_d64=0.7855598781  pop=100
# p=5 gen  2: best_d64=0.7855598781  pop=100
# p=5 gen  3: best_d64=0.7855598781  pop=100
# p=5 gen  4: best_d64=0.7855598781  pop=100
# p=5 gen  4: best_d64=0.7855598781  pop=-1
6,7,5,0.785559878081,19017,29.7,6.008916204279446;5.881082197054229;5.866978037027024;5.845136522013441;5.8014027791545555,1.3821464611374883;2.97898841677503;2.984871629113302;2.996025636255875;3.051487902309015
# p=6 gen  1: best_d64=0.7990280382  pop=100
# p=6 gen  2: best_d64=0.7990280383  pop=100
# p=6 gen  3: best_d64=0.7990280384  pop=100
# p=6 gen  4: best_d64=0.7990280384  pop=100
# p=6 gen  4: best_d64=0.7990280384  pop=-1
6,7,6,0.799028038399,19543,142.1,6.020911071359044;5.896835679455803;5.886724896063178;5.878936166898882;5.855936685929402;5.80781341746101,1.3852160445613677;2.9821526329676478;2.9852048844782417;2.988888798529412;3.0014963189633956;3.0591634440593447
# p=7 gen  1: best_d64=0.8097431499  pop=100
# p=7 gen  2: best_d64=0.8097432072  pop=100
# p=7 gen  3: best_d64=0.8097432072  pop=100
# p=7 gen  4: best_d64=0.8097432072  pop=100
# p=7 gen  5: best_d64=0.8097432072  pop=100
# p=7 gen  5: best_d64=0.8097432072  pop=-1
6,7,7,0.809743207239,23414,724.2,6.030022886227829;5.908993087239093;5.900447327249119;5.898128847364168;5.890676781115369;5.8641945666365825;5.812192449470437,1.3879724134276585;2.985257263518359;2.98738092513058;2.987357578668181;2.9918925689724007;3.0065957473038467;3.065509014586116
# p=8 gen  1: best_d64=0.8184748274  pop=100
# p=8 gen  2: best_d64=0.8184751638  pop=100
# p=8 gen  3: best_d64=0.8184751638  pop=100
# p=8 gen  4: best_d64=0.8184751638  pop=100
# p=8 gen  5: best_d64=0.8184751638  pop=100
# p=8 gen  5: best_d64=0.8184751638  pop=-1
6,7,8,0.818475163792,21182,3351.8,6.037250344185709;5.918755171246062;5.910839551067758;5.911354096380025;5.910243106377687;5.900276421159541;5.870227929334858;5.81516981005042,1.3904263096637768;2.9881117433944144;2.989939545133526;2.988568745778118;2.988561616229103;2.9946874358250346;3.0114495429263006;3.0708443527373706
=== QAOA Double64 Swarm ===
Task:  13 / 15
Pair:  k=6, D=7
Node:  swift-c3dnodesetssd-12
CPUs:  28
Start: Wed Apr 22 03:33:09 UTC 2026
Job:   1357786_13

--- Node diagnostics ---
Hostname: swift-c3dnodesetssd-12
Memory:                  total        used        free      shared  buff/cache   available
Mem:           1.4Ti       9.1Gi       1.4Ti       3.3Mi       2.2Gi       1.4Ti
Disk:     10.17.247.218:/nfsshare   25T   15T  9.1T  62% /home
Julia:    /home/stephenjordan_google_com/julia-1.12.5/bin/julia
Git HEAD: 25cb9d9

Removing stale results/swarm-d64-k6d7.csv
Checking Julia environment...
Environment ready.

Starting swarm_chain_d64.jl with 28 threads at Wed Apr 22 03:33:13 UTC 2026
# swarm-d64 chain: k=6, D=7, p=1-15, pop=100, gens=10, burst=20, seed=42
k,D,p,ctilde,evals,wall_seconds,gamma,beta
# p=1 gen  1: best_d64=0.6526955270  pop=100
# p=1 gen  2: best_d64=0.6526955270  pop=100
# p=1 gen  3: best_d64=0.6526955270  pop=100
# p=1 gen  4: best_d64=0.6526955270  pop=100
# p=1 gen  4: best_d64=0.6526955270  pop=-1
6,7,1,0.652695526988,5546,5.1,3.5916642468077327,1.3946965568580345
# p=2 gen  1: best_d64=0.7095635623  pop=100
# p=2 gen  2: best_d64=0.7095635623  pop=100
# p=2 gen  3: best_d64=0.7095635623  pop=100
# p=2 gen  4: best_d64=0.7095635623  pop=100
# p=2 gen  4: best_d64=0.7095635623  pop=-1
6,7,2,0.709563562343,10511,0.8,3.5000682805627923;3.6647236201636533,1.3753744953457168;1.7025056099759248
# p=3 gen  1: best_d64=0.7443808692  pop=100
# p=3 gen  2: best_d64=0.7443808692  pop=100
# p=3 gen  3: best_d64=0.7443808692  pop=100
# p=3 gen  4: best_d64=0.7443808692  pop=100
# p=3 gen  4: best_d64=0.7443808692  pop=-1
6,7,3,0.744380869194,14169,1.7,5.967301339019954;5.821466530431259;5.780023813203595,1.3748427328763104;2.9792856151965856;3.0291257675195404
# p=4 gen  1: best_d64=0.7680942431  pop=100
# p=4 gen  2: best_d64=0.7680942431  pop=100
# p=4 gen  3: best_d64=0.7680942431  pop=100
# p=4 gen  4: best_d64=0.7680942431  pop=100
# p=4 gen  4: best_d64=0.7680942431  pop=-1
6,7,4,0.768094243107,16806,6.1,5.992056994285144;5.858987320299657;5.833145789300854;5.7924139051167645,1.3786342092988333;2.976964922929002;2.9895387413884147;3.0419339562867944
# p=5 gen  1: best_d64=0.7855598781  pop=100
# p=5 gen  2: best_d64=0.7855598781  pop=100
# p=5 gen  3: best_d64=0.7855598781  pop=100
# p=5 gen  4: best_d64=0.7855598781  pop=100
# p=5 gen  4: best_d64=0.7855598781  pop=-1
6,7,5,0.785559878081,19017,29.2,6.008916204279446;5.881082197054229;5.866978037027024;5.845136522013441;5.8014027791545555,1.3821464611374883;2.97898841677503;2.984871629113302;2.996025636255875;3.051487902309015
# p=6 gen  1: best_d64=0.7990280382  pop=100
# p=6 gen  2: best_d64=0.7990280383  pop=100
# p=6 gen  3: best_d64=0.7990280384  pop=100
# p=6 gen  4: best_d64=0.7990280384  pop=100
# p=6 gen  4: best_d64=0.7990280384  pop=-1
6,7,6,0.799028038399,19543,140.6,6.020911071359044;5.896835679455803;5.886724896063178;5.878936166898882;5.855936685929402;5.80781341746101,1.3852160445613677;2.9821526329676478;2.9852048844782417;2.988888798529412;3.0014963189633956;3.0591634440593447
# p=7 gen  1: best_d64=0.8097431499  pop=100
# p=7 gen  2: best_d64=0.8097432072  pop=100
# p=7 gen  3: best_d64=0.8097432072  pop=100
# p=7 gen  4: best_d64=0.8097432072  pop=100
# p=7 gen  5: best_d64=0.8097432072  pop=100
# p=7 gen  5: best_d64=0.8097432072  pop=-1
6,7,7,0.809743207239,23414,721.0,6.030022886227829;5.908993087239093;5.900447327249119;5.898128847364168;5.890676781115369;5.8641945666365825;5.812192449470437,1.3879724134276585;2.985257263518359;2.98738092513058;2.987357578668181;2.9918925689724007;3.0065957473038467;3.065509014586116
# p=8 gen  1: best_d64=0.8184748274  pop=100
# p=8 gen  2: best_d64=0.8184751638  pop=100
=== QAOA Double64 Swarm ===
Task:  13 / 15
Pair:  k=6, D=7
Node:  swift-c3dnodesetssd-4
CPUs:  28
Start: Wed Apr 22 04:33:10 UTC 2026
Job:   1357786_13

--- Node diagnostics ---
Hostname: swift-c3dnodesetssd-4
Memory:                  total        used        free      shared  buff/cache   available
Mem:           1.4Ti       9.1Gi       1.4Ti       3.3Mi       2.2Gi       1.4Ti
Disk:     10.17.247.218:/nfsshare   25T   15T  9.1T  62% /home
Julia:    /home/stephenjordan_google_com/julia-1.12.5/bin/julia
Git HEAD: 25cb9d9

Removing stale results/swarm-d64-k6d7.csv
Checking Julia environment...
Environment ready.

Starting swarm_chain_d64.jl with 28 threads at Wed Apr 22 04:33:15 UTC 2026
# swarm-d64 chain: k=6, D=7, p=1-15, pop=100, gens=10, burst=20, seed=42
k,D,p,ctilde,evals,wall_seconds,gamma,beta
# p=1 gen  1: best_d64=0.6526955270  pop=100
# p=1 gen  2: best_d64=0.6526955270  pop=100
# p=1 gen  3: best_d64=0.6526955270  pop=100
# p=1 gen  4: best_d64=0.6526955270  pop=100
# p=1 gen  4: best_d64=0.6526955270  pop=-1
6,7,1,0.652695526988,5529,5.2,3.5916642468077327,1.3946965568580345
# p=2 gen  1: best_d64=0.7095635623  pop=100
# p=2 gen  2: best_d64=0.7095635623  pop=100
# p=2 gen  3: best_d64=0.7095635623  pop=100
# p=2 gen  4: best_d64=0.7095635623  pop=100
# p=2 gen  4: best_d64=0.7095635623  pop=-1
6,7,2,0.709563562343,10511,0.8,3.5000682805627923;3.6647236201636533,1.3753744953457168;1.7025056099759248
# p=3 gen  1: best_d64=0.7443808692  pop=100
# p=3 gen  2: best_d64=0.7443808692  pop=100
# p=3 gen  3: best_d64=0.7443808692  pop=100
# p=3 gen  4: best_d64=0.7443808692  pop=100
# p=3 gen  4: best_d64=0.7443808692  pop=-1
6,7,3,0.744380869194,14172,1.8,5.967301339019954;5.821466530431259;5.780023813203595,1.3748427328763104;2.9792856151965856;3.0291257675195404
# p=4 gen  1: best_d64=0.7680942431  pop=100
# p=4 gen  2: best_d64=0.7680942431  pop=100
# p=4 gen  3: best_d64=0.7680942431  pop=100
# p=4 gen  4: best_d64=0.7680942431  pop=100
# p=4 gen  4: best_d64=0.7680942431  pop=-1
6,7,4,0.768094243107,16924,6.2,5.992056994285144;5.858987320299657;5.833145789300854;5.7924139051167645,1.3786342092988333;2.976964922929002;2.9895387413884147;3.0419339562867944
# p=5 gen  1: best_d64=0.7855598781  pop=100
# p=5 gen  2: best_d64=0.7855598781  pop=100
# p=5 gen  3: best_d64=0.7855598781  pop=100
# p=5 gen  4: best_d64=0.7855598781  pop=100
# p=5 gen  4: best_d64=0.7855598781  pop=-1
6,7,5,0.785559878081,19016,29.3,6.008916204279446;5.881082197054229;5.866978037027024;5.845136522013441;5.8014027791545555,1.3821464611374883;2.97898841677503;2.984871629113302;2.996025636255875;3.051487902309015
# p=6 gen  1: best_d64=0.7990280382  pop=100
# p=6 gen  2: best_d64=0.7990280383  pop=100
# p=6 gen  3: best_d64=0.7990280384  pop=100
# p=6 gen  4: best_d64=0.7990280384  pop=100
# p=6 gen  4: best_d64=0.7990280384  pop=-1
6,7,6,0.799028038399,19543,141.3,6.020911071359044;5.896835679455803;5.886724896063178;5.878936166898882;5.855936685929402;5.80781341746101,1.3852160445613677;2.9821526329676478;2.9852048844782417;2.988888798529412;3.0014963189633956;3.0591634440593447
# p=7 gen  1: best_d64=0.8097431499  pop=100
# p=7 gen  2: best_d64=0.8097432072  pop=100
# p=7 gen  3: best_d64=0.8097432072  pop=100
# p=7 gen  4: best_d64=0.8097432072  pop=100
# p=7 gen  5: best_d64=0.8097432072  pop=100
# p=7 gen  5: best_d64=0.8097432072  pop=-1
6,7,7,0.809743207239,23414,724.2,6.030022886227829;5.908993087239093;5.900447327249119;5.898128847364168;5.890676781115369;5.8641945666365825;5.812192449470437,1.3879724134276585;2.985257263518359;2.98738092513058;2.987357578668181;2.9918925689724007;3.0065957473038467;3.065509014586116
# p=8 gen  1: best_d64=0.8184748274  pop=100
# p=8 gen  2: best_d64=0.8184751638  pop=100
# p=8 gen  3: best_d64=0.8184751638  pop=100
# p=8 gen  4: best_d64=0.8184751638  pop=100
# p=8 gen  5: best_d64=0.8184751638  pop=100
# p=8 gen  5: best_d64=0.8184751638  pop=-1
6,7,8,0.818475163792,21182,3367.4,6.037250344185709;5.918755171246062;5.910839551067758;5.911354096380025;5.910243106377687;5.900276421159541;5.870227929334858;5.81516981005042,1.3904263096637768;2.9881117433944144;2.989939545133526;2.988568745778118;2.988561616229103;2.9946874358250346;3.0114495429263006;3.0708443527373706
# p=9 gen  1: best_d64=0.8257266216  pop=100
# p=9 gen  2: best_d64=0.8257276337  pop=100
# p=9 gen  3: best_d64=0.8257276337  pop=100
=== QAOA Double64 Swarm ===
Task:  13 / 15
Pair:  k=6, D=7
Node:  swift-c3dnodesetssd-18
CPUs:  28
Start: Wed Apr 22 08:34:41 UTC 2026
Job:   1357786_13

--- Node diagnostics ---
Hostname: swift-c3dnodesetssd-18
Memory:                  total        used        free      shared  buff/cache   available
Mem:           1.4Ti       9.1Gi       1.4Ti       3.3Mi       2.2Gi       1.4Ti
Disk:     10.17.247.218:/nfsshare   25T   15T  9.1T  62% /home
Julia:    /home/stephenjordan_google_com/julia-1.12.5/bin/julia
Git HEAD: 25cb9d9

Removing stale results/swarm-d64-k6d7.csv
Checking Julia environment...
Environment ready.

Starting swarm_chain_d64.jl with 28 threads at Wed Apr 22 08:34:46 UTC 2026
# swarm-d64 chain: k=6, D=7, p=1-15, pop=100, gens=10, burst=20, seed=42
k,D,p,ctilde,evals,wall_seconds,gamma,beta
# p=1 gen  1: best_d64=0.6526955270  pop=100
# p=1 gen  2: best_d64=0.6526955270  pop=100
# p=1 gen  3: best_d64=0.6526955270  pop=100
# p=1 gen  4: best_d64=0.6526955270  pop=100
# p=1 gen  4: best_d64=0.6526955270  pop=-1
6,7,1,0.652695526988,5546,5.2,3.5916642468077327,1.3946965568580345
# p=2 gen  1: best_d64=0.7095635623  pop=100
# p=2 gen  2: best_d64=0.7095635623  pop=100
# p=2 gen  3: best_d64=0.7095635623  pop=100
# p=2 gen  4: best_d64=0.7095635623  pop=100
# p=2 gen  4: best_d64=0.7095635623  pop=-1
6,7,2,0.709563562343,10510,0.8,3.5000682805627923;3.6647236201636533,1.3753744953457168;1.7025056099759248
# p=3 gen  1: best_d64=0.7443808692  pop=100
# p=3 gen  2: best_d64=0.7443808692  pop=100
# p=3 gen  3: best_d64=0.7443808692  pop=100
# p=3 gen  4: best_d64=0.7443808692  pop=100
# p=3 gen  4: best_d64=0.7443808692  pop=-1
6,7,3,0.744380869194,14172,1.8,5.967301339019954;5.821466530431259;5.780023813203595,1.3748427328763104;2.9792856151965856;3.0291257675195404
# p=4 gen  1: best_d64=0.7680942431  pop=100
# p=4 gen  2: best_d64=0.7680942431  pop=100
# p=4 gen  3: best_d64=0.7680942431  pop=100
# p=4 gen  4: best_d64=0.7680942431  pop=100
# p=4 gen  4: best_d64=0.7680942431  pop=-1
6,7,4,0.768094243107,16925,6.2,5.992056994285144;5.858987320299657;5.833145789300854;5.7924139051167645,1.3786342092988333;2.976964922929002;2.9895387413884147;3.0419339562867944
# p=5 gen  1: best_d64=0.7855598781  pop=100
# p=5 gen  2: best_d64=0.7855598781  pop=100
# p=5 gen  3: best_d64=0.7855598781  pop=100
# p=5 gen  4: best_d64=0.7855598781  pop=100
# p=5 gen  4: best_d64=0.7855598781  pop=-1
6,7,5,0.785559878081,19017,29.3,6.008916204279446;5.881082197054229;5.866978037027024;5.845136522013441;5.8014027791545555,1.3821464611374883;2.97898841677503;2.984871629113302;2.996025636255875;3.051487902309015
# p=6 gen  1: best_d64=0.7990280382  pop=100
# p=6 gen  2: best_d64=0.7990280383  pop=100
# p=6 gen  3: best_d64=0.7990280384  pop=100
# p=6 gen  4: best_d64=0.7990280384  pop=100
# p=6 gen  4: best_d64=0.7990280384  pop=-1
6,7,6,0.799028038399,19543,141.4,6.020911071359044;5.896835679455803;5.886724896063178;5.878936166898882;5.855936685929402;5.80781341746101,1.3852160445613677;2.9821526329676478;2.9852048844782417;2.988888798529412;3.0014963189633956;3.0591634440593447
# p=7 gen  1: best_d64=0.8097431499  pop=100
# p=7 gen  2: best_d64=0.8097432072  pop=100
# p=7 gen  3: best_d64=0.8097432072  pop=100
=== QAOA Double64 Swarm ===
Task:  13 / 15
Pair:  k=6, D=7
Node:  swift-c3dnodesetssd-12
CPUs:  28
Start: Wed Apr 22 08:50:42 UTC 2026
Job:   1357786_13

--- Node diagnostics ---
Hostname: swift-c3dnodesetssd-12
Memory:                  total        used        free      shared  buff/cache   available
Mem:           1.4Ti       9.2Gi       1.4Ti       3.3Mi       2.4Gi       1.4Ti
Disk:     10.17.247.218:/nfsshare   25T   15T  9.1T  62% /home
Julia:    /home/stephenjordan_google_com/julia-1.12.5/bin/julia
Git HEAD: 25cb9d9

Removing stale results/swarm-d64-k6d7.csv
Checking Julia environment...
Environment ready.

Starting swarm_chain_d64.jl with 28 threads at Wed Apr 22 08:50:51 UTC 2026
# swarm-d64 chain: k=6, D=7, p=1-15, pop=100, gens=10, burst=20, seed=42
k,D,p,ctilde,evals,wall_seconds,gamma,beta
# p=1 gen  1: best_d64=0.6526955270  pop=100
# p=1 gen  2: best_d64=0.6526955270  pop=100
# p=1 gen  3: best_d64=0.6526955270  pop=100
# p=1 gen  4: best_d64=0.6526955270  pop=100
# p=1 gen  4: best_d64=0.6526955270  pop=-1
6,7,1,0.652695526988,5535,5.2,3.5916642468077327,1.3946965568580345
# p=2 gen  1: best_d64=0.7095635623  pop=100
# p=2 gen  2: best_d64=0.7095635623  pop=100
# p=2 gen  3: best_d64=0.7095635623  pop=100
# p=2 gen  4: best_d64=0.7095635623  pop=100
# p=2 gen  4: best_d64=0.7095635623  pop=-1
6,7,2,0.709563562343,10508,0.9,3.5000682805627923;3.6647236201636533,1.3753744953457168;1.7025056099759248
# p=3 gen  1: best_d64=0.7443808692  pop=100
# p=3 gen  2: best_d64=0.7443808692  pop=100
# p=3 gen  3: best_d64=0.7443808692  pop=100
# p=3 gen  4: best_d64=0.7443808692  pop=100
# p=3 gen  4: best_d64=0.7443808692  pop=-1
6,7,3,0.744380869194,14165,1.9,5.967301339019954;5.821466530431259;5.780023813203595,1.3748427328763104;2.9792856151965856;3.0291257675195404
# p=4 gen  1: best_d64=0.7680942431  pop=100
# p=4 gen  2: best_d64=0.7680942431  pop=100
# p=4 gen  3: best_d64=0.7680942431  pop=100
# p=4 gen  4: best_d64=0.7680942431  pop=100
# p=4 gen  4: best_d64=0.7680942431  pop=-1
6,7,4,0.768094243107,16924,6.3,5.992056994285144;5.858987320299657;5.833145789300854;5.7924139051167645,1.3786342092988333;2.976964922929002;2.9895387413884147;3.0419339562867944
# p=5 gen  1: best_d64=0.7855598781  pop=100
# p=5 gen  2: best_d64=0.7855598781  pop=100
# p=5 gen  3: best_d64=0.7855598781  pop=100
# p=5 gen  4: best_d64=0.7855598781  pop=100
# p=5 gen  4: best_d64=0.7855598781  pop=-1
6,7,5,0.785559878081,19017,29.8,6.008916204279446;5.881082197054229;5.866978037027024;5.845136522013441;5.8014027791545555,1.3821464611374883;2.97898841677503;2.984871629113302;2.996025636255875;3.051487902309015
# p=6 gen  1: best_d64=0.7990280382  pop=100
# p=6 gen  2: best_d64=0.7990280383  pop=100
# p=6 gen  3: best_d64=0.7990280384  pop=100
# p=6 gen  4: best_d64=0.7990280384  pop=100
# p=6 gen  4: best_d64=0.7990280384  pop=-1
6,7,6,0.799028038399,19543,142.6,6.020911071359044;5.896835679455803;5.886724896063178;5.878936166898882;5.855936685929402;5.80781341746101,1.3852160445613677;2.9821526329676478;2.9852048844782417;2.988888798529412;3.0014963189633956;3.0591634440593447
# p=7 gen  1: best_d64=0.8097431499  pop=100
# p=7 gen  2: best_d64=0.8097432072  pop=100
# p=7 gen  3: best_d64=0.8097432072  pop=100
# p=7 gen  4: best_d64=0.8097432072  pop=100
# p=7 gen  5: best_d64=0.8097432072  pop=100
# p=7 gen  5: best_d64=0.8097432072  pop=-1
6,7,7,0.809743207239,23414,727.8,6.030022886227829;5.908993087239093;5.900447327249119;5.898128847364168;5.890676781115369;5.8641945666365825;5.812192449470437,1.3879724134276585;2.985257263518359;2.98738092513058;2.987357578668181;2.9918925689724007;3.0065957473038467;3.065509014586116
# p=8 gen  1: best_d64=0.8184748274  pop=100
# p=8 gen  2: best_d64=0.8184751638  pop=100
# p=8 gen  3: best_d64=0.8184751638  pop=100
# p=8 gen  4: best_d64=0.8184751638  pop=100
# p=8 gen  5: best_d64=0.8184751638  pop=100
# p=8 gen  5: best_d64=0.8184751638  pop=-1
6,7,8,0.818475163792,21182,3372.1,6.037250344185709;5.918755171246062;5.910839551067758;5.911354096380025;5.910243106377687;5.900276421159541;5.870227929334858;5.81516981005042,1.3904263096637768;2.9881117433944144;2.989939545133526;2.988568745778118;2.988561616229103;2.9946874358250346;3.0114495429263006;3.0708443527373706
# p=9 gen  1: best_d64=0.8257266216  pop=100
# p=9 gen  2: best_d64=0.8257276337  pop=100
# p=9 gen  3: best_d64=0.8257276337  pop=100
# p=9 gen  4: best_d64=0.8257276337  pop=100
# p=9 gen  5: best_d64=0.8257276337  pop=100
# p=9 gen  5: best_d64=0.8257276337  pop=-1
6,7,9,0.825727633699,21398,14489.1,6.04315549161676;5.9268526695937815;5.9191342973325725;5.921152275069181;5.9234085335792885;5.920663354555717;5.90780889405682;5.874520297301178;5.817173213778123,1.3926103278480668;2.9906902977425216;2.992463574310362;2.9904723678912197;2.9888918687926767;2.9896810602555677;2.9974746568667094;3.0160874018922557;3.0754135024824962
# p=10 gen  1: best_d64=0.8318402063  pop=100
# p=10 gen  2: best_d64=0.8318478435  pop=100
# p=10 gen  3: best_d64=0.8318478446  pop=100
# p=10 gen  4: best_d64=0.8318478446  pop=100
# p=10 gen  5: best_d64=0.8318478446  pop=100
# p=10 gen  6: best_d64=0.8318478446  pop=100
# p=10 gen  6: best_d64=0.8318478446  pop=-1
6,7,10,0.831847844585,21883,79386.7,6.048099609920984;5.933713525664355;5.9259794406355875;5.928881639289238;5.933020255425538;5.933909694340362;5.929226457866978;5.913598960787252;5.877439244627499;5.818410069261263,1.3945563856168341;2.9929971454533;2.994820111882824;2.9925898154148634;2.990129064000452;2.9892059930741137;2.9909247892032287;3.0003098102825545;3.0205211580601574;3.0793993989199215
# p=11 gen  1: best_d64=0.8370531541  pop=100
# p=11 gen  2: best_d64=0.8370827423  pop=100
# p=11 gen  3: best_d64=0.8370827466  pop=100
# p=11 gen  4: best_d64=0.8370827466  pop=100
# p=11 gen  5: best_d64=0.8370827466  pop=100
# p=11 gen  6: best_d64=0.8370827466  pop=100
# p=11 gen  6: best_d64=0.8370827466  pop=-1
6,7,11,0.837082746572,22484,353754.6,6.052333440568069;5.939629460334875;5.931773939805946;5.935219922256764;5.940499262569772;5.943491895089981;5.942647904146742;5.936142972550406;5.917984713518142;5.879297742832573;5.819044403041569,1.396297708925334;2.995059314973743;2.9969799132550508;2.9946718136704735;2.9918091131364055;2.989799063987893;2.9897044729658893;2.9923450004287533;3.0032006597394054;3.0247587140331773;3.0829206122586807
/var/spool/slurmd/job1357799/slurm_script: line 124: 11055 Killed                  julia --project=. -t ${SLURM_CPUS_PER_TASK:-28} scripts/swarm_chain_d64.jl $K $D 15 100 10 20 42

Exit code: 137
Done: Mon Apr 27 14:39:13 UTC 2026
FAILED — pushing logs
