=== QAOA Double64 Swarm ===
Task:  14 / 15
Pair:  k=6, D=8
Node:  swift-c3dnodesetssd-13
CPUs:  28
Start: Fri Apr 10 23:35:37 UTC 2026
Job:   1326055_14

--- Node diagnostics ---
Hostname: swift-c3dnodesetssd-13
Memory:                  total        used        free      shared  buff/cache   available
Mem:           1.4Ti       9.1Gi       1.4Ti       3.3Mi       2.2Gi       1.4Ti
Disk:     10.17.247.218:/nfsshare   25T   15T  9.6T  60% /home
Julia:    /home/stephenjordan_google_com/julia-1.12.5/bin/julia
Git HEAD: 411f899

Checking Julia environment...
Environment ready.

Starting swarm_chain_d64.jl with 28 threads at Fri Apr 10 23:35:42 UTC 2026
# swarm-d64 chain: k=6, D=8, p=1-15, pop=100, gens=10, burst=20, seed=42
k,D,p,ctilde,evals,wall_seconds,gamma,beta
# p=1 gen  1: best_d64=0.6424024539  pop=100
# p=1 gen  2: best_d64=0.6424024539  pop=100
# p=1 gen  3: best_d64=0.6424024539  pop=100
# p=1 gen  4: best_d64=0.6424024539  pop=100
# p=1 gen  4: best_d64=0.6424024539  pop=-1
6,8,1,0.642402453911,5763,5.3,2.7217178881047612,1.3943336542950888
# p=2 gen  1: best_d64=0.6956672196  pop=100
# p=2 gen  2: best_d64=0.6956672196  pop=100
# p=2 gen  3: best_d64=0.6956672196  pop=100
# p=2 gen  4: best_d64=0.6956672196  pop=100
# p=2 gen  4: best_d64=0.6956672196  pop=-1
6,8,2,0.695667219631,9859,0.9,2.807360698130897;2.656532573592687,1.3756737778491317;1.4389822978685405
# p=3 gen  1: best_d64=0.7284166907  pop=100
# p=3 gen  2: best_d64=0.7284166907  pop=100
# p=3 gen  3: best_d64=0.7284166907  pop=100
# p=3 gen  4: best_d64=0.7284166907  pop=100
# p=3 gen  4: best_d64=0.7284166907  pop=-1
6,8,3,0.728416690695,12712,2.0,2.847005579096141;5.855260790431245;5.818900945366259,1.3749675730524906;1.4092751793903062;3.029250677718661
# p=4 gen  1: best_d64=0.7508609887  pop=100
# p=4 gen  2: best_d64=0.7508609887  pop=100
# p=4 gen  3: best_d64=0.7508609887  pop=100
# p=4 gen  4: best_d64=0.7508609887  pop=100
# p=4 gen  4: best_d64=0.7508609887  pop=-1
6,8,4,0.750860988673,15199,9.6,2.8700557592251155;5.889906636750545;5.8677450861459866;5.831572105949918,1.378566259169797;1.4066200292714535;2.9906980970531247;3.042223119380521
# p=5 gen  1: best_d64=0.7674887247  pop=100
# p=5 gen  2: best_d64=0.7674887247  pop=100
# p=5 gen  3: best_d64=0.7674887247  pop=100
# p=5 gen  4: best_d64=0.7674887247  pop=100
# p=5 gen  4: best_d64=0.7674887247  pop=-1
6,8,5,0.767488724670,17221,45.4,2.885833301702195;5.910477205099836;5.8988008106783925;5.879431065943342;5.840490487669053,1.3819596991457714;1.408410839133735;2.9855182867234777;2.9974059818253536;3.051872758503943
# p=6 gen  1: best_d64=0.7803714376  pop=100
# p=6 gen  2: best_d64=0.7803714377  pop=100
# p=6 gen  3: best_d64=0.7803714377  pop=100
# p=6 gen  4: best_d64=0.7803714377  pop=100
# p=6 gen  4: best_d64=0.7803714377  pop=-1
6,8,6,0.780371437703,17403,211.3,2.897072436317342;5.925135111457442;5.9171924673358705;5.910546865125832;5.889613909565788;5.846824790304383,1.3849441963190423;1.4114355839750348;2.985662699006095;2.9896310300316626;3.003007291567463;3.059607416939201
# p=7 gen  1: best_d64=0.7906673143  pop=100
# p=7 gen  2: best_d64=0.7906673161  pop=100
# p=7 gen  3: best_d64=0.7906673161  pop=100
# p=7 gen  4: best_d64=0.7906673161  pop=100
# p=7 gen  5: best_d64=0.7906673161  pop=100
# p=7 gen  5: best_d64=0.7906673161  pop=-1
6,8,7,0.790667316068,22371,1152.0,2.905600194113807;5.936442610651429;5.929915563604942;5.928303625975634;5.921796182716253;5.8973451905906105;5.851215688027682,1.3876360351973092;1.414444919730618;2.9876584253964698;2.987973348799772;2.9927179415178577;3.008206042088209;3.065990156552227
# p=8 gen  1: best_d64=0.7990941823  pop=100
# p=8 gen  2: best_d64=0.7990942359  pop=100
# p=8 gen  3: best_d64=0.7990942359  pop=100
# p=8 gen  4: best_d64=0.7990942359  pop=100
# p=8 gen  5: best_d64=0.7990942359  pop=100
# p=8 gen  5: best_d64=0.7990942359  pop=-1
6,8,8,0.799094235874,19188,4748.5,2.9123435662001835;5.945509947521469;5.939561609225191;5.940518020382278;5.939697420074579;5.930924588412059;5.902981302175893;5.85426092542512,1.39003777907895;1.4172278122460222;2.99011859086688;2.9889475360191358;2.9892938325388134;2.9956096301444415;3.0131435268611315;3.071357987503063
# p=9 gen  1: best_d64=0.8061214922  pop=100
# p=9 gen  2: best_d64=0.8061222027  pop=100
# p=9 gen  3: best_d64=0.8061222027  pop=100
# p=9 gen  4: best_d64=0.8061222027  pop=100
# p=9 gen  5: best_d64=0.8061222027  pop=100
# p=9 gen  5: best_d64=0.8061222027  pop=-1
6,8,9,0.806122202716,19071,22357.9,2.917833959486802;5.953020683623879;5.94725756536947;5.949581694153961;5.951859411418242;5.9493537954983315;5.93805082051124;5.906969631006795;5.85635156022964,1.392180818493714;1.4197514938440976;2.9925679096760587;2.9907506602992653;2.9893322346022595;2.990514414136173;2.9985018769849976;3.0178551211946845;3.0759608569174595
# p=10 gen  1: best_d64=0.8120738890  pop=100
# p=10 gen  2: best_d64=0.8120752585  pop=100
# p=10 gen  3: best_d64=0.8120752585  pop=100
# p=10 gen  4: best_d64=0.8120752585  pop=100
# p=10 gen  5: best_d64=0.8120752585  pop=100
# p=10 gen  5: best_d64=0.8120752585  pop=-1
6,8,10,0.812075258515,16523,105084.0,2.922415461139049;5.959383939598567;5.953610013729263;5.956737780379974;5.960716725114455;5.96163679984666;5.957213468680757;5.943512439239604;5.909680565875222;5.857706385855241,1.394097714279439;1.422018609067163;2.9948696026662622;2.992790726996722;2.990457220231331;2.989699478157025;2.991854062035115;3.0014480780951827;3.022353817950103;3.0799758803508963
=== QAOA Double64 Swarm ===
Task:  14 / 15
Pair:  k=6, D=8
Node:  swift-c3dnodesetssd-13
CPUs:  28
Start: Wed Apr 15 04:30:32 UTC 2026
Job:   1357786_14

--- Node diagnostics ---
Hostname: swift-c3dnodesetssd-13
Memory:                  total        used        free      shared  buff/cache   available
Mem:           1.4Ti       9.1Gi       1.4Ti       3.3Mi       2.2Gi       1.4Ti
Disk:     10.17.247.218:/nfsshare   25T   15T  9.5T  61% /home
Julia:    /home/stephenjordan_google_com/julia-1.12.5/bin/julia
Git HEAD: 605aa66

Removing stale results/swarm-d64-k6d8.csv
Checking Julia environment...
Environment ready.

Starting swarm_chain_d64.jl with 28 threads at Wed Apr 15 04:30:48 UTC 2026
# swarm-d64 chain: k=6, D=8, p=1-15, pop=100, gens=10, burst=20, seed=42
k,D,p,ctilde,evals,wall_seconds,gamma,beta
# p=1 gen  1: best_d64=0.6424024539  pop=100
# p=1 gen  2: best_d64=0.6424024539  pop=100
# p=1 gen  3: best_d64=0.6424024539  pop=100
# p=1 gen  4: best_d64=0.6424024539  pop=100
# p=1 gen  4: best_d64=0.6424024539  pop=-1
6,8,1,0.642402453911,5776,5.5,2.7217178881047612,1.3943336542950888
# p=2 gen  1: best_d64=0.6956672196  pop=100
# p=2 gen  2: best_d64=0.6956672196  pop=100
# p=2 gen  3: best_d64=0.6956672196  pop=100
# p=2 gen  4: best_d64=0.6956672196  pop=100
# p=2 gen  4: best_d64=0.6956672196  pop=-1
6,8,2,0.695667219631,9865,0.9,2.807360698130897;2.656532573592687,1.3756737778491317;1.4389822978685405
# p=3 gen  1: best_d64=0.7284166907  pop=100
# p=3 gen  2: best_d64=0.7284166907  pop=100
# p=3 gen  3: best_d64=0.7284166907  pop=100
# p=3 gen  4: best_d64=0.7284166907  pop=100
# p=3 gen  4: best_d64=0.7284166907  pop=-1
6,8,3,0.728416690695,12837,2.0,2.847005579096141;5.855260790431245;5.818900945366259,1.3749675730524906;1.4092751793903062;3.029250677718661
# p=4 gen  1: best_d64=0.7508609887  pop=100
# p=4 gen  2: best_d64=0.7508609887  pop=100
# p=4 gen  3: best_d64=0.7508609887  pop=100
# p=4 gen  4: best_d64=0.7508609887  pop=100
# p=4 gen  4: best_d64=0.7508609887  pop=-1
6,8,4,0.750860988673,15210,9.5,2.8700557592251155;5.889906636750545;5.8677450861459866;5.831572105949918,1.378566259169797;1.4066200292714535;2.9906980970531247;3.042223119380521
# p=5 gen  1: best_d64=0.7674887247  pop=100
# p=5 gen  2: best_d64=0.7674887247  pop=100
# p=5 gen  3: best_d64=0.7674887247  pop=100
# p=5 gen  4: best_d64=0.7674887247  pop=100
# p=5 gen  4: best_d64=0.7674887247  pop=-1
6,8,5,0.767488724670,17361,45.2,2.885833301702195;5.910477205099836;5.8988008106783925;5.879431065943342;5.840490487669053,1.3819596991457714;1.408410839133735;2.9855182867234777;2.9974059818253536;3.051872758503943
# p=6 gen  1: best_d64=0.7803714376  pop=100
# p=6 gen  2: best_d64=0.7803714377  pop=100
# p=6 gen  3: best_d64=0.7803714377  pop=100
# p=6 gen  4: best_d64=0.7803714377  pop=100
# p=6 gen  4: best_d64=0.7803714377  pop=-1
6,8,6,0.780371437703,17340,211.0,2.897072436317342;5.925135111457442;5.9171924673358705;5.910546865125832;5.889613909565788;5.846824790304383,1.3849441963190423;1.4114355839750348;2.985662699006095;2.9896310300316626;3.003007291567463;3.059607416939201
# p=7 gen  1: best_d64=0.7906673143  pop=100
# p=7 gen  2: best_d64=0.7906673161  pop=100
# p=7 gen  3: best_d64=0.7906673161  pop=100
# p=7 gen  4: best_d64=0.7906673161  pop=100
# p=7 gen  5: best_d64=0.7906673161  pop=100
# p=7 gen  5: best_d64=0.7906673161  pop=-1
6,8,7,0.790667316068,22371,1152.2,2.905600194113807;5.936442610651429;5.929915563604942;5.928303625975634;5.921796182716253;5.8973451905906105;5.851215688027682,1.3876360351973092;1.414444919730618;2.9876584253964698;2.987973348799772;2.9927179415178577;3.008206042088209;3.065990156552227
# p=8 gen  1: best_d64=0.7990941823  pop=100
# p=8 gen  2: best_d64=0.7990942359  pop=100
# p=8 gen  3: best_d64=0.7990942359  pop=100
# p=8 gen  4: best_d64=0.7990942359  pop=100
# p=8 gen  5: best_d64=0.7990942359  pop=100
# p=8 gen  5: best_d64=0.7990942359  pop=-1
6,8,8,0.799094235874,19188,4754.5,2.9123435662001835;5.945509947521469;5.939561609225191;5.940518020382278;5.939697420074579;5.930924588412059;5.902981302175893;5.85426092542512,1.39003777907895;1.4172278122460222;2.99011859086688;2.9889475360191358;2.9892938325388134;2.9956096301444415;3.0131435268611315;3.071357987503063
# p=9 gen  1: best_d64=0.8061214922  pop=100
# p=9 gen  2: best_d64=0.8061222027  pop=100
# p=9 gen  3: best_d64=0.8061222027  pop=100
# p=9 gen  4: best_d64=0.8061222027  pop=100
# p=9 gen  5: best_d64=0.8061222027  pop=100
# p=9 gen  5: best_d64=0.8061222027  pop=-1
6,8,9,0.806122202716,19071,22334.0,2.917833959486802;5.953020683623879;5.94725756536947;5.949581694153961;5.951859411418242;5.9493537954983315;5.93805082051124;5.906969631006795;5.85635156022964,1.392180818493714;1.4197514938440976;2.9925679096760587;2.9907506602992653;2.9893322346022595;2.990514414136173;2.9985018769849976;3.0178551211946845;3.0759608569174595
# p=10 gen  1: best_d64=0.8120738890  pop=100
# p=10 gen  2: best_d64=0.8120752585  pop=100
# p=10 gen  3: best_d64=0.8120752585  pop=100
# p=10 gen  4: best_d64=0.8120752585  pop=100
# p=10 gen  5: best_d64=0.8120752585  pop=100
# p=10 gen  5: best_d64=0.8120752585  pop=-1
6,8,10,0.812075258515,16523,104794.9,2.922415461139049;5.959383939598567;5.953610013729263;5.956737780379974;5.960716725114455;5.96163679984666;5.957213468680757;5.943512439239604;5.909680565875222;5.857706385855241,1.394097714279439;1.422018609067163;2.9948696026662622;2.992790726996722;2.990457220231331;2.989699478157025;2.991854062035115;3.0014480780951827;3.022353817950103;3.0799758803508963
# p=11 gen  1: best_d64=0.8171790861  pop=100
# p=11 gen  2: best_d64=0.8171842379  pop=100
# p=11 gen  3: best_d64=0.8171842379  pop=100
# p=11 gen  4: best_d64=0.8171842380  pop=100
=== QAOA Double64 Swarm ===
Task:  14 / 15
Pair:  k=6, D=8
Node:  swift-c3dnodesetssd-13
CPUs:  28
Start: Tue Apr 21 14:12:25 UTC 2026
Job:   1357786_14

--- Node diagnostics ---
Hostname: swift-c3dnodesetssd-13
Memory:                  total        used        free      shared  buff/cache   available
Mem:           1.4Ti       9.1Gi       1.4Ti       3.3Mi       2.2Gi       1.4Ti
Disk:     10.17.247.218:/nfsshare   25T   15T  9.2T  62% /home
Julia:    /home/stephenjordan_google_com/julia-1.12.5/bin/julia
Git HEAD: 7b59647

Removing stale results/swarm-d64-k6d8.csv
Checking Julia environment...
Precompiling packages...
    QaoaXorsat Being precompiled by another machine (hostname: swift-c3dnodesetssd-10, pid: 9762, pidfile: /home/stephenjordan_google_com/.julia/compiled/v1.12/QaoaXorsat/qgVWo_H0iNu.ji.pidfile)
  50911.8 ms  ✓ QaoaXorsat
  1 dependency successfully precompiled in 54 seconds. 52 already precompiled.
Environment ready.

Starting swarm_chain_d64.jl with 28 threads at Tue Apr 21 14:13:36 UTC 2026
# swarm-d64 chain: k=6, D=8, p=1-15, pop=100, gens=10, burst=20, seed=42
k,D,p,ctilde,evals,wall_seconds,gamma,beta
# p=1 gen  1: best_d64=0.6424024539  pop=100
# p=1 gen  2: best_d64=0.6424024539  pop=100
# p=1 gen  3: best_d64=0.6424024539  pop=100
# p=1 gen  4: best_d64=0.6424024539  pop=100
# p=1 gen  4: best_d64=0.6424024539  pop=-1
6,8,1,0.642402453911,5777,5.1,2.7217178881047612,1.3943336542950888
# p=2 gen  1: best_d64=0.6956672196  pop=100
# p=2 gen  2: best_d64=0.6956672196  pop=100
# p=2 gen  3: best_d64=0.6956672196  pop=100
# p=2 gen  4: best_d64=0.6956672196  pop=100
# p=2 gen  4: best_d64=0.6956672196  pop=-1
6,8,2,0.695667219631,9866,0.8,2.807360698130897;2.656532573592687,1.3756737778491317;1.4389822978685405
# p=3 gen  1: best_d64=0.7284166907  pop=100
# p=3 gen  2: best_d64=0.7284166907  pop=100
# p=3 gen  3: best_d64=0.7284166907  pop=100
# p=3 gen  4: best_d64=0.7284166907  pop=100
# p=3 gen  4: best_d64=0.7284166907  pop=-1
6,8,3,0.728416690695,12821,1.7,2.847005579096141;5.855260790431245;5.818900945366259,1.3749675730524906;1.4092751793903062;3.029250677718661
# p=4 gen  1: best_d64=0.7508609887  pop=100
# p=4 gen  2: best_d64=0.7508609887  pop=100
# p=4 gen  3: best_d64=0.7508609887  pop=100
# p=4 gen  4: best_d64=0.7508609887  pop=100
# p=4 gen  4: best_d64=0.7508609887  pop=-1
6,8,4,0.750860988673,15327,6.9,2.8700557592251155;5.889906636750545;5.8677450861459866;5.831572105949918,1.378566259169797;1.4066200292714535;2.9906980970531247;3.042223119380521
# p=5 gen  1: best_d64=0.7674887247  pop=100
# p=5 gen  2: best_d64=0.7674887247  pop=100
# p=5 gen  3: best_d64=0.7674887247  pop=100
# p=5 gen  4: best_d64=0.7674887247  pop=100
# p=5 gen  4: best_d64=0.7674887247  pop=-1
6,8,5,0.767488724670,17431,30.3,2.885833301702195;5.910477205099836;5.8988008106783925;5.879431065943342;5.840490487669053,1.3819596991457714;1.408410839133735;2.9855182867234777;2.9974059818253536;3.051872758503943
# p=6 gen  1: best_d64=0.7803714376  pop=100
# p=6 gen  2: best_d64=0.7803714377  pop=100
# p=6 gen  3: best_d64=0.7803714377  pop=100
# p=6 gen  4: best_d64=0.7803714377  pop=100
# p=6 gen  4: best_d64=0.7803714377  pop=-1
6,8,6,0.780371437703,17407,135.1,2.897072436317342;5.925135111457442;5.9171924673358705;5.910546865125832;5.889613909565788;5.846824790304383,1.3849441963190423;1.4114355839750348;2.985662699006095;2.9896310300316626;3.003007291567463;3.059607416939201
# p=7 gen  1: best_d64=0.7906673143  pop=100
# p=7 gen  2: best_d64=0.7906673161  pop=100
# p=7 gen  3: best_d64=0.7906673161  pop=100
# p=7 gen  4: best_d64=0.7906673161  pop=100
# p=7 gen  5: best_d64=0.7906673161  pop=100
# p=7 gen  5: best_d64=0.7906673161  pop=-1
6,8,7,0.790667316068,21908,729.0,2.9056001941139336;5.936442610651561;5.929915563604992;5.928303625975745;5.921796182716241;5.897345190590559;5.85121568802764,1.3876360351973138;1.4144449197307345;2.987658425396536;2.987973348799789;2.992717941517851;3.008206042088205;3.065990156552277
# p=8 gen  1: best_d64=0.7990941823  pop=100
# p=8 gen  2: best_d64=0.7990942359  pop=100
# p=8 gen  3: best_d64=0.7990942359  pop=100
# p=8 gen  4: best_d64=0.7990942359  pop=100
# p=8 gen  5: best_d64=0.7990942359  pop=100
# p=8 gen  5: best_d64=0.7990942359  pop=-1
6,8,8,0.799094235874,19243,3028.1,2.9123435662001826;5.945509947521468;5.939561609225191;5.940518020382278;5.939697420074579;5.93092458841205;5.902981302175875;5.854260925425112,1.3900377790789493;1.4172278122460231;2.9901185908668793;2.9889475360191375;2.9892938325388116;2.9956096301444366;3.013143526861129;3.071357987503065
# p=9 gen  1: best_d64=0.8061214922  pop=100
# p=9 gen  2: best_d64=0.8061222027  pop=100
# p=9 gen  3: best_d64=0.8061222027  pop=100
# p=9 gen  4: best_d64=0.8061222027  pop=100
# p=9 gen  5: best_d64=0.8061222027  pop=100
# p=9 gen  5: best_d64=0.8061222027  pop=-1
6,8,9,0.806122202716,18521,13382.4,2.917833959486781;5.95302068362386;5.947257565369494;5.949581694154002;5.951859411418254;5.94935379549834;5.938050820511281;5.906969631006851;5.856351560229655,1.3921808184937081;1.4197514938441014;2.9925679096760693;2.990750660299281;2.989332234602264;2.990514414136177;2.9985018769850016;3.017855121194675;3.0759608569174435
=== QAOA Double64 Swarm ===
Task:  14 / 15
Pair:  k=6, D=8
Node:  swift-c3dnodesetssd-13
CPUs:  28
Start: Tue Apr 21 20:55:01 UTC 2026
Job:   1357786_14

--- Node diagnostics ---
Hostname: swift-c3dnodesetssd-13
Memory:                  total        used        free      shared  buff/cache   available
Mem:           1.4Ti       9.1Gi       1.4Ti       3.2Mi       2.2Gi       1.4Ti
Disk:     10.17.247.218:/nfsshare   25T   15T  9.1T  62% /home
Julia:    /home/stephenjordan_google_com/julia-1.12.5/bin/julia
Git HEAD: 7b59647

Removing stale results/swarm-d64-k6d8.csv
Checking Julia environment...
Environment ready.

Starting swarm_chain_d64.jl with 28 threads at Tue Apr 21 20:55:14 UTC 2026
# swarm-d64 chain: k=6, D=8, p=1-15, pop=100, gens=10, burst=20, seed=42
k,D,p,ctilde,evals,wall_seconds,gamma,beta
# p=1 gen  1: best_d64=0.6424024539  pop=100
# p=1 gen  2: best_d64=0.6424024539  pop=100
# p=1 gen  3: best_d64=0.6424024539  pop=100
# p=1 gen  4: best_d64=0.6424024539  pop=100
# p=1 gen  4: best_d64=0.6424024539  pop=-1
6,8,1,0.642402453911,5776,5.1,2.7217178881047612,1.3943336542950888
# p=2 gen  1: best_d64=0.6956672196  pop=100
# p=2 gen  2: best_d64=0.6956672196  pop=100
# p=2 gen  3: best_d64=0.6956672196  pop=100
# p=2 gen  4: best_d64=0.6956672196  pop=100
# p=2 gen  4: best_d64=0.6956672196  pop=-1
6,8,2,0.695667219631,9865,0.8,2.807360698130897;2.656532573592687,1.3756737778491317;1.4389822978685405
# p=3 gen  1: best_d64=0.7284166907  pop=100
# p=3 gen  2: best_d64=0.7284166907  pop=100
# p=3 gen  3: best_d64=0.7284166907  pop=100
# p=3 gen  4: best_d64=0.7284166907  pop=100
# p=3 gen  4: best_d64=0.7284166907  pop=-1
6,8,3,0.728416690695,12742,1.6,2.847005579096141;5.855260790431245;5.818900945366259,1.3749675730524906;1.4092751793903062;3.029250677718661
# p=4 gen  1: best_d64=0.7508609887  pop=100
# p=4 gen  2: best_d64=0.7508609887  pop=100
# p=4 gen  3: best_d64=0.7508609887  pop=100
# p=4 gen  4: best_d64=0.7508609887  pop=100
# p=4 gen  4: best_d64=0.7508609887  pop=-1
6,8,4,0.750860988673,15077,6.9,2.8700557592251155;5.889906636750545;5.8677450861459866;5.831572105949918,1.378566259169797;1.4066200292714535;2.9906980970531247;3.042223119380521
# p=5 gen  1: best_d64=0.7674887247  pop=100
# p=5 gen  2: best_d64=0.7674887247  pop=100
# p=5 gen  3: best_d64=0.7674887247  pop=100
# p=5 gen  4: best_d64=0.7674887247  pop=100
# p=5 gen  4: best_d64=0.7674887247  pop=-1
6,8,5,0.767488724670,17373,30.5,2.885833301702195;5.910477205099836;5.8988008106783925;5.879431065943342;5.840490487669053,1.3819596991457714;1.408410839133735;2.9855182867234777;2.9974059818253536;3.051872758503943
# p=6 gen  1: best_d64=0.7803714376  pop=100
# p=6 gen  2: best_d64=0.7803714377  pop=100
# p=6 gen  3: best_d64=0.7803714377  pop=100
# p=6 gen  4: best_d64=0.7803714377  pop=100
# p=6 gen  4: best_d64=0.7803714377  pop=-1
6,8,6,0.780371437703,17407,135.2,2.897072436317342;5.925135111457442;5.9171924673358705;5.910546865125832;5.889613909565788;5.846824790304383,1.3849441963190423;1.4114355839750348;2.985662699006095;2.9896310300316626;3.003007291567463;3.059607416939201
# p=7 gen  1: best_d64=0.7906673143  pop=100
# p=7 gen  2: best_d64=0.7906673161  pop=100
# p=7 gen  3: best_d64=0.7906673161  pop=100
# p=7 gen  4: best_d64=0.7906673161  pop=100
=== QAOA Double64 Swarm ===
Task:  14 / 15
Pair:  k=6, D=8
Node:  swift-c3dnodesetssd-13
CPUs:  28
Start: Tue Apr 21 21:13:32 UTC 2026
Job:   1357786_14

--- Node diagnostics ---
Hostname: swift-c3dnodesetssd-13
Memory:                  total        used        free      shared  buff/cache   available
Mem:           1.4Ti       9.1Gi       1.4Ti       3.3Mi       2.2Gi       1.4Ti
Disk:     10.17.247.218:/nfsshare   25T   15T  9.1T  62% /home
Julia:    /home/stephenjordan_google_com/julia-1.12.5/bin/julia
Git HEAD: 7b59647

Removing stale results/swarm-d64-k6d8.csv
Checking Julia environment...
Environment ready.

Starting swarm_chain_d64.jl with 28 threads at Tue Apr 21 21:13:35 UTC 2026
# swarm-d64 chain: k=6, D=8, p=1-15, pop=100, gens=10, burst=20, seed=42
k,D,p,ctilde,evals,wall_seconds,gamma,beta
# p=1 gen  1: best_d64=0.6424024539  pop=100
# p=1 gen  2: best_d64=0.6424024539  pop=100
# p=1 gen  3: best_d64=0.6424024539  pop=100
# p=1 gen  4: best_d64=0.6424024539  pop=100
# p=1 gen  4: best_d64=0.6424024539  pop=-1
6,8,1,0.642402453911,5775,5.2,2.7217178881047612,1.3943336542950888
# p=2 gen  1: best_d64=0.6956672196  pop=100
# p=2 gen  2: best_d64=0.6956672196  pop=100
# p=2 gen  3: best_d64=0.6956672196  pop=100
# p=2 gen  4: best_d64=0.6956672196  pop=100
# p=2 gen  4: best_d64=0.6956672196  pop=-1
6,8,2,0.695667219631,9866,0.8,2.807360698130897;2.656532573592687,1.3756737778491317;1.4389822978685405
# p=3 gen  1: best_d64=0.7284166907  pop=100
# p=3 gen  2: best_d64=0.7284166907  pop=100
# p=3 gen  3: best_d64=0.7284166907  pop=100
# p=3 gen  4: best_d64=0.7284166907  pop=100
# p=3 gen  4: best_d64=0.7284166907  pop=-1
6,8,3,0.728416690695,12808,1.6,2.847005579096141;5.855260790431245;5.818900945366259,1.3749675730524906;1.4092751793903062;3.029250677718661
# p=4 gen  1: best_d64=0.7508609887  pop=100
# p=4 gen  2: best_d64=0.7508609887  pop=100
# p=4 gen  3: best_d64=0.7508609887  pop=100
# p=4 gen  4: best_d64=0.7508609887  pop=100
# p=4 gen  4: best_d64=0.7508609887  pop=-1
6,8,4,0.750860988673,15328,6.9,2.8700557592251155;5.889906636750545;5.8677450861459866;5.831572105949918,1.378566259169797;1.4066200292714535;2.9906980970531247;3.042223119380521
# p=5 gen  1: best_d64=0.7674887247  pop=100
# p=5 gen  2: best_d64=0.7674887247  pop=100
# p=5 gen  3: best_d64=0.7674887247  pop=100
# p=5 gen  4: best_d64=0.7674887247  pop=100
# p=5 gen  4: best_d64=0.7674887247  pop=-1
6,8,5,0.767488724670,17432,30.3,2.885833301702195;5.910477205099836;5.8988008106783925;5.879431065943342;5.840490487669053,1.3819596991457714;1.408410839133735;2.9855182867234777;2.9974059818253536;3.051872758503943
# p=6 gen  1: best_d64=0.7803714376  pop=100
# p=6 gen  2: best_d64=0.7803714377  pop=100
# p=6 gen  3: best_d64=0.7803714377  pop=100
# p=6 gen  4: best_d64=0.7803714377  pop=100
# p=6 gen  4: best_d64=0.7803714377  pop=-1
6,8,6,0.780371437703,17407,134.6,2.897072436317342;5.925135111457442;5.9171924673358705;5.910546865125832;5.889613909565788;5.846824790304383,1.3849441963190423;1.4114355839750348;2.985662699006095;2.9896310300316626;3.003007291567463;3.059607416939201
# p=7 gen  1: best_d64=0.7906673143  pop=100
# p=7 gen  2: best_d64=0.7906673161  pop=100
# p=7 gen  3: best_d64=0.7906673161  pop=100
# p=7 gen  4: best_d64=0.7906673161  pop=100
# p=7 gen  5: best_d64=0.7906673161  pop=100
# p=7 gen  5: best_d64=0.7906673161  pop=-1
6,8,7,0.790667316068,21907,727.6,2.9056001941139336;5.936442610651561;5.929915563604992;5.928303625975745;5.921796182716241;5.897345190590559;5.85121568802764,1.3876360351973138;1.4144449197307345;2.987658425396536;2.987973348799789;2.992717941517851;3.008206042088205;3.065990156552277
# p=8 gen  1: best_d64=0.7990941823  pop=100
=== QAOA Double64 Swarm ===
Task:  14 / 15
Pair:  k=6, D=8
Node:  swift-c3dnodesetssd-26
CPUs:  28
Start: Tue Apr 21 21:50:01 UTC 2026
Job:   1357786_14

--- Node diagnostics ---
Hostname: swift-c3dnodesetssd-26
Memory:                  total        used        free      shared  buff/cache   available
Mem:           1.4Ti       9.1Gi       1.4Ti       3.3Mi       2.2Gi       1.4Ti
Disk:     10.17.247.218:/nfsshare   25T   15T  9.1T  62% /home
Julia:    /home/stephenjordan_google_com/julia-1.12.5/bin/julia
Git HEAD: 7b59647

Removing stale results/swarm-d64-k6d8.csv
Checking Julia environment...
Environment ready.

Starting swarm_chain_d64.jl with 28 threads at Tue Apr 21 21:50:05 UTC 2026
# swarm-d64 chain: k=6, D=8, p=1-15, pop=100, gens=10, burst=20, seed=42
k,D,p,ctilde,evals,wall_seconds,gamma,beta
# p=1 gen  1: best_d64=0.6424024539  pop=100
# p=1 gen  2: best_d64=0.6424024539  pop=100
# p=1 gen  3: best_d64=0.6424024539  pop=100
# p=1 gen  4: best_d64=0.6424024539  pop=100
# p=1 gen  4: best_d64=0.6424024539  pop=-1
6,8,1,0.642402453911,5777,5.1,2.7217178881047612,1.3943336542950888
# p=2 gen  1: best_d64=0.6956672196  pop=100
# p=2 gen  2: best_d64=0.6956672196  pop=100
# p=2 gen  3: best_d64=0.6956672196  pop=100
# p=2 gen  4: best_d64=0.6956672196  pop=100
# p=2 gen  4: best_d64=0.6956672196  pop=-1
6,8,2,0.695667219631,9865,0.9,2.807360698130897;2.656532573592687,1.3756737778491317;1.4389822978685405
# p=3 gen  1: best_d64=0.7284166907  pop=100
# p=3 gen  2: best_d64=0.7284166907  pop=100
# p=3 gen  3: best_d64=0.7284166907  pop=100
# p=3 gen  4: best_d64=0.7284166907  pop=100
# p=3 gen  4: best_d64=0.7284166907  pop=-1
6,8,3,0.728416690695,12773,1.7,2.847005579096141;5.855260790431245;5.818900945366259,1.3749675730524906;1.4092751793903062;3.029250677718661
# p=4 gen  1: best_d64=0.7508609887  pop=100
# p=4 gen  2: best_d64=0.7508609887  pop=100
# p=4 gen  3: best_d64=0.7508609887  pop=100
# p=4 gen  4: best_d64=0.7508609887  pop=100
# p=4 gen  4: best_d64=0.7508609887  pop=-1
6,8,4,0.750860988673,15328,7.1,2.8700557592251155;5.889906636750545;5.8677450861459866;5.831572105949918,1.378566259169797;1.4066200292714535;2.9906980970531247;3.042223119380521
# p=5 gen  1: best_d64=0.7674887247  pop=100
# p=5 gen  2: best_d64=0.7674887247  pop=100
# p=5 gen  3: best_d64=0.7674887247  pop=100
# p=5 gen  4: best_d64=0.7674887247  pop=100
# p=5 gen  4: best_d64=0.7674887247  pop=-1
6,8,5,0.767488724670,17431,31.1,2.885833301702195;5.910477205099836;5.8988008106783925;5.879431065943342;5.840490487669053,1.3819596991457714;1.408410839133735;2.9855182867234777;2.9974059818253536;3.051872758503943
# p=6 gen  1: best_d64=0.7803714376  pop=100
# p=6 gen  2: best_d64=0.7803714377  pop=100
# p=6 gen  3: best_d64=0.7803714377  pop=100
# p=6 gen  4: best_d64=0.7803714377  pop=100
# p=6 gen  4: best_d64=0.7803714377  pop=-1
6,8,6,0.780371437703,17407,136.9,2.897072436317342;5.925135111457442;5.9171924673358705;5.910546865125832;5.889613909565788;5.846824790304383,1.3849441963190423;1.4114355839750348;2.985662699006095;2.9896310300316626;3.003007291567463;3.059607416939201
# p=7 gen  1: best_d64=0.7906673143  pop=100
# p=7 gen  2: best_d64=0.7906673161  pop=100
# p=7 gen  3: best_d64=0.7906673161  pop=100
# p=7 gen  4: best_d64=0.7906673161  pop=100
# p=7 gen  5: best_d64=0.7906673161  pop=100
# p=7 gen  5: best_d64=0.7906673161  pop=-1
6,8,7,0.790667316068,21836,737.1,2.9056001941139336;5.936442610651561;5.929915563604992;5.928303625975745;5.921796182716241;5.897345190590559;5.85121568802764,1.3876360351973138;1.4144449197307345;2.987658425396536;2.987973348799789;2.992717941517851;3.008206042088205;3.065990156552277
# p=8 gen  1: best_d64=0.7990941823  pop=100
# p=8 gen  2: best_d64=0.7990942359  pop=100
# p=8 gen  3: best_d64=0.7990942359  pop=100
# p=8 gen  4: best_d64=0.7990942359  pop=100
# p=8 gen  5: best_d64=0.7990942359  pop=100
# p=8 gen  5: best_d64=0.7990942359  pop=-1
6,8,8,0.799094235874,19243,3048.0,2.9123435662001826;5.945509947521468;5.939561609225191;5.940518020382278;5.939697420074579;5.93092458841205;5.902981302175875;5.854260925425112,1.3900377790789493;1.4172278122460231;2.9901185908668793;2.9889475360191375;2.9892938325388116;2.9956096301444366;3.013143526861129;3.071357987503065
# p=9 gen  1: best_d64=0.8061214922  pop=100
=== QAOA Double64 Swarm ===
Task:  14 / 15
Pair:  k=6, D=8
Node:  swift-c3dnodesetssd-13
CPUs:  28
Start: Wed Apr 22 00:12:07 UTC 2026
Job:   1357786_14

--- Node diagnostics ---
Hostname: swift-c3dnodesetssd-13
Memory:                  total        used        free      shared  buff/cache   available
Mem:           1.4Ti       9.0Gi       1.4Ti       3.3Mi       2.2Gi       1.4Ti
Disk:     10.17.247.218:/nfsshare   25T   15T  9.1T  62% /home
Julia:    /home/stephenjordan_google_com/julia-1.12.5/bin/julia
Git HEAD: 25cb9d9

Removing stale results/swarm-d64-k6d8.csv
Checking Julia environment...
Environment ready.

Starting swarm_chain_d64.jl with 28 threads at Wed Apr 22 00:12:09 UTC 2026
# swarm-d64 chain: k=6, D=8, p=1-15, pop=100, gens=10, burst=20, seed=42
k,D,p,ctilde,evals,wall_seconds,gamma,beta
# p=1 gen  1: best_d64=0.6424024539  pop=100
# p=1 gen  2: best_d64=0.6424024539  pop=100
# p=1 gen  3: best_d64=0.6424024539  pop=100
# p=1 gen  4: best_d64=0.6424024539  pop=100
# p=1 gen  4: best_d64=0.6424024539  pop=-1
6,8,1,0.642402453911,5777,5.1,2.7217178881047612,1.3943336542950888
# p=2 gen  1: best_d64=0.6956672196  pop=100
# p=2 gen  2: best_d64=0.6956672196  pop=100
# p=2 gen  3: best_d64=0.6956672196  pop=100
# p=2 gen  4: best_d64=0.6956672196  pop=100
# p=2 gen  4: best_d64=0.6956672196  pop=-1
6,8,2,0.695667219631,9865,0.8,2.807360698130897;2.656532573592687,1.3756737778491317;1.4389822978685405
# p=3 gen  1: best_d64=0.7284166907  pop=100
# p=3 gen  2: best_d64=0.7284166907  pop=100
# p=3 gen  3: best_d64=0.7284166907  pop=100
# p=3 gen  4: best_d64=0.7284166907  pop=100
# p=3 gen  4: best_d64=0.7284166907  pop=-1
6,8,3,0.728416690695,12830,1.6,2.847005579096141;5.855260790431245;5.818900945366259,1.3749675730524906;1.4092751793903062;3.029250677718661
# p=4 gen  1: best_d64=0.7508609887  pop=100
# p=4 gen  2: best_d64=0.7508609887  pop=100
# p=4 gen  3: best_d64=0.7508609887  pop=100
# p=4 gen  4: best_d64=0.7508609887  pop=100
# p=4 gen  4: best_d64=0.7508609887  pop=-1
6,8,4,0.750860988673,15319,7.0,2.8700557592251155;5.889906636750545;5.8677450861459866;5.831572105949918,1.378566259169797;1.4066200292714535;2.9906980970531247;3.042223119380521
# p=5 gen  1: best_d64=0.7674887247  pop=100
# p=5 gen  2: best_d64=0.7674887247  pop=100
# p=5 gen  3: best_d64=0.7674887247  pop=100
# p=5 gen  4: best_d64=0.7674887247  pop=100
# p=5 gen  4: best_d64=0.7674887247  pop=-1
6,8,5,0.767488724670,17430,30.7,2.885833301702195;5.910477205099836;5.8988008106783925;5.879431065943342;5.840490487669053,1.3819596991457714;1.408410839133735;2.9855182867234777;2.9974059818253536;3.051872758503943
# p=6 gen  1: best_d64=0.7803714376  pop=100
# p=6 gen  2: best_d64=0.7803714377  pop=100
# p=6 gen  3: best_d64=0.7803714377  pop=100
# p=6 gen  4: best_d64=0.7803714377  pop=100
# p=6 gen  4: best_d64=0.7803714377  pop=-1
6,8,6,0.780371437703,17407,135.8,2.897072436317342;5.925135111457442;5.9171924673358705;5.910546865125832;5.889613909565788;5.846824790304383,1.3849441963190423;1.4114355839750348;2.985662699006095;2.9896310300316626;3.003007291567463;3.059607416939201
# p=7 gen  1: best_d64=0.7906673143  pop=100
# p=7 gen  2: best_d64=0.7906673161  pop=100
# p=7 gen  3: best_d64=0.7906673161  pop=100
# p=7 gen  4: best_d64=0.7906673161  pop=100
# p=7 gen  5: best_d64=0.7906673161  pop=100
# p=7 gen  5: best_d64=0.7906673161  pop=-1
6,8,7,0.790667316068,21908,732.0,2.9056001941139336;5.936442610651561;5.929915563604992;5.928303625975745;5.921796182716241;5.897345190590559;5.85121568802764,1.3876360351973138;1.4144449197307345;2.987658425396536;2.987973348799789;2.992717941517851;3.008206042088205;3.065990156552277
# p=8 gen  1: best_d64=0.7990941823  pop=100
=== QAOA Double64 Swarm ===
Task:  14 / 15
Pair:  k=6, D=8
Node:  swift-c3dnodesetssd-11
CPUs:  28
Start: Wed Apr 22 00:45:07 UTC 2026
Job:   1357786_14

--- Node diagnostics ---
Hostname: swift-c3dnodesetssd-11
Memory:                  total        used        free      shared  buff/cache   available
Mem:           1.4Ti       9.1Gi       1.4Ti       3.3Mi       2.3Gi       1.4Ti
Disk:     10.17.247.218:/nfsshare   25T   15T  9.1T  62% /home
Julia:    /home/stephenjordan_google_com/julia-1.12.5/bin/julia
Git HEAD: 25cb9d9

Removing stale results/swarm-d64-k6d8.csv
Checking Julia environment...
Environment ready.

Starting swarm_chain_d64.jl with 28 threads at Wed Apr 22 00:45:10 UTC 2026
# swarm-d64 chain: k=6, D=8, p=1-15, pop=100, gens=10, burst=20, seed=42
k,D,p,ctilde,evals,wall_seconds,gamma,beta
# p=1 gen  1: best_d64=0.6424024539  pop=100
# p=1 gen  2: best_d64=0.6424024539  pop=100
# p=1 gen  3: best_d64=0.6424024539  pop=100
# p=1 gen  4: best_d64=0.6424024539  pop=100
# p=1 gen  4: best_d64=0.6424024539  pop=-1
6,8,1,0.642402453911,5777,5.2,2.7217178881047612,1.3943336542950888
# p=2 gen  1: best_d64=0.6956672196  pop=100
# p=2 gen  2: best_d64=0.6956672196  pop=100
# p=2 gen  3: best_d64=0.6956672196  pop=100
# p=2 gen  4: best_d64=0.6956672196  pop=100
# p=2 gen  4: best_d64=0.6956672196  pop=-1
6,8,2,0.695667219631,9865,0.8,2.807360698130897;2.656532573592687,1.3756737778491317;1.4389822978685405
# p=3 gen  1: best_d64=0.7284166907  pop=100
# p=3 gen  2: best_d64=0.7284166907  pop=100
# p=3 gen  3: best_d64=0.7284166907  pop=100
# p=3 gen  4: best_d64=0.7284166907  pop=100
# p=3 gen  4: best_d64=0.7284166907  pop=-1
6,8,3,0.728416690695,12795,1.6,2.847005579096141;5.855260790431245;5.818900945366259,1.3749675730524906;1.4092751793903062;3.029250677718661
# p=4 gen  1: best_d64=0.7508609887  pop=100
# p=4 gen  2: best_d64=0.7508609887  pop=100
# p=4 gen  3: best_d64=0.7508609887  pop=100
# p=4 gen  4: best_d64=0.7508609887  pop=100
# p=4 gen  4: best_d64=0.7508609887  pop=-1
6,8,4,0.750860988673,15284,7.0,2.8700557592251155;5.889906636750545;5.8677450861459866;5.831572105949918,1.378566259169797;1.4066200292714535;2.9906980970531247;3.042223119380521
# p=5 gen  1: best_d64=0.7674887247  pop=100
# p=5 gen  2: best_d64=0.7674887247  pop=100
# p=5 gen  3: best_d64=0.7674887247  pop=100
# p=5 gen  4: best_d64=0.7674887247  pop=100
# p=5 gen  4: best_d64=0.7674887247  pop=-1
6,8,5,0.767488724670,17431,30.5,2.885833301702195;5.910477205099836;5.8988008106783925;5.879431065943342;5.840490487669053,1.3819596991457714;1.408410839133735;2.9855182867234777;2.9974059818253536;3.051872758503943
# p=6 gen  1: best_d64=0.7803714376  pop=100
# p=6 gen  2: best_d64=0.7803714377  pop=100
# p=6 gen  3: best_d64=0.7803714377  pop=100
# p=6 gen  4: best_d64=0.7803714377  pop=100
# p=6 gen  4: best_d64=0.7803714377  pop=-1
6,8,6,0.780371437703,17407,135.5,2.897072436317342;5.925135111457442;5.9171924673358705;5.910546865125832;5.889613909565788;5.846824790304383,1.3849441963190423;1.4114355839750348;2.985662699006095;2.9896310300316626;3.003007291567463;3.059607416939201
# p=7 gen  1: best_d64=0.7906673143  pop=100
# p=7 gen  2: best_d64=0.7906673161  pop=100
# p=7 gen  3: best_d64=0.7906673161  pop=100
# p=7 gen  4: best_d64=0.7906673161  pop=100
# p=7 gen  5: best_d64=0.7906673161  pop=100
# p=7 gen  5: best_d64=0.7906673161  pop=-1
6,8,7,0.790667316068,21908,730.3,2.9056001941139336;5.936442610651561;5.929915563604992;5.928303625975745;5.921796182716241;5.897345190590559;5.85121568802764,1.3876360351973138;1.4144449197307345;2.987658425396536;2.987973348799789;2.992717941517851;3.008206042088205;3.065990156552277
# p=8 gen  1: best_d64=0.7990941823  pop=100
# p=8 gen  2: best_d64=0.7990942359  pop=100
=== QAOA Double64 Swarm ===
Task:  14 / 15
Pair:  k=6, D=8
Node:  swift-c3dnodesetssd-13
CPUs:  28
Start: Wed Apr 22 01:33:39 UTC 2026
Job:   1357786_14

--- Node diagnostics ---
Hostname: swift-c3dnodesetssd-13
Memory:                  total        used        free      shared  buff/cache   available
Mem:           1.4Ti       9.0Gi       1.4Ti       3.3Mi       2.2Gi       1.4Ti
Disk:     10.17.247.218:/nfsshare   25T   15T  9.1T  62% /home
Julia:    /home/stephenjordan_google_com/julia-1.12.5/bin/julia
Git HEAD: 25cb9d9

Removing stale results/swarm-d64-k6d8.csv
Checking Julia environment...
Environment ready.

Starting swarm_chain_d64.jl with 28 threads at Wed Apr 22 01:33:42 UTC 2026
# swarm-d64 chain: k=6, D=8, p=1-15, pop=100, gens=10, burst=20, seed=42
k,D,p,ctilde,evals,wall_seconds,gamma,beta
# p=1 gen  1: best_d64=0.6424024539  pop=100
# p=1 gen  2: best_d64=0.6424024539  pop=100
# p=1 gen  3: best_d64=0.6424024539  pop=100
# p=1 gen  4: best_d64=0.6424024539  pop=100
# p=1 gen  4: best_d64=0.6424024539  pop=-1
6,8,1,0.642402453911,5778,5.2,2.7217178881047612,1.3943336542950888
# p=2 gen  1: best_d64=0.6956672196  pop=100
# p=2 gen  2: best_d64=0.6956672196  pop=100
# p=2 gen  3: best_d64=0.6956672196  pop=100
# p=2 gen  4: best_d64=0.6956672196  pop=100
# p=2 gen  4: best_d64=0.6956672196  pop=-1
6,8,2,0.695667219631,9864,0.9,2.807360698130897;2.656532573592687,1.3756737778491317;1.4389822978685405
# p=3 gen  1: best_d64=0.7284166907  pop=100
# p=3 gen  2: best_d64=0.7284166907  pop=100
# p=3 gen  3: best_d64=0.7284166907  pop=100
# p=3 gen  4: best_d64=0.7284166907  pop=100
# p=3 gen  4: best_d64=0.7284166907  pop=-1
6,8,3,0.728416690695,12678,1.7,2.847005579096141;5.855260790431245;5.818900945366259,1.3749675730524906;1.4092751793903062;3.029250677718661
# p=4 gen  1: best_d64=0.7508609887  pop=100
# p=4 gen  2: best_d64=0.7508609887  pop=100
# p=4 gen  3: best_d64=0.7508609887  pop=100
# p=4 gen  4: best_d64=0.7508609887  pop=100
# p=4 gen  4: best_d64=0.7508609887  pop=-1
6,8,4,0.750860988673,15327,7.0,2.8700557592251155;5.889906636750545;5.8677450861459866;5.831572105949918,1.378566259169797;1.4066200292714535;2.9906980970531247;3.042223119380521
# p=5 gen  1: best_d64=0.7674887247  pop=100
# p=5 gen  2: best_d64=0.7674887247  pop=100
# p=5 gen  3: best_d64=0.7674887247  pop=100
# p=5 gen  4: best_d64=0.7674887247  pop=100
# p=5 gen  4: best_d64=0.7674887247  pop=-1
6,8,5,0.767488724670,17432,30.3,2.885833301702195;5.910477205099836;5.8988008106783925;5.879431065943342;5.840490487669053,1.3819596991457714;1.408410839133735;2.9855182867234777;2.9974059818253536;3.051872758503943
# p=6 gen  1: best_d64=0.7803714376  pop=100
# p=6 gen  2: best_d64=0.7803714377  pop=100
# p=6 gen  3: best_d64=0.7803714377  pop=100
# p=6 gen  4: best_d64=0.7803714377  pop=100
# p=6 gen  4: best_d64=0.7803714377  pop=-1
6,8,6,0.780371437703,17402,134.3,2.897072436317342;5.925135111457442;5.9171924673358705;5.910546865125832;5.889613909565788;5.846824790304383,1.3849441963190423;1.4114355839750348;2.985662699006095;2.9896310300316626;3.003007291567463;3.059607416939201
# p=7 gen  1: best_d64=0.7906673143  pop=100
# p=7 gen  2: best_d64=0.7906673161  pop=100
# p=7 gen  3: best_d64=0.7906673161  pop=100
# p=7 gen  4: best_d64=0.7906673161  pop=100
=== QAOA Double64 Swarm ===
Task:  14 / 15
Pair:  k=6, D=8
Node:  swift-c3dnodesetssd-13
CPUs:  28
Start: Wed Apr 22 01:51:40 UTC 2026
Job:   1357786_14

--- Node diagnostics ---
Hostname: swift-c3dnodesetssd-13
Memory:                  total        used        free      shared  buff/cache   available
Mem:           1.4Ti       9.1Gi       1.4Ti       3.3Mi       2.4Gi       1.4Ti
Disk:     10.17.247.218:/nfsshare   25T   15T  9.1T  62% /home
Julia:    /home/stephenjordan_google_com/julia-1.12.5/bin/julia
Git HEAD: 25cb9d9

Removing stale results/swarm-d64-k6d8.csv
Checking Julia environment...
Environment ready.

Starting swarm_chain_d64.jl with 28 threads at Wed Apr 22 01:51:42 UTC 2026
# swarm-d64 chain: k=6, D=8, p=1-15, pop=100, gens=10, burst=20, seed=42
k,D,p,ctilde,evals,wall_seconds,gamma,beta
# p=1 gen  1: best_d64=0.6424024539  pop=100
# p=1 gen  2: best_d64=0.6424024539  pop=100
# p=1 gen  3: best_d64=0.6424024539  pop=100
# p=1 gen  4: best_d64=0.6424024539  pop=100
# p=1 gen  4: best_d64=0.6424024539  pop=-1
6,8,1,0.642402453911,5776,5.2,2.7217178881047612,1.3943336542950888
# p=2 gen  1: best_d64=0.6956672196  pop=100
# p=2 gen  2: best_d64=0.6956672196  pop=100
# p=2 gen  3: best_d64=0.6956672196  pop=100
# p=2 gen  4: best_d64=0.6956672196  pop=100
# p=2 gen  4: best_d64=0.6956672196  pop=-1
6,8,2,0.695667219631,9866,0.8,2.807360698130897;2.656532573592687,1.3756737778491317;1.4389822978685405
# p=3 gen  1: best_d64=0.7284166907  pop=100
# p=3 gen  2: best_d64=0.7284166907  pop=100
# p=3 gen  3: best_d64=0.7284166907  pop=100
# p=3 gen  4: best_d64=0.7284166907  pop=100
# p=3 gen  4: best_d64=0.7284166907  pop=-1
6,8,3,0.728416690695,12703,1.6,2.847005579096141;5.855260790431245;5.818900945366259,1.3749675730524906;1.4092751793903062;3.029250677718661
# p=4 gen  1: best_d64=0.7508609887  pop=100
# p=4 gen  2: best_d64=0.7508609887  pop=100
# p=4 gen  3: best_d64=0.7508609887  pop=100
# p=4 gen  4: best_d64=0.7508609887  pop=100
# p=4 gen  4: best_d64=0.7508609887  pop=-1
6,8,4,0.750860988673,15324,6.9,2.8700557592251155;5.889906636750545;5.8677450861459866;5.831572105949918,1.378566259169797;1.4066200292714535;2.9906980970531247;3.042223119380521
# p=5 gen  1: best_d64=0.7674887247  pop=100
# p=5 gen  2: best_d64=0.7674887247  pop=100
# p=5 gen  3: best_d64=0.7674887247  pop=100
# p=5 gen  4: best_d64=0.7674887247  pop=100
# p=5 gen  4: best_d64=0.7674887247  pop=-1
6,8,5,0.767488724670,17432,30.5,2.885833301702195;5.910477205099836;5.8988008106783925;5.879431065943342;5.840490487669053,1.3819596991457714;1.408410839133735;2.9855182867234777;2.9974059818253536;3.051872758503943
# p=6 gen  1: best_d64=0.7803714376  pop=100
# p=6 gen  2: best_d64=0.7803714377  pop=100
# p=6 gen  3: best_d64=0.7803714377  pop=100
# p=6 gen  4: best_d64=0.7803714377  pop=100
# p=6 gen  4: best_d64=0.7803714377  pop=-1
6,8,6,0.780371437703,17407,135.7,2.897072436317342;5.925135111457442;5.9171924673358705;5.910546865125832;5.889613909565788;5.846824790304383,1.3849441963190423;1.4114355839750348;2.985662699006095;2.9896310300316626;3.003007291567463;3.059607416939201
# p=7 gen  1: best_d64=0.7906673143  pop=100
# p=7 gen  2: best_d64=0.7906673161  pop=100
# p=7 gen  3: best_d64=0.7906673161  pop=100
# p=7 gen  4: best_d64=0.7906673161  pop=100
# p=7 gen  5: best_d64=0.7906673161  pop=100
# p=7 gen  5: best_d64=0.7906673161  pop=-1
6,8,7,0.790667316068,21908,733.1,2.9056001941139336;5.936442610651561;5.929915563604992;5.928303625975745;5.921796182716241;5.897345190590559;5.85121568802764,1.3876360351973138;1.4144449197307345;2.987658425396536;2.987973348799789;2.992717941517851;3.008206042088205;3.065990156552277
# p=8 gen  1: best_d64=0.7990941823  pop=100
# p=8 gen  2: best_d64=0.7990942359  pop=100
# p=8 gen  3: best_d64=0.7990942359  pop=100
# p=8 gen  4: best_d64=0.7990942359  pop=100
# p=8 gen  5: best_d64=0.7990942359  pop=100
# p=8 gen  5: best_d64=0.7990942359  pop=-1
6,8,8,0.799094235874,19243,3032.2,2.9123435662001826;5.945509947521468;5.939561609225191;5.940518020382278;5.939697420074579;5.93092458841205;5.902981302175875;5.854260925425112,1.3900377790789493;1.4172278122460231;2.9901185908668793;2.9889475360191375;2.9892938325388116;2.9956096301444366;3.013143526861129;3.071357987503065
=== QAOA Double64 Swarm ===
Task:  14 / 15
Pair:  k=6, D=8
Node:  swift-c3dnodesetssd-13
CPUs:  28
Start: Wed Apr 22 03:40:10 UTC 2026
Job:   1357786_14

--- Node diagnostics ---
Hostname: swift-c3dnodesetssd-13
Memory:                  total        used        free      shared  buff/cache   available
Mem:           1.4Ti       9.1Gi       1.4Ti       3.3Mi       2.2Gi       1.4Ti
Disk:     10.17.247.218:/nfsshare   25T   15T  9.1T  62% /home
Julia:    /home/stephenjordan_google_com/julia-1.12.5/bin/julia
Git HEAD: 25cb9d9

Removing stale results/swarm-d64-k6d8.csv
Checking Julia environment...
Environment ready.

Starting swarm_chain_d64.jl with 28 threads at Wed Apr 22 03:40:12 UTC 2026
# swarm-d64 chain: k=6, D=8, p=1-15, pop=100, gens=10, burst=20, seed=42
k,D,p,ctilde,evals,wall_seconds,gamma,beta
# p=1 gen  1: best_d64=0.6424024539  pop=100
# p=1 gen  2: best_d64=0.6424024539  pop=100
# p=1 gen  3: best_d64=0.6424024539  pop=100
# p=1 gen  4: best_d64=0.6424024539  pop=100
# p=1 gen  4: best_d64=0.6424024539  pop=-1
6,8,1,0.642402453911,5777,5.2,2.7217178881047612,1.3943336542950888
# p=2 gen  1: best_d64=0.6956672196  pop=100
# p=2 gen  2: best_d64=0.6956672196  pop=100
# p=2 gen  3: best_d64=0.6956672196  pop=100
# p=2 gen  4: best_d64=0.6956672196  pop=100
# p=2 gen  4: best_d64=0.6956672196  pop=-1
6,8,2,0.695667219631,9866,0.8,2.807360698130897;2.656532573592687,1.3756737778491317;1.4389822978685405
# p=3 gen  1: best_d64=0.7284166907  pop=100
# p=3 gen  2: best_d64=0.7284166907  pop=100
# p=3 gen  3: best_d64=0.7284166907  pop=100
# p=3 gen  4: best_d64=0.7284166907  pop=100
# p=3 gen  4: best_d64=0.7284166907  pop=-1
6,8,3,0.728416690695,12781,1.6,2.847005579096141;5.855260790431245;5.818900945366259,1.3749675730524906;1.4092751793903062;3.029250677718661
# p=4 gen  1: best_d64=0.7508609887  pop=100
# p=4 gen  2: best_d64=0.7508609887  pop=100
# p=4 gen  3: best_d64=0.7508609887  pop=100
# p=4 gen  4: best_d64=0.7508609887  pop=100
# p=4 gen  4: best_d64=0.7508609887  pop=-1
6,8,4,0.750860988673,15246,7.0,2.8700557592251155;5.889906636750545;5.8677450861459866;5.831572105949918,1.378566259169797;1.4066200292714535;2.9906980970531247;3.042223119380521
# p=5 gen  1: best_d64=0.7674887247  pop=100
# p=5 gen  2: best_d64=0.7674887247  pop=100
# p=5 gen  3: best_d64=0.7674887247  pop=100
# p=5 gen  4: best_d64=0.7674887247  pop=100
# p=5 gen  4: best_d64=0.7674887247  pop=-1
6,8,5,0.767488724670,17426,30.5,2.885833301702195;5.910477205099836;5.8988008106783925;5.879431065943342;5.840490487669053,1.3819596991457714;1.408410839133735;2.9855182867234777;2.9974059818253536;3.051872758503943
# p=6 gen  1: best_d64=0.7803714376  pop=100
# p=6 gen  2: best_d64=0.7803714377  pop=100
# p=6 gen  3: best_d64=0.7803714377  pop=100
# p=6 gen  4: best_d64=0.7803714377  pop=100
# p=6 gen  4: best_d64=0.7803714377  pop=-1
6,8,6,0.780371437703,17406,134.6,2.897072436317342;5.925135111457442;5.9171924673358705;5.910546865125832;5.889613909565788;5.846824790304383,1.3849441963190423;1.4114355839750348;2.985662699006095;2.9896310300316626;3.003007291567463;3.059607416939201
# p=7 gen  1: best_d64=0.7906673143  pop=100
# p=7 gen  2: best_d64=0.7906673161  pop=100
# p=7 gen  3: best_d64=0.7906673161  pop=100
# p=7 gen  4: best_d64=0.7906673161  pop=100
=== QAOA Double64 Swarm ===
Task:  14 / 15
Pair:  k=6, D=8
Node:  swift-c3dnodesetssd-13
CPUs:  28
Start: Wed Apr 22 03:59:09 UTC 2026
Job:   1357786_14

--- Node diagnostics ---
Hostname: swift-c3dnodesetssd-13
Memory:                  total        used        free      shared  buff/cache   available
Mem:           1.4Ti       9.2Gi       1.4Ti       3.3Mi       2.3Gi       1.4Ti
Disk:     10.17.247.218:/nfsshare   25T   15T  9.1T  62% /home
Julia:    /home/stephenjordan_google_com/julia-1.12.5/bin/julia
Git HEAD: 25cb9d9

Removing stale results/swarm-d64-k6d8.csv
Checking Julia environment...
Environment ready.

Starting swarm_chain_d64.jl with 28 threads at Wed Apr 22 03:59:11 UTC 2026
# swarm-d64 chain: k=6, D=8, p=1-15, pop=100, gens=10, burst=20, seed=42
k,D,p,ctilde,evals,wall_seconds,gamma,beta
# p=1 gen  1: best_d64=0.6424024539  pop=100
# p=1 gen  2: best_d64=0.6424024539  pop=100
# p=1 gen  3: best_d64=0.6424024539  pop=100
# p=1 gen  4: best_d64=0.6424024539  pop=100
# p=1 gen  4: best_d64=0.6424024539  pop=-1
6,8,1,0.642402453911,5774,5.1,2.7217178881047612,1.3943336542950888
# p=2 gen  1: best_d64=0.6956672196  pop=100
# p=2 gen  2: best_d64=0.6956672196  pop=100
# p=2 gen  3: best_d64=0.6956672196  pop=100
# p=2 gen  4: best_d64=0.6956672196  pop=100
# p=2 gen  4: best_d64=0.6956672196  pop=-1
6,8,2,0.695667219631,9865,0.9,2.807360698130897;2.656532573592687,1.3756737778491317;1.4389822978685405
# p=3 gen  1: best_d64=0.7284166907  pop=100
# p=3 gen  2: best_d64=0.7284166907  pop=100
# p=3 gen  3: best_d64=0.7284166907  pop=100
# p=3 gen  4: best_d64=0.7284166907  pop=100
# p=3 gen  4: best_d64=0.7284166907  pop=-1
6,8,3,0.728416690695,12831,1.6,2.847005579096141;5.855260790431245;5.818900945366259,1.3749675730524906;1.4092751793903062;3.029250677718661
# p=4 gen  1: best_d64=0.7508609887  pop=100
# p=4 gen  2: best_d64=0.7508609887  pop=100
# p=4 gen  3: best_d64=0.7508609887  pop=100
# p=4 gen  4: best_d64=0.7508609887  pop=100
# p=4 gen  4: best_d64=0.7508609887  pop=-1
6,8,4,0.750860988673,15299,6.9,2.8700557592251155;5.889906636750545;5.8677450861459866;5.831572105949918,1.378566259169797;1.4066200292714535;2.9906980970531247;3.042223119380521
# p=5 gen  1: best_d64=0.7674887247  pop=100
# p=5 gen  2: best_d64=0.7674887247  pop=100
# p=5 gen  3: best_d64=0.7674887247  pop=100
# p=5 gen  4: best_d64=0.7674887247  pop=100
# p=5 gen  4: best_d64=0.7674887247  pop=-1
6,8,5,0.767488724670,17431,30.5,2.885833301702195;5.910477205099836;5.8988008106783925;5.879431065943342;5.840490487669053,1.3819596991457714;1.408410839133735;2.9855182867234777;2.9974059818253536;3.051872758503943
# p=6 gen  1: best_d64=0.7803714376  pop=100
# p=6 gen  2: best_d64=0.7803714377  pop=100
# p=6 gen  3: best_d64=0.7803714377  pop=100
# p=6 gen  4: best_d64=0.7803714377  pop=100
# p=6 gen  4: best_d64=0.7803714377  pop=-1
6,8,6,0.780371437703,17406,135.2,2.897072436317342;5.925135111457442;5.9171924673358705;5.910546865125832;5.889613909565788;5.846824790304383,1.3849441963190423;1.4114355839750348;2.985662699006095;2.9896310300316626;3.003007291567463;3.059607416939201
# p=7 gen  1: best_d64=0.7906673143  pop=100
# p=7 gen  2: best_d64=0.7906673161  pop=100
# p=7 gen  3: best_d64=0.7906673161  pop=100
# p=7 gen  4: best_d64=0.7906673161  pop=100
# p=7 gen  5: best_d64=0.7906673161  pop=100
# p=7 gen  5: best_d64=0.7906673161  pop=-1
6,8,7,0.790667316068,21908,729.9,2.9056001941139336;5.936442610651561;5.929915563604992;5.928303625975745;5.921796182716241;5.897345190590559;5.85121568802764,1.3876360351973138;1.4144449197307345;2.987658425396536;2.987973348799789;2.992717941517851;3.008206042088205;3.065990156552277
# p=8 gen  1: best_d64=0.7990941823  pop=100
# p=8 gen  2: best_d64=0.7990942359  pop=100
# p=8 gen  3: best_d64=0.7990942359  pop=100
# p=8 gen  4: best_d64=0.7990942359  pop=100
# p=8 gen  5: best_d64=0.7990942359  pop=100
# p=8 gen  5: best_d64=0.7990942359  pop=-1
6,8,8,0.799094235874,19243,3033.9,2.9123435662001826;5.945509947521468;5.939561609225191;5.940518020382278;5.939697420074579;5.93092458841205;5.902981302175875;5.854260925425112,1.3900377790789493;1.4172278122460231;2.9901185908668793;2.9889475360191375;2.9892938325388116;2.9956096301444366;3.013143526861129;3.071357987503065
# p=9 gen  1: best_d64=0.8061214922  pop=100
# p=9 gen  2: best_d64=0.8061222027  pop=100
# p=9 gen  3: best_d64=0.8061222027  pop=100
# p=9 gen  4: best_d64=0.8061222027  pop=100
=== QAOA Double64 Swarm ===
Task:  14 / 15
Pair:  k=6, D=8
Node:  swift-c3dnodesetssd-19
CPUs:  28
Start: Wed Apr 22 08:34:41 UTC 2026
Job:   1357786_14

--- Node diagnostics ---
Hostname: swift-c3dnodesetssd-19
Memory:                  total        used        free      shared  buff/cache   available
Mem:           1.4Ti       9.1Gi       1.4Ti       3.3Mi       2.2Gi       1.4Ti
Disk:     10.17.247.218:/nfsshare   25T   15T  9.1T  62% /home
Julia:    /home/stephenjordan_google_com/julia-1.12.5/bin/julia
Git HEAD: 25cb9d9

Removing stale results/swarm-d64-k6d8.csv
Checking Julia environment...
Environment ready.

Starting swarm_chain_d64.jl with 28 threads at Wed Apr 22 08:34:46 UTC 2026
# swarm-d64 chain: k=6, D=8, p=1-15, pop=100, gens=10, burst=20, seed=42
k,D,p,ctilde,evals,wall_seconds,gamma,beta
# p=1 gen  1: best_d64=0.6424024539  pop=100
# p=1 gen  2: best_d64=0.6424024539  pop=100
# p=1 gen  3: best_d64=0.6424024539  pop=100
# p=1 gen  4: best_d64=0.6424024539  pop=100
# p=1 gen  4: best_d64=0.6424024539  pop=-1
6,8,1,0.642402453911,5742,5.2,2.7217178881047612,1.3943336542950888
# p=2 gen  1: best_d64=0.6956672196  pop=100
# p=2 gen  2: best_d64=0.6956672196  pop=100
# p=2 gen  3: best_d64=0.6956672196  pop=100
# p=2 gen  4: best_d64=0.6956672196  pop=100
# p=2 gen  4: best_d64=0.6956672196  pop=-1
6,8,2,0.695667219631,9866,0.8,2.807360698130897;2.656532573592687,1.3756737778491317;1.4389822978685405
# p=3 gen  1: best_d64=0.7284166907  pop=100
# p=3 gen  2: best_d64=0.7284166907  pop=100
# p=3 gen  3: best_d64=0.7284166907  pop=100
# p=3 gen  4: best_d64=0.7284166907  pop=100
# p=3 gen  4: best_d64=0.7284166907  pop=-1
6,8,3,0.728416690695,12731,1.6,2.847005579096141;5.855260790431245;5.818900945366259,1.3749675730524906;1.4092751793903062;3.029250677718661
# p=4 gen  1: best_d64=0.7508609887  pop=100
# p=4 gen  2: best_d64=0.7508609887  pop=100
# p=4 gen  3: best_d64=0.7508609887  pop=100
# p=4 gen  4: best_d64=0.7508609887  pop=100
# p=4 gen  4: best_d64=0.7508609887  pop=-1
6,8,4,0.750860988673,15326,6.9,2.8700557592251155;5.889906636750545;5.8677450861459866;5.831572105949918,1.378566259169797;1.4066200292714535;2.9906980970531247;3.042223119380521
# p=5 gen  1: best_d64=0.7674887247  pop=100
# p=5 gen  2: best_d64=0.7674887247  pop=100
# p=5 gen  3: best_d64=0.7674887247  pop=100
# p=5 gen  4: best_d64=0.7674887247  pop=100
# p=5 gen  4: best_d64=0.7674887247  pop=-1
6,8,5,0.767488724670,17431,30.5,2.885833301702195;5.910477205099836;5.8988008106783925;5.879431065943342;5.840490487669053,1.3819596991457714;1.408410839133735;2.9855182867234777;2.9974059818253536;3.051872758503943
# p=6 gen  1: best_d64=0.7803714376  pop=100
# p=6 gen  2: best_d64=0.7803714377  pop=100
# p=6 gen  3: best_d64=0.7803714377  pop=100
# p=6 gen  4: best_d64=0.7803714377  pop=100
# p=6 gen  4: best_d64=0.7803714377  pop=-1
6,8,6,0.780371437703,17407,135.0,2.897072436317342;5.925135111457442;5.9171924673358705;5.910546865125832;5.889613909565788;5.846824790304383,1.3849441963190423;1.4114355839750348;2.985662699006095;2.9896310300316626;3.003007291567463;3.059607416939201
# p=7 gen  1: best_d64=0.7906673143  pop=100
# p=7 gen  2: best_d64=0.7906673161  pop=100
# p=7 gen  3: best_d64=0.7906673161  pop=100
=== QAOA Double64 Swarm ===
Task:  14 / 15
Pair:  k=6, D=8
Node:  swift-c3dnodesetssd-13
CPUs:  28
Start: Wed Apr 22 08:50:42 UTC 2026
Job:   1357786_14

--- Node diagnostics ---
Hostname: swift-c3dnodesetssd-13
Memory:                  total        used        free      shared  buff/cache   available
Mem:           1.4Ti       9.1Gi       1.4Ti       3.3Mi       2.2Gi       1.4Ti
Disk:     10.17.247.218:/nfsshare   25T   15T  9.1T  62% /home
Julia:    /home/stephenjordan_google_com/julia-1.12.5/bin/julia
Git HEAD: 25cb9d9

Removing stale results/swarm-d64-k6d8.csv
Checking Julia environment...
Environment ready.

Starting swarm_chain_d64.jl with 28 threads at Wed Apr 22 08:50:51 UTC 2026
# swarm-d64 chain: k=6, D=8, p=1-15, pop=100, gens=10, burst=20, seed=42
k,D,p,ctilde,evals,wall_seconds,gamma,beta
# p=1 gen  1: best_d64=0.6424024539  pop=100
# p=1 gen  2: best_d64=0.6424024539  pop=100
# p=1 gen  3: best_d64=0.6424024539  pop=100
# p=1 gen  4: best_d64=0.6424024539  pop=100
# p=1 gen  4: best_d64=0.6424024539  pop=-1
6,8,1,0.642402453911,5753,5.3,2.7217178881047612,1.3943336542950888
# p=2 gen  1: best_d64=0.6956672196  pop=100
# p=2 gen  2: best_d64=0.6956672196  pop=100
# p=2 gen  3: best_d64=0.6956672196  pop=100
# p=2 gen  4: best_d64=0.6956672196  pop=100
# p=2 gen  4: best_d64=0.6956672196  pop=-1
6,8,2,0.695667219631,9861,0.9,2.807360698130897;2.656532573592687,1.3756737778491317;1.4389822978685405
# p=3 gen  1: best_d64=0.7284166907  pop=100
# p=3 gen  2: best_d64=0.7284166907  pop=100
# p=3 gen  3: best_d64=0.7284166907  pop=100
# p=3 gen  4: best_d64=0.7284166907  pop=100
# p=3 gen  4: best_d64=0.7284166907  pop=-1
6,8,3,0.728416690695,12823,1.8,2.847005579096141;5.855260790431245;5.818900945366259,1.3749675730524906;1.4092751793903062;3.029250677718661
# p=4 gen  1: best_d64=0.7508609887  pop=100
# p=4 gen  2: best_d64=0.7508609887  pop=100
# p=4 gen  3: best_d64=0.7508609887  pop=100
# p=4 gen  4: best_d64=0.7508609887  pop=100
# p=4 gen  4: best_d64=0.7508609887  pop=-1
6,8,4,0.750860988673,15328,7.1,2.8700557592251155;5.889906636750545;5.8677450861459866;5.831572105949918,1.378566259169797;1.4066200292714535;2.9906980970531247;3.042223119380521
# p=5 gen  1: best_d64=0.7674887247  pop=100
# p=5 gen  2: best_d64=0.7674887247  pop=100
# p=5 gen  3: best_d64=0.7674887247  pop=100
# p=5 gen  4: best_d64=0.7674887247  pop=100
# p=5 gen  4: best_d64=0.7674887247  pop=-1
6,8,5,0.767488724670,17301,30.9,2.885833301702195;5.910477205099836;5.8988008106783925;5.879431065943342;5.840490487669053,1.3819596991457714;1.408410839133735;2.9855182867234777;2.9974059818253536;3.051872758503943
# p=6 gen  1: best_d64=0.7803714376  pop=100
# p=6 gen  2: best_d64=0.7803714377  pop=100
# p=6 gen  3: best_d64=0.7803714377  pop=100
# p=6 gen  4: best_d64=0.7803714377  pop=100
# p=6 gen  4: best_d64=0.7803714377  pop=-1
6,8,6,0.780371437703,17407,136.2,2.897072436317342;5.925135111457442;5.9171924673358705;5.910546865125832;5.889613909565788;5.846824790304383,1.3849441963190423;1.4114355839750348;2.985662699006095;2.9896310300316626;3.003007291567463;3.059607416939201
# p=7 gen  1: best_d64=0.7906673143  pop=100
# p=7 gen  2: best_d64=0.7906673161  pop=100
# p=7 gen  3: best_d64=0.7906673161  pop=100
# p=7 gen  4: best_d64=0.7906673161  pop=100
# p=7 gen  5: best_d64=0.7906673161  pop=100
# p=7 gen  5: best_d64=0.7906673161  pop=-1
6,8,7,0.790667316068,21908,734.3,2.9056001941139336;5.936442610651561;5.929915563604992;5.928303625975745;5.921796182716241;5.897345190590559;5.85121568802764,1.3876360351973138;1.4144449197307345;2.987658425396536;2.987973348799789;2.992717941517851;3.008206042088205;3.065990156552277
# p=8 gen  1: best_d64=0.7990941823  pop=100
# p=8 gen  2: best_d64=0.7990942359  pop=100
# p=8 gen  3: best_d64=0.7990942359  pop=100
# p=8 gen  4: best_d64=0.7990942359  pop=100
# p=8 gen  5: best_d64=0.7990942359  pop=100
# p=8 gen  5: best_d64=0.7990942359  pop=-1
6,8,8,0.799094235874,19243,3038.4,2.9123435662001826;5.945509947521468;5.939561609225191;5.940518020382278;5.939697420074579;5.93092458841205;5.902981302175875;5.854260925425112,1.3900377790789493;1.4172278122460231;2.9901185908668793;2.9889475360191375;2.9892938325388116;2.9956096301444366;3.013143526861129;3.071357987503065
# p=9 gen  1: best_d64=0.8061214922  pop=100
# p=9 gen  2: best_d64=0.8061222027  pop=100
# p=9 gen  3: best_d64=0.8061222027  pop=100
# p=9 gen  4: best_d64=0.8061222027  pop=100
# p=9 gen  5: best_d64=0.8061222027  pop=100
# p=9 gen  5: best_d64=0.8061222027  pop=-1
6,8,9,0.806122202716,18521,13406.4,2.917833959486781;5.95302068362386;5.947257565369494;5.949581694154002;5.951859411418254;5.94935379549834;5.938050820511281;5.906969631006851;5.856351560229655,1.3921808184937081;1.4197514938441014;2.9925679096760693;2.990750660299281;2.989332234602264;2.990514414136177;2.9985018769850016;3.017855121194675;3.0759608569174435
# p=10 gen  1: best_d64=0.8120738890  pop=100
# p=10 gen  2: best_d64=0.8120752585  pop=100
# p=10 gen  3: best_d64=0.8120752585  pop=100
# p=10 gen  4: best_d64=0.8120752585  pop=100
# p=10 gen  5: best_d64=0.8120752585  pop=100
# p=10 gen  5: best_d64=0.8120752585  pop=-1
6,8,10,0.812075258515,16430,67095.7,2.922415461139077;5.959383939598581;5.953610013729207;5.956737780380013;5.960716725114509;5.961636799846709;5.957213468680748;5.943512439239653;5.909680565875267;5.857706385855201,1.3940977142794366;1.4220186090671665;2.9948696026662955;2.9927907269967196;2.9904572202313235;2.989699478157042;2.9918540620351;3.0014480780951716;3.022353817950097;3.079975880350849
# p=11 gen  1: best_d64=0.8171790861  pop=100
# p=11 gen  2: best_d64=0.8171842379  pop=100
# p=11 gen  3: best_d64=0.8171842379  pop=100
# p=11 gen  4: best_d64=0.8171842380  pop=100
# p=11 gen  5: best_d64=0.8171842380  pop=100
# p=11 gen  5: best_d64=0.8171842380  pop=-1
6,8,11,0.817184237992,15548,293986.0,2.926322600175398;5.964869322070783;5.9589887163898645;5.962617598224357;5.967629286940517;5.9704494652513915;5.969731820450876;5.963505976267987;5.947641965302299;5.911408983509472;5.858489378303334,1.3958193581279996;1.4240519707830424;2.9969892132061604;2.994819207108805;2.992058851655867;2.990158110058075;2.9902478102214585;2.9933706698942855;3.004447879250138;3.026642603923561;3.083518474188178
/var/spool/slurmd/job1357800/slurm_script: line 124:  9828 Killed                  julia --project=. -t ${SLURM_CPUS_PER_TASK:-28} scripts/swarm_chain_d64.jl $K $D 15 100 10 20 42

Exit code: 137
Done: Sun Apr 26 18:15:03 UTC 2026
FAILED — pushing logs
