=== QAOA Double64 Swarm ===
Task:  15 / 15
Pair:  k=7, D=8
Node:  swift-c3dnodeset-15
CPUs:  28
Start: Fri Apr 10 22:59:07 UTC 2026
Job:   1326024_15

--- Node diagnostics ---
Hostname: swift-c3dnodeset-15
Memory:                  total        used        free      shared  buff/cache   available
Mem:           2.8Ti        14Gi       2.8Ti       3.9Mi       2.4Gi       2.8Ti
Disk:     10.17.247.218:/nfsshare   25T   15T  9.6T  60% /home
Julia:    /home/stephenjordan_google_com/julia-1.12.5/bin/julia
Git HEAD: b853004

Waiting for task 1 to finish precompilation...
=== QAOA Double64 Swarm ===
Task:  15 / 15
Pair:  k=7, D=8
Node:  swift-c3dnodeset-14
CPUs:  28
Start: Fri Apr 10 23:15:07 UTC 2026
Job:   1326039_15

--- Node diagnostics ---
Hostname: swift-c3dnodeset-14
Memory:                  total        used        free      shared  buff/cache   available
Mem:           2.8Ti        13Gi       2.8Ti       3.9Mi       1.6Gi       2.8Ti
Disk:     10.17.247.218:/nfsshare   25T   15T  9.6T  60% /home
Julia:    /home/stephenjordan_google_com/julia-1.12.5/bin/julia
Git HEAD: 411f899

Checking Julia environment...
Environment ready.

Starting swarm_chain_d64.jl with 28 threads at Fri Apr 10 23:15:09 UTC 2026
# swarm-d64 chain: k=7, D=8, p=1-15, pop=100, gens=10, burst=20, seed=42
k,D,p,ctilde,evals,wall_seconds,gamma,beta
# p=1 gen  1: best_d64=0.6477308086  pop=100
# p=1 gen  2: best_d64=0.6477308086  pop=100
# p=1 gen  3: best_d64=0.6477308086  pop=100
# p=1 gen  4: best_d64=0.6477308086  pop=100
# p=1 gen  4: best_d64=0.6477308086  pop=-1
7,8,1,0.647730808612,5223,5.5,2.7120891489708967,1.7293931202148443
# p=2 gen  1: best_d64=0.7026486399  pop=100
# p=2 gen  2: best_d64=0.7026486399  pop=100
# p=2 gen  3: best_d64=0.7026486399  pop=100
# p=2 gen  4: best_d64=0.7026486399  pop=100
# p=2 gen  4: best_d64=0.7026486399  pop=-1
7,8,2,0.702648639882,9976,1.3,2.795483210442226;2.6539223249761816,2.969563316323956;3.0224241131016276
# p=3 gen  1: best_d64=0.7362528369  pop=100
# p=3 gen  2: best_d64=0.7362528369  pop=100
# p=3 gen  3: best_d64=0.7362528369  pop=100
# p=3 gen  4: best_d64=0.7362528369  pop=100
# p=3 gen  4: best_d64=0.7362528369  pop=-1
7,8,3,0.736252836864,13855,2.6,2.8342115537101575;2.7083540627999887;2.6774208198184106,2.9707100905445674;2.9974919674775107;3.0393357827492404
# p=4 gen  1: best_d64=0.7592085208  pop=100
# p=4 gen  2: best_d64=0.7592085208  pop=100
# p=4 gen  3: best_d64=0.7592085208  pop=100
# p=4 gen  4: best_d64=0.7592085208  pop=100
# p=4 gen  4: best_d64=0.7592085208  pop=-1
7,8,4,0.759208520833,15921,9.9,2.8566134248129362;2.741786527616959;2.724572906427694;2.691822549663552,2.9748572171403036;2.9965749635095267;3.0055061939001226;3.0506884141273383
# p=5 gen  1: best_d64=0.7761484988  pop=100
# p=5 gen  2: best_d64=0.7761484988  pop=100
# p=5 gen  3: best_d64=0.7761484988  pop=100
# p=5 gen  4: best_d64=0.7761484988  pop=100
# p=5 gen  4: best_d64=0.7761484988  pop=-1
7,8,5,0.776148498768,16966,46.5,2.8720123311335475;2.7615150868270617;2.7545180550059887;2.7386436246693155;2.7019577720080012,2.978523811422477;2.998956405575832;3.0021002586903167;3.010594194267242;3.059177961431641
=== QAOA Double64 Swarm ===
Task:  15 / 15
Pair:  k=7, D=8
Node:  swift-c3dnodesetssd-14
CPUs:  28
Start: Fri Apr 10 23:35:37 UTC 2026
Job:   1326055_15

--- Node diagnostics ---
Hostname: swift-c3dnodesetssd-14
Memory:                  total        used        free      shared  buff/cache   available
Mem:           1.4Ti       9.1Gi       1.4Ti       3.3Mi       2.4Gi       1.4Ti
Disk:     10.17.247.218:/nfsshare   25T   15T  9.6T  60% /home
Julia:    /home/stephenjordan_google_com/julia-1.12.5/bin/julia
Git HEAD: 411f899

Checking Julia environment...
Environment ready.

Starting swarm_chain_d64.jl with 28 threads at Fri Apr 10 23:35:43 UTC 2026
# swarm-d64 chain: k=7, D=8, p=1-15, pop=100, gens=10, burst=20, seed=42
k,D,p,ctilde,evals,wall_seconds,gamma,beta
# p=1 gen  1: best_d64=0.6477308086  pop=100
# p=1 gen  2: best_d64=0.6477308086  pop=100
# p=1 gen  3: best_d64=0.6477308086  pop=100
# p=1 gen  4: best_d64=0.6477308086  pop=100
# p=1 gen  4: best_d64=0.6477308086  pop=-1
7,8,1,0.647730808612,5233,5.3,2.7120891489708967,1.7293931202148443
# p=2 gen  1: best_d64=0.7026486399  pop=100
# p=2 gen  2: best_d64=0.7026486399  pop=100
# p=2 gen  3: best_d64=0.7026486399  pop=100
# p=2 gen  4: best_d64=0.7026486399  pop=100
# p=2 gen  4: best_d64=0.7026486399  pop=-1
7,8,2,0.702648639882,9990,0.9,2.795483210442226;2.6539223249761816,2.969563316323956;3.0224241131016276
# p=3 gen  1: best_d64=0.7362528369  pop=100
# p=3 gen  2: best_d64=0.7362528369  pop=100
# p=3 gen  3: best_d64=0.7362528369  pop=100
# p=3 gen  4: best_d64=0.7362528369  pop=100
# p=3 gen  4: best_d64=0.7362528369  pop=-1
7,8,3,0.736252836864,13815,2.1,2.8342115537101575;2.7083540627999887;2.6774208198184106,2.9707100905445674;2.9974919674775107;3.0393357827492404
# p=4 gen  1: best_d64=0.7592085208  pop=100
# p=4 gen  2: best_d64=0.7592085208  pop=100
# p=4 gen  3: best_d64=0.7592085208  pop=100
# p=4 gen  4: best_d64=0.7592085208  pop=100
# p=4 gen  4: best_d64=0.7592085208  pop=-1
7,8,4,0.759208520833,16057,8.8,2.8566134248129362;2.741786527616959;2.724572906427694;2.691822549663552,2.9748572171403036;2.9965749635095267;3.0055061939001226;3.0506884141273383
# p=5 gen  1: best_d64=0.7761484988  pop=100
# p=5 gen  2: best_d64=0.7761484988  pop=100
# p=5 gen  3: best_d64=0.7761484988  pop=100
# p=5 gen  4: best_d64=0.7761484988  pop=100
# p=5 gen  4: best_d64=0.7761484988  pop=-1
7,8,5,0.776148498768,17046,41.8,2.8720123311335475;2.7615150868270617;2.7545180550059887;2.7386436246693155;2.7019577720080012,2.978523811422477;2.998956405575832;3.0021002586903167;3.010594194267242;3.059177961431641
# p=6 gen  1: best_d64=0.7892361358  pop=100
# p=6 gen  2: best_d64=0.7892361359  pop=100
# p=6 gen  3: best_d64=0.7892361359  pop=100
# p=6 gen  4: best_d64=0.7892361359  pop=100
# p=6 gen  4: best_d64=0.7892361359  pop=-1
7,8,6,0.789236135922,15821,199.5,2.8829840995174205;2.7754608597143724;2.7721936770339717;2.768801979504179;2.7505138884157914;2.709276045787685,2.98157835242467;3.0021455721661385;3.002922910852499;3.0047499643267184;3.0149828142082193;3.0660326888185616
# p=7 gen  1: best_d64=0.7996661213  pop=100
# p=7 gen  2: best_d64=0.7996661689  pop=100
# p=7 gen  3: best_d64=0.7996661689  pop=100
# p=7 gen  4: best_d64=0.7996661689  pop=100
# p=7 gen  5: best_d64=0.7996661690  pop=100
# p=7 gen  5: best_d64=0.7996661690  pop=-1
7,8,7,0.799666168952,20958,1178.2,2.891286454009811;2.786273106944564;2.78439841761557;2.785986679103331;2.781698426324737;2.7595214553226968;2.714411826470651,2.984237643590294;3.0051736977837074;3.0051358427776425;3.0038906889346353;3.006777510278249;3.0191992160691736;3.0717429079523364
# p=8 gen  1: best_d64=0.8081783896  pop=100
# p=8 gen  2: best_d64=0.8081790349  pop=100
# p=8 gen  3: best_d64=0.8081790349  pop=100
# p=8 gen  4: best_d64=0.8081790349  pop=100
# p=8 gen  5: best_d64=0.8081790349  pop=100
# p=8 gen  5: best_d64=0.8081790349  pop=-1
7,8,8,0.808179034935,17408,4659.2,2.897855336185089;2.7949880187057197;2.793616970919809;2.7978619160151155;2.7991548992177897;2.7920018279883774;2.7661340189728887;2.718016456945433,2.986564398349585;3.0078837292554046;3.007621622087705;3.005187470415372;3.0042900023049386;3.008814379450074;3.0233162460574494;3.076579580936212
# p=9 gen  1: best_d64=0.8152583148  pop=100
# p=9 gen  2: best_d64=0.8152595111  pop=100
# p=9 gen  3: best_d64=0.8152595111  pop=100
# p=9 gen  4: best_d64=0.8152595111  pop=100
# p=9 gen  5: best_d64=0.8152595111  pop=100
# p=9 gen  5: best_d64=0.8152595111  pop=-1
7,8,9,0.815259511100,17462,23313.9,2.903209497528058;2.8022397081214083;2.80098094910421;2.806656014775174;2.811041612311052;2.8101117975964764;2.80001873022947;2.7709160140697513;2.7205510934099046,2.9886104822380872;3.010291764973802;3.0100116243363404;3.0070543186202703;3.0047696651326707;3.0048066018188773;3.010978498481866;3.0273224779236294;3.0807417225413567
# p=10 gen  1: best_d64=0.8212311264  pop=100
# p=10 gen  2: best_d64=0.8212416899  pop=100
# p=10 gen  3: best_d64=0.8212416900  pop=100
# p=10 gen  4: best_d64=0.8212416900  pop=100
# p=10 gen  5: best_d64=0.8212416900  pop=100
# p=10 gen  5: best_d64=0.8212416900  pop=-1
7,8,10,0.821241690059,11393,87304.3,2.907688246777219;2.8084034431424785;2.807064843144648;2.813593480898701;2.819720983465902;2.8221055607208085;2.818951871403105;2.8061844520665296;2.7742900507785144;2.7222785595379415,2.9904206625161187;3.012422986397178;3.012209333680462;3.0090555480381433;3.0060224231309567;3.004545134021541;3.0055597983755145;3.013276764279116;3.0312031142897973;3.0843840083822234
=== QAOA Double64 Swarm ===
Task:  15 / 15
Pair:  k=7, D=8
Node:  swift-c3dnodesetssd-14
CPUs:  28
Start: Wed Apr 15 04:30:32 UTC 2026
Job:   1357786_15

--- Node diagnostics ---
Hostname: swift-c3dnodesetssd-14
Memory:                  total        used        free      shared  buff/cache   available
Mem:           1.4Ti       9.1Gi       1.4Ti       3.3Mi       2.2Gi       1.4Ti
Disk:     10.17.247.218:/nfsshare   25T   15T  9.5T  61% /home
Julia:    /home/stephenjordan_google_com/julia-1.12.5/bin/julia
Git HEAD: 605aa66

Removing stale results/swarm-d64-k7d8.csv
Checking Julia environment...
Environment ready.

Starting swarm_chain_d64.jl with 28 threads at Wed Apr 15 04:30:48 UTC 2026
# swarm-d64 chain: k=7, D=8, p=1-15, pop=100, gens=10, burst=20, seed=42
k,D,p,ctilde,evals,wall_seconds,gamma,beta
# p=1 gen  1: best_d64=0.6477308086  pop=100
# p=1 gen  2: best_d64=0.6477308086  pop=100
# p=1 gen  3: best_d64=0.6477308086  pop=100
# p=1 gen  4: best_d64=0.6477308086  pop=100
# p=1 gen  4: best_d64=0.6477308086  pop=-1
7,8,1,0.647730808612,5217,5.5,2.7120891489708967,1.7293931202148443
# p=2 gen  1: best_d64=0.7026486399  pop=100
# p=2 gen  2: best_d64=0.7026486399  pop=100
# p=2 gen  3: best_d64=0.7026486399  pop=100
# p=2 gen  4: best_d64=0.7026486399  pop=100
# p=2 gen  4: best_d64=0.7026486399  pop=-1
7,8,2,0.702648639882,10023,0.9,2.795483210442226;2.6539223249761816,2.969563316323956;3.0224241131016276
# p=3 gen  1: best_d64=0.7362528369  pop=100
# p=3 gen  2: best_d64=0.7362528369  pop=100
# p=3 gen  3: best_d64=0.7362528369  pop=100
# p=3 gen  4: best_d64=0.7362528369  pop=100
# p=3 gen  4: best_d64=0.7362528369  pop=-1
7,8,3,0.736252836864,13541,2.1,2.8342115537101575;2.7083540627999887;2.6774208198184106,2.9707100905445674;2.9974919674775107;3.0393357827492404
# p=4 gen  1: best_d64=0.7592085208  pop=100
# p=4 gen  2: best_d64=0.7592085208  pop=100
# p=4 gen  3: best_d64=0.7592085208  pop=100
# p=4 gen  4: best_d64=0.7592085208  pop=100
# p=4 gen  4: best_d64=0.7592085208  pop=-1
7,8,4,0.759208520833,15891,8.8,2.8566134248129362;2.741786527616959;2.724572906427694;2.691822549663552,2.9748572171403036;2.9965749635095267;3.0055061939001226;3.0506884141273383
# p=5 gen  1: best_d64=0.7761484988  pop=100
# p=5 gen  2: best_d64=0.7761484988  pop=100
# p=5 gen  3: best_d64=0.7761484988  pop=100
# p=5 gen  4: best_d64=0.7761484988  pop=100
# p=5 gen  4: best_d64=0.7761484988  pop=-1
7,8,5,0.776148498768,17003,42.2,2.8720123311335475;2.7615150868270617;2.7545180550059887;2.7386436246693155;2.7019577720080012,2.978523811422477;2.998956405575832;3.0021002586903167;3.010594194267242;3.059177961431641
# p=6 gen  1: best_d64=0.7892361358  pop=100
# p=6 gen  2: best_d64=0.7892361359  pop=100
# p=6 gen  3: best_d64=0.7892361359  pop=100
# p=6 gen  4: best_d64=0.7892361359  pop=100
# p=6 gen  4: best_d64=0.7892361359  pop=-1
7,8,6,0.789236135922,15879,199.1,2.8829840995174205;2.7754608597143724;2.7721936770339717;2.768801979504179;2.7505138884157914;2.709276045787685,2.98157835242467;3.0021455721661385;3.002922910852499;3.0047499643267184;3.0149828142082193;3.0660326888185616
# p=7 gen  1: best_d64=0.7996661213  pop=100
# p=7 gen  2: best_d64=0.7996661689  pop=100
# p=7 gen  3: best_d64=0.7996661689  pop=100
# p=7 gen  4: best_d64=0.7996661689  pop=100
# p=7 gen  5: best_d64=0.7996661690  pop=100
# p=7 gen  5: best_d64=0.7996661690  pop=-1
7,8,7,0.799666168952,21020,1195.1,2.891286454009811;2.786273106944564;2.78439841761557;2.785986679103331;2.781698426324737;2.7595214553226968;2.714411826470651,2.984237643590294;3.0051736977837074;3.0051358427776425;3.0038906889346353;3.006777510278249;3.0191992160691736;3.0717429079523364
# p=8 gen  1: best_d64=0.8081783896  pop=100
# p=8 gen  2: best_d64=0.8081790349  pop=100
# p=8 gen  3: best_d64=0.8081790349  pop=100
# p=8 gen  4: best_d64=0.8081790349  pop=100
# p=8 gen  5: best_d64=0.8081790349  pop=100
# p=8 gen  5: best_d64=0.8081790349  pop=-1
7,8,8,0.808179034935,17408,4628.6,2.897855336185089;2.7949880187057197;2.793616970919809;2.7978619160151155;2.7991548992177897;2.7920018279883774;2.7661340189728887;2.718016456945433,2.986564398349585;3.0078837292554046;3.007621622087705;3.005187470415372;3.0042900023049386;3.008814379450074;3.0233162460574494;3.076579580936212
# p=9 gen  1: best_d64=0.8152583148  pop=100
# p=9 gen  2: best_d64=0.8152595111  pop=100
# p=9 gen  3: best_d64=0.8152595111  pop=100
# p=9 gen  4: best_d64=0.8152595111  pop=100
# p=9 gen  5: best_d64=0.8152595111  pop=100
# p=9 gen  5: best_d64=0.8152595111  pop=-1
7,8,9,0.815259511100,17462,23111.8,2.903209497528058;2.8022397081214083;2.80098094910421;2.806656014775174;2.811041612311052;2.8101117975964764;2.80001873022947;2.7709160140697513;2.7205510934099046,2.9886104822380872;3.010291764973802;3.0100116243363404;3.0070543186202703;3.0047696651326707;3.0048066018188773;3.010978498481866;3.0273224779236294;3.0807417225413567
# p=10 gen  1: best_d64=0.8212311264  pop=100
# p=10 gen  2: best_d64=0.8212416899  pop=100
# p=10 gen  3: best_d64=0.8212416900  pop=100
# p=10 gen  4: best_d64=0.8212416900  pop=100
# p=10 gen  5: best_d64=0.8212416900  pop=100
# p=10 gen  5: best_d64=0.8212416900  pop=-1
7,8,10,0.821241690059,11393,86528.9,2.907688246777219;2.8084034431424785;2.807064843144648;2.813593480898701;2.819720983465902;2.8221055607208085;2.818951871403105;2.8061844520665296;2.7742900507785144;2.7222785595379415,2.9904206625161187;3.012422986397178;3.012209333680462;3.0090555480381433;3.0060224231309567;3.004545134021541;3.0055597983755145;3.013276764279116;3.0312031142897973;3.0843840083822234
# p=11 gen  1: best_d64=0.8263249417  pop=100
# p=11 gen  2: best_d64=0.8263635596  pop=100
# p=11 gen  3: best_d64=0.8263635667  pop=100
# p=11 gen  4: best_d64=0.8263635667  pop=100
# p=11 gen  5: best_d64=0.8263635667  pop=100
=== QAOA Double64 Swarm ===
Task:  15 / 15
Pair:  k=7, D=8
Node:  swift-c3dnodesetssd-14
CPUs:  28
Start: Tue Apr 21 14:13:25 UTC 2026
Job:   1357786_15

--- Node diagnostics ---
Hostname: swift-c3dnodesetssd-14
Memory:                  total        used        free      shared  buff/cache   available
Mem:           1.4Ti       9.2Gi       1.4Ti       3.3Mi       2.3Gi       1.4Ti
Disk:     10.17.247.218:/nfsshare   25T   15T  9.2T  62% /home
Julia:    /home/stephenjordan_google_com/julia-1.12.5/bin/julia
Git HEAD: 7b59647

Removing stale results/swarm-d64-k7d8.csv
Checking Julia environment...
Environment ready.

Starting swarm_chain_d64.jl with 28 threads at Tue Apr 21 14:13:27 UTC 2026
# swarm-d64 chain: k=7, D=8, p=1-15, pop=100, gens=10, burst=20, seed=42
k,D,p,ctilde,evals,wall_seconds,gamma,beta
# p=1 gen  1: best_d64=0.6477308086  pop=100
# p=1 gen  2: best_d64=0.6477308086  pop=100
# p=1 gen  3: best_d64=0.6477308086  pop=100
# p=1 gen  4: best_d64=0.6477308086  pop=100
# p=1 gen  4: best_d64=0.6477308086  pop=-1
7,8,1,0.647730808612,5220,5.2,2.7120891489708967,1.7293931202148443
# p=2 gen  1: best_d64=0.7026486399  pop=100
# p=2 gen  2: best_d64=0.7026486399  pop=100
# p=2 gen  3: best_d64=0.7026486399  pop=100
# p=2 gen  4: best_d64=0.7026486399  pop=100
# p=2 gen  4: best_d64=0.7026486399  pop=-1
7,8,2,0.702648639882,9980,0.8,2.795483210442226;2.6539223249761816,2.969563316323956;3.0224241131016276
# p=3 gen  1: best_d64=0.7362528369  pop=100
# p=3 gen  2: best_d64=0.7362528369  pop=100
# p=3 gen  3: best_d64=0.7362528369  pop=100
# p=3 gen  4: best_d64=0.7362528369  pop=100
# p=3 gen  4: best_d64=0.7362528369  pop=-1
7,8,3,0.736252836864,13816,1.7,2.8342115537101575;2.7083540627999887;2.6774208198184106,2.9707100905445674;2.9974919674775107;3.0393357827492404
# p=4 gen  1: best_d64=0.7592085208  pop=100
# p=4 gen  2: best_d64=0.7592085208  pop=100
# p=4 gen  3: best_d64=0.7592085208  pop=100
# p=4 gen  4: best_d64=0.7592085208  pop=100
# p=4 gen  4: best_d64=0.7592085208  pop=-1
7,8,4,0.759208520833,16055,6.2,2.8566134248129362;2.741786527616959;2.724572906427694;2.691822549663552,2.9748572171403036;2.9965749635095267;3.0055061939001226;3.0506884141273383
# p=5 gen  1: best_d64=0.7761484988  pop=100
# p=5 gen  2: best_d64=0.7761484988  pop=100
# p=5 gen  3: best_d64=0.7761484988  pop=100
# p=5 gen  4: best_d64=0.7761484988  pop=100
# p=5 gen  4: best_d64=0.7761484988  pop=-1
7,8,5,0.776148498768,17117,27.8,2.8720123311335475;2.7615150868270617;2.7545180550059887;2.7386436246693155;2.7019577720080012,2.978523811422477;2.998956405575832;3.0021002586903167;3.010594194267242;3.059177961431641
# p=6 gen  1: best_d64=0.7892361358  pop=100
# p=6 gen  2: best_d64=0.7892361359  pop=100
# p=6 gen  3: best_d64=0.7892361359  pop=100
# p=6 gen  4: best_d64=0.7892361359  pop=100
# p=6 gen  4: best_d64=0.7892361359  pop=-1
7,8,6,0.789236135922,15885,129.0,2.8829840995174205;2.7754608597143724;2.7721936770339717;2.768801979504179;2.7505138884157914;2.709276045787685,2.98157835242467;3.0021455721661385;3.002922910852499;3.0047499643267184;3.0149828142082193;3.0660326888185616
# p=7 gen  1: best_d64=0.7996661213  pop=100
# p=7 gen  2: best_d64=0.7996661689  pop=100
# p=7 gen  3: best_d64=0.7996661689  pop=100
# p=7 gen  4: best_d64=0.7996661689  pop=100
# p=7 gen  5: best_d64=0.7996661690  pop=100
# p=7 gen  5: best_d64=0.7996661690  pop=-1
7,8,7,0.799666168952,21235,750.3,2.891286454009811;2.786273106944564;2.78439841761557;2.785986679103331;2.781698426324737;2.7595214553226968;2.714411826470651,2.984237643590294;3.0051736977837074;3.0051358427776425;3.0038906889346353;3.006777510278249;3.0191992160691736;3.0717429079523364
# p=8 gen  1: best_d64=0.8081783896  pop=100
# p=8 gen  2: best_d64=0.8081790349  pop=100
# p=8 gen  3: best_d64=0.8081790349  pop=100
# p=8 gen  4: best_d64=0.8081790349  pop=100
# p=8 gen  5: best_d64=0.8081790349  pop=100
# p=8 gen  5: best_d64=0.8081790349  pop=-1
7,8,8,0.808179034935,17770,3042.7,2.8978553361850676;2.794988018705685;2.7936169709198033;2.797861916015099;2.799154899217721;2.792001827988356;2.766134018972927;2.718016456945484,2.986564398349568;3.007883729255392;3.0076216220877003;3.0051874704153523;3.00429000230492;3.008814379450079;3.0233162460574676;3.0765795809362197
# p=9 gen  1: best_d64=0.8152583148  pop=100
# p=9 gen  2: best_d64=0.8152595111  pop=100
# p=9 gen  3: best_d64=0.8152595111  pop=100
# p=9 gen  4: best_d64=0.8152595111  pop=100
# p=9 gen  5: best_d64=0.8152595111  pop=100
# p=9 gen  5: best_d64=0.8152595111  pop=-1
7,8,9,0.815259511100,16930,14904.8,2.903209497517838;2.8022397080705477;2.8009809491182884;2.806656014820957;2.8110416123318234;2.8101117975583563;2.8000187302307777;2.77091601408078;2.720551093461147,2.9886104822279793;3.0102917649587915;3.0100116243481034;3.0070543186456464;3.004769665128552;3.0048066018120623;3.0109784984997288;3.0273224779495793;3.0807417225655875
=== QAOA Double64 Swarm ===
Task:  15 / 15
Pair:  k=7, D=8
Node:  swift-c3dnodesetssd-14
CPUs:  28
Start: Tue Apr 21 20:55:32 UTC 2026
Job:   1357786_15

--- Node diagnostics ---
Hostname: swift-c3dnodesetssd-14
Memory:                  total        used        free      shared  buff/cache   available
Mem:           1.4Ti       9.2Gi       1.4Ti       3.3Mi       2.4Gi       1.4Ti
Disk:     10.17.247.218:/nfsshare   25T   15T  9.1T  62% /home
Julia:    /home/stephenjordan_google_com/julia-1.12.5/bin/julia
Git HEAD: 7b59647

Removing stale results/swarm-d64-k7d8.csv
Checking Julia environment...
Environment ready.

Starting swarm_chain_d64.jl with 28 threads at Tue Apr 21 20:55:35 UTC 2026
# swarm-d64 chain: k=7, D=8, p=1-15, pop=100, gens=10, burst=20, seed=42
k,D,p,ctilde,evals,wall_seconds,gamma,beta
# p=1 gen  1: best_d64=0.6477308086  pop=100
# p=1 gen  2: best_d64=0.6477308086  pop=100
# p=1 gen  3: best_d64=0.6477308086  pop=100
# p=1 gen  4: best_d64=0.6477308086  pop=100
# p=1 gen  4: best_d64=0.6477308086  pop=-1
7,8,1,0.647730808612,5233,5.1,2.7120891489708967,1.7293931202148443
# p=2 gen  1: best_d64=0.7026486399  pop=100
# p=2 gen  2: best_d64=0.7026486399  pop=100
# p=2 gen  3: best_d64=0.7026486399  pop=100
# p=2 gen  4: best_d64=0.7026486399  pop=100
# p=2 gen  4: best_d64=0.7026486399  pop=-1
7,8,2,0.702648639882,10023,0.9,2.795483210442226;2.6539223249761816,2.969563316323956;3.0224241131016276
# p=3 gen  1: best_d64=0.7362528369  pop=100
# p=3 gen  2: best_d64=0.7362528369  pop=100
# p=3 gen  3: best_d64=0.7362528369  pop=100
# p=3 gen  4: best_d64=0.7362528369  pop=100
# p=3 gen  4: best_d64=0.7362528369  pop=-1
7,8,3,0.736252836864,13852,1.7,2.8342115537101575;2.7083540627999887;2.6774208198184106,2.9707100905445674;2.9974919674775107;3.0393357827492404
# p=4 gen  1: best_d64=0.7592085208  pop=100
# p=4 gen  2: best_d64=0.7592085208  pop=100
# p=4 gen  3: best_d64=0.7592085208  pop=100
# p=4 gen  4: best_d64=0.7592085208  pop=100
# p=4 gen  4: best_d64=0.7592085208  pop=-1
7,8,4,0.759208520833,16056,6.2,2.8566134248129362;2.741786527616959;2.724572906427694;2.691822549663552,2.9748572171403036;2.9965749635095267;3.0055061939001226;3.0506884141273383
# p=5 gen  1: best_d64=0.7761484988  pop=100
# p=5 gen  2: best_d64=0.7761484988  pop=100
# p=5 gen  3: best_d64=0.7761484988  pop=100
# p=5 gen  4: best_d64=0.7761484988  pop=100
# p=5 gen  4: best_d64=0.7761484988  pop=-1
7,8,5,0.776148498768,17043,27.8,2.8720123311335475;2.7615150868270617;2.7545180550059887;2.7386436246693155;2.7019577720080012,2.978523811422477;2.998956405575832;3.0021002586903167;3.010594194267242;3.059177961431641
# p=6 gen  1: best_d64=0.7892361358  pop=100
# p=6 gen  2: best_d64=0.7892361359  pop=100
# p=6 gen  3: best_d64=0.7892361359  pop=100
# p=6 gen  4: best_d64=0.7892361359  pop=100
# p=6 gen  4: best_d64=0.7892361359  pop=-1
7,8,6,0.789236135922,15885,129.2,2.8829840995174205;2.7754608597143724;2.7721936770339717;2.768801979504179;2.7505138884157914;2.709276045787685,2.98157835242467;3.0021455721661385;3.002922910852499;3.0047499643267184;3.0149828142082193;3.0660326888185616
# p=7 gen  1: best_d64=0.7996661213  pop=100
# p=7 gen  2: best_d64=0.7996661689  pop=100
# p=7 gen  3: best_d64=0.7996661689  pop=100
# p=7 gen  4: best_d64=0.7996661689  pop=100
=== QAOA Double64 Swarm ===
Task:  15 / 15
Pair:  k=7, D=8
Node:  swift-c3dnodesetssd-14
CPUs:  28
Start: Tue Apr 21 21:13:32 UTC 2026
Job:   1357786_15

--- Node diagnostics ---
Hostname: swift-c3dnodesetssd-14
Memory:                  total        used        free      shared  buff/cache   available
Mem:           1.4Ti       9.2Gi       1.4Ti       3.3Mi       2.2Gi       1.4Ti
Disk:     10.17.247.218:/nfsshare   25T   15T  9.1T  62% /home
Julia:    /home/stephenjordan_google_com/julia-1.12.5/bin/julia
Git HEAD: 7b59647

Removing stale results/swarm-d64-k7d8.csv
Checking Julia environment...
Environment ready.

Starting swarm_chain_d64.jl with 28 threads at Tue Apr 21 21:13:35 UTC 2026
# swarm-d64 chain: k=7, D=8, p=1-15, pop=100, gens=10, burst=20, seed=42
k,D,p,ctilde,evals,wall_seconds,gamma,beta
# p=1 gen  1: best_d64=0.6477308086  pop=100
# p=1 gen  2: best_d64=0.6477308086  pop=100
# p=1 gen  3: best_d64=0.6477308086  pop=100
# p=1 gen  4: best_d64=0.6477308086  pop=100
# p=1 gen  4: best_d64=0.6477308086  pop=-1
7,8,1,0.647730808612,5223,5.1,2.7120891489708967,1.7293931202148443
# p=2 gen  1: best_d64=0.7026486399  pop=100
# p=2 gen  2: best_d64=0.7026486399  pop=100
# p=2 gen  3: best_d64=0.7026486399  pop=100
# p=2 gen  4: best_d64=0.7026486399  pop=100
# p=2 gen  4: best_d64=0.7026486399  pop=-1
7,8,2,0.702648639882,10025,0.8,2.795483210442226;2.6539223249761816,2.969563316323956;3.0224241131016276
# p=3 gen  1: best_d64=0.7362528369  pop=100
# p=3 gen  2: best_d64=0.7362528369  pop=100
# p=3 gen  3: best_d64=0.7362528369  pop=100
# p=3 gen  4: best_d64=0.7362528369  pop=100
# p=3 gen  4: best_d64=0.7362528369  pop=-1
7,8,3,0.736252836864,13855,1.7,2.8342115537101575;2.7083540627999887;2.6774208198184106,2.9707100905445674;2.9974919674775107;3.0393357827492404
# p=4 gen  1: best_d64=0.7592085208  pop=100
# p=4 gen  2: best_d64=0.7592085208  pop=100
# p=4 gen  3: best_d64=0.7592085208  pop=100
# p=4 gen  4: best_d64=0.7592085208  pop=100
# p=4 gen  4: best_d64=0.7592085208  pop=-1
7,8,4,0.759208520833,15966,6.2,2.8566134248129362;2.741786527616959;2.724572906427694;2.691822549663552,2.9748572171403036;2.9965749635095267;3.0055061939001226;3.0506884141273383
# p=5 gen  1: best_d64=0.7761484988  pop=100
# p=5 gen  2: best_d64=0.7761484988  pop=100
# p=5 gen  3: best_d64=0.7761484988  pop=100
# p=5 gen  4: best_d64=0.7761484988  pop=100
# p=5 gen  4: best_d64=0.7761484988  pop=-1
7,8,5,0.776148498768,16968,27.9,2.8720123311335475;2.7615150868270617;2.7545180550059887;2.7386436246693155;2.7019577720080012,2.978523811422477;2.998956405575832;3.0021002586903167;3.010594194267242;3.059177961431641
# p=6 gen  1: best_d64=0.7892361358  pop=100
# p=6 gen  2: best_d64=0.7892361359  pop=100
# p=6 gen  3: best_d64=0.7892361359  pop=100
# p=6 gen  4: best_d64=0.7892361359  pop=100
# p=6 gen  4: best_d64=0.7892361359  pop=-1
7,8,6,0.789236135922,15884,128.9,2.8829840995174205;2.7754608597143724;2.7721936770339717;2.768801979504179;2.7505138884157914;2.709276045787685,2.98157835242467;3.0021455721661385;3.002922910852499;3.0047499643267184;3.0149828142082193;3.0660326888185616
# p=7 gen  1: best_d64=0.7996661213  pop=100
# p=7 gen  2: best_d64=0.7996661689  pop=100
# p=7 gen  3: best_d64=0.7996661689  pop=100
# p=7 gen  4: best_d64=0.7996661689  pop=100
# p=7 gen  5: best_d64=0.7996661690  pop=100
# p=7 gen  5: best_d64=0.7996661690  pop=-1
7,8,7,0.799666168952,21235,752.6,2.891286454009811;2.786273106944564;2.78439841761557;2.785986679103331;2.781698426324737;2.7595214553226968;2.714411826470651,2.984237643590294;3.0051736977837074;3.0051358427776425;3.0038906889346353;3.006777510278249;3.0191992160691736;3.0717429079523364
# p=8 gen  1: best_d64=0.8081783896  pop=100
=== QAOA Double64 Swarm ===
Task:  15 / 15
Pair:  k=7, D=8
Node:  swift-c3dnodesetssd-27
CPUs:  28
Start: Tue Apr 21 21:50:01 UTC 2026
Job:   1357786_15

--- Node diagnostics ---
Hostname: swift-c3dnodesetssd-27
Memory:                  total        used        free      shared  buff/cache   available
Mem:           1.4Ti       9.5Gi       1.4Ti       3.3Mi       3.1Gi       1.4Ti
Disk:     10.17.247.218:/nfsshare   25T   15T  9.1T  62% /home
Julia:    /home/stephenjordan_google_com/julia-1.12.5/bin/julia
Git HEAD: 7b59647

Removing stale results/swarm-d64-k7d8.csv
Checking Julia environment...
Environment ready.

Starting swarm_chain_d64.jl with 28 threads at Tue Apr 21 21:50:05 UTC 2026
# swarm-d64 chain: k=7, D=8, p=1-15, pop=100, gens=10, burst=20, seed=42
k,D,p,ctilde,evals,wall_seconds,gamma,beta
# p=1 gen  1: best_d64=0.6477308086  pop=100
# p=1 gen  2: best_d64=0.6477308086  pop=100
# p=1 gen  3: best_d64=0.6477308086  pop=100
# p=1 gen  4: best_d64=0.6477308086  pop=100
# p=1 gen  4: best_d64=0.6477308086  pop=-1
7,8,1,0.647730808612,5246,5.2,2.7120891489708967,1.7293931202148443
# p=2 gen  1: best_d64=0.7026486399  pop=100
# p=2 gen  2: best_d64=0.7026486399  pop=100
# p=2 gen  3: best_d64=0.7026486399  pop=100
# p=2 gen  4: best_d64=0.7026486399  pop=100
# p=2 gen  4: best_d64=0.7026486399  pop=-1
7,8,2,0.702648639882,10022,0.9,2.795483210442226;2.6539223249761816,2.969563316323956;3.0224241131016276
# p=3 gen  1: best_d64=0.7362528369  pop=100
# p=3 gen  2: best_d64=0.7362528369  pop=100
# p=3 gen  3: best_d64=0.7362528369  pop=100
# p=3 gen  4: best_d64=0.7362528369  pop=100
# p=3 gen  4: best_d64=0.7362528369  pop=-1
7,8,3,0.736252836864,13853,1.7,2.8342115537101575;2.7083540627999887;2.6774208198184106,2.9707100905445674;2.9974919674775107;3.0393357827492404
# p=4 gen  1: best_d64=0.7592085208  pop=100
# p=4 gen  2: best_d64=0.7592085208  pop=100
# p=4 gen  3: best_d64=0.7592085208  pop=100
# p=4 gen  4: best_d64=0.7592085208  pop=100
# p=4 gen  4: best_d64=0.7592085208  pop=-1
7,8,4,0.759208520833,16056,6.3,2.8566134248129362;2.741786527616959;2.724572906427694;2.691822549663552,2.9748572171403036;2.9965749635095267;3.0055061939001226;3.0506884141273383
# p=5 gen  1: best_d64=0.7761484988  pop=100
# p=5 gen  2: best_d64=0.7761484988  pop=100
# p=5 gen  3: best_d64=0.7761484988  pop=100
# p=5 gen  4: best_d64=0.7761484988  pop=100
# p=5 gen  4: best_d64=0.7761484988  pop=-1
7,8,5,0.776148498768,17117,28.1,2.8720123311335475;2.7615150868270617;2.7545180550059887;2.7386436246693155;2.7019577720080012,2.978523811422477;2.998956405575832;3.0021002586903167;3.010594194267242;3.059177961431641
# p=6 gen  1: best_d64=0.7892361358  pop=100
# p=6 gen  2: best_d64=0.7892361359  pop=100
# p=6 gen  3: best_d64=0.7892361359  pop=100
# p=6 gen  4: best_d64=0.7892361359  pop=100
# p=6 gen  4: best_d64=0.7892361359  pop=-1
7,8,6,0.789236135922,15884,129.4,2.8829840995174205;2.7754608597143724;2.7721936770339717;2.768801979504179;2.7505138884157914;2.709276045787685,2.98157835242467;3.0021455721661385;3.002922910852499;3.0047499643267184;3.0149828142082193;3.0660326888185616
# p=7 gen  1: best_d64=0.7996661213  pop=100
# p=7 gen  2: best_d64=0.7996661689  pop=100
# p=7 gen  3: best_d64=0.7996661689  pop=100
# p=7 gen  4: best_d64=0.7996661689  pop=100
# p=7 gen  5: best_d64=0.7996661690  pop=100
# p=7 gen  5: best_d64=0.7996661690  pop=-1
7,8,7,0.799666168952,21234,756.6,2.891286454009811;2.786273106944564;2.78439841761557;2.785986679103331;2.781698426324737;2.7595214553226968;2.714411826470651,2.984237643590294;3.0051736977837074;3.0051358427776425;3.0038906889346353;3.006777510278249;3.0191992160691736;3.0717429079523364
# p=8 gen  1: best_d64=0.8081783896  pop=100
# p=8 gen  2: best_d64=0.8081790349  pop=100
# p=8 gen  3: best_d64=0.8081790349  pop=100
# p=8 gen  4: best_d64=0.8081790349  pop=100
# p=8 gen  5: best_d64=0.8081790349  pop=100
# p=8 gen  5: best_d64=0.8081790349  pop=-1
7,8,8,0.808179034935,17770,3065.3,2.8978553361850676;2.794988018705685;2.7936169709198033;2.797861916015099;2.799154899217721;2.792001827988356;2.766134018972927;2.718016456945484,2.986564398349568;3.007883729255392;3.0076216220877003;3.0051874704153523;3.00429000230492;3.008814379450079;3.0233162460574676;3.0765795809362197
# p=9 gen  1: best_d64=0.8152583148  pop=100
=== QAOA Double64 Swarm ===
Task:  15 / 15
Pair:  k=7, D=8
Node:  swift-c3dnodesetssd-14
CPUs:  28
Start: Wed Apr 22 00:12:07 UTC 2026
Job:   1357786_15

--- Node diagnostics ---
Hostname: swift-c3dnodesetssd-14
Memory:                  total        used        free      shared  buff/cache   available
Mem:           1.4Ti       9.0Gi       1.4Ti       3.3Mi       2.0Gi       1.4Ti
Disk:     10.17.247.218:/nfsshare   25T   15T  9.1T  62% /home
Julia:    /home/stephenjordan_google_com/julia-1.12.5/bin/julia
Git HEAD: 25cb9d9

Removing stale results/swarm-d64-k7d8.csv
Checking Julia environment...
Environment ready.

Starting swarm_chain_d64.jl with 28 threads at Wed Apr 22 00:12:09 UTC 2026
# swarm-d64 chain: k=7, D=8, p=1-15, pop=100, gens=10, burst=20, seed=42
k,D,p,ctilde,evals,wall_seconds,gamma,beta
# p=1 gen  1: best_d64=0.6477308086  pop=100
# p=1 gen  2: best_d64=0.6477308086  pop=100
# p=1 gen  3: best_d64=0.6477308086  pop=100
# p=1 gen  4: best_d64=0.6477308086  pop=100
# p=1 gen  4: best_d64=0.6477308086  pop=-1
7,8,1,0.647730808612,5230,5.2,2.7120891489708967,1.7293931202148443
# p=2 gen  1: best_d64=0.7026486399  pop=100
# p=2 gen  2: best_d64=0.7026486399  pop=100
# p=2 gen  3: best_d64=0.7026486399  pop=100
# p=2 gen  4: best_d64=0.7026486399  pop=100
# p=2 gen  4: best_d64=0.7026486399  pop=-1
7,8,2,0.702648639882,9959,0.9,2.795483210442226;2.6539223249761816,2.969563316323956;3.0224241131016276
# p=3 gen  1: best_d64=0.7362528369  pop=100
# p=3 gen  2: best_d64=0.7362528369  pop=100
# p=3 gen  3: best_d64=0.7362528369  pop=100
# p=3 gen  4: best_d64=0.7362528369  pop=100
# p=3 gen  4: best_d64=0.7362528369  pop=-1
7,8,3,0.736252836864,13814,1.7,2.8342115537101575;2.7083540627999887;2.6774208198184106,2.9707100905445674;2.9974919674775107;3.0393357827492404
# p=4 gen  1: best_d64=0.7592085208  pop=100
# p=4 gen  2: best_d64=0.7592085208  pop=100
# p=4 gen  3: best_d64=0.7592085208  pop=100
# p=4 gen  4: best_d64=0.7592085208  pop=100
# p=4 gen  4: best_d64=0.7592085208  pop=-1
7,8,4,0.759208520833,16056,6.2,2.8566134248129362;2.741786527616959;2.724572906427694;2.691822549663552,2.9748572171403036;2.9965749635095267;3.0055061939001226;3.0506884141273383
# p=5 gen  1: best_d64=0.7761484988  pop=100
# p=5 gen  2: best_d64=0.7761484988  pop=100
# p=5 gen  3: best_d64=0.7761484988  pop=100
# p=5 gen  4: best_d64=0.7761484988  pop=100
# p=5 gen  4: best_d64=0.7761484988  pop=-1
7,8,5,0.776148498768,17117,28.0,2.8720123311335475;2.7615150868270617;2.7545180550059887;2.7386436246693155;2.7019577720080012,2.978523811422477;2.998956405575832;3.0021002586903167;3.010594194267242;3.059177961431641
# p=6 gen  1: best_d64=0.7892361358  pop=100
# p=6 gen  2: best_d64=0.7892361359  pop=100
# p=6 gen  3: best_d64=0.7892361359  pop=100
# p=6 gen  4: best_d64=0.7892361359  pop=100
# p=6 gen  4: best_d64=0.7892361359  pop=-1
7,8,6,0.789236135922,15885,128.9,2.8829840995174205;2.7754608597143724;2.7721936770339717;2.768801979504179;2.7505138884157914;2.709276045787685,2.98157835242467;3.0021455721661385;3.002922910852499;3.0047499643267184;3.0149828142082193;3.0660326888185616
# p=7 gen  1: best_d64=0.7996661213  pop=100
# p=7 gen  2: best_d64=0.7996661689  pop=100
# p=7 gen  3: best_d64=0.7996661689  pop=100
# p=7 gen  4: best_d64=0.7996661689  pop=100
# p=7 gen  5: best_d64=0.7996661690  pop=100
# p=7 gen  5: best_d64=0.7996661690  pop=-1
7,8,7,0.799666168952,21235,755.6,2.891286454009811;2.786273106944564;2.78439841761557;2.785986679103331;2.781698426324737;2.7595214553226968;2.714411826470651,2.984237643590294;3.0051736977837074;3.0051358427776425;3.0038906889346353;3.006777510278249;3.0191992160691736;3.0717429079523364
# p=8 gen  1: best_d64=0.8081783896  pop=100
# p=8 gen  2: best_d64=0.8081790349  pop=100
=== QAOA Double64 Swarm ===
Task:  15 / 15
Pair:  k=7, D=8
Node:  swift-c3dnodesetssd-14
CPUs:  28
Start: Wed Apr 22 01:01:07 UTC 2026
Job:   1357786_15

--- Node diagnostics ---
Hostname: swift-c3dnodesetssd-14
Memory:                  total        used        free      shared  buff/cache   available
Mem:           1.4Ti       9.1Gi       1.4Ti       3.3Mi       2.4Gi       1.4Ti
Disk:     10.17.247.218:/nfsshare   25T   15T  9.1T  62% /home
Julia:    /home/stephenjordan_google_com/julia-1.12.5/bin/julia
Git HEAD: 25cb9d9

Removing stale results/swarm-d64-k7d8.csv
Checking Julia environment...
Environment ready.

Starting swarm_chain_d64.jl with 28 threads at Wed Apr 22 01:01:09 UTC 2026
# swarm-d64 chain: k=7, D=8, p=1-15, pop=100, gens=10, burst=20, seed=42
k,D,p,ctilde,evals,wall_seconds,gamma,beta
# p=1 gen  1: best_d64=0.6477308086  pop=100
# p=1 gen  2: best_d64=0.6477308086  pop=100
# p=1 gen  3: best_d64=0.6477308086  pop=100
# p=1 gen  4: best_d64=0.6477308086  pop=100
# p=1 gen  4: best_d64=0.6477308086  pop=-1
7,8,1,0.647730808612,5207,5.2,2.7120891489708967,1.7293931202148443
# p=2 gen  1: best_d64=0.7026486399  pop=100
# p=2 gen  2: best_d64=0.7026486399  pop=100
# p=2 gen  3: best_d64=0.7026486399  pop=100
# p=2 gen  4: best_d64=0.7026486399  pop=100
# p=2 gen  4: best_d64=0.7026486399  pop=-1
7,8,2,0.702648639882,10024,0.9,2.795483210442226;2.6539223249761816,2.969563316323956;3.0224241131016276
# p=3 gen  1: best_d64=0.7362528369  pop=100
# p=3 gen  2: best_d64=0.7362528369  pop=100
# p=3 gen  3: best_d64=0.7362528369  pop=100
# p=3 gen  4: best_d64=0.7362528369  pop=100
# p=3 gen  4: best_d64=0.7362528369  pop=-1
7,8,3,0.736252836864,13849,1.7,2.8342115537101575;2.7083540627999887;2.6774208198184106,2.9707100905445674;2.9974919674775107;3.0393357827492404
# p=4 gen  1: best_d64=0.7592085208  pop=100
# p=4 gen  2: best_d64=0.7592085208  pop=100
# p=4 gen  3: best_d64=0.7592085208  pop=100
# p=4 gen  4: best_d64=0.7592085208  pop=100
# p=4 gen  4: best_d64=0.7592085208  pop=-1
7,8,4,0.759208520833,15962,6.2,2.8566134248129362;2.741786527616959;2.724572906427694;2.691822549663552,2.9748572171403036;2.9965749635095267;3.0055061939001226;3.0506884141273383
# p=5 gen  1: best_d64=0.7761484988  pop=100
# p=5 gen  2: best_d64=0.7761484988  pop=100
# p=5 gen  3: best_d64=0.7761484988  pop=100
# p=5 gen  4: best_d64=0.7761484988  pop=100
# p=5 gen  4: best_d64=0.7761484988  pop=-1
7,8,5,0.776148498768,17117,27.8,2.8720123311335475;2.7615150868270617;2.7545180550059887;2.7386436246693155;2.7019577720080012,2.978523811422477;2.998956405575832;3.0021002586903167;3.010594194267242;3.059177961431641
# p=6 gen  1: best_d64=0.7892361358  pop=100
# p=6 gen  2: best_d64=0.7892361359  pop=100
# p=6 gen  3: best_d64=0.7892361359  pop=100
# p=6 gen  4: best_d64=0.7892361359  pop=100
# p=6 gen  4: best_d64=0.7892361359  pop=-1
7,8,6,0.789236135922,15884,128.9,2.8829840995174205;2.7754608597143724;2.7721936770339717;2.768801979504179;2.7505138884157914;2.709276045787685,2.98157835242467;3.0021455721661385;3.002922910852499;3.0047499643267184;3.0149828142082193;3.0660326888185616
# p=7 gen  1: best_d64=0.7996661213  pop=100
# p=7 gen  2: best_d64=0.7996661689  pop=100
# p=7 gen  3: best_d64=0.7996661689  pop=100
# p=7 gen  4: best_d64=0.7996661689  pop=100
# p=7 gen  5: best_d64=0.7996661690  pop=100
# p=7 gen  5: best_d64=0.7996661690  pop=-1
7,8,7,0.799666168952,21235,751.4,2.891286454009811;2.786273106944564;2.78439841761557;2.785986679103331;2.781698426324737;2.7595214553226968;2.714411826470651,2.984237643590294;3.0051736977837074;3.0051358427776425;3.0038906889346353;3.006777510278249;3.0191992160691736;3.0717429079523364
# p=8 gen  1: best_d64=0.8081783896  pop=100
=== QAOA Double64 Swarm ===
Task:  15 / 15
Pair:  k=7, D=8
Node:  swift-c3dnodesetssd-14
CPUs:  28
Start: Wed Apr 22 01:33:09 UTC 2026
Job:   1357786_15

--- Node diagnostics ---
Hostname: swift-c3dnodesetssd-14
Memory:                  total        used        free      shared  buff/cache   available
Mem:           1.4Ti       9.6Gi       1.4Ti       3.3Mi       3.0Gi       1.4Ti
Disk:     10.17.247.218:/nfsshare   25T   15T  9.1T  62% /home
Julia:    /home/stephenjordan_google_com/julia-1.12.5/bin/julia
Git HEAD: 25cb9d9

Removing stale results/swarm-d64-k7d8.csv
Checking Julia environment...
Environment ready.

Starting swarm_chain_d64.jl with 28 threads at Wed Apr 22 01:33:12 UTC 2026
# swarm-d64 chain: k=7, D=8, p=1-15, pop=100, gens=10, burst=20, seed=42
k,D,p,ctilde,evals,wall_seconds,gamma,beta
# p=1 gen  1: best_d64=0.6477308086  pop=100
# p=1 gen  2: best_d64=0.6477308086  pop=100
# p=1 gen  3: best_d64=0.6477308086  pop=100
# p=1 gen  4: best_d64=0.6477308086  pop=100
# p=1 gen  4: best_d64=0.6477308086  pop=-1
7,8,1,0.647730808612,5244,5.3,2.7120891489708967,1.7293931202148443
# p=2 gen  1: best_d64=0.7026486399  pop=100
# p=2 gen  2: best_d64=0.7026486399  pop=100
# p=2 gen  3: best_d64=0.7026486399  pop=100
# p=2 gen  4: best_d64=0.7026486399  pop=100
# p=2 gen  4: best_d64=0.7026486399  pop=-1
7,8,2,0.702648639882,10024,0.9,2.795483210442226;2.6539223249761816,2.969563316323956;3.0224241131016276
# p=3 gen  1: best_d64=0.7362528369  pop=100
# p=3 gen  2: best_d64=0.7362528369  pop=100
# p=3 gen  3: best_d64=0.7362528369  pop=100
# p=3 gen  4: best_d64=0.7362528369  pop=100
# p=3 gen  4: best_d64=0.7362528369  pop=-1
7,8,3,0.736252836864,13852,1.8,2.8342115537101575;2.7083540627999887;2.6774208198184106,2.9707100905445674;2.9974919674775107;3.0393357827492404
# p=4 gen  1: best_d64=0.7592085208  pop=100
# p=4 gen  2: best_d64=0.7592085208  pop=100
# p=4 gen  3: best_d64=0.7592085208  pop=100
# p=4 gen  4: best_d64=0.7592085208  pop=100
# p=4 gen  4: best_d64=0.7592085208  pop=-1
7,8,4,0.759208520833,15960,6.3,2.8566134248129362;2.741786527616959;2.724572906427694;2.691822549663552,2.9748572171403036;2.9965749635095267;3.0055061939001226;3.0506884141273383
# p=5 gen  1: best_d64=0.7761484988  pop=100
# p=5 gen  2: best_d64=0.7761484988  pop=100
# p=5 gen  3: best_d64=0.7761484988  pop=100
# p=5 gen  4: best_d64=0.7761484988  pop=100
# p=5 gen  4: best_d64=0.7761484988  pop=-1
7,8,5,0.776148498768,17117,28.2,2.8720123311335475;2.7615150868270617;2.7545180550059887;2.7386436246693155;2.7019577720080012,2.978523811422477;2.998956405575832;3.0021002586903167;3.010594194267242;3.059177961431641
# p=6 gen  1: best_d64=0.7892361358  pop=100
# p=6 gen  2: best_d64=0.7892361359  pop=100
# p=6 gen  3: best_d64=0.7892361359  pop=100
# p=6 gen  4: best_d64=0.7892361359  pop=100
# p=6 gen  4: best_d64=0.7892361359  pop=-1
7,8,6,0.789236135922,15885,129.8,2.8829840995174205;2.7754608597143724;2.7721936770339717;2.768801979504179;2.7505138884157914;2.709276045787685,2.98157835242467;3.0021455721661385;3.002922910852499;3.0047499643267184;3.0149828142082193;3.0660326888185616
# p=7 gen  1: best_d64=0.7996661213  pop=100
# p=7 gen  2: best_d64=0.7996661689  pop=100
# p=7 gen  3: best_d64=0.7996661689  pop=100
# p=7 gen  4: best_d64=0.7996661689  pop=100
# p=7 gen  5: best_d64=0.7996661690  pop=100
# p=7 gen  5: best_d64=0.7996661690  pop=-1
7,8,7,0.799666168952,21235,758.2,2.891286454009811;2.786273106944564;2.78439841761557;2.785986679103331;2.781698426324737;2.7595214553226968;2.714411826470651,2.984237643590294;3.0051736977837074;3.0051358427776425;3.0038906889346353;3.006777510278249;3.0191992160691736;3.0717429079523364
# p=8 gen  1: best_d64=0.8081783896  pop=100
# p=8 gen  2: best_d64=0.8081790349  pop=100
# p=8 gen  3: best_d64=0.8081790349  pop=100
# p=8 gen  4: best_d64=0.8081790349  pop=100
# p=8 gen  5: best_d64=0.8081790349  pop=100
# p=8 gen  5: best_d64=0.8081790349  pop=-1
7,8,8,0.808179034935,17770,3066.2,2.8978553361850676;2.794988018705685;2.7936169709198033;2.797861916015099;2.799154899217721;2.792001827988356;2.766134018972927;2.718016456945484,2.986564398349568;3.007883729255392;3.0076216220877003;3.0051874704153523;3.00429000230492;3.008814379450079;3.0233162460574676;3.0765795809362197
# p=9 gen  1: best_d64=0.8152583148  pop=100
=== QAOA Double64 Swarm ===
Task:  15 / 15
Pair:  k=7, D=8
Node:  swift-c3dnodesetssd-20
CPUs:  28
Start: Wed Apr 22 04:25:10 UTC 2026
Job:   1357786_15

--- Node diagnostics ---
Hostname: swift-c3dnodesetssd-20
Memory:                  total        used        free      shared  buff/cache   available
Mem:           1.4Ti       9.1Gi       1.4Ti       3.3Mi       2.2Gi       1.4Ti
Disk:     10.17.247.218:/nfsshare   25T   15T  9.1T  62% /home
Julia:    /home/stephenjordan_google_com/julia-1.12.5/bin/julia
Git HEAD: 25cb9d9

Removing stale results/swarm-d64-k7d8.csv
Checking Julia environment...
Environment ready.

Starting swarm_chain_d64.jl with 28 threads at Wed Apr 22 04:25:14 UTC 2026
# swarm-d64 chain: k=7, D=8, p=1-15, pop=100, gens=10, burst=20, seed=42
k,D,p,ctilde,evals,wall_seconds,gamma,beta
# p=1 gen  1: best_d64=0.6477308086  pop=100
# p=1 gen  2: best_d64=0.6477308086  pop=100
# p=1 gen  3: best_d64=0.6477308086  pop=100
# p=1 gen  4: best_d64=0.6477308086  pop=100
# p=1 gen  4: best_d64=0.6477308086  pop=-1
7,8,1,0.647730808612,5217,5.1,2.7120891489708967,1.7293931202148443
# p=2 gen  1: best_d64=0.7026486399  pop=100
# p=2 gen  2: best_d64=0.7026486399  pop=100
# p=2 gen  3: best_d64=0.7026486399  pop=100
# p=2 gen  4: best_d64=0.7026486399  pop=100
# p=2 gen  4: best_d64=0.7026486399  pop=-1
7,8,2,0.702648639882,10023,0.9,2.795483210442226;2.6539223249761816,2.969563316323956;3.0224241131016276
# p=3 gen  1: best_d64=0.7362528369  pop=100
# p=3 gen  2: best_d64=0.7362528369  pop=100
# p=3 gen  3: best_d64=0.7362528369  pop=100
# p=3 gen  4: best_d64=0.7362528369  pop=100
# p=3 gen  4: best_d64=0.7362528369  pop=-1
7,8,3,0.736252836864,13738,1.7,2.8342115537101575;2.7083540627999887;2.6774208198184106,2.9707100905445674;2.9974919674775107;3.0393357827492404
# p=4 gen  1: best_d64=0.7592085208  pop=100
# p=4 gen  2: best_d64=0.7592085208  pop=100
# p=4 gen  3: best_d64=0.7592085208  pop=100
# p=4 gen  4: best_d64=0.7592085208  pop=100
# p=4 gen  4: best_d64=0.7592085208  pop=-1
7,8,4,0.759208520833,16055,6.2,2.8566134248129362;2.741786527616959;2.724572906427694;2.691822549663552,2.9748572171403036;2.9965749635095267;3.0055061939001226;3.0506884141273383
# p=5 gen  1: best_d64=0.7761484988  pop=100
# p=5 gen  2: best_d64=0.7761484988  pop=100
# p=5 gen  3: best_d64=0.7761484988  pop=100
# p=5 gen  4: best_d64=0.7761484988  pop=100
# p=5 gen  4: best_d64=0.7761484988  pop=-1
7,8,5,0.776148498768,17116,27.8,2.8720123311335475;2.7615150868270617;2.7545180550059887;2.7386436246693155;2.7019577720080012,2.978523811422477;2.998956405575832;3.0021002586903167;3.010594194267242;3.059177961431641
# p=6 gen  1: best_d64=0.7892361358  pop=100
# p=6 gen  2: best_d64=0.7892361359  pop=100
# p=6 gen  3: best_d64=0.7892361359  pop=100
# p=6 gen  4: best_d64=0.7892361359  pop=100
# p=6 gen  4: best_d64=0.7892361359  pop=-1
7,8,6,0.789236135922,15885,128.9,2.8829840995174205;2.7754608597143724;2.7721936770339717;2.768801979504179;2.7505138884157914;2.709276045787685,2.98157835242467;3.0021455721661385;3.002922910852499;3.0047499643267184;3.0149828142082193;3.0660326888185616
# p=7 gen  1: best_d64=0.7996661213  pop=100
# p=7 gen  2: best_d64=0.7996661689  pop=100
# p=7 gen  3: best_d64=0.7996661689  pop=100
# p=7 gen  4: best_d64=0.7996661689  pop=100
# p=7 gen  5: best_d64=0.7996661690  pop=100
# p=7 gen  5: best_d64=0.7996661690  pop=-1
7,8,7,0.799666168952,21235,752.8,2.891286454009811;2.786273106944564;2.78439841761557;2.785986679103331;2.781698426324737;2.7595214553226968;2.714411826470651,2.984237643590294;3.0051736977837074;3.0051358427776425;3.0038906889346353;3.006777510278249;3.0191992160691736;3.0717429079523364
# p=8 gen  1: best_d64=0.8081783896  pop=100
# p=8 gen  2: best_d64=0.8081790349  pop=100
# p=8 gen  3: best_d64=0.8081790349  pop=100
# p=8 gen  4: best_d64=0.8081790349  pop=100
# p=8 gen  5: best_d64=0.8081790349  pop=100
# p=8 gen  5: best_d64=0.8081790349  pop=-1
7,8,8,0.808179034935,17770,3052.0,2.8978553361850676;2.794988018705685;2.7936169709198033;2.797861916015099;2.799154899217721;2.792001827988356;2.766134018972927;2.718016456945484,2.986564398349568;3.007883729255392;3.0076216220877003;3.0051874704153523;3.00429000230492;3.008814379450079;3.0233162460574676;3.0765795809362197
# p=9 gen  1: best_d64=0.8152583148  pop=100
# p=9 gen  2: best_d64=0.8152595111  pop=100
# p=9 gen  3: best_d64=0.8152595111  pop=100
=== QAOA Double64 Swarm ===
Task:  15 / 15
Pair:  k=7, D=8
Node:  swift-c3dnodesetssd-21
CPUs:  28
Start: Wed Apr 22 08:34:41 UTC 2026
Job:   1357786_15

--- Node diagnostics ---
Hostname: swift-c3dnodesetssd-21
Memory:                  total        used        free      shared  buff/cache   available
Mem:           1.4Ti       9.1Gi       1.4Ti       3.3Mi       2.2Gi       1.4Ti
Disk:     10.17.247.218:/nfsshare   25T   15T  9.1T  62% /home
Julia:    /home/stephenjordan_google_com/julia-1.12.5/bin/julia
Git HEAD: 25cb9d9

Removing stale results/swarm-d64-k7d8.csv
Checking Julia environment...
Environment ready.

Starting swarm_chain_d64.jl with 28 threads at Wed Apr 22 08:34:46 UTC 2026
# swarm-d64 chain: k=7, D=8, p=1-15, pop=100, gens=10, burst=20, seed=42
k,D,p,ctilde,evals,wall_seconds,gamma,beta
# p=1 gen  1: best_d64=0.6477308086  pop=100
# p=1 gen  2: best_d64=0.6477308086  pop=100
# p=1 gen  3: best_d64=0.6477308086  pop=100
# p=1 gen  4: best_d64=0.6477308086  pop=100
# p=1 gen  4: best_d64=0.6477308086  pop=-1
7,8,1,0.647730808612,5242,5.1,2.7120891489708967,1.7293931202148443
# p=2 gen  1: best_d64=0.7026486399  pop=100
# p=2 gen  2: best_d64=0.7026486399  pop=100
# p=2 gen  3: best_d64=0.7026486399  pop=100
# p=2 gen  4: best_d64=0.7026486399  pop=100
# p=2 gen  4: best_d64=0.7026486399  pop=-1
7,8,2,0.702648639882,10023,0.8,2.795483210442226;2.6539223249761816,2.969563316323956;3.0224241131016276
# p=3 gen  1: best_d64=0.7362528369  pop=100
# p=3 gen  2: best_d64=0.7362528369  pop=100
# p=3 gen  3: best_d64=0.7362528369  pop=100
# p=3 gen  4: best_d64=0.7362528369  pop=100
# p=3 gen  4: best_d64=0.7362528369  pop=-1
7,8,3,0.736252836864,13739,1.7,2.8342115537101575;2.7083540627999887;2.6774208198184106,2.9707100905445674;2.9974919674775107;3.0393357827492404
# p=4 gen  1: best_d64=0.7592085208  pop=100
# p=4 gen  2: best_d64=0.7592085208  pop=100
# p=4 gen  3: best_d64=0.7592085208  pop=100
# p=4 gen  4: best_d64=0.7592085208  pop=100
# p=4 gen  4: best_d64=0.7592085208  pop=-1
7,8,4,0.759208520833,15894,6.2,2.8566134248129362;2.741786527616959;2.724572906427694;2.691822549663552,2.9748572171403036;2.9965749635095267;3.0055061939001226;3.0506884141273383
# p=5 gen  1: best_d64=0.7761484988  pop=100
# p=5 gen  2: best_d64=0.7761484988  pop=100
# p=5 gen  3: best_d64=0.7761484988  pop=100
# p=5 gen  4: best_d64=0.7761484988  pop=100
# p=5 gen  4: best_d64=0.7761484988  pop=-1
7,8,5,0.776148498768,17003,27.8,2.8720123311335475;2.7615150868270617;2.7545180550059887;2.7386436246693155;2.7019577720080012,2.978523811422477;2.998956405575832;3.0021002586903167;3.010594194267242;3.059177961431641
# p=6 gen  1: best_d64=0.7892361358  pop=100
# p=6 gen  2: best_d64=0.7892361359  pop=100
# p=6 gen  3: best_d64=0.7892361359  pop=100
# p=6 gen  4: best_d64=0.7892361359  pop=100
# p=6 gen  4: best_d64=0.7892361359  pop=-1
7,8,6,0.789236135922,15885,129.0,2.8829840995174205;2.7754608597143724;2.7721936770339717;2.768801979504179;2.7505138884157914;2.709276045787685,2.98157835242467;3.0021455721661385;3.002922910852499;3.0047499643267184;3.0149828142082193;3.0660326888185616
# p=7 gen  1: best_d64=0.7996661213  pop=100
# p=7 gen  2: best_d64=0.7996661689  pop=100
# p=7 gen  3: best_d64=0.7996661689  pop=100
=== QAOA Double64 Swarm ===
Task:  15 / 15
Pair:  k=7, D=8
Node:  swift-c3dnodesetssd-14
CPUs:  28
Start: Wed Apr 22 08:50:42 UTC 2026
Job:   1357786_15

--- Node diagnostics ---
Hostname: swift-c3dnodesetssd-14
Memory:                  total        used        free      shared  buff/cache   available
Mem:           1.4Ti       9.1Gi       1.4Ti       3.3Mi       2.4Gi       1.4Ti
Disk:     10.17.247.218:/nfsshare   25T   15T  9.1T  62% /home
Julia:    /home/stephenjordan_google_com/julia-1.12.5/bin/julia
Git HEAD: 25cb9d9

Removing stale results/swarm-d64-k7d8.csv
Checking Julia environment...
Environment ready.

Starting swarm_chain_d64.jl with 28 threads at Wed Apr 22 08:50:51 UTC 2026
# swarm-d64 chain: k=7, D=8, p=1-15, pop=100, gens=10, burst=20, seed=42
k,D,p,ctilde,evals,wall_seconds,gamma,beta
# p=1 gen  1: best_d64=0.6477308086  pop=100
# p=1 gen  2: best_d64=0.6477308086  pop=100
# p=1 gen  3: best_d64=0.6477308086  pop=100
# p=1 gen  4: best_d64=0.6477308086  pop=100
# p=1 gen  4: best_d64=0.6477308086  pop=-1
7,8,1,0.647730808612,5243,5.1,2.7120891489708967,1.7293931202148443
# p=2 gen  1: best_d64=0.7026486399  pop=100
# p=2 gen  2: best_d64=0.7026486399  pop=100
# p=2 gen  3: best_d64=0.7026486399  pop=100
# p=2 gen  4: best_d64=0.7026486399  pop=100
# p=2 gen  4: best_d64=0.7026486399  pop=-1
7,8,2,0.702648639882,10023,0.9,2.795483210442226;2.6539223249761816,2.969563316323956;3.0224241131016276
# p=3 gen  1: best_d64=0.7362528369  pop=100
# p=3 gen  2: best_d64=0.7362528369  pop=100
# p=3 gen  3: best_d64=0.7362528369  pop=100
# p=3 gen  4: best_d64=0.7362528369  pop=100
# p=3 gen  4: best_d64=0.7362528369  pop=-1
7,8,3,0.736252836864,13851,1.9,2.8342115537101575;2.7083540627999887;2.6774208198184106,2.9707100905445674;2.9974919674775107;3.0393357827492404
# p=4 gen  1: best_d64=0.7592085208  pop=100
# p=4 gen  2: best_d64=0.7592085208  pop=100
# p=4 gen  3: best_d64=0.7592085208  pop=100
# p=4 gen  4: best_d64=0.7592085208  pop=100
# p=4 gen  4: best_d64=0.7592085208  pop=-1
7,8,4,0.759208520833,16058,6.3,2.8566134248129362;2.741786527616959;2.724572906427694;2.691822549663552,2.9748572171403036;2.9965749635095267;3.0055061939001226;3.0506884141273383
# p=5 gen  1: best_d64=0.7761484988  pop=100
# p=5 gen  2: best_d64=0.7761484988  pop=100
# p=5 gen  3: best_d64=0.7761484988  pop=100
# p=5 gen  4: best_d64=0.7761484988  pop=100
# p=5 gen  4: best_d64=0.7761484988  pop=-1
7,8,5,0.776148498768,17036,28.2,2.8720123311335475;2.7615150868270617;2.7545180550059887;2.7386436246693155;2.7019577720080012,2.978523811422477;2.998956405575832;3.0021002586903167;3.010594194267242;3.059177961431641
# p=6 gen  1: best_d64=0.7892361358  pop=100
# p=6 gen  2: best_d64=0.7892361359  pop=100
# p=6 gen  3: best_d64=0.7892361359  pop=100
# p=6 gen  4: best_d64=0.7892361359  pop=100
# p=6 gen  4: best_d64=0.7892361359  pop=-1
7,8,6,0.789236135922,15885,130.0,2.8829840995174205;2.7754608597143724;2.7721936770339717;2.768801979504179;2.7505138884157914;2.709276045787685,2.98157835242467;3.0021455721661385;3.002922910852499;3.0047499643267184;3.0149828142082193;3.0660326888185616
# p=7 gen  1: best_d64=0.7996661213  pop=100
# p=7 gen  2: best_d64=0.7996661689  pop=100
# p=7 gen  3: best_d64=0.7996661689  pop=100
# p=7 gen  4: best_d64=0.7996661689  pop=100
# p=7 gen  5: best_d64=0.7996661690  pop=100
# p=7 gen  5: best_d64=0.7996661690  pop=-1
7,8,7,0.799666168952,21235,758.1,2.891286454009811;2.786273106944564;2.78439841761557;2.785986679103331;2.781698426324737;2.7595214553226968;2.714411826470651,2.984237643590294;3.0051736977837074;3.0051358427776425;3.0038906889346353;3.006777510278249;3.0191992160691736;3.0717429079523364
# p=8 gen  1: best_d64=0.8081783896  pop=100
# p=8 gen  2: best_d64=0.8081790349  pop=100
# p=8 gen  3: best_d64=0.8081790349  pop=100
# p=8 gen  4: best_d64=0.8081790349  pop=100
# p=8 gen  5: best_d64=0.8081790349  pop=100
# p=8 gen  5: best_d64=0.8081790349  pop=-1
7,8,8,0.808179034935,17770,3069.0,2.8978553361850676;2.794988018705685;2.7936169709198033;2.797861916015099;2.799154899217721;2.792001827988356;2.766134018972927;2.718016456945484,2.986564398349568;3.007883729255392;3.0076216220877003;3.0051874704153523;3.00429000230492;3.008814379450079;3.0233162460574676;3.0765795809362197
# p=9 gen  1: best_d64=0.8152583148  pop=100
# p=9 gen  2: best_d64=0.8152595111  pop=100
# p=9 gen  3: best_d64=0.8152595111  pop=100
# p=9 gen  4: best_d64=0.8152595111  pop=100
# p=9 gen  5: best_d64=0.8152595111  pop=100
# p=9 gen  5: best_d64=0.8152595111  pop=-1
7,8,9,0.815259511100,16930,14964.4,2.903209497517838;2.8022397080705477;2.8009809491182884;2.806656014820957;2.8110416123318234;2.8101117975583563;2.8000187302307777;2.77091601408078;2.720551093461147,2.9886104822279793;3.0102917649587915;3.0100116243481034;3.0070543186456464;3.004769665128552;3.0048066018120623;3.0109784984997288;3.0273224779495793;3.0807417225655875
# p=10 gen  1: best_d64=0.8212311264  pop=100
# p=10 gen  2: best_d64=0.8212416899  pop=100
# p=10 gen  3: best_d64=0.8212416900  pop=100
# p=10 gen  4: best_d64=0.8212416900  pop=100
# p=10 gen  5: best_d64=0.8212416900  pop=100
# p=10 gen  5: best_d64=0.8212416900  pop=-1
7,8,10,0.821241690059,12724,61095.9,2.9076882463313622;2.8084034439569825;2.80706484309387;2.8135934806859004;2.8197209834914583;2.82210556171247;2.8189518730145706;2.8061844525713333;2.7742900507385855;2.7222785597377372,2.990420662613365;3.0124229865816465;3.0122093335834954;3.0090555479750476;3.0060224232555766;3.0045451346426604;3.005559798913363;3.0132767642981264;3.031203114193263;3.0843840084175524
# p=11 gen  1: best_d64=0.8263249417  pop=100
# p=11 gen  2: best_d64=0.8263635596  pop=100
# p=11 gen  3: best_d64=0.8263635667  pop=100
# p=11 gen  4: best_d64=0.8263635667  pop=100
# p=11 gen  5: best_d64=0.8263635667  pop=100
# p=11 gen  6: best_d64=0.8263635667  pop=100
# p=11 gen  6: best_d64=0.8263635667  pop=-1
7,8,11,0.826363566672,14186,341246.9,2.9115225505939857;2.8137391927553086;2.81222136982347;2.819279081682824;2.8264882139140015;2.8307913266040936;2.83114195874104;2.8260377966352332;2.810893172527024;2.7765682702347636;2.723358358648002,2.992034886093136;3.0143155377767514;3.014203981335759;3.0109890747468113;3.0076244698389574;3.0052196366706188;3.004622213927541;3.0065610522240833;3.0156842716140373;3.03494035239459;3.08760908151011
/var/spool/slurmd/job1357786/slurm_script: line 124: 11013 Killed                  julia --project=. -t ${SLURM_CPUS_PER_TASK:-28} scripts/swarm_chain_d64.jl $K $D 15 100 10 20 42

Exit code: 137
Done: Mon Apr 27 06:09:21 UTC 2026
FAILED — pushing logs
