=== QAOA Double64 Swarm ===
Task:  2 / 15
Pair:  k=3, D=5
Node:  swift-c3dnodesetssd-1
CPUs:  28
Start: Fri Apr 10 23:35:37 UTC 2026
Job:   1326055_2

--- Node diagnostics ---
Hostname: swift-c3dnodesetssd-1
Memory:                  total        used        free      shared  buff/cache   available
Mem:           1.4Ti       9.0Gi       1.4Ti       3.3Mi       2.2Gi       1.4Ti
Disk:     10.17.247.218:/nfsshare   25T   15T  9.6T  60% /home
Julia:    /home/stephenjordan_google_com/julia-1.12.5/bin/julia
Git HEAD: 411f899

Checking Julia environment...
Environment ready.

Starting swarm_chain_d64.jl with 28 threads at Fri Apr 10 23:35:42 UTC 2026
# swarm-d64 chain: k=3, D=5, p=1-15, pop=100, gens=10, burst=20, seed=42
k,D,p,ctilde,evals,wall_seconds,gamma,beta
# p=1 gen  1: best_d64=0.6554451990  pop=100
# p=1 gen  2: best_d64=0.6554451990  pop=100
# p=1 gen  3: best_d64=0.6554451990  pop=100
# p=1 gen  4: best_d64=0.6554451990  pop=100
# p=1 gen  4: best_d64=0.6554451990  pop=-1
3,5,1,0.655445198972,4776,5.2,3.6289894626436183,1.8587641536398587
# p=2 gen  1: best_d64=0.7115605478  pop=100
# p=2 gen  2: best_d64=0.7115605478  pop=100
# p=2 gen  3: best_d64=0.7115605478  pop=100
# p=2 gen  4: best_d64=0.7115605478  pop=100
# p=2 gen  4: best_d64=0.7115605478  pop=-1
3,5,2,0.711560547762,11270,0.9,5.910093805264735;2.513031821978793,0.3588311640719598;1.3607444305829315
# p=3 gen  1: best_d64=0.7458766556  pop=100
# p=3 gen  2: best_d64=0.7458766556  pop=100
# p=3 gen  3: best_d64=0.7458766556  pop=100
# p=3 gen  4: best_d64=0.7458766556  pop=100
# p=3 gen  4: best_d64=0.7458766556  pop=-1
3,5,3,0.745876655551,16023,2.0,3.461291846652497;3.6846184114207556;3.7684982064236223,0.379856986050204;2.8542270096204834;1.7441807075664997
# p=4 gen  1: best_d64=0.7570292458  pop=100
# p=4 gen  2: best_d64=0.7688440909  pop=100
# p=4 gen  3: best_d64=0.7688440909  pop=100
# p=4 gen  4: best_d64=0.7688440909  pop=100
# p=4 gen  5: best_d64=0.7688440909  pop=100
# p=4 gen  5: best_d64=0.7688440909  pop=-1
3,5,4,0.768844090898,23348,10.6,0.28676895388477547;0.490698577035674;5.730116417612821;2.51307519243921,0.38434183356786866;1.8796891987677702;0.2568492521895844;1.4211026372225815
# p=5 gen  1: best_d64=0.7857097423  pop=100
# p=5 gen  2: best_d64=0.7857097438  pop=100
# p=5 gen  3: best_d64=0.7857097438  pop=100
# p=5 gen  4: best_d64=0.7857097438  pop=100
# p=5 gen  5: best_d64=0.7857097438  pop=100
# p=5 gen  5: best_d64=0.7857097438  pop=-1
3,5,5,0.785709743790,25789,52.4,3.4059859270473813;0.45889651572032897;0.5028082436877018;0.5560149085045067;2.5113870355631676,2.7548629404310083;2.8258465477492027;2.862109358816905;1.3334523810307772;1.703072228619285
# p=6 gen  1: best_d64=0.7894737739  pop=100
# p=6 gen  2: best_d64=0.7901193987  pop=100
# p=6 gen  3: best_d64=0.7901193987  pop=100
# p=6 gen  4: best_d64=0.7901193987  pop=100
# p=6 gen  5: best_d64=0.7901193987  pop=100
# p=6 gen  5: best_d64=0.7901193987  pop=-1
3,5,6,0.790119398746,28189,281.0,3.399122780230089;5.833616626581233;0.4953729479157601;5.55000905598;3.266936549310145;3.777008817070279,1.9579106558398247;1.8898838391945278;1.8649499170703527;2.9394583740811258;1.1189702434428377;1.6972583890708037
# p=7 gen  1: best_d64=0.7889937151  pop=100
# p=7 gen  2: best_d64=0.7986437563  pop=100
# p=7 gen  3: best_d64=0.8012216742  pop=100
# p=7 gen  4: best_d64=0.8019712692  pop=100
# p=7 gen  5: best_d64=0.8019712694  pop=100
# p=7 gen  6: best_d64=0.8019712694  pop=100
# p=7 gen  7: best_d64=0.8019712694  pop=100
# p=7 gen  8: best_d64=0.8019712694  pop=100
# p=7 gen  8: best_d64=0.8019712694  pop=-1
3,5,7,0.801971269451,46108,2106.4,6.040142187215144;3.5665264483361443;5.797033583137669;6.140701636488718;0.6983794523999105;0.5587934867678718;0.633876476610103,1.9575098885637248;1.2558777319629453;1.0557616885533239;0.19313699504466197;2.880754129491552;2.9256815789600825;3.0261617671187873
# p=8 gen  1: best_d64=0.8112580735  pop=100
# p=8 gen  2: best_d64=0.8112586391  pop=100
# p=8 gen  3: best_d64=0.8112586391  pop=100
# p=8 gen  4: best_d64=0.8112586391  pop=100
# p=8 gen  5: best_d64=0.8112586391  pop=100
# p=8 gen  5: best_d64=0.8112586391  pop=-1
3,5,8,0.811258639081,32379,6177.9,6.052061056053941;3.549062585581285;5.817149584690063;6.147346739578197;0.6571304378626045;0.5022102813228714;0.5553242818814241;0.6325305165271545,1.9567133808170931;1.256758234506425;1.0620452253274604;0.17936056862302605;2.8674268654560273;2.895039935917925;2.93661758420383;3.035901098453792
# p=9 gen  1: best_d64=0.8191106133  pop=100
# p=9 gen  2: best_d64=0.8191111573  pop=100
# p=9 gen  3: best_d64=0.8191111579  pop=100
# p=9 gen  4: best_d64=0.8191111579  pop=100
# p=9 gen  5: best_d64=0.8191111579  pop=100
# p=9 gen  6: best_d64=0.8191111579  pop=100
# p=9 gen  6: best_d64=0.8191111579  pop=-1
3,5,9,0.819111157931,38233,35180.5,6.0614750479024;3.5350551623022426;5.832376154599331;6.150433160184292;0.632716760932997;0.4737582974217294;0.50155413772647;0.5594059249832981;0.6385370425669724,1.9556150739137703;1.2585426651216074;1.0680368988195095;0.1701169304334297;2.8629724966873584;2.8774701396975013;2.905240664428201;2.948136692037692;3.0444241217021157
# p=10 gen  1: best_d64=0.8256884563  pop=100
# p=10 gen  2: best_d64=0.8256892394  pop=100
# p=10 gen  3: best_d64=0.8256892404  pop=100
# p=10 gen  4: best_d64=0.8256892405  pop=100
=== QAOA Double64 Swarm ===
Task:  2 / 15
Pair:  k=3, D=5
Node:  swift-c3dnodesetssd-1
CPUs:  28
Start: Wed Apr 15 04:30:32 UTC 2026
Job:   1357786_2

--- Node diagnostics ---
Hostname: swift-c3dnodesetssd-1
Memory:                  total        used        free      shared  buff/cache   available
Mem:           1.4Ti       9.1Gi       1.4Ti       3.3Mi       2.2Gi       1.4Ti
Disk:     10.17.247.218:/nfsshare   25T   15T  9.5T  61% /home
Julia:    /home/stephenjordan_google_com/julia-1.12.5/bin/julia
Git HEAD: 605aa66

Removing stale results/swarm-d64-k3d5.csv
Checking Julia environment...
Environment ready.

Starting swarm_chain_d64.jl with 28 threads at Wed Apr 15 04:30:48 UTC 2026
# swarm-d64 chain: k=3, D=5, p=1-15, pop=100, gens=10, burst=20, seed=42
k,D,p,ctilde,evals,wall_seconds,gamma,beta
# p=1 gen  1: best_d64=0.6554451990  pop=100
# p=1 gen  2: best_d64=0.6554451990  pop=100
# p=1 gen  3: best_d64=0.6554451990  pop=100
# p=1 gen  4: best_d64=0.6554451990  pop=100
# p=1 gen  4: best_d64=0.6554451990  pop=-1
3,5,1,0.655445198972,4712,5.5,3.6289894626436183,1.8587641536398587
# p=2 gen  1: best_d64=0.7115605478  pop=100
# p=2 gen  2: best_d64=0.7115605478  pop=100
# p=2 gen  3: best_d64=0.7115605478  pop=100
# p=2 gen  4: best_d64=0.7115605478  pop=100
# p=2 gen  4: best_d64=0.7115605478  pop=-1
3,5,2,0.711560547762,11326,0.9,5.910093805264735;2.513031821978793,0.3588311640719598;1.3607444305829315
# p=3 gen  1: best_d64=0.7458766556  pop=100
# p=3 gen  2: best_d64=0.7458766556  pop=100
# p=3 gen  3: best_d64=0.7458766556  pop=100
# p=3 gen  4: best_d64=0.7458766556  pop=100
# p=3 gen  4: best_d64=0.7458766556  pop=-1
3,5,3,0.745876655551,16071,2.0,3.461291846652497;3.6846184114207556;3.7684982064236223,0.379856986050204;2.8542270096204834;1.7441807075664997
# p=4 gen  1: best_d64=0.7570292458  pop=100
# p=4 gen  2: best_d64=0.7688440909  pop=100
# p=4 gen  3: best_d64=0.7688440909  pop=100
# p=4 gen  4: best_d64=0.7688440909  pop=100
# p=4 gen  5: best_d64=0.7688440909  pop=100
# p=4 gen  5: best_d64=0.7688440909  pop=-1
3,5,4,0.768844090898,23443,10.7,0.28676895388477547;0.490698577035674;5.730116417612821;2.51307519243921,0.38434183356786866;1.8796891987677702;0.2568492521895844;1.4211026372225815
# p=5 gen  1: best_d64=0.7857097423  pop=100
# p=5 gen  2: best_d64=0.7857097438  pop=100
# p=5 gen  3: best_d64=0.7857097438  pop=100
# p=5 gen  4: best_d64=0.7857097438  pop=100
# p=5 gen  5: best_d64=0.7857097438  pop=100
# p=5 gen  5: best_d64=0.7857097438  pop=-1
3,5,5,0.785709743790,25672,52.0,3.4059859270473813;0.45889651572032897;0.5028082436877018;0.5560149085045067;2.5113870355631676,2.7548629404310083;2.8258465477492027;2.862109358816905;1.3334523810307772;1.703072228619285
# p=6 gen  1: best_d64=0.7894737739  pop=100
# p=6 gen  2: best_d64=0.7901193987  pop=100
# p=6 gen  3: best_d64=0.7901193987  pop=100
# p=6 gen  4: best_d64=0.7901193987  pop=100
# p=6 gen  5: best_d64=0.7901193987  pop=100
# p=6 gen  5: best_d64=0.7901193987  pop=-1
3,5,6,0.790119398746,28130,278.7,3.399122780230089;5.833616626581233;0.4953729479157601;5.55000905598;3.266936549310145;3.777008817070279,1.9579106558398247;1.8898838391945278;1.8649499170703527;2.9394583740811258;1.1189702434428377;1.6972583890708037
# p=7 gen  1: best_d64=0.7889937151  pop=100
# p=7 gen  2: best_d64=0.7986437563  pop=100
# p=7 gen  3: best_d64=0.8012216742  pop=100
# p=7 gen  4: best_d64=0.8019712692  pop=100
# p=7 gen  5: best_d64=0.8019712694  pop=100
# p=7 gen  6: best_d64=0.8019712694  pop=100
# p=7 gen  7: best_d64=0.8019712694  pop=100
# p=7 gen  8: best_d64=0.8019712694  pop=100
# p=7 gen  8: best_d64=0.8019712694  pop=-1
3,5,7,0.801971269451,46108,2081.2,6.040142187215144;3.5665264483361443;5.797033583137669;6.140701636488718;0.6983794523999105;0.5587934867678718;0.633876476610103,1.9575098885637248;1.2558777319629453;1.0557616885533239;0.19313699504466197;2.880754129491552;2.9256815789600825;3.0261617671187873
# p=8 gen  1: best_d64=0.8112580735  pop=100
# p=8 gen  2: best_d64=0.8112586391  pop=100
# p=8 gen  3: best_d64=0.8112586391  pop=100
# p=8 gen  4: best_d64=0.8112586391  pop=100
# p=8 gen  5: best_d64=0.8112586391  pop=100
# p=8 gen  5: best_d64=0.8112586391  pop=-1
3,5,8,0.811258639081,32316,6138.5,6.052061056053941;3.549062585581285;5.817149584690063;6.147346739578197;0.6571304378626045;0.5022102813228714;0.5553242818814241;0.6325305165271545,1.9567133808170931;1.256758234506425;1.0620452253274604;0.17936056862302605;2.8674268654560273;2.895039935917925;2.93661758420383;3.035901098453792
# p=9 gen  1: best_d64=0.8191106133  pop=100
# p=9 gen  2: best_d64=0.8191111573  pop=100
# p=9 gen  3: best_d64=0.8191111579  pop=100
# p=9 gen  4: best_d64=0.8191111579  pop=100
# p=9 gen  5: best_d64=0.8191111579  pop=100
# p=9 gen  6: best_d64=0.8191111579  pop=100
# p=9 gen  6: best_d64=0.8191111579  pop=-1
3,5,9,0.819111157931,38233,35023.1,6.0614750479024;3.5350551623022426;5.832376154599331;6.150433160184292;0.632716760932997;0.4737582974217294;0.50155413772647;0.5594059249832981;0.6385370425669724,1.9556150739137703;1.2585426651216074;1.0680368988195095;0.1701169304334297;2.8629724966873584;2.8774701396975013;2.905240664428201;2.948136692037692;3.0444241217021157
# p=10 gen  1: best_d64=0.8256884563  pop=100
# p=10 gen  2: best_d64=0.8256892394  pop=100
# p=10 gen  3: best_d64=0.8256892404  pop=100
# p=10 gen  4: best_d64=0.8256892405  pop=100
# p=10 gen  5: best_d64=0.8256892405  pop=100
# p=10 gen  6: best_d64=0.8256892405  pop=100
# p=10 gen  6: best_d64=0.8256892405  pop=-1
3,5,10,0.825689240471,37927,171284.9,6.069258094989518;3.5235540558885368;5.845217926852752;6.1559988913842325;0.6104275688394458;0.45358559644034285;0.47055104831880573;0.5009046830293691;0.5615520476208149;0.6407741971071392,1.9544724244528668;1.2605091534241448;1.0735609570266478;0.16409115827331758;2.861966231709584;2.8713127980808797;2.885440234018703;2.914489566431471;2.958054902884158;3.051089921958674
# p=11 gen  1: best_d64=0.8312973975  pop=100
# p=11 gen  2: best_d64=0.8312989259  pop=100
=== QAOA Double64 Swarm ===
Task:  2 / 15
Pair:  k=3, D=5
Node:  swift-c3dnodesetssd-1
CPUs:  28
Start: Tue Apr 21 14:12:25 UTC 2026
Job:   1357786_2

--- Node diagnostics ---
Hostname: swift-c3dnodesetssd-1
Memory:                  total        used        free      shared  buff/cache   available
Mem:           1.4Ti       9.1Gi       1.4Ti       3.3Mi       2.3Gi       1.4Ti
Disk:     10.17.247.218:/nfsshare   25T   15T  9.2T  62% /home
Julia:    /home/stephenjordan_google_com/julia-1.12.5/bin/julia
Git HEAD: 7b59647

Removing stale results/swarm-d64-k3d5.csv
Checking Julia environment...
Precompiling packages...
    QaoaXorsat Being precompiled by another machine (hostname: swift-c3dnodesetssd-10, pid: 9762, pidfile: /home/stephenjordan_google_com/.julia/compiled/v1.12/QaoaXorsat/qgVWo_H0iNu.ji.pidfile)
  91015.2 ms  ✓ QaoaXorsat
  1 dependency successfully precompiled in 94 seconds. 52 already precompiled.
Environment ready.

Starting swarm_chain_d64.jl with 28 threads at Tue Apr 21 14:14:16 UTC 2026
# swarm-d64 chain: k=3, D=5, p=1-15, pop=100, gens=10, burst=20, seed=42
k,D,p,ctilde,evals,wall_seconds,gamma,beta
# p=1 gen  1: best_d64=0.6554451990  pop=100
# p=1 gen  2: best_d64=0.6554451990  pop=100
# p=1 gen  3: best_d64=0.6554451990  pop=100
# p=1 gen  4: best_d64=0.6554451990  pop=100
# p=1 gen  4: best_d64=0.6554451990  pop=-1
3,5,1,0.655445198972,4759,5.1,3.6289894626436183,1.8587641536398587
# p=2 gen  1: best_d64=0.7115605478  pop=100
# p=2 gen  2: best_d64=0.7115605478  pop=100
# p=2 gen  3: best_d64=0.7115605478  pop=100
# p=2 gen  4: best_d64=0.7115605478  pop=100
# p=2 gen  4: best_d64=0.7115605478  pop=-1
3,5,2,0.711560547762,11326,0.8,5.910093805264735;2.513031821978793,0.3588311640719598;1.3607444305829315
# p=3 gen  1: best_d64=0.7458766556  pop=100
# p=3 gen  2: best_d64=0.7458766556  pop=100
# p=3 gen  3: best_d64=0.7458766556  pop=100
# p=3 gen  4: best_d64=0.7458766556  pop=100
# p=3 gen  4: best_d64=0.7458766556  pop=-1
3,5,3,0.745876655551,16070,1.6,3.461291846652497;3.6846184114207556;3.7684982064236223,0.379856986050204;2.8542270096204834;1.7441807075664997
# p=4 gen  1: best_d64=0.7570292458  pop=100
# p=4 gen  2: best_d64=0.7688440909  pop=100
# p=4 gen  3: best_d64=0.7688440909  pop=100
# p=4 gen  4: best_d64=0.7688440909  pop=100
# p=4 gen  5: best_d64=0.7688440909  pop=100
# p=4 gen  5: best_d64=0.7688440909  pop=-1
3,5,4,0.768844090898,23519,7.1,0.28676895388477547;0.490698577035674;5.730116417612821;2.51307519243921,0.38434183356786866;1.8796891987677702;0.2568492521895844;1.4211026372225815
# p=5 gen  1: best_d64=0.7857097423  pop=100
# p=5 gen  2: best_d64=0.7857097438  pop=100
# p=5 gen  3: best_d64=0.7857097438  pop=100
# p=5 gen  4: best_d64=0.7857097438  pop=100
# p=5 gen  5: best_d64=0.7857097438  pop=100
# p=5 gen  5: best_d64=0.7857097438  pop=-1
3,5,5,0.785709743790,25789,32.4,3.4059859270473813;0.45889651572032897;0.5028082436877018;0.5560149085045067;2.5113870355631676,2.7548629404310083;2.8258465477492027;2.862109358816905;1.3334523810307772;1.703072228619285
# p=6 gen  1: best_d64=0.7894737739  pop=100
# p=6 gen  2: best_d64=0.7901193987  pop=100
# p=6 gen  3: best_d64=0.7901193987  pop=100
# p=6 gen  4: best_d64=0.7901193987  pop=100
# p=6 gen  5: best_d64=0.7901193987  pop=100
# p=6 gen  5: best_d64=0.7901193987  pop=-1
3,5,6,0.790119398746,28190,160.6,3.399122780230089;5.833616626581233;0.4953729479157601;5.55000905598;3.266936549310145;3.777008817070279,1.9579106558398247;1.8898838391945278;1.8649499170703527;2.9394583740811258;1.1189702434428377;1.6972583890708037
# p=7 gen  1: best_d64=0.7889937151  pop=100
# p=7 gen  2: best_d64=0.7986437563  pop=100
# p=7 gen  3: best_d64=0.8012216742  pop=100
# p=7 gen  4: best_d64=0.8019712692  pop=100
# p=7 gen  5: best_d64=0.8019712694  pop=100
# p=7 gen  6: best_d64=0.8019712694  pop=100
# p=7 gen  7: best_d64=0.8019712694  pop=100
# p=7 gen  8: best_d64=0.8019712694  pop=100
# p=7 gen  8: best_d64=0.8019712694  pop=-1
3,5,7,0.801971269451,46108,1247.7,6.040142187215144;3.5665264483361443;5.797033583137669;6.140701636488718;0.6983794523999105;0.5587934867678718;0.633876476610103,1.9575098885637248;1.2558777319629453;1.0557616885533239;0.19313699504466197;2.880754129491552;2.9256815789600825;3.0261617671187873
# p=8 gen  1: best_d64=0.8112580735  pop=100
# p=8 gen  2: best_d64=0.8112586391  pop=100
# p=8 gen  3: best_d64=0.8112586391  pop=100
# p=8 gen  4: best_d64=0.8112586391  pop=100
# p=8 gen  5: best_d64=0.8112586391  pop=100
# p=8 gen  5: best_d64=0.8112586391  pop=-1
3,5,8,0.811258639081,32379,3510.7,6.052061056053941;3.549062585581285;5.817149584690063;6.147346739578197;0.6571304378626045;0.5022102813228714;0.5553242818814241;0.6325305165271545,1.9567133808170931;1.256758234506425;1.0620452253274604;0.17936056862302605;2.8674268654560273;2.895039935917925;2.93661758420383;3.035901098453792
# p=9 gen  1: best_d64=0.8191106133  pop=100
# p=9 gen  2: best_d64=0.8191111573  pop=100
# p=9 gen  3: best_d64=0.8191111579  pop=100
# p=9 gen  4: best_d64=0.8191111579  pop=100
# p=9 gen  5: best_d64=0.8191111579  pop=100
# p=9 gen  6: best_d64=0.8191111579  pop=100
# p=9 gen  6: best_d64=0.8191111579  pop=-1
3,5,9,0.819111157931,38233,18671.4,6.0614750479024;3.5350551623022426;5.832376154599331;6.150433160184292;0.632716760932997;0.4737582974217294;0.50155413772647;0.5594059249832981;0.6385370425669724,1.9556150739137703;1.2585426651216074;1.0680368988195095;0.1701169304334297;2.8629724966873584;2.8774701396975013;2.905240664428201;2.948136692037692;3.0444241217021157
=== QAOA Double64 Swarm ===
Task:  2 / 15
Pair:  k=3, D=5
Node:  swift-c3dnodesetssd-1
CPUs:  28
Start: Tue Apr 21 20:55:01 UTC 2026
Job:   1357786_2

--- Node diagnostics ---
Hostname: swift-c3dnodesetssd-1
Memory:                  total        used        free      shared  buff/cache   available
Mem:           1.4Ti       9.1Gi       1.4Ti       3.3Mi       2.2Gi       1.4Ti
Disk:     10.17.247.218:/nfsshare   25T   15T  9.1T  62% /home
Julia:    /home/stephenjordan_google_com/julia-1.12.5/bin/julia
Git HEAD: 7b59647

Removing stale results/swarm-d64-k3d5.csv
Checking Julia environment...
Environment ready.

Starting swarm_chain_d64.jl with 28 threads at Tue Apr 21 20:55:14 UTC 2026
# swarm-d64 chain: k=3, D=5, p=1-15, pop=100, gens=10, burst=20, seed=42
k,D,p,ctilde,evals,wall_seconds,gamma,beta
# p=1 gen  1: best_d64=0.6554451990  pop=100
# p=1 gen  2: best_d64=0.6554451990  pop=100
# p=1 gen  3: best_d64=0.6554451990  pop=100
# p=1 gen  4: best_d64=0.6554451990  pop=100
# p=1 gen  4: best_d64=0.6554451990  pop=-1
3,5,1,0.655445198972,4819,5.1,3.6289894626436183,1.8587641536398587
# p=2 gen  1: best_d64=0.7115605478  pop=100
# p=2 gen  2: best_d64=0.7115605478  pop=100
# p=2 gen  3: best_d64=0.7115605478  pop=100
# p=2 gen  4: best_d64=0.7115605478  pop=100
# p=2 gen  4: best_d64=0.7115605478  pop=-1
3,5,2,0.711560547762,11326,0.8,5.910093805264735;2.513031821978793,0.3588311640719598;1.3607444305829315
# p=3 gen  1: best_d64=0.7458766556  pop=100
# p=3 gen  2: best_d64=0.7458766556  pop=100
# p=3 gen  3: best_d64=0.7458766556  pop=100
# p=3 gen  4: best_d64=0.7458766556  pop=100
# p=3 gen  4: best_d64=0.7458766556  pop=-1
3,5,3,0.745876655551,16027,1.6,3.461291846652497;3.6846184114207556;3.7684982064236223,0.379856986050204;2.8542270096204834;1.7441807075664997
# p=4 gen  1: best_d64=0.7570292458  pop=100
# p=4 gen  2: best_d64=0.7688440909  pop=100
# p=4 gen  3: best_d64=0.7688440909  pop=100
# p=4 gen  4: best_d64=0.7688440909  pop=100
# p=4 gen  5: best_d64=0.7688440909  pop=100
# p=4 gen  5: best_d64=0.7688440909  pop=-1
3,5,4,0.768844090898,23531,7.1,0.28676895388477547;0.490698577035674;5.730116417612821;2.51307519243921,0.38434183356786866;1.8796891987677702;0.2568492521895844;1.4211026372225815
# p=5 gen  1: best_d64=0.7857097423  pop=100
# p=5 gen  2: best_d64=0.7857097438  pop=100
# p=5 gen  3: best_d64=0.7857097438  pop=100
# p=5 gen  4: best_d64=0.7857097438  pop=100
# p=5 gen  5: best_d64=0.7857097438  pop=100
# p=5 gen  5: best_d64=0.7857097438  pop=-1
3,5,5,0.785709743790,25788,32.3,3.4059859270473813;0.45889651572032897;0.5028082436877018;0.5560149085045067;2.5113870355631676,2.7548629404310083;2.8258465477492027;2.862109358816905;1.3334523810307772;1.703072228619285
# p=6 gen  1: best_d64=0.7894737739  pop=100
# p=6 gen  2: best_d64=0.7901193987  pop=100
# p=6 gen  3: best_d64=0.7901193987  pop=100
# p=6 gen  4: best_d64=0.7901193987  pop=100
# p=6 gen  5: best_d64=0.7901193987  pop=100
# p=6 gen  5: best_d64=0.7901193987  pop=-1
3,5,6,0.790119398746,28190,160.1,3.399122780230089;5.833616626581233;0.4953729479157601;5.55000905598;3.266936549310145;3.777008817070279,1.9579106558398247;1.8898838391945278;1.8649499170703527;2.9394583740811258;1.1189702434428377;1.6972583890708037
# p=7 gen  1: best_d64=0.7889937151  pop=100
# p=7 gen  2: best_d64=0.7986437563  pop=100
# p=7 gen  3: best_d64=0.8012216742  pop=100
=== QAOA Double64 Swarm ===
Task:  2 / 15
Pair:  k=3, D=5
Node:  swift-c3dnodesetssd-1
CPUs:  28
Start: Tue Apr 21 21:13:32 UTC 2026
Job:   1357786_2

--- Node diagnostics ---
Hostname: swift-c3dnodesetssd-1
Memory:                  total        used        free      shared  buff/cache   available
Mem:           1.4Ti       9.0Gi       1.4Ti       3.3Mi       2.2Gi       1.4Ti
Disk:     10.17.247.218:/nfsshare   25T   15T  9.1T  62% /home
Julia:    /home/stephenjordan_google_com/julia-1.12.5/bin/julia
Git HEAD: 7b59647

Removing stale results/swarm-d64-k3d5.csv
Checking Julia environment...
Environment ready.

Starting swarm_chain_d64.jl with 28 threads at Tue Apr 21 21:13:35 UTC 2026
# swarm-d64 chain: k=3, D=5, p=1-15, pop=100, gens=10, burst=20, seed=42
k,D,p,ctilde,evals,wall_seconds,gamma,beta
# p=1 gen  1: best_d64=0.6554451990  pop=100
# p=1 gen  2: best_d64=0.6554451990  pop=100
# p=1 gen  3: best_d64=0.6554451990  pop=100
# p=1 gen  4: best_d64=0.6554451990  pop=100
# p=1 gen  4: best_d64=0.6554451990  pop=-1
3,5,1,0.655445198972,4779,5.1,3.6289894626436183,1.8587641536398587
# p=2 gen  1: best_d64=0.7115605478  pop=100
# p=2 gen  2: best_d64=0.7115605478  pop=100
# p=2 gen  3: best_d64=0.7115605478  pop=100
# p=2 gen  4: best_d64=0.7115605478  pop=100
# p=2 gen  4: best_d64=0.7115605478  pop=-1
3,5,2,0.711560547762,11327,0.8,5.910093805264735;2.513031821978793,0.3588311640719598;1.3607444305829315
# p=3 gen  1: best_d64=0.7458766556  pop=100
# p=3 gen  2: best_d64=0.7458766556  pop=100
# p=3 gen  3: best_d64=0.7458766556  pop=100
# p=3 gen  4: best_d64=0.7458766556  pop=100
# p=3 gen  4: best_d64=0.7458766556  pop=-1
3,5,3,0.745876655551,16071,1.6,3.461291846652497;3.6846184114207556;3.7684982064236223,0.379856986050204;2.8542270096204834;1.7441807075664997
# p=4 gen  1: best_d64=0.7570292458  pop=100
# p=4 gen  2: best_d64=0.7688440909  pop=100
# p=4 gen  3: best_d64=0.7688440909  pop=100
# p=4 gen  4: best_d64=0.7688440909  pop=100
# p=4 gen  5: best_d64=0.7688440909  pop=100
# p=4 gen  5: best_d64=0.7688440909  pop=-1
3,5,4,0.768844090898,23519,7.2,0.28676895388477547;0.490698577035674;5.730116417612821;2.51307519243921,0.38434183356786866;1.8796891987677702;0.2568492521895844;1.4211026372225815
# p=5 gen  1: best_d64=0.7857097423  pop=100
# p=5 gen  2: best_d64=0.7857097438  pop=100
# p=5 gen  3: best_d64=0.7857097438  pop=100
# p=5 gen  4: best_d64=0.7857097438  pop=100
# p=5 gen  5: best_d64=0.7857097438  pop=100
# p=5 gen  5: best_d64=0.7857097438  pop=-1
3,5,5,0.785709743790,25789,32.8,3.4059859270473813;0.45889651572032897;0.5028082436877018;0.5560149085045067;2.5113870355631676,2.7548629404310083;2.8258465477492027;2.862109358816905;1.3334523810307772;1.703072228619285
# p=6 gen  1: best_d64=0.7894737739  pop=100
# p=6 gen  2: best_d64=0.7901193987  pop=100
# p=6 gen  3: best_d64=0.7901193987  pop=100
# p=6 gen  4: best_d64=0.7901193987  pop=100
# p=6 gen  5: best_d64=0.7901193987  pop=100
# p=6 gen  5: best_d64=0.7901193987  pop=-1
3,5,6,0.790119398746,28190,161.1,3.399122780230089;5.833616626581233;0.4953729479157601;5.55000905598;3.266936549310145;3.777008817070279,1.9579106558398247;1.8898838391945278;1.8649499170703527;2.9394583740811258;1.1189702434428377;1.6972583890708037
# p=7 gen  1: best_d64=0.7889937151  pop=100
# p=7 gen  2: best_d64=0.7986437563  pop=100
# p=7 gen  3: best_d64=0.8012216742  pop=100
# p=7 gen  4: best_d64=0.8019712692  pop=100
# p=7 gen  5: best_d64=0.8019712694  pop=100
# p=7 gen  6: best_d64=0.8019712694  pop=100
# p=7 gen  7: best_d64=0.8019712694  pop=100
# p=7 gen  8: best_d64=0.8019712694  pop=100
# p=7 gen  8: best_d64=0.8019712694  pop=-1
3,5,7,0.801971269451,46108,1245.5,6.040142187215144;3.5665264483361443;5.797033583137669;6.140701636488718;0.6983794523999105;0.5587934867678718;0.633876476610103,1.9575098885637248;1.2558777319629453;1.0557616885533239;0.19313699504466197;2.880754129491552;2.9256815789600825;3.0261617671187873
=== QAOA Double64 Swarm ===
Task:  2 / 15
Pair:  k=3, D=5
Node:  swift-c3dnodesetssd-12
CPUs:  28
Start: Tue Apr 21 21:50:01 UTC 2026
Job:   1357786_2

--- Node diagnostics ---
Hostname: swift-c3dnodesetssd-12
Memory:                  total        used        free      shared  buff/cache   available
Mem:           1.4Ti       9.1Gi       1.4Ti       3.3Mi       2.4Gi       1.4Ti
Disk:     10.17.247.218:/nfsshare   25T   15T  9.1T  62% /home
Julia:    /home/stephenjordan_google_com/julia-1.12.5/bin/julia
Git HEAD: 7b59647

Removing stale results/swarm-d64-k3d5.csv
Checking Julia environment...
Environment ready.

Starting swarm_chain_d64.jl with 28 threads at Tue Apr 21 21:50:04 UTC 2026
# swarm-d64 chain: k=3, D=5, p=1-15, pop=100, gens=10, burst=20, seed=42
k,D,p,ctilde,evals,wall_seconds,gamma,beta
# p=1 gen  1: best_d64=0.6554451990  pop=100
# p=1 gen  2: best_d64=0.6554451990  pop=100
# p=1 gen  3: best_d64=0.6554451990  pop=100
# p=1 gen  4: best_d64=0.6554451990  pop=100
# p=1 gen  4: best_d64=0.6554451990  pop=-1
3,5,1,0.655445198972,4796,5.1,3.6289894626436183,1.8587641536398587
# p=2 gen  1: best_d64=0.7115605478  pop=100
# p=2 gen  2: best_d64=0.7115605478  pop=100
# p=2 gen  3: best_d64=0.7115605478  pop=100
# p=2 gen  4: best_d64=0.7115605478  pop=100
# p=2 gen  4: best_d64=0.7115605478  pop=-1
3,5,2,0.711560547762,11272,0.9,5.910093805264735;2.513031821978793,0.3588311640719598;1.3607444305829315
# p=3 gen  1: best_d64=0.7458766556  pop=100
# p=3 gen  2: best_d64=0.7458766556  pop=100
# p=3 gen  3: best_d64=0.7458766556  pop=100
# p=3 gen  4: best_d64=0.7458766556  pop=100
# p=3 gen  4: best_d64=0.7458766556  pop=-1
3,5,3,0.745876655551,16069,1.6,3.461291846652497;3.6846184114207556;3.7684982064236223,0.379856986050204;2.8542270096204834;1.7441807075664997
# p=4 gen  1: best_d64=0.7570292458  pop=100
# p=4 gen  2: best_d64=0.7688440909  pop=100
# p=4 gen  3: best_d64=0.7688440909  pop=100
# p=4 gen  4: best_d64=0.7688440909  pop=100
# p=4 gen  5: best_d64=0.7688440909  pop=100
# p=4 gen  5: best_d64=0.7688440909  pop=-1
3,5,4,0.768844090898,23468,7.3,0.28676895388477547;0.490698577035674;5.730116417612821;2.51307519243921,0.38434183356786866;1.8796891987677702;0.2568492521895844;1.4211026372225815
# p=5 gen  1: best_d64=0.7857097423  pop=100
# p=5 gen  2: best_d64=0.7857097438  pop=100
# p=5 gen  3: best_d64=0.7857097438  pop=100
# p=5 gen  4: best_d64=0.7857097438  pop=100
# p=5 gen  5: best_d64=0.7857097438  pop=100
# p=5 gen  5: best_d64=0.7857097438  pop=-1
3,5,5,0.785709743790,25789,33.4,3.4059859270473813;0.45889651572032897;0.5028082436877018;0.5560149085045067;2.5113870355631676,2.7548629404310083;2.8258465477492027;2.862109358816905;1.3334523810307772;1.703072228619285
# p=6 gen  1: best_d64=0.7894737739  pop=100
# p=6 gen  2: best_d64=0.7901193987  pop=100
# p=6 gen  3: best_d64=0.7901193987  pop=100
# p=6 gen  4: best_d64=0.7901193987  pop=100
# p=6 gen  5: best_d64=0.7901193987  pop=100
# p=6 gen  5: best_d64=0.7901193987  pop=-1
3,5,6,0.790119398746,28190,162.8,3.399122780230089;5.833616626581233;0.4953729479157601;5.55000905598;3.266936549310145;3.777008817070279,1.9579106558398247;1.8898838391945278;1.8649499170703527;2.9394583740811258;1.1189702434428377;1.6972583890708037
# p=7 gen  1: best_d64=0.7889937151  pop=100
# p=7 gen  2: best_d64=0.7986437563  pop=100
# p=7 gen  3: best_d64=0.8012216742  pop=100
# p=7 gen  4: best_d64=0.8019712692  pop=100
# p=7 gen  5: best_d64=0.8019712694  pop=100
# p=7 gen  6: best_d64=0.8019712694  pop=100
# p=7 gen  7: best_d64=0.8019712694  pop=100
# p=7 gen  8: best_d64=0.8019712694  pop=100
# p=7 gen  8: best_d64=0.8019712694  pop=-1
3,5,7,0.801971269451,46053,1259.9,6.040142187215144;3.5665264483361443;5.797033583137669;6.140701636488718;0.6983794523999105;0.5587934867678718;0.633876476610103,1.9575098885637248;1.2558777319629453;1.0557616885533239;0.19313699504466197;2.880754129491552;2.9256815789600825;3.0261617671187873
# p=8 gen  1: best_d64=0.8112580735  pop=100
# p=8 gen  2: best_d64=0.8112586391  pop=100
# p=8 gen  3: best_d64=0.8112586391  pop=100
=== QAOA Double64 Swarm ===
Task:  2 / 15
Pair:  k=3, D=5
Node:  swift-c3dnodesetssd-1
CPUs:  28
Start: Tue Apr 21 23:05:36 UTC 2026
Job:   1357786_2

--- Node diagnostics ---
Hostname: swift-c3dnodesetssd-1
Memory:                  total        used        free      shared  buff/cache   available
Mem:           1.4Ti       9.6Gi       1.4Ti       3.3Mi       3.1Gi       1.4Ti
Disk:     10.17.247.218:/nfsshare   25T   15T  9.1T  62% /home
Julia:    /home/stephenjordan_google_com/julia-1.12.5/bin/julia
Git HEAD: 7b59647

Removing stale results/swarm-d64-k3d5.csv
Checking Julia environment...
Environment ready.

Starting swarm_chain_d64.jl with 28 threads at Tue Apr 21 23:05:39 UTC 2026
# swarm-d64 chain: k=3, D=5, p=1-15, pop=100, gens=10, burst=20, seed=42
k,D,p,ctilde,evals,wall_seconds,gamma,beta
# p=1 gen  1: best_d64=0.6554451990  pop=100
# p=1 gen  2: best_d64=0.6554451990  pop=100
# p=1 gen  3: best_d64=0.6554451990  pop=100
# p=1 gen  4: best_d64=0.6554451990  pop=100
# p=1 gen  4: best_d64=0.6554451990  pop=-1
3,5,1,0.655445198972,4812,5.1,3.6289894626436183,1.8587641536398587
# p=2 gen  1: best_d64=0.7115605478  pop=100
# p=2 gen  2: best_d64=0.7115605478  pop=100
# p=2 gen  3: best_d64=0.7115605478  pop=100
# p=2 gen  4: best_d64=0.7115605478  pop=100
# p=2 gen  4: best_d64=0.7115605478  pop=-1
3,5,2,0.711560547762,11327,0.8,5.910093805264735;2.513031821978793,0.3588311640719598;1.3607444305829315
# p=3 gen  1: best_d64=0.7458766556  pop=100
# p=3 gen  2: best_d64=0.7458766556  pop=100
# p=3 gen  3: best_d64=0.7458766556  pop=100
# p=3 gen  4: best_d64=0.7458766556  pop=100
# p=3 gen  4: best_d64=0.7458766556  pop=-1
3,5,3,0.745876655551,16003,1.6,3.461291846652497;3.6846184114207556;3.7684982064236223,0.379856986050204;2.8542270096204834;1.7441807075664997
# p=4 gen  1: best_d64=0.7570292458  pop=100
# p=4 gen  2: best_d64=0.7688440909  pop=100
# p=4 gen  3: best_d64=0.7688440909  pop=100
# p=4 gen  4: best_d64=0.7688440909  pop=100
# p=4 gen  5: best_d64=0.7688440909  pop=100
# p=4 gen  5: best_d64=0.7688440909  pop=-1
3,5,4,0.768844090898,23530,7.3,0.28676895388477547;0.490698577035674;5.730116417612821;2.51307519243921,0.38434183356786866;1.8796891987677702;0.2568492521895844;1.4211026372225815
# p=5 gen  1: best_d64=0.7857097423  pop=100
# p=5 gen  2: best_d64=0.7857097438  pop=100
# p=5 gen  3: best_d64=0.7857097438  pop=100
# p=5 gen  4: best_d64=0.7857097438  pop=100
# p=5 gen  5: best_d64=0.7857097438  pop=100
# p=5 gen  5: best_d64=0.7857097438  pop=-1
3,5,5,0.785709743790,25788,33.2,3.4059859270473813;0.45889651572032897;0.5028082436877018;0.5560149085045067;2.5113870355631676,2.7548629404310083;2.8258465477492027;2.862109358816905;1.3334523810307772;1.703072228619285
# p=6 gen  1: best_d64=0.7894737739  pop=100
# p=6 gen  2: best_d64=0.7901193987  pop=100
# p=6 gen  3: best_d64=0.7901193987  pop=100
# p=6 gen  4: best_d64=0.7901193987  pop=100
# p=6 gen  5: best_d64=0.7901193987  pop=100
# p=6 gen  5: best_d64=0.7901193987  pop=-1
3,5,6,0.790119398746,28190,162.4,3.399122780230089;5.833616626581233;0.4953729479157601;5.55000905598;3.266936549310145;3.777008817070279,1.9579106558398247;1.8898838391945278;1.8649499170703527;2.9394583740811258;1.1189702434428377;1.6972583890708037
# p=7 gen  1: best_d64=0.7889937151  pop=100
# p=7 gen  2: best_d64=0.7986437563  pop=100
# p=7 gen  3: best_d64=0.8012216742  pop=100
# p=7 gen  4: best_d64=0.8019712692  pop=100
# p=7 gen  5: best_d64=0.8019712694  pop=100
# p=7 gen  6: best_d64=0.8019712694  pop=100
# p=7 gen  7: best_d64=0.8019712694  pop=100
# p=7 gen  8: best_d64=0.8019712694  pop=100
# p=7 gen  8: best_d64=0.8019712694  pop=-1
3,5,7,0.801971269451,46108,1256.2,6.040142187215144;3.5665264483361443;5.797033583137669;6.140701636488718;0.6983794523999105;0.5587934867678718;0.633876476610103,1.9575098885637248;1.2558777319629453;1.0557616885533239;0.19313699504466197;2.880754129491552;2.9256815789600825;3.0261617671187873
# p=8 gen  1: best_d64=0.8112580735  pop=100
# p=8 gen  2: best_d64=0.8112586391  pop=100
# p=8 gen  3: best_d64=0.8112586391  pop=100
=== QAOA Double64 Swarm ===
Task:  2 / 15
Pair:  k=3, D=5
Node:  swift-c3dnodesetssd-15
CPUs:  28
Start: Wed Apr 22 00:19:07 UTC 2026
Job:   1357786_2

--- Node diagnostics ---
Hostname: swift-c3dnodesetssd-15
Memory:                  total        used        free      shared  buff/cache   available
Mem:           1.4Ti       9.1Gi       1.4Ti       3.3Mi       2.2Gi       1.4Ti
Disk:     10.17.247.218:/nfsshare   25T   15T  9.1T  62% /home
Julia:    /home/stephenjordan_google_com/julia-1.12.5/bin/julia
Git HEAD: 25cb9d9

Removing stale results/swarm-d64-k3d5.csv
Checking Julia environment...
Environment ready.

Starting swarm_chain_d64.jl with 28 threads at Wed Apr 22 00:19:09 UTC 2026
# swarm-d64 chain: k=3, D=5, p=1-15, pop=100, gens=10, burst=20, seed=42
k,D,p,ctilde,evals,wall_seconds,gamma,beta
# p=1 gen  1: best_d64=0.6554451990  pop=100
# p=1 gen  2: best_d64=0.6554451990  pop=100
# p=1 gen  3: best_d64=0.6554451990  pop=100
# p=1 gen  4: best_d64=0.6554451990  pop=100
# p=1 gen  4: best_d64=0.6554451990  pop=-1
3,5,1,0.655445198972,4816,5.1,3.6289894626436183,1.8587641536398587
# p=2 gen  1: best_d64=0.7115605478  pop=100
# p=2 gen  2: best_d64=0.7115605478  pop=100
# p=2 gen  3: best_d64=0.7115605478  pop=100
# p=2 gen  4: best_d64=0.7115605478  pop=100
# p=2 gen  4: best_d64=0.7115605478  pop=-1
3,5,2,0.711560547762,11325,0.8,5.910093805264735;2.513031821978793,0.3588311640719598;1.3607444305829315
# p=3 gen  1: best_d64=0.7458766556  pop=100
# p=3 gen  2: best_d64=0.7458766556  pop=100
# p=3 gen  3: best_d64=0.7458766556  pop=100
# p=3 gen  4: best_d64=0.7458766556  pop=100
# p=3 gen  4: best_d64=0.7458766556  pop=-1
3,5,3,0.745876655551,16073,1.6,3.461291846652497;3.6846184114207556;3.7684982064236223,0.379856986050204;2.8542270096204834;1.7441807075664997
# p=4 gen  1: best_d64=0.7570292458  pop=100
# p=4 gen  2: best_d64=0.7688440909  pop=100
# p=4 gen  3: best_d64=0.7688440909  pop=100
# p=4 gen  4: best_d64=0.7688440909  pop=100
# p=4 gen  5: best_d64=0.7688440909  pop=100
# p=4 gen  5: best_d64=0.7688440909  pop=-1
3,5,4,0.768844090898,23599,7.1,0.28676895388477547;0.490698577035674;5.730116417612821;2.51307519243921,0.38434183356786866;1.8796891987677702;0.2568492521895844;1.4211026372225815
# p=5 gen  1: best_d64=0.7857097423  pop=100
# p=5 gen  2: best_d64=0.7857097438  pop=100
# p=5 gen  3: best_d64=0.7857097438  pop=100
# p=5 gen  4: best_d64=0.7857097438  pop=100
# p=5 gen  5: best_d64=0.7857097438  pop=100
# p=5 gen  5: best_d64=0.7857097438  pop=-1
3,5,5,0.785709743790,25789,32.5,3.4059859270473813;0.45889651572032897;0.5028082436877018;0.5560149085045067;2.5113870355631676,2.7548629404310083;2.8258465477492027;2.862109358816905;1.3334523810307772;1.703072228619285
# p=6 gen  1: best_d64=0.7894737739  pop=100
# p=6 gen  2: best_d64=0.7901193987  pop=100
# p=6 gen  3: best_d64=0.7901193987  pop=100
# p=6 gen  4: best_d64=0.7901193987  pop=100
# p=6 gen  5: best_d64=0.7901193987  pop=100
# p=6 gen  5: best_d64=0.7901193987  pop=-1
3,5,6,0.790119398746,28190,160.5,3.399122780230089;5.833616626581233;0.4953729479157601;5.55000905598;3.266936549310145;3.777008817070279,1.9579106558398247;1.8898838391945278;1.8649499170703527;2.9394583740811258;1.1189702434428377;1.6972583890708037
# p=7 gen  1: best_d64=0.7889937151  pop=100
# p=7 gen  2: best_d64=0.7986437563  pop=100
# p=7 gen  3: best_d64=0.8012216742  pop=100
# p=7 gen  4: best_d64=0.8019712692  pop=100
# p=7 gen  5: best_d64=0.8019712694  pop=100
# p=7 gen  6: best_d64=0.8019712694  pop=100
# p=7 gen  7: best_d64=0.8019712694  pop=100
# p=7 gen  8: best_d64=0.8019712694  pop=100
# p=7 gen  8: best_d64=0.8019712694  pop=-1
3,5,7,0.801971269451,46108,1242.7,6.040142187215144;3.5665264483361443;5.797033583137669;6.140701636488718;0.6983794523999105;0.5587934867678718;0.633876476610103,1.9575098885637248;1.2558777319629453;1.0557616885533239;0.19313699504466197;2.880754129491552;2.9256815789600825;3.0261617671187873
# p=8 gen  1: best_d64=0.8112580735  pop=100
=== QAOA Double64 Swarm ===
Task:  2 / 15
Pair:  k=3, D=5
Node:  swift-c3dnodesetssd-12
CPUs:  28
Start: Wed Apr 22 01:01:37 UTC 2026
Job:   1357786_2

--- Node diagnostics ---
Hostname: swift-c3dnodesetssd-12
Memory:                  total        used        free      shared  buff/cache   available
Mem:           1.4Ti       9.2Gi       1.4Ti       3.3Mi       2.3Gi       1.4Ti
Disk:     10.17.247.218:/nfsshare   25T   15T  9.1T  62% /home
Julia:    /home/stephenjordan_google_com/julia-1.12.5/bin/julia
Git HEAD: 25cb9d9

Removing stale results/swarm-d64-k3d5.csv
Checking Julia environment...
Environment ready.

Starting swarm_chain_d64.jl with 28 threads at Wed Apr 22 01:01:39 UTC 2026
# swarm-d64 chain: k=3, D=5, p=1-15, pop=100, gens=10, burst=20, seed=42
k,D,p,ctilde,evals,wall_seconds,gamma,beta
# p=1 gen  1: best_d64=0.6554451990  pop=100
# p=1 gen  2: best_d64=0.6554451990  pop=100
# p=1 gen  3: best_d64=0.6554451990  pop=100
# p=1 gen  4: best_d64=0.6554451990  pop=100
# p=1 gen  4: best_d64=0.6554451990  pop=-1
3,5,1,0.655445198972,4707,5.0,3.6289894626436183,1.8587641536398587
# p=2 gen  1: best_d64=0.7115605478  pop=100
# p=2 gen  2: best_d64=0.7115605478  pop=100
# p=2 gen  3: best_d64=0.7115605478  pop=100
# p=2 gen  4: best_d64=0.7115605478  pop=100
# p=2 gen  4: best_d64=0.7115605478  pop=-1
3,5,2,0.711560547762,11327,0.9,5.910093805264735;2.513031821978793,0.3588311640719598;1.3607444305829315
# p=3 gen  1: best_d64=0.7458766556  pop=100
# p=3 gen  2: best_d64=0.7458766556  pop=100
# p=3 gen  3: best_d64=0.7458766556  pop=100
# p=3 gen  4: best_d64=0.7458766556  pop=100
# p=3 gen  4: best_d64=0.7458766556  pop=-1
3,5,3,0.745876655551,16001,1.6,3.461291846652497;3.6846184114207556;3.7684982064236223,0.379856986050204;2.8542270096204834;1.7441807075664997
# p=4 gen  1: best_d64=0.7570292458  pop=100
# p=4 gen  2: best_d64=0.7688440909  pop=100
# p=4 gen  3: best_d64=0.7688440909  pop=100
# p=4 gen  4: best_d64=0.7688440909  pop=100
# p=4 gen  5: best_d64=0.7688440909  pop=100
# p=4 gen  5: best_d64=0.7688440909  pop=-1
3,5,4,0.768844090898,23457,7.2,0.28676895388477547;0.490698577035674;5.730116417612821;2.51307519243921,0.38434183356786866;1.8796891987677702;0.2568492521895844;1.4211026372225815
# p=5 gen  1: best_d64=0.7857097423  pop=100
# p=5 gen  2: best_d64=0.7857097438  pop=100
# p=5 gen  3: best_d64=0.7857097438  pop=100
# p=5 gen  4: best_d64=0.7857097438  pop=100
# p=5 gen  5: best_d64=0.7857097438  pop=100
# p=5 gen  5: best_d64=0.7857097438  pop=-1
3,5,5,0.785709743790,25669,33.0,3.4059859270473813;0.45889651572032897;0.5028082436877018;0.5560149085045067;2.5113870355631676,2.7548629404310083;2.8258465477492027;2.862109358816905;1.3334523810307772;1.703072228619285
# p=6 gen  1: best_d64=0.7894737739  pop=100
# p=6 gen  2: best_d64=0.7901193987  pop=100
# p=6 gen  3: best_d64=0.7901193987  pop=100
# p=6 gen  4: best_d64=0.7901193987  pop=100
# p=6 gen  5: best_d64=0.7901193987  pop=100
# p=6 gen  5: best_d64=0.7901193987  pop=-1
3,5,6,0.790119398746,28190,161.8,3.399122780230089;5.833616626581233;0.4953729479157601;5.55000905598;3.266936549310145;3.777008817070279,1.9579106558398247;1.8898838391945278;1.8649499170703527;2.9394583740811258;1.1189702434428377;1.6972583890708037
# p=7 gen  1: best_d64=0.7889937151  pop=100
# p=7 gen  2: best_d64=0.7986437563  pop=100
# p=7 gen  3: best_d64=0.8012216742  pop=100
# p=7 gen  4: best_d64=0.8019712692  pop=100
# p=7 gen  5: best_d64=0.8019712694  pop=100
# p=7 gen  6: best_d64=0.8019712694  pop=100
# p=7 gen  7: best_d64=0.8019712694  pop=100
# p=7 gen  8: best_d64=0.8019712694  pop=100
# p=7 gen  8: best_d64=0.8019712694  pop=-1
3,5,7,0.801971269451,46108,1254.4,6.040142187215144;3.5665264483361443;5.797033583137669;6.140701636488718;0.6983794523999105;0.5587934867678718;0.633876476610103,1.9575098885637248;1.2558777319629453;1.0557616885533239;0.19313699504466197;2.880754129491552;2.9256815789600825;3.0261617671187873
=== QAOA Double64 Swarm ===
Task:  2 / 15
Pair:  k=3, D=5
Node:  swift-c3dnodesetssd-1
CPUs:  28
Start: Wed Apr 22 01:33:09 UTC 2026
Job:   1357786_2

--- Node diagnostics ---
Hostname: swift-c3dnodesetssd-1
Memory:                  total        used        free      shared  buff/cache   available
Mem:           1.4Ti       9.0Gi       1.4Ti       3.3Mi       2.2Gi       1.4Ti
Disk:     10.17.247.218:/nfsshare   25T   15T  9.1T  62% /home
Julia:    /home/stephenjordan_google_com/julia-1.12.5/bin/julia
Git HEAD: 25cb9d9

Removing stale results/swarm-d64-k3d5.csv
Checking Julia environment...
Environment ready.

Starting swarm_chain_d64.jl with 28 threads at Wed Apr 22 01:33:12 UTC 2026
# swarm-d64 chain: k=3, D=5, p=1-15, pop=100, gens=10, burst=20, seed=42
k,D,p,ctilde,evals,wall_seconds,gamma,beta
# p=1 gen  1: best_d64=0.6554451990  pop=100
# p=1 gen  2: best_d64=0.6554451990  pop=100
# p=1 gen  3: best_d64=0.6554451990  pop=100
# p=1 gen  4: best_d64=0.6554451990  pop=100
# p=1 gen  4: best_d64=0.6554451990  pop=-1
3,5,1,0.655445198972,4732,5.1,3.6289894626436183,1.8587641536398587
# p=2 gen  1: best_d64=0.7115605478  pop=100
# p=2 gen  2: best_d64=0.7115605478  pop=100
# p=2 gen  3: best_d64=0.7115605478  pop=100
# p=2 gen  4: best_d64=0.7115605478  pop=100
# p=2 gen  4: best_d64=0.7115605478  pop=-1
3,5,2,0.711560547762,11327,0.8,5.910093805264735;2.513031821978793,0.3588311640719598;1.3607444305829315
# p=3 gen  1: best_d64=0.7458766556  pop=100
# p=3 gen  2: best_d64=0.7458766556  pop=100
# p=3 gen  3: best_d64=0.7458766556  pop=100
# p=3 gen  4: best_d64=0.7458766556  pop=100
# p=3 gen  4: best_d64=0.7458766556  pop=-1
3,5,3,0.745876655551,16046,1.6,3.461291846652497;3.6846184114207556;3.7684982064236223,0.379856986050204;2.8542270096204834;1.7441807075664997
# p=4 gen  1: best_d64=0.7570292458  pop=100
# p=4 gen  2: best_d64=0.7688440909  pop=100
# p=4 gen  3: best_d64=0.7688440909  pop=100
# p=4 gen  4: best_d64=0.7688440909  pop=100
# p=4 gen  5: best_d64=0.7688440909  pop=100
# p=4 gen  5: best_d64=0.7688440909  pop=-1
3,5,4,0.768844090898,23509,7.2,0.28676895388477547;0.490698577035674;5.730116417612821;2.51307519243921,0.38434183356786866;1.8796891987677702;0.2568492521895844;1.4211026372225815
# p=5 gen  1: best_d64=0.7857097423  pop=100
# p=5 gen  2: best_d64=0.7857097438  pop=100
# p=5 gen  3: best_d64=0.7857097438  pop=100
# p=5 gen  4: best_d64=0.7857097438  pop=100
# p=5 gen  5: best_d64=0.7857097438  pop=100
# p=5 gen  5: best_d64=0.7857097438  pop=-1
3,5,5,0.785709743790,25788,32.6,3.4059859270473813;0.45889651572032897;0.5028082436877018;0.5560149085045067;2.5113870355631676,2.7548629404310083;2.8258465477492027;2.862109358816905;1.3334523810307772;1.703072228619285
# p=6 gen  1: best_d64=0.7894737739  pop=100
# p=6 gen  2: best_d64=0.7901193987  pop=100
# p=6 gen  3: best_d64=0.7901193987  pop=100
# p=6 gen  4: best_d64=0.7901193987  pop=100
# p=6 gen  5: best_d64=0.7901193987  pop=100
# p=6 gen  5: best_d64=0.7901193987  pop=-1
3,5,6,0.790119398746,28190,161.3,3.399122780230089;5.833616626581233;0.4953729479157601;5.55000905598;3.266936549310145;3.777008817070279,1.9579106558398247;1.8898838391945278;1.8649499170703527;2.9394583740811258;1.1189702434428377;1.6972583890708037
# p=7 gen  1: best_d64=0.7889937151  pop=100
# p=7 gen  2: best_d64=0.7986437563  pop=100
# p=7 gen  3: best_d64=0.8012216742  pop=100
=== QAOA Double64 Swarm ===
Task:  2 / 15
Pair:  k=3, D=5
Node:  swift-c3dnodesetssd-1
CPUs:  28
Start: Wed Apr 22 01:51:09 UTC 2026
Job:   1357786_2

--- Node diagnostics ---
Hostname: swift-c3dnodesetssd-1
Memory:                  total        used        free      shared  buff/cache   available
Mem:           1.4Ti       9.1Gi       1.4Ti       3.3Mi       2.2Gi       1.4Ti
Disk:     10.17.247.218:/nfsshare   25T   15T  9.1T  62% /home
Julia:    /home/stephenjordan_google_com/julia-1.12.5/bin/julia
Git HEAD: 25cb9d9

Removing stale results/swarm-d64-k3d5.csv
Checking Julia environment...
Environment ready.

Starting swarm_chain_d64.jl with 28 threads at Wed Apr 22 01:51:12 UTC 2026
# swarm-d64 chain: k=3, D=5, p=1-15, pop=100, gens=10, burst=20, seed=42
k,D,p,ctilde,evals,wall_seconds,gamma,beta
# p=1 gen  1: best_d64=0.6554451990  pop=100
# p=1 gen  2: best_d64=0.6554451990  pop=100
# p=1 gen  3: best_d64=0.6554451990  pop=100
# p=1 gen  4: best_d64=0.6554451990  pop=100
# p=1 gen  4: best_d64=0.6554451990  pop=-1
3,5,1,0.655445198972,4824,5.1,3.6289894626436183,1.8587641536398587
# p=2 gen  1: best_d64=0.7115605478  pop=100
# p=2 gen  2: best_d64=0.7115605478  pop=100
# p=2 gen  3: best_d64=0.7115605478  pop=100
# p=2 gen  4: best_d64=0.7115605478  pop=100
# p=2 gen  4: best_d64=0.7115605478  pop=-1
3,5,2,0.711560547762,11327,0.8,5.910093805264735;2.513031821978793,0.3588311640719598;1.3607444305829315
# p=3 gen  1: best_d64=0.7458766556  pop=100
# p=3 gen  2: best_d64=0.7458766556  pop=100
# p=3 gen  3: best_d64=0.7458766556  pop=100
# p=3 gen  4: best_d64=0.7458766556  pop=100
# p=3 gen  4: best_d64=0.7458766556  pop=-1
3,5,3,0.745876655551,16055,1.5,3.461291846652497;3.6846184114207556;3.7684982064236223,0.379856986050204;2.8542270096204834;1.7441807075664997
# p=4 gen  1: best_d64=0.7570292458  pop=100
# p=4 gen  2: best_d64=0.7688440909  pop=100
# p=4 gen  3: best_d64=0.7688440909  pop=100
# p=4 gen  4: best_d64=0.7688440909  pop=100
# p=4 gen  5: best_d64=0.7688440909  pop=100
# p=4 gen  5: best_d64=0.7688440909  pop=-1
3,5,4,0.768844090898,23550,7.1,0.28676895388477547;0.490698577035674;5.730116417612821;2.51307519243921,0.38434183356786866;1.8796891987677702;0.2568492521895844;1.4211026372225815
# p=5 gen  1: best_d64=0.7857097423  pop=100
# p=5 gen  2: best_d64=0.7857097438  pop=100
# p=5 gen  3: best_d64=0.7857097438  pop=100
# p=5 gen  4: best_d64=0.7857097438  pop=100
# p=5 gen  5: best_d64=0.7857097438  pop=100
# p=5 gen  5: best_d64=0.7857097438  pop=-1
3,5,5,0.785709743790,25789,32.9,3.4059859270473813;0.45889651572032897;0.5028082436877018;0.5560149085045067;2.5113870355631676,2.7548629404310083;2.8258465477492027;2.862109358816905;1.3334523810307772;1.703072228619285
# p=6 gen  1: best_d64=0.7894737739  pop=100
# p=6 gen  2: best_d64=0.7901193987  pop=100
# p=6 gen  3: best_d64=0.7901193987  pop=100
# p=6 gen  4: best_d64=0.7901193987  pop=100
# p=6 gen  5: best_d64=0.7901193987  pop=100
# p=6 gen  5: best_d64=0.7901193987  pop=-1
3,5,6,0.790119398746,28190,161.7,3.399122780230089;5.833616626581233;0.4953729479157601;5.55000905598;3.266936549310145;3.777008817070279,1.9579106558398247;1.8898838391945278;1.8649499170703527;2.9394583740811258;1.1189702434428377;1.6972583890708037
# p=7 gen  1: best_d64=0.7889937151  pop=100
# p=7 gen  2: best_d64=0.7986437563  pop=100
# p=7 gen  3: best_d64=0.8012216742  pop=100
# p=7 gen  4: best_d64=0.8019712692  pop=100
# p=7 gen  5: best_d64=0.8019712694  pop=100
# p=7 gen  6: best_d64=0.8019712694  pop=100
# p=7 gen  7: best_d64=0.8019712694  pop=100
# p=7 gen  8: best_d64=0.8019712694  pop=100
# p=7 gen  8: best_d64=0.8019712694  pop=-1
3,5,7,0.801971269451,46020,1242.9,6.040142187215144;3.5665264483361443;5.797033583137669;6.140701636488718;0.6983794523999105;0.5587934867678718;0.633876476610103,1.9575098885637248;1.2558777319629453;1.0557616885533239;0.19313699504466197;2.880754129491552;2.9256815789600825;3.0261617671187873
# p=8 gen  1: best_d64=0.8112580735  pop=100
=== QAOA Double64 Swarm ===
Task:  2 / 15
Pair:  k=3, D=5
Node:  swift-c3dnodesetssd-1
CPUs:  28
Start: Wed Apr 22 02:39:39 UTC 2026
Job:   1357786_2

--- Node diagnostics ---
Hostname: swift-c3dnodesetssd-1
Memory:                  total        used        free      shared  buff/cache   available
Mem:           1.4Ti       9.5Gi       1.4Ti       3.3Mi       3.1Gi       1.4Ti
Disk:     10.17.247.218:/nfsshare   25T   15T  9.1T  62% /home
Julia:    /home/stephenjordan_google_com/julia-1.12.5/bin/julia
Git HEAD: 25cb9d9

Removing stale results/swarm-d64-k3d5.csv
Checking Julia environment...
Environment ready.

Starting swarm_chain_d64.jl with 28 threads at Wed Apr 22 02:39:42 UTC 2026
# swarm-d64 chain: k=3, D=5, p=1-15, pop=100, gens=10, burst=20, seed=42
k,D,p,ctilde,evals,wall_seconds,gamma,beta
# p=1 gen  1: best_d64=0.6554451990  pop=100
# p=1 gen  2: best_d64=0.6554451990  pop=100
# p=1 gen  3: best_d64=0.6554451990  pop=100
# p=1 gen  4: best_d64=0.6554451990  pop=100
# p=1 gen  4: best_d64=0.6554451990  pop=-1
3,5,1,0.655445198972,4881,5.1,3.6289894626436183,1.8587641536398587
# p=2 gen  1: best_d64=0.7115605478  pop=100
# p=2 gen  2: best_d64=0.7115605478  pop=100
# p=2 gen  3: best_d64=0.7115605478  pop=100
# p=2 gen  4: best_d64=0.7115605478  pop=100
# p=2 gen  4: best_d64=0.7115605478  pop=-1
3,5,2,0.711560547762,11328,0.8,5.910093805264735;2.513031821978793,0.3588311640719598;1.3607444305829315
# p=3 gen  1: best_d64=0.7458766556  pop=100
# p=3 gen  2: best_d64=0.7458766556  pop=100
# p=3 gen  3: best_d64=0.7458766556  pop=100
# p=3 gen  4: best_d64=0.7458766556  pop=100
# p=3 gen  4: best_d64=0.7458766556  pop=-1
3,5,3,0.745876655551,16023,1.6,3.461291846652497;3.6846184114207556;3.7684982064236223,0.379856986050204;2.8542270096204834;1.7441807075664997
# p=4 gen  1: best_d64=0.7570292458  pop=100
# p=4 gen  2: best_d64=0.7688440909  pop=100
# p=4 gen  3: best_d64=0.7688440909  pop=100
# p=4 gen  4: best_d64=0.7688440909  pop=100
# p=4 gen  5: best_d64=0.7688440909  pop=100
# p=4 gen  5: best_d64=0.7688440909  pop=-1
3,5,4,0.768844090898,23595,7.2,0.28676895388477547;0.490698577035674;5.730116417612821;2.51307519243921,0.38434183356786866;1.8796891987677702;0.2568492521895844;1.4211026372225815
# p=5 gen  1: best_d64=0.7857097423  pop=100
# p=5 gen  2: best_d64=0.7857097438  pop=100
# p=5 gen  3: best_d64=0.7857097438  pop=100
# p=5 gen  4: best_d64=0.7857097438  pop=100
# p=5 gen  5: best_d64=0.7857097438  pop=100
# p=5 gen  5: best_d64=0.7857097438  pop=-1
3,5,5,0.785709743790,25730,32.4,3.4059859270473813;0.45889651572032897;0.5028082436877018;0.5560149085045067;2.5113870355631676,2.7548629404310083;2.8258465477492027;2.862109358816905;1.3334523810307772;1.703072228619285
# p=6 gen  1: best_d64=0.7894737739  pop=100
# p=6 gen  2: best_d64=0.7901193987  pop=100
# p=6 gen  3: best_d64=0.7901193987  pop=100
# p=6 gen  4: best_d64=0.7901193987  pop=100
# p=6 gen  5: best_d64=0.7901193987  pop=100
# p=6 gen  5: best_d64=0.7901193987  pop=-1
3,5,6,0.790119398746,28190,160.3,3.399122780230089;5.833616626581233;0.4953729479157601;5.55000905598;3.266936549310145;3.777008817070279,1.9579106558398247;1.8898838391945278;1.8649499170703527;2.9394583740811258;1.1189702434428377;1.6972583890708037
# p=7 gen  1: best_d64=0.7889937151  pop=100
# p=7 gen  2: best_d64=0.7986437563  pop=100
# p=7 gen  3: best_d64=0.8012216742  pop=100
# p=7 gen  4: best_d64=0.8019712692  pop=100
# p=7 gen  5: best_d64=0.8019712694  pop=100
# p=7 gen  6: best_d64=0.8019712694  pop=100
# p=7 gen  7: best_d64=0.8019712694  pop=100
# p=7 gen  8: best_d64=0.8019712694  pop=100
# p=7 gen  8: best_d64=0.8019712694  pop=-1
3,5,7,0.801971269451,46047,1243.8,6.040142187215144;3.5665264483361443;5.797033583137669;6.140701636488718;0.6983794523999105;0.5587934867678718;0.633876476610103,1.9575098885637248;1.2558777319629453;1.0557616885533239;0.19313699504466197;2.880754129491552;2.9256815789600825;3.0261617671187873
# p=8 gen  1: best_d64=0.8112580735  pop=100
# p=8 gen  2: best_d64=0.8112586391  pop=100
=== QAOA Double64 Swarm ===
Task:  2 / 15
Pair:  k=3, D=5
Node:  swift-c3dnodesetssd-1
CPUs:  28
Start: Wed Apr 22 03:33:09 UTC 2026
Job:   1357786_2

--- Node diagnostics ---
Hostname: swift-c3dnodesetssd-1
Memory:                  total        used        free      shared  buff/cache   available
Mem:           1.4Ti       9.2Gi       1.4Ti       3.3Mi       2.4Gi       1.4Ti
Disk:     10.17.247.218:/nfsshare   25T   15T  9.1T  62% /home
Julia:    /home/stephenjordan_google_com/julia-1.12.5/bin/julia
Git HEAD: 25cb9d9

Removing stale results/swarm-d64-k3d5.csv
Checking Julia environment...
Environment ready.

Starting swarm_chain_d64.jl with 28 threads at Wed Apr 22 03:33:13 UTC 2026
# swarm-d64 chain: k=3, D=5, p=1-15, pop=100, gens=10, burst=20, seed=42
k,D,p,ctilde,evals,wall_seconds,gamma,beta
# p=1 gen  1: best_d64=0.6554451990  pop=100
# p=1 gen  2: best_d64=0.6554451990  pop=100
# p=1 gen  3: best_d64=0.6554451990  pop=100
# p=1 gen  4: best_d64=0.6554451990  pop=100
# p=1 gen  4: best_d64=0.6554451990  pop=-1
3,5,1,0.655445198972,4804,5.1,3.6289894626436183,1.8587641536398587
# p=2 gen  1: best_d64=0.7115605478  pop=100
# p=2 gen  2: best_d64=0.7115605478  pop=100
# p=2 gen  3: best_d64=0.7115605478  pop=100
# p=2 gen  4: best_d64=0.7115605478  pop=100
# p=2 gen  4: best_d64=0.7115605478  pop=-1
3,5,2,0.711560547762,11327,0.8,5.910093805264735;2.513031821978793,0.3588311640719598;1.3607444305829315
# p=3 gen  1: best_d64=0.7458766556  pop=100
# p=3 gen  2: best_d64=0.7458766556  pop=100
# p=3 gen  3: best_d64=0.7458766556  pop=100
# p=3 gen  4: best_d64=0.7458766556  pop=100
# p=3 gen  4: best_d64=0.7458766556  pop=-1
3,5,3,0.745876655551,15908,1.6,3.461291846652497;3.6846184114207556;3.7684982064236223,0.379856986050204;2.8542270096204834;1.7441807075664997
# p=4 gen  1: best_d64=0.7570292458  pop=100
# p=4 gen  2: best_d64=0.7688440909  pop=100
# p=4 gen  3: best_d64=0.7688440909  pop=100
# p=4 gen  4: best_d64=0.7688440909  pop=100
# p=4 gen  5: best_d64=0.7688440909  pop=100
# p=4 gen  5: best_d64=0.7688440909  pop=-1
3,5,4,0.768844090898,23597,7.2,0.28676895388477547;0.490698577035674;5.730116417612821;2.51307519243921,0.38434183356786866;1.8796891987677702;0.2568492521895844;1.4211026372225815
# p=5 gen  1: best_d64=0.7857097423  pop=100
# p=5 gen  2: best_d64=0.7857097438  pop=100
# p=5 gen  3: best_d64=0.7857097438  pop=100
# p=5 gen  4: best_d64=0.7857097438  pop=100
# p=5 gen  5: best_d64=0.7857097438  pop=100
# p=5 gen  5: best_d64=0.7857097438  pop=-1
3,5,5,0.785709743790,25727,32.6,3.4059859270473813;0.45889651572032897;0.5028082436877018;0.5560149085045067;2.5113870355631676,2.7548629404310083;2.8258465477492027;2.862109358816905;1.3334523810307772;1.703072228619285
# p=6 gen  1: best_d64=0.7894737739  pop=100
# p=6 gen  2: best_d64=0.7901193987  pop=100
# p=6 gen  3: best_d64=0.7901193987  pop=100
# p=6 gen  4: best_d64=0.7901193987  pop=100
# p=6 gen  5: best_d64=0.7901193987  pop=100
# p=6 gen  5: best_d64=0.7901193987  pop=-1
3,5,6,0.790119398746,28134,161.0,3.399122780230089;5.833616626581233;0.4953729479157601;5.55000905598;3.266936549310145;3.777008817070279,1.9579106558398247;1.8898838391945278;1.8649499170703527;2.9394583740811258;1.1189702434428377;1.6972583890708037
# p=7 gen  1: best_d64=0.7889937151  pop=100
# p=7 gen  2: best_d64=0.7986437563  pop=100
# p=7 gen  3: best_d64=0.8012216742  pop=100
# p=7 gen  4: best_d64=0.8019712692  pop=100
# p=7 gen  5: best_d64=0.8019712694  pop=100
# p=7 gen  6: best_d64=0.8019712694  pop=100
# p=7 gen  7: best_d64=0.8019712694  pop=100
# p=7 gen  8: best_d64=0.8019712694  pop=100
# p=7 gen  8: best_d64=0.8019712694  pop=-1
3,5,7,0.801971269451,46108,1246.9,6.040142187215144;3.5665264483361443;5.797033583137669;6.140701636488718;0.6983794523999105;0.5587934867678718;0.633876476610103,1.9575098885637248;1.2558777319629453;1.0557616885533239;0.19313699504466197;2.880754129491552;2.9256815789600825;3.0261617671187873
# p=8 gen  1: best_d64=0.8112580735  pop=100
=== QAOA Double64 Swarm ===
Task:  2 / 15
Pair:  k=3, D=5
Node:  swift-c3dnodesetssd-2
CPUs:  28
Start: Wed Apr 22 04:25:10 UTC 2026
Job:   1357786_2

--- Node diagnostics ---
Hostname: swift-c3dnodesetssd-2
Memory:                  total        used        free      shared  buff/cache   available
Mem:           1.4Ti       9.1Gi       1.4Ti       3.3Mi       2.2Gi       1.4Ti
Disk:     10.17.247.218:/nfsshare   25T   15T  9.1T  62% /home
Julia:    /home/stephenjordan_google_com/julia-1.12.5/bin/julia
Git HEAD: 25cb9d9

Removing stale results/swarm-d64-k3d5.csv
Checking Julia environment...
Environment ready.

Starting swarm_chain_d64.jl with 28 threads at Wed Apr 22 04:25:14 UTC 2026
# swarm-d64 chain: k=3, D=5, p=1-15, pop=100, gens=10, burst=20, seed=42
k,D,p,ctilde,evals,wall_seconds,gamma,beta
# p=1 gen  1: best_d64=0.6554451990  pop=100
# p=1 gen  2: best_d64=0.6554451990  pop=100
# p=1 gen  3: best_d64=0.6554451990  pop=100
# p=1 gen  4: best_d64=0.6554451990  pop=100
# p=1 gen  4: best_d64=0.6554451990  pop=-1
3,5,1,0.655445198972,4693,5.1,3.6289894626436183,1.8587641536398587
# p=2 gen  1: best_d64=0.7115605478  pop=100
# p=2 gen  2: best_d64=0.7115605478  pop=100
# p=2 gen  3: best_d64=0.7115605478  pop=100
# p=2 gen  4: best_d64=0.7115605478  pop=100
# p=2 gen  4: best_d64=0.7115605478  pop=-1
3,5,2,0.711560547762,11326,0.8,5.910093805264735;2.513031821978793,0.3588311640719598;1.3607444305829315
# p=3 gen  1: best_d64=0.7458766556  pop=100
# p=3 gen  2: best_d64=0.7458766556  pop=100
# p=3 gen  3: best_d64=0.7458766556  pop=100
# p=3 gen  4: best_d64=0.7458766556  pop=100
# p=3 gen  4: best_d64=0.7458766556  pop=-1
3,5,3,0.745876655551,16018,1.6,3.461291846652497;3.6846184114207556;3.7684982064236223,0.379856986050204;2.8542270096204834;1.7441807075664997
# p=4 gen  1: best_d64=0.7570292458  pop=100
# p=4 gen  2: best_d64=0.7688440909  pop=100
# p=4 gen  3: best_d64=0.7688440909  pop=100
# p=4 gen  4: best_d64=0.7688440909  pop=100
# p=4 gen  5: best_d64=0.7688440909  pop=100
# p=4 gen  5: best_d64=0.7688440909  pop=-1
3,5,4,0.768844090898,23596,7.3,0.28676895388477547;0.490698577035674;5.730116417612821;2.51307519243921,0.38434183356786866;1.8796891987677702;0.2568492521895844;1.4211026372225815
# p=5 gen  1: best_d64=0.7857097423  pop=100
# p=5 gen  2: best_d64=0.7857097438  pop=100
# p=5 gen  3: best_d64=0.7857097438  pop=100
# p=5 gen  4: best_d64=0.7857097438  pop=100
# p=5 gen  5: best_d64=0.7857097438  pop=100
# p=5 gen  5: best_d64=0.7857097438  pop=-1
3,5,5,0.785709743790,25789,33.4,3.4059859270473813;0.45889651572032897;0.5028082436877018;0.5560149085045067;2.5113870355631676,2.7548629404310083;2.8258465477492027;2.862109358816905;1.3334523810307772;1.703072228619285
# p=6 gen  1: best_d64=0.7894737739  pop=100
# p=6 gen  2: best_d64=0.7901193987  pop=100
# p=6 gen  3: best_d64=0.7901193987  pop=100
# p=6 gen  4: best_d64=0.7901193987  pop=100
# p=6 gen  5: best_d64=0.7901193987  pop=100
# p=6 gen  5: best_d64=0.7901193987  pop=-1
3,5,6,0.790119398746,28190,162.8,3.399122780230089;5.833616626581233;0.4953729479157601;5.55000905598;3.266936549310145;3.777008817070279,1.9579106558398247;1.8898838391945278;1.8649499170703527;2.9394583740811258;1.1189702434428377;1.6972583890708037
# p=7 gen  1: best_d64=0.7889937151  pop=100
# p=7 gen  2: best_d64=0.7986437563  pop=100
# p=7 gen  3: best_d64=0.8012216742  pop=100
# p=7 gen  4: best_d64=0.8019712692  pop=100
# p=7 gen  5: best_d64=0.8019712694  pop=100
# p=7 gen  6: best_d64=0.8019712694  pop=100
# p=7 gen  7: best_d64=0.8019712694  pop=100
# p=7 gen  8: best_d64=0.8019712694  pop=100
# p=7 gen  8: best_d64=0.8019712694  pop=-1
3,5,7,0.801971269451,46108,1259.4,6.040142187215144;3.5665264483361443;5.797033583137669;6.140701636488718;0.6983794523999105;0.5587934867678718;0.633876476610103,1.9575098885637248;1.2558777319629453;1.0557616885533239;0.19313699504466197;2.880754129491552;2.9256815789600825;3.0261617671187873
# p=8 gen  1: best_d64=0.8112580735  pop=100
# p=8 gen  2: best_d64=0.8112586391  pop=100
# p=8 gen  3: best_d64=0.8112586391  pop=100
# p=8 gen  4: best_d64=0.8112586391  pop=100
# p=8 gen  5: best_d64=0.8112586391  pop=100
# p=8 gen  5: best_d64=0.8112586391  pop=-1
3,5,8,0.811258639081,32379,3524.1,6.052061056053941;3.549062585581285;5.817149584690063;6.147346739578197;0.6571304378626045;0.5022102813228714;0.5553242818814241;0.6325305165271545,1.9567133808170931;1.256758234506425;1.0620452253274604;0.17936056862302605;2.8674268654560273;2.895039935917925;2.93661758420383;3.035901098453792
# p=9 gen  1: best_d64=0.8191106133  pop=100
# p=9 gen  2: best_d64=0.8191111573  pop=100
# p=9 gen  3: best_d64=0.8191111579  pop=100
=== QAOA Double64 Swarm ===
Task:  2 / 15
Pair:  k=3, D=5
Node:  swift-c3dnodesetssd-1
CPUs:  28
Start: Wed Apr 22 08:34:41 UTC 2026
Job:   1357786_2

--- Node diagnostics ---
Hostname: swift-c3dnodesetssd-1
Memory:                  total        used        free      shared  buff/cache   available
Mem:           1.4Ti       9.1Gi       1.4Ti       3.3Mi       2.2Gi       1.4Ti
Disk:     10.17.247.218:/nfsshare   25T   15T  9.1T  62% /home
Julia:    /home/stephenjordan_google_com/julia-1.12.5/bin/julia
Git HEAD: 25cb9d9

Removing stale results/swarm-d64-k3d5.csv
Checking Julia environment...
Environment ready.

Starting swarm_chain_d64.jl with 28 threads at Wed Apr 22 08:34:46 UTC 2026
# swarm-d64 chain: k=3, D=5, p=1-15, pop=100, gens=10, burst=20, seed=42
k,D,p,ctilde,evals,wall_seconds,gamma,beta
# p=1 gen  1: best_d64=0.6554451990  pop=100
# p=1 gen  2: best_d64=0.6554451990  pop=100
# p=1 gen  3: best_d64=0.6554451990  pop=100
# p=1 gen  4: best_d64=0.6554451990  pop=100
# p=1 gen  4: best_d64=0.6554451990  pop=-1
3,5,1,0.655445198972,4750,5.1,3.6289894626436183,1.8587641536398587
# p=2 gen  1: best_d64=0.7115605478  pop=100
# p=2 gen  2: best_d64=0.7115605478  pop=100
# p=2 gen  3: best_d64=0.7115605478  pop=100
# p=2 gen  4: best_d64=0.7115605478  pop=100
# p=2 gen  4: best_d64=0.7115605478  pop=-1
3,5,2,0.711560547762,11327,0.8,5.910093805264735;2.513031821978793,0.3588311640719598;1.3607444305829315
# p=3 gen  1: best_d64=0.7458766556  pop=100
# p=3 gen  2: best_d64=0.7458766556  pop=100
# p=3 gen  3: best_d64=0.7458766556  pop=100
# p=3 gen  4: best_d64=0.7458766556  pop=100
# p=3 gen  4: best_d64=0.7458766556  pop=-1
3,5,3,0.745876655551,15996,1.6,3.461291846652497;3.6846184114207556;3.7684982064236223,0.379856986050204;2.8542270096204834;1.7441807075664997
# p=4 gen  1: best_d64=0.7570292458  pop=100
# p=4 gen  2: best_d64=0.7688440909  pop=100
# p=4 gen  3: best_d64=0.7688440909  pop=100
# p=4 gen  4: best_d64=0.7688440909  pop=100
# p=4 gen  5: best_d64=0.7688440909  pop=100
# p=4 gen  5: best_d64=0.7688440909  pop=-1
3,5,4,0.768844090898,23599,7.2,0.28676895388477547;0.490698577035674;5.730116417612821;2.51307519243921,0.38434183356786866;1.8796891987677702;0.2568492521895844;1.4211026372225815
# p=5 gen  1: best_d64=0.7857097423  pop=100
# p=5 gen  2: best_d64=0.7857097438  pop=100
# p=5 gen  3: best_d64=0.7857097438  pop=100
# p=5 gen  4: best_d64=0.7857097438  pop=100
# p=5 gen  5: best_d64=0.7857097438  pop=100
# p=5 gen  5: best_d64=0.7857097438  pop=-1
3,5,5,0.785709743790,25788,32.6,3.4059859270473813;0.45889651572032897;0.5028082436877018;0.5560149085045067;2.5113870355631676,2.7548629404310083;2.8258465477492027;2.862109358816905;1.3334523810307772;1.703072228619285
# p=6 gen  1: best_d64=0.7894737739  pop=100
# p=6 gen  2: best_d64=0.7901193987  pop=100
# p=6 gen  3: best_d64=0.7901193987  pop=100
# p=6 gen  4: best_d64=0.7901193987  pop=100
# p=6 gen  5: best_d64=0.7901193987  pop=100
# p=6 gen  5: best_d64=0.7901193987  pop=-1
3,5,6,0.790119398746,28190,161.5,3.399122780230089;5.833616626581233;0.4953729479157601;5.55000905598;3.266936549310145;3.777008817070279,1.9579106558398247;1.8898838391945278;1.8649499170703527;2.9394583740811258;1.1189702434428377;1.6972583890708037
# p=7 gen  1: best_d64=0.7889937151  pop=100
# p=7 gen  2: best_d64=0.7986437563  pop=100
=== QAOA Double64 Swarm ===
Task:  2 / 15
Pair:  k=3, D=5
Node:  swift-c3dnodesetssd-1
CPUs:  28
Start: Wed Apr 22 08:50:42 UTC 2026
Job:   1357786_2

--- Node diagnostics ---
Hostname: swift-c3dnodesetssd-1
Memory:                  total        used        free      shared  buff/cache   available
Mem:           1.4Ti       9.1Gi       1.4Ti       3.3Mi       2.2Gi       1.4Ti
Disk:     10.17.247.218:/nfsshare   25T   15T  9.1T  62% /home
Julia:    /home/stephenjordan_google_com/julia-1.12.5/bin/julia
Git HEAD: 25cb9d9

Removing stale results/swarm-d64-k3d5.csv
Checking Julia environment...
Environment ready.

Starting swarm_chain_d64.jl with 28 threads at Wed Apr 22 08:50:51 UTC 2026
# swarm-d64 chain: k=3, D=5, p=1-15, pop=100, gens=10, burst=20, seed=42
k,D,p,ctilde,evals,wall_seconds,gamma,beta
# p=1 gen  1: best_d64=0.6554451990  pop=100
# p=1 gen  2: best_d64=0.6554451990  pop=100
# p=1 gen  3: best_d64=0.6554451990  pop=100
# p=1 gen  4: best_d64=0.6554451990  pop=100
# p=1 gen  4: best_d64=0.6554451990  pop=-1
3,5,1,0.655445198972,4792,5.2,3.6289894626436183,1.8587641536398587
# p=2 gen  1: best_d64=0.7115605478  pop=100
# p=2 gen  2: best_d64=0.7115605478  pop=100
# p=2 gen  3: best_d64=0.7115605478  pop=100
# p=2 gen  4: best_d64=0.7115605478  pop=100
# p=2 gen  4: best_d64=0.7115605478  pop=-1
3,5,2,0.711560547762,11327,0.9,5.910093805264735;2.513031821978793,0.3588311640719598;1.3607444305829315
# p=3 gen  1: best_d64=0.7458766556  pop=100
# p=3 gen  2: best_d64=0.7458766556  pop=100
# p=3 gen  3: best_d64=0.7458766556  pop=100
# p=3 gen  4: best_d64=0.7458766556  pop=100
# p=3 gen  4: best_d64=0.7458766556  pop=-1
3,5,3,0.745876655551,16071,1.6,3.461291846652497;3.6846184114207556;3.7684982064236223,0.379856986050204;2.8542270096204834;1.7441807075664997
# p=4 gen  1: best_d64=0.7570292458  pop=100
# p=4 gen  2: best_d64=0.7688440909  pop=100
# p=4 gen  3: best_d64=0.7688440909  pop=100
# p=4 gen  4: best_d64=0.7688440909  pop=100
# p=4 gen  5: best_d64=0.7688440909  pop=100
# p=4 gen  5: best_d64=0.7688440909  pop=-1
3,5,4,0.768844090898,23599,7.3,0.28676895388477547;0.490698577035674;5.730116417612821;2.51307519243921,0.38434183356786866;1.8796891987677702;0.2568492521895844;1.4211026372225815
# p=5 gen  1: best_d64=0.7857097423  pop=100
# p=5 gen  2: best_d64=0.7857097438  pop=100
# p=5 gen  3: best_d64=0.7857097438  pop=100
# p=5 gen  4: best_d64=0.7857097438  pop=100
# p=5 gen  5: best_d64=0.7857097438  pop=100
# p=5 gen  5: best_d64=0.7857097438  pop=-1
3,5,5,0.785709743790,25789,33.3,3.4059859270473813;0.45889651572032897;0.5028082436877018;0.5560149085045067;2.5113870355631676,2.7548629404310083;2.8258465477492027;2.862109358816905;1.3334523810307772;1.703072228619285
# p=6 gen  1: best_d64=0.7894737739  pop=100
# p=6 gen  2: best_d64=0.7901193987  pop=100
# p=6 gen  3: best_d64=0.7901193987  pop=100
# p=6 gen  4: best_d64=0.7901193987  pop=100
# p=6 gen  5: best_d64=0.7901193987  pop=100
# p=6 gen  5: best_d64=0.7901193987  pop=-1
3,5,6,0.790119398746,28190,162.3,3.399122780230089;5.833616626581233;0.4953729479157601;5.55000905598;3.266936549310145;3.777008817070279,1.9579106558398247;1.8898838391945278;1.8649499170703527;2.9394583740811258;1.1189702434428377;1.6972583890708037
# p=7 gen  1: best_d64=0.7889937151  pop=100
# p=7 gen  2: best_d64=0.7986437563  pop=100
# p=7 gen  3: best_d64=0.8012216742  pop=100
# p=7 gen  4: best_d64=0.8019712692  pop=100
# p=7 gen  5: best_d64=0.8019712694  pop=100
# p=7 gen  6: best_d64=0.8019712694  pop=100
# p=7 gen  7: best_d64=0.8019712694  pop=100
# p=7 gen  8: best_d64=0.8019712694  pop=100
# p=7 gen  8: best_d64=0.8019712694  pop=-1
3,5,7,0.801971269451,46047,1250.0,6.040142187215144;3.5665264483361443;5.797033583137669;6.140701636488718;0.6983794523999105;0.5587934867678718;0.633876476610103,1.9575098885637248;1.2558777319629453;1.0557616885533239;0.19313699504466197;2.880754129491552;2.9256815789600825;3.0261617671187873
# p=8 gen  1: best_d64=0.8112580735  pop=100
# p=8 gen  2: best_d64=0.8112586391  pop=100
# p=8 gen  3: best_d64=0.8112586391  pop=100
# p=8 gen  4: best_d64=0.8112586391  pop=100
# p=8 gen  5: best_d64=0.8112586391  pop=100
# p=8 gen  5: best_d64=0.8112586391  pop=-1
3,5,8,0.811258639081,32379,3525.1,6.052061056053941;3.549062585581285;5.817149584690063;6.147346739578197;0.6571304378626045;0.5022102813228714;0.5553242818814241;0.6325305165271545,1.9567133808170931;1.256758234506425;1.0620452253274604;0.17936056862302605;2.8674268654560273;2.895039935917925;2.93661758420383;3.035901098453792
# p=9 gen  1: best_d64=0.8191106133  pop=100
# p=9 gen  2: best_d64=0.8191111573  pop=100
# p=9 gen  3: best_d64=0.8191111579  pop=100
# p=9 gen  4: best_d64=0.8191111579  pop=100
# p=9 gen  5: best_d64=0.8191111579  pop=100
# p=9 gen  6: best_d64=0.8191111579  pop=100
# p=9 gen  6: best_d64=0.8191111579  pop=-1
3,5,9,0.819111157931,38233,18699.1,6.0614750479024;3.5350551623022426;5.832376154599331;6.150433160184292;0.632716760932997;0.4737582974217294;0.50155413772647;0.5594059249832981;0.6385370425669724,1.9556150739137703;1.2585426651216074;1.0680368988195095;0.1701169304334297;2.8629724966873584;2.8774701396975013;2.905240664428201;2.948136692037692;3.0444241217021157
# p=10 gen  1: best_d64=0.8256884563  pop=100
# p=10 gen  2: best_d64=0.8256892394  pop=100
# p=10 gen  3: best_d64=0.8256892404  pop=100
# p=10 gen  4: best_d64=0.8256892405  pop=100
# p=10 gen  5: best_d64=0.8256892405  pop=100
# p=10 gen  6: best_d64=0.8256892405  pop=100
# p=10 gen  6: best_d64=0.8256892405  pop=-1
3,5,10,0.825689240471,37927,93936.8,6.069258094989518;3.5235540558885368;5.845217926852752;6.1559988913842325;0.6104275688394458;0.45358559644034285;0.47055104831880573;0.5009046830293691;0.5615520476208149;0.6407741971071392,1.9544724244528668;1.2605091534241448;1.0735609570266478;0.16409115827331758;2.861966231709584;2.8713127980808797;2.885440234018703;2.914489566431471;2.958054902884158;3.051089921958674
# p=11 gen  1: best_d64=0.8312973975  pop=100
# p=11 gen  2: best_d64=0.8312989259  pop=100
# p=11 gen  3: best_d64=0.8312989340  pop=100
# p=11 gen  4: best_d64=0.8312989341  pop=100
# p=11 gen  5: best_d64=0.8312989341  pop=100
# p=11 gen  6: best_d64=0.8312989341  pop=100
# p=11 gen  6: best_d64=0.8312989341  pop=-1
3,5,11,0.831298934079,38908,422368.9,6.0757621109667355;3.513913684614661;5.856294354523535;6.1611740618586746;0.5925418030171447;0.43974210273628495;0.45119717600133186;0.4696815919485345;0.5023590478964337;0.5668353020662636;0.6459767053028311,1.9533389221343376;1.2625946383635087;1.0797161062306726;0.15878068338602405;2.8622330448724305;2.868029142332132;2.8781460567400647;2.892404987276505;2.923378344884842;2.9677809613513904;3.0576268273310934
/var/spool/slurmd/job1357788/slurm_script: line 124:  9919 Killed                  julia --project=. -t ${SLURM_CPUS_PER_TASK:-28} scripts/swarm_chain_d64.jl $K $D 15 100 10 20 42

Exit code: 137
Done: Tue Apr 28 15:05:55 UTC 2026
FAILED — pushing logs
