=== QAOA Double64 Swarm ===
Task:  12 / 15
Pair:  k=5, D=8
Node:  swift-c3dnodesetssd-21
CPUs:  28
Start: Fri Apr 10 23:52:28 UTC 2026
Job:   1326055_12

--- Node diagnostics ---
Hostname: swift-c3dnodesetssd-21
Memory:                  total        used        free      shared  buff/cache   available
Mem:           1.4Ti       9.2Gi       1.4Ti       3.3Mi       2.4Gi       1.4Ti
Disk:     10.17.247.218:/nfsshare   25T   15T  9.6T  60% /home
Julia:    /home/stephenjordan_google_com/julia-1.12.5/bin/julia
Git HEAD: 411f899

Checking Julia environment...
Environment ready.

Starting swarm_chain_d64.jl with 28 threads at Fri Apr 10 23:52:34 UTC 2026
# swarm-d64 chain: k=5, D=8, p=1-15, pop=100, gens=10, burst=20, seed=42
k,D,p,ctilde,evals,wall_seconds,gamma,beta
# p=1 gen  1: best_d64=0.6362805163  pop=100
# p=1 gen  2: best_d64=0.6362805163  pop=100
# p=1 gen  3: best_d64=0.6362805163  pop=100
# p=1 gen  4: best_d64=0.6362805163  pop=100
# p=1 gen  4: best_d64=0.6362805163  pop=-1
5,8,1,0.636280516324,5138,5.3,5.874384083612015,1.771212691793534
# p=2 gen  1: best_d64=0.6874090294  pop=100
# p=2 gen  2: best_d64=0.6874090294  pop=100
# p=2 gen  3: best_d64=0.6874090294  pop=100
# p=2 gen  4: best_d64=0.6874090294  pop=100
# p=2 gen  4: best_d64=0.6874090294  pop=-1
5,8,2,0.687409029389,10492,0.9,0.32093271851654226;2.6592649183391686,1.3437475783424522;2.993008214682466
# p=3 gen  1: best_d64=0.7189811354  pop=100
# p=3 gen  2: best_d64=0.7189811354  pop=100
# p=3 gen  3: best_d64=0.7189811354  pop=100
# p=3 gen  4: best_d64=0.7189811354  pop=100
# p=3 gen  4: best_d64=0.7189811354  pop=-1
5,8,3,0.718981135448,14079,2.1,2.8612405507982306;3.563699598510278;5.818437295830123,1.3398964041117654;1.3854002530387017;3.0160532568842364
# p=4 gen  1: best_d64=0.7406690091  pop=100
# p=4 gen  2: best_d64=0.7406690091  pop=100
# p=4 gen  3: best_d64=0.7406690091  pop=100
# p=4 gen  4: best_d64=0.7406690091  pop=100
# p=4 gen  4: best_d64=0.7406690091  pop=-1
5,8,4,0.740669009086,17753,8.9,2.885069796987;3.5276329393861467;5.869339629524998;5.828890385519163,1.3423554389138075;1.3797692961821568;2.970677813426881;3.031286667526462
# p=5 gen  1: best_d64=0.7567938634  pop=100
# p=5 gen  2: best_d64=0.7567938634  pop=100
# p=5 gen  3: best_d64=0.7567938634  pop=100
# p=5 gen  4: best_d64=0.7567938634  pop=100
# p=5 gen  4: best_d64=0.7567938634  pop=-1
5,8,5,0.756793863381,17512,42.0,2.9013632947128842;3.506023413130886;5.901839172321893;5.878131048572385;5.836208754966479,1.3450773958276387;1.3803579815899487;2.9625137023021613;2.979812907611488;3.0425463293852366
# p=6 gen  1: best_d64=0.7693193410  pop=100
# p=6 gen  2: best_d64=0.7693193410  pop=100
# p=6 gen  3: best_d64=0.7693193410  pop=100
# p=6 gen  4: best_d64=0.7693193410  pop=100
# p=6 gen  4: best_d64=0.7693193410  pop=-1
5,8,6,0.769319340991,19386,226.8,2.913023365078113;3.490470883430964;5.92115749611341;5.910597824190869;5.886181163953545;5.841257092169257,1.347753523526235;1.382864137947582;2.9613358523234674;2.96884987351226;2.9872481399271775;3.0514773275787834
# p=7 gen  1: best_d64=0.7793570382  pop=100
# p=7 gen  2: best_d64=0.7793570383  pop=100
# p=7 gen  3: best_d64=0.7793570384  pop=100
# p=7 gen  4: best_d64=0.7793570384  pop=100
# p=7 gen  4: best_d64=0.7793570384  pop=-1
5,8,7,0.779357038377,19898,979.5,2.921917704420001;3.4785186008121585;5.934588829613785;5.92915850838401;5.919792443240726;5.8922459294228675;5.84467445075397,1.350320548020794;1.385643910834852;2.9627536179486684;2.965690668726452;2.97358234340996;2.993915226883814;3.058762702617394
# p=8 gen  1: best_d64=0.7875958441  pop=100
# p=8 gen  2: best_d64=0.7875958513  pop=100
# p=8 gen  3: best_d64=0.7875958513  pop=100
# p=8 gen  4: best_d64=0.7875958513  pop=100
# p=8 gen  5: best_d64=0.7875958513  pop=100
# p=8 gen  5: best_d64=0.7875958513  pop=-1
5,8,8,0.787595851288,20734,4863.9,2.9289592990610274;3.468967113639856;5.9447996996579215;5.9418769737784825;5.938402875536032;5.927395936154293;5.896565641677474;5.846981585013371,1.3526909410144052;1.3883809648909646;2.964973899144569;2.965933135953796;2.968484283460251;2.977805421286638;3.0000660476402015;3.064840336636705
# p=9 gen  1: best_d64=0.7944867153  pop=100
# p=9 gen  2: best_d64=0.7944867648  pop=100
# p=9 gen  3: best_d64=0.7944867648  pop=100
# p=9 gen  4: best_d64=0.7944867648  pop=100
# p=9 gen  5: best_d64=0.7944867648  pop=100
# p=9 gen  5: best_d64=0.7944867648  pop=-1
5,8,9,0.794486764836,21371,23884.8,2.934693872680561;3.461074829247558;5.9529395712698445;5.951334531178426;5.95099637428788;5.946424553137438;5.933337869251306;5.899475639877862;5.848481506417136,1.3548609791274404;1.3909585046518815;2.9673643975267616;2.967434989651472;2.9676131645395145;2.9708627873355438;2.981835357431433;3.005808931589289;3.0700258759006847
# p=10 gen  1: best_d64=0.8003402502  pop=100
# p=10 gen  2: best_d64=0.8003403031  pop=100
# p=10 gen  3: best_d64=0.8003403031  pop=100
# p=10 gen  4: best_d64=0.8003403031  pop=100
# p=10 gen  5: best_d64=0.8003403032  pop=100
# p=10 gen  5: best_d64=0.8003403032  pop=-1
5,8,10,0.800340303158,19035,104110.6,2.9394735923877406;3.4544068479145986;5.9596530257370794;5.958807035378012;5.960158127038248;5.959158726928203;5.952999912620104;5.937844442945271;5.901291454779732;5.849355634666332,1.3568381626392845;1.393332229351391;2.9697113151872334;2.9693808270900615;2.9683440600338455;2.9689587209643666;2.973184777759975;2.985789953329459;3.011199956564092;3.0745272676378175
=== QAOA Double64 Swarm ===
Task:  12 / 15
Pair:  k=5, D=8
Node:  swift-c3dnodesetssd-11
CPUs:  28
Start: Wed Apr 15 04:31:02 UTC 2026
Job:   1357786_12

--- Node diagnostics ---
Hostname: swift-c3dnodesetssd-11
Memory:                  total        used        free      shared  buff/cache   available
Mem:           1.4Ti       9.1Gi       1.4Ti       3.3Mi       2.2Gi       1.4Ti
Disk:     10.17.247.218:/nfsshare   25T   15T  9.5T  61% /home
Julia:    /home/stephenjordan_google_com/julia-1.12.5/bin/julia
Git HEAD: 605aa66

Removing stale results/swarm-d64-k5d8.csv
Checking Julia environment...
Environment ready.

Starting swarm_chain_d64.jl with 28 threads at Wed Apr 15 04:31:08 UTC 2026
# swarm-d64 chain: k=5, D=8, p=1-15, pop=100, gens=10, burst=20, seed=42
k,D,p,ctilde,evals,wall_seconds,gamma,beta
# p=1 gen  1: best_d64=0.6362805163  pop=100
# p=1 gen  2: best_d64=0.6362805163  pop=100
# p=1 gen  3: best_d64=0.6362805163  pop=100
# p=1 gen  4: best_d64=0.6362805163  pop=100
# p=1 gen  4: best_d64=0.6362805163  pop=-1
5,8,1,0.636280516324,5126,5.2,5.874384083612015,1.771212691793534
# p=2 gen  1: best_d64=0.6874090294  pop=100
# p=2 gen  2: best_d64=0.6874090294  pop=100
# p=2 gen  3: best_d64=0.6874090294  pop=100
# p=2 gen  4: best_d64=0.6874090294  pop=100
# p=2 gen  4: best_d64=0.6874090294  pop=-1
5,8,2,0.687409029389,10493,0.9,0.32093271851654226;2.6592649183391686,1.3437475783424522;2.993008214682466
# p=3 gen  1: best_d64=0.7189811354  pop=100
# p=3 gen  2: best_d64=0.7189811354  pop=100
# p=3 gen  3: best_d64=0.7189811354  pop=100
# p=3 gen  4: best_d64=0.7189811354  pop=100
# p=3 gen  4: best_d64=0.7189811354  pop=-1
5,8,3,0.718981135448,14163,2.0,2.8612405507982306;3.563699598510278;5.818437295830123,1.3398964041117654;1.3854002530387017;3.0160532568842364
# p=4 gen  1: best_d64=0.7406690091  pop=100
# p=4 gen  2: best_d64=0.7406690091  pop=100
# p=4 gen  3: best_d64=0.7406690091  pop=100
# p=4 gen  4: best_d64=0.7406690091  pop=100
# p=4 gen  4: best_d64=0.7406690091  pop=-1
5,8,4,0.740669009086,17704,8.8,2.885069796987;3.5276329393861467;5.869339629524998;5.828890385519163,1.3423554389138075;1.3797692961821568;2.970677813426881;3.031286667526462
# p=5 gen  1: best_d64=0.7567938634  pop=100
# p=5 gen  2: best_d64=0.7567938634  pop=100
# p=5 gen  3: best_d64=0.7567938634  pop=100
# p=5 gen  4: best_d64=0.7567938634  pop=100
# p=5 gen  4: best_d64=0.7567938634  pop=-1
5,8,5,0.756793863381,17512,42.1,2.9013632947128842;3.506023413130886;5.901839172321893;5.878131048572385;5.836208754966479,1.3450773958276387;1.3803579815899487;2.9625137023021613;2.979812907611488;3.0425463293852366
# p=6 gen  1: best_d64=0.7693193410  pop=100
# p=6 gen  2: best_d64=0.7693193410  pop=100
# p=6 gen  3: best_d64=0.7693193410  pop=100
# p=6 gen  4: best_d64=0.7693193410  pop=100
# p=6 gen  4: best_d64=0.7693193410  pop=-1
5,8,6,0.769319340991,19386,226.5,2.913023365078113;3.490470883430964;5.92115749611341;5.910597824190869;5.886181163953545;5.841257092169257,1.347753523526235;1.382864137947582;2.9613358523234674;2.96884987351226;2.9872481399271775;3.0514773275787834
# p=7 gen  1: best_d64=0.7793570382  pop=100
# p=7 gen  2: best_d64=0.7793570383  pop=100
# p=7 gen  3: best_d64=0.7793570384  pop=100
# p=7 gen  4: best_d64=0.7793570384  pop=100
# p=7 gen  4: best_d64=0.7793570384  pop=-1
5,8,7,0.779357038377,19898,961.9,2.921917704420001;3.4785186008121585;5.934588829613785;5.92915850838401;5.919792443240726;5.8922459294228675;5.84467445075397,1.350320548020794;1.385643910834852;2.9627536179486684;2.965690668726452;2.97358234340996;2.993915226883814;3.058762702617394
# p=8 gen  1: best_d64=0.7875958441  pop=100
# p=8 gen  2: best_d64=0.7875958513  pop=100
# p=8 gen  3: best_d64=0.7875958513  pop=100
# p=8 gen  4: best_d64=0.7875958513  pop=100
# p=8 gen  5: best_d64=0.7875958513  pop=100
# p=8 gen  5: best_d64=0.7875958513  pop=-1
5,8,8,0.787595851288,20734,4867.3,2.9289592990610274;3.468967113639856;5.9447996996579215;5.9418769737784825;5.938402875536032;5.927395936154293;5.896565641677474;5.846981585013371,1.3526909410144052;1.3883809648909646;2.964973899144569;2.965933135953796;2.968484283460251;2.977805421286638;3.0000660476402015;3.064840336636705
# p=9 gen  1: best_d64=0.7944867153  pop=100
# p=9 gen  2: best_d64=0.7944867648  pop=100
# p=9 gen  3: best_d64=0.7944867648  pop=100
# p=9 gen  4: best_d64=0.7944867648  pop=100
# p=9 gen  5: best_d64=0.7944867648  pop=100
# p=9 gen  5: best_d64=0.7944867648  pop=-1
5,8,9,0.794486764836,21371,23726.3,2.934693872680561;3.461074829247558;5.9529395712698445;5.951334531178426;5.95099637428788;5.946424553137438;5.933337869251306;5.899475639877862;5.848481506417136,1.3548609791274404;1.3909585046518815;2.9673643975267616;2.967434989651472;2.9676131645395145;2.9708627873355438;2.981835357431433;3.005808931589289;3.0700258759006847
# p=10 gen  1: best_d64=0.8003402502  pop=100
# p=10 gen  2: best_d64=0.8003403031  pop=100
# p=10 gen  3: best_d64=0.8003403031  pop=100
# p=10 gen  4: best_d64=0.8003403031  pop=100
# p=10 gen  5: best_d64=0.8003403032  pop=100
# p=10 gen  5: best_d64=0.8003403032  pop=-1
5,8,10,0.800340303158,19035,104525.3,2.9394735923877406;3.4544068479145986;5.9596530257370794;5.958807035378012;5.960158127038248;5.959158726928203;5.952999912620104;5.937844442945271;5.901291454779732;5.849355634666332,1.3568381626392845;1.393332229351391;2.9697113151872334;2.9693808270900615;2.9683440600338455;2.9689587209643666;2.973184777759975;2.985789953329459;3.011199956564092;3.0745272676378175
# p=11 gen  1: best_d64=0.8053762349  pop=100
# p=11 gen  2: best_d64=0.8053773356  pop=100
# p=11 gen  3: best_d64=0.8053773356  pop=100
# p=11 gen  4: best_d64=0.8053773356  pop=100
=== QAOA Double64 Swarm ===
Task:  12 / 15
Pair:  k=5, D=8
Node:  swift-c3dnodesetssd-11
CPUs:  28
Start: Tue Apr 21 14:12:25 UTC 2026
Job:   1357786_12

--- Node diagnostics ---
Hostname: swift-c3dnodesetssd-11
Memory:                  total        used        free      shared  buff/cache   available
Mem:           1.4Ti       9.1Gi       1.4Ti       3.3Mi       2.2Gi       1.4Ti
Disk:     10.17.247.218:/nfsshare   25T   15T  9.2T  62% /home
Julia:    /home/stephenjordan_google_com/julia-1.12.5/bin/julia
Git HEAD: 7b59647

Removing stale results/swarm-d64-k5d8.csv
Checking Julia environment...
Precompiling packages...
    QaoaXorsat Being precompiled by another machine (hostname: swift-c3dnodesetssd-10, pid: 9762, pidfile: /home/stephenjordan_google_com/.julia/compiled/v1.12/QaoaXorsat/qgVWo_H0iNu.ji.pidfile)
 111042.8 ms  ✓ QaoaXorsat
  1 dependency successfully precompiled in 114 seconds. 52 already precompiled.
Environment ready.

Starting swarm_chain_d64.jl with 28 threads at Tue Apr 21 14:14:36 UTC 2026
# swarm-d64 chain: k=5, D=8, p=1-15, pop=100, gens=10, burst=20, seed=42
k,D,p,ctilde,evals,wall_seconds,gamma,beta
# p=1 gen  1: best_d64=0.6362805163  pop=100
# p=1 gen  2: best_d64=0.6362805163  pop=100
# p=1 gen  3: best_d64=0.6362805163  pop=100
# p=1 gen  4: best_d64=0.6362805163  pop=100
# p=1 gen  4: best_d64=0.6362805163  pop=-1
5,8,1,0.636280516324,5105,5.2,5.874384083612015,1.771212691793534
# p=2 gen  1: best_d64=0.6874090294  pop=100
# p=2 gen  2: best_d64=0.6874090294  pop=100
# p=2 gen  3: best_d64=0.6874090294  pop=100
# p=2 gen  4: best_d64=0.6874090294  pop=100
# p=2 gen  4: best_d64=0.6874090294  pop=-1
5,8,2,0.687409029389,10491,0.9,0.32093271851654226;2.6592649183391686,1.3437475783424522;2.993008214682466
# p=3 gen  1: best_d64=0.7189811354  pop=100
# p=3 gen  2: best_d64=0.7189811354  pop=100
# p=3 gen  3: best_d64=0.7189811354  pop=100
# p=3 gen  4: best_d64=0.7189811354  pop=100
# p=3 gen  4: best_d64=0.7189811354  pop=-1
5,8,3,0.718981135448,14080,1.7,2.8612405507982306;3.563699598510278;5.818437295830123,1.3398964041117654;1.3854002530387017;3.0160532568842364
# p=4 gen  1: best_d64=0.7406690091  pop=100
# p=4 gen  2: best_d64=0.7406690091  pop=100
# p=4 gen  3: best_d64=0.7406690091  pop=100
# p=4 gen  4: best_d64=0.7406690091  pop=100
# p=4 gen  4: best_d64=0.7406690091  pop=-1
5,8,4,0.740669009086,18006,6.2,2.885069796987;3.5276329393861467;5.869339629524998;5.828890385519163,1.3423554389138075;1.3797692961821568;2.970677813426881;3.031286667526462
# p=5 gen  1: best_d64=0.7567938634  pop=100
# p=5 gen  2: best_d64=0.7567938634  pop=100
# p=5 gen  3: best_d64=0.7567938634  pop=100
# p=5 gen  4: best_d64=0.7567938634  pop=100
# p=5 gen  4: best_d64=0.7567938634  pop=-1
5,8,5,0.756793863381,17511,28.5,2.9013632947128842;3.506023413130886;5.901839172321893;5.878131048572385;5.836208754966479,1.3450773958276387;1.3803579815899487;2.9625137023021613;2.979812907611488;3.0425463293852366
# p=6 gen  1: best_d64=0.7693193410  pop=100
# p=6 gen  2: best_d64=0.7693193410  pop=100
# p=6 gen  3: best_d64=0.7693193410  pop=100
# p=6 gen  4: best_d64=0.7693193410  pop=100
# p=6 gen  4: best_d64=0.7693193410  pop=-1
5,8,6,0.769319340991,19381,143.5,2.913023365078113;3.490470883430964;5.92115749611341;5.910597824190869;5.886181163953545;5.841257092169257,1.347753523526235;1.382864137947582;2.9613358523234674;2.96884987351226;2.9872481399271775;3.0514773275787834
# p=7 gen  1: best_d64=0.7793570382  pop=100
# p=7 gen  2: best_d64=0.7793570383  pop=100
# p=7 gen  3: best_d64=0.7793570384  pop=100
# p=7 gen  4: best_d64=0.7793570384  pop=100
# p=7 gen  4: best_d64=0.7793570384  pop=-1
5,8,7,0.779357038377,19925,583.3,2.921917704420001;3.4785186008121585;5.934588829613785;5.92915850838401;5.919792443240726;5.8922459294228675;5.84467445075397,1.350320548020794;1.385643910834852;2.9627536179486684;2.965690668726452;2.97358234340996;2.993915226883814;3.058762702617394
# p=8 gen  1: best_d64=0.7875958441  pop=100
# p=8 gen  2: best_d64=0.7875958513  pop=100
# p=8 gen  3: best_d64=0.7875958513  pop=100
# p=8 gen  4: best_d64=0.7875958513  pop=100
# p=8 gen  5: best_d64=0.7875958513  pop=100
# p=8 gen  5: best_d64=0.7875958513  pop=-1
5,8,8,0.787595851288,20796,3122.7,2.928959299061019;3.4689671136398257;5.944799699657829;5.941876973778367;5.938402875535955;5.927395936154276;5.896565641677324;5.8469815850132125,1.3526909410144596;1.3883809648909329;2.9649738991445274;2.9659331359537253;2.9684842834602385;2.977805421286595;3.000066047640188;3.0648403366366956
# p=9 gen  1: best_d64=0.7944867153  pop=100
# p=9 gen  2: best_d64=0.7944867648  pop=100
# p=9 gen  3: best_d64=0.7944867648  pop=100
# p=9 gen  4: best_d64=0.7944867648  pop=100
# p=9 gen  5: best_d64=0.7944867648  pop=100
# p=9 gen  5: best_d64=0.7944867648  pop=-1
5,8,9,0.794486764836,21872,14235.5,2.9346938726805902;3.4610748292475404;5.95293957126982;5.951334531178394;5.950996374287864;5.946424553137404;5.933337869251287;5.899475639877796;5.848481506417072,1.3548609791274502;1.3909585046518829;2.967364397526741;2.9674349896514634;2.967613164539508;2.9708627873355313;2.9818353574314247;3.0058089315892804;3.070025875900695
=== QAOA Double64 Swarm ===
Task:  12 / 15
Pair:  k=5, D=8
Node:  swift-c3dnodesetssd-11
CPUs:  28
Start: Tue Apr 21 20:55:01 UTC 2026
Job:   1357786_12

--- Node diagnostics ---
Hostname: swift-c3dnodesetssd-11
Memory:                  total        used        free      shared  buff/cache   available
Mem:           1.4Ti       9.2Gi       1.4Ti       3.8Mi       2.2Gi       1.4Ti
Disk:     10.17.247.218:/nfsshare   25T   15T  9.1T  62% /home
Julia:    /home/stephenjordan_google_com/julia-1.12.5/bin/julia
Git HEAD: 7b59647

Removing stale results/swarm-d64-k5d8.csv
Checking Julia environment...
Environment ready.

Starting swarm_chain_d64.jl with 28 threads at Tue Apr 21 20:55:14 UTC 2026
# swarm-d64 chain: k=5, D=8, p=1-15, pop=100, gens=10, burst=20, seed=42
k,D,p,ctilde,evals,wall_seconds,gamma,beta
# p=1 gen  1: best_d64=0.6362805163  pop=100
# p=1 gen  2: best_d64=0.6362805163  pop=100
# p=1 gen  3: best_d64=0.6362805163  pop=100
# p=1 gen  4: best_d64=0.6362805163  pop=100
# p=1 gen  4: best_d64=0.6362805163  pop=-1
5,8,1,0.636280516324,5138,5.2,5.874384083612015,1.771212691793534
# p=2 gen  1: best_d64=0.6874090294  pop=100
# p=2 gen  2: best_d64=0.6874090294  pop=100
# p=2 gen  3: best_d64=0.6874090294  pop=100
# p=2 gen  4: best_d64=0.6874090294  pop=100
# p=2 gen  4: best_d64=0.6874090294  pop=-1
5,8,2,0.687409029389,10490,0.9,0.32093271851654226;2.6592649183391686,1.3437475783424522;2.993008214682466
# p=3 gen  1: best_d64=0.7189811354  pop=100
# p=3 gen  2: best_d64=0.7189811354  pop=100
# p=3 gen  3: best_d64=0.7189811354  pop=100
# p=3 gen  4: best_d64=0.7189811354  pop=100
# p=3 gen  4: best_d64=0.7189811354  pop=-1
5,8,3,0.718981135448,14165,1.7,2.8612405507982306;3.563699598510278;5.818437295830123,1.3398964041117654;1.3854002530387017;3.0160532568842364
# p=4 gen  1: best_d64=0.7406690091  pop=100
# p=4 gen  2: best_d64=0.7406690091  pop=100
# p=4 gen  3: best_d64=0.7406690091  pop=100
# p=4 gen  4: best_d64=0.7406690091  pop=100
# p=4 gen  4: best_d64=0.7406690091  pop=-1
5,8,4,0.740669009086,18007,6.2,2.885069796987;3.5276329393861467;5.869339629524998;5.828890385519163,1.3423554389138075;1.3797692961821568;2.970677813426881;3.031286667526462
# p=5 gen  1: best_d64=0.7567938634  pop=100
# p=5 gen  2: best_d64=0.7567938634  pop=100
# p=5 gen  3: best_d64=0.7567938634  pop=100
# p=5 gen  4: best_d64=0.7567938634  pop=100
# p=5 gen  4: best_d64=0.7567938634  pop=-1
5,8,5,0.756793863381,17511,28.7,2.9013632947128842;3.506023413130886;5.901839172321893;5.878131048572385;5.836208754966479,1.3450773958276387;1.3803579815899487;2.9625137023021613;2.979812907611488;3.0425463293852366
# p=6 gen  1: best_d64=0.7693193410  pop=100
# p=6 gen  2: best_d64=0.7693193410  pop=100
# p=6 gen  3: best_d64=0.7693193410  pop=100
# p=6 gen  4: best_d64=0.7693193410  pop=100
# p=6 gen  4: best_d64=0.7693193410  pop=-1
5,8,6,0.769319340991,19381,148.7,2.913023365078113;3.490470883430964;5.92115749611341;5.910597824190869;5.886181163953545;5.841257092169257,1.347753523526235;1.382864137947582;2.9613358523234674;2.96884987351226;2.9872481399271775;3.0514773275787834
# p=7 gen  1: best_d64=0.7793570382  pop=100
# p=7 gen  2: best_d64=0.7793570383  pop=100
# p=7 gen  3: best_d64=0.7793570384  pop=100
# p=7 gen  4: best_d64=0.7793570384  pop=100
# p=7 gen  4: best_d64=0.7793570384  pop=-1
5,8,7,0.779357038377,19925,588.1,2.921917704420001;3.4785186008121585;5.934588829613785;5.92915850838401;5.919792443240726;5.8922459294228675;5.84467445075397,1.350320548020794;1.385643910834852;2.9627536179486684;2.965690668726452;2.97358234340996;2.993915226883814;3.058762702617394
=== QAOA Double64 Swarm ===
Task:  12 / 15
Pair:  k=5, D=8
Node:  swift-c3dnodesetssd-11
CPUs:  28
Start: Tue Apr 21 21:13:32 UTC 2026
Job:   1357786_12

--- Node diagnostics ---
Hostname: swift-c3dnodesetssd-11
Memory:                  total        used        free      shared  buff/cache   available
Mem:           1.4Ti       9.2Gi       1.4Ti       3.3Mi       2.5Gi       1.4Ti
Disk:     10.17.247.218:/nfsshare   25T   15T  9.1T  62% /home
Julia:    /home/stephenjordan_google_com/julia-1.12.5/bin/julia
Git HEAD: 7b59647

Removing stale results/swarm-d64-k5d8.csv
Checking Julia environment...
Environment ready.

Starting swarm_chain_d64.jl with 28 threads at Tue Apr 21 21:13:35 UTC 2026
# swarm-d64 chain: k=5, D=8, p=1-15, pop=100, gens=10, burst=20, seed=42
k,D,p,ctilde,evals,wall_seconds,gamma,beta
# p=1 gen  1: best_d64=0.6362805163  pop=100
# p=1 gen  2: best_d64=0.6362805163  pop=100
# p=1 gen  3: best_d64=0.6362805163  pop=100
# p=1 gen  4: best_d64=0.6362805163  pop=100
# p=1 gen  4: best_d64=0.6362805163  pop=-1
5,8,1,0.636280516324,5080,5.1,5.874384083612015,1.771212691793534
# p=2 gen  1: best_d64=0.6874090294  pop=100
# p=2 gen  2: best_d64=0.6874090294  pop=100
# p=2 gen  3: best_d64=0.6874090294  pop=100
# p=2 gen  4: best_d64=0.6874090294  pop=100
# p=2 gen  4: best_d64=0.6874090294  pop=-1
5,8,2,0.687409029389,10492,0.9,0.32093271851654226;2.6592649183391686,1.3437475783424522;2.993008214682466
# p=3 gen  1: best_d64=0.7189811354  pop=100
# p=3 gen  2: best_d64=0.7189811354  pop=100
# p=3 gen  3: best_d64=0.7189811354  pop=100
# p=3 gen  4: best_d64=0.7189811354  pop=100
# p=3 gen  4: best_d64=0.7189811354  pop=-1
5,8,3,0.718981135448,14164,1.7,2.8612405507982306;3.563699598510278;5.818437295830123,1.3398964041117654;1.3854002530387017;3.0160532568842364
# p=4 gen  1: best_d64=0.7406690091  pop=100
# p=4 gen  2: best_d64=0.7406690091  pop=100
# p=4 gen  3: best_d64=0.7406690091  pop=100
# p=4 gen  4: best_d64=0.7406690091  pop=100
# p=4 gen  4: best_d64=0.7406690091  pop=-1
5,8,4,0.740669009086,17910,6.1,2.885069796987;3.5276329393861467;5.869339629524998;5.828890385519163,1.3423554389138075;1.3797692961821568;2.970677813426881;3.031286667526462
# p=5 gen  1: best_d64=0.7567938634  pop=100
# p=5 gen  2: best_d64=0.7567938634  pop=100
# p=5 gen  3: best_d64=0.7567938634  pop=100
# p=5 gen  4: best_d64=0.7567938634  pop=100
# p=5 gen  4: best_d64=0.7567938634  pop=-1
5,8,5,0.756793863381,17510,28.3,2.9013632947128842;3.506023413130886;5.901839172321893;5.878131048572385;5.836208754966479,1.3450773958276387;1.3803579815899487;2.9625137023021613;2.979812907611488;3.0425463293852366
# p=6 gen  1: best_d64=0.7693193410  pop=100
# p=6 gen  2: best_d64=0.7693193410  pop=100
# p=6 gen  3: best_d64=0.7693193410  pop=100
# p=6 gen  4: best_d64=0.7693193410  pop=100
# p=6 gen  4: best_d64=0.7693193410  pop=-1
5,8,6,0.769319340991,19381,143.0,2.913023365078113;3.490470883430964;5.92115749611341;5.910597824190869;5.886181163953545;5.841257092169257,1.347753523526235;1.382864137947582;2.9613358523234674;2.96884987351226;2.9872481399271775;3.0514773275787834
# p=7 gen  1: best_d64=0.7793570382  pop=100
# p=7 gen  2: best_d64=0.7793570383  pop=100
# p=7 gen  3: best_d64=0.7793570384  pop=100
# p=7 gen  4: best_d64=0.7793570384  pop=100
# p=7 gen  4: best_d64=0.7793570384  pop=-1
5,8,7,0.779357038377,19925,586.3,2.921917704420001;3.4785186008121585;5.934588829613785;5.92915850838401;5.919792443240726;5.8922459294228675;5.84467445075397,1.350320548020794;1.385643910834852;2.9627536179486684;2.965690668726452;2.97358234340996;2.993915226883814;3.058762702617394
# p=8 gen  1: best_d64=0.7875958441  pop=100
=== QAOA Double64 Swarm ===
Task:  12 / 15
Pair:  k=5, D=8
Node:  swift-c3dnodesetssd-25
CPUs:  28
Start: Tue Apr 21 21:50:01 UTC 2026
Job:   1357786_12

--- Node diagnostics ---
Hostname: swift-c3dnodesetssd-25
Memory:                  total        used        free      shared  buff/cache   available
Mem:           1.4Ti       9.1Gi       1.4Ti       3.3Mi       2.2Gi       1.4Ti
Disk:     10.17.247.218:/nfsshare   25T   15T  9.1T  62% /home
Julia:    /home/stephenjordan_google_com/julia-1.12.5/bin/julia
Git HEAD: 7b59647

Removing stale results/swarm-d64-k5d8.csv
Checking Julia environment...
Environment ready.

Starting swarm_chain_d64.jl with 28 threads at Tue Apr 21 21:50:05 UTC 2026
# swarm-d64 chain: k=5, D=8, p=1-15, pop=100, gens=10, burst=20, seed=42
k,D,p,ctilde,evals,wall_seconds,gamma,beta
# p=1 gen  1: best_d64=0.6362805163  pop=100
# p=1 gen  2: best_d64=0.6362805163  pop=100
# p=1 gen  3: best_d64=0.6362805163  pop=100
# p=1 gen  4: best_d64=0.6362805163  pop=100
# p=1 gen  4: best_d64=0.6362805163  pop=-1
5,8,1,0.636280516324,5138,5.2,5.874384083612015,1.771212691793534
# p=2 gen  1: best_d64=0.6874090294  pop=100
# p=2 gen  2: best_d64=0.6874090294  pop=100
# p=2 gen  3: best_d64=0.6874090294  pop=100
# p=2 gen  4: best_d64=0.6874090294  pop=100
# p=2 gen  4: best_d64=0.6874090294  pop=-1
5,8,2,0.687409029389,10491,0.9,0.32093271851654226;2.6592649183391686,1.3437475783424522;2.993008214682466
# p=3 gen  1: best_d64=0.7189811354  pop=100
# p=3 gen  2: best_d64=0.7189811354  pop=100
# p=3 gen  3: best_d64=0.7189811354  pop=100
# p=3 gen  4: best_d64=0.7189811354  pop=100
# p=3 gen  4: best_d64=0.7189811354  pop=-1
5,8,3,0.718981135448,14118,1.7,2.8612405507982306;3.563699598510278;5.818437295830123,1.3398964041117654;1.3854002530387017;3.0160532568842364
# p=4 gen  1: best_d64=0.7406690091  pop=100
# p=4 gen  2: best_d64=0.7406690091  pop=100
# p=4 gen  3: best_d64=0.7406690091  pop=100
# p=4 gen  4: best_d64=0.7406690091  pop=100
# p=4 gen  4: best_d64=0.7406690091  pop=-1
5,8,4,0.740669009086,17946,6.2,2.885069796987;3.5276329393861467;5.869339629524998;5.828890385519163,1.3423554389138075;1.3797692961821568;2.970677813426881;3.031286667526462
# p=5 gen  1: best_d64=0.7567938634  pop=100
# p=5 gen  2: best_d64=0.7567938634  pop=100
# p=5 gen  3: best_d64=0.7567938634  pop=100
# p=5 gen  4: best_d64=0.7567938634  pop=100
# p=5 gen  4: best_d64=0.7567938634  pop=-1
5,8,5,0.756793863381,17504,28.6,2.9013632947128842;3.506023413130886;5.901839172321893;5.878131048572385;5.836208754966479,1.3450773958276387;1.3803579815899487;2.9625137023021613;2.979812907611488;3.0425463293852366
# p=6 gen  1: best_d64=0.7693193410  pop=100
# p=6 gen  2: best_d64=0.7693193410  pop=100
# p=6 gen  3: best_d64=0.7693193410  pop=100
# p=6 gen  4: best_d64=0.7693193410  pop=100
# p=6 gen  4: best_d64=0.7693193410  pop=-1
5,8,6,0.769319340991,19379,143.6,2.913023365078113;3.490470883430964;5.92115749611341;5.910597824190869;5.886181163953545;5.841257092169257,1.347753523526235;1.382864137947582;2.9613358523234674;2.96884987351226;2.9872481399271775;3.0514773275787834
# p=7 gen  1: best_d64=0.7793570382  pop=100
# p=7 gen  2: best_d64=0.7793570383  pop=100
# p=7 gen  3: best_d64=0.7793570384  pop=100
# p=7 gen  4: best_d64=0.7793570384  pop=100
# p=7 gen  4: best_d64=0.7793570384  pop=-1
5,8,7,0.779357038377,19925,585.3,2.921917704420001;3.4785186008121585;5.934588829613785;5.92915850838401;5.919792443240726;5.8922459294228675;5.84467445075397,1.350320548020794;1.385643910834852;2.9627536179486684;2.965690668726452;2.97358234340996;2.993915226883814;3.058762702617394
# p=8 gen  1: best_d64=0.7875958441  pop=100
# p=8 gen  2: best_d64=0.7875958513  pop=100
# p=8 gen  3: best_d64=0.7875958513  pop=100
# p=8 gen  4: best_d64=0.7875958513  pop=100
# p=8 gen  5: best_d64=0.7875958513  pop=100
# p=8 gen  5: best_d64=0.7875958513  pop=-1
5,8,8,0.787595851288,20796,3139.7,2.928959299061019;3.4689671136398257;5.944799699657829;5.941876973778367;5.938402875535955;5.927395936154276;5.896565641677324;5.8469815850132125,1.3526909410144596;1.3883809648909329;2.9649738991445274;2.9659331359537253;2.9684842834602385;2.977805421286595;3.000066047640188;3.0648403366366956
# p=9 gen  1: best_d64=0.7944867153  pop=100
=== QAOA Double64 Swarm ===
Task:  12 / 15
Pair:  k=5, D=8
Node:  swift-c3dnodesetssd-10
CPUs:  28
Start: Wed Apr 22 00:11:37 UTC 2026
Job:   1357786_12

--- Node diagnostics ---
Hostname: swift-c3dnodesetssd-10
Memory:                  total        used        free      shared  buff/cache   available
Mem:           1.4Ti       9.0Gi       1.4Ti       3.3Mi       2.2Gi       1.4Ti
Disk:     10.17.247.218:/nfsshare   25T   15T  9.1T  62% /home
Julia:    /home/stephenjordan_google_com/julia-1.12.5/bin/julia
Git HEAD: 25cb9d9

Removing stale results/swarm-d64-k5d8.csv
Checking Julia environment...
Environment ready.

Starting swarm_chain_d64.jl with 28 threads at Wed Apr 22 00:11:40 UTC 2026
# swarm-d64 chain: k=5, D=8, p=1-15, pop=100, gens=10, burst=20, seed=42
k,D,p,ctilde,evals,wall_seconds,gamma,beta
# p=1 gen  1: best_d64=0.6362805163  pop=100
# p=1 gen  2: best_d64=0.6362805163  pop=100
# p=1 gen  3: best_d64=0.6362805163  pop=100
# p=1 gen  4: best_d64=0.6362805163  pop=100
# p=1 gen  4: best_d64=0.6362805163  pop=-1
5,8,1,0.636280516324,5123,5.2,5.874384083612015,1.771212691793534
# p=2 gen  1: best_d64=0.6874090294  pop=100
# p=2 gen  2: best_d64=0.6874090294  pop=100
# p=2 gen  3: best_d64=0.6874090294  pop=100
# p=2 gen  4: best_d64=0.6874090294  pop=100
# p=2 gen  4: best_d64=0.6874090294  pop=-1
5,8,2,0.687409029389,10492,0.9,0.32093271851654226;2.6592649183391686,1.3437475783424522;2.993008214682466
# p=3 gen  1: best_d64=0.7189811354  pop=100
# p=3 gen  2: best_d64=0.7189811354  pop=100
# p=3 gen  3: best_d64=0.7189811354  pop=100
# p=3 gen  4: best_d64=0.7189811354  pop=100
# p=3 gen  4: best_d64=0.7189811354  pop=-1
5,8,3,0.718981135448,14166,1.7,2.8612405507982306;3.563699598510278;5.818437295830123,1.3398964041117654;1.3854002530387017;3.0160532568842364
# p=4 gen  1: best_d64=0.7406690091  pop=100
# p=4 gen  2: best_d64=0.7406690091  pop=100
# p=4 gen  3: best_d64=0.7406690091  pop=100
# p=4 gen  4: best_d64=0.7406690091  pop=100
# p=4 gen  4: best_d64=0.7406690091  pop=-1
5,8,4,0.740669009086,17946,6.2,2.885069796987;3.5276329393861467;5.869339629524998;5.828890385519163,1.3423554389138075;1.3797692961821568;2.970677813426881;3.031286667526462
# p=5 gen  1: best_d64=0.7567938634  pop=100
# p=5 gen  2: best_d64=0.7567938634  pop=100
# p=5 gen  3: best_d64=0.7567938634  pop=100
# p=5 gen  4: best_d64=0.7567938634  pop=100
# p=5 gen  4: best_d64=0.7567938634  pop=-1
5,8,5,0.756793863381,17512,28.6,2.9013632947128842;3.506023413130886;5.901839172321893;5.878131048572385;5.836208754966479,1.3450773958276387;1.3803579815899487;2.9625137023021613;2.979812907611488;3.0425463293852366
# p=6 gen  1: best_d64=0.7693193410  pop=100
# p=6 gen  2: best_d64=0.7693193410  pop=100
# p=6 gen  3: best_d64=0.7693193410  pop=100
# p=6 gen  4: best_d64=0.7693193410  pop=100
# p=6 gen  4: best_d64=0.7693193410  pop=-1
5,8,6,0.769319340991,19381,143.2,2.913023365078113;3.490470883430964;5.92115749611341;5.910597824190869;5.886181163953545;5.841257092169257,1.347753523526235;1.382864137947582;2.9613358523234674;2.96884987351226;2.9872481399271775;3.0514773275787834
# p=7 gen  1: best_d64=0.7793570382  pop=100
# p=7 gen  2: best_d64=0.7793570383  pop=100
# p=7 gen  3: best_d64=0.7793570384  pop=100
# p=7 gen  4: best_d64=0.7793570384  pop=100
# p=7 gen  4: best_d64=0.7793570384  pop=-1
5,8,7,0.779357038377,19925,585.8,2.921917704420001;3.4785186008121585;5.934588829613785;5.92915850838401;5.919792443240726;5.8922459294228675;5.84467445075397,1.350320548020794;1.385643910834852;2.9627536179486684;2.965690668726452;2.97358234340996;2.993915226883814;3.058762702617394
# p=8 gen  1: best_d64=0.7875958441  pop=100
=== QAOA Double64 Swarm ===
Task:  12 / 15
Pair:  k=5, D=8
Node:  swift-c3dnodesetssd-9
CPUs:  28
Start: Wed Apr 22 00:45:07 UTC 2026
Job:   1357786_12

--- Node diagnostics ---
Hostname: swift-c3dnodesetssd-9
Memory:                  total        used        free      shared  buff/cache   available
Mem:           1.4Ti       9.0Gi       1.4Ti       3.3Mi       2.2Gi       1.4Ti
Disk:     10.17.247.218:/nfsshare   25T   15T  9.1T  62% /home
Julia:    /home/stephenjordan_google_com/julia-1.12.5/bin/julia
Git HEAD: 25cb9d9

Removing stale results/swarm-d64-k5d8.csv
Checking Julia environment...
Environment ready.

Starting swarm_chain_d64.jl with 28 threads at Wed Apr 22 00:45:10 UTC 2026
# swarm-d64 chain: k=5, D=8, p=1-15, pop=100, gens=10, burst=20, seed=42
k,D,p,ctilde,evals,wall_seconds,gamma,beta
# p=1 gen  1: best_d64=0.6362805163  pop=100
# p=1 gen  2: best_d64=0.6362805163  pop=100
# p=1 gen  3: best_d64=0.6362805163  pop=100
# p=1 gen  4: best_d64=0.6362805163  pop=100
# p=1 gen  4: best_d64=0.6362805163  pop=-1
5,8,1,0.636280516324,5126,5.1,5.874384083612015,1.771212691793534
# p=2 gen  1: best_d64=0.6874090294  pop=100
# p=2 gen  2: best_d64=0.6874090294  pop=100
# p=2 gen  3: best_d64=0.6874090294  pop=100
# p=2 gen  4: best_d64=0.6874090294  pop=100
# p=2 gen  4: best_d64=0.6874090294  pop=-1
5,8,2,0.687409029389,10492,1.0,0.32093271851654226;2.6592649183391686,1.3437475783424522;2.993008214682466
# p=3 gen  1: best_d64=0.7189811354  pop=100
# p=3 gen  2: best_d64=0.7189811354  pop=100
# p=3 gen  3: best_d64=0.7189811354  pop=100
# p=3 gen  4: best_d64=0.7189811354  pop=100
# p=3 gen  4: best_d64=0.7189811354  pop=-1
5,8,3,0.718981135448,14165,1.7,2.8612405507982306;3.563699598510278;5.818437295830123,1.3398964041117654;1.3854002530387017;3.0160532568842364
# p=4 gen  1: best_d64=0.7406690091  pop=100
# p=4 gen  2: best_d64=0.7406690091  pop=100
# p=4 gen  3: best_d64=0.7406690091  pop=100
# p=4 gen  4: best_d64=0.7406690091  pop=100
# p=4 gen  4: best_d64=0.7406690091  pop=-1
5,8,4,0.740669009086,17971,6.3,2.885069796987;3.5276329393861467;5.869339629524998;5.828890385519163,1.3423554389138075;1.3797692961821568;2.970677813426881;3.031286667526462
# p=5 gen  1: best_d64=0.7567938634  pop=100
# p=5 gen  2: best_d64=0.7567938634  pop=100
# p=5 gen  3: best_d64=0.7567938634  pop=100
# p=5 gen  4: best_d64=0.7567938634  pop=100
# p=5 gen  4: best_d64=0.7567938634  pop=-1
5,8,5,0.756793863381,17505,29.0,2.9013632947128842;3.506023413130886;5.901839172321893;5.878131048572385;5.836208754966479,1.3450773958276387;1.3803579815899487;2.9625137023021613;2.979812907611488;3.0425463293852366
# p=6 gen  1: best_d64=0.7693193410  pop=100
# p=6 gen  2: best_d64=0.7693193410  pop=100
# p=6 gen  3: best_d64=0.7693193410  pop=100
# p=6 gen  4: best_d64=0.7693193410  pop=100
# p=6 gen  4: best_d64=0.7693193410  pop=-1
5,8,6,0.769319340991,19381,144.8,2.913023365078113;3.490470883430964;5.92115749611341;5.910597824190869;5.886181163953545;5.841257092169257,1.347753523526235;1.382864137947582;2.9613358523234674;2.96884987351226;2.9872481399271775;3.0514773275787834
# p=7 gen  1: best_d64=0.7793570382  pop=100
# p=7 gen  2: best_d64=0.7793570383  pop=100
# p=7 gen  3: best_d64=0.7793570384  pop=100
# p=7 gen  4: best_d64=0.7793570384  pop=100
# p=7 gen  4: best_d64=0.7793570384  pop=-1
5,8,7,0.779357038377,19925,590.3,2.921917704420001;3.4785186008121585;5.934588829613785;5.92915850838401;5.919792443240726;5.8922459294228675;5.84467445075397,1.350320548020794;1.385643910834852;2.9627536179486684;2.965690668726452;2.97358234340996;2.993915226883814;3.058762702617394
# p=8 gen  1: best_d64=0.7875958441  pop=100
# p=8 gen  2: best_d64=0.7875958513  pop=100
=== QAOA Double64 Swarm ===
Task:  12 / 15
Pair:  k=5, D=8
Node:  swift-c3dnodesetssd-11
CPUs:  28
Start: Wed Apr 22 01:33:39 UTC 2026
Job:   1357786_12

--- Node diagnostics ---
Hostname: swift-c3dnodesetssd-11
Memory:                  total        used        free      shared  buff/cache   available
Mem:           1.4Ti       9.1Gi       1.4Ti       3.3Mi       2.2Gi       1.4Ti
Disk:     10.17.247.218:/nfsshare   25T   15T  9.1T  62% /home
Julia:    /home/stephenjordan_google_com/julia-1.12.5/bin/julia
Git HEAD: 25cb9d9

Removing stale results/swarm-d64-k5d8.csv
Checking Julia environment...
Environment ready.

Starting swarm_chain_d64.jl with 28 threads at Wed Apr 22 01:33:42 UTC 2026
# swarm-d64 chain: k=5, D=8, p=1-15, pop=100, gens=10, burst=20, seed=42
k,D,p,ctilde,evals,wall_seconds,gamma,beta
# p=1 gen  1: best_d64=0.6362805163  pop=100
# p=1 gen  2: best_d64=0.6362805163  pop=100
# p=1 gen  3: best_d64=0.6362805163  pop=100
# p=1 gen  4: best_d64=0.6362805163  pop=100
# p=1 gen  4: best_d64=0.6362805163  pop=-1
5,8,1,0.636280516324,5134,5.1,5.874384083612015,1.771212691793534
# p=2 gen  1: best_d64=0.6874090294  pop=100
# p=2 gen  2: best_d64=0.6874090294  pop=100
# p=2 gen  3: best_d64=0.6874090294  pop=100
# p=2 gen  4: best_d64=0.6874090294  pop=100
# p=2 gen  4: best_d64=0.6874090294  pop=-1
5,8,2,0.687409029389,10492,0.9,0.32093271851654226;2.6592649183391686,1.3437475783424522;2.993008214682466
# p=3 gen  1: best_d64=0.7189811354  pop=100
# p=3 gen  2: best_d64=0.7189811354  pop=100
# p=3 gen  3: best_d64=0.7189811354  pop=100
# p=3 gen  4: best_d64=0.7189811354  pop=100
# p=3 gen  4: best_d64=0.7189811354  pop=-1
5,8,3,0.718981135448,14136,1.7,2.8612405507982306;3.563699598510278;5.818437295830123,1.3398964041117654;1.3854002530387017;3.0160532568842364
# p=4 gen  1: best_d64=0.7406690091  pop=100
# p=4 gen  2: best_d64=0.7406690091  pop=100
# p=4 gen  3: best_d64=0.7406690091  pop=100
# p=4 gen  4: best_d64=0.7406690091  pop=100
# p=4 gen  4: best_d64=0.7406690091  pop=-1
5,8,4,0.740669009086,17956,6.0,2.885069796987;3.5276329393861467;5.869339629524998;5.828890385519163,1.3423554389138075;1.3797692961821568;2.970677813426881;3.031286667526462
# p=5 gen  1: best_d64=0.7567938634  pop=100
# p=5 gen  2: best_d64=0.7567938634  pop=100
# p=5 gen  3: best_d64=0.7567938634  pop=100
# p=5 gen  4: best_d64=0.7567938634  pop=100
# p=5 gen  4: best_d64=0.7567938634  pop=-1
5,8,5,0.756793863381,17512,28.2,2.9013632947128842;3.506023413130886;5.901839172321893;5.878131048572385;5.836208754966479,1.3450773958276387;1.3803579815899487;2.9625137023021613;2.979812907611488;3.0425463293852366
# p=6 gen  1: best_d64=0.7693193410  pop=100
# p=6 gen  2: best_d64=0.7693193410  pop=100
# p=6 gen  3: best_d64=0.7693193410  pop=100
# p=6 gen  4: best_d64=0.7693193410  pop=100
# p=6 gen  4: best_d64=0.7693193410  pop=-1
5,8,6,0.769319340991,19381,142.3,2.913023365078113;3.490470883430964;5.92115749611341;5.910597824190869;5.886181163953545;5.841257092169257,1.347753523526235;1.382864137947582;2.9613358523234674;2.96884987351226;2.9872481399271775;3.0514773275787834
# p=7 gen  1: best_d64=0.7793570382  pop=100
# p=7 gen  2: best_d64=0.7793570383  pop=100
# p=7 gen  3: best_d64=0.7793570384  pop=100
# p=7 gen  4: best_d64=0.7793570384  pop=100
# p=7 gen  4: best_d64=0.7793570384  pop=-1
5,8,7,0.779357038377,19925,579.8,2.921917704420001;3.4785186008121585;5.934588829613785;5.92915850838401;5.919792443240726;5.8922459294228675;5.84467445075397,1.350320548020794;1.385643910834852;2.9627536179486684;2.965690668726452;2.97358234340996;2.993915226883814;3.058762702617394
=== QAOA Double64 Swarm ===
Task:  12 / 15
Pair:  k=5, D=8
Node:  swift-c3dnodesetssd-11
CPUs:  28
Start: Wed Apr 22 01:51:09 UTC 2026
Job:   1357786_12

--- Node diagnostics ---
Hostname: swift-c3dnodesetssd-11
Memory:                  total        used        free      shared  buff/cache   available
Mem:           1.4Ti       9.1Gi       1.4Ti       3.3Mi       2.2Gi       1.4Ti
Disk:     10.17.247.218:/nfsshare   25T   15T  9.1T  62% /home
Julia:    /home/stephenjordan_google_com/julia-1.12.5/bin/julia
Git HEAD: 25cb9d9

Removing stale results/swarm-d64-k5d8.csv
Checking Julia environment...
Environment ready.

Starting swarm_chain_d64.jl with 28 threads at Wed Apr 22 01:51:12 UTC 2026
# swarm-d64 chain: k=5, D=8, p=1-15, pop=100, gens=10, burst=20, seed=42
k,D,p,ctilde,evals,wall_seconds,gamma,beta
# p=1 gen  1: best_d64=0.6362805163  pop=100
# p=1 gen  2: best_d64=0.6362805163  pop=100
# p=1 gen  3: best_d64=0.6362805163  pop=100
# p=1 gen  4: best_d64=0.6362805163  pop=100
# p=1 gen  4: best_d64=0.6362805163  pop=-1
5,8,1,0.636280516324,5138,5.1,5.874384083612015,1.771212691793534
# p=2 gen  1: best_d64=0.6874090294  pop=100
# p=2 gen  2: best_d64=0.6874090294  pop=100
# p=2 gen  3: best_d64=0.6874090294  pop=100
# p=2 gen  4: best_d64=0.6874090294  pop=100
# p=2 gen  4: best_d64=0.6874090294  pop=-1
5,8,2,0.687409029389,10492,0.9,0.32093271851654226;2.6592649183391686,1.3437475783424522;2.993008214682466
# p=3 gen  1: best_d64=0.7189811354  pop=100
# p=3 gen  2: best_d64=0.7189811354  pop=100
# p=3 gen  3: best_d64=0.7189811354  pop=100
# p=3 gen  4: best_d64=0.7189811354  pop=100
# p=3 gen  4: best_d64=0.7189811354  pop=-1
5,8,3,0.718981135448,14094,1.7,2.8612405507982306;3.563699598510278;5.818437295830123,1.3398964041117654;1.3854002530387017;3.0160532568842364
# p=4 gen  1: best_d64=0.7406690091  pop=100
# p=4 gen  2: best_d64=0.7406690091  pop=100
# p=4 gen  3: best_d64=0.7406690091  pop=100
# p=4 gen  4: best_d64=0.7406690091  pop=100
# p=4 gen  4: best_d64=0.7406690091  pop=-1
5,8,4,0.740669009086,18008,6.1,2.885069796987;3.5276329393861467;5.869339629524998;5.828890385519163,1.3423554389138075;1.3797692961821568;2.970677813426881;3.031286667526462
# p=5 gen  1: best_d64=0.7567938634  pop=100
# p=5 gen  2: best_d64=0.7567938634  pop=100
# p=5 gen  3: best_d64=0.7567938634  pop=100
# p=5 gen  4: best_d64=0.7567938634  pop=100
# p=5 gen  4: best_d64=0.7567938634  pop=-1
5,8,5,0.756793863381,17511,28.2,2.9013632947128842;3.506023413130886;5.901839172321893;5.878131048572385;5.836208754966479,1.3450773958276387;1.3803579815899487;2.9625137023021613;2.979812907611488;3.0425463293852366
# p=6 gen  1: best_d64=0.7693193410  pop=100
# p=6 gen  2: best_d64=0.7693193410  pop=100
# p=6 gen  3: best_d64=0.7693193410  pop=100
# p=6 gen  4: best_d64=0.7693193410  pop=100
# p=6 gen  4: best_d64=0.7693193410  pop=-1
5,8,6,0.769319340991,19381,142.6,2.913023365078113;3.490470883430964;5.92115749611341;5.910597824190869;5.886181163953545;5.841257092169257,1.347753523526235;1.382864137947582;2.9613358523234674;2.96884987351226;2.9872481399271775;3.0514773275787834
# p=7 gen  1: best_d64=0.7793570382  pop=100
# p=7 gen  2: best_d64=0.7793570383  pop=100
# p=7 gen  3: best_d64=0.7793570384  pop=100
# p=7 gen  4: best_d64=0.7793570384  pop=100
# p=7 gen  4: best_d64=0.7793570384  pop=-1
5,8,7,0.779357038377,19925,580.8,2.921917704420001;3.4785186008121585;5.934588829613785;5.92915850838401;5.919792443240726;5.8922459294228675;5.84467445075397,1.350320548020794;1.385643910834852;2.9627536179486684;2.965690668726452;2.97358234340996;2.993915226883814;3.058762702617394
# p=8 gen  1: best_d64=0.7875958441  pop=100
# p=8 gen  2: best_d64=0.7875958513  pop=100
# p=8 gen  3: best_d64=0.7875958513  pop=100
# p=8 gen  4: best_d64=0.7875958513  pop=100
# p=8 gen  5: best_d64=0.7875958513  pop=100
# p=8 gen  5: best_d64=0.7875958513  pop=-1
5,8,8,0.787595851288,20796,3122.1,2.928959299061019;3.4689671136398257;5.944799699657829;5.941876973778367;5.938402875535955;5.927395936154276;5.896565641677324;5.8469815850132125,1.3526909410144596;1.3883809648909329;2.9649738991445274;2.9659331359537253;2.9684842834602385;2.977805421286595;3.000066047640188;3.0648403366366956
=== QAOA Double64 Swarm ===
Task:  12 / 15
Pair:  k=5, D=8
Node:  swift-c3dnodesetssd-11
CPUs:  28
Start: Wed Apr 22 03:33:09 UTC 2026
Job:   1357786_12

--- Node diagnostics ---
Hostname: swift-c3dnodesetssd-11
Memory:                  total        used        free      shared  buff/cache   available
Mem:           1.4Ti       9.1Gi       1.4Ti       3.3Mi       2.3Gi       1.4Ti
Disk:     10.17.247.218:/nfsshare   25T   15T  9.1T  62% /home
Julia:    /home/stephenjordan_google_com/julia-1.12.5/bin/julia
Git HEAD: 25cb9d9

Removing stale results/swarm-d64-k5d8.csv
Checking Julia environment...
Environment ready.

Starting swarm_chain_d64.jl with 28 threads at Wed Apr 22 03:33:13 UTC 2026
# swarm-d64 chain: k=5, D=8, p=1-15, pop=100, gens=10, burst=20, seed=42
k,D,p,ctilde,evals,wall_seconds,gamma,beta
# p=1 gen  1: best_d64=0.6362805163  pop=100
# p=1 gen  2: best_d64=0.6362805163  pop=100
# p=1 gen  3: best_d64=0.6362805163  pop=100
# p=1 gen  4: best_d64=0.6362805163  pop=100
# p=1 gen  4: best_d64=0.6362805163  pop=-1
5,8,1,0.636280516324,5137,5.2,5.874384083612015,1.771212691793534
# p=2 gen  1: best_d64=0.6874090294  pop=100
# p=2 gen  2: best_d64=0.6874090294  pop=100
# p=2 gen  3: best_d64=0.6874090294  pop=100
# p=2 gen  4: best_d64=0.6874090294  pop=100
# p=2 gen  4: best_d64=0.6874090294  pop=-1
5,8,2,0.687409029389,10489,0.9,0.32093271851654226;2.6592649183391686,1.3437475783424522;2.993008214682466
# p=3 gen  1: best_d64=0.7189811354  pop=100
# p=3 gen  2: best_d64=0.7189811354  pop=100
# p=3 gen  3: best_d64=0.7189811354  pop=100
# p=3 gen  4: best_d64=0.7189811354  pop=100
# p=3 gen  4: best_d64=0.7189811354  pop=-1
5,8,3,0.718981135448,14168,1.7,2.8612405507982306;3.563699598510278;5.818437295830123,1.3398964041117654;1.3854002530387017;3.0160532568842364
# p=4 gen  1: best_d64=0.7406690091  pop=100
# p=4 gen  2: best_d64=0.7406690091  pop=100
# p=4 gen  3: best_d64=0.7406690091  pop=100
# p=4 gen  4: best_d64=0.7406690091  pop=100
# p=4 gen  4: best_d64=0.7406690091  pop=-1
5,8,4,0.740669009086,17988,6.1,2.885069796987;3.5276329393861467;5.869339629524998;5.828890385519163,1.3423554389138075;1.3797692961821568;2.970677813426881;3.031286667526462
# p=5 gen  1: best_d64=0.7567938634  pop=100
# p=5 gen  2: best_d64=0.7567938634  pop=100
# p=5 gen  3: best_d64=0.7567938634  pop=100
# p=5 gen  4: best_d64=0.7567938634  pop=100
# p=5 gen  4: best_d64=0.7567938634  pop=-1
5,8,5,0.756793863381,17453,28.4,2.9013632947128842;3.506023413130886;5.901839172321893;5.878131048572385;5.836208754966479,1.3450773958276387;1.3803579815899487;2.9625137023021613;2.979812907611488;3.0425463293852366
# p=6 gen  1: best_d64=0.7693193410  pop=100
# p=6 gen  2: best_d64=0.7693193410  pop=100
# p=6 gen  3: best_d64=0.7693193410  pop=100
# p=6 gen  4: best_d64=0.7693193410  pop=100
# p=6 gen  4: best_d64=0.7693193410  pop=-1
5,8,6,0.769319340991,19380,143.3,2.913023365078113;3.490470883430964;5.92115749611341;5.910597824190869;5.886181163953545;5.841257092169257,1.347753523526235;1.382864137947582;2.9613358523234674;2.96884987351226;2.9872481399271775;3.0514773275787834
# p=7 gen  1: best_d64=0.7793570382  pop=100
# p=7 gen  2: best_d64=0.7793570383  pop=100
# p=7 gen  3: best_d64=0.7793570384  pop=100
# p=7 gen  4: best_d64=0.7793570384  pop=100
# p=7 gen  4: best_d64=0.7793570384  pop=-1
5,8,7,0.779357038377,19925,583.0,2.921917704420001;3.4785186008121585;5.934588829613785;5.92915850838401;5.919792443240726;5.8922459294228675;5.84467445075397,1.350320548020794;1.385643910834852;2.9627536179486684;2.965690668726452;2.97358234340996;2.993915226883814;3.058762702617394
# p=8 gen  1: best_d64=0.7875958441  pop=100
# p=8 gen  2: best_d64=0.7875958513  pop=100
# p=8 gen  3: best_d64=0.7875958513  pop=100
=== QAOA Double64 Swarm ===
Task:  12 / 15
Pair:  k=5, D=8
Node:  swift-c3dnodesetssd-18
CPUs:  28
Start: Wed Apr 22 04:25:10 UTC 2026
Job:   1357786_12

--- Node diagnostics ---
Hostname: swift-c3dnodesetssd-18
Memory:                  total        used        free      shared  buff/cache   available
Mem:           1.4Ti       9.1Gi       1.4Ti       3.3Mi       2.2Gi       1.4Ti
Disk:     10.17.247.218:/nfsshare   25T   15T  9.1T  62% /home
Julia:    /home/stephenjordan_google_com/julia-1.12.5/bin/julia
Git HEAD: 25cb9d9

Removing stale results/swarm-d64-k5d8.csv
Checking Julia environment...
Environment ready.

Starting swarm_chain_d64.jl with 28 threads at Wed Apr 22 04:25:14 UTC 2026
# swarm-d64 chain: k=5, D=8, p=1-15, pop=100, gens=10, burst=20, seed=42
k,D,p,ctilde,evals,wall_seconds,gamma,beta
# p=1 gen  1: best_d64=0.6362805163  pop=100
# p=1 gen  2: best_d64=0.6362805163  pop=100
# p=1 gen  3: best_d64=0.6362805163  pop=100
# p=1 gen  4: best_d64=0.6362805163  pop=100
# p=1 gen  4: best_d64=0.6362805163  pop=-1
5,8,1,0.636280516324,5137,5.1,5.874384083612015,1.771212691793534
# p=2 gen  1: best_d64=0.6874090294  pop=100
# p=2 gen  2: best_d64=0.6874090294  pop=100
# p=2 gen  3: best_d64=0.6874090294  pop=100
# p=2 gen  4: best_d64=0.6874090294  pop=100
# p=2 gen  4: best_d64=0.6874090294  pop=-1
5,8,2,0.687409029389,10491,0.9,0.32093271851654226;2.6592649183391686,1.3437475783424522;2.993008214682466
# p=3 gen  1: best_d64=0.7189811354  pop=100
# p=3 gen  2: best_d64=0.7189811354  pop=100
# p=3 gen  3: best_d64=0.7189811354  pop=100
# p=3 gen  4: best_d64=0.7189811354  pop=100
# p=3 gen  4: best_d64=0.7189811354  pop=-1
5,8,3,0.718981135448,14073,1.7,2.8612405507982306;3.563699598510278;5.818437295830123,1.3398964041117654;1.3854002530387017;3.0160532568842364
# p=4 gen  1: best_d64=0.7406690091  pop=100
# p=4 gen  2: best_d64=0.7406690091  pop=100
# p=4 gen  3: best_d64=0.7406690091  pop=100
# p=4 gen  4: best_d64=0.7406690091  pop=100
# p=4 gen  4: best_d64=0.7406690091  pop=-1
5,8,4,0.740669009086,17934,6.2,2.885069796987;3.5276329393861467;5.869339629524998;5.828890385519163,1.3423554389138075;1.3797692961821568;2.970677813426881;3.031286667526462
# p=5 gen  1: best_d64=0.7567938634  pop=100
# p=5 gen  2: best_d64=0.7567938634  pop=100
# p=5 gen  3: best_d64=0.7567938634  pop=100
# p=5 gen  4: best_d64=0.7567938634  pop=100
# p=5 gen  4: best_d64=0.7567938634  pop=-1
5,8,5,0.756793863381,17512,28.6,2.9013632947128842;3.506023413130886;5.901839172321893;5.878131048572385;5.836208754966479,1.3450773958276387;1.3803579815899487;2.9625137023021613;2.979812907611488;3.0425463293852366
# p=6 gen  1: best_d64=0.7693193410  pop=100
# p=6 gen  2: best_d64=0.7693193410  pop=100
# p=6 gen  3: best_d64=0.7693193410  pop=100
# p=6 gen  4: best_d64=0.7693193410  pop=100
# p=6 gen  4: best_d64=0.7693193410  pop=-1
5,8,6,0.769319340991,19381,143.9,2.913023365078113;3.490470883430964;5.92115749611341;5.910597824190869;5.886181163953545;5.841257092169257,1.347753523526235;1.382864137947582;2.9613358523234674;2.96884987351226;2.9872481399271775;3.0514773275787834
# p=7 gen  1: best_d64=0.7793570382  pop=100
# p=7 gen  2: best_d64=0.7793570383  pop=100
# p=7 gen  3: best_d64=0.7793570384  pop=100
# p=7 gen  4: best_d64=0.7793570384  pop=100
# p=7 gen  4: best_d64=0.7793570384  pop=-1
5,8,7,0.779357038377,19925,586.2,2.921917704420001;3.4785186008121585;5.934588829613785;5.92915850838401;5.919792443240726;5.8922459294228675;5.84467445075397,1.350320548020794;1.385643910834852;2.9627536179486684;2.965690668726452;2.97358234340996;2.993915226883814;3.058762702617394
# p=8 gen  1: best_d64=0.7875958441  pop=100
# p=8 gen  2: best_d64=0.7875958513  pop=100
# p=8 gen  3: best_d64=0.7875958513  pop=100
# p=8 gen  4: best_d64=0.7875958513  pop=100
# p=8 gen  5: best_d64=0.7875958513  pop=100
# p=8 gen  5: best_d64=0.7875958513  pop=-1
5,8,8,0.787595851288,20796,3134.0,2.928959299061019;3.4689671136398257;5.944799699657829;5.941876973778367;5.938402875535955;5.927395936154276;5.896565641677324;5.8469815850132125,1.3526909410144596;1.3883809648909329;2.9649738991445274;2.9659331359537253;2.9684842834602385;2.977805421286595;3.000066047640188;3.0648403366366956
# p=9 gen  1: best_d64=0.7944867153  pop=100
# p=9 gen  2: best_d64=0.7944867648  pop=100
# p=9 gen  3: best_d64=0.7944867648  pop=100
=== QAOA Double64 Swarm ===
Task:  12 / 15
Pair:  k=5, D=8
Node:  swift-c3dnodesetssd-17
CPUs:  28
Start: Wed Apr 22 08:34:41 UTC 2026
Job:   1357786_12

--- Node diagnostics ---
Hostname: swift-c3dnodesetssd-17
Memory:                  total        used        free      shared  buff/cache   available
Mem:           1.4Ti       9.1Gi       1.4Ti       3.3Mi       2.4Gi       1.4Ti
Disk:     10.17.247.218:/nfsshare   25T   15T  9.1T  62% /home
Julia:    /home/stephenjordan_google_com/julia-1.12.5/bin/julia
Git HEAD: 25cb9d9

Removing stale results/swarm-d64-k5d8.csv
Checking Julia environment...
Environment ready.

Starting swarm_chain_d64.jl with 28 threads at Wed Apr 22 08:34:46 UTC 2026
# swarm-d64 chain: k=5, D=8, p=1-15, pop=100, gens=10, burst=20, seed=42
k,D,p,ctilde,evals,wall_seconds,gamma,beta
# p=1 gen  1: best_d64=0.6362805163  pop=100
# p=1 gen  2: best_d64=0.6362805163  pop=100
# p=1 gen  3: best_d64=0.6362805163  pop=100
# p=1 gen  4: best_d64=0.6362805163  pop=100
# p=1 gen  4: best_d64=0.6362805163  pop=-1
5,8,1,0.636280516324,5133,5.1,5.874384083612015,1.771212691793534
# p=2 gen  1: best_d64=0.6874090294  pop=100
# p=2 gen  2: best_d64=0.6874090294  pop=100
# p=2 gen  3: best_d64=0.6874090294  pop=100
# p=2 gen  4: best_d64=0.6874090294  pop=100
# p=2 gen  4: best_d64=0.6874090294  pop=-1
5,8,2,0.687409029389,10491,0.9,0.32093271851654226;2.6592649183391686,1.3437475783424522;2.993008214682466
# p=3 gen  1: best_d64=0.7189811354  pop=100
# p=3 gen  2: best_d64=0.7189811354  pop=100
# p=3 gen  3: best_d64=0.7189811354  pop=100
# p=3 gen  4: best_d64=0.7189811354  pop=100
# p=3 gen  4: best_d64=0.7189811354  pop=-1
5,8,3,0.718981135448,14033,1.6,2.8612405507982306;3.563699598510278;5.818437295830123,1.3398964041117654;1.3854002530387017;3.0160532568842364
# p=4 gen  1: best_d64=0.7406690091  pop=100
# p=4 gen  2: best_d64=0.7406690091  pop=100
# p=4 gen  3: best_d64=0.7406690091  pop=100
# p=4 gen  4: best_d64=0.7406690091  pop=100
# p=4 gen  4: best_d64=0.7406690091  pop=-1
5,8,4,0.740669009086,18007,6.0,2.885069796987;3.5276329393861467;5.869339629524998;5.828890385519163,1.3423554389138075;1.3797692961821568;2.970677813426881;3.031286667526462
# p=5 gen  1: best_d64=0.7567938634  pop=100
# p=5 gen  2: best_d64=0.7567938634  pop=100
# p=5 gen  3: best_d64=0.7567938634  pop=100
# p=5 gen  4: best_d64=0.7567938634  pop=100
# p=5 gen  4: best_d64=0.7567938634  pop=-1
5,8,5,0.756793863381,17511,28.2,2.9013632947128842;3.506023413130886;5.901839172321893;5.878131048572385;5.836208754966479,1.3450773958276387;1.3803579815899487;2.9625137023021613;2.979812907611488;3.0425463293852366
# p=6 gen  1: best_d64=0.7693193410  pop=100
# p=6 gen  2: best_d64=0.7693193410  pop=100
# p=6 gen  3: best_d64=0.7693193410  pop=100
# p=6 gen  4: best_d64=0.7693193410  pop=100
# p=6 gen  4: best_d64=0.7693193410  pop=-1
5,8,6,0.769319340991,19321,142.3,2.913023365078113;3.490470883430964;5.92115749611341;5.910597824190869;5.886181163953545;5.841257092169257,1.347753523526235;1.382864137947582;2.9613358523234674;2.96884987351226;2.9872481399271775;3.0514773275787834
# p=7 gen  1: best_d64=0.7793570382  pop=100
# p=7 gen  2: best_d64=0.7793570383  pop=100
# p=7 gen  3: best_d64=0.7793570384  pop=100
=== QAOA Double64 Swarm ===
Task:  12 / 15
Pair:  k=5, D=8
Node:  swift-c3dnodesetssd-11
CPUs:  28
Start: Wed Apr 22 08:50:42 UTC 2026
Job:   1357786_12

--- Node diagnostics ---
Hostname: swift-c3dnodesetssd-11
Memory:                  total        used        free      shared  buff/cache   available
Mem:           1.4Ti       9.1Gi       1.4Ti       3.3Mi       2.4Gi       1.4Ti
Disk:     10.17.247.218:/nfsshare   25T   15T  9.1T  62% /home
Julia:    /home/stephenjordan_google_com/julia-1.12.5/bin/julia
Git HEAD: 25cb9d9

Removing stale results/swarm-d64-k5d8.csv
Checking Julia environment...
Environment ready.

Starting swarm_chain_d64.jl with 28 threads at Wed Apr 22 08:50:51 UTC 2026
# swarm-d64 chain: k=5, D=8, p=1-15, pop=100, gens=10, burst=20, seed=42
k,D,p,ctilde,evals,wall_seconds,gamma,beta
# p=1 gen  1: best_d64=0.6362805163  pop=100
# p=1 gen  2: best_d64=0.6362805163  pop=100
# p=1 gen  3: best_d64=0.6362805163  pop=100
# p=1 gen  4: best_d64=0.6362805163  pop=100
# p=1 gen  4: best_d64=0.6362805163  pop=-1
5,8,1,0.636280516324,5137,5.2,5.874384083612015,1.771212691793534
# p=2 gen  1: best_d64=0.6874090294  pop=100
# p=2 gen  2: best_d64=0.6874090294  pop=100
# p=2 gen  3: best_d64=0.6874090294  pop=100
# p=2 gen  4: best_d64=0.6874090294  pop=100
# p=2 gen  4: best_d64=0.6874090294  pop=-1
5,8,2,0.687409029389,10493,1.0,0.32093271851654226;2.6592649183391686,1.3437475783424522;2.993008214682466
# p=3 gen  1: best_d64=0.7189811354  pop=100
# p=3 gen  2: best_d64=0.7189811354  pop=100
# p=3 gen  3: best_d64=0.7189811354  pop=100
# p=3 gen  4: best_d64=0.7189811354  pop=100
# p=3 gen  4: best_d64=0.7189811354  pop=-1
5,8,3,0.718981135448,14137,1.8,2.8612405507982306;3.563699598510278;5.818437295830123,1.3398964041117654;1.3854002530387017;3.0160532568842364
# p=4 gen  1: best_d64=0.7406690091  pop=100
# p=4 gen  2: best_d64=0.7406690091  pop=100
# p=4 gen  3: best_d64=0.7406690091  pop=100
# p=4 gen  4: best_d64=0.7406690091  pop=100
# p=4 gen  4: best_d64=0.7406690091  pop=-1
5,8,4,0.740669009086,17862,6.1,2.885069796987;3.5276329393861467;5.869339629524998;5.828890385519163,1.3423554389138075;1.3797692961821568;2.970677813426881;3.031286667526462
# p=5 gen  1: best_d64=0.7567938634  pop=100
# p=5 gen  2: best_d64=0.7567938634  pop=100
# p=5 gen  3: best_d64=0.7567938634  pop=100
# p=5 gen  4: best_d64=0.7567938634  pop=100
# p=5 gen  4: best_d64=0.7567938634  pop=-1
5,8,5,0.756793863381,17512,28.3,2.9013632947128842;3.506023413130886;5.901839172321893;5.878131048572385;5.836208754966479,1.3450773958276387;1.3803579815899487;2.9625137023021613;2.979812907611488;3.0425463293852366
# p=6 gen  1: best_d64=0.7693193410  pop=100
# p=6 gen  2: best_d64=0.7693193410  pop=100
# p=6 gen  3: best_d64=0.7693193410  pop=100
# p=6 gen  4: best_d64=0.7693193410  pop=100
# p=6 gen  4: best_d64=0.7693193410  pop=-1
5,8,6,0.769319340991,19381,142.9,2.913023365078113;3.490470883430964;5.92115749611341;5.910597824190869;5.886181163953545;5.841257092169257,1.347753523526235;1.382864137947582;2.9613358523234674;2.96884987351226;2.9872481399271775;3.0514773275787834
# p=7 gen  1: best_d64=0.7793570382  pop=100
# p=7 gen  2: best_d64=0.7793570383  pop=100
# p=7 gen  3: best_d64=0.7793570384  pop=100
# p=7 gen  4: best_d64=0.7793570384  pop=100
# p=7 gen  4: best_d64=0.7793570384  pop=-1
5,8,7,0.779357038377,19925,582.4,2.921917704420001;3.4785186008121585;5.934588829613785;5.92915850838401;5.919792443240726;5.8922459294228675;5.84467445075397,1.350320548020794;1.385643910834852;2.9627536179486684;2.965690668726452;2.97358234340996;2.993915226883814;3.058762702617394
# p=8 gen  1: best_d64=0.7875958441  pop=100
# p=8 gen  2: best_d64=0.7875958513  pop=100
# p=8 gen  3: best_d64=0.7875958513  pop=100
# p=8 gen  4: best_d64=0.7875958513  pop=100
# p=8 gen  5: best_d64=0.7875958513  pop=100
# p=8 gen  5: best_d64=0.7875958513  pop=-1
5,8,8,0.787595851288,20795,3114.1,2.928959299061019;3.4689671136398257;5.944799699657829;5.941876973778367;5.938402875535955;5.927395936154276;5.896565641677324;5.8469815850132125,1.3526909410144596;1.3883809648909329;2.9649738991445274;2.9659331359537253;2.9684842834602385;2.977805421286595;3.000066047640188;3.0648403366366956
# p=9 gen  1: best_d64=0.7944867153  pop=100
# p=9 gen  2: best_d64=0.7944867648  pop=100
# p=9 gen  3: best_d64=0.7944867648  pop=100
# p=9 gen  4: best_d64=0.7944867648  pop=100
# p=9 gen  5: best_d64=0.7944867648  pop=100
# p=9 gen  5: best_d64=0.7944867648  pop=-1
5,8,9,0.794486764836,21872,14207.9,2.9346938726805902;3.4610748292475404;5.95293957126982;5.951334531178394;5.950996374287864;5.946424553137404;5.933337869251287;5.899475639877796;5.848481506417072,1.3548609791274502;1.3909585046518829;2.967364397526741;2.9674349896514634;2.967613164539508;2.9708627873355313;2.9818353574314247;3.0058089315892804;3.070025875900695
# p=10 gen  1: best_d64=0.8003402502  pop=100
# p=10 gen  2: best_d64=0.8003403031  pop=100
# p=10 gen  3: best_d64=0.8003403031  pop=100
# p=10 gen  4: best_d64=0.8003403031  pop=100
# p=10 gen  5: best_d64=0.8003403032  pop=100
# p=10 gen  5: best_d64=0.8003403032  pop=-1
5,8,10,0.800340303158,19098,64854.6,2.9394735923877318;3.4544068479146226;5.9596530257371025;5.9588070353780545;5.960158127038265;5.959158726928203;5.952999912620127;5.937844442945329;5.901291454779785;5.849355634666343,1.3568381626392743;1.393332229351386;2.9697113151872547;2.9693808270900854;2.968344060033851;2.9689587209643657;2.9731847777599913;2.98578995332948;3.0111999565640866;3.0745272676378055
# p=11 gen  1: best_d64=0.8053762349  pop=100
# p=11 gen  2: best_d64=0.8053773356  pop=100
# p=11 gen  3: best_d64=0.8053773356  pop=100
# p=11 gen  4: best_d64=0.8053773356  pop=100
# p=11 gen  5: best_d64=0.8053773356  pop=100
# p=11 gen  5: best_d64=0.8053773356  pop=-1
5,8,11,0.805377335627,17330,276663.6,2.943541045383901;3.448664605561128;5.965333467735494;5.964938971159474;5.967300373326674;5.9682397387877035;5.966051268352486;5.958228910609034;5.941162428682697;5.902252366877687;5.849737584172872,1.3586423153893696;1.3955029401320587;2.9719295326656554;2.9714284542470315;2.969787472524852;2.9689085894023948;2.9703146190582497;2.9755730654941885;2.9896946738427674;3.016270473561244;3.0784837389465087
/var/spool/slurmd/job1357798/slurm_script: line 124: 10975 Killed                  julia --project=. -t ${SLURM_CPUS_PER_TASK:-28} scripts/swarm_chain_d64.jl $K $D 15 100 10 20 42

Exit code: 137
Done: Sun Apr 26 13:01:41 UTC 2026
FAILED — pushing logs
