[2026-03-31T23:28:30] Task 14: k=6, D=8, p=1–15
[2026-03-31T23:28:30] Command: julia --project=. -t 28 scripts/optimize_qaoa.jl 6 8 1 15 2 320 1234 true adjoint
[2026-03-31T23:28:30] Threads: 28, RAM available: 2835 GB
preserved run_id=20260331T232833-k6-d8-p1-15-r2-i320-s1234
preserved directory=/home/stephenjordan_google_com/qaoa-xorsat/scripts/../.project/results/optimization/runs/20260331T232833-k6-d8-p1-15-r2-i320-s1234
┌ Warning: Assignment to `best_checkpoint_value` in soft scope is ambiguous because a global variable by the same name exists: `best_checkpoint_value` will be treated as a new local. Disambiguate by using `local best_checkpoint_value` to suppress this warning or `global best_checkpoint_value` to assign to the existing global variable.
└ @ ~/qaoa-xorsat/scripts/optimize_qaoa.jl:496
[ Info: JIT warmup...
[ Info: JIT warmup complete, starting sweep
  p=8 start 1: 142 evals, 30.0s elapsed, c̃=0.7972904420, g_norm=5.13e-02
  p=8 start 2: 142 evals, 30.1s elapsed, c̃=0.6954891908, g_norm=1.19e-01
  p=8 start 3: 140 evals, 30.0s elapsed, c̃=0.6970446157, g_norm=2.94e-01
  p=8 start 2: 284 evals, 60.1s elapsed, c̃=0.7263346835, g_norm=2.67e-02
  p=8 start 3: 283 evals, 60.1s elapsed, c̃=0.7053165880, g_norm=6.54e-02
  p=8 start 1: 287 evals, 60.2s elapsed, c̃=0.7978806571, g_norm=4.02e-02
  p=8 start 2: 426 evals, 90.3s elapsed, c̃=0.7259146331, g_norm=2.67e-02
  p=8 start 3: 429 evals, 90.3s elapsed, c̃=0.7066637088, g_norm=5.86e-02
  p=8 start 1: 435 evals, 90.4s elapsed, c̃=0.7997864383, g_norm=1.38e-02
  p=8 start 2: 572 evals, 120.3s elapsed, c̃=0.7262671005, g_norm=5.10e-02
  p=8 start 3: 576 evals, 120.5s elapsed, c̃=0.7068755504, g_norm=5.85e-02
  p=8 start 1: 581 evals, 120.5s elapsed, c̃=0.7984992803, g_norm=2.84e-02
  p=8 start 2: 734 evals, 150.3s elapsed, c̃=0.7266868300, g_norm=5.04e-02
  p=8 start 1: 743 evals, 150.6s elapsed, c̃=0.8007175786, g_norm=4.99e-02
  p=8 start 2: 927 evals, 180.4s elapsed, c̃=0.7272034929, g_norm=4.53e-02
  p=9 start 2: 36 evals, 30.1s elapsed, c̃=0.5000726422, g_norm=1.05e-03
  p=9 start 1: 37 evals, 30.6s elapsed, c̃=0.7647986780, g_norm=3.62e-01
  p=9 start 2: 71 evals, 60.5s elapsed, c̃=0.5000888539, g_norm=1.47e-03
  p=9 start 1: 72 evals, 60.9s elapsed, c̃=0.8150630390, g_norm=3.57e-01
  p=9 start 2: 106 evals, 90.5s elapsed, c̃=0.5000918404, g_norm=1.14e-03
  p=9 start 1: 108 evals, 91.7s elapsed, c̃=0.7587892703, g_norm=2.80e-01
  p=9 start 2: 142 evals, 121.4s elapsed, c̃=0.5005113521, g_norm=9.69e-03
  p=9 start 1: 144 evals, 122.5s elapsed, c̃=0.8362004110, g_norm=5.04e-01
  p=9 start 2: 178 evals, 151.9s elapsed, c̃=0.5238391046, g_norm=1.61e-01
  p=9 start 1: 181 evals, 153.2s elapsed, c̃=0.7900814014, g_norm=2.81e-01
  p=9 start 2: 213 evals, 182.0s elapsed, c̃=0.5238923088, g_norm=1.82e-01
  p=9 start 1: 217 evals, 183.7s elapsed, c̃=0.7809317266, g_norm=3.65e-01
  p=9 start 2: 250 evals, 212.8s elapsed, c̃=0.5316070902, g_norm=2.34e-01
  p=9 start 1: 254 evals, 214.4s elapsed, c̃=0.8287351904, g_norm=6.09e-01
  p=9 start 2: 287 evals, 243.6s elapsed, c̃=0.5237662629, g_norm=1.91e-01
  p=9 start 1: 291 evals, 245.2s elapsed, c̃=0.8287351904, g_norm=6.09e-01
  p=9 start 2: 325 evals, 273.7s elapsed, c̃=0.5247387657, g_norm=1.86e-01
  p=9 start 2: 367 evals, 304.0s elapsed, c̃=0.5281112851, g_norm=2.01e-01
  p=10 start 1: 10 evals, 31.2s elapsed, c̃=0.4999999849, g_norm=7.06e-06
  p=10 start 1: 20 evals, 62.5s elapsed, c̃=0.4999850944, g_norm=4.04e-03
  p=10 start 1: 30 evals, 93.6s elapsed, c̃=0.5000065737, g_norm=6.41e-04
  p=10 start 1: 40 evals, 125.0s elapsed, c̃=0.5000245016, g_norm=3.15e-03
  p=10 start 1: 50 evals, 156.2s elapsed, c̃=0.4999950446, g_norm=1.09e-01
  p=10 start 1: 60 evals, 187.3s elapsed, c̃=0.5401478827, g_norm=4.55e+00
  p=10 start 1: 70 evals, 218.6s elapsed, c̃=0.5401478827, g_norm=4.55e+00
  p=10 start 1: 80 evals, 249.9s elapsed, c̃=0.5401478827, g_norm=4.55e+00
slurmstepd: error: *** STEP 987289.0 ON swift-c3dnodeset-16 CANCELLED AT 2026-04-01T02:19:04 ***
slurmstepd: error: *** JOB 987289 ON swift-c3dnodeset-16 CANCELLED AT 2026-04-01T02:19:04 ***
