[2026-03-31T23:28:30] Task 7: k=4, D=6, p=1–15
[2026-03-31T23:28:30] Command: julia --project=. -t 28 scripts/optimize_qaoa.jl 4 6 1 15 2 320 1234 true adjoint
[2026-03-31T23:28:30] Threads: 28, RAM available: 2835 GB
preserved run_id=20260331T232833-k4-d6-p1-15-r2-i320-s1234
preserved directory=/home/stephenjordan_google_com/qaoa-xorsat/scripts/../.project/results/optimization/runs/20260331T232833-k4-d6-p1-15-r2-i320-s1234
┌ Warning: Assignment to `best_checkpoint_value` in soft scope is ambiguous because a global variable by the same name exists: `best_checkpoint_value` will be treated as a new local. Disambiguate by using `local best_checkpoint_value` to suppress this warning or `global best_checkpoint_value` to assign to the existing global variable.
└ @ ~/qaoa-xorsat/scripts/optimize_qaoa.jl:496
[ Info: JIT warmup...
[ Info: JIT warmup complete, starting sweep
  p=8 start 2: 148 evals, 30.0s elapsed, c̃=0.7266294109, g_norm=1.72e-02
  p=8 start 1: 148 evals, 30.1s elapsed, c̃=0.8133896316, g_norm=3.38e-05
  p=8 start 3: 147 evals, 30.1s elapsed, c̃=0.7547903479, g_norm=1.49e-02
  p=8 start 2: 297 evals, 60.1s elapsed, c̃=0.7466973307, g_norm=1.60e-02
  p=8 start 3: 299 evals, 60.1s elapsed, c̃=0.7563971826, g_norm=4.88e-05
  p=8 start 1: 300 evals, 60.2s elapsed, c̃=0.8133896997, g_norm=4.09e-05
  p=8 start 2: 448 evals, 90.3s elapsed, c̃=0.7472895729, g_norm=1.40e-04
  p=8 start 3: 452 evals, 90.3s elapsed, c̃=0.7563972584, g_norm=6.58e-05
  p=8 start 1: 453 evals, 90.4s elapsed, c̃=0.8133895089, g_norm=4.02e-05
  p=8 start 2: 606 evals, 120.3s elapsed, c̃=0.7472900106, g_norm=1.17e-05
  p=8 start 1: 611 evals, 120.4s elapsed, c̃=0.8133897206, g_norm=6.38e-05
  p=8 start 3: 610 evals, 120.5s elapsed, c̃=0.7563964990, g_norm=2.00e-05
  p=8 start 2: 764 evals, 150.4s elapsed, c̃=0.7472897121, g_norm=9.12e-06
  p=8 start 1: 768 evals, 150.4s elapsed, c̃=0.8133887604, g_norm=3.30e-05
  p=8 start 3: 764 evals, 150.7s elapsed, c̃=0.7563978439, g_norm=3.60e-05
  p=8 start 2: 920 evals, 180.4s elapsed, c̃=0.7472907649, g_norm=8.28e-06
  p=8 start 1: 925 evals, 180.6s elapsed, c̃=0.8133905695, g_norm=4.63e-05
  p=8 start 3: 920 evals, 180.7s elapsed, c̃=0.7563976759, g_norm=4.32e-05
  p=8 start 2: 1078 evals, 210.5s elapsed, c̃=0.7472900767, g_norm=5.84e-06
  p=8 start 1: 1085 evals, 210.6s elapsed, c̃=0.8133902997, g_norm=5.17e-05
  p=8 start 3: 1078 evals, 210.8s elapsed, c̃=0.7563960623, g_norm=1.13e-05
  p=8 start 2: 1235 evals, 240.6s elapsed, c̃=0.7472895704, g_norm=1.01e-05
  p=8 start 1: 1243 evals, 240.8s elapsed, c̃=0.8133879024, g_norm=3.81e-05
  p=8 start 3: 1235 evals, 240.9s elapsed, c̃=0.7563969018, g_norm=1.93e-05
  p=8 start 2: 1394 evals, 270.7s elapsed, c̃=0.7472889935, g_norm=6.43e-06
  p=8 start 3: 1390 evals, 270.9s elapsed, c̃=0.7563974194, g_norm=3.05e-05
  p=8 start 1: 1398 evals, 271.0s elapsed, c̃=0.8133899778, g_norm=3.22e-05
  p=8 start 2: 1551 evals, 300.7s elapsed, c̃=0.7472891123, g_norm=1.58e-05
  p=8 start 3: 1548 evals, 301.0s elapsed, c̃=0.7563963546, g_norm=1.22e-05
  p=8 start 1: 1554 evals, 301.1s elapsed, c̃=0.8133884176, g_norm=3.95e-05
  p=8 start 2: 1709 evals, 330.8s elapsed, c̃=0.7472900216, g_norm=1.24e-05
  p=8 start 3: 1705 evals, 331.1s elapsed, c̃=0.7563966162, g_norm=2.42e-05
  p=8 start 1: 1710 evals, 331.2s elapsed, c̃=0.8133892433, g_norm=4.97e-05
  p=8 start 2: 1863 evals, 360.9s elapsed, c̃=0.7472891950, g_norm=1.77e-05
  p=8 start 3: 1865 evals, 361.3s elapsed, c̃=0.7563979144, g_norm=4.73e-05
  p=8 start 1: 1869 evals, 361.3s elapsed, c̃=0.8133887397, g_norm=2.82e-05
  p=8 start 2: 2021 evals, 390.9s elapsed, c̃=0.7472902880, g_norm=2.32e-05
  p=8 start 1: 2030 evals, 391.4s elapsed, c̃=0.8133884147, g_norm=2.31e-05
  p=8 start 3: 2022 evals, 391.5s elapsed, c̃=0.7563966432, g_norm=2.88e-05
  p=8 start 2: 2181 evals, 421.1s elapsed, c̃=0.7472896928, g_norm=1.10e-05
  p=8 start 1: 2188 evals, 421.5s elapsed, c̃=0.8133874503, g_norm=2.34e-05
  p=8 start 3: 2179 evals, 421.6s elapsed, c̃=0.7563972734, g_norm=1.99e-05
  p=8 start 2: 2336 evals, 451.2s elapsed, c̃=0.7472893401, g_norm=1.14e-05
  p=8 start 1: 2347 evals, 451.5s elapsed, c̃=0.8133898569, g_norm=5.16e-05
  p=8 start 3: 2338 evals, 451.7s elapsed, c̃=0.7563970432, g_norm=4.41e-05
  p=8 start 2: 2494 evals, 481.4s elapsed, c̃=0.7472901002, g_norm=7.23e-06
  p=8 start 1: 2506 evals, 481.5s elapsed, c̃=0.8133903414, g_norm=2.39e-05
  p=8 start 3: 2496 evals, 481.8s elapsed, c̃=0.7563969995, g_norm=2.63e-05
  p=8 start 2: 2666 evals, 511.5s elapsed, c̃=0.7472894721, g_norm=2.49e-05
  p=8 start 3: 2670 evals, 512.0s elapsed, c̃=0.7563985688, g_norm=1.19e-05
  p=9 start 2: 36 evals, 30.4s elapsed, c̃=0.5349866300, g_norm=7.76e-01
  p=9 start 1: 37 evals, 30.7s elapsed, c̃=0.8205381462, g_norm=3.96e-03
  p=9 start 2: 73 evals, 60.7s elapsed, c̃=0.7148622955, g_norm=1.16e-01
  p=9 start 1: 74 evals, 61.0s elapsed, c̃=0.8205321264, g_norm=3.99e-03
  p=9 start 2: 110 evals, 91.4s elapsed, c̃=0.6176787576, g_norm=4.43e-01
  p=9 start 1: 111 evals, 91.8s elapsed, c̃=0.8205488680, g_norm=4.07e-03
  p=9 start 2: 148 evals, 121.9s elapsed, c̃=0.7376725452, g_norm=4.16e-01
  p=9 start 1: 148 evals, 121.9s elapsed, c̃=0.8205749604, g_norm=3.96e-03
  p=9 start 2: 185 evals, 152.1s elapsed, c̃=0.7526528864, g_norm=2.37e-01
  p=9 start 1: 185 evals, 152.5s elapsed, c̃=0.8205714171, g_norm=3.99e-03
  p=9 start 2: 221 evals, 182.2s elapsed, c̃=0.7647659999, g_norm=3.49e-02
  p=9 start 1: 221 evals, 182.6s elapsed, c̃=0.8205793234, g_norm=4.70e-03
  p=9 start 2: 258 evals, 212.7s elapsed, c̃=0.7656199926, g_norm=2.93e-03
  p=9 start 1: 258 evals, 212.8s elapsed, c̃=0.8205709702, g_norm=3.48e-03
  p=9 start 1: 295 evals, 243.1s elapsed, c̃=0.8205751338, g_norm=4.54e-03
  p=9 start 2: 295 evals, 243.4s elapsed, c̃=0.7656286151, g_norm=1.33e-03
  p=9 start 1: 332 evals, 273.8s elapsed, c̃=0.8205828859, g_norm=3.63e-03
  p=9 start 2: 332 evals, 274.1s elapsed, c̃=0.7656293018, g_norm=1.13e-03
  p=9 start 1: 369 evals, 304.4s elapsed, c̃=0.8205587750, g_norm=2.92e-03
  p=9 start 2: 369 evals, 304.5s elapsed, c̃=0.7656419214, g_norm=2.18e-03
  p=9 start 1: 406 evals, 334.9s elapsed, c̃=0.8205637404, g_norm=4.16e-03
  p=9 start 2: 406 evals, 335.1s elapsed, c̃=0.7656471812, g_norm=2.18e-03
  p=9 start 1: 443 evals, 365.7s elapsed, c̃=0.8205554554, g_norm=3.14e-03
  p=9 start 2: 443 evals, 365.7s elapsed, c̃=0.7656543439, g_norm=2.17e-03
  p=9 start 1: 480 evals, 395.8s elapsed, c̃=0.8205765504, g_norm=4.24e-03
  p=9 start 2: 480 evals, 396.2s elapsed, c̃=0.7656336269, g_norm=1.47e-03
  p=9 start 1: 517 evals, 426.5s elapsed, c̃=0.8205896465, g_norm=3.29e-03
  p=9 start 2: 517 evals, 426.9s elapsed, c̃=0.7656554547, g_norm=1.55e-03
  p=9 start 1: 554 evals, 457.2s elapsed, c̃=0.8205513680, g_norm=3.28e-03
  p=9 start 2: 554 evals, 457.7s elapsed, c̃=0.7656445716, g_norm=2.06e-03
  p=9 start 1: 590 evals, 487.3s elapsed, c̃=0.8205810742, g_norm=2.73e-03
  p=9 start 2: 590 evals, 487.8s elapsed, c̃=0.7656511578, g_norm=3.85e-03
  p=9 start 1: 626 evals, 517.5s elapsed, c̃=0.8205636884, g_norm=3.57e-03
  p=9 start 2: 626 evals, 517.9s elapsed, c̃=0.7656611980, g_norm=3.77e-03
  p=9 start 2: 663 evals, 548.4s elapsed, c̃=0.7656329902, g_norm=3.85e-03
  p=9 start 2: 707 evals, 578.8s elapsed, c̃=0.7656504020, g_norm=3.68e-03
  p=9 start 2: 751 evals, 609.2s elapsed, c̃=0.7656439581, g_norm=1.82e-03
  p=9 start 2: 795 evals, 639.5s elapsed, c̃=0.7656655903, g_norm=1.82e-03
  p=9 start 2: 839 evals, 669.7s elapsed, c̃=0.7656522035, g_norm=1.86e-03
  p=9 start 2: 883 evals, 700.1s elapsed, c̃=0.7656257140, g_norm=1.87e-03
  p=9 start 2: 927 evals, 730.8s elapsed, c̃=0.7656638036, g_norm=1.93e-03
  p=9 start 2: 971 evals, 761.1s elapsed, c̃=0.7656669438, g_norm=2.03e-03
  p=9 start 2: 1015 evals, 791.2s elapsed, c̃=0.7656434895, g_norm=1.95e-03
  p=9 start 2: 1059 evals, 821.3s elapsed, c̃=0.7656674985, g_norm=1.77e-03
  p=10 start 1: 9 evals, 31.3s elapsed, c̃=0.8240785576, g_norm=3.67e-02
  p=10 start 3: 9 evals, 31.5s elapsed, c̃=0.5000110237, g_norm=1.09e-04
  p=10 start 3: 18 evals, 64.8s elapsed, c̃=0.5000409952, g_norm=3.05e-04
  p=10 start 1: 18 evals, 65.1s elapsed, c̃=0.8253341962, g_norm=2.28e-02
  p=10 start 3: 26 evals, 95.2s elapsed, c̃=0.5005322647, g_norm=1.24e-02
  p=10 start 1: 27 evals, 98.9s elapsed, c̃=0.8260426056, g_norm=1.60e-02
  p=10 start 1: 35 evals, 128.9s elapsed, c̃=0.8258097418, g_norm=1.13e-02
  p=10 start 3: 35 evals, 129.1s elapsed, c̃=0.5011420231, g_norm=3.63e-03
  p=10 start 3: 43 evals, 159.1s elapsed, c̃=0.5036046153, g_norm=1.87e-02
  p=10 start 1: 44 evals, 162.6s elapsed, c̃=0.8264672551, g_norm=1.20e-02
  p=10 start 3: 52 evals, 192.8s elapsed, c̃=0.4966281832, g_norm=3.22e-02
  p=10 start 1: 52 evals, 193.0s elapsed, c̃=0.8263315052, g_norm=1.30e-02
  p=10 start 1: 61 evals, 226.2s elapsed, c̃=0.8265748171, g_norm=1.14e-02
  p=10 start 3: 61 evals, 226.4s elapsed, c̃=0.5089163790, g_norm=4.59e-02
  p=10 start 1: 69 evals, 256.3s elapsed, c̃=0.8262742141, g_norm=1.49e-02
  p=10 start 3: 70 evals, 260.1s elapsed, c̃=0.5169951199, g_norm=8.10e-02
  p=10 start 1: 77 evals, 286.4s elapsed, c̃=0.8265081132, g_norm=1.61e-02
  p=10 start 3: 78 evals, 290.2s elapsed, c̃=0.5191942181, g_norm=1.50e-01
  p=10 start 1: 85 evals, 316.6s elapsed, c̃=0.8264786637, g_norm=1.16e-02
  p=10 start 3: 86 evals, 320.4s elapsed, c̃=0.5335805180, g_norm=1.39e-01
  p=10 start 1: 94 evals, 350.4s elapsed, c̃=0.8264718509, g_norm=1.15e-02
  p=10 start 3: 95 evals, 353.9s elapsed, c̃=0.5458942216, g_norm=4.57e-02
  p=10 start 1: 103 evals, 384.0s elapsed, c̃=0.8265719979, g_norm=1.10e-02
  p=10 start 3: 104 evals, 388.0s elapsed, c̃=0.5517460981, g_norm=4.08e-02
  p=10 start 1: 111 evals, 414.2s elapsed, c̃=0.8265830557, g_norm=2.07e-02
  p=10 start 3: 113 evals, 421.6s elapsed, c̃=0.5565825845, g_norm=5.36e-02
  p=10 start 1: 119 evals, 444.3s elapsed, c̃=0.8263935354, g_norm=1.11e-02
  p=10 start 3: 121 evals, 451.8s elapsed, c̃=0.5607529629, g_norm=5.93e-02
  p=10 start 1: 127 evals, 474.6s elapsed, c̃=0.8264839192, g_norm=1.66e-02
  p=10 start 3: 129 evals, 482.4s elapsed, c̃=0.5014253825, g_norm=1.07e-02
  p=10 start 1: 135 evals, 504.9s elapsed, c̃=0.8264839192, g_norm=1.66e-02
  p=10 start 3: 138 evals, 516.3s elapsed, c̃=0.4978958653, g_norm=2.52e-02
  p=10 start 1: 143 evals, 534.9s elapsed, c̃=0.8264524060, g_norm=1.02e-02
  p=10 start 3: 147 evals, 549.9s elapsed, c̃=0.6127978668, g_norm=3.15e-01
  p=10 start 1: 152 evals, 569.0s elapsed, c̃=0.8263452863, g_norm=1.08e-02
  p=10 start 3: 155 evals, 580.0s elapsed, c̃=0.6701651316, g_norm=3.17e-01
  p=10 start 1: 161 evals, 602.5s elapsed, c̃=0.8266271874, g_norm=1.03e-02
  p=10 start 3: 163 evals, 610.1s elapsed, c̃=0.7320456666, g_norm=8.04e-02
  p=10 start 1: 169 evals, 632.7s elapsed, c̃=0.8265738037, g_norm=1.10e-02
  p=10 start 3: 172 evals, 643.7s elapsed, c̃=0.7357275369, g_norm=4.68e-02
  p=10 start 1: 177 evals, 662.7s elapsed, c̃=0.8260130793, g_norm=1.56e-02
  p=10 start 3: 180 evals, 674.1s elapsed, c̃=0.7408268432, g_norm=8.57e-02
  p=10 start 1: 185 evals, 693.0s elapsed, c̃=0.8264153486, g_norm=1.12e-02
  p=10 start 3: 188 evals, 704.3s elapsed, c̃=0.7446971229, g_norm=9.04e-02
  p=10 start 1: 193 evals, 723.4s elapsed, c̃=0.7258238350, g_norm=6.56e-01
  p=10 start 3: 196 evals, 734.5s elapsed, c̃=0.7570770564, g_norm=1.45e-01
  p=10 start 1: 202 evals, 756.9s elapsed, c̃=0.8262530634, g_norm=1.20e-02
  p=10 start 3: 205 evals, 768.1s elapsed, c̃=0.7730116356, g_norm=6.22e-02
  p=10 start 1: 210 evals, 787.0s elapsed, c̃=0.8262728429, g_norm=1.14e-02
  p=10 start 3: 213 evals, 798.5s elapsed, c̃=0.7787261258, g_norm=2.72e-02
  p=10 start 1: 218 evals, 817.1s elapsed, c̃=0.8258741925, g_norm=1.20e-02
  p=10 start 3: 222 evals, 832.0s elapsed, c̃=0.7809879991, g_norm=3.00e-02
  p=10 start 1: 226 evals, 847.3s elapsed, c̃=0.8263574365, g_norm=1.25e-02
  p=10 start 3: 230 evals, 862.3s elapsed, c̃=0.7824338335, g_norm=6.34e-02
  p=10 start 1: 234 evals, 877.5s elapsed, c̃=0.8266113788, g_norm=1.34e-02
  p=10 start 3: 238 evals, 892.7s elapsed, c̃=0.7821150180, g_norm=5.20e-02
  p=10 start 1: 242 evals, 907.7s elapsed, c̃=0.8266865018, g_norm=1.12e-02
  p=10 start 3: 247 evals, 926.3s elapsed, c̃=0.7820631337, g_norm=5.65e-02
  p=10 start 1: 251 evals, 941.7s elapsed, c̃=0.8265851203, g_norm=1.24e-02
  p=10 start 3: 255 evals, 956.4s elapsed, c̃=0.7819417653, g_norm=5.63e-02
  p=10 start 1: 259 evals, 971.7s elapsed, c̃=0.8265851203, g_norm=1.24e-02
  p=10 start 3: 263 evals, 986.5s elapsed, c̃=0.7820839507, g_norm=6.34e-02
  p=10 start 1: 267 evals, 1001.8s elapsed, c̃=0.8257793596, g_norm=1.14e-02
  p=10 start 3: 271 evals, 1016.8s elapsed, c̃=0.7818735313, g_norm=5.30e-02
  p=10 start 1: 275 evals, 1032.0s elapsed, c̃=0.8264096696, g_norm=1.12e-02
  p=10 start 3: 279 evals, 1047.0s elapsed, c̃=0.7824338335, g_norm=6.34e-02
  p=10 start 1: 283 evals, 1062.0s elapsed, c̃=0.8261423581, g_norm=1.19e-02
  p=10 start 3: 287 evals, 1077.2s elapsed, c̃=0.7824338335, g_norm=6.34e-02
  p=10 start 1: 291 evals, 1092.1s elapsed, c̃=0.8260326095, g_norm=1.28e-02
  p=10 start 3: 296 evals, 1110.9s elapsed, c̃=0.7824225928, g_norm=5.76e-02
  p=10 start 1: 299 evals, 1122.2s elapsed, c̃=0.8261455652, g_norm=1.06e-02
  p=10 start 1: 309 evals, 1154.6s elapsed, c̃=0.8266051850, g_norm=1.14e-02
  p=10 start 1: 319 evals, 1185.0s elapsed, c̃=0.8267765964, g_norm=1.08e-02
  p=10 start 1: 329 evals, 1215.1s elapsed, c̃=0.8267765964, g_norm=1.08e-02
  p=10 start 1: 339 evals, 1245.2s elapsed, c̃=0.4951047876, g_norm=2.90e-02
  p=10 start 1: 349 evals, 1275.6s elapsed, c̃=0.8265822678, g_norm=9.74e-03
  p=10 start 1: 359 evals, 1305.9s elapsed, c̃=0.8264882171, g_norm=1.49e-02
  p=10 start 1: 369 evals, 1336.0s elapsed, c̃=0.8260565724, g_norm=1.15e-02
  p=10 start 1: 379 evals, 1366.6s elapsed, c̃=0.8261836874, g_norm=1.10e-02
  p=10 start 1: 389 evals, 1396.8s elapsed, c̃=0.8264950452, g_norm=2.15e-02
  p=10 start 1: 399 evals, 1426.9s elapsed, c̃=0.8268533180, g_norm=1.07e-02
  p=10 start 1: 409 evals, 1457.2s elapsed, c̃=0.8262153463, g_norm=1.49e-02
  p=10 start 1: 419 evals, 1487.7s elapsed, c̃=0.8264010608, g_norm=1.27e-02
  p=10 start 1: 429 evals, 1518.1s elapsed, c̃=0.8262529875, g_norm=1.12e-02
  p=10 start 1: 439 evals, 1548.4s elapsed, c̃=0.8264698941, g_norm=1.06e-02
  p=10 start 1: 449 evals, 1578.8s elapsed, c̃=0.8257318698, g_norm=1.91e-02
  p=10 start 1: 459 evals, 1609.0s elapsed, c̃=0.8268316091, g_norm=1.14e-02
  p=10 start 1: 469 evals, 1639.5s elapsed, c̃=0.8268316091, g_norm=1.14e-02
  p=10 start 1: 479 evals, 1669.9s elapsed, c̃=0.8268316091, g_norm=1.14e-02
  p=11 start 1: 4 evals, 41.9s elapsed, c̃=0.6481732137, g_norm=5.95e-01
  p=11 start 1: 7 evals, 84.3s elapsed, c̃=0.8252912135, g_norm=1.79e-01
  p=11 start 1: 10 evals, 126.0s elapsed, c̃=0.8257719575, g_norm=1.68e-01
  p=11 start 1: 13 evals, 167.7s elapsed, c̃=0.8276083416, g_norm=1.90e-01
  p=11 start 1: 16 evals, 209.6s elapsed, c̃=0.8289347999, g_norm=2.08e-01
  p=11 start 1: 19 evals, 251.5s elapsed, c̃=0.8189519393, g_norm=8.27e-02
  p=11 start 1: 22 evals, 293.5s elapsed, c̃=0.8317707940, g_norm=1.71e-01
  p=11 start 1: 25 evals, 335.3s elapsed, c̃=0.8257256116, g_norm=1.67e-01
  p=11 start 1: 28 evals, 377.1s elapsed, c̃=0.8292318838, g_norm=1.93e-01
  p=11 start 1: 31 evals, 419.4s elapsed, c̃=0.8235291027, g_norm=1.87e-01
  p=11 start 1: 34 evals, 462.1s elapsed, c̃=0.8237667397, g_norm=2.73e-01
  p=11 start 1: 37 evals, 504.0s elapsed, c̃=0.8184928578, g_norm=1.02e-01
  p=11 start 1: 40 evals, 546.2s elapsed, c̃=0.8299296031, g_norm=1.40e-01
  p=11 start 1: 43 evals, 588.0s elapsed, c̃=0.8302297619, g_norm=2.52e-01
  p=11 start 1: 46 evals, 629.8s elapsed, c̃=0.8231500178, g_norm=1.25e-01
  p=11 start 1: 49 evals, 672.0s elapsed, c̃=0.8308233784, g_norm=2.23e-01
  p=11 start 1: 52 evals, 713.9s elapsed, c̃=0.8219657698, g_norm=1.90e-01
  p=11 start 1: 55 evals, 755.7s elapsed, c̃=0.8282837256, g_norm=2.23e-01
  p=11 start 1: 58 evals, 797.6s elapsed, c̃=0.8307906963, g_norm=1.95e-01
  p=11 start 1: 61 evals, 839.7s elapsed, c̃=0.8299922208, g_norm=1.97e-01
  p=11 start 1: 64 evals, 881.6s elapsed, c̃=0.8285811591, g_norm=2.08e-01
  p=11 start 1: 67 evals, 923.5s elapsed, c̃=0.8289645197, g_norm=1.67e-01
  p=11 start 1: 70 evals, 965.8s elapsed, c̃=0.8293079542, g_norm=1.69e-01
  p=11 start 1: 73 evals, 1007.8s elapsed, c̃=0.8282059266, g_norm=2.22e-01
  p=11 start 1: 76 evals, 1049.6s elapsed, c̃=0.8291966635, g_norm=9.14e-02
  p=11 start 1: 79 evals, 1092.5s elapsed, c̃=0.8326204863, g_norm=2.18e-01
  p=11 start 1: 82 evals, 1134.4s elapsed, c̃=0.8263100726, g_norm=1.46e-01
  p=11 start 1: 85 evals, 1176.5s elapsed, c̃=0.8337247196, g_norm=1.43e-01
  p=11 start 1: 88 evals, 1219.3s elapsed, c̃=0.8237398894, g_norm=1.90e-01
  p=11 start 1: 91 evals, 1261.2s elapsed, c̃=0.8332764801, g_norm=8.26e-02
  p=11 start 1: 94 evals, 1303.1s elapsed, c̃=0.8288915323, g_norm=8.30e-02
  p=11 start 1: 97 evals, 1345.4s elapsed, c̃=0.8331849426, g_norm=1.70e-01
  p=11 start 1: 100 evals, 1387.5s elapsed, c̃=0.8202848861, g_norm=7.79e-02
  p=11 start 1: 103 evals, 1429.4s elapsed, c̃=0.8342204668, g_norm=1.52e-01
  p=11 start 1: 106 evals, 1471.3s elapsed, c̃=0.8207979944, g_norm=1.51e-01
  p=11 start 1: 109 evals, 1513.3s elapsed, c̃=0.8317393342, g_norm=1.91e-01
  p=11 start 1: 112 evals, 1555.6s elapsed, c̃=0.8293892073, g_norm=1.90e-01
  p=11 start 1: 115 evals, 1597.9s elapsed, c̃=0.8296493289, g_norm=1.31e-01
  p=11 start 1: 118 evals, 1639.8s elapsed, c̃=0.8275988091, g_norm=1.72e-01
  p=11 start 1: 121 evals, 1681.6s elapsed, c̃=0.8309208042, g_norm=1.27e-01
  p=11 start 1: 124 evals, 1723.9s elapsed, c̃=0.8323438584, g_norm=1.04e-01
  p=11 start 1: 127 evals, 1766.7s elapsed, c̃=0.8323438584, g_norm=1.04e-01
  p=11 start 1: 130 evals, 1809.0s elapsed, c̃=0.8278046490, g_norm=1.59e-01
  p=11 start 1: 133 evals, 1851.3s elapsed, c̃=0.8302282618, g_norm=8.94e-02
  p=11 start 1: 136 evals, 1893.1s elapsed, c̃=0.8288656352, g_norm=1.15e-01
  p=11 start 1: 139 evals, 1934.8s elapsed, c̃=0.8276004794, g_norm=1.86e-01
  p=11 start 1: 142 evals, 1977.0s elapsed, c̃=0.8324789429, g_norm=1.58e-01
  p=11 start 1: 145 evals, 2018.8s elapsed, c̃=0.8251685350, g_norm=7.76e-02
  p=11 start 1: 148 evals, 2060.7s elapsed, c̃=0.8321149760, g_norm=1.08e-01
  p=11 start 1: 151 evals, 2102.8s elapsed, c̃=0.8264314328, g_norm=9.57e-02
  p=11 start 1: 154 evals, 2144.7s elapsed, c̃=0.8341951517, g_norm=2.27e-01
  p=11 start 1: 157 evals, 2186.6s elapsed, c̃=0.8281928895, g_norm=1.44e-01
  p=11 start 1: 160 evals, 2228.6s elapsed, c̃=0.8269904833, g_norm=1.37e-01
  p=11 start 1: 163 evals, 2270.9s elapsed, c̃=0.8291455261, g_norm=1.16e-01
  p=11 start 1: 166 evals, 2312.9s elapsed, c̃=0.8346611882, g_norm=8.41e-02
  p=11 start 1: 169 evals, 2355.3s elapsed, c̃=0.8251041007, g_norm=2.08e-01
  p=11 start 1: 172 evals, 2397.2s elapsed, c̃=0.8278256369, g_norm=1.01e-01
  p=11 start 1: 175 evals, 2439.0s elapsed, c̃=0.8289458366, g_norm=9.37e-02
  p=11 start 1: 178 evals, 2481.4s elapsed, c̃=0.8294414257, g_norm=2.63e-01
  p=11 start 1: 181 evals, 2524.2s elapsed, c̃=0.8291051556, g_norm=7.67e-02
  p=11 start 1: 184 evals, 2566.2s elapsed, c̃=0.8316698694, g_norm=3.30e-01
  p=11 start 1: 187 evals, 2608.0s elapsed, c̃=0.8274419117, g_norm=1.50e-01
  p=11 start 1: 190 evals, 2650.0s elapsed, c̃=0.8250321060, g_norm=1.91e-01
  p=11 start 1: 193 evals, 2692.0s elapsed, c̃=0.8364441131, g_norm=2.06e-01
  p=11 start 1: 196 evals, 2733.9s elapsed, c̃=0.8311619697, g_norm=2.22e-01
  p=11 start 1: 199 evals, 2776.8s elapsed, c̃=0.8334167562, g_norm=1.68e-01
  p=11 start 1: 202 evals, 2819.1s elapsed, c̃=0.8311619697, g_norm=2.22e-01
  p=11 start 1: 205 evals, 2861.5s elapsed, c̃=0.8243644486, g_norm=1.80e-01
  p=11 start 1: 208 evals, 2904.1s elapsed, c̃=0.8322463001, g_norm=1.00e-01
  p=11 start 1: 211 evals, 2947.0s elapsed, c̃=0.8209671840, g_norm=1.14e-01
  p=11 start 1: 214 evals, 2989.0s elapsed, c̃=0.8293457692, g_norm=9.21e-02
  p=11 start 1: 217 evals, 3031.3s elapsed, c̃=0.8257620593, g_norm=1.52e-01
  p=11 start 1: 220 evals, 3073.8s elapsed, c̃=0.8248738494, g_norm=1.35e-01
  p=11 start 1: 223 evals, 3116.2s elapsed, c̃=0.8271027754, g_norm=1.27e-01
  p=11 start 1: 226 evals, 3158.2s elapsed, c̃=0.8300656858, g_norm=1.35e-01
  p=11 start 1: 229 evals, 3200.6s elapsed, c̃=0.8268709726, g_norm=3.08e-01
  p=11 start 1: 232 evals, 3242.7s elapsed, c̃=0.8287157959, g_norm=1.73e-01
  p=11 start 1: 235 evals, 3284.7s elapsed, c̃=0.8258255569, g_norm=1.23e-01
  p=11 start 1: 238 evals, 3326.5s elapsed, c̃=0.8338261186, g_norm=1.31e-01
  p=11 start 1: 241 evals, 3369.0s elapsed, c̃=0.8269043925, g_norm=8.39e-02
  p=11 start 1: 244 evals, 3411.3s elapsed, c̃=0.8312695403, g_norm=1.98e-01
  p=11 start 1: 247 evals, 3453.2s elapsed, c̃=0.8318081085, g_norm=1.66e-01
  p=11 start 1: 250 evals, 3495.0s elapsed, c̃=0.8315508817, g_norm=7.84e-02
  p=11 start 1: 253 evals, 3536.8s elapsed, c̃=0.8331569055, g_norm=9.81e-02
  p=11 start 1: 256 evals, 3579.3s elapsed, c̃=0.8243966293, g_norm=1.13e-01
  p=11 start 1: 259 evals, 3621.3s elapsed, c̃=0.8250206041, g_norm=1.60e-01
  p=11 start 1: 262 evals, 3663.5s elapsed, c̃=0.8280738968, g_norm=1.22e-01
  p=11 start 1: 265 evals, 3705.3s elapsed, c̃=0.8242000718, g_norm=1.03e-01
  p=11 start 1: 268 evals, 3747.6s elapsed, c̃=0.8268679268, g_norm=1.17e-01
  p=11 start 1: 271 evals, 3789.6s elapsed, c̃=0.8299611435, g_norm=2.61e-01
  p=11 start 1: 274 evals, 3832.0s elapsed, c̃=0.8245640430, g_norm=1.51e-01
  p=11 start 1: 277 evals, 3874.1s elapsed, c̃=0.8339241378, g_norm=9.28e-02
  p=11 start 1: 280 evals, 3916.1s elapsed, c̃=0.8272459886, g_norm=1.46e-01
  p=11 start 1: 283 evals, 3958.3s elapsed, c̃=0.8259459581, g_norm=1.96e-01
  p=11 start 1: 286 evals, 4000.2s elapsed, c̃=0.8316062253, g_norm=1.38e-01
  p=11 start 1: 289 evals, 4042.7s elapsed, c̃=0.8279886272, g_norm=1.72e-01
  p=11 start 1: 292 evals, 4085.2s elapsed, c̃=0.8293324631, g_norm=1.28e-01
  p=11 start 1: 295 evals, 4127.2s elapsed, c̃=0.8319376555, g_norm=1.13e-01
  p=11 start 1: 298 evals, 4169.1s elapsed, c̃=0.8280044472, g_norm=9.92e-02
  p=11 start 1: 301 evals, 4211.5s elapsed, c̃=0.8330365931, g_norm=3.28e-01
  p=11 start 1: 304 evals, 4254.0s elapsed, c̃=0.8339241378, g_norm=9.28e-02
  p=11 start 1: 307 evals, 4296.2s elapsed, c̃=0.8293583746, g_norm=1.26e-01
  p=11 start 1: 310 evals, 4338.4s elapsed, c̃=0.8376333477, g_norm=2.86e-01
  p=11 start 1: 313 evals, 4380.6s elapsed, c̃=0.8237759916, g_norm=5.79e-02
  p=11 start 1: 316 evals, 4423.0s elapsed, c̃=0.8261680773, g_norm=1.51e-01
  p=11 start 1: 319 evals, 4465.4s elapsed, c̃=0.8313336345, g_norm=1.63e-01
  p=11 start 1: 322 evals, 4507.4s elapsed, c̃=0.8264604770, g_norm=9.54e-02
  p=11 start 1: 325 evals, 4549.9s elapsed, c̃=0.8276158254, g_norm=1.22e-01
  p=11 start 1: 328 evals, 4592.0s elapsed, c̃=0.8306736981, g_norm=6.93e-02
  p=11 start 1: 331 evals, 4633.8s elapsed, c̃=0.8281664621, g_norm=2.11e-01
  p=11 start 1: 334 evals, 4676.6s elapsed, c̃=0.8309233809, g_norm=6.69e-02
  p=11 start 1: 337 evals, 4718.9s elapsed, c̃=0.8264558159, g_norm=1.13e-01
  p=11 start 1: 340 evals, 4760.9s elapsed, c̃=0.8294184083, g_norm=2.45e-01
  p=11 start 1: 343 evals, 4803.3s elapsed, c̃=0.8225857817, g_norm=2.43e-01
  p=11 start 1: 346 evals, 4845.1s elapsed, c̃=0.8271287150, g_norm=1.05e-01
  p=11 start 1: 349 evals, 4887.1s elapsed, c̃=0.8292792164, g_norm=1.12e-01
  p=11 start 1: 352 evals, 4929.5s elapsed, c̃=0.8276119960, g_norm=1.20e-01
  p=11 start 1: 355 evals, 4971.3s elapsed, c̃=0.8271430636, g_norm=8.04e-02
  p=11 start 1: 358 evals, 5013.7s elapsed, c̃=0.8295478266, g_norm=1.69e-01
  p=11 start 1: 361 evals, 5056.5s elapsed, c̃=0.8301206774, g_norm=1.84e-01
  p=11 start 1: 364 evals, 5098.5s elapsed, c̃=0.8368394605, g_norm=1.79e-01
  p=11 start 1: 367 evals, 5140.9s elapsed, c̃=0.8357074094, g_norm=1.94e-01
  p=11 start 1: 370 evals, 5183.3s elapsed, c̃=0.8351270126, g_norm=1.55e-01
  p=11 start 1: 373 evals, 5225.2s elapsed, c̃=0.8357074094, g_norm=1.94e-01
  p=11 start 1: 376 evals, 5267.2s elapsed, c̃=0.8351270126, g_norm=1.55e-01
  p=11 start 1: 379 evals, 5309.1s elapsed, c̃=0.8357074094, g_norm=1.94e-01
  p=11 start 1: 382 evals, 5351.2s elapsed, c̃=0.8351270126, g_norm=1.55e-01
  p=11 start 1: 385 evals, 5393.6s elapsed, c̃=0.8357074094, g_norm=1.94e-01
  p=11 start 1: 388 evals, 5435.6s elapsed, c̃=0.8351270126, g_norm=1.55e-01
  p=11 start 1: 391 evals, 5478.2s elapsed, c̃=0.8357074094, g_norm=1.94e-01
  p=11 start 1: 394 evals, 5520.5s elapsed, c̃=0.8351270126, g_norm=1.55e-01
  p=11 start 1: 397 evals, 5562.6s elapsed, c̃=0.8357074094, g_norm=1.94e-01
  p=11 start 1: 400 evals, 5605.1s elapsed, c̃=0.8280543840, g_norm=1.60e-01
  p=11 start 1: 403 evals, 5647.0s elapsed, c̃=0.8330145891, g_norm=1.73e-01
  p=11 start 1: 406 evals, 5688.8s elapsed, c̃=0.8251429802, g_norm=1.54e-01
  p=11 start 1: 409 evals, 5731.7s elapsed, c̃=0.8291618868, g_norm=1.07e-01
  p=11 start 1: 412 evals, 5774.0s elapsed, c̃=0.8245957118, g_norm=1.08e-01
  p=11 start 1: 415 evals, 5816.4s elapsed, c̃=0.8322162996, g_norm=8.06e-02
  p=11 start 1: 418 evals, 5858.3s elapsed, c̃=0.8347867319, g_norm=1.27e-01
  p=11 start 1: 421 evals, 5900.6s elapsed, c̃=0.8242001770, g_norm=9.91e-02
  p=11 start 1: 424 evals, 5943.5s elapsed, c̃=0.8207918774, g_norm=8.96e-02
  p=11 start 1: 427 evals, 5985.4s elapsed, c̃=0.8282951038, g_norm=1.39e-01
  p=11 start 1: 430 evals, 6027.3s elapsed, c̃=0.8281906337, g_norm=1.53e-01
  p=11 start 1: 433 evals, 6069.3s elapsed, c̃=0.8329620257, g_norm=1.85e-01
  p=11 start 1: 436 evals, 6111.5s elapsed, c̃=0.8302570267, g_norm=1.30e-01
  p=11 start 1: 439 evals, 6153.2s elapsed, c̃=0.8253857717, g_norm=9.72e-02
  p=11 start 1: 442 evals, 6195.7s elapsed, c̃=0.8273159222, g_norm=1.09e-01
  p=11 start 1: 445 evals, 6238.1s elapsed, c̃=0.8297319084, g_norm=1.43e-01
  p=11 start 1: 448 evals, 6279.8s elapsed, c̃=0.8345272156, g_norm=9.41e-02
  p=11 start 1: 451 evals, 6321.8s elapsed, c̃=0.8351270126, g_norm=1.55e-01
  p=11 start 1: 454 evals, 6364.5s elapsed, c̃=0.8357074094, g_norm=1.94e-01
  p=11 start 1: 457 evals, 6406.5s elapsed, c̃=0.8351270126, g_norm=1.55e-01
  p=11 start 1: 460 evals, 6448.6s elapsed, c̃=0.8357074094, g_norm=1.94e-01
  p=11 start 1: 463 evals, 6490.6s elapsed, c̃=0.8351270126, g_norm=1.55e-01
  p=11 start 1: 466 evals, 6532.6s elapsed, c̃=0.8357074094, g_norm=1.94e-01
  p=11 start 1: 469 evals, 6574.7s elapsed, c̃=0.8351270126, g_norm=1.55e-01
  p=11 start 1: 472 evals, 6616.6s elapsed, c̃=0.8357074094, g_norm=1.94e-01
  p=11 start 1: 475 evals, 6658.5s elapsed, c̃=0.8351270126, g_norm=1.55e-01
  p=12 start 1: 2 evals, 62.6s elapsed, c̃=0.9081035833, g_norm=2.06e+00
  p=12 start 1: 3 evals, 129.0s elapsed, c̃=0.5000002842, g_norm=6.23e-06
  p=12 start 1: 4 evals, 195.9s elapsed, c̃=0.5022971415, g_norm=2.69e-02
  p=12 start 1: 5 evals, 262.7s elapsed, c̃=0.5024659354, g_norm=3.73e-02
  p=12 start 1: 6 evals, 329.7s elapsed, c̃=0.5038428785, g_norm=5.35e-02
  p=12 start 1: 7 evals, 396.4s elapsed, c̃=0.5643497215, g_norm=6.74e-01
slurmstepd: error: *** JOB 987282 ON swift-c3dnodeset-9 CANCELLED AT 2026-04-01T02:19:04 ***
slurmstepd: error: *** STEP 987282.0 ON swift-c3dnodeset-9 CANCELLED AT 2026-04-01T02:19:04 ***
