Precompiling packages...
    QaoaXorsat Being precompiled by another process (pid: 0, pidfile: /home/stephenjordan_google_com/.julia/compiled/v1.12/QaoaXorsat/qgVWo_H0iNu.ji.pidfile)
  81500.6 ms  ✓ QaoaXorsat
  1 dependency successfully precompiled in 87 seconds. 52 already precompiled.
preserved run_id=20260401T022626-k3-d6-p11-15-r2-i320-s1234
preserved directory=/home/stephenjordan_google_com/qaoa-xorsat/scripts/../.project/results/optimization/runs/20260401T022626-k3-d6-p11-15-r2-i320-s1234
resuming from: /home/stephenjordan_google_com/qaoa-xorsat/.project/results/optimization/runs/20260331T232833-k3-d6-p1-15-r2-i320-s1234
warm-start from p=10: c̃=0.801874702300
[ Info: JIT warmup...
[ Info: JIT warmup complete, starting sweep
  p=11 start 1: 3 evals, 31.2s elapsed, c̃=0.6490226346, g_norm=6.12e-01
  p=11 start 1: 5 evals, 62.2s elapsed, c̃=0.8047774035, g_norm=3.13e-02
  p=11 start 1: 7 evals, 94.1s elapsed, c̃=0.8048102134, g_norm=2.29e-02
  p=11 start 1: 9 evals, 124.7s elapsed, c̃=0.8050893816, g_norm=3.79e-02
  p=11 start 1: 11 evals, 155.8s elapsed, c̃=0.8054989889, g_norm=2.26e-02
  p=11 start 1: 13 evals, 186.8s elapsed, c̃=0.8057504901, g_norm=2.51e-02
  p=11 start 1: 15 evals, 217.8s elapsed, c̃=0.8060714252, g_norm=1.87e-02
  p=11 start 1: 17 evals, 248.4s elapsed, c̃=0.8051848134, g_norm=8.03e-02
  p=11 start 1: 19 evals, 279.2s elapsed, c̃=0.8063450814, g_norm=1.67e-02
  p=11 start 1: 21 evals, 310.9s elapsed, c̃=0.8043636102, g_norm=8.09e-02
  p=11 start 1: 23 evals, 341.2s elapsed, c̃=0.8064507798, g_norm=8.25e-03
  p=11 start 1: 25 evals, 371.5s elapsed, c̃=0.8065169219, g_norm=5.64e-03
  p=11 start 1: 27 evals, 402.9s elapsed, c̃=0.8064484222, g_norm=7.65e-03
  p=11 start 1: 29 evals, 433.9s elapsed, c̃=0.8065878654, g_norm=1.39e-02
  p=11 start 1: 31 evals, 465.0s elapsed, c̃=0.8065221862, g_norm=6.67e-03
  p=11 start 1: 33 evals, 496.0s elapsed, c̃=0.8066100983, g_norm=5.57e-03
  p=11 start 1: 35 evals, 527.1s elapsed, c̃=0.8066169170, g_norm=6.66e-03
  p=11 start 1: 37 evals, 557.7s elapsed, c̃=0.8065725088, g_norm=8.16e-03
  p=11 start 1: 39 evals, 588.9s elapsed, c̃=0.8065581017, g_norm=9.77e-03
  p=11 start 1: 41 evals, 619.5s elapsed, c̃=0.8065547975, g_norm=7.21e-03
  p=11 start 1: 43 evals, 649.9s elapsed, c̃=0.8065534830, g_norm=1.17e-02
  p=11 start 1: 45 evals, 680.8s elapsed, c̃=0.8065497254, g_norm=7.19e-03
  p=11 start 1: 47 evals, 711.3s elapsed, c̃=0.8066052963, g_norm=9.11e-03
  p=11 start 1: 49 evals, 742.0s elapsed, c̃=0.8065414845, g_norm=1.11e-02
  p=11 start 1: 51 evals, 772.5s elapsed, c̃=0.8066299613, g_norm=6.29e-03
  p=11 start 1: 53 evals, 803.2s elapsed, c̃=0.8066554967, g_norm=9.24e-03
  p=11 start 1: 55 evals, 833.5s elapsed, c̃=0.8066073812, g_norm=3.19e-03
  p=11 start 1: 57 evals, 864.4s elapsed, c̃=0.8066521936, g_norm=5.77e-03
  p=11 start 1: 59 evals, 895.4s elapsed, c̃=0.8066960890, g_norm=4.04e-03
  p=11 start 1: 61 evals, 926.9s elapsed, c̃=0.8066582622, g_norm=3.96e-03
  p=11 start 1: 63 evals, 958.2s elapsed, c̃=0.8066949106, g_norm=5.35e-03
  p=11 start 1: 65 evals, 989.3s elapsed, c̃=0.8066510921, g_norm=7.03e-03
  p=11 start 1: 67 evals, 1019.7s elapsed, c̃=0.8065872394, g_norm=3.08e-03
  p=11 start 1: 69 evals, 1050.5s elapsed, c̃=0.8065975722, g_norm=2.89e-03
  p=11 start 1: 71 evals, 1080.9s elapsed, c̃=0.8066671397, g_norm=3.81e-03
  p=11 start 1: 73 evals, 1111.6s elapsed, c̃=0.8066295518, g_norm=5.25e-03
  p=11 start 1: 75 evals, 1142.4s elapsed, c̃=0.8066567086, g_norm=3.92e-03
  p=11 start 1: 77 evals, 1173.7s elapsed, c̃=0.8065966630, g_norm=3.86e-03
  p=11 start 1: 79 evals, 1205.5s elapsed, c̃=0.8066067463, g_norm=5.74e-03
  p=11 start 1: 81 evals, 1236.6s elapsed, c̃=0.8066292522, g_norm=3.75e-03
  p=11 start 1: 83 evals, 1267.9s elapsed, c̃=0.8066550149, g_norm=6.49e-03
  p=11 start 1: 86 evals, 1312.9s elapsed, c̃=0.8066407044, g_norm=3.66e-03
  p=11 start 1: 88 evals, 1343.8s elapsed, c̃=0.8066086105, g_norm=5.05e-03
  p=11 start 1: 90 evals, 1374.3s elapsed, c̃=0.8066622601, g_norm=2.52e-03
  p=11 start 1: 92 evals, 1405.2s elapsed, c̃=0.8066684921, g_norm=4.39e-03
  p=11 start 1: 94 evals, 1436.2s elapsed, c̃=0.8066501579, g_norm=2.88e-03
  p=11 start 1: 96 evals, 1466.9s elapsed, c̃=0.8066228925, g_norm=4.05e-03
  p=11 start 1: 98 evals, 1498.5s elapsed, c̃=0.8066468993, g_norm=3.75e-03
  p=11 start 1: 100 evals, 1529.3s elapsed, c̃=0.8066526582, g_norm=3.18e-03
  p=11 start 1: 102 evals, 1559.6s elapsed, c̃=0.8066583554, g_norm=5.90e-03
  p=11 start 1: 104 evals, 1590.3s elapsed, c̃=0.8066583554, g_norm=5.90e-03
  p=11 start 1: 106 evals, 1621.5s elapsed, c̃=0.8066583554, g_norm=5.90e-03
  p=11 start 1: 108 evals, 1652.2s elapsed, c̃=0.8066378701, g_norm=2.81e-03
  p=11 start 1: 110 evals, 1683.5s elapsed, c̃=0.8066132071, g_norm=5.94e-03
  p=11 start 1: 112 evals, 1714.1s elapsed, c̃=0.8066336124, g_norm=4.66e-03
  p=11 start 1: 114 evals, 1744.7s elapsed, c̃=0.8066526688, g_norm=4.16e-03
  p=11 start 1: 116 evals, 1775.5s elapsed, c̃=0.8066672385, g_norm=3.36e-03
  p=11 start 1: 118 evals, 1806.7s elapsed, c̃=0.8066239801, g_norm=4.84e-03
  p=11 start 1: 120 evals, 1837.8s elapsed, c̃=0.8066012601, g_norm=6.39e-03
  p=11 start 1: 123 evals, 1882.7s elapsed, c̃=0.8066442967, g_norm=1.13e-02
  p=11 start 1: 125 evals, 1913.4s elapsed, c̃=0.8066169234, g_norm=4.04e-03
  p=11 start 1: 127 evals, 1943.8s elapsed, c̃=0.8066061558, g_norm=3.12e-03
  p=11 start 1: 129 evals, 1975.1s elapsed, c̃=0.8066265976, g_norm=3.50e-03
  p=11 start 1: 131 evals, 2005.3s elapsed, c̃=0.8066748838, g_norm=3.72e-03
  p=11 start 1: 133 evals, 2035.6s elapsed, c̃=0.8066640332, g_norm=2.07e-03
  p=11 start 1: 135 evals, 2065.7s elapsed, c̃=0.8066140586, g_norm=4.58e-03
  p=11 start 1: 137 evals, 2096.7s elapsed, c̃=0.8066688743, g_norm=3.54e-03
  p=11 start 1: 139 evals, 2127.5s elapsed, c̃=0.8066498040, g_norm=2.20e-03
  p=11 start 1: 141 evals, 2158.0s elapsed, c̃=0.8066751025, g_norm=6.70e-03
  p=11 start 1: 143 evals, 2189.5s elapsed, c̃=0.8066543319, g_norm=3.19e-03
  p=11 start 1: 145 evals, 2220.2s elapsed, c̃=0.8066768084, g_norm=2.76e-03
  p=11 start 1: 147 evals, 2251.1s elapsed, c̃=0.8066667067, g_norm=3.38e-03
  p=11 start 1: 149 evals, 2281.1s elapsed, c̃=0.8066470368, g_norm=6.18e-03
  p=11 start 1: 151 evals, 2311.6s elapsed, c̃=0.8066273519, g_norm=3.04e-03
  p=11 start 1: 153 evals, 2342.8s elapsed, c̃=0.8066256780, g_norm=5.57e-03
  p=11 start 1: 155 evals, 2373.3s elapsed, c̃=0.8066558921, g_norm=4.81e-03
  p=11 start 1: 157 evals, 2403.7s elapsed, c̃=0.8066558921, g_norm=4.81e-03
  p=11 start 1: 159 evals, 2433.7s elapsed, c̃=0.8066558921, g_norm=4.81e-03
  p=11 start 1: 161 evals, 2464.3s elapsed, c̃=0.8066558921, g_norm=4.81e-03
  p=11 start 1: 163 evals, 2494.9s elapsed, c̃=0.8065911309, g_norm=3.33e-03
  p=11 start 1: 165 evals, 2525.2s elapsed, c̃=0.8066402888, g_norm=2.80e-03
  p=11 start 1: 167 evals, 2556.3s elapsed, c̃=0.8067230829, g_norm=2.83e-03
  p=11 start 1: 169 evals, 2587.1s elapsed, c̃=0.8066296399, g_norm=2.70e-03
  p=11 start 1: 171 evals, 2617.9s elapsed, c̃=0.8065808467, g_norm=3.88e-03
  p=11 start 1: 173 evals, 2649.5s elapsed, c̃=0.8066235323, g_norm=2.22e-03
  p=11 start 1: 175 evals, 2680.0s elapsed, c̃=0.8066765998, g_norm=2.60e-03
  p=11 start 1: 177 evals, 2711.1s elapsed, c̃=0.8066253980, g_norm=4.00e-03
  p=11 start 1: 179 evals, 2741.5s elapsed, c̃=0.8066182973, g_norm=2.38e-03
  p=11 start 1: 181 evals, 2772.2s elapsed, c̃=0.8066525826, g_norm=4.23e-03
  p=11 start 1: 183 evals, 2802.9s elapsed, c̃=0.8065867327, g_norm=2.72e-03
  p=11 start 1: 185 evals, 2834.3s elapsed, c̃=0.8066710641, g_norm=4.00e-03
  p=11 start 1: 187 evals, 2865.6s elapsed, c̃=0.8066543163, g_norm=6.40e-03
  p=11 start 1: 189 evals, 2896.3s elapsed, c̃=0.8066523866, g_norm=2.11e-03
  p=11 start 1: 191 evals, 2926.6s elapsed, c̃=0.8066490648, g_norm=4.15e-03
  p=11 start 1: 193 evals, 2957.6s elapsed, c̃=0.8065912517, g_norm=2.61e-03
  p=11 start 1: 195 evals, 2987.9s elapsed, c̃=0.8066439794, g_norm=4.40e-03
  p=11 start 1: 197 evals, 3018.5s elapsed, c̃=0.8066702596, g_norm=4.01e-03
  p=11 start 1: 199 evals, 3049.5s elapsed, c̃=0.8066254078, g_norm=2.18e-03
  p=11 start 1: 201 evals, 3079.9s elapsed, c̃=0.8066602740, g_norm=4.30e-03
  p=11 start 1: 203 evals, 3110.7s elapsed, c̃=0.8066097779, g_norm=4.01e-03
  p=11 start 1: 205 evals, 3141.8s elapsed, c̃=0.8066599971, g_norm=3.82e-03
  p=11 start 1: 207 evals, 3172.3s elapsed, c̃=0.8066878132, g_norm=4.17e-03
  p=11 start 1: 209 evals, 3203.3s elapsed, c̃=0.8066515259, g_norm=3.57e-03
  p=11 start 1: 211 evals, 3233.8s elapsed, c̃=0.8066296150, g_norm=2.69e-03
  p=11 start 1: 213 evals, 3265.0s elapsed, c̃=0.8066909664, g_norm=3.55e-03
  p=11 start 1: 215 evals, 3295.6s elapsed, c̃=0.8067230829, g_norm=2.83e-03
  p=11 start 1: 217 evals, 3326.5s elapsed, c̃=0.8067438254, g_norm=3.29e-03
  p=11 start 1: 219 evals, 3357.5s elapsed, c̃=0.8067438254, g_norm=3.29e-03
  p=11 start 1: 221 evals, 3387.6s elapsed, c̃=0.8067438254, g_norm=3.29e-03
  p=11 start 1: 223 evals, 3418.0s elapsed, c̃=0.8067438254, g_norm=3.29e-03
  p=11 start 1: 225 evals, 3449.7s elapsed, c̃=0.8067438254, g_norm=3.29e-03
  p=11 start 1: 227 evals, 3480.8s elapsed, c̃=0.8067438254, g_norm=3.29e-03
  p=11 start 1: 229 evals, 3511.1s elapsed, c̃=0.8067438254, g_norm=3.29e-03
  p=11 start 1: 231 evals, 3541.6s elapsed, c̃=0.8067438254, g_norm=3.29e-03
  p=11 start 1: 233 evals, 3572.1s elapsed, c̃=0.8067438254, g_norm=3.29e-03
  p=11 start 1: 235 evals, 3602.5s elapsed, c̃=0.8067438254, g_norm=3.29e-03
  p=11 start 1: 238 evals, 3647.9s elapsed, c̃=0.8067036224, g_norm=3.13e-03
  p=11 start 1: 240 evals, 3678.3s elapsed, c̃=0.8067036224, g_norm=3.13e-03
  p=11 start 1: 242 evals, 3709.2s elapsed, c̃=0.8067036224, g_norm=3.13e-03
  p=11 start 1: 244 evals, 3740.4s elapsed, c̃=0.8063740161, g_norm=2.87e-02
  p=11 start 1: 246 evals, 3771.7s elapsed, c̃=0.8066641464, g_norm=2.29e-03
  p=11 start 1: 248 evals, 3803.5s elapsed, c̃=0.8066897891, g_norm=1.48e-03
  p=11 start 1: 250 evals, 3834.9s elapsed, c̃=0.8066374476, g_norm=1.61e-03
  p=11 start 1: 252 evals, 3865.3s elapsed, c̃=0.8066466141, g_norm=2.90e-03
  p=11 start 1: 254 evals, 3896.7s elapsed, c̃=0.8066169974, g_norm=3.11e-03
  p=11 start 1: 256 evals, 3927.7s elapsed, c̃=0.8065723841, g_norm=3.53e-03
  p=11 start 1: 258 evals, 3958.5s elapsed, c̃=0.8066766621, g_norm=1.61e-03
  p=11 start 1: 260 evals, 3988.9s elapsed, c̃=0.8065906281, g_norm=2.25e-03
  p=11 start 1: 262 evals, 4019.7s elapsed, c̃=0.8066254957, g_norm=1.95e-03
  p=11 start 1: 264 evals, 4050.2s elapsed, c̃=0.8066961604, g_norm=3.84e-03
  p=11 start 1: 266 evals, 4081.6s elapsed, c̃=0.8066403368, g_norm=3.90e-03
  p=11 start 1: 268 evals, 4112.8s elapsed, c̃=0.8066724380, g_norm=3.33e-03
  p=11 start 1: 270 evals, 4143.6s elapsed, c̃=0.8066704310, g_norm=2.35e-03
  p=11 start 1: 272 evals, 4174.4s elapsed, c̃=0.8066104052, g_norm=3.28e-03
  p=11 start 1: 274 evals, 4205.3s elapsed, c̃=0.8066534857, g_norm=4.12e-03
  p=11 start 1: 276 evals, 4235.7s elapsed, c̃=0.8066463804, g_norm=4.15e-03
  p=11 start 1: 278 evals, 4266.5s elapsed, c̃=0.8066481530, g_norm=2.86e-03
  p=11 start 1: 280 evals, 4297.1s elapsed, c̃=0.8066243838, g_norm=3.04e-03
  p=11 start 1: 282 evals, 4327.8s elapsed, c̃=0.8066244350, g_norm=4.17e-03
  p=11 start 1: 284 evals, 4357.8s elapsed, c̃=0.8066499809, g_norm=2.33e-03
  p=11 start 1: 286 evals, 4388.2s elapsed, c̃=0.8066865186, g_norm=1.89e-03
  p=11 start 1: 288 evals, 4419.5s elapsed, c̃=0.8066771752, g_norm=3.03e-03
  p=11 start 1: 290 evals, 4450.3s elapsed, c̃=0.8067022394, g_norm=3.13e-03
  p=11 start 1: 292 evals, 4481.1s elapsed, c̃=0.8067438254, g_norm=3.29e-03
  p=11 start 1: 294 evals, 4511.5s elapsed, c̃=0.8067036224, g_norm=3.13e-03
  p=11 start 1: 296 evals, 4541.7s elapsed, c̃=0.8067036224, g_norm=3.13e-03
  p=11 start 1: 298 evals, 4573.0s elapsed, c̃=0.8067036224, g_norm=3.13e-03
  p=11 start 1: 300 evals, 4604.6s elapsed, c̃=0.8067036224, g_norm=3.13e-03
  p=11 start 1: 302 evals, 4634.9s elapsed, c̃=0.8067036224, g_norm=3.13e-03
  p=11 start 1: 304 evals, 4666.5s elapsed, c̃=0.8067036224, g_norm=3.13e-03
  p=11 start 1: 306 evals, 4697.1s elapsed, c̃=0.8067036224, g_norm=3.13e-03
  p=11 start 1: 308 evals, 4727.5s elapsed, c̃=0.8067036224, g_norm=3.13e-03
  p=11 start 1: 310 evals, 4757.9s elapsed, c̃=0.8067036224, g_norm=3.13e-03
  p=11 start 1: 312 evals, 4788.7s elapsed, c̃=0.8067036224, g_norm=3.13e-03
  p=11 start 1: 314 evals, 4819.3s elapsed, c̃=0.8067036224, g_norm=3.13e-03
  p=11 start 1: 316 evals, 4851.0s elapsed, c̃=0.8067036224, g_norm=3.13e-03
  p=11 start 1: 318 evals, 4882.2s elapsed, c̃=0.8067036224, g_norm=3.13e-03
  p=11 start 1: 320 evals, 4913.2s elapsed, c̃=0.8067036224, g_norm=3.13e-03
  p=11 start 1: 322 evals, 4943.3s elapsed, c̃=0.8067036224, g_norm=3.13e-03
  p=12 start 1: 2 evals, 66.3s elapsed, c̃=0.8033426246, g_norm=1.96e-01
  p=12 start 1: 3 evals, 134.6s elapsed, c̃=0.6487293077, g_norm=6.15e-01
  p=12 start 1: 4 evals, 202.7s elapsed, c̃=0.8059812711, g_norm=1.41e-01
  p=12 start 1: 5 evals, 270.7s elapsed, c̃=0.8089921712, g_norm=3.25e-02
  p=12 start 1: 6 evals, 338.7s elapsed, c̃=0.7695887858, g_norm=4.72e-01
  p=12 start 1: 7 evals, 406.9s elapsed, c̃=0.8086908337, g_norm=4.06e-02
  p=12 start 1: 8 evals, 475.9s elapsed, c̃=0.8088838131, g_norm=1.89e-02
  p=12 start 1: 9 evals, 545.5s elapsed, c̃=0.8076820476, g_norm=6.89e-02
  p=12 start 1: 10 evals, 615.2s elapsed, c̃=0.8091372502, g_norm=1.96e-02
  p=12 start 1: 11 evals, 683.7s elapsed, c̃=0.8091813561, g_norm=2.77e-02
  p=12 start 1: 12 evals, 751.9s elapsed, c̃=0.8072406046, g_norm=8.31e-02
  p=12 start 1: 13 evals, 821.3s elapsed, c̃=0.8091060694, g_norm=1.77e-02
  p=12 start 1: 14 evals, 891.5s elapsed, c̃=0.8096690227, g_norm=1.91e-02
  p=12 start 1: 15 evals, 961.3s elapsed, c̃=0.8092525507, g_norm=1.79e-02
  p=12 start 1: 16 evals, 1029.9s elapsed, c̃=0.8093723671, g_norm=4.44e-02
  p=12 start 1: 17 evals, 1099.6s elapsed, c̃=0.8090701003, g_norm=2.08e-02
  p=12 start 1: 18 evals, 1170.0s elapsed, c̃=0.8091111570, g_norm=2.95e-02
  p=12 start 1: 19 evals, 1241.8s elapsed, c̃=0.8098236304, g_norm=4.85e-02
  p=12 start 1: 20 evals, 1313.5s elapsed, c̃=0.8092757769, g_norm=3.30e-02
  p=12 start 1: 21 evals, 1387.2s elapsed, c̃=0.8096883029, g_norm=2.37e-02
  p=12 start 1: 22 evals, 1461.8s elapsed, c̃=0.8089843100, g_norm=2.31e-02
  p=12 start 1: 23 evals, 1533.5s elapsed, c̃=0.8092763025, g_norm=1.72e-02
  p=12 start 1: 24 evals, 1604.1s elapsed, c̃=0.8093604073, g_norm=3.84e-02
  p=12 start 1: 25 evals, 1675.3s elapsed, c̃=0.8090181061, g_norm=3.86e-02
  p=12 start 1: 26 evals, 1747.1s elapsed, c̃=0.8092284780, g_norm=2.64e-02
  p=12 start 1: 27 evals, 1818.1s elapsed, c̃=0.8096576982, g_norm=4.11e-02
  p=12 start 1: 28 evals, 1890.1s elapsed, c̃=0.8092939133, g_norm=3.62e-02
  p=12 start 1: 29 evals, 1963.2s elapsed, c̃=0.8091655426, g_norm=1.54e-02
  p=12 start 1: 30 evals, 2034.0s elapsed, c̃=0.8092082980, g_norm=2.25e-02
  p=12 start 1: 31 evals, 2104.6s elapsed, c̃=0.8091739024, g_norm=3.99e-02
  p=12 start 1: 32 evals, 2175.0s elapsed, c̃=0.8087147286, g_norm=1.81e-02
  p=12 start 1: 33 evals, 2246.4s elapsed, c̃=0.8089935367, g_norm=2.77e-02
  p=12 start 1: 34 evals, 2318.1s elapsed, c̃=0.8093042352, g_norm=2.54e-02
  p=12 start 1: 35 evals, 2388.5s elapsed, c̃=0.8085265658, g_norm=2.46e-02
  p=12 start 1: 36 evals, 2459.6s elapsed, c̃=0.8087536733, g_norm=3.38e-02
  p=12 start 1: 37 evals, 2533.6s elapsed, c̃=0.8091627118, g_norm=3.04e-02
  p=12 start 1: 38 evals, 2607.9s elapsed, c̃=0.8092415262, g_norm=1.81e-02
  p=12 start 1: 39 evals, 2679.2s elapsed, c̃=0.8095951673, g_norm=2.17e-02
  p=12 start 1: 40 evals, 2749.9s elapsed, c̃=0.8095903509, g_norm=3.47e-02
  p=12 start 1: 41 evals, 2820.6s elapsed, c̃=0.8090825628, g_norm=2.26e-02
  p=12 start 1: 42 evals, 2891.2s elapsed, c̃=0.8094199041, g_norm=2.65e-02
  p=12 start 1: 43 evals, 2961.7s elapsed, c̃=0.8093457879, g_norm=3.64e-02
  p=12 start 1: 44 evals, 3036.7s elapsed, c̃=0.8091080290, g_norm=3.48e-02
  p=12 start 1: 45 evals, 3107.2s elapsed, c̃=0.8089677218, g_norm=1.70e-02
  p=12 start 1: 46 evals, 3177.9s elapsed, c̃=0.8097972524, g_norm=3.78e-02
  p=12 start 1: 47 evals, 3253.8s elapsed, c̃=0.8088524123, g_norm=2.60e-02
  p=12 start 1: 48 evals, 3324.3s elapsed, c̃=0.8089015188, g_norm=2.98e-02
  p=12 start 1: 49 evals, 3397.6s elapsed, c̃=0.8090118150, g_norm=1.57e-02
  p=12 start 1: 50 evals, 3468.2s elapsed, c̃=0.8089712279, g_norm=3.96e-02
  p=12 start 1: 51 evals, 3539.7s elapsed, c̃=0.8089423744, g_norm=1.93e-02
  p=12 start 1: 52 evals, 3610.2s elapsed, c̃=0.8095924762, g_norm=3.84e-02
  p=12 start 1: 53 evals, 3683.9s elapsed, c̃=0.8090154809, g_norm=3.05e-02
  p=12 start 1: 54 evals, 3754.1s elapsed, c̃=0.8093475986, g_norm=2.80e-02
  p=12 start 1: 55 evals, 3828.2s elapsed, c̃=0.8094641494, g_norm=3.42e-02
  p=12 start 1: 56 evals, 3898.7s elapsed, c̃=0.8094429606, g_norm=2.90e-02
  p=12 start 1: 57 evals, 3971.6s elapsed, c̃=0.8089434433, g_norm=3.51e-02
  p=12 start 1: 58 evals, 4046.0s elapsed, c̃=0.8094529732, g_norm=2.73e-02
  p=12 start 1: 59 evals, 4119.5s elapsed, c̃=0.8088731059, g_norm=3.00e-02
  p=12 start 1: 60 evals, 4190.0s elapsed, c̃=0.8093174991, g_norm=1.93e-02
  p=12 start 1: 61 evals, 4261.4s elapsed, c̃=0.8092251603, g_norm=3.72e-02
  p=12 start 1: 62 evals, 4331.8s elapsed, c̃=0.8094263994, g_norm=2.95e-02
  p=12 start 1: 63 evals, 4402.3s elapsed, c̃=0.8095999190, g_norm=2.26e-02
  p=12 start 1: 64 evals, 4474.8s elapsed, c̃=0.8093918500, g_norm=2.79e-02
  p=12 start 1: 65 evals, 4548.7s elapsed, c̃=0.8092778550, g_norm=1.67e-02
  p=12 start 1: 66 evals, 4619.2s elapsed, c̃=0.8092334618, g_norm=2.50e-02
  p=12 start 1: 67 evals, 4689.5s elapsed, c̃=0.8092155449, g_norm=2.28e-02
  p=12 start 1: 68 evals, 4764.3s elapsed, c̃=0.8095774733, g_norm=2.76e-02
  p=12 start 1: 69 evals, 4838.0s elapsed, c̃=0.8098236304, g_norm=4.85e-02
  p=12 start 1: 70 evals, 4909.2s elapsed, c̃=0.8095405682, g_norm=2.08e-02
  p=12 start 1: 71 evals, 4980.1s elapsed, c̃=0.8098236304, g_norm=4.85e-02
  p=12 start 1: 72 evals, 5049.7s elapsed, c̃=0.8095405682, g_norm=2.08e-02
  p=12 start 1: 73 evals, 5126.6s elapsed, c̃=0.8098236304, g_norm=4.85e-02
  p=12 start 1: 74 evals, 5198.5s elapsed, c̃=0.8095405682, g_norm=2.08e-02
  p=12 start 1: 75 evals, 5269.1s elapsed, c̃=0.8098236304, g_norm=4.85e-02
  p=12 start 1: 76 evals, 5339.0s elapsed, c̃=0.8095405682, g_norm=2.08e-02
  p=12 start 1: 77 evals, 5409.0s elapsed, c̃=0.8098236304, g_norm=4.85e-02
  p=12 start 1: 78 evals, 5479.4s elapsed, c̃=0.8095405682, g_norm=2.08e-02
  p=12 start 1: 79 evals, 5552.5s elapsed, c̃=0.8098236304, g_norm=4.85e-02
  p=12 start 1: 80 evals, 5622.6s elapsed, c̃=0.8095405682, g_norm=2.08e-02
  p=12 start 1: 81 evals, 5693.4s elapsed, c̃=0.8098236304, g_norm=4.85e-02
  p=12 start 1: 82 evals, 5770.8s elapsed, c̃=0.8095405682, g_norm=2.08e-02
  p=12 start 1: 83 evals, 5844.0s elapsed, c̃=0.8098236304, g_norm=4.85e-02
  p=12 start 1: 84 evals, 5914.6s elapsed, c̃=0.8095405682, g_norm=2.08e-02
  p=12 start 1: 85 evals, 5984.8s elapsed, c̃=0.8098236304, g_norm=4.85e-02
  p=12 start 1: 86 evals, 6056.4s elapsed, c̃=0.8095405682, g_norm=2.08e-02
  p=12 start 1: 87 evals, 6128.1s elapsed, c̃=0.8098236304, g_norm=4.85e-02
  p=12 start 1: 88 evals, 6204.4s elapsed, c̃=0.8095405682, g_norm=2.08e-02
  p=12 start 1: 89 evals, 6276.0s elapsed, c̃=0.8098236304, g_norm=4.85e-02
  p=12 start 1: 90 evals, 6347.4s elapsed, c̃=0.8095405682, g_norm=2.08e-02
  p=12 start 1: 91 evals, 6420.5s elapsed, c̃=0.8098236304, g_norm=4.85e-02
  p=12 start 1: 92 evals, 6491.3s elapsed, c̃=0.8095405682, g_norm=2.08e-02
  p=12 start 1: 93 evals, 6563.4s elapsed, c̃=0.8098236304, g_norm=4.85e-02
  p=12 start 1: 94 evals, 6634.2s elapsed, c̃=0.8095405682, g_norm=2.08e-02
  p=13 start 1: 2 evals, 348.8s elapsed, c̃=0.8110728624, g_norm=2.10e-01
  p=13 start 1: 3 evals, 700.7s elapsed, c̃=0.6189384431, g_norm=2.96e-01
  p=13 start 1: 4 evals, 1072.0s elapsed, c̃=0.7347057857, g_norm=4.09e-01
  p=13 start 1: 5 evals, 1406.0s elapsed, c̃=0.7872541294, g_norm=3.82e-01
  p=13 start 1: 6 evals, 1752.8s elapsed, c̃=0.8033134410, g_norm=2.52e-01
  p=13 start 1: 7 evals, 2099.0s elapsed, c̃=0.8078917860, g_norm=1.76e-01
  p=13 start 1: 8 evals, 2445.0s elapsed, c̃=0.8086002877, g_norm=2.12e-01
  p=13 start 1: 9 evals, 2803.6s elapsed, c̃=0.8060437080, g_norm=2.67e-01
  p=13 start 1: 10 evals, 3147.5s elapsed, c̃=0.8032069363, g_norm=2.10e-01
  p=13 start 1: 11 evals, 3509.5s elapsed, c̃=0.8033117936, g_norm=2.47e-01
  p=13 start 1: 12 evals, 3872.2s elapsed, c̃=0.8078538964, g_norm=1.70e-01
  p=13 start 1: 13 evals, 4218.2s elapsed, c̃=0.8058632913, g_norm=2.12e-01
  p=13 start 1: 14 evals, 4586.2s elapsed, c̃=0.8050059534, g_norm=1.41e-01
  p=13 start 1: 15 evals, 4909.7s elapsed, c̃=0.8056480560, g_norm=2.00e-01
  p=13 start 1: 16 evals, 5288.3s elapsed, c̃=0.8056252685, g_norm=2.02e-01
  p=13 start 1: 17 evals, 5666.0s elapsed, c̃=0.8085595668, g_norm=2.13e-01
  p=13 start 1: 18 evals, 6023.1s elapsed, c̃=0.8044232989, g_norm=2.59e-01
  p=13 start 1: 19 evals, 6372.3s elapsed, c̃=0.8029235758, g_norm=2.48e-01
  p=13 start 1: 20 evals, 6722.0s elapsed, c̃=0.8049270501, g_norm=1.42e-01
  p=13 start 1: 21 evals, 7080.3s elapsed, c̃=0.8099512153, g_norm=1.50e-01
  p=13 start 1: 22 evals, 7444.2s elapsed, c̃=0.8112520945, g_norm=2.04e-01
  p=13 start 1: 23 evals, 7809.8s elapsed, c̃=0.8105303478, g_norm=2.06e-01
  p=13 start 1: 24 evals, 8160.4s elapsed, c̃=0.8064612623, g_norm=1.50e-01
  p=13 start 1: 25 evals, 8516.9s elapsed, c̃=0.8035073427, g_norm=2.06e-01
  p=13 start 1: 26 evals, 8870.0s elapsed, c̃=0.8045774382, g_norm=2.52e-01
  p=13 start 1: 27 evals, 9234.0s elapsed, c̃=0.8048057400, g_norm=1.55e-01
  p=13 start 1: 28 evals, 9556.8s elapsed, c̃=0.8028932565, g_norm=1.41e-01
  p=13 start 1: 29 evals, 9910.8s elapsed, c̃=0.8063848148, g_norm=1.86e-01
  p=13 start 1: 30 evals, 10267.5s elapsed, c̃=0.8101344807, g_norm=1.72e-01
  p=13 start 1: 31 evals, 10623.4s elapsed, c̃=0.8031900292, g_norm=2.23e-01
  p=13 start 1: 32 evals, 10987.0s elapsed, c̃=0.8049670704, g_norm=1.76e-01
  p=13 start 1: 33 evals, 11341.7s elapsed, c̃=0.8087205083, g_norm=1.55e-01
  p=13 start 1: 34 evals, 11741.9s elapsed, c̃=0.8094217120, g_norm=1.39e-01
  p=13 start 1: 35 evals, 12092.2s elapsed, c̃=0.8075983934, g_norm=1.49e-01
  p=13 start 1: 36 evals, 12457.6s elapsed, c̃=0.8069299309, g_norm=1.60e-01
  p=13 start 1: 37 evals, 12812.2s elapsed, c̃=0.8081201985, g_norm=1.92e-01
  p=13 start 1: 38 evals, 13164.3s elapsed, c̃=0.8007090684, g_norm=1.95e-01
  p=13 start 1: 39 evals, 13516.9s elapsed, c̃=0.8118813374, g_norm=1.94e-01
  p=13 start 1: 40 evals, 13876.0s elapsed, c̃=0.8050627779, g_norm=2.98e-01
  p=13 start 1: 41 evals, 14238.6s elapsed, c̃=0.8102677306, g_norm=2.71e-01
  p=13 start 1: 42 evals, 14592.2s elapsed, c̃=0.8123333589, g_norm=2.12e-01
  p=13 start 1: 43 evals, 14949.5s elapsed, c̃=0.7997657818, g_norm=2.29e-01
  p=13 start 1: 44 evals, 15329.1s elapsed, c̃=0.8035393849, g_norm=2.79e-01
  p=13 start 1: 45 evals, 15686.0s elapsed, c̃=0.8118195951, g_norm=2.91e-01
  p=13 start 1: 46 evals, 16048.8s elapsed, c̃=0.8046606585, g_norm=2.79e-01
  p=13 start 1: 47 evals, 16396.1s elapsed, c̃=0.8069151627, g_norm=2.43e-01
  p=13 start 1: 48 evals, 16752.5s elapsed, c̃=0.8044839056, g_norm=1.79e-01
  p=13 start 1: 49 evals, 17117.1s elapsed, c̃=0.8076416968, g_norm=1.54e-01
  p=13 start 1: 50 evals, 17471.4s elapsed, c̃=0.8101704479, g_norm=2.14e-01
  p=13 start 1: 51 evals, 17857.5s elapsed, c̃=0.8032009692, g_norm=1.30e-01
  p=13 start 1: 52 evals, 18214.4s elapsed, c̃=0.8042066104, g_norm=1.55e-01
  p=13 start 1: 53 evals, 18538.6s elapsed, c̃=0.8086365948, g_norm=2.45e-01
  p=13 start 1: 54 evals, 18891.4s elapsed, c̃=0.8099915005, g_norm=1.58e-01
  p=13 start 1: 55 evals, 19241.4s elapsed, c̃=0.8087110390, g_norm=2.75e-01
  p=13 start 1: 56 evals, 19593.8s elapsed, c̃=0.8110768718, g_norm=1.76e-01
  p=13 start 1: 57 evals, 19952.9s elapsed, c̃=0.8100702207, g_norm=1.38e-01
  p=13 start 1: 58 evals, 20304.5s elapsed, c̃=0.8101188851, g_norm=2.24e-01
  p=13 start 1: 59 evals, 20655.9s elapsed, c̃=0.8107326469, g_norm=1.95e-01
  p=13 start 1: 60 evals, 21013.1s elapsed, c̃=0.8109360137, g_norm=1.32e-01
  p=13 start 1: 61 evals, 21369.0s elapsed, c̃=0.8110768718, g_norm=1.76e-01
  p=13 start 1: 62 evals, 21744.5s elapsed, c̃=0.8109360137, g_norm=1.32e-01
  p=13 start 1: 63 evals, 22104.1s elapsed, c̃=0.8110768718, g_norm=1.76e-01
  p=13 start 1: 64 evals, 22465.4s elapsed, c̃=0.8109360137, g_norm=1.32e-01
  p=13 start 1: 65 evals, 22798.0s elapsed, c̃=0.8110768718, g_norm=1.76e-01
  p=13 start 1: 66 evals, 23142.7s elapsed, c̃=0.8109360137, g_norm=1.32e-01
  p=13 start 1: 67 evals, 23504.6s elapsed, c̃=0.8110768718, g_norm=1.76e-01
  p=13 start 1: 68 evals, 23859.3s elapsed, c̃=0.8079386597, g_norm=1.61e-01
  p=13 start 1: 69 evals, 24244.6s elapsed, c̃=0.8075683804, g_norm=2.23e-01
  p=13 start 1: 70 evals, 24601.2s elapsed, c̃=0.8076307321, g_norm=1.61e-01
  p=13 start 1: 71 evals, 24962.4s elapsed, c̃=0.8086670595, g_norm=2.39e-01
  p=13 start 1: 72 evals, 25318.0s elapsed, c̃=0.8048663062, g_norm=1.72e-01
  p=13 start 1: 73 evals, 25674.3s elapsed, c̃=0.8060154380, g_norm=1.49e-01
  p=13 start 1: 74 evals, 26037.9s elapsed, c̃=0.8058625147, g_norm=2.08e-01
  p=13 start 1: 75 evals, 26394.6s elapsed, c̃=0.8050388230, g_norm=2.48e-01
  p=13 start 1: 76 evals, 26778.1s elapsed, c̃=0.8104437233, g_norm=3.24e-01
  p=13 start 1: 77 evals, 27103.6s elapsed, c̃=0.8063838813, g_norm=1.75e-01
  p=13 start 1: 78 evals, 27510.1s elapsed, c̃=0.8044801899, g_norm=1.37e-01
  p=13 start 1: 79 evals, 27868.2s elapsed, c̃=0.8124025887, g_norm=1.65e-01
  p=13 start 1: 80 evals, 28236.9s elapsed, c̃=0.8048720319, g_norm=2.49e-01
  p=13 start 1: 81 evals, 28595.6s elapsed, c̃=0.8054479258, g_norm=1.48e-01
  p=13 start 1: 82 evals, 28963.7s elapsed, c̃=0.8093105893, g_norm=1.66e-01
  p=13 start 1: 83 evals, 29324.8s elapsed, c̃=0.8024662371, g_norm=2.01e-01
  p=13 start 1: 84 evals, 29679.6s elapsed, c̃=0.8076467097, g_norm=1.46e-01
  p=13 start 1: 85 evals, 30050.4s elapsed, c̃=0.8095157648, g_norm=1.94e-01
  p=13 start 1: 86 evals, 30399.9s elapsed, c̃=0.8073117072, g_norm=2.63e-01
  p=13 start 1: 87 evals, 30753.6s elapsed, c̃=0.8079345372, g_norm=1.49e-01
  p=13 start 1: 88 evals, 31109.0s elapsed, c̃=0.8124896209, g_norm=3.89e-01
  p=13 start 1: 89 evals, 31464.2s elapsed, c̃=0.8063759725, g_norm=2.60e-01
  p=13 start 1: 90 evals, 31817.4s elapsed, c̃=0.8059529537, g_norm=1.85e-01
  p=13 start 1: 91 evals, 32174.4s elapsed, c̃=0.8048125165, g_norm=2.20e-01
  p=13 start 1: 92 evals, 32526.8s elapsed, c̃=0.8071833353, g_norm=2.30e-01
  p=13 start 1: 93 evals, 32883.3s elapsed, c̃=0.8084654751, g_norm=1.62e-01
  p=13 start 1: 94 evals, 33270.2s elapsed, c̃=0.8083276786, g_norm=2.44e-01
  p=13 start 1: 95 evals, 33626.2s elapsed, c̃=0.8030374074, g_norm=3.14e-01
  p=13 start 1: 96 evals, 34019.6s elapsed, c̃=0.8035276757, g_norm=1.92e-01
  p=13 start 1: 97 evals, 34370.4s elapsed, c̃=0.8016437611, g_norm=1.39e-01
  p=13 start 1: 98 evals, 34723.6s elapsed, c̃=0.8080127080, g_norm=1.93e-01
  p=13 start 1: 99 evals, 35086.3s elapsed, c̃=0.8062542649, g_norm=1.30e-01
  p=13 start 1: 100 evals, 35442.6s elapsed, c̃=0.8105432603, g_norm=2.14e-01
  p=13 start 1: 101 evals, 35803.5s elapsed, c̃=0.8116550491, g_norm=1.89e-01
  p=13 start 1: 102 evals, 36196.8s elapsed, c̃=0.8117948514, g_norm=1.94e-01
  p=13 start 1: 103 evals, 36568.6s elapsed, c̃=0.8108071887, g_norm=1.83e-01
  p=13 start 1: 104 evals, 36920.5s elapsed, c̃=0.8110947273, g_norm=2.89e-01
  p=13 start 1: 105 evals, 37274.0s elapsed, c̃=0.8005970045, g_norm=2.56e-01
  p=13 start 1: 106 evals, 37633.1s elapsed, c̃=0.8048272629, g_norm=1.34e-01
  p=13 start 1: 107 evals, 37993.9s elapsed, c̃=0.8024272144, g_norm=1.65e-01
  p=13 start 1: 108 evals, 38354.3s elapsed, c̃=0.8095197995, g_norm=1.81e-01
  p=13 start 1: 109 evals, 38677.7s elapsed, c̃=0.8007319257, g_norm=1.41e-01
  p=13 start 1: 110 evals, 39031.4s elapsed, c̃=0.8085035983, g_norm=1.63e-01
  p=13 start 1: 111 evals, 39402.9s elapsed, c̃=0.8093521656, g_norm=2.66e-01
  p=13 start 1: 112 evals, 39726.7s elapsed, c̃=0.8081149900, g_norm=2.10e-01
  p=13 start 1: 113 evals, 40128.5s elapsed, c̃=0.8046706582, g_norm=1.49e-01
  p=13 start 1: 114 evals, 40481.9s elapsed, c̃=0.8080642216, g_norm=2.37e-01
  p=13 start 1: 115 evals, 40835.4s elapsed, c̃=0.8035223735, g_norm=2.56e-01
  p=13 start 1: 116 evals, 41190.9s elapsed, c̃=0.8101764045, g_norm=1.29e-01
  p=13 start 1: 117 evals, 41550.0s elapsed, c̃=0.8053457886, g_norm=1.50e-01
  p=13 start 1: 118 evals, 41887.5s elapsed, c̃=0.8084257059, g_norm=2.69e-01
  p=13 start 1: 119 evals, 42264.3s elapsed, c̃=0.7998047790, g_norm=1.39e-01
  p=13 start 1: 120 evals, 42625.2s elapsed, c̃=0.8075488538, g_norm=1.58e-01
  p=13 start 1: 121 evals, 42979.0s elapsed, c̃=0.8034475009, g_norm=2.13e-01
  p=13 start 1: 122 evals, 43334.1s elapsed, c̃=0.8064876082, g_norm=1.69e-01
  p=13 start 1: 123 evals, 43681.7s elapsed, c̃=0.8068561225, g_norm=2.66e-01
  p=13 start 1: 124 evals, 44037.0s elapsed, c̃=0.8087211990, g_norm=2.19e-01
  p=13 start 1: 125 evals, 44400.2s elapsed, c̃=0.8127919868, g_norm=1.52e-01
  p=13 start 1: 126 evals, 44725.5s elapsed, c̃=0.8092046735, g_norm=2.15e-01
  p=13 start 1: 127 evals, 45077.7s elapsed, c̃=0.8137837113, g_norm=1.85e-01
  p=13 start 1: 128 evals, 45429.9s elapsed, c̃=0.8106069511, g_norm=1.83e-01
  p=13 start 1: 129 evals, 45786.0s elapsed, c̃=0.8110013917, g_norm=2.33e-01
  p=13 start 1: 130 evals, 46140.6s elapsed, c̃=0.8130427057, g_norm=2.09e-01
  p=13 start 1: 131 evals, 46509.8s elapsed, c̃=0.8103927457, g_norm=1.40e-01
  p=13 start 1: 132 evals, 46938.3s elapsed, c̃=0.8097108356, g_norm=3.16e-01
  p=13 start 1: 133 evals, 47298.7s elapsed, c̃=0.8130427057, g_norm=2.09e-01
  p=13 start 1: 134 evals, 47651.4s elapsed, c̃=0.8097108356, g_norm=3.16e-01
  p=13 start 1: 135 evals, 48004.8s elapsed, c̃=0.8130427057, g_norm=2.09e-01
  p=13 start 1: 136 evals, 48358.5s elapsed, c̃=0.8097108356, g_norm=3.16e-01
  p=13 start 1: 137 evals, 48718.3s elapsed, c̃=0.8133743410, g_norm=4.30e-01
  p=13 start 1: 138 evals, 49073.6s elapsed, c̃=0.8097108356, g_norm=3.16e-01
  p=13 start 1: 139 evals, 49431.7s elapsed, c̃=0.8133743410, g_norm=4.30e-01
  p=13 start 1: 140 evals, 49787.1s elapsed, c̃=0.8097108356, g_norm=3.16e-01
  p=13 start 1: 141 evals, 50143.0s elapsed, c̃=0.8133743410, g_norm=4.30e-01
  p=13 start 1: 142 evals, 50499.0s elapsed, c̃=0.8097108356, g_norm=3.16e-01
  p=13 start 1: 143 evals, 50861.1s elapsed, c̃=0.8133743410, g_norm=4.30e-01
  p=13 start 1: 144 evals, 51213.4s elapsed, c̃=0.8097108356, g_norm=3.16e-01
  p=13 start 1: 145 evals, 51567.2s elapsed, c̃=0.8133743410, g_norm=4.30e-01
  p=13 start 1: 146 evals, 51915.0s elapsed, c̃=0.8097108356, g_norm=3.16e-01
  p=13 start 1: 147 evals, 52274.1s elapsed, c̃=0.8133743410, g_norm=4.30e-01
  p=13 start 1: 148 evals, 52631.4s elapsed, c̃=0.8097108356, g_norm=3.16e-01
  p=13 start 1: 149 evals, 53025.5s elapsed, c̃=0.8133743410, g_norm=4.30e-01
