[2026-03-31T23:28:30] Task 9: k=4, D=8, p=1–15
[2026-03-31T23:28:30] Command: julia --project=. -t 28 scripts/optimize_qaoa.jl 4 8 1 15 2 320 1234 true adjoint
[2026-03-31T23:28:30] Threads: 28, RAM available: 2835 GB
preserved run_id=20260331T232833-k4-d8-p1-15-r2-i320-s1234
preserved directory=/home/stephenjordan_google_com/qaoa-xorsat/scripts/../.project/results/optimization/runs/20260331T232833-k4-d8-p1-15-r2-i320-s1234
┌ Warning: Assignment to `best_checkpoint_value` in soft scope is ambiguous because a global variable by the same name exists: `best_checkpoint_value` will be treated as a new local. Disambiguate by using `local best_checkpoint_value` to suppress this warning or `global best_checkpoint_value` to assign to the existing global variable.
└ @ ~/qaoa-xorsat/scripts/optimize_qaoa.jl:496
[ Info: JIT warmup...
[ Info: JIT warmup complete, starting sweep
  p=7 start 2: 745 evals, 30.0s elapsed, c̃=0.7430756210, g_norm=4.09e-06
  p=8 start 3: 147 evals, 30.0s elapsed, c̃=0.7043747563, g_norm=5.24e-03
  p=8 start 2: 146 evals, 30.1s elapsed, c̃=0.7093832659, g_norm=8.55e-02
  p=8 start 1: 148 evals, 30.2s elapsed, c̃=0.7723977245, g_norm=2.05e-03
  p=8 start 2: 294 evals, 60.1s elapsed, c̃=0.7174646658, g_norm=8.77e-03
  p=8 start 3: 299 evals, 60.1s elapsed, c̃=0.7265322228, g_norm=3.95e-03
  p=8 start 1: 297 evals, 60.2s elapsed, c̃=0.7723705155, g_norm=1.43e-03
  p=8 start 2: 445 evals, 90.2s elapsed, c̃=0.7103772004, g_norm=2.30e-01
  p=8 start 1: 446 evals, 90.3s elapsed, c̃=0.7723673777, g_norm=1.01e-03
  p=8 start 3: 448 evals, 90.3s elapsed, c̃=0.7394787339, g_norm=5.99e-03
  p=8 start 2: 597 evals, 120.3s elapsed, c̃=0.7220178128, g_norm=3.75e-03
  p=8 start 1: 598 evals, 120.4s elapsed, c̃=0.7723776806, g_norm=5.21e-04
  p=8 start 3: 599 evals, 120.4s elapsed, c̃=0.7395745012, g_norm=9.21e-04
  p=8 start 2: 749 evals, 150.4s elapsed, c̃=0.7220294565, g_norm=3.31e-03
  p=8 start 1: 746 evals, 150.4s elapsed, c̃=0.7723928508, g_norm=6.73e-04
  p=8 start 3: 748 evals, 150.4s elapsed, c̃=0.7395656749, g_norm=8.84e-04
  p=8 start 2: 899 evals, 180.5s elapsed, c̃=0.7220334608, g_norm=3.36e-03
  p=8 start 1: 896 evals, 180.5s elapsed, c̃=0.7723685094, g_norm=5.62e-04
  p=8 start 3: 898 evals, 180.5s elapsed, c̃=0.7395817879, g_norm=8.88e-04
  p=8 start 1: 1049 evals, 210.5s elapsed, c̃=0.7723815483, g_norm=7.43e-04
  p=8 start 2: 1052 evals, 210.6s elapsed, c̃=0.7220139300, g_norm=3.31e-03
  p=8 start 3: 1048 evals, 210.7s elapsed, c̃=0.7395665159, g_norm=8.43e-04
  p=8 start 3: 1232 evals, 240.7s elapsed, c̃=0.7395766618, g_norm=6.90e-04
  p=8 start 3: 1448 evals, 270.8s elapsed, c̃=0.7395786720, g_norm=8.29e-04
  p=9 start 2: 37 evals, 30.2s elapsed, c̃=0.5030279176, g_norm=1.95e-02
  p=9 start 1: 37 evals, 30.2s elapsed, c̃=0.7771204721, g_norm=2.40e-02
  p=9 start 2: 73 evals, 60.3s elapsed, c̃=0.5005175902, g_norm=9.03e-03
  p=9 start 1: 73 evals, 60.3s elapsed, c̃=0.7793216000, g_norm=8.03e-03
  p=9 start 2: 109 evals, 90.4s elapsed, c̃=0.7213982435, g_norm=6.62e-02
  p=9 start 1: 110 evals, 91.1s elapsed, c̃=0.7786238663, g_norm=6.14e-03
  p=9 start 2: 146 evals, 121.2s elapsed, c̃=0.7385397856, g_norm=1.91e-02
  p=9 start 1: 147 evals, 121.7s elapsed, c̃=0.7788406102, g_norm=1.46e-02
  p=9 start 2: 182 evals, 151.8s elapsed, c̃=0.7385858869, g_norm=3.14e-02
  p=9 start 1: 183 evals, 152.3s elapsed, c̃=0.7791696539, g_norm=1.06e-02
  p=9 start 2: 218 evals, 182.1s elapsed, c̃=0.7393486462, g_norm=2.50e-02
  p=9 start 1: 219 evals, 182.7s elapsed, c̃=0.7791716296, g_norm=8.44e-03
  p=9 start 2: 254 evals, 212.5s elapsed, c̃=0.7394465782, g_norm=2.50e-02
  p=9 start 1: 255 evals, 213.0s elapsed, c̃=0.7791177442, g_norm=1.11e-02
  p=9 start 2: 290 evals, 243.0s elapsed, c̃=0.7395527382, g_norm=1.81e-02
  p=9 start 1: 291 evals, 243.4s elapsed, c̃=0.7786751905, g_norm=7.81e-03
  p=9 start 2: 326 evals, 273.7s elapsed, c̃=0.7399937090, g_norm=1.27e-02
  p=9 start 1: 327 evals, 274.1s elapsed, c̃=0.7787747647, g_norm=7.69e-03
  p=9 start 2: 362 evals, 303.7s elapsed, c̃=0.7395988617, g_norm=1.20e-02
  p=9 start 1: 363 evals, 304.9s elapsed, c̃=0.7787390036, g_norm=8.30e-03
  p=9 start 2: 398 evals, 334.4s elapsed, c̃=0.7397611778, g_norm=9.63e-03
  p=9 start 1: 399 evals, 335.6s elapsed, c̃=0.7793593138, g_norm=8.94e-03
  p=9 start 2: 434 evals, 365.0s elapsed, c̃=0.7400257456, g_norm=1.22e-02
  p=9 start 1: 435 evals, 366.4s elapsed, c̃=0.7788066098, g_norm=1.24e-02
  p=9 start 2: 470 evals, 395.7s elapsed, c̃=0.7398510258, g_norm=1.07e-02
  p=9 start 1: 471 evals, 396.9s elapsed, c̃=0.7791247376, g_norm=7.42e-03
  p=9 start 2: 506 evals, 426.3s elapsed, c̃=0.7398922224, g_norm=1.06e-02
  p=9 start 1: 507 evals, 427.4s elapsed, c̃=0.7791164015, g_norm=3.89e-03
  p=9 start 2: 543 evals, 457.0s elapsed, c̃=0.7398154020, g_norm=1.26e-02
  p=9 start 1: 543 evals, 457.8s elapsed, c̃=0.7787132618, g_norm=4.37e-03
  p=9 start 2: 580 evals, 487.6s elapsed, c̃=0.7395120006, g_norm=1.06e-02
  p=9 start 1: 580 evals, 488.5s elapsed, c̃=0.7789055896, g_norm=7.58e-03
  p=9 start 2: 617 evals, 518.3s elapsed, c̃=0.7397222256, g_norm=1.06e-02
  p=9 start 1: 617 evals, 519.1s elapsed, c̃=0.7791852950, g_norm=4.33e-03
  p=9 start 2: 654 evals, 548.8s elapsed, c̃=0.7395423767, g_norm=1.32e-02
  p=9 start 1: 654 evals, 549.6s elapsed, c̃=0.7791134980, g_norm=5.87e-03
  p=9 start 2: 692 evals, 579.2s elapsed, c̃=0.7398386473, g_norm=1.24e-02
  p=9 start 2: 735 evals, 609.5s elapsed, c̃=0.7396666643, g_norm=1.29e-02
  p=9 start 2: 778 evals, 639.9s elapsed, c̃=0.7401020456, g_norm=1.30e-02
  p=9 start 2: 821 evals, 670.4s elapsed, c̃=0.7402975781, g_norm=2.13e-02
  p=9 start 2: 864 evals, 700.6s elapsed, c̃=0.7400044331, g_norm=2.21e-02
  p=9 start 2: 907 evals, 731.0s elapsed, c̃=0.7401176419, g_norm=2.18e-02
  p=9 start 2: 950 evals, 761.1s elapsed, c̃=0.7403380680, g_norm=2.21e-02
  p=10 start 3: 9 evals, 31.8s elapsed, c̃=0.5000001211, g_norm=2.59e-06
  p=10 start 1: 9 evals, 32.0s elapsed, c̃=0.7887983695, g_norm=8.08e-02
  p=10 start 3: 17 evals, 62.0s elapsed, c̃=0.5000125285, g_norm=1.59e-04
  p=10 start 1: 17 evals, 62.2s elapsed, c̃=0.7784982412, g_norm=8.57e-02
  p=10 start 1: 25 evals, 92.5s elapsed, c̃=0.7908032634, g_norm=9.49e-02
  p=10 start 3: 25 evals, 92.6s elapsed, c̃=0.4999999976, g_norm=6.18e-08
  p=10 start 1: 33 evals, 123.1s elapsed, c̃=0.7817798885, g_norm=7.15e-02
  p=10 start 3: 33 evals, 123.2s elapsed, c̃=0.5034864135, g_norm=6.58e-02
  p=10 start 1: 41 evals, 153.6s elapsed, c̃=0.7827055092, g_norm=9.56e-02
  p=10 start 3: 41 evals, 153.7s elapsed, c̃=0.5035858394, g_norm=7.14e-02
  p=10 start 3: 49 evals, 184.1s elapsed, c̃=0.5035868028, g_norm=7.20e-02
  p=10 start 1: 49 evals, 184.2s elapsed, c̃=0.7781801132, g_norm=8.43e-02
  p=10 start 1: 57 evals, 214.6s elapsed, c̃=0.7949484242, g_norm=1.49e-01
  p=10 start 3: 57 evals, 214.8s elapsed, c̃=0.5036819335, g_norm=7.11e-02
  p=10 start 1: 65 evals, 245.4s elapsed, c̃=0.7857860652, g_norm=8.86e-02
  p=10 start 3: 65 evals, 245.6s elapsed, c̃=0.5035550416, g_norm=7.11e-02
  p=10 start 3: 73 evals, 276.0s elapsed, c̃=0.5037324729, g_norm=7.39e-02
  p=10 start 1: 73 evals, 276.3s elapsed, c̃=0.7835543456, g_norm=9.37e-02
  p=10 start 1: 81 evals, 306.7s elapsed, c̃=0.7890423689, g_norm=1.57e-01
  p=10 start 3: 81 evals, 306.8s elapsed, c̃=0.5036684416, g_norm=7.24e-02
  p=10 start 3: 89 evals, 337.3s elapsed, c̃=0.5036684416, g_norm=7.24e-02
  p=10 start 1: 89 evals, 337.5s elapsed, c̃=0.7808562637, g_norm=1.12e-01
  p=10 start 3: 97 evals, 367.9s elapsed, c̃=0.5120281215, g_norm=8.68e-02
  p=10 start 1: 97 evals, 368.1s elapsed, c̃=0.7938254310, g_norm=1.83e-01
  p=10 start 1: 105 evals, 398.5s elapsed, c̃=0.7796573555, g_norm=9.41e-02
  p=10 start 3: 105 evals, 398.6s elapsed, c̃=0.5341663713, g_norm=2.02e-01
  p=10 start 3: 113 evals, 429.3s elapsed, c̃=0.6427527833, g_norm=2.58e-01
  p=10 start 1: 113 evals, 429.5s elapsed, c̃=0.7836519535, g_norm=1.03e-01
  p=10 start 3: 121 evals, 459.8s elapsed, c̃=0.6686185547, g_norm=1.47e-01
  p=10 start 1: 121 evals, 459.9s elapsed, c̃=0.7836519535, g_norm=1.03e-01
  p=10 start 3: 129 evals, 490.3s elapsed, c̃=0.6949448494, g_norm=1.15e-01
  p=10 start 1: 129 evals, 490.4s elapsed, c̃=0.7880454846, g_norm=1.16e-01
  p=10 start 1: 137 evals, 520.8s elapsed, c̃=0.7829678450, g_norm=1.68e-01
  p=10 start 3: 137 evals, 521.0s elapsed, c̃=0.7065363654, g_norm=1.82e-01
  p=10 start 1: 145 evals, 551.4s elapsed, c̃=0.7822695632, g_norm=9.90e-02
  p=10 start 3: 145 evals, 551.6s elapsed, c̃=0.7179613035, g_norm=1.14e-01
  p=10 start 3: 153 evals, 582.0s elapsed, c̃=0.7183292479, g_norm=1.20e-01
  p=10 start 1: 153 evals, 582.1s elapsed, c̃=0.7868448013, g_norm=1.54e-01
  p=10 start 1: 161 evals, 612.8s elapsed, c̃=0.7783411388, g_norm=1.37e-01
  p=10 start 3: 161 evals, 612.9s elapsed, c̃=0.7140056748, g_norm=1.72e-01
  p=10 start 1: 169 evals, 643.2s elapsed, c̃=0.7939663542, g_norm=1.41e-01
  p=10 start 3: 169 evals, 643.4s elapsed, c̃=0.7187676733, g_norm=1.09e-01
  p=10 start 1: 177 evals, 673.5s elapsed, c̃=0.7892678176, g_norm=8.89e-02
  p=10 start 3: 177 evals, 673.6s elapsed, c̃=0.7149269312, g_norm=1.06e-01
  p=10 start 3: 185 evals, 704.1s elapsed, c̃=0.7135387914, g_norm=9.38e-02
  p=10 start 1: 185 evals, 704.2s elapsed, c̃=0.7809842692, g_norm=1.16e-01
  p=10 start 1: 193 evals, 734.6s elapsed, c̃=0.7905069035, g_norm=1.24e-01
  p=10 start 3: 193 evals, 734.7s elapsed, c̃=0.7223192142, g_norm=9.59e-02
  p=10 start 1: 201 evals, 765.0s elapsed, c̃=0.7753466019, g_norm=1.24e-01
  p=10 start 3: 201 evals, 765.2s elapsed, c̃=0.7196811060, g_norm=9.61e-02
  p=10 start 3: 209 evals, 795.5s elapsed, c̃=0.7146863743, g_norm=8.02e-02
  p=10 start 1: 209 evals, 795.7s elapsed, c̃=0.7885050265, g_norm=1.03e-01
  p=10 start 3: 217 evals, 826.1s elapsed, c̃=0.7146606838, g_norm=1.34e-01
  p=10 start 1: 217 evals, 826.3s elapsed, c̃=0.7869496184, g_norm=8.27e-02
  p=10 start 1: 225 evals, 856.6s elapsed, c̃=0.7809897626, g_norm=1.20e-01
  p=10 start 3: 225 evals, 856.7s elapsed, c̃=0.7103792925, g_norm=1.34e-01
  p=10 start 1: 233 evals, 887.2s elapsed, c̃=0.7792021750, g_norm=6.85e-02
  p=10 start 3: 233 evals, 887.4s elapsed, c̃=0.7130314672, g_norm=1.34e-01
  p=10 start 3: 241 evals, 917.7s elapsed, c̃=0.7157996263, g_norm=1.09e-01
  p=10 start 1: 241 evals, 917.9s elapsed, c̃=0.7723951019, g_norm=7.92e-02
  p=10 start 1: 249 evals, 948.3s elapsed, c̃=0.7912111256, g_norm=1.96e-01
  p=10 start 3: 249 evals, 948.4s elapsed, c̃=0.7221109043, g_norm=1.01e-01
  p=10 start 3: 257 evals, 978.8s elapsed, c̃=0.7239494537, g_norm=1.20e-01
  p=10 start 1: 257 evals, 979.0s elapsed, c̃=0.7970712536, g_norm=1.76e-01
  p=10 start 3: 265 evals, 1009.4s elapsed, c̃=0.7239494537, g_norm=1.20e-01
  p=10 start 1: 265 evals, 1009.6s elapsed, c̃=0.7970712536, g_norm=1.76e-01
  p=10 start 3: 273 evals, 1039.8s elapsed, c̃=0.7182183467, g_norm=9.57e-02
  p=10 start 1: 273 evals, 1040.0s elapsed, c̃=0.7970712536, g_norm=1.76e-01
  p=10 start 1: 281 evals, 1070.5s elapsed, c̃=0.7818268493, g_norm=1.89e-01
  p=10 start 3: 281 evals, 1070.6s elapsed, c̃=0.7090278766, g_norm=1.19e-01
  p=10 start 3: 289 evals, 1101.3s elapsed, c̃=0.7073857623, g_norm=1.30e-01
  p=10 start 1: 289 evals, 1101.5s elapsed, c̃=0.7753076148, g_norm=1.60e-01
  p=10 start 3: 297 evals, 1131.8s elapsed, c̃=0.7138501816, g_norm=1.03e-01
  p=10 start 1: 297 evals, 1132.1s elapsed, c̃=0.7791295760, g_norm=8.23e-02
  p=10 start 1: 305 evals, 1162.2s elapsed, c̃=0.7827135179, g_norm=1.92e-01
  p=10 start 3: 305 evals, 1162.3s elapsed, c̃=0.7185324697, g_norm=9.20e-02
  p=10 start 1: 313 evals, 1193.2s elapsed, c̃=0.7915915478, g_norm=9.35e-02
  p=10 start 3: 313 evals, 1193.3s elapsed, c̃=0.7146618166, g_norm=1.35e-01
  p=10 start 1: 321 evals, 1223.9s elapsed, c̃=0.7915915478, g_norm=9.35e-02
  p=10 start 3: 321 evals, 1223.9s elapsed, c̃=0.7226061030, g_norm=1.91e-01
  p=10 start 3: 329 evals, 1254.5s elapsed, c̃=0.7250701437, g_norm=9.30e-02
  p=10 start 1: 329 evals, 1254.7s elapsed, c̃=0.7915915478, g_norm=9.35e-02
  p=10 start 3: 337 evals, 1285.1s elapsed, c̃=0.7250701437, g_norm=9.30e-02
  p=10 start 3: 347 evals, 1316.0s elapsed, c̃=0.7179830302, g_norm=9.77e-02
  p=10 start 3: 357 evals, 1347.1s elapsed, c̃=0.7170998288, g_norm=8.36e-02
  p=10 start 3: 367 evals, 1378.3s elapsed, c̃=0.7144176404, g_norm=1.23e-01
  p=10 start 3: 377 evals, 1409.1s elapsed, c̃=0.7121512188, g_norm=1.23e-01
  p=10 start 3: 387 evals, 1440.3s elapsed, c̃=0.7167606126, g_norm=6.21e-02
  p=10 start 3: 397 evals, 1471.6s elapsed, c̃=0.7243162651, g_norm=1.38e-01
  p=10 start 3: 407 evals, 1502.6s elapsed, c̃=0.7149148105, g_norm=1.07e-01
  p=10 start 3: 417 evals, 1533.7s elapsed, c̃=0.7164892137, g_norm=8.25e-02
  p=10 start 3: 427 evals, 1564.7s elapsed, c̃=0.7137660196, g_norm=8.14e-02
  p=10 start 3: 437 evals, 1595.7s elapsed, c̃=0.7178225123, g_norm=1.83e-01
  p=10 start 3: 447 evals, 1626.5s elapsed, c̃=0.7182393428, g_norm=1.44e-01
  p=10 start 3: 457 evals, 1657.4s elapsed, c̃=0.7240431519, g_norm=7.82e-02
  p=10 start 3: 467 evals, 1688.5s elapsed, c̃=0.7243334029, g_norm=1.14e-01
  p=10 start 3: 477 evals, 1719.3s elapsed, c̃=0.7243334029, g_norm=1.14e-01
  p=11 start 1: 4 evals, 42.5s elapsed, c̃=0.5000000000, g_norm=4.30e-10
  p=11 start 1: 7 evals, 85.9s elapsed, c̃=0.5000227036, g_norm=4.01e-04
  p=11 start 1: 10 evals, 128.7s elapsed, c̃=0.5012962194, g_norm=4.58e-02
  p=11 start 1: 13 evals, 171.6s elapsed, c̃=0.6393428899, g_norm=1.02e+00
  p=11 start 1: 16 evals, 214.3s elapsed, c̃=0.7708728291, g_norm=3.78e+00
  p=11 start 1: 19 evals, 256.8s elapsed, c̃=0.7698129870, g_norm=5.97e+00
  p=11 start 1: 22 evals, 299.7s elapsed, c̃=0.9433443463, g_norm=3.67e+00
  p=11 start 1: 25 evals, 342.4s elapsed, c̃=0.8108510272, g_norm=6.48e+00
  p=11 start 1: 28 evals, 385.0s elapsed, c̃=0.6949169446, g_norm=1.09e+00
  p=11 start 1: 31 evals, 427.5s elapsed, c̃=0.6503864648, g_norm=1.34e+00
  p=11 start 1: 34 evals, 470.5s elapsed, c̃=0.6117034099, g_norm=6.84e-01
  p=11 start 1: 37 evals, 512.9s elapsed, c̃=1.0896208474, g_norm=5.27e+00
  p=11 start 1: 40 evals, 555.4s elapsed, c̃=1.1830491416, g_norm=9.20e+00
  p=11 start 1: 43 evals, 598.2s elapsed, c̃=0.6294684256, g_norm=1.45e+00
  p=11 start 1: 46 evals, 640.5s elapsed, c̃=0.7472273825, g_norm=3.49e+00
  p=11 start 1: 49 evals, 683.0s elapsed, c̃=0.7592551741, g_norm=5.90e+00
  p=11 start 1: 52 evals, 726.2s elapsed, c̃=0.9307332353, g_norm=3.36e+00
  p=11 start 1: 55 evals, 769.1s elapsed, c̃=0.9103884599, g_norm=3.56e+00
  p=11 start 1: 58 evals, 811.3s elapsed, c̃=0.8196042415, g_norm=2.78e+00
  p=11 start 1: 61 evals, 853.7s elapsed, c̃=1.1168132048, g_norm=7.87e+00
  p=11 start 1: 64 evals, 897.3s elapsed, c̃=0.7399664257, g_norm=4.40e+00
  p=11 start 1: 67 evals, 940.2s elapsed, c̃=0.8020912919, g_norm=3.45e+00
  p=11 start 1: 70 evals, 983.2s elapsed, c̃=1.0492782718, g_norm=5.41e+00
  p=11 start 1: 73 evals, 1026.0s elapsed, c̃=0.9186802242, g_norm=1.66e+01
  p=11 start 1: 76 evals, 1068.4s elapsed, c̃=1.3454077340, g_norm=3.99e+00
  p=11 start 1: 79 evals, 1110.7s elapsed, c̃=1.0422809822, g_norm=8.73e+00
  p=11 start 1: 82 evals, 1153.6s elapsed, c̃=0.9587512313, g_norm=5.39e+00
  p=11 start 1: 85 evals, 1197.0s elapsed, c̃=1.2405695551, g_norm=1.90e+01
  p=11 start 1: 88 evals, 1239.9s elapsed, c̃=1.4853448676, g_norm=1.07e+01
  p=11 start 1: 91 evals, 1283.4s elapsed, c̃=1.2405695551, g_norm=1.90e+01
  p=11 start 1: 94 evals, 1326.1s elapsed, c̃=1.4853448676, g_norm=1.07e+01
  p=11 start 1: 97 evals, 1369.7s elapsed, c̃=1.2405695551, g_norm=1.90e+01
  p=11 start 1: 100 evals, 1412.0s elapsed, c̃=1.4853448676, g_norm=1.07e+01
  p=11 start 1: 4 evals, 42.1s elapsed, c̃=0.5000114686, g_norm=3.02e-04
  p=11 start 1: 7 evals, 84.5s elapsed, c̃=0.5000591495, g_norm=1.73e-03
  p=11 start 1: 10 evals, 127.9s elapsed, c̃=0.5006952084, g_norm=2.20e-02
  p=11 start 1: 13 evals, 170.9s elapsed, c̃=0.5752708429, g_norm=5.64e-01
  p=11 start 1: 16 evals, 213.3s elapsed, c̃=0.6264881795, g_norm=1.31e+00
  p=11 start 1: 19 evals, 256.5s elapsed, c̃=0.6778104779, g_norm=2.45e+00
  p=11 start 1: 22 evals, 298.8s elapsed, c̃=0.8141942939, g_norm=2.29e+00
  p=11 start 1: 25 evals, 341.1s elapsed, c̃=0.7273426332, g_norm=1.95e+00
  p=11 start 1: 28 evals, 383.9s elapsed, c̃=0.7519547672, g_norm=3.60e+00
  p=11 start 1: 31 evals, 426.3s elapsed, c̃=1.2297993747, g_norm=9.30e+00
  p=11 start 1: 34 evals, 469.5s elapsed, c̃=0.7519008051, g_norm=1.41e+00
  p=11 start 1: 37 evals, 512.0s elapsed, c̃=0.7675599574, g_norm=6.68e+00
  p=11 start 1: 40 evals, 554.8s elapsed, c̃=0.7002908623, g_norm=1.11e+00
  p=11 start 1: 43 evals, 597.7s elapsed, c̃=0.6699307742, g_norm=3.56e+00
  p=11 start 1: 46 evals, 640.1s elapsed, c̃=0.6901160510, g_norm=1.28e+00
  p=11 start 1: 49 evals, 682.5s elapsed, c̃=0.7964793203, g_norm=1.95e+00
  p=11 start 1: 52 evals, 725.3s elapsed, c̃=0.8037317552, g_norm=6.52e+00
  p=11 start 1: 55 evals, 767.6s elapsed, c̃=0.7292803368, g_norm=2.38e+00
  p=11 start 1: 58 evals, 810.4s elapsed, c̃=0.8594745865, g_norm=7.57e+00
  p=11 start 1: 61 evals, 852.8s elapsed, c̃=0.8769891561, g_norm=3.02e+00
  p=11 start 1: 64 evals, 895.6s elapsed, c̃=0.9804322376, g_norm=4.55e+00
  p=11 start 1: 67 evals, 938.0s elapsed, c̃=0.6174168063, g_norm=1.68e+00
  p=11 start 1: 70 evals, 981.3s elapsed, c̃=1.1092534703, g_norm=6.26e+00
  p=11 start 1: 73 evals, 1024.5s elapsed, c̃=0.8499339544, g_norm=6.71e+00
  p=11 start 1: 76 evals, 1067.3s elapsed, c̃=0.7775805495, g_norm=2.55e+00
  p=11 start 1: 79 evals, 1109.7s elapsed, c̃=0.9271085271, g_norm=5.13e+00
  p=11 start 1: 82 evals, 1152.1s elapsed, c̃=0.8439721641, g_norm=4.48e+00
  p=11 start 1: 85 evals, 1195.3s elapsed, c̃=0.6768471939, g_norm=2.17e+00
  p=11 start 1: 88 evals, 1238.6s elapsed, c̃=0.7111395012, g_norm=2.60e+00
  p=11 start 1: 91 evals, 1281.0s elapsed, c̃=1.0640921578, g_norm=7.71e+00
  p=11 start 1: 94 evals, 1323.4s elapsed, c̃=1.0740294698, g_norm=1.50e+01
  p=11 start 1: 97 evals, 1366.1s elapsed, c̃=1.5014639443, g_norm=1.81e+01
  p=11 start 1: 100 evals, 1408.9s elapsed, c̃=1.2960742102, g_norm=1.78e+01
  p=11 start 1: 103 evals, 1451.3s elapsed, c̃=1.5975217688, g_norm=1.41e+01
  p=11 start 1: 106 evals, 1493.6s elapsed, c̃=1.2960742102, g_norm=1.78e+01
  p=11 start 1: 109 evals, 1536.4s elapsed, c̃=1.5975217688, g_norm=1.41e+01
  p=11 start 1: 112 evals, 1579.5s elapsed, c̃=1.2960742102, g_norm=1.78e+01
  p=11 start 1: 115 evals, 1622.2s elapsed, c̃=1.5975217688, g_norm=1.41e+01
  p=11 start 1: 118 evals, 1664.6s elapsed, c̃=1.2960742102, g_norm=1.78e+01
  p=11 start 1: 121 evals, 1707.4s elapsed, c̃=1.5975217688, g_norm=1.41e+01
  p=11 start 1: 124 evals, 1750.2s elapsed, c̃=1.2960742102, g_norm=1.78e+01
  p=11 start 1: 127 evals, 1792.5s elapsed, c̃=1.5975217688, g_norm=1.41e+01
  p=12 start 1: 2 evals, 63.8s elapsed, c̃=-61638887909.2890319824, g_norm=6.04e+12
  p=12 start 1: 3 evals, 134.9s elapsed
  p=12 start 1: 4 evals, 206.2s elapsed
  p=12 start 1: 5 evals, 277.5s elapsed, c̃=0.5000000000, g_norm=0.00e+00
