[2026-03-31T23:28:30] Task 1: k=3, D=4, p=1–15
[2026-03-31T23:28:30] Command: julia --project=. -t 28 scripts/optimize_qaoa.jl 3 4 1 15 2 320 1234 true adjoint
[2026-03-31T23:28:30] Threads: 28, RAM available: 2835 GB
preserved run_id=20260331T232833-k3-d4-p1-15-r2-i320-s1234
preserved directory=/home/stephenjordan_google_com/qaoa-xorsat/scripts/../.project/results/optimization/runs/20260331T232833-k3-d4-p1-15-r2-i320-s1234
┌ Warning: Assignment to `best_checkpoint_value` in soft scope is ambiguous because a global variable by the same name exists: `best_checkpoint_value` will be treated as a new local. Disambiguate by using `local best_checkpoint_value` to suppress this warning or `global best_checkpoint_value` to assign to the existing global variable.
└ @ ~/qaoa-xorsat/scripts/optimize_qaoa.jl:496
[ Info: JIT warmup...
[ Info: JIT warmup complete, starting sweep
  p=8 start 3: 156 evals, 30.0s elapsed, c̃=0.8231230055, g_norm=1.50e-03
  p=8 start 2: 159 evals, 30.1s elapsed, c̃=0.7862886370, g_norm=5.85e-03
  p=8 start 2: 350 evals, 60.1s elapsed, c̃=0.7869784896, g_norm=5.37e-03
  p=8 start 2: 570 evals, 90.1s elapsed, c̃=0.7989061519, g_norm=1.45e-02
  p=9 start 2: 33 evals, 30.4s elapsed, c̃=0.5842495866, g_norm=3.96e-01
  p=9 start 1: 33 evals, 30.7s elapsed, c̃=0.8612597134, g_norm=3.88e-03
  p=9 start 3: 33 evals, 30.7s elapsed, c̃=0.6508697817, g_norm=3.82e-01
  p=9 start 2: 64 evals, 60.9s elapsed, c̃=0.7586639987, g_norm=5.34e-01
  p=9 start 3: 64 evals, 61.1s elapsed, c̃=0.7560755204, g_norm=4.94e-01
  p=9 start 1: 65 evals, 61.6s elapsed, c̃=0.8613209399, g_norm=1.93e-04
  p=9 start 3: 95 evals, 91.4s elapsed, c̃=0.7940032464, g_norm=5.53e-02
  p=9 start 2: 95 evals, 91.5s elapsed, c̃=0.8151980356, g_norm=5.07e-02
  p=9 start 1: 96 evals, 91.9s elapsed, c̃=0.8613210281, g_norm=8.49e-06
  p=9 start 3: 127 evals, 121.6s elapsed, c̃=0.7980418780, g_norm=8.61e-03
  p=9 start 2: 127 evals, 121.6s elapsed, c̃=0.8212435851, g_norm=5.15e-02
  p=9 start 2: 164 evals, 151.8s elapsed, c̃=0.8331746833, g_norm=9.58e-02
  p=9 start 3: 164 evals, 151.8s elapsed, c̃=0.7983259525, g_norm=1.06e-03
  p=9 start 3: 201 evals, 182.0s elapsed, c̃=0.7983849160, g_norm=6.28e-03
  p=9 start 2: 201 evals, 182.0s elapsed, c̃=0.8376164767, g_norm=5.24e-03
  p=9 start 2: 239 evals, 212.8s elapsed, c̃=0.8379593890, g_norm=5.07e-03
  p=9 start 3: 239 evals, 212.9s elapsed, c̃=0.7978927528, g_norm=4.12e-02
  p=9 start 2: 276 evals, 242.9s elapsed, c̃=0.8389590338, g_norm=2.02e-02
  p=9 start 3: 277 evals, 243.7s elapsed, c̃=0.7988698163, g_norm=4.21e-03
  p=9 start 2: 313 evals, 273.3s elapsed, c̃=0.8391336247, g_norm=1.80e-03
  p=9 start 3: 313 evals, 273.7s elapsed, c̃=0.7992071570, g_norm=6.08e-03
  p=9 start 3: 350 evals, 303.9s elapsed, c̃=0.7994044999, g_norm=4.23e-03
  p=9 start 2: 350 evals, 303.9s elapsed, c̃=0.8391348334, g_norm=1.28e-04
  p=9 start 3: 387 evals, 334.2s elapsed, c̃=0.7998630718, g_norm=1.99e-02
  p=9 start 2: 387 evals, 334.7s elapsed, c̃=0.8391348662, g_norm=4.94e-05
  p=9 start 3: 428 evals, 364.4s elapsed, c̃=0.8135570726, g_norm=2.93e-02
  p=9 start 3: 471 evals, 394.4s elapsed, c̃=0.8191479596, g_norm=2.03e-02
  p=9 start 3: 515 evals, 425.0s elapsed, c̃=0.8239545620, g_norm=8.07e-03
  p=9 start 3: 559 evals, 455.6s elapsed, c̃=0.8245222954, g_norm=4.52e-02
  p=9 start 3: 603 evals, 486.3s elapsed, c̃=0.8262138721, g_norm=1.41e-02
  p=9 start 3: 646 evals, 516.3s elapsed, c̃=0.8267267178, g_norm=2.15e-03
  p=9 start 3: 690 evals, 546.9s elapsed, c̃=0.8267508851, g_norm=9.19e-04
  p=9 start 3: 733 evals, 577.1s elapsed, c̃=0.8267535496, g_norm=5.10e-04
  p=9 start 3: 776 evals, 607.4s elapsed, c̃=0.8267564020, g_norm=3.17e-04
  p=9 start 3: 821 evals, 638.0s elapsed, c̃=0.8267565138, g_norm=1.28e-04
  p=10 start 3: 9 evals, 30.6s elapsed, c̃=0.5026428670, g_norm=1.57e-02
  p=10 start 1: 9 evals, 30.9s elapsed, c̃=0.8636374427, g_norm=5.13e-02
  p=10 start 1: 18 evals, 63.8s elapsed, c̃=0.8658571094, g_norm=3.00e-02
  p=10 start 3: 18 evals, 63.8s elapsed, c̃=0.5084013489, g_norm=3.95e-02
  p=10 start 3: 27 evals, 96.6s elapsed, c̃=0.5042752591, g_norm=4.75e-02
  p=10 start 1: 27 evals, 96.9s elapsed, c̃=0.8670887063, g_norm=2.91e-02
  p=10 start 1: 36 evals, 129.8s elapsed, c̃=0.8673228449, g_norm=4.83e-03
  p=10 start 3: 36 evals, 129.7s elapsed, c̃=0.4999738977, g_norm=6.10e-04
  p=10 start 1: 45 evals, 162.5s elapsed, c̃=0.8673535428, g_norm=1.48e-03
  p=10 start 3: 45 evals, 162.6s elapsed, c̃=0.3431179931, g_norm=4.42e-01
  p=10 start 1: 54 evals, 195.7s elapsed, c̃=0.8673588648, g_norm=4.04e-04
  p=10 start 3: 54 evals, 195.7s elapsed, c̃=0.6256823061, g_norm=6.41e-01
  p=10 start 3: 63 evals, 228.3s elapsed, c̃=0.7314626456, g_norm=1.92e-01
  p=10 start 1: 63 evals, 228.6s elapsed, c̃=0.8673588084, g_norm=2.45e-03
  p=10 start 3: 72 evals, 261.5s elapsed, c̃=0.7665365535, g_norm=1.20e-01
  p=10 start 1: 72 evals, 261.9s elapsed, c̃=0.8673594212, g_norm=5.24e-04
  p=10 start 3: 81 evals, 294.5s elapsed, c̃=0.6993180266, g_norm=5.33e-01
  p=10 start 1: 81 evals, 294.8s elapsed, c̃=0.8673595614, g_norm=6.12e-05
  p=10 start 1: 90 evals, 327.5s elapsed, c̃=0.8673595923, g_norm=2.62e-05
  p=10 start 3: 90 evals, 327.8s elapsed, c̃=0.7901788269, g_norm=6.51e-02
  p=10 start 1: 99 evals, 360.7s elapsed, c̃=0.8673595877, g_norm=6.41e-06
  p=10 start 3: 99 evals, 360.6s elapsed, c̃=0.7975732709, g_norm=6.74e-02
  p=10 start 3: 108 evals, 393.4s elapsed, c̃=0.8043388233, g_norm=4.65e-02
  p=10 start 1: 108 evals, 393.7s elapsed, c̃=0.8673595962, g_norm=6.40e-06
  p=10 start 1: 117 evals, 426.4s elapsed, c̃=0.8673595939, g_norm=1.81e-06
  p=10 start 3: 117 evals, 426.4s elapsed, c̃=0.8059175274, g_norm=4.54e-02
  p=10 start 3: 126 evals, 459.0s elapsed, c̃=0.8078876106, g_norm=1.54e-02
  p=10 start 1: 126 evals, 459.4s elapsed, c̃=0.8673595838, g_norm=1.69e-06
  p=10 start 3: 135 evals, 491.9s elapsed, c̃=0.8082374415, g_norm=6.77e-03
  p=10 start 3: 145 evals, 522.1s elapsed, c̃=0.8087234045, g_norm=1.29e-02
  p=10 start 3: 156 evals, 554.5s elapsed, c̃=0.8090529412, g_norm=1.74e-02
  p=10 start 3: 167 evals, 586.9s elapsed, c̃=0.8095092883, g_norm=8.82e-03
  p=10 start 3: 178 evals, 619.2s elapsed, c̃=0.8096811254, g_norm=6.94e-03
  p=10 start 3: 189 evals, 651.5s elapsed, c̃=0.8097266977, g_norm=1.53e-02
  p=10 start 3: 200 evals, 683.5s elapsed, c̃=0.8098521831, g_norm=1.45e-02
  p=10 start 3: 211 evals, 715.8s elapsed, c̃=0.8096848219, g_norm=4.88e-02
  p=10 start 3: 222 evals, 748.1s elapsed, c̃=0.8092350782, g_norm=7.56e-02
  p=10 start 3: 233 evals, 780.5s elapsed, c̃=0.8132591430, g_norm=3.70e-02
  p=10 start 3: 244 evals, 812.9s elapsed, c̃=0.8172318833, g_norm=3.42e-02
  p=10 start 3: 255 evals, 845.2s elapsed, c̃=0.8196196402, g_norm=2.14e-02
  p=10 start 3: 266 evals, 877.7s elapsed, c̃=0.8204166333, g_norm=1.84e-02
  p=10 start 3: 277 evals, 910.0s elapsed, c̃=0.8205706376, g_norm=6.41e-03
  p=10 start 3: 288 evals, 942.3s elapsed, c̃=0.8206709031, g_norm=4.28e-03
  p=10 start 3: 299 evals, 974.5s elapsed, c̃=0.8207041223, g_norm=2.40e-03
  p=10 start 3: 310 evals, 1006.9s elapsed, c̃=0.8207178203, g_norm=2.01e-03
  p=10 start 3: 321 evals, 1039.1s elapsed, c̃=0.8207347717, g_norm=8.35e-03
  p=10 start 3: 332 evals, 1071.4s elapsed, c̃=0.8207993472, g_norm=1.46e-03
  p=10 start 3: 343 evals, 1103.7s elapsed, c̃=0.8207960613, g_norm=5.09e-03
  p=10 start 3: 354 evals, 1135.8s elapsed, c̃=0.8208154277, g_norm=4.76e-03
  p=10 start 3: 365 evals, 1168.0s elapsed, c̃=0.8208220889, g_norm=9.07e-04
  p=10 start 3: 376 evals, 1200.1s elapsed, c̃=0.8208288944, g_norm=8.51e-04
  p=10 start 3: 387 evals, 1232.4s elapsed, c̃=0.8208351080, g_norm=1.57e-03
  p=10 start 3: 398 evals, 1264.7s elapsed, c̃=0.8207868012, g_norm=1.38e-02
  p=10 start 3: 409 evals, 1296.8s elapsed, c̃=0.8208608282, g_norm=1.08e-03
  p=10 start 3: 420 evals, 1329.2s elapsed, c̃=0.8208633084, g_norm=4.23e-04
  p=10 start 3: 431 evals, 1361.3s elapsed, c̃=0.8208644254, g_norm=3.91e-04
  p=10 start 3: 442 evals, 1393.8s elapsed, c̃=0.8208664098, g_norm=6.29e-04
  p=10 start 3: 453 evals, 1426.0s elapsed, c̃=0.8208668608, g_norm=2.71e-04
  p=10 start 3: 464 evals, 1458.4s elapsed, c̃=0.8208670105, g_norm=1.77e-04
  p=10 start 3: 475 evals, 1490.6s elapsed, c̃=0.8208675837, g_norm=2.18e-04
  p=10 start 3: 486 evals, 1523.0s elapsed, c̃=0.8208677269, g_norm=2.65e-04
  p=10 start 3: 497 evals, 1555.1s elapsed, c̃=0.8208682241, g_norm=2.96e-04
  p=10 start 3: 508 evals, 1587.3s elapsed, c̃=0.8208680912, g_norm=1.45e-03
  p=10 start 3: 519 evals, 1619.7s elapsed, c̃=0.8208686974, g_norm=1.21e-04
  p=10 start 3: 530 evals, 1652.2s elapsed, c̃=0.8208687043, g_norm=3.34e-04
  p=10 start 3: 541 evals, 1684.8s elapsed, c̃=0.8208687169, g_norm=5.74e-05
  p=10 start 3: 552 evals, 1717.3s elapsed, c̃=0.8208687331, g_norm=7.73e-05
  p=10 start 3: 563 evals, 1749.5s elapsed, c̃=0.8208687395, g_norm=1.05e-05
  p=10 start 3: 574 evals, 1781.9s elapsed, c̃=0.8208687663, g_norm=8.69e-06
  p=11 start 1: 4 evals, 40.7s elapsed, c̃=0.5583383613, g_norm=4.29e-01
  p=11 start 1: 7 evals, 81.5s elapsed, c̃=0.8687932606, g_norm=7.01e-02
  p=11 start 1: 10 evals, 122.6s elapsed, c̃=0.8695222851, g_norm=2.44e-02
  p=11 start 1: 13 evals, 163.5s elapsed, c̃=0.8701421118, g_norm=2.14e-02
  p=11 start 1: 16 evals, 205.1s elapsed, c̃=0.8706726841, g_norm=3.50e-02
  p=11 start 1: 19 evals, 246.2s elapsed, c̃=0.8710679782, g_norm=2.89e-02
  p=11 start 1: 22 evals, 287.2s elapsed, c̃=0.8718288748, g_norm=2.95e-02
  p=11 start 1: 25 evals, 328.4s elapsed, c̃=0.8721306177, g_norm=1.03e-02
  p=11 start 1: 28 evals, 370.1s elapsed, c̃=0.8716489238, g_norm=3.25e-02
  p=11 start 1: 31 evals, 411.0s elapsed, c̃=0.8723767177, g_norm=1.29e-02
  p=11 start 1: 34 evals, 452.1s elapsed, c̃=0.8724278687, g_norm=5.02e-03
  p=11 start 1: 37 evals, 493.1s elapsed, c̃=0.8724434970, g_norm=3.60e-03
  p=11 start 1: 40 evals, 534.4s elapsed, c̃=0.8724564484, g_norm=3.97e-03
  p=11 start 1: 43 evals, 575.3s elapsed, c̃=0.8724674271, g_norm=2.97e-03
  p=11 start 1: 46 evals, 616.6s elapsed, c̃=0.8724752666, g_norm=3.10e-03
  p=11 start 1: 49 evals, 657.7s elapsed, c̃=0.8724816047, g_norm=1.61e-03
  p=11 start 1: 52 evals, 699.2s elapsed, c̃=0.8724845604, g_norm=1.48e-03
  p=11 start 1: 55 evals, 740.3s elapsed, c̃=0.8724857395, g_norm=1.59e-03
  p=11 start 1: 58 evals, 781.0s elapsed, c̃=0.8724875973, g_norm=1.12e-03
  p=11 start 1: 61 evals, 821.7s elapsed, c̃=0.8724879401, g_norm=5.83e-04
  p=11 start 1: 64 evals, 862.6s elapsed, c̃=0.8724885973, g_norm=7.21e-04
  p=11 start 1: 67 evals, 903.4s elapsed, c̃=0.8724893652, g_norm=7.30e-04
  p=11 start 1: 70 evals, 944.3s elapsed, c̃=0.8724894016, g_norm=2.71e-04
  p=11 start 1: 73 evals, 985.3s elapsed, c̃=0.8724895002, g_norm=1.61e-04
  p=11 start 1: 76 evals, 1026.1s elapsed, c̃=0.8724897413, g_norm=1.23e-04
  p=11 start 1: 79 evals, 1067.2s elapsed, c̃=0.8724896043, g_norm=1.72e-04
  p=11 start 1: 82 evals, 1108.1s elapsed, c̃=0.8724898799, g_norm=1.43e-04
  p=11 start 1: 85 evals, 1149.3s elapsed, c̃=0.8724896291, g_norm=4.72e-04
  p=11 start 1: 88 evals, 1191.0s elapsed, c̃=0.8724894337, g_norm=1.76e-04
  p=11 start 1: 91 evals, 1231.8s elapsed, c̃=0.8724897207, g_norm=6.41e-05
  p=11 start 1: 94 evals, 1273.4s elapsed, c̃=0.8724895410, g_norm=5.74e-05
  p=11 start 1: 97 evals, 1314.6s elapsed, c̃=0.8724895056, g_norm=5.92e-05
  p=11 start 1: 100 evals, 1355.6s elapsed, c̃=0.8724895303, g_norm=6.44e-05
  p=11 start 1: 103 evals, 1397.0s elapsed, c̃=0.8724897442, g_norm=6.21e-05
  p=11 start 1: 106 evals, 1437.7s elapsed, c̃=0.8724893827, g_norm=5.22e-05
  p=11 start 1: 109 evals, 1478.6s elapsed, c̃=0.8724897420, g_norm=2.99e-05
  p=11 start 1: 112 evals, 1520.1s elapsed, c̃=0.8724896200, g_norm=5.90e-05
  p=11 start 1: 115 evals, 1561.6s elapsed, c̃=0.8724896176, g_norm=4.91e-05
  p=11 start 1: 118 evals, 1602.8s elapsed, c̃=0.8724896887, g_norm=4.73e-05
  p=11 start 1: 121 evals, 1644.3s elapsed, c̃=0.8724895457, g_norm=7.69e-05
  p=11 start 1: 124 evals, 1685.0s elapsed, c̃=0.8724895450, g_norm=3.90e-05
  p=11 start 1: 127 evals, 1726.2s elapsed, c̃=0.8724896323, g_norm=4.61e-05
  p=12 start 1: 2 evals, 62.4s elapsed, c̃=0.8608362041, g_norm=3.25e-01
  p=12 start 1: 3 evals, 128.0s elapsed, c̃=0.5146949200, g_norm=1.91e-01
  p=12 start 1: 4 evals, 193.8s elapsed, c̃=0.5570797087, g_norm=4.28e-01
  p=12 start 1: 5 evals, 259.9s elapsed, c̃=0.7622915284, g_norm=7.38e-01
  p=12 start 1: 6 evals, 326.2s elapsed, c̃=0.8711958888, g_norm=1.70e-01
  p=12 start 1: 7 evals, 393.4s elapsed, c̃=0.8734442917, g_norm=6.76e-02
  p=12 start 1: 8 evals, 459.1s elapsed, c̃=0.8541430030, g_norm=3.20e-01
  p=12 start 1: 9 evals, 524.7s elapsed, c̃=0.8735518105, g_norm=5.40e-02
  p=12 start 1: 10 evals, 590.3s elapsed, c̃=0.8740872804, g_norm=2.99e-02
  p=12 start 1: 11 evals, 655.8s elapsed, c̃=0.8735703045, g_norm=7.28e-02
  p=12 start 1: 12 evals, 722.1s elapsed, c̃=0.8744093112, g_norm=2.71e-02
  p=12 start 1: 13 evals, 787.7s elapsed, c̃=0.8746379016, g_norm=2.20e-02
  p=12 start 1: 14 evals, 853.7s elapsed, c̃=0.8722304631, g_norm=1.46e-01
  p=12 start 1: 15 evals, 919.4s elapsed, c̃=0.8746458931, g_norm=2.52e-02
  p=12 start 1: 16 evals, 985.7s elapsed, c̃=0.8748903898, g_norm=2.18e-02
  p=12 start 1: 17 evals, 1051.4s elapsed, c̃=0.8744909019, g_norm=7.46e-02
  p=12 start 1: 18 evals, 1117.7s elapsed, c̃=0.8750165157, g_norm=3.00e-02
  p=12 start 1: 19 evals, 1183.2s elapsed, c̃=0.8753247505, g_norm=2.92e-02
  p=12 start 1: 20 evals, 1250.1s elapsed, c̃=0.8739193875, g_norm=1.08e-01
  p=12 start 1: 21 evals, 1315.8s elapsed, c̃=0.8754150054, g_norm=2.88e-02
  p=12 start 1: 22 evals, 1381.6s elapsed, c̃=0.8759256355, g_norm=2.09e-02
  p=12 start 1: 23 evals, 1447.4s elapsed, c̃=0.8751760988, g_norm=4.67e-02
  p=12 start 1: 24 evals, 1512.9s elapsed, c̃=0.8762484699, g_norm=2.72e-02
  p=12 start 1: 25 evals, 1578.6s elapsed, c̃=0.8763788213, g_norm=3.06e-02
  p=12 start 1: 26 evals, 1644.2s elapsed, c̃=0.8764674678, g_norm=1.99e-02
  p=12 start 1: 27 evals, 1710.5s elapsed, c̃=0.8765810242, g_norm=8.95e-03
  p=12 start 1: 28 evals, 1776.7s elapsed, c̃=0.8765824852, g_norm=8.96e-03
  p=12 start 1: 29 evals, 1842.6s elapsed, c̃=0.8766104478, g_norm=6.70e-03
  p=12 start 1: 30 evals, 1908.8s elapsed, c̃=0.8765965940, g_norm=2.00e-02
  p=12 start 1: 31 evals, 1974.6s elapsed, c̃=0.8766302979, g_norm=1.12e-02
  p=12 start 1: 32 evals, 2041.6s elapsed, c̃=0.8766914498, g_norm=8.95e-03
  p=12 start 1: 33 evals, 2107.5s elapsed, c̃=0.8768069025, g_norm=5.72e-03
  p=12 start 1: 34 evals, 2173.8s elapsed, c̃=0.8751587784, g_norm=4.58e-02
  p=12 start 1: 35 evals, 2240.0s elapsed, c̃=0.8768064334, g_norm=6.78e-03
  p=12 start 1: 36 evals, 2305.7s elapsed, c̃=0.8768279346, g_norm=7.43e-03
  p=12 start 1: 37 evals, 2371.9s elapsed, c̃=0.8768420203, g_norm=5.12e-03
  p=12 start 1: 38 evals, 2438.4s elapsed, c̃=0.8768561238, g_norm=4.68e-03
  p=12 start 1: 39 evals, 2504.6s elapsed, c̃=0.8766220895, g_norm=3.33e-02
  p=12 start 1: 40 evals, 2570.4s elapsed, c̃=0.8768561894, g_norm=4.77e-03
  p=12 start 1: 41 evals, 2637.1s elapsed, c̃=0.8768687879, g_norm=3.84e-03
