[2026-03-31T23:28:30] Task 11: k=5, D=7, p=1–15
[2026-03-31T23:28:30] Command: julia --project=. -t 28 scripts/optimize_qaoa.jl 5 7 1 15 2 320 1234 true adjoint
[2026-03-31T23:28:30] Threads: 28, RAM available: 2835 GB
preserved run_id=20260331T232833-k5-d7-p1-15-r2-i320-s1234
preserved directory=/home/stephenjordan_google_com/qaoa-xorsat/scripts/../.project/results/optimization/runs/20260331T232833-k5-d7-p1-15-r2-i320-s1234
┌ Warning: Assignment to `best_checkpoint_value` in soft scope is ambiguous because a global variable by the same name exists: `best_checkpoint_value` will be treated as a new local. Disambiguate by using `local best_checkpoint_value` to suppress this warning or `global best_checkpoint_value` to assign to the existing global variable.
└ @ ~/qaoa-xorsat/scripts/optimize_qaoa.jl:496
[ Info: JIT warmup...
[ Info: JIT warmup complete, starting sweep
  p=7 start 1: 736 evals, 30.0s elapsed, c̃=0.7980190327, g_norm=2.89e-04
  p=7 start 2: 737 evals, 30.0s elapsed, c̃=0.7282913559, g_norm=3.73e-05
  p=7 start 1: 1465 evals, 60.0s elapsed, c̃=0.7980179442, g_norm=7.68e-05
  p=7 start 2: 1470 evals, 60.1s elapsed, c̃=0.7282912656, g_norm=2.22e-05
  p=7 start 2: 2260 evals, 90.1s elapsed, c̃=0.7282931517, g_norm=8.66e-05
  p=7 start 2: 3130 evals, 120.1s elapsed, c̃=0.7282904089, g_norm=7.08e-05
  p=7 start 2: 4007 evals, 150.1s elapsed, c̃=0.7282904425, g_norm=1.11e-04
  p=7 start 2: 4882 evals, 180.1s elapsed, c̃=0.7282911745, g_norm=1.85e-04
  p=7 start 2: 5758 evals, 210.1s elapsed, c̃=0.7282931420, g_norm=1.69e-04
  p=7 start 2: 6628 evals, 240.1s elapsed, c̃=0.7282937058, g_norm=5.13e-04
  p=7 start 2: 7515 evals, 270.2s elapsed, c̃=0.7470800868, g_norm=1.47e-05
  p=7 start 2: 8392 evals, 300.2s elapsed, c̃=0.7470794553, g_norm=9.08e-06
  p=7 start 2: 9272 evals, 330.2s elapsed, c̃=0.7470793157, g_norm=5.36e-06
  p=8 start 2: 142 evals, 30.0s elapsed, c̃=0.6800439656, g_norm=2.44e-01
  p=8 start 3: 144 evals, 30.2s elapsed, c̃=0.6846633397, g_norm=6.01e-03
  p=8 start 1: 146 evals, 30.2s elapsed, c̃=0.8065013467, g_norm=1.27e-02
  p=8 start 2: 296 evals, 60.1s elapsed, c̃=0.7274938136, g_norm=7.79e-03
  p=8 start 3: 302 evals, 60.4s elapsed, c̃=0.6846543948, g_norm=1.32e-03
  p=8 start 2: 468 evals, 90.3s elapsed, c̃=0.7292384739, g_norm=7.21e-03
  p=8 start 3: 475 evals, 90.5s elapsed, c̃=0.6846798777, g_norm=1.08e-03
  p=8 start 2: 640 evals, 120.4s elapsed, c̃=0.7292093969, g_norm=7.48e-03
  p=8 start 3: 646 evals, 120.6s elapsed, c̃=0.6847542912, g_norm=1.60e-03
  p=8 start 2: 848 evals, 150.5s elapsed, c̃=0.7292483595, g_norm=7.56e-03
  p=8 start 2: 1060 evals, 180.5s elapsed, c̃=0.7293134960, g_norm=7.62e-03
  p=9 start 1: 37 evals, 30.3s elapsed, c̃=0.8109183463, g_norm=1.21e-01
  p=9 start 2: 37 evals, 30.6s elapsed, c̃=0.4918275175, g_norm=5.28e-02
  p=9 start 1: 72 evals, 60.4s elapsed, c̃=0.8117300870, g_norm=8.68e-02
  p=9 start 2: 73 evals, 61.2s elapsed, c̃=0.4983480077, g_norm=3.47e-02
  p=9 start 1: 108 evals, 90.6s elapsed, c̃=0.8095946453, g_norm=8.74e-02
  p=9 start 2: 109 evals, 91.7s elapsed, c̃=0.7021511975, g_norm=5.40e-02
  p=9 start 1: 144 evals, 121.1s elapsed, c̃=0.8105289071, g_norm=4.00e-02
  p=9 start 2: 145 evals, 122.4s elapsed, c̃=0.7106320849, g_norm=2.91e-01
  p=9 start 1: 180 evals, 151.9s elapsed, c̃=0.8135472200, g_norm=4.72e-02
  p=9 start 2: 180 evals, 152.5s elapsed, c̃=0.7214584258, g_norm=1.70e-01
  p=9 start 1: 216 evals, 182.7s elapsed, c̃=0.8127303310, g_norm=3.83e-02
  p=9 start 2: 216 evals, 183.2s elapsed, c̃=0.7210339003, g_norm=1.71e-01
  p=9 start 1: 252 evals, 213.2s elapsed, c̃=0.8134074425, g_norm=5.07e-02
  p=9 start 2: 252 evals, 213.7s elapsed, c̃=0.7215611043, g_norm=1.70e-01
  p=9 start 1: 288 evals, 243.6s elapsed, c̃=0.8112403331, g_norm=5.33e-02
  p=9 start 2: 288 evals, 244.1s elapsed, c̃=0.7256281859, g_norm=3.88e-02
  p=9 start 1: 323 evals, 273.8s elapsed, c̃=0.8104463871, g_norm=4.47e-02
  p=9 start 2: 323 evals, 274.1s elapsed, c̃=0.7262345221, g_norm=7.30e-02
  p=9 start 1: 359 evals, 304.0s elapsed, c̃=0.8115746947, g_norm=4.93e-02
  p=9 start 2: 358 evals, 304.2s elapsed, c̃=0.7265350025, g_norm=8.14e-02
  p=9 start 1: 395 evals, 334.6s elapsed, c̃=0.8141282931, g_norm=4.93e-02
  p=9 start 2: 394 evals, 335.1s elapsed, c̃=0.7288907502, g_norm=4.28e-02
  p=9 start 1: 431 evals, 365.0s elapsed, c̃=0.8117390573, g_norm=4.90e-02
  p=9 start 2: 430 evals, 365.9s elapsed, c̃=0.7301808957, g_norm=1.85e-02
  p=9 start 1: 467 evals, 395.3s elapsed, c̃=0.8108730806, g_norm=4.08e-02
  p=9 start 2: 466 evals, 396.1s elapsed, c̃=0.7298340804, g_norm=2.67e-02
  p=9 start 1: 503 evals, 425.4s elapsed, c̃=0.8147847778, g_norm=3.47e-02
  p=9 start 2: 502 evals, 426.3s elapsed, c̃=0.7276950393, g_norm=2.78e-02
  p=9 start 1: 539 evals, 455.9s elapsed, c̃=0.8123909872, g_norm=3.93e-02
  p=9 start 2: 538 evals, 456.5s elapsed, c̃=0.7309863700, g_norm=2.05e-02
  p=9 start 1: 575 evals, 485.9s elapsed, c̃=0.8144061997, g_norm=4.35e-02
  p=9 start 2: 574 evals, 486.8s elapsed, c̃=0.7277871486, g_norm=2.14e-02
  p=9 start 1: 611 evals, 516.2s elapsed, c̃=0.8136932968, g_norm=4.85e-02
  p=9 start 2: 610 evals, 517.1s elapsed, c̃=0.7310382692, g_norm=2.50e-02
  p=9 start 1: 647 evals, 546.4s elapsed, c̃=0.8140709683, g_norm=4.81e-02
  p=9 start 2: 646 evals, 547.2s elapsed, c̃=0.7289576314, g_norm=1.69e-02
  p=9 start 1: 683 evals, 576.6s elapsed, c̃=0.8121108262, g_norm=4.36e-02
  p=9 start 2: 682 evals, 577.6s elapsed, c̃=0.7308938499, g_norm=2.74e-02
  p=9 start 1: 720 evals, 607.0s elapsed, c̃=0.8130015171, g_norm=4.26e-02
  p=9 start 1: 763 evals, 637.1s elapsed, c̃=0.8145549722, g_norm=4.05e-02
  p=9 start 1: 806 evals, 667.1s elapsed, c̃=0.8136724933, g_norm=4.46e-02
  p=9 start 1: 849 evals, 697.4s elapsed, c̃=0.8128489063, g_norm=3.86e-02
  p=9 start 1: 892 evals, 727.4s elapsed, c̃=0.8125496363, g_norm=3.97e-02
  p=9 start 1: 935 evals, 757.7s elapsed, c̃=0.8141948123, g_norm=4.50e-02
  p=9 start 1: 978 evals, 788.1s elapsed, c̃=0.8130004702, g_norm=3.89e-02
  p=9 start 1: 1021 evals, 818.3s elapsed, c̃=0.8130794962, g_norm=3.85e-02
  p=9 start 1: 1064 evals, 848.5s elapsed, c̃=0.8132184134, g_norm=3.91e-02
  p=9 start 1: 1107 evals, 878.7s elapsed, c̃=0.8148296827, g_norm=2.60e-02
  p=9 start 1: 1150 evals, 908.7s elapsed, c̃=0.8132074696, g_norm=3.99e-02
  p=9 start 1: 1193 evals, 938.9s elapsed, c̃=0.8130498417, g_norm=3.21e-02
  p=9 start 1: 1236 evals, 968.9s elapsed, c̃=0.8157875233, g_norm=5.58e-02
  p=9 start 1: 1279 evals, 999.3s elapsed, c̃=0.8148660876, g_norm=3.76e-02
  p=9 start 1: 1323 evals, 1029.9s elapsed, c̃=0.8139002764, g_norm=3.15e-02
  p=9 start 1: 1366 evals, 1060.1s elapsed, c̃=0.8124164777, g_norm=3.19e-02
  p=9 start 1: 1410 evals, 1090.6s elapsed, c̃=0.8149700059, g_norm=3.49e-02
  p=9 start 1: 1452 evals, 1120.7s elapsed, c̃=0.8149700059, g_norm=3.49e-02
  p=10 start 1: 10 evals, 31.3s elapsed, c̃=0.7933488399, g_norm=2.85e-01
  p=10 start 1: 20 evals, 62.0s elapsed, c̃=0.8190569192, g_norm=4.45e-01
  p=10 start 1: 30 evals, 92.6s elapsed, c̃=0.8528777608, g_norm=4.06e-01
  p=10 start 1: 40 evals, 123.1s elapsed, c̃=0.7779863961, g_norm=6.89e-01
  p=10 start 1: 50 evals, 153.7s elapsed, c̃=0.8057399286, g_norm=3.71e-01
  p=10 start 1: 60 evals, 184.1s elapsed, c̃=0.8150020896, g_norm=3.73e-01
  p=10 start 1: 70 evals, 214.6s elapsed, c̃=0.7791181470, g_norm=3.13e-01
  p=10 start 1: 80 evals, 245.3s elapsed, c̃=0.8045836951, g_norm=2.86e-01
  p=10 start 1: 90 evals, 276.0s elapsed, c̃=0.8359682389, g_norm=4.24e-01
  p=10 start 1: 100 evals, 306.6s elapsed, c̃=0.7909505251, g_norm=3.54e-01
  p=10 start 1: 110 evals, 336.9s elapsed, c̃=0.8191257430, g_norm=3.75e-01
  p=10 start 1: 120 evals, 367.6s elapsed, c̃=0.8419092760, g_norm=4.04e-01
  p=10 start 1: 130 evals, 398.1s elapsed, c̃=0.8419092760, g_norm=4.04e-01
  p=11 start 1: 4 evals, 43.2s elapsed, c̃=0.5000000000, g_norm=1.66e-10
  p=11 start 1: 7 evals, 86.3s elapsed, c̃=0.4999902001, g_norm=1.23e-03
  p=11 start 1: 10 evals, 129.0s elapsed, c̃=0.5000006997, g_norm=5.89e-05
  p=11 start 1: 13 evals, 171.6s elapsed, c̃=0.5000000561, g_norm=2.52e-06
  p=11 start 1: 16 evals, 214.1s elapsed, c̃=0.4797433788, g_norm=1.28e+00
  p=11 start 1: 19 evals, 256.9s elapsed, c̃=0.4430001532, g_norm=1.71e+00
  p=11 start 1: 22 evals, 299.7s elapsed, c̃=0.4928252026, g_norm=1.00e+00
  p=11 start 1: 25 evals, 342.0s elapsed, c̃=0.5338565632, g_norm=1.71e+01
  p=11 start 1: 28 evals, 384.4s elapsed, c̃=2.0415079445, g_norm=7.25e+01
  p=11 start 1: 31 evals, 426.9s elapsed, c̃=0.3362977684, g_norm=8.22e+00
  p=11 start 1: 34 evals, 469.4s elapsed, c̃=0.8042553993, g_norm=1.52e+01
  p=11 start 1: 37 evals, 512.3s elapsed, c̃=0.5303671473, g_norm=2.52e+00
  p=11 start 1: 40 evals, 555.2s elapsed, c̃=0.2849397912, g_norm=2.46e+01
  p=11 start 1: 43 evals, 597.7s elapsed, c̃=0.5151082011, g_norm=4.83e-01
  p=11 start 1: 46 evals, 640.0s elapsed, c̃=0.5226939644, g_norm=6.45e-01
  p=11 start 1: 49 evals, 682.9s elapsed, c̃=2.6272403703, g_norm=2.00e+02
  p=11 start 1: 52 evals, 725.4s elapsed, c̃=0.5029300924, g_norm=5.52e-01
  p=11 start 1: 55 evals, 767.8s elapsed, c̃=0.6090761901, g_norm=6.75e+00
  p=11 start 1: 58 evals, 810.3s elapsed, c̃=0.5106766399, g_norm=1.09e+00
  p=11 start 1: 61 evals, 853.4s elapsed, c̃=0.6564776225, g_norm=9.19e+00
  p=11 start 1: 64 evals, 895.9s elapsed, c̃=0.8694686364, g_norm=2.64e+01
  p=11 start 1: 67 evals, 938.8s elapsed, c̃=0.4990816808, g_norm=1.48e-01
  p=11 start 1: 70 evals, 981.9s elapsed, c̃=0.6186631604, g_norm=8.62e+00
  p=11 start 1: 73 evals, 1024.9s elapsed, c̃=0.8263871349, g_norm=6.64e+01
  p=11 start 1: 76 evals, 1067.8s elapsed, c̃=0.5913267471, g_norm=2.59e+01
  p=11 start 1: 79 evals, 1110.8s elapsed, c̃=0.6435245827, g_norm=1.94e+01
  p=11 start 1: 82 evals, 1153.7s elapsed, c̃=0.5028033575, g_norm=1.16e-01
  p=11 start 1: 85 evals, 1196.1s elapsed, c̃=0.4764573623, g_norm=9.34e-01
  p=11 start 1: 88 evals, 1238.6s elapsed, c̃=0.6427831079, g_norm=4.66e+00
  p=11 start 1: 91 evals, 1281.1s elapsed, c̃=0.6393338982, g_norm=4.25e+00
  p=11 start 1: 94 evals, 1323.9s elapsed, c̃=-2.0749965664, g_norm=2.70e+02
  p=11 start 1: 97 evals, 1366.9s elapsed, c̃=-0.8263044043, g_norm=3.81e+02
  p=11 start 1: 100 evals, 1409.7s elapsed, c̃=1.5966024795, g_norm=3.12e+01
  p=11 start 1: 103 evals, 1452.2s elapsed, c̃=0.6017192906, g_norm=4.17e+00
  p=11 start 1: 106 evals, 1495.6s elapsed, c̃=0.1232864152, g_norm=1.36e+01
  p=11 start 1: 109 evals, 1538.4s elapsed, c̃=0.5157252820, g_norm=2.51e+00
  p=11 start 1: 112 evals, 1581.5s elapsed, c̃=5.9516467722, g_norm=2.17e+02
  p=11 start 1: 115 evals, 1624.4s elapsed, c̃=0.7109725218, g_norm=6.69e+00
  p=11 start 1: 118 evals, 1666.9s elapsed, c̃=0.1923131053, g_norm=2.12e+01
  p=11 start 1: 121 evals, 1709.4s elapsed, c̃=0.3694763573, g_norm=4.00e+00
  p=11 start 1: 124 evals, 1752.0s elapsed, c̃=0.2865920065, g_norm=7.42e+00
  p=11 start 1: 127 evals, 1794.5s elapsed, c̃=0.5041393943, g_norm=1.04e-01
  p=11 start 1: 130 evals, 1836.9s elapsed, c̃=0.5155519704, g_norm=2.38e-01
  p=11 start 1: 133 evals, 1879.4s elapsed, c̃=0.5915553412, g_norm=6.11e+00
  p=11 start 1: 136 evals, 1921.9s elapsed, c̃=0.5474682858, g_norm=4.16e+00
  p=11 start 1: 139 evals, 1964.7s elapsed, c̃=0.7955067283, g_norm=3.08e+01
  p=11 start 1: 142 evals, 2007.0s elapsed, c̃=0.6127752992, g_norm=9.91e+00
  p=11 start 1: 145 evals, 2049.7s elapsed, c̃=0.5372760887, g_norm=1.74e+00
  p=11 start 1: 148 evals, 2092.1s elapsed, c̃=0.4906122750, g_norm=4.88e+00
  p=11 start 1: 151 evals, 2134.7s elapsed, c̃=0.4797390196, g_norm=1.05e+01
  p=11 start 1: 154 evals, 2177.2s elapsed, c̃=0.5217959697, g_norm=1.68e+00
  p=11 start 1: 157 evals, 2220.5s elapsed, c̃=0.5031384258, g_norm=1.03e-01
  p=11 start 1: 160 evals, 2262.9s elapsed, c̃=0.5750947592, g_norm=1.10e+00
  p=11 start 1: 163 evals, 2305.3s elapsed, c̃=0.2045115631, g_norm=1.98e+01
  p=11 start 1: 166 evals, 2347.7s elapsed, c̃=1.9188849907, g_norm=6.30e+01
  p=11 start 1: 169 evals, 2390.3s elapsed, c̃=7.6199757296, g_norm=2.36e+02
  p=11 start 1: 172 evals, 2433.2s elapsed, c̃=8.8772692204, g_norm=1.46e+02
  p=11 start 1: 175 evals, 2476.1s elapsed, c̃=0.0335369148, g_norm=7.88e+01
  p=11 start 1: 178 evals, 2518.6s elapsed, c̃=3.7231020503, g_norm=2.02e+02
  p=11 start 1: 181 evals, 2561.1s elapsed, c̃=4.8662657825, g_norm=2.13e+02
  p=11 start 1: 184 evals, 2603.7s elapsed, c̃=10.2442245299, g_norm=4.82e+02
  p=11 start 1: 187 evals, 2646.1s elapsed, c̃=0.6595856659, g_norm=1.10e+01
  p=11 start 1: 190 evals, 2688.6s elapsed, c̃=0.5810702605, g_norm=3.09e+00
  p=11 start 1: 193 evals, 2731.7s elapsed, c̃=2.4201062813, g_norm=5.95e+01
  p=11 start 1: 196 evals, 2774.2s elapsed, c̃=0.7855143675, g_norm=5.66e+00
  p=11 start 1: 199 evals, 2816.9s elapsed, c̃=0.4332434792, g_norm=2.55e+00
  p=11 start 1: 202 evals, 2859.4s elapsed, c̃=0.5527517582, g_norm=7.06e-01
  p=11 start 1: 205 evals, 2901.9s elapsed, c̃=1.3958820396, g_norm=5.19e+01
  p=11 start 1: 208 evals, 2945.4s elapsed, c̃=0.9586883366, g_norm=1.89e+01
  p=11 start 1: 211 evals, 2988.7s elapsed, c̃=0.6601787113, g_norm=8.03e+00
  p=11 start 1: 214 evals, 3031.2s elapsed, c̃=0.5440306802, g_norm=1.80e+01
  p=11 start 1: 217 evals, 3074.0s elapsed, c̃=0.4994166531, g_norm=1.17e-01
  p=11 start 1: 220 evals, 3117.0s elapsed, c̃=1.6837430156, g_norm=1.04e+02
  p=11 start 1: 223 evals, 3159.8s elapsed, c̃=0.5135503743, g_norm=4.50e-01
  p=11 start 1: 226 evals, 3202.4s elapsed, c̃=1.2140335427, g_norm=2.74e+01
  p=11 start 1: 229 evals, 3245.3s elapsed, c̃=5.2982239623, g_norm=8.58e+01
  p=11 start 1: 232 evals, 3287.7s elapsed, c̃=1.2097903371, g_norm=5.96e+01
  p=11 start 1: 235 evals, 3330.8s elapsed, c̃=11.9831873497, g_norm=5.18e+02
  p=11 start 1: 238 evals, 3373.8s elapsed, c̃=15.7125276351, g_norm=1.10e+03
  p=11 start 1: 241 evals, 3416.5s elapsed, c̃=1.9396881932, g_norm=7.75e+01
  p=11 start 1: 244 evals, 3459.4s elapsed, c̃=1.4963375401, g_norm=3.12e+01
  p=11 start 1: 247 evals, 3501.8s elapsed, c̃=0.6195836183, g_norm=8.84e+00
  p=11 start 1: 250 evals, 3544.2s elapsed, c̃=0.5008492486, g_norm=1.37e+00
  p=11 start 1: 253 evals, 3587.6s elapsed, c̃=2.5299527159, g_norm=2.00e+02
  p=11 start 1: 256 evals, 3631.7s elapsed, c̃=0.6062892048, g_norm=7.64e+00
  p=11 start 1: 259 evals, 3674.7s elapsed, c̃=0.6508147946, g_norm=2.05e+00
  p=11 start 1: 262 evals, 3717.4s elapsed, c̃=2.5200047318, g_norm=8.59e+01
  p=11 start 1: 265 evals, 3761.3s elapsed, c̃=1.1024220046, g_norm=4.59e+01
  p=11 start 1: 268 evals, 3803.7s elapsed, c̃=1.2890280746, g_norm=4.21e+01
  p=11 start 1: 271 evals, 3847.1s elapsed, c̃=0.9010405502, g_norm=1.28e+01
  p=11 start 1: 274 evals, 3889.6s elapsed, c̃=0.6651641194, g_norm=1.17e+01
  p=11 start 1: 277 evals, 3932.6s elapsed, c̃=0.9949866790, g_norm=2.74e+01
  p=11 start 1: 280 evals, 3975.1s elapsed, c̃=0.8851016844, g_norm=2.44e+01
  p=11 start 1: 283 evals, 4017.6s elapsed, c̃=0.7396033586, g_norm=2.69e+01
  p=11 start 1: 286 evals, 4060.1s elapsed, c̃=0.5729145969, g_norm=1.22e+00
  p=11 start 1: 289 evals, 4102.8s elapsed, c̃=0.2993587392, g_norm=5.20e+00
  p=11 start 1: 292 evals, 4145.2s elapsed, c̃=0.6191141365, g_norm=3.03e+00
  p=11 start 1: 295 evals, 4187.7s elapsed, c̃=0.9210764700, g_norm=2.05e+01
  p=11 start 1: 298 evals, 4230.6s elapsed, c̃=0.5407030601, g_norm=4.16e+01
  p=11 start 1: 301 evals, 4273.0s elapsed, c̃=0.7079277906, g_norm=1.68e+02
  p=11 start 1: 304 evals, 4315.6s elapsed, c̃=-6.1643415431, g_norm=5.19e+02
  p=11 start 1: 307 evals, 4358.9s elapsed, c̃=3.5007845946, g_norm=3.46e+02
  p=11 start 1: 310 evals, 4401.3s elapsed, c̃=33.7328913437, g_norm=4.99e+03
  p=11 start 1: 313 evals, 4443.7s elapsed, c̃=61.6193346385, g_norm=1.19e+04
  p=11 start 1: 316 evals, 4486.7s elapsed, c̃=4.7758276590, g_norm=1.34e+02
  p=11 start 1: 319 evals, 4529.9s elapsed, c̃=6.5615296694, g_norm=2.94e+02
  p=11 start 1: 322 evals, 4572.8s elapsed, c̃=53.1327630659, g_norm=3.21e+03
  p=11 start 1: 325 evals, 4616.3s elapsed, c̃=1.4769633137, g_norm=1.44e+02
  p=11 start 1: 328 evals, 4658.7s elapsed, c̃=27.6764818211, g_norm=8.32e+02
  p=11 start 1: 331 evals, 4701.2s elapsed, c̃=170.9025768040, g_norm=1.54e+04
  p=11 start 1: 334 evals, 4744.2s elapsed, c̃=170.9025768040, g_norm=1.54e+04
  p=11 start 1: 337 evals, 4786.7s elapsed, c̃=25.6636146113, g_norm=1.54e+03
  p=11 start 1: 340 evals, 4830.2s elapsed, c̃=170.9025768040, g_norm=1.54e+04
  p=11 start 1: 343 evals, 4873.1s elapsed, c̃=25.6636146113, g_norm=1.54e+03
