[2026-03-31T23:28:30] Task 12: k=5, D=8, p=1–15
[2026-03-31T23:28:30] Command: julia --project=. -t 28 scripts/optimize_qaoa.jl 5 8 1 15 2 320 1234 true adjoint
[2026-03-31T23:28:30] Threads: 28, RAM available: 2835 GB
preserved run_id=20260331T232833-k5-d8-p1-15-r2-i320-s1234
preserved directory=/home/stephenjordan_google_com/qaoa-xorsat/scripts/../.project/results/optimization/runs/20260331T232833-k5-d8-p1-15-r2-i320-s1234
┌ Warning: Assignment to `best_checkpoint_value` in soft scope is ambiguous because a global variable by the same name exists: `best_checkpoint_value` will be treated as a new local. Disambiguate by using `local best_checkpoint_value` to suppress this warning or `global best_checkpoint_value` to assign to the existing global variable.
└ @ ~/qaoa-xorsat/scripts/optimize_qaoa.jl:496
[ Info: JIT warmup...
[ Info: JIT warmup complete, starting sweep
  p=7 start 3: 728 evals, 30.0s elapsed, c̃=0.7329639363, g_norm=4.65e-04
  p=7 start 1: 727 evals, 30.0s elapsed, c̃=0.7793654240, g_norm=1.09e-04
  p=7 start 3: 1560 evals, 60.1s elapsed, c̃=0.7329645418, g_norm=5.44e-04
  p=8 start 3: 142 evals, 30.0s elapsed, c̃=0.7090227358, g_norm=1.98e-02
  p=8 start 1: 142 evals, 30.1s elapsed, c̃=0.7875076030, g_norm=2.43e-03
  p=8 start 2: 142 evals, 30.1s elapsed, c̃=0.6998594186, g_norm=1.05e-01
  p=8 start 3: 285 evals, 60.1s elapsed, c̃=0.7172690300, g_norm=1.20e-02
  p=8 start 1: 285 evals, 60.2s elapsed, c̃=0.7874852167, g_norm=5.19e-03
  p=8 start 2: 287 evals, 60.2s elapsed, c̃=0.7069984286, g_norm=5.89e-03
  p=8 start 3: 448 evals, 90.1s elapsed, c̃=0.7172903843, g_norm=4.33e-03
  p=8 start 2: 449 evals, 90.3s elapsed, c̃=0.7070682654, g_norm=7.11e-03
  p=8 start 3: 620 evals, 120.2s elapsed, c̃=0.7172664679, g_norm=2.63e-02
  p=8 start 2: 620 evals, 120.3s elapsed, c̃=0.7070055871, g_norm=5.40e-03
  p=8 start 3: 794 evals, 150.3s elapsed, c̃=0.7175025501, g_norm=1.33e-02
  p=8 start 2: 794 evals, 150.4s elapsed, c̃=0.7071569657, g_norm=5.55e-03
  p=8 start 3: 964 evals, 180.3s elapsed, c̃=0.7176749651, g_norm=1.70e-02
  p=8 start 2: 964 evals, 180.5s elapsed, c̃=0.7073682293, g_norm=5.50e-03
  p=8 start 2: 1140 evals, 210.6s elapsed, c̃=0.7073814029, g_norm=5.38e-03
  p=9 start 2: 36 evals, 30.2s elapsed, c̃=0.5019229800, g_norm=1.71e-02
  p=9 start 1: 37 evals, 30.7s elapsed, c̃=0.7905171524, g_norm=2.80e-01
  p=9 start 1: 73 evals, 60.9s elapsed, c̃=0.7944706538, g_norm=2.79e-01
  p=9 start 2: 72 evals, 60.9s elapsed, c̃=0.6353978722, g_norm=4.19e-01
  p=9 start 2: 108 evals, 90.9s elapsed, c̃=0.7047197017, g_norm=8.91e-02
  p=9 start 1: 109 evals, 91.3s elapsed, c̃=0.7925143658, g_norm=2.77e-01
  p=9 start 2: 149 evals, 121.1s elapsed, c̃=0.7199478640, g_norm=1.35e-01
  p=9 start 2: 191 evals, 151.5s elapsed, c̃=0.7186099292, g_norm=1.24e-01
  p=9 start 2: 233 evals, 181.7s elapsed, c̃=0.7228978639, g_norm=6.65e-02
  p=9 start 2: 276 evals, 212.4s elapsed, c̃=0.7263341129, g_norm=6.75e-02
  p=9 start 2: 318 evals, 242.4s elapsed, c̃=0.7176857312, g_norm=3.01e-02
  p=9 start 2: 360 evals, 272.7s elapsed, c̃=0.7224812340, g_norm=5.09e-02
  p=9 start 2: 402 evals, 303.1s elapsed, c̃=0.7199958794, g_norm=7.25e-02
  p=9 start 2: 444 evals, 333.3s elapsed, c̃=0.7175001648, g_norm=7.71e-02
  p=9 start 2: 486 evals, 363.3s elapsed, c̃=0.7277110733, g_norm=6.98e-02
  p=9 start 2: 528 evals, 393.5s elapsed, c̃=0.7198710345, g_norm=5.41e-02
  p=9 start 2: 570 evals, 423.5s elapsed, c̃=0.7280453485, g_norm=6.97e-02
  p=9 start 2: 612 evals, 454.1s elapsed, c̃=0.7182497567, g_norm=4.82e-02
  p=9 start 2: 654 evals, 484.5s elapsed, c̃=0.6943474129, g_norm=2.56e-01
  p=9 start 2: 697 evals, 515.1s elapsed, c̃=0.7235909271, g_norm=6.99e-02
  p=10 start 1: 10 evals, 30.8s elapsed, c̃=0.5246211510, g_norm=4.53e-01
  p=10 start 1: 20 evals, 61.4s elapsed, c̃=0.9104290945, g_norm=2.07e+00
  p=10 start 1: 30 evals, 92.2s elapsed, c̃=0.8134341366, g_norm=1.10e+00
  p=10 start 1: 40 evals, 123.0s elapsed, c̃=0.9160732120, g_norm=1.32e+00
  p=10 start 1: 50 evals, 153.7s elapsed, c̃=0.8482634181, g_norm=1.30e+00
  p=10 start 1: 60 evals, 184.2s elapsed, c̃=0.8220370919, g_norm=9.96e-01
  p=10 start 1: 70 evals, 214.7s elapsed, c̃=1.1353626416, g_norm=2.56e+00
  p=10 start 1: 80 evals, 245.5s elapsed, c̃=1.1353626416, g_norm=2.56e+00
  p=10 start 1: 90 evals, 276.2s elapsed, c̃=1.1353626416, g_norm=2.56e+00
  p=10 start 1: 100 evals, 306.6s elapsed, c̃=0.7620697165, g_norm=9.35e-01
  p=10 start 1: 110 evals, 337.3s elapsed, c̃=0.6499633774, g_norm=6.81e-01
  p=10 start 1: 120 evals, 368.0s elapsed, c̃=0.6057328402, g_norm=3.29e-01
  p=10 start 1: 130 evals, 398.7s elapsed, c̃=0.6732225117, g_norm=8.00e-01
  p=10 start 1: 140 evals, 429.6s elapsed, c̃=0.9641810189, g_norm=2.13e+00
  p=10 start 1: 150 evals, 460.3s elapsed, c̃=1.1961370368, g_norm=1.87e+00
  p=10 start 1: 160 evals, 491.1s elapsed, c̃=1.1961370368, g_norm=1.87e+00
  p=10 start 1: 170 evals, 521.9s elapsed, c̃=0.9362728932, g_norm=1.20e+00
  p=10 start 1: 180 evals, 552.7s elapsed, c̃=0.9763551715, g_norm=2.21e+00
  p=10 start 1: 190 evals, 583.4s elapsed, c̃=0.9763551715, g_norm=2.21e+00
  p=10 start 1: 200 evals, 614.1s elapsed, c̃=0.9763551715, g_norm=2.21e+00
  p=10 start 1: 210 evals, 644.8s elapsed, c̃=0.6527674299, g_norm=6.74e-01
  p=10 start 1: 220 evals, 675.5s elapsed, c̃=0.9937069217, g_norm=1.71e+00
  p=10 start 1: 230 evals, 706.1s elapsed, c̃=0.9868291841, g_norm=2.89e+00
  p=10 start 1: 240 evals, 736.7s elapsed, c̃=0.9868291841, g_norm=2.89e+00
  p=10 start 1: 250 evals, 767.5s elapsed, c̃=0.5000013639, g_norm=5.14e-05
  p=10 start 1: 260 evals, 798.1s elapsed, c̃=0.6804856809, g_norm=7.38e-01
  p=10 start 1: 270 evals, 828.8s elapsed, c̃=0.8373247952, g_norm=1.29e+00
  p=10 start 1: 280 evals, 859.6s elapsed, c̃=0.5964745689, g_norm=3.27e-01
  p=10 start 1: 290 evals, 890.3s elapsed, c̃=0.6684709644, g_norm=5.70e-01
  p=10 start 1: 300 evals, 921.3s elapsed, c̃=0.6423630541, g_norm=8.45e-01
  p=10 start 1: 310 evals, 952.1s elapsed, c̃=0.7468121747, g_norm=8.69e-01
  p=10 start 1: 320 evals, 982.9s elapsed, c̃=0.7793870808, g_norm=1.28e+00
  p=10 start 1: 330 evals, 1014.1s elapsed, c̃=0.7263015700, g_norm=9.27e-01
  p=10 start 1: 340 evals, 1044.7s elapsed, c̃=0.9751160043, g_norm=1.21e+00
  p=10 start 1: 350 evals, 1075.4s elapsed, c̃=0.9772081304, g_norm=1.24e+00
  p=10 start 1: 360 evals, 1106.1s elapsed, c̃=0.9772081304, g_norm=1.24e+00
  p=12 start 1: 2 evals, 63.6s elapsed, c̃=-38277242024994835249151368421703833245988939948763561976807391729148845056409096339587072.0000000000, g_norm=8.51e+92
  p=12 start 1: 3 evals, 134.3s elapsed, c̃=13448752029636048183579203119893382647971755807326560917914575820060410036319460630349504271445722035667516616721892187909775321348338991588479013822136320.0000000000, g_norm=1.37e+159
  p=12 start 1: 4 evals, 203.5s elapsed, c̃=0.5000000000, g_norm=3.14e-199
  p=12 start 1: 5 evals, 273.3s elapsed, c̃=-98347826497.3052215576, g_norm=6.53e+15
