[2026-03-31T23:28:30] Task 3: k=3, D=6, p=1–15
[2026-03-31T23:28:30] Command: julia --project=. -t 28 scripts/optimize_qaoa.jl 3 6 1 15 2 320 1234 true adjoint
[2026-03-31T23:28:30] Threads: 28, RAM available: 2835 GB
preserved run_id=20260331T232833-k3-d6-p1-15-r2-i320-s1234
preserved directory=/home/stephenjordan_google_com/qaoa-xorsat/scripts/../.project/results/optimization/runs/20260331T232833-k3-d6-p1-15-r2-i320-s1234
┌ Warning: Assignment to `best_checkpoint_value` in soft scope is ambiguous because a global variable by the same name exists: `best_checkpoint_value` will be treated as a new local. Disambiguate by using `local best_checkpoint_value` to suppress this warning or `global best_checkpoint_value` to assign to the existing global variable.
└ @ ~/qaoa-xorsat/scripts/optimize_qaoa.jl:496
[ Info: JIT warmup...
[ Info: JIT warmup complete, starting sweep
  p=8 start 2: 161 evals, 30.0s elapsed, c̃=0.7351177741, g_norm=2.19e-02
  p=8 start 3: 162 evals, 30.0s elapsed, c̃=0.7497584575, g_norm=3.94e-03
  p=8 start 3: 341 evals, 60.1s elapsed, c̃=0.7504617012, g_norm=6.80e-04
  p=8 start 2: 338 evals, 60.1s elapsed, c̃=0.7543536973, g_norm=2.67e-02
  p=8 start 2: 532 evals, 90.1s elapsed, c̃=0.7701838526, g_norm=4.15e-03
  p=9 start 1: 32 evals, 30.1s elapsed, c̃=0.7962899701, g_norm=2.01e-03
  p=9 start 2: 32 evals, 30.1s elapsed, c̃=0.5113907270, g_norm=5.85e-02
  p=9 start 3: 32 evals, 30.1s elapsed, c̃=0.5000140175, g_norm=1.03e-03
  p=9 start 2: 63 evals, 60.2s elapsed, c̃=0.7093251170, g_norm=8.12e-02
  p=9 start 3: 63 evals, 60.2s elapsed, c̃=0.5002764706, g_norm=3.69e-03
  p=9 start 1: 64 evals, 60.8s elapsed, c̃=0.7962970066, g_norm=1.96e-05
  p=9 start 3: 94 evals, 90.7s elapsed, c̃=0.6369855689, g_norm=2.49e-01
  p=9 start 1: 95 evals, 91.0s elapsed, c̃=0.7962970784, g_norm=1.25e-05
  p=9 start 2: 94 evals, 91.0s elapsed, c̃=0.7221990637, g_norm=5.59e-02
  p=9 start 1: 126 evals, 121.0s elapsed, c̃=0.7962965678, g_norm=1.35e-05
  p=9 start 3: 126 evals, 121.5s elapsed, c̃=0.6987106291, g_norm=2.24e-02
  p=9 start 2: 126 evals, 121.6s elapsed, c̃=0.7284150216, g_norm=5.44e-03
  p=9 start 1: 157 evals, 151.4s elapsed, c̃=0.7962971744, g_norm=1.22e-05
  p=9 start 2: 157 evals, 151.8s elapsed, c̃=0.7302810536, g_norm=2.13e-02
  p=9 start 3: 157 evals, 151.8s elapsed, c̃=0.6941523022, g_norm=1.69e-01
  p=9 start 3: 191 evals, 182.3s elapsed, c̃=0.7173129004, g_norm=2.00e-02
  p=9 start 2: 191 evals, 182.6s elapsed, c̃=0.7307043972, g_norm=1.39e-01
  p=9 start 3: 228 evals, 212.9s elapsed, c̃=0.7142165377, g_norm=2.31e-01
  p=9 start 2: 228 evals, 213.2s elapsed, c̃=0.7462207781, g_norm=1.71e-02
  p=9 start 3: 264 evals, 243.0s elapsed, c̃=0.7325196832, g_norm=1.12e-02
  p=9 start 2: 264 evals, 243.3s elapsed, c̃=0.7490723131, g_norm=1.38e-02
  p=9 start 3: 301 evals, 273.7s elapsed, c̃=0.7329504449, g_norm=1.21e-02
  p=9 start 2: 301 evals, 274.1s elapsed, c̃=0.7496352135, g_norm=9.87e-03
  p=9 start 3: 338 evals, 304.4s elapsed, c̃=0.7335713906, g_norm=3.01e-03
  p=9 start 2: 338 evals, 304.7s elapsed, c̃=0.7500727357, g_norm=4.07e-03
  p=9 start 3: 375 evals, 335.1s elapsed, c̃=0.7336049142, g_norm=1.51e-03
  p=9 start 2: 375 evals, 335.1s elapsed, c̃=0.7501208285, g_norm=2.49e-03
  p=9 start 3: 411 evals, 365.1s elapsed, c̃=0.7336052741, g_norm=3.22e-03
  p=9 start 2: 412 evals, 365.4s elapsed, c̃=0.7501367556, g_norm=1.73e-03
  p=9 start 3: 448 evals, 395.6s elapsed, c̃=0.7336115251, g_norm=1.67e-04
  p=9 start 2: 449 evals, 396.0s elapsed, c̃=0.7501435381, g_norm=3.29e-03
  p=9 start 3: 484 evals, 425.7s elapsed, c̃=0.7336116194, g_norm=4.82e-05
  p=9 start 2: 486 evals, 426.4s elapsed, c̃=0.7501485565, g_norm=1.11e-04
  p=9 start 2: 526 evals, 456.5s elapsed, c̃=0.7501478269, g_norm=8.47e-06
  p=10 start 3: 9 evals, 31.1s elapsed, c̃=0.4999988256, g_norm=1.33e-04
  p=10 start 1: 9 evals, 31.5s elapsed, c̃=0.8003349628, g_norm=3.77e-02
  p=10 start 1: 18 evals, 64.8s elapsed, c̃=0.8015793543, g_norm=1.14e-02
  p=10 start 3: 18 evals, 64.8s elapsed, c̃=0.5007601135, g_norm=4.69e-03
  p=10 start 1: 27 evals, 98.3s elapsed, c̃=0.8016141885, g_norm=2.49e-02
  p=10 start 3: 27 evals, 98.3s elapsed, c̃=0.4996313113, g_norm=5.40e-03
  p=10 start 1: 36 evals, 131.9s elapsed, c̃=0.8018567772, g_norm=1.73e-03
  p=10 start 3: 36 evals, 132.0s elapsed, c̃=0.4979874130, g_norm=1.22e-02
  p=10 start 1: 45 evals, 165.3s elapsed, c̃=0.8018574153, g_norm=1.73e-03
  p=10 start 3: 45 evals, 165.1s elapsed, c̃=0.5018916753, g_norm=3.17e-02
  p=10 start 1: 54 evals, 198.8s elapsed, c̃=0.8018573810, g_norm=1.73e-03
  p=10 start 3: 54 evals, 198.6s elapsed, c̃=0.5116391416, g_norm=1.40e-01
  p=10 start 1: 63 evals, 232.3s elapsed, c̃=0.8018571100, g_norm=1.75e-03
  p=10 start 3: 63 evals, 232.3s elapsed, c̃=0.5009748093, g_norm=3.32e-02
  p=10 start 1: 72 evals, 265.6s elapsed, c̃=0.8018574548, g_norm=1.74e-03
  p=10 start 3: 72 evals, 265.6s elapsed, c̃=0.5006337068, g_norm=1.47e-02
  p=10 start 1: 81 evals, 299.0s elapsed, c̃=0.8018587005, g_norm=1.73e-03
  p=10 start 3: 81 evals, 299.0s elapsed, c̃=0.4999999974, g_norm=2.36e-07
  p=10 start 1: 90 evals, 332.5s elapsed, c̃=0.8018565683, g_norm=1.48e-03
  p=10 start 3: 90 evals, 332.4s elapsed, c̃=0.6284108263, g_norm=4.39e-01
  p=10 start 1: 99 evals, 365.9s elapsed, c̃=0.8018712239, g_norm=1.73e-03
  p=10 start 3: 99 evals, 365.8s elapsed, c̃=0.6769616664, g_norm=1.83e-01
  p=10 start 1: 108 evals, 399.5s elapsed, c̃=0.8018682964, g_norm=1.11e-03
  p=10 start 3: 108 evals, 399.5s elapsed, c̃=0.7001506943, g_norm=1.13e-01
  p=10 start 1: 117 evals, 433.1s elapsed, c̃=0.8018675155, g_norm=1.17e-03
  p=10 start 3: 117 evals, 432.9s elapsed, c̃=0.7122652559, g_norm=7.67e-02
  p=10 start 1: 126 evals, 466.6s elapsed, c̃=0.8018699356, g_norm=1.19e-03
  p=10 start 3: 126 evals, 466.6s elapsed, c̃=0.7248217418, g_norm=8.79e-02
  p=10 start 1: 135 evals, 499.8s elapsed, c̃=0.8018708350, g_norm=1.09e-03
  p=10 start 3: 135 evals, 499.7s elapsed, c̃=0.7246168482, g_norm=1.32e-01
  p=10 start 1: 143 evals, 529.9s elapsed, c̃=0.8018680214, g_norm=1.09e-03
  p=10 start 3: 144 evals, 533.2s elapsed, c̃=0.7320191030, g_norm=2.35e-02
  p=10 start 1: 152 evals, 563.3s elapsed, c̃=0.8018714251, g_norm=4.63e-04
  p=10 start 3: 153 evals, 566.7s elapsed, c̃=0.7344719978, g_norm=1.61e-02
  p=10 start 1: 161 evals, 596.3s elapsed, c̃=0.8018694227, g_norm=4.84e-04
  p=10 start 3: 162 evals, 599.8s elapsed, c̃=0.7341956676, g_norm=7.43e-02
  p=10 start 1: 170 evals, 630.1s elapsed, c̃=0.8018717601, g_norm=5.10e-04
  p=10 start 3: 171 evals, 633.5s elapsed, c̃=0.7353540401, g_norm=1.24e-01
  p=10 start 1: 179 evals, 663.6s elapsed, c̃=0.8018730310, g_norm=4.61e-04
  p=10 start 3: 180 evals, 667.3s elapsed, c̃=0.7420521329, g_norm=5.26e-02
  p=10 start 1: 188 evals, 697.0s elapsed, c̃=0.8018708284, g_norm=4.53e-04
  p=10 start 3: 189 evals, 700.5s elapsed, c̃=0.7462710057, g_norm=1.68e-02
  p=10 start 1: 197 evals, 730.4s elapsed, c̃=0.8018696301, g_norm=5.51e-04
  p=10 start 3: 198 evals, 733.9s elapsed, c̃=0.7466915705, g_norm=7.88e-02
  p=10 start 1: 206 evals, 764.0s elapsed, c̃=0.8018687870, g_norm=1.08e-03
  p=10 start 3: 206 evals, 764.1s elapsed, c̃=0.7506218744, g_norm=6.06e-02
  p=10 start 1: 215 evals, 797.6s elapsed, c̃=0.8018697880, g_norm=4.24e-04
  p=10 start 3: 215 evals, 797.6s elapsed, c̃=0.7538750698, g_norm=8.36e-02
  p=10 start 3: 224 evals, 830.8s elapsed, c̃=0.7559543476, g_norm=2.91e-02
  p=10 start 1: 224 evals, 831.3s elapsed, c̃=0.8018652904, g_norm=4.80e-04
  p=10 start 1: 233 evals, 864.4s elapsed, c̃=0.8018671609, g_norm=4.64e-04
  p=10 start 3: 233 evals, 864.3s elapsed, c̃=0.7584634551, g_norm=2.52e-02
  p=10 start 3: 242 evals, 897.6s elapsed, c̃=0.7589042438, g_norm=8.08e-03
  p=10 start 1: 242 evals, 897.9s elapsed, c̃=0.8018699121, g_norm=4.08e-04
  p=10 start 1: 251 evals, 931.3s elapsed, c̃=0.8018668437, g_norm=4.44e-04
  p=10 start 3: 251 evals, 931.3s elapsed, c̃=0.7592328213, g_norm=1.04e-02
  p=10 start 1: 260 evals, 965.0s elapsed, c̃=0.8018741762, g_norm=2.57e-04
  p=10 start 3: 260 evals, 964.9s elapsed, c̃=0.7597904275, g_norm=8.59e-03
  p=10 start 1: 269 evals, 998.3s elapsed, c̃=0.8018660474, g_norm=2.75e-04
  p=10 start 3: 269 evals, 998.2s elapsed, c̃=0.7600852101, g_norm=1.76e-02
  p=10 start 3: 278 evals, 1031.5s elapsed, c̃=0.7604981790, g_norm=6.89e-03
  p=10 start 1: 278 evals, 1031.9s elapsed, c̃=0.8018695397, g_norm=2.50e-04
  p=10 start 3: 287 evals, 1064.8s elapsed, c̃=0.7605910829, g_norm=3.94e-03
  p=10 start 1: 287 evals, 1065.3s elapsed, c̃=0.8018725659, g_norm=3.48e-04
  p=10 start 3: 296 evals, 1098.3s elapsed, c̃=0.7607920771, g_norm=9.63e-03
  p=10 start 1: 296 evals, 1098.6s elapsed, c̃=0.8018727420, g_norm=3.29e-04
  p=10 start 3: 305 evals, 1131.6s elapsed, c̃=0.7611874953, g_norm=9.64e-03
  p=10 start 1: 305 evals, 1132.0s elapsed, c̃=0.8018703323, g_norm=2.15e-04
  p=10 start 3: 313 evals, 1161.7s elapsed, c̃=0.7613976080, g_norm=8.77e-03
  p=10 start 1: 314 evals, 1165.4s elapsed, c̃=0.8018744868, g_norm=2.29e-04
  p=10 start 3: 322 evals, 1195.2s elapsed, c̃=0.7616027999, g_norm=1.94e-02
  p=10 start 1: 323 evals, 1198.9s elapsed, c̃=0.8018699424, g_norm=4.50e-04
  p=10 start 3: 331 evals, 1228.6s elapsed, c̃=0.7481231797, g_norm=2.08e-01
  p=10 start 1: 332 evals, 1232.2s elapsed, c̃=0.8018688264, g_norm=1.85e-04
  p=10 start 3: 340 evals, 1261.9s elapsed, c̃=0.7644374030, g_norm=3.70e-02
  p=10 start 1: 340 evals, 1262.3s elapsed, c̃=0.8018694968, g_norm=2.08e-04
  p=10 start 1: 349 evals, 1295.7s elapsed, c̃=0.8018652403, g_norm=3.62e-04
  p=10 start 3: 349 evals, 1295.7s elapsed, c̃=0.7673545262, g_norm=2.89e-02
  p=10 start 3: 358 evals, 1329.1s elapsed, c̃=0.7688263004, g_norm=1.96e-02
  p=10 start 1: 358 evals, 1329.5s elapsed, c̃=0.8018715238, g_norm=3.44e-04
  p=10 start 1: 367 evals, 1362.7s elapsed, c̃=0.8018739521, g_norm=2.05e-04
  p=10 start 3: 367 evals, 1362.7s elapsed, c̃=0.7693739437, g_norm=5.86e-03
  p=10 start 3: 376 evals, 1396.0s elapsed, c̃=0.7700772229, g_norm=8.65e-03
  p=10 start 1: 376 evals, 1396.3s elapsed, c̃=0.8018705220, g_norm=1.66e-04
  p=10 start 3: 385 evals, 1429.4s elapsed, c̃=0.7701607772, g_norm=6.16e-03
  p=10 start 1: 385 evals, 1429.7s elapsed, c̃=0.8018687784, g_norm=1.97e-04
  p=10 start 1: 394 evals, 1463.2s elapsed, c̃=0.8018672366, g_norm=1.99e-04
  p=10 start 3: 394 evals, 1463.2s elapsed, c̃=0.7702421577, g_norm=2.56e-03
  p=10 start 1: 403 evals, 1496.5s elapsed, c̃=0.8018698379, g_norm=3.70e-04
  p=10 start 3: 403 evals, 1496.4s elapsed, c̃=0.7703503963, g_norm=3.77e-03
  p=10 start 1: 411 evals, 1526.7s elapsed, c̃=0.8018712243, g_norm=4.58e-04
  p=10 start 3: 412 evals, 1530.0s elapsed, c̃=0.7703768908, g_norm=1.32e-03
  p=10 start 1: 420 evals, 1560.3s elapsed, c̃=0.8018732126, g_norm=2.92e-04
  p=10 start 3: 421 evals, 1563.7s elapsed, c̃=0.7703793764, g_norm=1.53e-03
  p=10 start 1: 429 evals, 1593.5s elapsed, c̃=0.8018687908, g_norm=2.33e-04
  p=10 start 3: 430 evals, 1596.9s elapsed, c̃=0.7703755575, g_norm=1.55e-03
  p=10 start 1: 438 evals, 1626.8s elapsed, c̃=0.8018641813, g_norm=3.22e-04
  p=10 start 3: 439 evals, 1630.5s elapsed, c̃=0.7703737826, g_norm=1.56e-03
  p=10 start 1: 447 evals, 1660.2s elapsed, c̃=0.8018723468, g_norm=3.51e-04
  p=10 start 3: 448 evals, 1663.8s elapsed, c̃=0.7703763349, g_norm=1.56e-03
  p=10 start 1: 456 evals, 1693.5s elapsed, c̃=0.8018685390, g_norm=3.24e-04
  p=10 start 3: 457 evals, 1697.0s elapsed, c̃=0.7703737321, g_norm=1.56e-03
  p=10 start 1: 465 evals, 1727.0s elapsed, c̃=0.8018707074, g_norm=1.90e-04
  p=10 start 3: 466 evals, 1730.6s elapsed, c̃=0.7703678776, g_norm=4.71e-03
  p=10 start 1: 474 evals, 1760.5s elapsed, c̃=0.8018685100, g_norm=1.98e-04
  p=10 start 3: 475 evals, 1764.2s elapsed, c̃=0.7703777591, g_norm=1.15e-03
  p=10 start 1: 483 evals, 1794.1s elapsed, c̃=0.8018718865, g_norm=2.88e-04
  p=10 start 3: 484 evals, 1797.4s elapsed, c̃=0.7703838551, g_norm=9.24e-04
  p=10 start 1: 492 evals, 1827.5s elapsed, c̃=0.8018654859, g_norm=3.14e-04
  p=10 start 3: 492 evals, 1827.6s elapsed, c̃=0.7703794552, g_norm=9.59e-04
  p=10 start 1: 501 evals, 1860.7s elapsed, c̃=0.8018714860, g_norm=1.81e-04
  p=10 start 3: 501 evals, 1860.7s elapsed, c̃=0.7703782095, g_norm=9.25e-04
  p=10 start 1: 510 evals, 1894.3s elapsed, c̃=0.8018699039, g_norm=2.15e-04
  p=10 start 3: 510 evals, 1894.1s elapsed, c̃=0.7703819982, g_norm=9.24e-04
  p=10 start 1: 519 evals, 1927.7s elapsed, c̃=0.8018727720, g_norm=2.74e-04
  p=10 start 3: 519 evals, 1927.6s elapsed, c̃=0.7703817838, g_norm=9.24e-04
  p=10 start 3: 528 evals, 1960.9s elapsed, c̃=0.7703816508, g_norm=9.21e-04
  p=10 start 1: 528 evals, 1961.3s elapsed, c̃=0.8018738073, g_norm=4.85e-04
  p=10 start 1: 537 evals, 1994.5s elapsed, c̃=0.8018727720, g_norm=2.74e-04
  p=10 start 3: 537 evals, 1994.4s elapsed, c̃=0.7703805889, g_norm=9.44e-04
  p=10 start 1: 546 evals, 2028.0s elapsed, c̃=0.8018725282, g_norm=2.11e-04
  p=10 start 3: 546 evals, 2027.9s elapsed, c̃=0.7703819546, g_norm=9.26e-04
  p=10 start 1: 555 evals, 2061.5s elapsed, c̃=0.8018680163, g_norm=6.96e-04
  p=10 start 3: 555 evals, 2061.5s elapsed, c̃=0.7703841996, g_norm=9.25e-04
  p=10 start 1: 564 evals, 2094.7s elapsed, c̃=0.8018717021, g_norm=1.68e-04
  p=10 start 3: 564 evals, 2094.6s elapsed, c̃=0.7703855167, g_norm=9.24e-04
  p=10 start 1: 573 evals, 2128.1s elapsed, c̃=0.8018676903, g_norm=1.66e-04
  p=10 start 3: 573 evals, 2127.9s elapsed, c̃=0.7703852102, g_norm=9.24e-04
  p=10 start 1: 582 evals, 2161.6s elapsed, c̃=0.8018731411, g_norm=3.77e-04
  p=10 start 3: 582 evals, 2161.5s elapsed, c̃=0.7703856673, g_norm=7.49e-04
  p=10 start 3: 591 evals, 2194.8s elapsed, c̃=0.7703815172, g_norm=7.62e-04
  p=10 start 1: 591 evals, 2195.2s elapsed, c̃=0.8018716436, g_norm=1.67e-04
  p=10 start 3: 600 evals, 2228.2s elapsed, c̃=0.7703816366, g_norm=7.38e-04
  p=10 start 1: 600 evals, 2228.6s elapsed, c̃=0.8018714242, g_norm=1.60e-04
  p=10 start 1: 609 evals, 2261.9s elapsed, c̃=0.8018732113, g_norm=2.89e-04
  p=10 start 3: 609 evals, 2261.9s elapsed, c̃=0.7703808006, g_norm=7.74e-04
  p=10 start 1: 618 evals, 2295.5s elapsed, c̃=0.8018658948, g_norm=5.66e-04
  p=10 start 3: 618 evals, 2295.5s elapsed, c̃=0.7703813758, g_norm=7.62e-04
  p=10 start 3: 627 evals, 2328.5s elapsed, c̃=0.7703840495, g_norm=7.64e-04
  p=10 start 1: 627 evals, 2328.9s elapsed, c̃=0.8018731006, g_norm=1.55e-04
  p=10 start 3: 636 evals, 2362.0s elapsed, c̃=0.7703869517, g_norm=8.83e-04
  p=10 start 1: 636 evals, 2362.4s elapsed, c̃=0.8018707715, g_norm=1.45e-04
  p=10 start 3: 645 evals, 2395.4s elapsed, c̃=0.7703863586, g_norm=9.35e-04
  p=10 start 1: 645 evals, 2395.9s elapsed, c̃=0.8018716384, g_norm=2.86e-04
  p=10 start 1: 654 evals, 2429.0s elapsed, c̃=0.8018700367, g_norm=1.61e-04
  p=10 start 3: 654 evals, 2429.0s elapsed, c̃=0.7703830307, g_norm=9.19e-04
  p=10 start 1: 662 evals, 2459.1s elapsed, c̃=0.8018664006, g_norm=2.83e-04
  p=10 start 3: 662 evals, 2459.2s elapsed, c̃=0.7703835082, g_norm=9.63e-04
  p=10 start 1: 670 evals, 2489.1s elapsed, c̃=0.8018709842, g_norm=2.68e-04
  p=10 start 3: 671 evals, 2492.4s elapsed, c̃=0.7703878582, g_norm=9.58e-04
  p=10 start 1: 679 evals, 2522.4s elapsed, c̃=0.8018699423, g_norm=3.89e-04
  p=10 start 3: 680 evals, 2526.2s elapsed, c̃=0.7703823988, g_norm=9.81e-04
  p=10 start 1: 688 evals, 2555.9s elapsed, c̃=0.8018720150, g_norm=2.64e-04
  p=10 start 3: 689 evals, 2559.6s elapsed, c̃=0.7703885372, g_norm=1.68e-03
  p=10 start 1: 697 evals, 2589.5s elapsed, c̃=0.8018715691, g_norm=2.39e-04
  p=10 start 3: 698 evals, 2592.8s elapsed, c̃=0.7703905438, g_norm=6.94e-04
  p=10 start 1: 706 evals, 2622.7s elapsed, c̃=0.8018641183, g_norm=3.25e-04
  p=10 start 3: 707 evals, 2626.4s elapsed, c̃=0.7703873277, g_norm=7.43e-04
  p=10 start 1: 715 evals, 2656.0s elapsed, c̃=0.8018651911, g_norm=1.95e-04
  p=10 start 3: 716 evals, 2659.7s elapsed, c̃=0.7703857610, g_norm=7.69e-04
  p=10 start 1: 724 evals, 2689.5s elapsed, c̃=0.8018657636, g_norm=1.62e-04
  p=10 start 3: 725 evals, 2693.1s elapsed, c̃=0.7703926355, g_norm=7.58e-04
  p=10 start 1: 733 evals, 2723.1s elapsed, c̃=0.8018671958, g_norm=2.71e-04
  p=10 start 3: 734 evals, 2726.4s elapsed, c̃=0.7703919920, g_norm=7.31e-04
  p=10 start 1: 742 evals, 2756.4s elapsed, c̃=0.8018759192, g_norm=2.86e-04
  p=10 start 3: 742 evals, 2756.5s elapsed, c̃=0.7703932643, g_norm=7.13e-04
  p=10 start 1: 751 evals, 2789.9s elapsed, c̃=0.8018721881, g_norm=3.26e-04
  p=10 start 3: 751 evals, 2789.9s elapsed, c̃=0.7703911405, g_norm=7.18e-04
  p=10 start 1: 759 evals, 2820.1s elapsed, c̃=0.8018721881, g_norm=3.26e-04
  p=10 start 3: 760 evals, 2823.4s elapsed, c̃=0.7703907979, g_norm=7.12e-04
  p=10 start 3: 768 evals, 2853.6s elapsed, c̃=0.7703893589, g_norm=6.85e-04
  p=10 start 1: 768 evals, 2854.0s elapsed, c̃=0.8018670820, g_norm=3.35e-04
  p=10 start 3: 777 evals, 2887.1s elapsed, c̃=0.7703892652, g_norm=7.88e-04
  p=10 start 1: 777 evals, 2887.4s elapsed, c̃=0.8018707212, g_norm=4.54e-04
  p=10 start 1: 786 evals, 2920.8s elapsed, c̃=0.8018723679, g_norm=2.85e-04
  p=10 start 3: 786 evals, 2920.8s elapsed, c̃=0.7703926374, g_norm=6.98e-04
  p=10 start 1: 794 evals, 2950.9s elapsed, c̃=0.8018714851, g_norm=2.01e-04
  p=10 start 3: 795 evals, 2954.5s elapsed, c̃=0.7703922403, g_norm=7.58e-04
  p=10 start 1: 803 evals, 2984.5s elapsed, c̃=0.8018710859, g_norm=1.89e-04
  p=10 start 3: 804 evals, 2987.8s elapsed, c̃=0.7703892354, g_norm=6.56e-04
  p=10 start 1: 812 evals, 3017.8s elapsed, c̃=0.8018735605, g_norm=4.28e-04
  p=10 start 3: 813 evals, 3021.3s elapsed, c̃=0.7703895130, g_norm=7.52e-04
  p=10 start 1: 821 evals, 3051.2s elapsed, c̃=0.8018735605, g_norm=4.28e-04
  p=10 start 3: 822 evals, 3054.9s elapsed, c̃=0.7703921708, g_norm=7.17e-04
  p=10 start 1: 830 evals, 3084.7s elapsed, c̃=0.8018693581, g_norm=3.13e-04
  p=10 start 3: 831 evals, 3088.4s elapsed, c̃=0.7703883242, g_norm=9.38e-04
  p=10 start 1: 839 evals, 3118.0s elapsed, c̃=0.8018702035, g_norm=3.29e-04
  p=10 start 3: 840 evals, 3121.7s elapsed, c̃=0.7703949473, g_norm=6.88e-04
  p=10 start 1: 848 evals, 3151.4s elapsed, c̃=0.8018678913, g_norm=2.43e-04
  p=10 start 3: 849 evals, 3155.0s elapsed, c̃=0.7703948332, g_norm=6.98e-04
  p=10 start 1: 857 evals, 3184.9s elapsed, c̃=0.8018661752, g_norm=2.82e-04
  p=10 start 3: 858 evals, 3188.7s elapsed, c̃=0.7703966267, g_norm=7.01e-04
  p=10 start 1: 866 evals, 3218.5s elapsed, c̃=0.8018737452, g_norm=3.08e-04
  p=10 start 3: 867 evals, 3222.0s elapsed, c̃=0.7703887710, g_norm=7.31e-04
  p=10 start 1: 874 evals, 3248.7s elapsed, c̃=0.8018741790, g_norm=2.85e-04
  p=10 start 3: 876 evals, 3255.7s elapsed, c̃=0.7703953489, g_norm=7.47e-04
  p=10 start 1: 883 evals, 3282.2s elapsed, c̃=0.8018675972, g_norm=1.40e-04
  p=10 start 3: 884 evals, 3285.7s elapsed, c̃=0.7703876759, g_norm=7.07e-04
  p=10 start 1: 892 evals, 3315.4s elapsed, c̃=0.8018750204, g_norm=2.88e-04
  p=10 start 3: 893 evals, 3319.0s elapsed, c̃=0.7703917502, g_norm=6.98e-04
  p=10 start 1: 901 evals, 3349.0s elapsed, c̃=0.8018747100, g_norm=2.67e-04
  p=10 start 3: 902 evals, 3352.3s elapsed, c̃=0.7703932431, g_norm=6.99e-04
  p=10 start 1: 910 evals, 3382.3s elapsed, c̃=0.8018703404, g_norm=3.25e-04
  p=10 start 3: 911 evals, 3386.0s elapsed, c̃=0.7703949103, g_norm=7.54e-04
  p=10 start 1: 919 evals, 3415.9s elapsed, c̃=0.8018726296, g_norm=3.15e-04
  p=10 start 3: 920 evals, 3419.5s elapsed, c̃=0.7703963118, g_norm=7.34e-04
  p=10 start 1: 928 evals, 3449.5s elapsed, c̃=0.8018730107, g_norm=2.47e-04
  p=10 start 3: 929 evals, 3452.8s elapsed, c̃=0.7703841751, g_norm=6.65e-04
  p=10 start 1: 937 evals, 3483.1s elapsed, c̃=0.8018703030, g_norm=4.87e-04
  p=10 start 3: 938 evals, 3486.6s elapsed, c̃=0.7703904315, g_norm=7.34e-04
  p=10 start 1: 946 evals, 3516.2s elapsed, c̃=0.8018694643, g_norm=2.04e-04
  p=10 start 3: 947 evals, 3520.0s elapsed, c̃=0.7703884517, g_norm=7.40e-04
  p=10 start 1: 955 evals, 3549.8s elapsed, c̃=0.8018662868, g_norm=2.29e-04
  p=10 start 3: 956 evals, 3553.1s elapsed, c̃=0.7703851959, g_norm=7.78e-04
  p=10 start 1: 964 evals, 3583.0s elapsed, c̃=0.8018730881, g_norm=3.90e-04
  p=10 start 3: 964 evals, 3583.1s elapsed, c̃=0.7703969721, g_norm=7.14e-04
  p=10 start 1: 973 evals, 3616.4s elapsed, c̃=0.8018717176, g_norm=3.08e-04
  p=10 start 3: 973 evals, 3616.3s elapsed, c̃=0.7703961132, g_norm=7.03e-04
  p=10 start 1: 981 evals, 3646.4s elapsed, c̃=0.8018716934, g_norm=3.80e-04
  p=10 start 3: 982 evals, 3649.7s elapsed, c̃=0.7703937493, g_norm=7.45e-04
  p=10 start 1: 990 evals, 3680.0s elapsed, c̃=0.8018727860, g_norm=3.50e-04
  p=10 start 3: 990 evals, 3680.0s elapsed, c̃=0.7703937493, g_norm=7.45e-04
  p=10 start 1: 998 evals, 3710.1s elapsed, c̃=0.8018639759, g_norm=2.91e-04
  p=10 start 3: 999 evals, 3713.5s elapsed, c̃=0.7703885084, g_norm=7.18e-04
  p=10 start 1: 1007 evals, 3743.4s elapsed, c̃=0.8018668019, g_norm=2.63e-04
  p=10 start 3: 1008 evals, 3747.0s elapsed, c̃=0.7703940866, g_norm=7.60e-04
  p=10 start 1: 1016 evals, 3777.1s elapsed, c̃=0.8018722116, g_norm=2.36e-04
  p=10 start 3: 1017 evals, 3780.5s elapsed, c̃=0.7703966717, g_norm=7.25e-04
  p=10 start 1: 1025 evals, 3810.5s elapsed, c̃=0.8018672412, g_norm=3.73e-04
  p=10 start 3: 1026 evals, 3814.0s elapsed, c̃=0.7703940866, g_norm=7.60e-04
  p=10 start 1: 1034 evals, 3843.9s elapsed, c̃=0.8018669641, g_norm=2.45e-04
  p=10 start 3: 1035 evals, 3847.2s elapsed, c̃=0.7703873579, g_norm=7.53e-04
  p=10 start 1: 1043 evals, 3877.2s elapsed, c̃=0.8018711474, g_norm=3.52e-04
  p=10 start 3: 1044 evals, 3880.5s elapsed, c̃=0.7703922141, g_norm=6.91e-04
  p=10 start 1: 1052 evals, 3910.9s elapsed, c̃=0.8018759476, g_norm=2.87e-04
  p=10 start 3: 1053 evals, 3914.1s elapsed, c̃=0.7703955094, g_norm=6.98e-04
  p=10 start 1: 1061 evals, 3944.3s elapsed, c̃=0.8018702348, g_norm=3.06e-04
  p=10 start 3: 1061 evals, 3944.3s elapsed, c̃=0.7703955094, g_norm=6.98e-04
  p=10 start 3: 1070 evals, 3977.5s elapsed, c̃=0.7703966717, g_norm=7.25e-04
  p=10 start 1: 1070 evals, 3978.0s elapsed, c̃=0.8018697635, g_norm=1.99e-04
  p=10 start 1: 1079 evals, 4008.5s elapsed, c̃=0.8018664056, g_norm=1.62e-04
  p=10 start 1: 1090 evals, 4041.3s elapsed, c̃=0.8018678318, g_norm=3.77e-04
  p=10 start 1: 1100 evals, 4071.3s elapsed, c̃=0.8018751860, g_norm=3.40e-04
  p=10 start 1: 1111 evals, 4104.2s elapsed, c̃=0.8018744610, g_norm=2.63e-04
  p=10 start 1: 1122 evals, 4137.2s elapsed, c̃=0.8018677778, g_norm=2.61e-04
  p=10 start 1: 1133 evals, 4170.0s elapsed, c̃=0.8018708164, g_norm=3.56e-04
  p=10 start 1: 1144 evals, 4202.9s elapsed, c̃=0.8018689049, g_norm=2.74e-04
  p=10 start 1: 1155 evals, 4235.7s elapsed, c̃=0.8018722528, g_norm=2.75e-04
  p=10 start 1: 1166 evals, 4268.6s elapsed, c̃=0.8018745087, g_norm=3.58e-04
  p=10 start 1: 1177 evals, 4301.6s elapsed, c̃=0.8018739144, g_norm=2.43e-04
  p=10 start 1: 1188 evals, 4334.4s elapsed, c̃=0.8018745087, g_norm=3.58e-04
  p=10 start 1: 1199 evals, 4367.2s elapsed, c̃=0.8018700198, g_norm=2.14e-04
  p=10 start 1: 1210 evals, 4400.0s elapsed, c̃=0.8018682133, g_norm=3.13e-04
  p=10 start 1: 1221 evals, 4432.8s elapsed, c̃=0.8018706763, g_norm=3.61e-04
  p=10 start 1: 1232 evals, 4465.6s elapsed, c̃=0.8018730726, g_norm=3.17e-04
  p=10 start 1: 1243 evals, 4498.3s elapsed, c̃=0.8018732292, g_norm=4.21e-04
  p=10 start 1: 1254 evals, 4531.2s elapsed, c̃=0.8018719394, g_norm=2.05e-04
  p=10 start 1: 1265 evals, 4564.1s elapsed, c̃=0.8018700600, g_norm=2.44e-04
  p=10 start 1: 1276 evals, 4596.8s elapsed, c̃=0.8018700354, g_norm=4.27e-04
  p=10 start 1: 1287 evals, 4629.7s elapsed, c̃=0.8018703950, g_norm=2.52e-04
  p=10 start 1: 1298 evals, 4662.3s elapsed, c̃=0.8018725200, g_norm=3.53e-04
  p=10 start 1: 1309 evals, 4695.3s elapsed, c̃=0.8018701464, g_norm=2.33e-04
  p=10 start 1: 1320 evals, 4728.1s elapsed, c̃=0.8018740454, g_norm=1.10e-04
  p=10 start 1: 1331 evals, 4760.8s elapsed, c̃=0.8018672710, g_norm=1.57e-04
  p=10 start 1: 1341 evals, 4790.9s elapsed, c̃=0.8018691275, g_norm=1.59e-04
  p=10 start 1: 1352 evals, 4823.8s elapsed, c̃=0.8018643951, g_norm=2.67e-04
  p=10 start 1: 1363 evals, 4856.3s elapsed, c̃=0.8018719533, g_norm=1.40e-04
  p=10 start 1: 1374 evals, 4888.9s elapsed, c̃=0.8018704476, g_norm=2.18e-04
  p=10 start 1: 1385 evals, 4921.7s elapsed, c̃=0.8018692817, g_norm=2.16e-04
  p=10 start 1: 1396 evals, 4954.5s elapsed, c̃=0.8018687098, g_norm=1.68e-04
  p=10 start 1: 1407 evals, 4987.3s elapsed, c̃=0.8018686766, g_norm=3.09e-04
  p=10 start 1: 1418 evals, 5020.2s elapsed, c̃=0.8018749691, g_norm=3.52e-04
  p=10 start 1: 1429 evals, 5052.9s elapsed, c̃=0.8018669033, g_norm=1.87e-04
  p=10 start 1: 1440 evals, 5085.8s elapsed, c̃=0.8018725240, g_norm=2.90e-04
  p=10 start 1: 1451 evals, 5118.7s elapsed, c̃=0.8018701702, g_norm=2.70e-04
  p=10 start 1: 1462 evals, 5151.4s elapsed, c̃=0.8018726843, g_norm=3.89e-04
  p=10 start 1: 1473 evals, 5183.9s elapsed, c̃=0.8018747023, g_norm=2.83e-04
  p=10 start 1: 1484 evals, 5216.8s elapsed, c̃=0.8018726843, g_norm=3.89e-04
  p=11 start 1: 4 evals, 41.8s elapsed, c̃=0.8018640409, g_norm=1.42e-01
  p=11 start 1: 7 evals, 83.3s elapsed, c̃=0.8048102134, g_norm=2.29e-02
  p=11 start 1: 10 evals, 124.7s elapsed, c̃=0.8051316043, g_norm=2.17e-02
  p=11 start 1: 13 evals, 166.1s elapsed, c̃=0.8057504901, g_norm=2.51e-02
  p=11 start 1: 16 evals, 207.7s elapsed, c̃=0.8063337319, g_norm=1.14e-02
  p=11 start 1: 19 evals, 249.0s elapsed, c̃=0.8063450814, g_norm=1.67e-02
  p=11 start 1: 22 evals, 290.4s elapsed, c̃=0.8064095968, g_norm=9.13e-03
  p=11 start 1: 25 evals, 332.6s elapsed, c̃=0.8065169219, g_norm=5.64e-03
  p=11 start 1: 28 evals, 374.1s elapsed, c̃=0.8065395699, g_norm=6.62e-03
  p=11 start 1: 31 evals, 416.3s elapsed, c̃=0.8065221862, g_norm=6.67e-03
  p=11 start 1: 34 evals, 458.4s elapsed, c̃=0.8065797732, g_norm=8.70e-03
  p=11 start 1: 37 evals, 500.1s elapsed, c̃=0.8065725088, g_norm=8.16e-03
  p=11 start 1: 40 evals, 541.5s elapsed, c̃=0.8065416941, g_norm=6.77e-03
  p=11 start 1: 43 evals, 582.9s elapsed, c̃=0.8065534830, g_norm=1.17e-02
  p=11 start 1: 46 evals, 624.3s elapsed, c̃=0.8065376776, g_norm=6.84e-03
  p=11 start 1: 49 evals, 665.7s elapsed, c̃=0.8065414845, g_norm=1.11e-02
  p=11 start 1: 52 evals, 707.4s elapsed, c̃=0.8064396704, g_norm=2.63e-02
  p=11 start 1: 55 evals, 749.1s elapsed, c̃=0.8066073812, g_norm=3.19e-03
  p=11 start 1: 58 evals, 791.3s elapsed, c̃=0.8066501606, g_norm=2.82e-03
  p=11 start 1: 61 evals, 833.0s elapsed, c̃=0.8066582622, g_norm=3.96e-03
  p=11 start 1: 64 evals, 874.3s elapsed, c̃=0.8066088475, g_norm=3.73e-03
  p=11 start 1: 67 evals, 915.5s elapsed, c̃=0.8065872394, g_norm=3.08e-03
  p=11 start 1: 70 evals, 957.2s elapsed, c̃=0.8066197588, g_norm=9.79e-03
  p=11 start 1: 73 evals, 998.5s elapsed, c̃=0.8066295518, g_norm=5.25e-03
  p=11 start 1: 76 evals, 1039.9s elapsed, c̃=0.8066357918, g_norm=4.29e-03
  p=11 start 1: 79 evals, 1081.1s elapsed, c̃=0.8066067463, g_norm=5.74e-03
  p=11 start 1: 82 evals, 1122.8s elapsed, c̃=0.8066383092, g_norm=3.52e-03
  p=11 start 1: 85 evals, 1164.3s elapsed, c̃=0.8065962124, g_norm=3.55e-03
