[2026-03-31T23:28:30] Task 8: k=4, D=7, p=1–15
[2026-03-31T23:28:30] Command: julia --project=. -t 28 scripts/optimize_qaoa.jl 4 7 1 15 2 320 1234 true adjoint
[2026-03-31T23:28:30] Threads: 28, RAM available: 2835 GB
preserved run_id=20260331T232833-k4-d7-p1-15-r2-i320-s1234
preserved directory=/home/stephenjordan_google_com/qaoa-xorsat/scripts/../.project/results/optimization/runs/20260331T232833-k4-d7-p1-15-r2-i320-s1234
┌ Warning: Assignment to `best_checkpoint_value` in soft scope is ambiguous because a global variable by the same name exists: `best_checkpoint_value` will be treated as a new local. Disambiguate by using `local best_checkpoint_value` to suppress this warning or `global best_checkpoint_value` to assign to the existing global variable.
└ @ ~/qaoa-xorsat/scripts/optimize_qaoa.jl:496
[ Info: JIT warmup...
[ Info: JIT warmup complete, starting sweep
  p=8 start 1: 147 evals, 30.1s elapsed, c̃=0.7907640675, g_norm=1.19e-03
  p=8 start 3: 144 evals, 30.0s elapsed, c̃=0.7405771685, g_norm=4.02e-02
  p=8 start 2: 147 evals, 30.1s elapsed, c̃=0.6961164849, g_norm=1.83e-01
  p=8 start 3: 295 evals, 60.2s elapsed, c̃=0.7447316299, g_norm=3.06e-03
  p=8 start 1: 295 evals, 60.2s elapsed, c̃=0.7907703665, g_norm=8.03e-04
  p=8 start 2: 297 evals, 60.3s elapsed, c̃=0.7041308055, g_norm=7.24e-04
  p=8 start 3: 460 evals, 90.3s elapsed, c̃=0.7448040159, g_norm=6.77e-03
  p=8 start 1: 462 evals, 90.3s elapsed, c̃=0.7907742962, g_norm=1.26e-03
  p=8 start 3: 638 evals, 120.4s elapsed, c̃=0.7449031037, g_norm=1.81e-03
  p=8 start 1: 641 evals, 120.4s elapsed, c̃=0.7907762100, g_norm=7.85e-04
  p=8 start 3: 815 evals, 150.5s elapsed, c̃=0.7449083328, g_norm=1.28e-03
  p=8 start 1: 822 evals, 150.6s elapsed, c̃=0.7907693173, g_norm=7.62e-04
  p=8 start 3: 994 evals, 180.6s elapsed, c̃=0.7449107599, g_norm=1.16e-03
  p=8 start 1: 1000 evals, 180.7s elapsed, c̃=0.7907729196, g_norm=8.02e-04
  p=8 start 3: 1205 evals, 210.8s elapsed, c̃=0.7449109780, g_norm=1.11e-03
  p=8 start 3: 1425 evals, 240.9s elapsed, c̃=0.7449084431, g_norm=1.11e-03
  p=8 start 3: 1647 evals, 270.9s elapsed, c̃=0.7449012679, g_norm=1.14e-03
  p=8 start 3: 1868 evals, 300.9s elapsed, c̃=0.7449089863, g_norm=1.16e-03
  p=8 start 3: 2088 evals, 331.0s elapsed, c̃=0.7449093692, g_norm=6.16e-04
  p=8 start 3: 2310 evals, 361.1s elapsed, c̃=0.7449069792, g_norm=5.85e-04
  p=8 start 3: 2529 evals, 391.2s elapsed, c̃=0.7449022690, g_norm=7.46e-04
  p=8 start 3: 2753 evals, 421.2s elapsed, c̃=0.7449107911, g_norm=7.23e-04
  p=8 start 3: 2975 evals, 451.3s elapsed, c̃=0.7449073542, g_norm=5.53e-04
  p=8 start 3: 3199 evals, 481.4s elapsed, c̃=0.7449076488, g_norm=4.80e-04
  p=8 start 3: 3421 evals, 511.5s elapsed, c̃=0.7449051871, g_norm=4.53e-04
  p=8 start 3: 3643 evals, 541.6s elapsed, c̃=0.7449043106, g_norm=6.43e-04
  p=8 start 3: 3866 evals, 571.8s elapsed, c̃=0.7449138520, g_norm=5.67e-04
  p=8 start 3: 4089 evals, 601.9s elapsed, c̃=0.7449206105, g_norm=1.01e-03
  p=8 start 3: 4311 evals, 631.9s elapsed, c̃=0.7449173092, g_norm=1.04e-03
  p=8 start 3: 4533 evals, 662.0s elapsed, c̃=0.7449103115, g_norm=7.61e-04
  p=8 start 3: 4756 evals, 692.1s elapsed, c̃=0.7449159759, g_norm=4.77e-04
  p=8 start 3: 4978 evals, 722.2s elapsed, c̃=0.7449179174, g_norm=5.67e-04
  p=8 start 3: 5196 evals, 752.2s elapsed, c̃=0.7449208663, g_norm=4.90e-04
  p=8 start 3: 5421 evals, 782.3s elapsed, c̃=0.7449183353, g_norm=5.14e-04
  p=8 start 3: 5640 evals, 812.3s elapsed, c̃=0.7449208472, g_norm=5.70e-04
  p=8 start 3: 5864 evals, 842.4s elapsed, c̃=0.7449168550, g_norm=3.51e-04
  p=8 start 3: 6087 evals, 872.4s elapsed, c̃=0.7449131110, g_norm=3.49e-04
  p=8 start 3: 6307 evals, 902.4s elapsed, c̃=0.7449204167, g_norm=3.96e-04
  p=8 start 3: 6534 evals, 932.5s elapsed, c̃=0.7449156341, g_norm=2.89e-04
  p=8 start 3: 6756 evals, 962.5s elapsed, c̃=0.7449206338, g_norm=2.57e-04
  p=8 start 3: 6980 evals, 992.5s elapsed, c̃=0.7449188837, g_norm=1.55e-04
  p=8 start 3: 7202 evals, 1022.6s elapsed, c̃=0.7449224175, g_norm=1.48e-04
  p=8 start 3: 7423 evals, 1052.6s elapsed, c̃=0.7449214647, g_norm=1.59e-04
  p=8 start 3: 7643 evals, 1082.6s elapsed, c̃=0.7449182710, g_norm=7.90e-05
  p=9 start 1: 37 evals, 30.2s elapsed, c̃=0.7974874594, g_norm=8.49e-03
  p=9 start 2: 37 evals, 30.6s elapsed, c̃=0.5778440877, g_norm=2.72e-01
  p=9 start 1: 73 evals, 60.4s elapsed, c̃=0.7975009973, g_norm=8.14e-03
  p=9 start 2: 73 evals, 60.8s elapsed, c̃=0.7386038538, g_norm=1.52e-01
  p=9 start 2: 109 evals, 91.2s elapsed, c̃=0.7499543611, g_norm=7.02e-02
  p=9 start 1: 110 evals, 91.2s elapsed, c̃=0.7974438941, g_norm=1.41e-02
  p=9 start 2: 145 evals, 121.6s elapsed, c̃=0.7531198482, g_norm=7.11e-03
  p=9 start 1: 147 evals, 121.9s elapsed, c̃=0.7976508406, g_norm=1.32e-02
  p=9 start 2: 181 evals, 151.9s elapsed, c̃=0.7532068732, g_norm=1.10e-02
  p=9 start 1: 183 evals, 152.5s elapsed, c̃=0.7975493077, g_norm=1.33e-02
  p=9 start 2: 218 evals, 182.6s elapsed, c̃=0.7545063255, g_norm=1.53e-02
  p=9 start 2: 261 evals, 213.0s elapsed, c̃=0.7546685858, g_norm=2.25e-02
  p=9 start 2: 304 evals, 243.5s elapsed, c̃=0.7546207786, g_norm=3.27e-02
  p=9 start 2: 347 evals, 273.9s elapsed, c̃=0.7557094464, g_norm=1.97e-02
  p=9 start 2: 390 evals, 304.4s elapsed, c̃=0.7559458200, g_norm=2.62e-02
  p=9 start 2: 433 evals, 334.9s elapsed, c̃=0.7600531931, g_norm=2.18e-02
  p=9 start 2: 475 evals, 365.0s elapsed, c̃=0.7602656190, g_norm=9.03e-03
  p=9 start 2: 517 evals, 395.1s elapsed, c̃=0.7603002781, g_norm=9.32e-03
  p=9 start 2: 560 evals, 425.6s elapsed, c̃=0.7602563938, g_norm=9.27e-03
  p=9 start 2: 603 evals, 456.3s elapsed, c̃=0.7603436773, g_norm=9.25e-03
  p=9 start 2: 646 evals, 486.9s elapsed, c̃=0.7603388327, g_norm=9.14e-03
  p=9 start 2: 689 evals, 517.3s elapsed, c̃=0.7603360054, g_norm=6.95e-03
  p=9 start 2: 732 evals, 547.6s elapsed, c̃=0.7604522918, g_norm=7.40e-03
  p=9 start 2: 775 evals, 578.2s elapsed, c̃=0.7603750955, g_norm=3.71e-03
  p=9 start 2: 819 evals, 609.0s elapsed, c̃=0.7604317159, g_norm=6.75e-03
  p=9 start 2: 862 evals, 639.0s elapsed, c̃=0.7602867018, g_norm=7.23e-03
  p=9 start 2: 905 evals, 669.6s elapsed, c̃=0.7605176897, g_norm=6.78e-03
  p=9 start 2: 948 evals, 700.1s elapsed, c̃=0.7603683116, g_norm=6.82e-03
  p=9 start 2: 991 evals, 730.5s elapsed, c̃=0.7602697264, g_norm=7.97e-03
  p=9 start 2: 1033 evals, 760.5s elapsed, c̃=0.7605400718, g_norm=7.38e-03
  p=9 start 2: 1076 evals, 791.1s elapsed, c̃=0.7603183504, g_norm=3.66e-03
  p=9 start 2: 1119 evals, 821.7s elapsed, c̃=0.7602792354, g_norm=4.02e-03
  p=9 start 2: 1163 evals, 852.4s elapsed, c̃=0.7604820601, g_norm=4.01e-03
  p=9 start 2: 1205 evals, 882.5s elapsed, c̃=0.7604241179, g_norm=4.38e-03
  p=10 start 3: 9 evals, 31.8s elapsed, c̃=0.5000013656, g_norm=2.92e-05
  p=10 start 1: 9 evals, 31.9s elapsed, c̃=0.8006341776, g_norm=6.38e-02
  p=10 start 3: 17 evals, 62.3s elapsed, c̃=0.4999999892, g_norm=3.37e-07
  p=10 start 1: 17 evals, 62.4s elapsed, c̃=0.8003710163, g_norm=7.37e-02
  p=10 start 3: 25 evals, 92.3s elapsed, c̃=0.4998411127, g_norm=2.03e-03
  p=10 start 1: 26 evals, 96.2s elapsed, c̃=0.7999348721, g_norm=7.71e-02
  p=10 start 3: 33 evals, 122.6s elapsed, c̃=0.4999998921, g_norm=8.71e-06
  p=10 start 1: 34 evals, 126.5s elapsed, c̃=0.8005659108, g_norm=6.67e-02
  p=10 start 3: 41 evals, 153.2s elapsed, c̃=0.5000640284, g_norm=1.44e-03
  p=10 start 1: 42 evals, 156.8s elapsed, c̃=0.8020882262, g_norm=6.87e-02
  p=10 start 3: 49 evals, 183.4s elapsed, c̃=0.4999999734, g_norm=1.33e-06
  p=10 start 1: 50 evals, 187.2s elapsed, c̃=0.8003340589, g_norm=7.98e-02
  p=10 start 3: 57 evals, 214.2s elapsed, c̃=0.5018880899, g_norm=3.37e-02
  p=10 start 1: 58 evals, 218.0s elapsed, c̃=0.8009886844, g_norm=7.92e-02
  p=10 start 3: 65 evals, 244.6s elapsed, c̃=0.5060672448, g_norm=5.37e-02
  p=10 start 1: 66 evals, 248.3s elapsed, c̃=0.8029115317, g_norm=4.81e-02
  p=10 start 3: 73 evals, 274.8s elapsed, c̃=0.4999999576, g_norm=1.67e-06
  p=10 start 1: 74 evals, 278.6s elapsed, c̃=0.8015810113, g_norm=2.89e-02
  p=10 start 3: 81 evals, 305.4s elapsed, c̃=0.4999960121, g_norm=4.79e-05
  p=10 start 1: 82 evals, 309.0s elapsed, c̃=0.8014095116, g_norm=2.53e-02
  p=10 start 3: 89 evals, 335.9s elapsed, c̃=0.6057397024, g_norm=3.21e-01
  p=10 start 1: 90 evals, 339.5s elapsed, c̃=0.8022073770, g_norm=3.09e-02
  p=10 start 3: 97 evals, 366.1s elapsed, c̃=0.6451315700, g_norm=3.19e-01
  p=10 start 1: 98 evals, 369.9s elapsed, c̃=0.8006873652, g_norm=4.16e-02
  p=10 start 3: 106 evals, 399.9s elapsed, c̃=0.7124306047, g_norm=1.03e-01
  p=10 start 1: 107 evals, 403.6s elapsed, c̃=0.7998612882, g_norm=4.11e-02
  p=10 start 3: 114 evals, 430.0s elapsed, c̃=0.7112626104, g_norm=2.21e-01
  p=10 start 1: 115 evals, 433.9s elapsed, c̃=0.8027753655, g_norm=2.94e-02
  p=10 start 3: 122 evals, 460.5s elapsed, c̃=0.7200165432, g_norm=2.77e-02
  p=10 start 1: 123 evals, 464.2s elapsed, c̃=0.8012825145, g_norm=3.71e-02
  p=10 start 3: 130 evals, 491.1s elapsed, c̃=0.7189423966, g_norm=2.53e-02
  p=10 start 1: 131 evals, 494.5s elapsed, c̃=0.8016267988, g_norm=4.33e-02
  p=10 start 3: 138 evals, 521.2s elapsed, c̃=0.7197084147, g_norm=2.41e-02
  p=10 start 1: 139 evals, 524.9s elapsed, c̃=0.8018269039, g_norm=4.57e-02
  p=10 start 3: 146 evals, 551.5s elapsed, c̃=0.7189945170, g_norm=3.40e-02
  p=10 start 1: 147 evals, 555.2s elapsed, c̃=0.8018267997, g_norm=4.37e-02
  p=10 start 3: 154 evals, 581.9s elapsed, c̃=0.7203552793, g_norm=2.66e-02
  p=10 start 1: 155 evals, 585.7s elapsed, c̃=0.8007649194, g_norm=4.00e-02
  p=10 start 3: 162 evals, 612.2s elapsed, c̃=0.7216273551, g_norm=2.78e-02
  p=10 start 1: 163 evals, 615.9s elapsed, c̃=0.8006832572, g_norm=5.21e-02
  p=10 start 3: 170 evals, 642.4s elapsed, c̃=0.7216497874, g_norm=2.64e-02
  p=10 start 1: 171 evals, 645.9s elapsed, c̃=0.8031008659, g_norm=5.64e-02
  p=10 start 3: 178 evals, 672.5s elapsed, c̃=0.7196087361, g_norm=4.83e-02
  p=10 start 1: 179 evals, 676.2s elapsed, c̃=0.8005524700, g_norm=4.77e-02
  p=10 start 3: 186 evals, 702.8s elapsed, c̃=0.7189484657, g_norm=2.94e-02
  p=10 start 1: 187 evals, 706.5s elapsed, c̃=0.8008706132, g_norm=4.30e-02
  p=10 start 3: 194 evals, 733.0s elapsed, c̃=0.7217914699, g_norm=2.68e-02
  p=10 start 1: 195 evals, 736.8s elapsed, c̃=0.8015828422, g_norm=4.85e-02
  p=10 start 3: 202 evals, 763.4s elapsed, c̃=0.7203648513, g_norm=2.82e-02
  p=10 start 1: 203 evals, 767.0s elapsed, c̃=0.8027412719, g_norm=4.47e-02
  p=10 start 3: 210 evals, 793.8s elapsed, c̃=0.7190966244, g_norm=2.63e-02
  p=10 start 1: 211 evals, 797.3s elapsed, c̃=0.8018578094, g_norm=4.58e-02
  p=10 start 3: 218 evals, 823.9s elapsed, c̃=0.7206011928, g_norm=2.62e-02
  p=10 start 1: 219 evals, 827.7s elapsed, c̃=0.8018658150, g_norm=4.72e-02
  p=10 start 3: 226 evals, 854.2s elapsed, c̃=0.7216229645, g_norm=2.65e-02
  p=10 start 1: 227 evals, 857.9s elapsed, c̃=0.8035391833, g_norm=4.48e-02
  p=10 start 3: 234 evals, 884.4s elapsed, c̃=0.7218010292, g_norm=2.83e-02
  p=10 start 1: 235 evals, 888.4s elapsed, c̃=0.8035486346, g_norm=4.35e-02
  p=10 start 3: 242 evals, 914.9s elapsed, c̃=0.7190212462, g_norm=8.37e-02
  p=10 start 1: 244 evals, 922.3s elapsed, c̃=0.8016359327, g_norm=3.81e-02
  p=10 start 3: 250 evals, 944.9s elapsed, c̃=0.7192202354, g_norm=2.64e-02
  p=10 start 1: 252 evals, 952.4s elapsed, c̃=0.8011877192, g_norm=4.33e-02
  p=10 start 3: 258 evals, 975.0s elapsed, c̃=0.7203639081, g_norm=2.55e-02
  p=10 start 1: 260 evals, 982.5s elapsed, c̃=0.8032664504, g_norm=5.40e-02
  p=10 start 3: 266 evals, 1005.2s elapsed, c̃=0.7201448490, g_norm=2.76e-02
  p=10 start 1: 268 evals, 1012.7s elapsed, c̃=0.8035582792, g_norm=4.27e-02
  p=10 start 3: 274 evals, 1035.6s elapsed, c̃=0.7197430465, g_norm=2.40e-02
  p=10 start 1: 276 evals, 1043.4s elapsed, c̃=0.7989737744, g_norm=4.08e-02
  p=10 start 3: 282 evals, 1066.0s elapsed, c̃=0.7199674934, g_norm=2.79e-02
  p=10 start 1: 284 evals, 1073.6s elapsed, c̃=0.8029653520, g_norm=4.70e-02
  p=10 start 3: 290 evals, 1096.3s elapsed, c̃=0.7213272757, g_norm=2.59e-02
  p=10 start 1: 292 evals, 1103.9s elapsed, c̃=0.8037590295, g_norm=2.49e-02
  p=10 start 3: 298 evals, 1127.0s elapsed, c̃=0.7218315968, g_norm=2.40e-02
  p=10 start 1: 300 evals, 1134.3s elapsed, c̃=0.8037590295, g_norm=2.49e-02
  p=10 start 3: 306 evals, 1157.1s elapsed, c̃=0.7218315968, g_norm=2.40e-02
  p=10 start 1: 308 evals, 1164.8s elapsed, c̃=0.8006033854, g_norm=4.64e-02
  p=10 start 3: 314 evals, 1187.4s elapsed, c̃=0.7218315968, g_norm=2.40e-02
  p=10 start 1: 316 evals, 1195.1s elapsed, c̃=0.8022821458, g_norm=5.30e-02
  p=10 start 3: 322 evals, 1217.9s elapsed, c̃=0.7218315968, g_norm=2.40e-02
  p=10 start 1: 324 evals, 1225.5s elapsed, c̃=0.8000064777, g_norm=4.08e-02
  p=10 start 3: 330 evals, 1248.1s elapsed, c̃=0.7198934046, g_norm=5.73e-02
  p=10 start 1: 332 evals, 1255.7s elapsed, c̃=0.8012869122, g_norm=5.58e-02
  p=10 start 3: 338 evals, 1278.4s elapsed, c̃=0.7197674379, g_norm=2.67e-02
  p=10 start 1: 340 evals, 1286.2s elapsed, c̃=0.8032692208, g_norm=5.83e-02
  p=10 start 3: 346 evals, 1308.7s elapsed, c̃=0.7221853494, g_norm=2.85e-02
  p=10 start 1: 348 evals, 1316.4s elapsed, c̃=0.8018806855, g_norm=4.36e-02
  p=10 start 3: 354 evals, 1339.1s elapsed, c̃=0.7205026751, g_norm=3.17e-02
  p=10 start 1: 356 evals, 1346.6s elapsed, c̃=0.8044293658, g_norm=4.99e-02
  p=10 start 3: 362 evals, 1369.5s elapsed, c̃=0.7189064063, g_norm=2.74e-02
  p=10 start 1: 364 evals, 1376.8s elapsed, c̃=0.8029544718, g_norm=4.39e-02
  p=10 start 3: 370 evals, 1399.7s elapsed, c̃=0.7199980196, g_norm=2.71e-02
  p=10 start 1: 372 evals, 1407.1s elapsed, c̃=0.8014599093, g_norm=5.59e-02
  p=10 start 3: 378 evals, 1429.9s elapsed, c̃=0.7214459350, g_norm=2.40e-02
  p=10 start 1: 380 evals, 1437.6s elapsed, c̃=0.8040877234, g_norm=3.65e-02
  p=10 start 3: 386 evals, 1460.1s elapsed, c̃=0.7216368046, g_norm=2.71e-02
  p=10 start 1: 388 evals, 1467.7s elapsed, c̃=0.8035092106, g_norm=3.06e-02
  p=10 start 3: 394 evals, 1490.8s elapsed, c̃=0.7184955348, g_norm=3.68e-02
  p=10 start 1: 396 evals, 1498.3s elapsed, c̃=0.8018633734, g_norm=4.31e-02
  p=10 start 3: 402 evals, 1521.2s elapsed, c̃=0.7188175620, g_norm=2.52e-02
  p=10 start 1: 404 evals, 1528.9s elapsed, c̃=0.8041963517, g_norm=5.14e-02
  p=10 start 3: 410 evals, 1551.8s elapsed, c̃=0.7195486628, g_norm=2.51e-02
  p=10 start 1: 412 evals, 1559.0s elapsed, c̃=0.8027023660, g_norm=3.43e-02
  p=10 start 3: 419 evals, 1585.5s elapsed, c̃=0.7193800217, g_norm=2.72e-02
  p=10 start 1: 420 evals, 1589.4s elapsed, c̃=0.8014516753, g_norm=8.15e-02
  p=10 start 3: 427 evals, 1615.8s elapsed, c̃=0.7196503413, g_norm=2.72e-02
  p=10 start 1: 428 evals, 1619.9s elapsed, c̃=0.8041517523, g_norm=5.83e-02
  p=10 start 3: 435 evals, 1646.2s elapsed, c̃=0.7204446853, g_norm=2.82e-02
  p=10 start 1: 436 evals, 1650.1s elapsed, c̃=0.8003756424, g_norm=6.42e-02
  p=10 start 3: 443 evals, 1676.8s elapsed, c̃=0.7219187639, g_norm=2.68e-02
  p=10 start 1: 444 evals, 1680.5s elapsed, c̃=0.8022250988, g_norm=5.70e-02
  p=10 start 3: 451 evals, 1707.4s elapsed, c̃=0.7210374816, g_norm=2.74e-02
  p=10 start 1: 452 evals, 1711.1s elapsed, c̃=0.8030293786, g_norm=5.24e-02
  p=10 start 3: 459 evals, 1737.9s elapsed, c̃=0.7210374816, g_norm=2.74e-02
  p=10 start 1: 460 evals, 1741.6s elapsed, c̃=0.8029205980, g_norm=4.70e-02
  p=10 start 3: 467 evals, 1768.1s elapsed, c̃=0.7187649288, g_norm=4.89e-02
  p=10 start 1: 468 evals, 1772.0s elapsed, c̃=0.8029981235, g_norm=5.29e-02
  p=10 start 3: 475 evals, 1798.6s elapsed, c̃=0.7183101588, g_norm=2.82e-02
  p=10 start 1: 476 evals, 1802.6s elapsed, c̃=0.8029981235, g_norm=5.29e-02
  p=10 start 3: 483 evals, 1829.4s elapsed, c̃=0.7185244418, g_norm=2.67e-02
  p=10 start 1: 484 evals, 1833.2s elapsed, c̃=0.8014185862, g_norm=8.85e-02
  p=10 start 3: 491 evals, 1859.9s elapsed, c̃=0.7181872653, g_norm=3.09e-02
  p=10 start 1: 492 evals, 1863.5s elapsed, c̃=0.7993406718, g_norm=4.52e-02
  p=10 start 3: 499 evals, 1890.3s elapsed, c̃=0.7191252329, g_norm=2.77e-02
  p=10 start 1: 500 evals, 1894.2s elapsed, c̃=0.8020785443, g_norm=6.30e-02
  p=10 start 3: 507 evals, 1921.1s elapsed, c̃=0.7199112981, g_norm=2.69e-02
  p=10 start 1: 508 evals, 1924.7s elapsed, c̃=0.8010007634, g_norm=3.87e-02
  p=10 start 1: 516 evals, 1954.9s elapsed, c̃=0.8025464359, g_norm=6.45e-02
  p=10 start 3: 516 evals, 1955.0s elapsed, c̃=0.7219954424, g_norm=2.69e-02
  p=10 start 1: 524 evals, 1985.2s elapsed, c̃=0.8032721556, g_norm=3.83e-02
  p=10 start 3: 524 evals, 1985.4s elapsed, c̃=0.7206946827, g_norm=2.93e-02
  p=10 start 3: 532 evals, 2015.6s elapsed, c̃=0.7206946827, g_norm=2.93e-02
  p=10 start 1: 532 evals, 2015.8s elapsed, c̃=0.8032721556, g_norm=3.83e-02
  p=10 start 3: 540 evals, 2045.9s elapsed, c̃=0.7194756165, g_norm=3.54e-02
  p=10 start 1: 540 evals, 2046.1s elapsed, c̃=0.8032721556, g_norm=3.83e-02
  p=10 start 3: 548 evals, 2076.1s elapsed, c̃=0.7197580351, g_norm=4.46e-02
  p=10 start 1: 548 evals, 2076.3s elapsed, c̃=0.8021840219, g_norm=5.98e-02
  p=10 start 1: 556 evals, 2106.6s elapsed, c̃=0.8000731486, g_norm=5.48e-02
  p=10 start 3: 556 evals, 2106.9s elapsed, c̃=0.7209106249, g_norm=4.92e-02
  p=10 start 1: 564 evals, 2137.0s elapsed, c̃=0.8013430522, g_norm=5.65e-02
  p=10 start 3: 564 evals, 2137.2s elapsed, c̃=0.7195375981, g_norm=5.65e-02
  p=10 start 1: 572 evals, 2167.2s elapsed, c̃=0.8013517549, g_norm=6.38e-02
  p=10 start 3: 572 evals, 2167.4s elapsed, c̃=0.7184995665, g_norm=4.97e-02
  p=10 start 1: 580 evals, 2197.5s elapsed, c̃=0.8012650270, g_norm=3.81e-02
  p=10 start 3: 580 evals, 2197.7s elapsed, c̃=0.7207161094, g_norm=4.68e-02
  p=10 start 3: 588 evals, 2228.0s elapsed, c̃=0.7197894803, g_norm=4.53e-02
  p=10 start 1: 588 evals, 2228.3s elapsed, c̃=0.8026157552, g_norm=6.42e-02
  p=10 start 1: 596 evals, 2258.4s elapsed, c̃=0.8033178067, g_norm=4.91e-02
  p=10 start 3: 596 evals, 2258.5s elapsed, c̃=0.7205216373, g_norm=4.92e-02
  p=10 start 1: 604 evals, 2288.9s elapsed, c̃=0.8033178067, g_norm=4.91e-02
  p=10 start 3: 604 evals, 2288.9s elapsed, c̃=0.7196795974, g_norm=3.63e-02
  p=10 start 3: 612 evals, 2319.3s elapsed, c̃=0.7198103206, g_norm=6.65e-02
  p=10 start 1: 612 evals, 2319.5s elapsed, c̃=0.8033178067, g_norm=4.91e-02
  p=10 start 1: 620 evals, 2349.6s elapsed, c̃=0.8009264543, g_norm=5.37e-02
  p=10 start 3: 620 evals, 2349.8s elapsed, c̃=0.7201679507, g_norm=4.98e-02
  p=10 start 1: 628 evals, 2379.8s elapsed, c̃=0.8026680991, g_norm=6.12e-02
  p=10 start 3: 628 evals, 2380.0s elapsed, c̃=0.7199897528, g_norm=6.35e-02
  p=10 start 1: 636 evals, 2410.0s elapsed, c̃=0.8028121763, g_norm=6.30e-02
  p=10 start 3: 636 evals, 2410.2s elapsed, c̃=0.7180011132, g_norm=5.00e-02
  p=10 start 1: 644 evals, 2440.2s elapsed, c̃=0.8005589884, g_norm=4.37e-02
  p=10 start 3: 644 evals, 2440.3s elapsed, c̃=0.7205029000, g_norm=5.04e-02
  p=10 start 1: 652 evals, 2470.5s elapsed, c̃=0.8018228019, g_norm=5.88e-02
  p=10 start 3: 652 evals, 2470.8s elapsed, c̃=0.7196454132, g_norm=6.07e-02
  p=10 start 1: 660 evals, 2500.8s elapsed, c̃=0.8015438943, g_norm=4.52e-02
  p=10 start 3: 660 evals, 2501.0s elapsed, c̃=0.7200976755, g_norm=5.29e-02
  p=10 start 1: 668 evals, 2531.2s elapsed, c̃=0.8036903471, g_norm=4.81e-02
  p=10 start 3: 668 evals, 2531.4s elapsed, c̃=0.7201194780, g_norm=6.94e-02
  p=10 start 1: 676 evals, 2561.6s elapsed, c̃=0.7700554792, g_norm=5.74e-01
  p=10 start 3: 676 evals, 2561.7s elapsed, c̃=0.7206514083, g_norm=5.23e-02
  p=10 start 1: 684 evals, 2591.9s elapsed, c̃=0.7997951691, g_norm=8.68e-02
  p=10 start 3: 684 evals, 2592.1s elapsed, c̃=0.7203979639, g_norm=4.11e-02
  p=10 start 1: 692 evals, 2622.4s elapsed, c̃=0.8024716984, g_norm=4.36e-02
  p=10 start 3: 692 evals, 2622.4s elapsed, c̃=0.7200464480, g_norm=4.20e-02
  p=10 start 3: 700 evals, 2652.5s elapsed, c̃=0.7215677816, g_norm=3.42e-02
  p=10 start 1: 700 evals, 2652.6s elapsed, c̃=0.8025365092, g_norm=4.37e-02
  p=10 start 3: 708 evals, 2682.8s elapsed, c̃=0.7209988088, g_norm=4.02e-02
  p=10 start 1: 708 evals, 2683.1s elapsed, c̃=0.8021855990, g_norm=5.00e-02
  p=10 start 1: 716 evals, 2713.3s elapsed, c̃=0.8032348701, g_norm=7.30e-02
  p=10 start 3: 716 evals, 2713.5s elapsed, c̃=0.7214020308, g_norm=4.63e-02
  p=10 start 1: 724 evals, 2743.8s elapsed, c̃=0.8023219197, g_norm=6.73e-02
  p=10 start 3: 724 evals, 2743.9s elapsed, c̃=0.7203722674, g_norm=5.10e-02
  p=10 start 1: 732 evals, 2774.3s elapsed, c̃=0.8026746676, g_norm=7.32e-02
  p=10 start 3: 732 evals, 2774.5s elapsed, c̃=0.7207364287, g_norm=4.78e-02
  p=10 start 1: 740 evals, 2804.7s elapsed, c̃=0.8026746676, g_norm=7.32e-02
  p=10 start 3: 740 evals, 2804.9s elapsed, c̃=0.7198539790, g_norm=5.57e-02
  p=10 start 1: 748 evals, 2835.1s elapsed, c̃=0.8006209338, g_norm=4.47e-02
  p=10 start 3: 748 evals, 2835.4s elapsed, c̃=0.7206211609, g_norm=4.41e-02
  p=10 start 1: 756 evals, 2865.5s elapsed, c̃=0.8042848749, g_norm=5.77e-02
  p=10 start 3: 756 evals, 2865.8s elapsed, c̃=0.7201891474, g_norm=5.96e-02
  p=10 start 3: 764 evals, 2895.9s elapsed, c̃=0.7202628495, g_norm=5.55e-02
  p=10 start 1: 764 evals, 2896.1s elapsed, c̃=0.8043806148, g_norm=5.33e-02
  p=10 start 1: 772 evals, 2926.1s elapsed, c̃=0.8043806148, g_norm=5.33e-02
  p=10 start 3: 772 evals, 2926.3s elapsed, c̃=0.7214865515, g_norm=5.30e-02
  p=10 start 3: 780 evals, 2956.3s elapsed, c̃=0.7214865515, g_norm=5.30e-02
  p=10 start 1: 780 evals, 2956.4s elapsed, c̃=0.8043806148, g_norm=5.33e-02
  p=10 start 1: 788 evals, 2986.5s elapsed, c̃=0.8009044570, g_norm=5.86e-02
  p=10 start 3: 788 evals, 2986.7s elapsed, c̃=0.7179640265, g_norm=5.31e-02
  p=10 start 3: 796 evals, 3016.9s elapsed, c̃=0.7199296247, g_norm=5.58e-02
  p=10 start 1: 796 evals, 3017.0s elapsed, c̃=0.8024780988, g_norm=4.93e-02
  p=10 start 3: 804 evals, 3047.2s elapsed, c̃=0.7204742111, g_norm=4.80e-02
  p=10 start 1: 804 evals, 3047.4s elapsed, c̃=0.8023268260, g_norm=8.30e-02
  p=10 start 1: 812 evals, 3077.5s elapsed, c̃=0.8023268260, g_norm=8.30e-02
  p=10 start 3: 812 evals, 3077.8s elapsed, c̃=0.7203405169, g_norm=4.72e-02
  p=10 start 3: 820 evals, 3107.8s elapsed, c̃=0.7206825016, g_norm=4.48e-02
  p=10 start 1: 820 evals, 3108.0s elapsed, c̃=0.8023268260, g_norm=8.30e-02
  p=10 start 3: 828 evals, 3138.2s elapsed, c̃=0.7204048857, g_norm=4.79e-02
  p=10 start 1: 828 evals, 3138.4s elapsed, c̃=0.8028197431, g_norm=4.17e-02
  p=10 start 3: 836 evals, 3168.7s elapsed, c̃=0.7221330611, g_norm=5.27e-02
  p=10 start 1: 836 evals, 3168.9s elapsed, c̃=0.8014475618, g_norm=6.56e-02
  p=10 start 1: 844 evals, 3199.3s elapsed, c̃=0.8010202630, g_norm=6.64e-02
  p=10 start 3: 844 evals, 3199.4s elapsed, c̃=0.7221330611, g_norm=5.27e-02
  p=10 start 3: 852 evals, 3229.6s elapsed, c̃=0.7200974766, g_norm=5.37e-02
  p=10 start 1: 852 evals, 3229.9s elapsed, c̃=0.8015241173, g_norm=4.38e-02
  p=10 start 3: 860 evals, 3260.2s elapsed, c̃=0.7194418783, g_norm=5.67e-02
  p=10 start 1: 860 evals, 3260.3s elapsed, c̃=0.8029565835, g_norm=5.52e-02
  p=10 start 1: 868 evals, 3290.7s elapsed, c̃=0.8029089162, g_norm=3.53e-02
  p=10 start 3: 868 evals, 3290.8s elapsed, c̃=0.7201718360, g_norm=3.88e-02
  p=10 start 1: 876 evals, 3320.9s elapsed, c̃=0.8023268260, g_norm=8.30e-02
  p=10 start 3: 876 evals, 3321.0s elapsed, c̃=0.7216732012, g_norm=4.90e-02
  p=10 start 1: 884 evals, 3351.0s elapsed, c̃=0.8023268260, g_norm=8.30e-02
  p=10 start 3: 884 evals, 3351.1s elapsed, c̃=0.7195233070, g_norm=5.49e-02
  p=10 start 1: 892 evals, 3381.4s elapsed, c̃=0.8023268260, g_norm=8.30e-02
  p=10 start 3: 892 evals, 3381.6s elapsed, c̃=0.7218332396, g_norm=6.01e-02
  p=10 start 1: 900 evals, 3411.7s elapsed, c̃=0.8023268260, g_norm=8.30e-02
  p=10 start 3: 900 evals, 3411.9s elapsed, c̃=0.7221742943, g_norm=5.16e-02
  p=10 start 3: 910 evals, 3443.9s elapsed, c̃=0.7221742943, g_norm=5.16e-02
  p=10 start 3: 920 evals, 3474.5s elapsed, c̃=0.7221742943, g_norm=5.16e-02
  p=10 start 3: 930 evals, 3505.4s elapsed, c̃=0.7195098714, g_norm=6.80e-02
  p=10 start 3: 940 evals, 3536.2s elapsed, c̃=0.7195576701, g_norm=4.25e-02
  p=10 start 3: 950 evals, 3566.8s elapsed, c̃=0.7211831293, g_norm=5.27e-02
  p=10 start 3: 960 evals, 3597.5s elapsed, c̃=0.7211148784, g_norm=5.62e-02
  p=10 start 3: 970 evals, 3628.1s elapsed, c̃=0.7217826692, g_norm=5.92e-02
  p=10 start 3: 980 evals, 3658.9s elapsed, c̃=0.7223820955, g_norm=5.83e-02
  p=10 start 3: 990 evals, 3689.7s elapsed, c̃=0.7214429533, g_norm=6.03e-02
  p=10 start 3: 1000 evals, 3720.6s elapsed, c̃=0.7210674822, g_norm=5.06e-02
  p=10 start 3: 1010 evals, 3751.3s elapsed, c̃=0.7206281706, g_norm=4.53e-02
  p=10 start 3: 1020 evals, 3781.8s elapsed, c̃=0.7208633166, g_norm=4.99e-02
  p=10 start 3: 1030 evals, 3812.5s elapsed, c̃=0.7222279477, g_norm=5.84e-02
  p=10 start 3: 1040 evals, 3843.3s elapsed, c̃=0.7221399850, g_norm=4.86e-02
  p=10 start 3: 1050 evals, 3873.9s elapsed, c̃=0.7221399850, g_norm=4.86e-02
  p=10 start 3: 1060 evals, 3904.5s elapsed, c̃=0.7208951925, g_norm=4.12e-02
  p=10 start 3: 1070 evals, 3935.3s elapsed, c̃=0.7203168221, g_norm=4.57e-02
  p=10 start 3: 1080 evals, 3966.0s elapsed, c̃=0.7201083648, g_norm=5.81e-02
  p=10 start 3: 1090 evals, 3996.6s elapsed, c̃=0.7182458889, g_norm=5.58e-02
  p=10 start 3: 1100 evals, 4027.5s elapsed, c̃=0.7225760012, g_norm=5.27e-02
  p=10 start 3: 1110 evals, 4058.2s elapsed, c̃=0.7228298661, g_norm=4.60e-02
  p=10 start 3: 1120 evals, 4088.7s elapsed, c̃=0.7223448536, g_norm=4.28e-02
  p=10 start 3: 1130 evals, 4119.6s elapsed, c̃=0.6780024660, g_norm=8.78e-01
  p=10 start 3: 1140 evals, 4150.1s elapsed, c̃=0.7195778202, g_norm=5.06e-02
  p=10 start 3: 1150 evals, 4180.9s elapsed, c̃=0.7206288435, g_norm=4.79e-02
  p=10 start 3: 1160 evals, 4211.5s elapsed, c̃=0.7197053523, g_norm=5.03e-02
  p=10 start 3: 1170 evals, 4242.3s elapsed, c̃=0.7193098192, g_norm=5.45e-02
  p=10 start 3: 1180 evals, 4273.0s elapsed, c̃=0.7229028171, g_norm=4.74e-02
  p=10 start 3: 1190 evals, 4303.3s elapsed, c̃=0.7229028171, g_norm=4.74e-02
  p=10 start 3: 1200 evals, 4333.9s elapsed, c̃=0.7229028171, g_norm=4.74e-02
  p=10 start 3: 1210 evals, 4364.7s elapsed, c̃=0.6672934485, g_norm=9.65e-01
  p=10 start 3: 1220 evals, 4395.2s elapsed, c̃=0.7189126460, g_norm=5.72e-02
  p=10 start 3: 1230 evals, 4426.1s elapsed, c̃=0.7204969373, g_norm=4.91e-02
  p=10 start 3: 1240 evals, 4456.8s elapsed, c̃=0.7188417071, g_norm=5.14e-02
  p=10 start 3: 1250 evals, 4487.6s elapsed, c̃=0.7196281728, g_norm=5.87e-02
  p=10 start 3: 1260 evals, 4518.3s elapsed, c̃=0.7231662041, g_norm=4.98e-02
  p=10 start 3: 1270 evals, 4549.0s elapsed, c̃=0.7225020625, g_norm=5.26e-02
  p=10 start 3: 1280 evals, 4579.8s elapsed, c̃=0.7225020625, g_norm=5.26e-02
  p=10 start 3: 1290 evals, 4610.8s elapsed, c̃=0.7223838752, g_norm=5.53e-02
  p=10 start 3: 1300 evals, 4641.6s elapsed, c̃=0.7226107821, g_norm=5.24e-02
  p=10 start 3: 1310 evals, 4672.3s elapsed, c̃=0.7229219416, g_norm=5.25e-02
  p=10 start 3: 1320 evals, 4703.0s elapsed, c̃=0.7229219416, g_norm=5.25e-02
  p=10 start 3: 1330 evals, 4733.7s elapsed, c̃=0.7229219416, g_norm=5.25e-02
  p=10 start 3: 1340 evals, 4764.4s elapsed, c̃=0.7222888258, g_norm=5.62e-02
  p=10 start 3: 1350 evals, 4795.0s elapsed, c̃=0.7224420794, g_norm=5.44e-02
  p=10 start 3: 1360 evals, 4825.7s elapsed, c̃=0.7224420794, g_norm=5.44e-02
  p=10 start 3: 1370 evals, 4856.3s elapsed, c̃=0.7212621613, g_norm=4.97e-02
  p=10 start 3: 1380 evals, 4886.8s elapsed, c̃=0.7223141052, g_norm=6.38e-02
  p=10 start 3: 1390 evals, 4917.3s elapsed, c̃=0.7226898048, g_norm=5.27e-02
  p=10 start 3: 1400 evals, 4948.2s elapsed, c̃=0.7226898048, g_norm=5.27e-02
