[2026-03-31T23:28:30] Task 6: k=4, D=5, p=1–15
[2026-03-31T23:28:30] Command: julia --project=. -t 28 scripts/optimize_qaoa.jl 4 5 1 15 2 320 1234 true adjoint
[2026-03-31T23:28:30] Threads: 28, RAM available: 2835 GB
preserved run_id=20260331T232833-k4-d5-p1-15-r2-i320-s1234
preserved directory=/home/stephenjordan_google_com/qaoa-xorsat/scripts/../.project/results/optimization/runs/20260331T232833-k4-d5-p1-15-r2-i320-s1234
┌ Warning: Assignment to `best_checkpoint_value` in soft scope is ambiguous because a global variable by the same name exists: `best_checkpoint_value` will be treated as a new local. Disambiguate by using `local best_checkpoint_value` to suppress this warning or `global best_checkpoint_value` to assign to the existing global variable.
└ @ ~/qaoa-xorsat/scripts/optimize_qaoa.jl:496
[ Info: JIT warmup...
[ Info: JIT warmup complete, starting sweep
  p=8 start 2: 151 evals, 30.0s elapsed, c̃=0.8089199348, g_norm=1.52e-02
  p=8 start 3: 152 evals, 30.0s elapsed, c̃=0.7814402713, g_norm=1.67e-03
  p=8 start 3: 332 evals, 60.1s elapsed, c̃=0.7833096841, g_norm=1.66e-05
  p=8 start 2: 333 evals, 60.2s elapsed, c̃=0.8113367462, g_norm=2.22e-04
  p=9 start 2: 33 evals, 30.8s elapsed, c̃=0.6770055739, g_norm=5.72e-01
  p=9 start 3: 33 evals, 30.8s elapsed, c̃=0.5000074085, g_norm=1.26e-04
  p=9 start 1: 33 evals, 30.8s elapsed, c̃=0.8481421024, g_norm=9.74e-02
  p=9 start 1: 64 evals, 61.0s elapsed, c̃=0.8495030520, g_norm=1.91e-03
  p=9 start 3: 65 evals, 61.3s elapsed, c̃=0.5002912674, g_norm=2.64e-03
  p=9 start 2: 65 evals, 61.6s elapsed, c̃=0.7785825970, g_norm=1.38e-01
  p=9 start 1: 96 evals, 91.7s elapsed, c̃=0.8495017148, g_norm=1.91e-03
  p=9 start 3: 96 evals, 92.0s elapsed, c̃=0.7282157088, g_norm=2.07e-01
  p=9 start 2: 96 evals, 92.2s elapsed, c̃=0.7982625709, g_norm=6.15e-02
  p=9 start 1: 128 evals, 122.4s elapsed, c̃=0.8495133075, g_norm=3.07e-04
  p=9 start 3: 127 evals, 122.4s elapsed, c̃=0.7450266464, g_norm=1.18e-01
  p=9 start 2: 128 evals, 123.0s elapsed, c̃=0.8057771394, g_norm=6.03e-02
  p=9 start 3: 158 evals, 152.8s elapsed, c̃=0.7486704239, g_norm=1.35e-01
  p=9 start 2: 159 evals, 153.2s elapsed, c̃=0.8106654971, g_norm=4.34e-02
  p=9 start 1: 160 evals, 153.2s elapsed, c̃=0.8495122396, g_norm=3.31e-04
  p=9 start 3: 189 evals, 183.0s elapsed, c̃=0.7565240117, g_norm=8.41e-02
  p=9 start 2: 190 evals, 183.4s elapsed, c̃=0.8153321754, g_norm=1.16e-01
  p=9 start 1: 192 evals, 183.6s elapsed, c̃=0.8495127657, g_norm=5.37e-04
  p=9 start 2: 221 evals, 213.8s elapsed, c̃=0.8188020932, g_norm=1.19e-02
  p=9 start 3: 220 evals, 213.9s elapsed, c̃=0.7593393142, g_norm=4.70e-02
  p=9 start 1: 223 evals, 214.2s elapsed, c̃=0.8495142375, g_norm=2.66e-04
  p=9 start 2: 252 evals, 243.8s elapsed, c̃=0.8191471982, g_norm=1.14e-02
  p=9 start 3: 251 evals, 244.1s elapsed, c̃=0.7599958303, g_norm=7.07e-04
  p=9 start 1: 255 evals, 245.0s elapsed, c̃=0.8495144171, g_norm=5.61e-04
  p=9 start 2: 283 evals, 274.0s elapsed, c̃=0.8192645191, g_norm=1.94e-03
  p=9 start 3: 282 evals, 274.3s elapsed, c̃=0.7599963285, g_norm=7.04e-04
  p=9 start 1: 286 evals, 275.3s elapsed, c̃=0.8495173990, g_norm=2.38e-04
  p=9 start 2: 314 evals, 304.4s elapsed, c̃=0.8192633338, g_norm=1.91e-03
  p=9 start 3: 313 evals, 304.5s elapsed, c̃=0.7599962409, g_norm=1.55e-03
  p=9 start 1: 318 evals, 306.1s elapsed, c̃=0.8495154315, g_norm=3.88e-04
  p=9 start 2: 345 evals, 334.8s elapsed, c̃=0.8192549041, g_norm=1.44e-02
  p=9 start 3: 345 evals, 335.5s elapsed, c̃=0.7599971143, g_norm=1.56e-03
  p=9 start 1: 349 evals, 336.4s elapsed, c̃=0.8495143977, g_norm=2.96e-04
  p=9 start 2: 376 evals, 365.2s elapsed, c̃=0.8192870538, g_norm=1.47e-03
  p=9 start 3: 376 evals, 366.2s elapsed, c̃=0.7600660328, g_norm=5.83e-03
  p=9 start 1: 381 evals, 366.9s elapsed, c̃=0.8495144407, g_norm=2.35e-04
  p=9 start 2: 407 evals, 395.3s elapsed, c̃=0.8192923397, g_norm=3.05e-03
  p=9 start 3: 408 evals, 396.9s elapsed, c̃=0.7613836139, g_norm=1.13e-01
  p=9 start 1: 412 evals, 397.3s elapsed, c̃=0.8495142338, g_norm=3.01e-04
  p=9 start 2: 438 evals, 425.6s elapsed, c̃=0.8192987151, g_norm=1.87e-03
  p=9 start 3: 439 evals, 427.1s elapsed, c̃=0.7697325522, g_norm=3.42e-02
  p=9 start 1: 443 evals, 427.6s elapsed, c̃=0.8495152174, g_norm=2.82e-04
  p=9 start 2: 469 evals, 456.6s elapsed, c̃=0.8192786727, g_norm=7.55e-03
  p=9 start 3: 470 evals, 457.2s elapsed, c̃=0.7730067715, g_norm=6.74e-03
  p=9 start 1: 474 evals, 458.1s elapsed, c̃=0.8495139505, g_norm=3.81e-04
  p=9 start 2: 500 evals, 486.7s elapsed, c̃=0.8192975839, g_norm=5.16e-04
  p=9 start 3: 501 evals, 487.8s elapsed, c̃=0.7733414650, g_norm=8.96e-03
  p=9 start 1: 505 evals, 488.2s elapsed, c̃=0.8495159584, g_norm=1.57e-04
  p=9 start 2: 532 evals, 517.7s elapsed, c̃=0.8193034804, g_norm=7.19e-04
  p=9 start 3: 532 evals, 518.0s elapsed, c̃=0.7733575149, g_norm=1.76e-03
  p=9 start 1: 536 evals, 518.4s elapsed, c̃=0.8495171650, g_norm=2.20e-04
  p=9 start 2: 563 evals, 548.2s elapsed, c̃=0.8193018102, g_norm=7.11e-04
  p=9 start 3: 563 evals, 548.2s elapsed, c̃=0.7733584753, g_norm=1.76e-03
  p=9 start 1: 567 evals, 548.6s elapsed, c̃=0.8495169532, g_norm=1.82e-04
  p=9 start 3: 595 evals, 578.7s elapsed, c̃=0.7733746423, g_norm=1.09e-03
  p=9 start 1: 598 evals, 578.9s elapsed, c̃=0.8495153819, g_norm=1.26e-04
  p=9 start 2: 594 evals, 579.1s elapsed, c̃=0.8193021971, g_norm=4.54e-04
  p=9 start 3: 626 evals, 608.9s elapsed, c̃=0.7733800552, g_norm=1.09e-03
  p=9 start 1: 629 evals, 609.1s elapsed, c̃=0.8495132812, g_norm=1.04e-04
  p=9 start 2: 625 evals, 609.1s elapsed, c̃=0.8193020191, g_norm=4.70e-04
  p=9 start 3: 657 evals, 639.1s elapsed, c̃=0.7733750444, g_norm=7.82e-04
  p=9 start 1: 660 evals, 639.2s elapsed, c̃=0.8495135959, g_norm=2.17e-04
  p=9 start 2: 656 evals, 639.7s elapsed, c̃=0.8193011867, g_norm=3.40e-04
  p=9 start 3: 688 evals, 669.2s elapsed, c̃=0.7733751915, g_norm=1.09e-03
  p=9 start 1: 692 evals, 669.4s elapsed, c̃=0.8495154779, g_norm=1.40e-04
  p=9 start 2: 687 evals, 669.8s elapsed, c̃=0.8193060252, g_norm=3.31e-04
  p=9 start 3: 719 evals, 699.7s elapsed, c̃=0.7733794133, g_norm=1.09e-03
  p=9 start 2: 718 evals, 700.0s elapsed, c̃=0.8193015960, g_norm=3.35e-04
  p=9 start 1: 724 evals, 700.2s elapsed, c̃=0.8495162727, g_norm=1.59e-04
  p=9 start 3: 750 evals, 730.2s elapsed, c̃=0.7733778784, g_norm=1.09e-03
  p=9 start 2: 749 evals, 730.2s elapsed, c̃=0.8193048736, g_norm=3.30e-04
  p=9 start 1: 756 evals, 731.3s elapsed, c̃=0.8495132283, g_norm=1.03e-04
  p=9 start 3: 781 evals, 760.4s elapsed, c̃=0.7733791385, g_norm=1.09e-03
  p=9 start 2: 781 evals, 761.0s elapsed, c̃=0.8193011813, g_norm=3.37e-04
  p=9 start 1: 788 evals, 762.0s elapsed, c̃=0.8495163669, g_norm=1.57e-04
  p=9 start 3: 812 evals, 790.7s elapsed, c̃=0.7733749873, g_norm=1.05e-03
  p=9 start 2: 812 evals, 791.3s elapsed, c̃=0.8193040300, g_norm=3.35e-04
  p=9 start 1: 820 evals, 793.0s elapsed, c̃=0.8495153833, g_norm=1.44e-04
  p=9 start 3: 844 evals, 821.1s elapsed, c̃=0.7733788827, g_norm=1.06e-03
  p=9 start 2: 844 evals, 822.3s elapsed, c̃=0.8192997300, g_norm=3.34e-04
  p=9 start 1: 851 evals, 823.3s elapsed, c̃=0.8495110777, g_norm=1.16e-04
  p=9 start 3: 875 evals, 851.5s elapsed, c̃=0.7733747960, g_norm=1.04e-03
  p=9 start 2: 875 evals, 852.4s elapsed, c̃=0.8193051128, g_norm=3.35e-04
  p=9 start 1: 883 evals, 853.8s elapsed, c̃=0.8495154340, g_norm=1.24e-04
  p=9 start 3: 906 evals, 881.6s elapsed, c̃=0.7733751052, g_norm=2.63e-04
  p=9 start 2: 906 evals, 883.0s elapsed, c̃=0.8192997978, g_norm=3.33e-04
  p=9 start 1: 915 evals, 884.7s elapsed, c̃=0.8495124393, g_norm=1.44e-04
  p=9 start 3: 937 evals, 912.1s elapsed, c̃=0.7733767322, g_norm=2.29e-04
  p=9 start 2: 937 evals, 913.6s elapsed, c̃=0.8193016085, g_norm=3.28e-04
  p=9 start 1: 946 evals, 915.1s elapsed, c̃=0.8495189981, g_norm=1.33e-04
  p=9 start 3: 968 evals, 942.7s elapsed, c̃=0.7733762134, g_norm=3.90e-04
  p=9 start 2: 968 evals, 943.7s elapsed, c̃=0.8193013288, g_norm=3.31e-04
  p=9 start 1: 977 evals, 945.7s elapsed, c̃=0.8495130957, g_norm=1.33e-04
  p=9 start 3: 999 evals, 973.2s elapsed, c̃=0.7733772606, g_norm=3.97e-04
  p=9 start 2: 999 evals, 974.1s elapsed, c̃=0.8193047442, g_norm=3.01e-04
  p=9 start 1: 1008 evals, 976.1s elapsed, c̃=0.8495135118, g_norm=1.47e-04
  p=9 start 3: 1030 evals, 1003.5s elapsed, c̃=0.7733759844, g_norm=4.40e-04
  p=9 start 2: 1030 evals, 1004.6s elapsed, c̃=0.8193032979, g_norm=3.02e-04
  p=9 start 1: 1039 evals, 1006.4s elapsed, c̃=0.8495160234, g_norm=8.12e-05
  p=9 start 3: 1061 evals, 1033.7s elapsed, c̃=0.7733749903, g_norm=9.94e-04
  p=9 start 2: 1061 evals, 1034.7s elapsed, c̃=0.8193003402, g_norm=2.39e-04
  p=9 start 1: 1071 evals, 1037.4s elapsed, c̃=0.8495189651, g_norm=1.40e-04
  p=9 start 3: 1092 evals, 1063.8s elapsed, c̃=0.7733761193, g_norm=6.08e-04
  p=9 start 2: 1093 evals, 1065.6s elapsed, c̃=0.8193044915, g_norm=2.35e-04
  p=9 start 1: 1103 evals, 1067.8s elapsed, c̃=0.8495127002, g_norm=1.61e-04
  p=9 start 3: 1123 evals, 1093.9s elapsed, c̃=0.7733779838, g_norm=6.05e-04
  p=9 start 2: 1124 evals, 1095.8s elapsed, c̃=0.8193045741, g_norm=2.35e-04
  p=9 start 1: 1135 evals, 1098.7s elapsed, c̃=0.8495122144, g_norm=1.39e-04
  p=9 start 3: 1154 evals, 1124.2s elapsed, c̃=0.7733772297, g_norm=6.02e-04
  p=9 start 2: 1156 evals, 1126.7s elapsed, c̃=0.8193040685, g_norm=2.36e-04
  p=9 start 1: 1166 evals, 1128.7s elapsed, c̃=0.8495109277, g_norm=1.56e-04
  p=9 start 3: 1185 evals, 1155.2s elapsed, c̃=0.7733794954, g_norm=5.97e-04
  p=9 start 2: 1187 evals, 1157.1s elapsed, c̃=0.8192984178, g_norm=2.36e-04
  p=9 start 1: 1197 evals, 1158.7s elapsed, c̃=0.8495157748, g_norm=1.05e-04
  p=9 start 3: 1217 evals, 1186.0s elapsed, c̃=0.7733737675, g_norm=6.04e-04
  p=9 start 2: 1218 evals, 1187.3s elapsed, c̃=0.8193042636, g_norm=2.07e-04
  p=9 start 1: 1229 evals, 1189.2s elapsed, c̃=0.8495161742, g_norm=8.70e-05
  p=9 start 3: 1249 evals, 1217.0s elapsed, c̃=0.7733794393, g_norm=5.99e-04
  p=9 start 2: 1249 evals, 1217.3s elapsed, c̃=0.8193015224, g_norm=1.91e-04
  p=9 start 1: 1261 evals, 1219.7s elapsed, c̃=0.8495130889, g_norm=1.32e-04
  p=9 start 3: 1280 evals, 1247.6s elapsed, c̃=0.7733784588, g_norm=6.04e-04
  p=9 start 2: 1281 evals, 1248.1s elapsed, c̃=0.8193009197, g_norm=2.20e-04
  p=9 start 1: 1292 evals, 1250.0s elapsed, c̃=0.8495154122, g_norm=1.20e-04
  p=9 start 2: 1312 evals, 1278.3s elapsed, c̃=0.8193043848, g_norm=2.39e-04
  p=9 start 3: 1312 evals, 1278.4s elapsed, c̃=0.7733787105, g_norm=6.04e-04
  p=9 start 1: 1324 evals, 1281.0s elapsed, c̃=0.8495156670, g_norm=1.11e-04
  p=9 start 3: 1343 evals, 1308.6s elapsed, c̃=0.7733776113, g_norm=7.48e-04
  p=9 start 2: 1344 evals, 1308.8s elapsed, c̃=0.8193037178, g_norm=2.31e-04
  p=9 start 1: 1356 evals, 1311.9s elapsed, c̃=0.8495172013, g_norm=1.27e-04
  p=9 start 2: 1375 evals, 1339.1s elapsed, c̃=0.8193005858, g_norm=1.79e-04
  p=9 start 3: 1374 evals, 1339.4s elapsed, c̃=0.7733776823, g_norm=7.47e-04
  p=9 start 1: 1387 evals, 1342.3s elapsed, c̃=0.8495141182, g_norm=2.36e-04
  p=9 start 3: 1405 evals, 1369.7s elapsed, c̃=0.7733771939, g_norm=7.34e-04
  p=9 start 2: 1406 evals, 1369.8s elapsed, c̃=0.8193030374, g_norm=1.97e-04
  p=9 start 1: 1419 evals, 1373.2s elapsed, c̃=0.8495171725, g_norm=1.34e-04
  p=9 start 3: 1436 evals, 1399.7s elapsed, c̃=0.7733778899, g_norm=1.13e-03
  p=9 start 2: 1437 evals, 1400.1s elapsed, c̃=0.8193021140, g_norm=2.22e-04
  p=9 start 1: 1451 evals, 1403.8s elapsed, c̃=0.8495142062, g_norm=2.73e-04
  p=9 start 3: 1467 evals, 1429.7s elapsed, c̃=0.7733747564, g_norm=1.03e-03
  p=9 start 2: 1469 evals, 1430.9s elapsed, c̃=0.8193045882, g_norm=2.00e-04
  p=9 start 1: 1483 evals, 1434.5s elapsed, c̃=0.8495188563, g_norm=1.33e-04
  p=9 start 3: 1499 evals, 1460.9s elapsed, c̃=0.7733765637, g_norm=9.66e-04
  p=9 start 2: 1501 evals, 1461.5s elapsed, c̃=0.8192974601, g_norm=1.95e-04
  p=9 start 1: 1515 evals, 1465.2s elapsed, c̃=0.8495140167, g_norm=1.01e-04
  p=9 start 3: 1530 evals, 1491.1s elapsed, c̃=0.7733764515, g_norm=9.69e-04
  p=9 start 2: 1532 evals, 1491.9s elapsed, c̃=0.8193055774, g_norm=2.40e-04
  p=9 start 1: 1546 evals, 1495.2s elapsed, c̃=0.8495156094, g_norm=1.76e-04
  p=9 start 3: 1561 evals, 1521.3s elapsed, c̃=0.7733774561, g_norm=9.25e-04
  p=9 start 2: 1564 evals, 1522.7s elapsed, c̃=0.8193019502, g_norm=2.95e-04
  p=9 start 1: 1578 evals, 1525.9s elapsed, c̃=0.8495166484, g_norm=1.05e-04
  p=9 start 3: 1593 evals, 1552.1s elapsed, c̃=0.7733757166, g_norm=8.22e-04
  p=9 start 2: 1595 evals, 1552.7s elapsed, c̃=0.8193037918, g_norm=2.12e-04
  p=9 start 1: 1609 evals, 1556.1s elapsed, c̃=0.8495156643, g_norm=1.34e-04
  p=9 start 3: 1624 evals, 1582.8s elapsed, c̃=0.7733803130, g_norm=8.19e-04
  p=9 start 2: 1627 evals, 1583.7s elapsed, c̃=0.8193002867, g_norm=2.50e-04
  p=9 start 1: 1640 evals, 1586.2s elapsed, c̃=0.8495163403, g_norm=2.67e-04
  p=9 start 3: 1656 evals, 1613.7s elapsed, c̃=0.7733782268, g_norm=5.40e-04
  p=9 start 2: 1658 evals, 1614.3s elapsed, c̃=0.8193051563, g_norm=2.79e-04
  p=9 start 1: 1671 evals, 1616.2s elapsed, c̃=0.8495136196, g_norm=1.68e-04
  p=9 start 3: 1688 evals, 1644.5s elapsed, c̃=0.7733760668, g_norm=5.42e-04
  p=9 start 2: 1690 evals, 1645.1s elapsed, c̃=0.8192993116, g_norm=3.02e-04
  p=9 start 1: 1703 evals, 1646.4s elapsed, c̃=0.8495141730, g_norm=1.02e-04
  p=9 start 3: 1719 evals, 1674.9s elapsed, c̃=0.7733772134, g_norm=1.32e-03
  p=9 start 2: 1721 evals, 1675.9s elapsed, c̃=0.8193052197, g_norm=2.24e-04
  p=9 start 1: 1735 evals, 1677.4s elapsed, c̃=0.8495133671, g_norm=9.63e-05
  p=9 start 3: 1750 evals, 1705.4s elapsed, c̃=0.7733777247, g_norm=1.23e-03
  p=9 start 2: 1752 evals, 1706.1s elapsed, c̃=0.8193004935, g_norm=2.35e-04
  p=9 start 1: 1766 evals, 1707.4s elapsed, c̃=0.8495163498, g_norm=6.30e-05
  p=9 start 3: 1781 evals, 1735.6s elapsed, c̃=0.7733785907, g_norm=1.30e-03
  p=9 start 2: 1784 evals, 1737.0s elapsed, c̃=0.8193062856, g_norm=1.97e-04
  p=9 start 1: 1798 evals, 1738.3s elapsed, c̃=0.8495163743, g_norm=2.01e-04
  p=9 start 3: 1813 evals, 1766.5s elapsed, c̃=0.7733803559, g_norm=3.62e-03
  p=9 start 2: 1815 evals, 1767.2s elapsed, c̃=0.8193024673, g_norm=2.74e-04
  p=9 start 1: 1829 evals, 1768.9s elapsed, c̃=0.8495131341, g_norm=1.72e-04
  p=9 start 2: 1846 evals, 1797.5s elapsed, c̃=0.8193040229, g_norm=2.50e-04
  p=9 start 3: 1845 evals, 1797.5s elapsed, c̃=0.7733798545, g_norm=3.62e-03
  p=9 start 1: 1860 evals, 1799.0s elapsed, c̃=0.8495138927, g_norm=1.20e-04
  p=9 start 2: 1878 evals, 1828.4s elapsed, c̃=0.8193007455, g_norm=1.87e-04
  p=9 start 3: 1877 evals, 1828.4s elapsed, c̃=0.7733805139, g_norm=3.13e-03
  p=9 start 1: 1891 evals, 1829.1s elapsed, c̃=0.8495149945, g_norm=9.12e-05
  p=9 start 2: 1909 evals, 1858.6s elapsed, c̃=0.8193041101, g_norm=1.91e-04
  p=9 start 3: 1908 evals, 1858.7s elapsed, c̃=0.7733816238, g_norm=2.07e-03
  p=9 start 1: 1922 evals, 1859.5s elapsed, c̃=0.8495124524, g_norm=2.13e-04
  p=9 start 2: 1941 evals, 1889.3s elapsed, c̃=0.8192984226, g_norm=1.99e-04
  p=9 start 1: 1953 evals, 1889.5s elapsed, c̃=0.8495142310, g_norm=4.54e-05
  p=9 start 3: 1940 evals, 1889.6s elapsed, c̃=0.7733813982, g_norm=1.73e-03
  p=9 start 2: 1972 evals, 1919.8s elapsed, c̃=0.8193025142, g_norm=1.94e-04
  p=9 start 3: 1971 evals, 1919.8s elapsed, c̃=0.7733837599, g_norm=7.92e-04
  p=9 start 1: 1984 evals, 1919.8s elapsed, c̃=0.8495158459, g_norm=9.27e-05
  p=9 start 2: 2003 evals, 1949.8s elapsed, c̃=0.8193022830, g_norm=1.88e-04
  p=9 start 1: 2015 evals, 1950.0s elapsed, c̃=0.8495116869, g_norm=1.25e-04
  p=9 start 3: 2002 evals, 1950.3s elapsed, c̃=0.7733800654, g_norm=8.03e-04
  p=9 start 2: 2034 evals, 1980.0s elapsed, c̃=0.8192998341, g_norm=3.05e-04
  p=9 start 1: 2046 evals, 1980.2s elapsed, c̃=0.8495159501, g_norm=1.68e-04
  p=9 start 3: 2033 evals, 1980.5s elapsed, c̃=0.7733818005, g_norm=8.02e-04
  p=9 start 2: 2065 evals, 2010.1s elapsed, c̃=0.8192988237, g_norm=2.36e-04
  p=9 start 3: 2064 evals, 2010.7s elapsed, c̃=0.7733832557, g_norm=8.03e-04
  p=9 start 1: 2078 evals, 2011.1s elapsed, c̃=0.8495133556, g_norm=3.93e-05
  p=9 start 2: 2096 evals, 2040.6s elapsed, c̃=0.8193023992, g_norm=3.09e-04
  p=9 start 3: 2095 evals, 2040.9s elapsed, c̃=0.7733822444, g_norm=7.89e-04
  p=9 start 1: 2109 evals, 2041.4s elapsed, c̃=0.8495111252, g_norm=1.02e-04
  p=9 start 2: 2127 evals, 2070.8s elapsed, c̃=0.8193006908, g_norm=3.38e-04
  p=9 start 1: 2140 evals, 2071.4s elapsed, c̃=0.8495139732, g_norm=1.04e-04
  p=9 start 3: 2127 evals, 2071.8s elapsed, c̃=0.7733830157, g_norm=1.06e-03
  p=9 start 2: 2158 evals, 2100.9s elapsed, c̃=0.8193031141, g_norm=3.49e-04
  p=9 start 1: 2172 evals, 2102.2s elapsed, c̃=0.8495171489, g_norm=2.21e-04
  p=9 start 3: 2159 evals, 2102.5s elapsed, c̃=0.7733836048, g_norm=1.07e-03
  p=9 start 2: 2190 evals, 2131.8s elapsed, c̃=0.8193052310, g_norm=2.45e-04
  p=9 start 1: 2203 evals, 2132.4s elapsed, c̃=0.8495140864, g_norm=1.13e-04
  p=9 start 3: 2190 evals, 2132.6s elapsed, c̃=0.7733823404, g_norm=5.55e-04
  p=9 start 2: 2221 evals, 2162.0s elapsed, c̃=0.8193014416, g_norm=2.71e-04
  p=9 start 3: 2221 evals, 2162.7s elapsed, c̃=0.7733842189, g_norm=5.63e-04
  p=9 start 1: 2235 evals, 2163.0s elapsed, c̃=0.8495172346, g_norm=1.96e-04
  p=9 start 2: 2252 evals, 2192.3s elapsed, c̃=0.8193034699, g_norm=2.50e-04
  p=9 start 3: 2252 evals, 2192.9s elapsed, c̃=0.7733824600, g_norm=4.33e-04
  p=9 start 1: 2266 evals, 2193.2s elapsed, c̃=0.8495111234, g_norm=1.15e-04
  p=9 start 2: 2283 evals, 2222.3s elapsed, c̃=0.8193044987, g_norm=2.31e-04
  p=9 start 3: 2284 evals, 2223.4s elapsed, c̃=0.7733824478, g_norm=4.44e-04
  p=9 start 1: 2297 evals, 2223.5s elapsed, c̃=0.8495159886, g_norm=9.60e-05
  p=9 start 2: 2314 evals, 2252.6s elapsed, c̃=0.8193019715, g_norm=1.63e-04
  p=9 start 3: 2315 evals, 2253.9s elapsed, c̃=0.7733793720, g_norm=9.46e-04
  p=9 start 1: 2329 evals, 2254.2s elapsed, c̃=0.8495150276, g_norm=1.06e-04
  p=9 start 2: 2345 evals, 2282.8s elapsed, c̃=0.8192991088, g_norm=1.84e-04
  p=9 start 3: 2346 evals, 2284.1s elapsed, c̃=0.7733812665, g_norm=7.23e-04
  p=9 start 1: 2360 evals, 2284.3s elapsed, c̃=0.8495168146, g_norm=8.51e-05
  p=9 start 2: 2376 evals, 2313.2s elapsed, c̃=0.8192987035, g_norm=1.82e-04
  p=9 start 1: 2392 evals, 2315.1s elapsed, c̃=0.8495120444, g_norm=5.96e-05
  p=9 start 3: 2378 evals, 2315.2s elapsed, c̃=0.7733820961, g_norm=7.27e-04
  p=9 start 2: 2407 evals, 2343.5s elapsed, c̃=0.8193002421, g_norm=1.89e-04
  p=9 start 1: 2424 evals, 2345.5s elapsed, c̃=0.8495167451, g_norm=1.05e-04
  p=9 start 3: 2409 evals, 2345.9s elapsed, c̃=0.7733828175, g_norm=4.95e-04
  p=9 start 2: 2438 evals, 2373.5s elapsed, c̃=0.8193034540, g_norm=1.54e-04
  p=9 start 1: 2455 evals, 2375.7s elapsed, c̃=0.8495161464, g_norm=1.02e-04
  p=9 start 3: 2440 evals, 2376.0s elapsed, c̃=0.7733797056, g_norm=5.75e-04
  p=9 start 2: 2469 evals, 2403.6s elapsed, c̃=0.8193035793, g_norm=1.67e-04
  p=9 start 3: 2471 evals, 2406.5s elapsed, c̃=0.7733810548, g_norm=5.59e-04
  p=9 start 1: 2487 evals, 2406.5s elapsed, c̃=0.8495165135, g_norm=1.99e-04
  p=9 start 2: 2501 evals, 2434.0s elapsed, c̃=0.8193011542, g_norm=1.83e-04
  p=9 start 1: 2518 evals, 2436.9s elapsed, c̃=0.8495152755, g_norm=1.40e-04
  p=9 start 3: 2502 evals, 2437.3s elapsed, c̃=0.7733823571, g_norm=2.65e-03
  p=9 start 2: 2533 evals, 2464.8s elapsed, c̃=0.8193017256, g_norm=1.83e-04
  p=9 start 1: 2550 evals, 2467.7s elapsed, c̃=0.8495192885, g_norm=1.77e-04
  p=9 start 3: 2534 evals, 2468.3s elapsed, c̃=0.7733848747, g_norm=8.51e-04
  p=9 start 2: 2565 evals, 2495.7s elapsed, c̃=0.8193041502, g_norm=2.19e-04
  p=9 start 1: 2581 evals, 2498.0s elapsed, c̃=0.8495166992, g_norm=7.76e-05
  p=9 start 3: 2565 evals, 2498.4s elapsed, c̃=0.7733862237, g_norm=8.58e-04
  p=9 start 2: 2596 evals, 2526.1s elapsed, c̃=0.8193007038, g_norm=2.74e-04
  p=9 start 1: 2613 evals, 2528.3s elapsed, c̃=0.8495155502, g_norm=1.83e-04
  p=9 start 3: 2596 evals, 2528.8s elapsed, c̃=0.7733868275, g_norm=7.92e-04
  p=9 start 2: 2628 evals, 2556.5s elapsed, c̃=0.8193007948, g_norm=2.92e-04
  p=9 start 3: 2628 evals, 2559.2s elapsed, c̃=0.7733830616, g_norm=5.65e-04
  p=9 start 2: 2665 evals, 2587.0s elapsed, c̃=0.8193027374, g_norm=2.78e-04
  p=9 start 3: 2665 evals, 2589.7s elapsed, c̃=0.7733872727, g_norm=5.59e-04
  p=9 start 2: 2702 evals, 2617.6s elapsed, c̃=0.8192994489, g_norm=2.94e-04
  p=9 start 3: 2702 evals, 2620.1s elapsed, c̃=0.7733853311, g_norm=1.06e-03
  p=9 start 2: 2739 evals, 2648.1s elapsed, c̃=0.8193021435, g_norm=4.16e-04
  p=9 start 3: 2739 evals, 2650.6s elapsed, c̃=0.7733886031, g_norm=1.05e-03
  p=9 start 2: 2775 evals, 2678.1s elapsed, c̃=0.8193043523, g_norm=4.03e-04
  p=9 start 3: 2776 evals, 2681.3s elapsed, c̃=0.7733862896, g_norm=1.18e-03
  p=9 start 2: 2812 evals, 2708.9s elapsed, c̃=0.8193010463, g_norm=3.94e-04
  p=9 start 3: 2813 evals, 2711.8s elapsed, c̃=0.7733846926, g_norm=1.08e-03
  p=9 start 2: 2849 evals, 2739.5s elapsed, c̃=0.8193022029, g_norm=4.03e-04
  p=9 start 3: 2850 evals, 2742.2s elapsed, c̃=0.7733904399, g_norm=1.21e-03
  p=9 start 2: 2886 evals, 2770.2s elapsed, c̃=0.8193052492, g_norm=4.29e-04
  p=9 start 3: 2887 evals, 2772.9s elapsed, c̃=0.7733862373, g_norm=1.22e-03
  p=9 start 2: 2923 evals, 2800.9s elapsed, c̃=0.8192996000, g_norm=4.27e-04
  p=9 start 3: 2924 evals, 2803.5s elapsed, c̃=0.7733892197, g_norm=7.31e-04
  p=9 start 2: 2959 evals, 2831.0s elapsed, c̃=0.8193010947, g_norm=3.08e-04
  p=9 start 3: 2961 evals, 2834.0s elapsed, c̃=0.7733870706, g_norm=1.58e-03
  p=9 start 2: 2995 evals, 2861.3s elapsed, c̃=0.8193042834, g_norm=3.81e-04
  p=9 start 3: 2997 evals, 2864.2s elapsed, c̃=0.7733878893, g_norm=1.57e-03
  p=9 start 2: 3032 evals, 2891.9s elapsed, c̃=0.8193025558, g_norm=3.46e-04
  p=9 start 3: 3034 evals, 2894.4s elapsed, c̃=0.7733889247, g_norm=7.76e-04
  p=9 start 2: 3069 evals, 2922.2s elapsed, c̃=0.8193010826, g_norm=4.06e-04
  p=9 start 3: 3070 evals, 2924.6s elapsed, c̃=0.7733885005, g_norm=7.09e-04
  p=9 start 2: 3106 evals, 2952.5s elapsed, c̃=0.8193040504, g_norm=4.77e-04
  p=9 start 3: 3107 evals, 2955.2s elapsed, c̃=0.7733931532, g_norm=7.15e-04
  p=9 start 2: 3143 evals, 2983.1s elapsed, c̃=0.8193019418, g_norm=1.62e-04
  p=9 start 3: 3144 evals, 2985.6s elapsed, c̃=0.7733916464, g_norm=7.08e-04
  p=9 start 2: 3180 evals, 3013.9s elapsed, c̃=0.8193008699, g_norm=3.27e-04
  p=9 start 3: 3181 evals, 3016.2s elapsed, c̃=0.7733929435, g_norm=7.02e-04
  p=9 start 2: 3217 evals, 3044.2s elapsed, c̃=0.8193026473, g_norm=3.32e-04
  p=9 start 3: 3218 evals, 3046.4s elapsed, c̃=0.7733895534, g_norm=7.09e-04
  p=9 start 2: 3253 evals, 3074.2s elapsed, c̃=0.8193004213, g_norm=2.21e-04
  p=9 start 3: 3255 evals, 3076.9s elapsed, c̃=0.7733929242, g_norm=7.01e-04
  p=9 start 2: 3290 evals, 3104.8s elapsed, c̃=0.8193020529, g_norm=2.15e-04
  p=9 start 3: 3292 evals, 3107.1s elapsed, c̃=0.7733877878, g_norm=7.04e-04
  p=9 start 2: 3327 evals, 3135.5s elapsed, c̃=0.8193031705, g_norm=2.04e-04
  p=9 start 3: 3329 evals, 3137.7s elapsed, c̃=0.7733924360, g_norm=7.08e-04
  p=9 start 2: 3364 evals, 3165.8s elapsed, c̃=0.8193014013, g_norm=2.22e-04
  p=9 start 3: 3366 evals, 3168.2s elapsed, c̃=0.7733907005, g_norm=6.65e-04
  p=9 start 2: 3401 evals, 3196.2s elapsed, c̃=0.8193058714, g_norm=1.97e-04
  p=9 start 3: 3403 evals, 3198.7s elapsed, c̃=0.7733896669, g_norm=6.68e-04
  p=9 start 2: 3438 evals, 3226.8s elapsed, c̃=0.8193033908, g_norm=2.17e-04
  p=9 start 3: 3440 evals, 3229.0s elapsed, c̃=0.7733918186, g_norm=6.69e-04
  p=9 start 2: 3475 evals, 3257.6s elapsed, c̃=0.8192991353, g_norm=2.07e-04
  p=9 start 3: 3477 evals, 3259.6s elapsed, c̃=0.7733862557, g_norm=6.47e-04
  p=9 start 2: 3511 evals, 3287.7s elapsed, c̃=0.8193032908, g_norm=2.36e-04
  p=9 start 3: 3514 evals, 3289.8s elapsed, c̃=0.7733875973, g_norm=8.72e-04
  p=9 start 2: 3547 evals, 3317.8s elapsed, c̃=0.8193036416, g_norm=2.05e-04
  p=9 start 3: 3551 evals, 3320.3s elapsed, c̃=0.7733909748, g_norm=9.22e-04
  p=9 start 2: 3584 evals, 3348.1s elapsed, c̃=0.8193008334, g_norm=1.60e-04
  p=9 start 3: 3588 evals, 3350.9s elapsed, c̃=0.7733896840, g_norm=9.37e-04
  p=9 start 2: 3621 evals, 3378.9s elapsed, c̃=0.8193063455, g_norm=1.64e-04
  p=9 start 3: 3625 evals, 3381.2s elapsed, c̃=0.7733896663, g_norm=1.45e-03
  p=9 start 2: 3658 evals, 3409.5s elapsed, c̃=0.8193025836, g_norm=1.58e-04
  p=9 start 3: 3662 evals, 3411.2s elapsed, c̃=0.7733916593, g_norm=1.05e-03
  p=9 start 2: 3695 evals, 3440.0s elapsed, c̃=0.8193043159, g_norm=1.60e-04
  p=9 start 3: 3699 evals, 3441.6s elapsed, c̃=0.7733926240, g_norm=1.38e-03
  p=9 start 2: 3732 evals, 3470.1s elapsed, c̃=0.8192988409, g_norm=1.68e-04
  p=9 start 3: 3736 evals, 3471.8s elapsed, c̃=0.7733921760, g_norm=9.12e-04
  p=9 start 2: 3769 evals, 3500.3s elapsed, c̃=0.8193059862, g_norm=1.59e-04
  p=9 start 3: 3773 evals, 3502.0s elapsed, c̃=0.7733903809, g_norm=1.08e-03
  p=9 start 2: 3806 evals, 3530.9s elapsed, c̃=0.8193053637, g_norm=1.57e-04
  p=9 start 3: 3810 evals, 3532.1s elapsed, c̃=0.7733932918, g_norm=1.09e-03
  p=9 start 2: 3843 evals, 3561.5s elapsed, c̃=0.8193023297, g_norm=1.44e-04
  p=9 start 3: 3846 evals, 3562.2s elapsed, c̃=0.7733986543, g_norm=1.72e-03
  p=9 start 2: 3880 evals, 3592.1s elapsed, c̃=0.8193030116, g_norm=1.73e-04
  p=9 start 3: 3883 evals, 3592.7s elapsed, c̃=0.7734024760, g_norm=5.11e-03
  p=9 start 2: 3916 evals, 3622.3s elapsed, c̃=0.8193024949, g_norm=1.59e-04
  p=9 start 3: 3919 evals, 3622.8s elapsed, c̃=0.7740941601, g_norm=1.88e-02
  p=9 start 2: 3953 evals, 3652.8s elapsed, c̃=0.8193034038, g_norm=1.60e-04
  p=9 start 3: 3955 evals, 3652.8s elapsed, c̃=0.7752307885, g_norm=4.74e-03
  p=9 start 2: 3990 evals, 3683.4s elapsed, c̃=0.8193041324, g_norm=1.71e-04
  p=9 start 3: 3992 evals, 3683.4s elapsed, c̃=0.7753739417, g_norm=1.62e-03
  p=9 start 2: 4027 evals, 3713.8s elapsed, c̃=0.8193021935, g_norm=1.64e-04
  p=9 start 3: 4029 evals, 3714.1s elapsed, c̃=0.7753707234, g_norm=1.63e-03
  p=9 start 2: 4064 evals, 3744.3s elapsed, c̃=0.8193009929, g_norm=1.74e-04
  p=9 start 3: 4066 evals, 3744.7s elapsed, c̃=0.7753785598, g_norm=6.17e-04
  p=9 start 2: 4101 evals, 3774.6s elapsed, c̃=0.8192974562, g_norm=1.19e-04
  p=9 start 3: 4103 evals, 3775.5s elapsed, c̃=0.7753747247, g_norm=4.28e-04
  p=9 start 2: 4138 evals, 3804.9s elapsed, c̃=0.8193043338, g_norm=1.41e-04
  p=9 start 3: 4140 evals, 3806.0s elapsed, c̃=0.7753772967, g_norm=1.18e-04
  p=9 start 2: 4175 evals, 3835.5s elapsed, c̃=0.8193006758, g_norm=3.56e-04
  p=9 start 3: 4177 evals, 3836.2s elapsed, c̃=0.7753753107, g_norm=8.66e-05
  p=9 start 2: 4212 evals, 3865.7s elapsed, c̃=0.8193048377, g_norm=3.31e-04
  p=9 start 3: 4214 evals, 3866.4s elapsed, c̃=0.7753766105, g_norm=9.82e-05
  p=9 start 2: 4249 evals, 3896.0s elapsed, c̃=0.8192992006, g_norm=3.24e-04
  p=9 start 3: 4251 evals, 3896.8s elapsed, c̃=0.7753749124, g_norm=9.32e-05
  p=9 start 2: 4286 evals, 3926.3s elapsed, c̃=0.8192984009, g_norm=3.07e-04
  p=9 start 3: 4289 evals, 3927.6s elapsed, c̃=0.7753778906, g_norm=1.11e-04
  p=9 start 2: 4323 evals, 3956.9s elapsed, c̃=0.8193007921, g_norm=2.84e-04
  p=9 start 3: 4326 evals, 3958.3s elapsed, c̃=0.7753744270, g_norm=8.14e-05
  p=9 start 2: 4359 evals, 3987.4s elapsed, c̃=0.8193046924, g_norm=2.77e-04
  p=9 start 3: 4362 evals, 3988.4s elapsed, c̃=0.7753751219, g_norm=6.70e-05
  p=9 start 2: 4396 evals, 4017.8s elapsed, c̃=0.8192999416, g_norm=2.84e-04
  p=9 start 3: 4399 evals, 4018.6s elapsed, c̃=0.7753785713, g_norm=7.10e-05
  p=9 start 2: 4433 evals, 4047.9s elapsed, c̃=0.8193002982, g_norm=1.99e-04
  p=9 start 3: 4436 evals, 4048.8s elapsed, c̃=0.7753792275, g_norm=3.94e-05
  p=9 start 2: 4470 evals, 4078.2s elapsed, c̃=0.8193033185, g_norm=2.13e-04
  p=9 start 3: 4473 evals, 4079.2s elapsed, c̃=0.7753790156, g_norm=1.09e-04
  p=9 start 2: 4507 evals, 4108.4s elapsed, c̃=0.8193014382, g_norm=2.33e-04
  p=9 start 3: 4510 evals, 4109.6s elapsed, c̃=0.7753741864, g_norm=8.41e-05
  p=9 start 2: 4544 evals, 4139.1s elapsed, c̃=0.8193006876, g_norm=2.38e-04
  p=9 start 3: 4547 evals, 4139.9s elapsed, c̃=0.7753784383, g_norm=1.01e-04
  p=9 start 2: 4581 evals, 4169.2s elapsed, c̃=0.8193014366, g_norm=2.74e-04
  p=9 start 3: 4584 evals, 4170.2s elapsed, c̃=0.7753742280, g_norm=6.17e-05
  p=9 start 2: 4618 evals, 4199.8s elapsed, c̃=0.8193000314, g_norm=2.32e-04
  p=9 start 3: 4621 evals, 4201.0s elapsed, c̃=0.7753789568, g_norm=9.59e-05
  p=9 start 2: 4655 evals, 4230.4s elapsed, c̃=0.8193031242, g_norm=1.63e-04
  p=9 start 3: 4658 evals, 4231.7s elapsed, c̃=0.7753750642, g_norm=7.92e-05
  p=9 start 2: 4692 evals, 4261.0s elapsed, c̃=0.8192972634, g_norm=1.95e-04
  p=9 start 3: 4695 evals, 4262.2s elapsed, c̃=0.7753765097, g_norm=5.01e-05
  p=9 start 2: 4729 evals, 4291.8s elapsed, c̃=0.8193026767, g_norm=1.38e-04
  p=9 start 3: 4732 evals, 4293.0s elapsed, c̃=0.7753747428, g_norm=8.61e-05
  p=9 start 2: 4766 evals, 4322.5s elapsed, c̃=0.8193008707, g_norm=2.95e-04
  p=9 start 3: 4769 evals, 4323.3s elapsed, c̃=0.7753767213, g_norm=7.04e-05
  p=9 start 2: 4803 evals, 4352.7s elapsed, c̃=0.8193005534, g_norm=2.29e-04
  p=9 start 3: 4806 evals, 4353.8s elapsed, c̃=0.7753760359, g_norm=4.37e-05
  p=9 start 2: 4840 evals, 4383.3s elapsed, c̃=0.8193001253, g_norm=1.12e-04
  p=9 start 3: 4843 evals, 4384.2s elapsed, c̃=0.7753784818, g_norm=3.26e-05
  p=9 start 2: 4877 evals, 4414.1s elapsed, c̃=0.8193017242, g_norm=1.30e-04
  p=9 start 3: 4880 evals, 4414.6s elapsed, c̃=0.7753775687, g_norm=7.73e-05
  p=9 start 2: 4914 evals, 4444.5s elapsed, c̃=0.8193012709, g_norm=1.62e-04
  p=9 start 3: 4917 evals, 4445.1s elapsed, c̃=0.7753781148, g_norm=3.50e-05
  p=9 start 2: 4951 evals, 4475.0s elapsed, c̃=0.8192977194, g_norm=1.94e-04
  p=9 start 3: 4954 evals, 4475.8s elapsed, c̃=0.7753760753, g_norm=6.39e-05
  p=9 start 2: 4987 evals, 4505.2s elapsed, c̃=0.8193017798, g_norm=2.28e-04
  p=9 start 3: 4991 evals, 4506.4s elapsed, c̃=0.7753757132, g_norm=3.96e-05
  p=9 start 2: 5024 evals, 4535.5s elapsed, c̃=0.8193046328, g_norm=1.78e-04
  p=9 start 3: 5028 evals, 4537.1s elapsed, c̃=0.7753747534, g_norm=1.13e-04
  p=9 start 2: 5062 evals, 4566.2s elapsed, c̃=0.8193021013, g_norm=7.74e-05
  p=9 start 3: 5065 evals, 4567.6s elapsed, c̃=0.7753744218, g_norm=3.77e-05
  p=9 start 2: 5098 evals, 4596.3s elapsed, c̃=0.8193046626, g_norm=6.83e-05
  p=9 start 3: 5102 evals, 4597.9s elapsed, c̃=0.7753765296, g_norm=1.90e-05
  p=9 start 2: 5135 evals, 4627.0s elapsed, c̃=0.8192994760, g_norm=9.26e-05
  p=9 start 3: 5139 evals, 4628.4s elapsed, c̃=0.7753781762, g_norm=3.13e-05
  p=9 start 2: 5172 evals, 4657.8s elapsed, c̃=0.8193022487, g_norm=6.82e-05
  p=9 start 3: 5176 evals, 4659.1s elapsed, c̃=0.7753763205, g_norm=2.44e-05
  p=9 start 2: 5209 evals, 4688.0s elapsed, c̃=0.8193022657, g_norm=1.32e-04
  p=9 start 3: 5213 evals, 4689.5s elapsed, c̃=0.7753771264, g_norm=9.24e-05
  p=9 start 2: 5246 evals, 4718.3s elapsed, c̃=0.8193001011, g_norm=1.34e-04
  p=9 start 3: 5250 evals, 4720.0s elapsed, c̃=0.7753762379, g_norm=6.31e-05
  p=9 start 2: 5283 evals, 4748.5s elapsed, c̃=0.8193001706, g_norm=1.23e-04
  p=9 start 3: 5287 evals, 4750.2s elapsed, c̃=0.7753787748, g_norm=7.37e-05
  p=9 start 2: 5320 evals, 4778.6s elapsed, c̃=0.8193026102, g_norm=1.30e-04
  p=9 start 3: 5324 evals, 4780.3s elapsed, c̃=0.7753791270, g_norm=1.31e-05
  p=9 start 2: 5357 evals, 4809.1s elapsed, c̃=0.8193003758, g_norm=9.49e-05
  p=9 start 3: 5361 evals, 4810.5s elapsed, c̃=0.7753769404, g_norm=3.93e-05
  p=9 start 2: 5394 evals, 4839.3s elapsed, c̃=0.8192992845, g_norm=7.86e-05
  p=9 start 3: 5398 evals, 4841.3s elapsed, c̃=0.7753746792, g_norm=8.33e-05
  p=9 start 2: 5431 evals, 4869.9s elapsed, c̃=0.8192993010, g_norm=4.50e-05
  p=9 start 3: 5435 evals, 4871.5s elapsed, c̃=0.7753763881, g_norm=5.05e-05
  p=9 start 2: 5468 evals, 4900.1s elapsed, c̃=0.8193045366, g_norm=7.91e-05
  p=9 start 3: 5472 evals, 4901.7s elapsed, c̃=0.7753797131, g_norm=5.04e-05
  p=9 start 2: 5505 evals, 4930.1s elapsed, c̃=0.8193020438, g_norm=8.79e-05
  p=9 start 3: 5510 evals, 4932.6s elapsed, c̃=0.7753808717, g_norm=3.06e-05
  p=9 start 2: 5542 evals, 4960.5s elapsed, c̃=0.8193009654, g_norm=8.59e-05
  p=9 start 3: 5547 evals, 4963.4s elapsed, c̃=0.7753770482, g_norm=3.55e-05
  p=9 start 2: 5579 evals, 4991.0s elapsed, c̃=0.8193008831, g_norm=6.32e-05
  p=9 start 3: 5584 evals, 4993.7s elapsed, c̃=0.7753764803, g_norm=6.33e-05
  p=9 start 2: 5616 evals, 5021.7s elapsed, c̃=0.8193008875, g_norm=7.26e-05
  p=9 start 3: 5620 evals, 5023.8s elapsed, c̃=0.7753785285, g_norm=2.55e-05
  p=9 start 2: 5653 evals, 5052.5s elapsed, c̃=0.8192997966, g_norm=7.80e-05
  p=9 start 3: 5657 evals, 5054.1s elapsed, c̃=0.7753746044, g_norm=2.92e-05
  p=9 start 2: 5690 evals, 5082.7s elapsed, c̃=0.8193026664, g_norm=7.35e-05
  p=9 start 3: 5694 evals, 5084.4s elapsed, c̃=0.7753752329, g_norm=4.78e-05
  p=9 start 2: 5727 evals, 5113.4s elapsed, c̃=0.8193028756, g_norm=8.57e-05
  p=9 start 3: 5731 evals, 5114.9s elapsed, c̃=0.7753765815, g_norm=2.95e-05
  p=9 start 2: 5764 evals, 5144.1s elapsed, c̃=0.8193052528, g_norm=5.42e-05
  p=9 start 3: 5768 evals, 5145.6s elapsed, c̃=0.7753760181, g_norm=4.11e-05
  p=9 start 2: 5801 evals, 5174.2s elapsed, c̃=0.8193045164, g_norm=6.65e-05
  p=9 start 3: 5805 evals, 5176.1s elapsed, c̃=0.7753777618, g_norm=1.06e-04
  p=9 start 2: 5838 evals, 5204.7s elapsed, c̃=0.8193040042, g_norm=6.92e-05
  p=9 start 3: 5842 evals, 5206.4s elapsed, c̃=0.7753760748, g_norm=2.36e-03
  p=9 start 2: 5875 evals, 5235.3s elapsed, c̃=0.8193038808, g_norm=9.08e-05
  p=9 start 3: 5879 evals, 5236.6s elapsed, c̃=0.7753768219, g_norm=8.23e-05
  p=9 start 2: 5912 evals, 5266.0s elapsed, c̃=0.8193031367, g_norm=1.14e-04
  p=9 start 3: 5916 evals, 5266.8s elapsed, c̃=0.7753760497, g_norm=4.08e-05
  p=9 start 2: 5949 evals, 5296.5s elapsed, c̃=0.8193025271, g_norm=5.93e-05
  p=9 start 3: 5953 evals, 5297.2s elapsed, c̃=0.7753768994, g_norm=5.33e-05
  p=9 start 2: 5986 evals, 5326.9s elapsed, c̃=0.8193049048, g_norm=6.66e-05
  p=9 start 3: 5990 evals, 5327.7s elapsed, c̃=0.7753755655, g_norm=2.45e-05
  p=9 start 2: 6023 evals, 5357.2s elapsed, c̃=0.8193006717, g_norm=4.32e-05
  p=9 start 3: 6027 evals, 5358.1s elapsed, c̃=0.7753780809, g_norm=2.40e-05
  p=9 start 2: 6060 evals, 5387.7s elapsed, c̃=0.8193020126, g_norm=7.27e-05
  p=9 start 3: 6064 evals, 5388.5s elapsed, c̃=0.7753766528, g_norm=3.20e-05
  p=9 start 2: 6097 evals, 5418.1s elapsed, c̃=0.8192978227, g_norm=7.30e-05
  p=9 start 3: 6101 evals, 5419.1s elapsed, c̃=0.7753761786, g_norm=4.81e-05
  p=9 start 2: 6134 evals, 5448.2s elapsed, c̃=0.8193003296, g_norm=1.14e-04
  p=9 start 3: 6138 evals, 5449.5s elapsed, c̃=0.7753772899, g_norm=3.36e-05
  p=9 start 2: 6171 evals, 5478.8s elapsed, c̃=0.8193025008, g_norm=3.64e-04
  p=9 start 3: 6175 evals, 5480.0s elapsed, c̃=0.7753751601, g_norm=4.37e-05
  p=9 start 2: 6208 evals, 5509.4s elapsed, c̃=0.8193012290, g_norm=9.06e-05
  p=9 start 3: 6212 evals, 5510.7s elapsed, c̃=0.7753755391, g_norm=5.82e-05
  p=9 start 2: 6245 evals, 5539.8s elapsed, c̃=0.8193030844, g_norm=1.31e-04
  p=9 start 3: 6248 evals, 5540.7s elapsed, c̃=0.7753753993, g_norm=3.20e-05
  p=9 start 2: 6282 evals, 5569.9s elapsed, c̃=0.8193034470, g_norm=1.02e-04
  p=9 start 3: 6285 evals, 5570.7s elapsed, c̃=0.7753748168, g_norm=4.02e-05
  p=9 start 2: 6319 evals, 5600.7s elapsed, c̃=0.8193009664, g_norm=5.97e-05
  p=9 start 3: 6322 evals, 5601.1s elapsed, c̃=0.7753780412, g_norm=1.45e-05
  p=9 start 2: 6356 evals, 5631.4s elapsed, c̃=0.8193005106, g_norm=5.89e-05
  p=9 start 3: 6359 evals, 5631.8s elapsed, c̃=0.7753770069, g_norm=7.56e-05
  p=9 start 2: 6393 evals, 5662.0s elapsed, c̃=0.8193017264, g_norm=8.65e-05
  p=9 start 3: 6396 evals, 5662.5s elapsed, c̃=0.7753790078, g_norm=9.42e-05
  p=9 start 2: 6429 evals, 5692.2s elapsed, c̃=0.8193004266, g_norm=1.00e-04
  p=9 start 3: 6433 evals, 5692.7s elapsed, c̃=0.7753770983, g_norm=8.38e-05
  p=9 start 2: 6465 evals, 5722.6s elapsed, c̃=0.8193044699, g_norm=1.26e-04
  p=9 start 3: 6470 evals, 5723.3s elapsed, c̃=0.7753742424, g_norm=2.78e-05
  p=9 start 2: 6502 evals, 5753.0s elapsed, c̃=0.8193015912, g_norm=1.39e-04
  p=9 start 3: 6507 evals, 5753.6s elapsed, c̃=0.7753750478, g_norm=3.76e-05
  p=9 start 2: 6539 evals, 5783.5s elapsed, c̃=0.8192991627, g_norm=1.46e-04
  p=9 start 3: 6544 evals, 5784.1s elapsed, c̃=0.7753795962, g_norm=1.87e-05
  p=9 start 2: 6578 evals, 5813.8s elapsed, c̃=0.8193011077, g_norm=1.36e-04
  p=9 start 2: 6622 evals, 5844.3s elapsed, c̃=0.8192976734, g_norm=8.24e-05
  p=9 start 2: 6666 evals, 5874.8s elapsed, c̃=0.8193007041, g_norm=1.12e-04
  p=9 start 2: 6710 evals, 5905.1s elapsed, c̃=0.8193041382, g_norm=1.14e-04
  p=9 start 2: 6754 evals, 5935.1s elapsed, c̃=0.8192993730, g_norm=1.36e-04
  p=9 start 2: 6798 evals, 5965.7s elapsed, c̃=0.8192996605, g_norm=7.21e-05
  p=9 start 2: 6842 evals, 5995.8s elapsed, c̃=0.8193027614, g_norm=1.40e-04
  p=9 start 2: 6886 evals, 6026.2s elapsed, c̃=0.8193011973, g_norm=8.00e-05
  p=10 start 3: 9 evals, 31.4s elapsed, c̃=0.5000212200, g_norm=2.61e-04
  p=10 start 1: 9 evals, 31.7s elapsed, c̃=0.8158443508, g_norm=6.45e-01
  p=10 start 3: 17 evals, 61.9s elapsed, c̃=0.5000111064, g_norm=1.37e-04
  p=10 start 1: 17 evals, 62.1s elapsed, c̃=0.8535742113, g_norm=6.72e-02
  p=10 start 3: 25 evals, 92.0s elapsed, c̃=0.5004340289, g_norm=6.50e-03
  p=10 start 1: 26 evals, 95.9s elapsed, c̃=0.8553748282, g_norm=1.30e-02
  p=10 start 3: 33 evals, 122.1s elapsed, c̃=0.5125648637, g_norm=2.27e-01
  p=10 start 1: 34 evals, 125.9s elapsed, c̃=0.8556949663, g_norm=1.03e-02
  p=10 start 3: 41 evals, 152.3s elapsed, c̃=0.4476461604, g_norm=2.38e-01
  p=10 start 1: 42 evals, 156.3s elapsed, c̃=0.8556632969, g_norm=5.59e-03
  p=10 start 3: 49 evals, 182.7s elapsed, c̃=0.4950436228, g_norm=4.83e-02
  p=10 start 1: 50 evals, 186.7s elapsed, c̃=0.8557463061, g_norm=5.89e-03
  p=10 start 3: 57 evals, 212.8s elapsed, c̃=0.6793234780, g_norm=6.13e-01
  p=10 start 1: 59 evals, 220.0s elapsed, c̃=0.8557581587, g_norm=5.84e-03
  p=10 start 3: 66 evals, 246.4s elapsed, c̃=0.7411116398, g_norm=2.98e-01
  p=10 start 1: 67 evals, 250.1s elapsed, c̃=0.8557169863, g_norm=7.93e-03
  p=10 start 1: 75 evals, 280.2s elapsed, c̃=0.8557441295, g_norm=5.66e-03
  p=10 start 3: 75 evals, 280.4s elapsed, c̃=0.7601599812, g_norm=2.53e-01
  p=10 start 1: 83 evals, 310.3s elapsed, c̃=0.8556967472, g_norm=6.89e-03
  p=10 start 3: 84 evals, 314.0s elapsed, c̃=0.7795066951, g_norm=2.36e-02
  p=10 start 1: 91 evals, 340.5s elapsed, c̃=0.8557652395, g_norm=7.31e-03
  p=10 start 3: 92 evals, 344.1s elapsed, c̃=0.7807201170, g_norm=3.26e-02
  p=10 start 1: 99 evals, 370.5s elapsed, c̃=0.8557446387, g_norm=8.22e-03
  p=10 start 3: 100 evals, 374.1s elapsed, c̃=0.7770471289, g_norm=1.52e-01
  p=10 start 1: 108 evals, 404.2s elapsed, c̃=0.8557794324, g_norm=1.01e-02
  p=10 start 3: 109 evals, 407.9s elapsed, c̃=0.7820289090, g_norm=1.64e-01
  p=10 start 1: 116 evals, 434.5s elapsed, c̃=0.8557850741, g_norm=7.43e-03
  p=10 start 3: 117 evals, 438.2s elapsed, c̃=0.7892126986, g_norm=4.80e-02
  p=10 start 1: 125 evals, 468.1s elapsed, c̃=0.8557191372, g_norm=9.66e-03
  p=10 start 3: 125 evals, 468.2s elapsed, c̃=0.7963795545, g_norm=1.43e-01
  p=10 start 1: 133 evals, 498.3s elapsed, c̃=0.8557320111, g_norm=9.05e-03
  p=10 start 3: 133 evals, 498.5s elapsed, c̃=0.8028633748, g_norm=2.47e-02
  p=10 start 1: 141 evals, 528.4s elapsed, c̃=0.8557688620, g_norm=8.32e-03
  p=10 start 3: 142 evals, 532.2s elapsed, c̃=0.8021451521, g_norm=1.48e-01
  p=10 start 1: 149 evals, 558.6s elapsed, c̃=0.8557688620, g_norm=8.32e-03
  p=10 start 3: 150 evals, 562.4s elapsed, c̃=0.8068196011, g_norm=6.67e-02
  p=10 start 1: 157 evals, 588.8s elapsed, c̃=0.8557688620, g_norm=8.32e-03
  p=10 start 3: 158 evals, 592.8s elapsed, c̃=0.8087794746, g_norm=6.69e-02
  p=10 start 1: 165 evals, 619.2s elapsed, c̃=0.8557688620, g_norm=8.32e-03
  p=10 start 3: 166 evals, 623.2s elapsed, c̃=0.8110319892, g_norm=2.36e-02
  p=10 start 1: 173 evals, 649.6s elapsed, c̃=0.8557806604, g_norm=1.76e-02
  p=10 start 3: 175 evals, 657.2s elapsed, c̃=0.8117538621, g_norm=1.67e-02
  p=10 start 1: 181 evals, 679.7s elapsed, c̃=0.8557729764, g_norm=1.70e-02
  p=10 start 3: 183 evals, 687.4s elapsed, c̃=0.8126934558, g_norm=2.57e-02
  p=10 start 1: 189 evals, 709.9s elapsed, c̃=0.8557470557, g_norm=1.93e-02
  p=10 start 3: 192 evals, 721.1s elapsed, c̃=0.8115108320, g_norm=1.06e-01
  p=10 start 1: 197 evals, 740.1s elapsed, c̃=0.8557559207, g_norm=1.90e-02
  p=10 start 3: 200 evals, 751.4s elapsed, c̃=0.8134590655, g_norm=8.15e-03
  p=10 start 1: 206 evals, 773.9s elapsed, c̃=0.8557937987, g_norm=1.89e-02
  p=10 start 3: 208 evals, 781.5s elapsed, c̃=0.8135450373, g_norm=6.33e-03
  p=10 start 1: 215 evals, 807.6s elapsed, c̃=0.8557902862, g_norm=1.91e-02
  p=10 start 3: 216 evals, 811.6s elapsed, c̃=0.8135405435, g_norm=6.49e-03
  p=10 start 1: 223 evals, 837.7s elapsed, c̃=0.8557678285, g_norm=3.61e-03
  p=10 start 3: 225 evals, 845.2s elapsed, c̃=0.8134976989, g_norm=6.46e-03
